ARM GAS  /tmp/ccJgP45c.s 			page 1


   1              		.syntax unified
   2              		.cpu cortex-m4
   3              		.eabi_attribute 27, 1
   4              		.eabi_attribute 28, 1
   5              		.fpu fpv4-sp-d16
   6              		.eabi_attribute 20, 1
   7              		.eabi_attribute 21, 1
   8              		.eabi_attribute 23, 3
   9              		.eabi_attribute 24, 1
  10              		.eabi_attribute 25, 1
  11              		.eabi_attribute 26, 1
  12              		.eabi_attribute 30, 2
  13              		.eabi_attribute 34, 1
  14              		.eabi_attribute 18, 4
  15              		.thumb
  16              		.file	"arm_shift_q15.c"
  17              		.text
  18              	.Ltext0:
  19              		.cfi_sections	.debug_frame
  20              		.align	2
  21              		.p2align 4,,15
  22              		.global	arm_shift_q15
  23              		.thumb
  24              		.thumb_func
  25              		.type	arm_shift_q15, %function
  26              	arm_shift_q15:
  27              	.LFB135:
  28              		.file 1 "/home/sbcu/Dropbox/pcb-layouts/axo-on-discovery-board/axoloti/platform_linux/../CMSIS//DS
  29              		.loc 1 71 0
  30              		.cfi_startproc
  31              		@ args = 0, pretend = 0, frame = 0
  32              		@ frame_needed = 0, uses_anonymous_args = 0
  33              	.LVL0:
  34              		.loc 1 89 0
  35 0000 0029     		cmp	r1, #0
  36              	.LVL1:
  37              		.loc 1 71 0
  38 0002 2DE9F047 		push	{r4, r5, r6, r7, r8, r9, r10, lr}
  39              		.cfi_def_cfa_offset 32
  40              		.cfi_offset 4, -32
  41              		.cfi_offset 5, -28
  42              		.cfi_offset 6, -24
  43              		.cfi_offset 7, -20
  44              		.cfi_offset 8, -16
  45              		.cfi_offset 9, -12
  46              		.cfi_offset 10, -8
  47              		.cfi_offset 14, -4
  48              		.loc 1 83 0
  49 0006 4FEA9308 		lsr	r8, r3, #2
  50              	.LVL2:
  51              		.loc 1 89 0
  52 000a 3DDA     		bge	.L2
  53              		.loc 1 149 0
  54 000c B8F1000F 		cmp	r8, #0
  55 0010 2BD0     		beq	.L4
  56 0012 C1F10009 		rsb	r9, r1, #0
  57 0016 00F1080E 		add	lr, r0, #8
ARM GAS  /tmp/ccJgP45c.s 			page 2


  58 001a 02F1080C 		add	ip, r2, #8
  59 001e C246     		mov	r10, r8
  60              	.LVL3:
  61              	.L10:
  62              		.loc 1 159 0
  63 0020 3EF9087C 		ldrsh	r7, [lr, #-8]
  64              		.loc 1 174 0
  65 0024 3EF9045C 		ldrsh	r5, [lr, #-4]
  66              		.loc 1 159 0
  67 0028 3EF9066C 		ldrsh	r6, [lr, #-6]
  68              		.loc 1 174 0
  69 002c 3EF9024C 		ldrsh	r4, [lr, #-2]
  70              		.loc 1 159 0
  71 0030 47FA09F7 		asr	r7, r7, r9
  72              		.loc 1 174 0
  73 0034 45FA09F5 		asr	r5, r5, r9
  74              		.loc 1 159 0
  75 0038 BFB2     		uxth	r7, r7
  76 003a 46FA09F6 		asr	r6, r6, r9
  77              		.loc 1 174 0
  78 003e ADB2     		uxth	r5, r5
  79 0040 44FA09F4 		asr	r4, r4, r9
  80              		.loc 1 159 0
  81 0044 47EA0646 		orr	r6, r7, r6, lsl #16
  82              		.loc 1 174 0
  83 0048 45EA0444 		orr	r4, r5, r4, lsl #16
  84              		.loc 1 149 0
  85 004c BAF1010A 		subs	r10, r10, #1
  86              	.LVL4:
  87              		.loc 1 159 0
  88 0050 4CF8086C 		str	r6, [ip, #-8]
  89              	.LVL5:
  90              		.loc 1 174 0
  91 0054 4CF8044C 		str	r4, [ip, #-4]
  92              	.LVL6:
  93 0058 0EF1080E 		add	lr, lr, #8
  94              	.LVL7:
  95 005c 0CF1080C 		add	ip, ip, #8
  96              		.loc 1 149 0
  97 0060 DED1     		bne	.L10
  98 0062 4FEAC808 		lsl	r8, r8, #3
  99 0066 4044     		add	r0, r0, r8
 100 0068 4244     		add	r2, r2, r8
 101              	.LVL8:
 102              	.L4:
 103              		.loc 1 192 0
 104 006a 13F00303 		ands	r3, r3, #3
 105              	.LVL9:
 106 006e 09D0     		beq	.L1
 107 0070 4942     		negs	r1, r1
 108 0072 023A     		subs	r2, r2, #2
 109              	.LVL10:
 110              	.L11:
 111              		.loc 1 196 0
 112 0074 30F9024B 		ldrsh	r4, [r0], #2
 113              	.LVL11:
 114              		.loc 1 192 0
ARM GAS  /tmp/ccJgP45c.s 			page 3


 115 0078 013B     		subs	r3, r3, #1
 116              	.LVL12:
 117              		.loc 1 196 0
 118 007a 44FA01F4 		asr	r4, r4, r1
 119 007e 22F8024F 		strh	r4, [r2, #2]!	@ movhi
 120              		.loc 1 192 0
 121 0082 F7D1     		bne	.L11
 122              	.L1:
 123 0084 BDE8F087 		pop	{r4, r5, r6, r7, r8, r9, r10, pc}
 124              	.LVL13:
 125              	.L2:
 126              		.loc 1 93 0
 127 0088 B8F1000F 		cmp	r8, #0
 128 008c 2ED0     		beq	.L5
 129 008e 00F10806 		add	r6, r0, #8
 130 0092 02F1080C 		add	ip, r2, #8
 131 0096 C146     		mov	r9, r8
 132              	.LVL14:
 133              	.L6:
 134              	.LBB2:
 135              		.loc 1 102 0
 136 0098 36F9085C 		ldrsh	r5, [r6, #-8]
 137              	.LBE2:
 138              	.LBB3:
 139              		.loc 1 117 0
 140 009c 36F9044C 		ldrsh	r4, [r6, #-4]
 141              	.LBE3:
 142              	.LBB4:
 143              		.loc 1 102 0
 144 00a0 36F906EC 		ldrsh	lr, [r6, #-6]
 145              	.LBE4:
 146              	.LBB5:
 147              		.loc 1 117 0
 148 00a4 36F9027C 		ldrsh	r7, [r6, #-2]
 149              	.LBE5:
 150              	.LBB6:
 151              		.loc 1 102 0
 152 00a8 8D40     		lsls	r5, r5, r1
 153              	.LVL15:
 154              	.LBE6:
 155              	.LBB7:
 156              		.loc 1 117 0
 157 00aa 8C40     		lsls	r4, r4, r1
 158              	.LBE7:
 159              	.LBB8:
 160              		.loc 1 102 0
 161              	@ 102 "/home/sbcu/Dropbox/pcb-layouts/axo-on-discovery-board/axoloti/platform_linux/../CMSIS//DSP_L
 162 00ac 05F30F05 		ssat r5, #16, r5
 163              	@ 0 "" 2
 164              	.LVL16:
 165              		.thumb
 166              	.LBE8:
 167              	.LBB9:
 168              		.loc 1 117 0
 169              	@ 117 "/home/sbcu/Dropbox/pcb-layouts/axo-on-discovery-board/axoloti/platform_linux/../CMSIS//DSP_L
 170 00b0 04F30F04 		ssat r4, #16, r4
 171              	@ 0 "" 2
ARM GAS  /tmp/ccJgP45c.s 			page 4


 172              		.thumb
 173              	.LBE9:
 174              		.loc 1 102 0
 175 00b4 ADB2     		uxth	r5, r5
 176              	.LVL17:
 177              		.loc 1 117 0
 178 00b6 A4B2     		uxth	r4, r4
 179              	.LBB10:
 180              		.loc 1 102 0
 181 00b8 0EFA01FE 		lsl	lr, lr, r1
 182              	.LVL18:
 183              	.LBE10:
 184              	.LBB11:
 185              		.loc 1 117 0
 186 00bc 8F40     		lsls	r7, r7, r1
 187              	.LBE11:
 188              	.LBB12:
 189              		.loc 1 102 0
 190              	@ 102 "/home/sbcu/Dropbox/pcb-layouts/axo-on-discovery-board/axoloti/platform_linux/../CMSIS//DSP_L
 191 00be 0EF30F0E 		ssat lr, #16, lr
 192              	@ 0 "" 2
 193              	.LVL19:
 194              		.thumb
 195              	.LBE12:
 196              	.LBB13:
 197              		.loc 1 117 0
 198              	@ 117 "/home/sbcu/Dropbox/pcb-layouts/axo-on-discovery-board/axoloti/platform_linux/../CMSIS//DSP_L
 199 00c2 07F30F07 		ssat r7, #16, r7
 200              	@ 0 "" 2
 201              		.thumb
 202              	.LBE13:
 203              		.loc 1 102 0
 204 00c6 45EA0E45 		orr	r5, r5, lr, lsl #16
 205              		.loc 1 117 0
 206 00ca 44EA0744 		orr	r4, r4, r7, lsl #16
 207              		.loc 1 93 0
 208 00ce B9F10109 		subs	r9, r9, #1
 209              	.LVL20:
 210              		.loc 1 102 0
 211 00d2 4CF8085C 		str	r5, [ip, #-8]
 212              	.LVL21:
 213              		.loc 1 117 0
 214 00d6 4CF8044C 		str	r4, [ip, #-4]
 215              	.LVL22:
 216 00da 06F10806 		add	r6, r6, #8
 217              	.LVL23:
 218 00de 0CF1080C 		add	ip, ip, #8
 219              		.loc 1 93 0
 220 00e2 D9D1     		bne	.L6
 221 00e4 4FEAC808 		lsl	r8, r8, #3
 222 00e8 4044     		add	r0, r0, r8
 223 00ea 4244     		add	r2, r2, r8
 224              	.LVL24:
 225              	.L5:
 226              		.loc 1 135 0
 227 00ec 13F00303 		ands	r3, r3, #3
 228              	.LVL25:
ARM GAS  /tmp/ccJgP45c.s 			page 5


 229 00f0 C8D0     		beq	.L1
 230 00f2 023A     		subs	r2, r2, #2
 231              	.LVL26:
 232              	.L8:
 233              	.LBB14:
 234              		.loc 1 139 0
 235 00f4 30F9024B 		ldrsh	r4, [r0], #2
 236              	.LVL27:
 237              	.LBE14:
 238              		.loc 1 135 0
 239 00f8 013B     		subs	r3, r3, #1
 240              	.LVL28:
 241              	.LBB15:
 242              		.loc 1 139 0
 243 00fa 04FA01F4 		lsl	r4, r4, r1
 244              	@ 139 "/home/sbcu/Dropbox/pcb-layouts/axo-on-discovery-board/axoloti/platform_linux/../CMSIS//DSP_L
 245 00fe 04F30F04 		ssat r4, #16, r4
 246              	@ 0 "" 2
 247              	.LVL29:
 248              		.thumb
 249              	.LBE15:
 250 0102 22F8024F 		strh	r4, [r2, #2]!	@ movhi
 251              	.LVL30:
 252              		.loc 1 135 0
 253 0106 F5D1     		bne	.L8
 254 0108 BDE8F087 		pop	{r4, r5, r6, r7, r8, r9, r10, pc}
 255              		.cfi_endproc
 256              	.LFE135:
 257              		.size	arm_shift_q15, .-arm_shift_q15
 258              	.Letext0:
 259              		.file 2 "/home/sbcu/Dropbox/pcb-layouts/axo-on-discovery-board/axoloti/platform_linux/arm-none-eab
 260              		.file 3 "/home/sbcu/Dropbox/pcb-layouts/axo-on-discovery-board/axoloti/platform_linux/arm-none-eab
 261              		.file 4 "/home/sbcu/Dropbox/pcb-layouts/axo-on-discovery-board/axoloti/platform_linux/../CMSIS//DS
 262              		.section	.debug_info,"",%progbits
 263              	.Ldebug_info0:
 264 0000 4B020000 		.4byte	0x24b
 265 0004 0400     		.2byte	0x4
 266 0006 00000000 		.4byte	.Ldebug_abbrev0
 267 000a 04       		.byte	0x4
 268 000b 01       		.uleb128 0x1
 269 000c 0A000000 		.4byte	.LASF33
 270 0010 01       		.byte	0x1
 271 0011 2A010000 		.4byte	.LASF34
 272 0015 00000000 		.4byte	.Ltext0
 273 0019 0C010000 		.4byte	.Letext0-.Ltext0
 274 001d 00000000 		.4byte	.Ldebug_line0
 275 0021 02       		.uleb128 0x2
 276 0022 03010000 		.4byte	.LASF0
 277 0026 02       		.byte	0x2
 278 0027 1B       		.byte	0x1b
 279 0028 2C000000 		.4byte	0x2c
 280 002c 03       		.uleb128 0x3
 281 002d 01       		.byte	0x1
 282 002e 06       		.byte	0x6
 283 002f C1020000 		.4byte	.LASF2
 284 0033 02       		.uleb128 0x2
 285 0034 0C010000 		.4byte	.LASF1
ARM GAS  /tmp/ccJgP45c.s 			page 6


 286 0038 02       		.byte	0x2
 287 0039 1D       		.byte	0x1d
 288 003a 3E000000 		.4byte	0x3e
 289 003e 03       		.uleb128 0x3
 290 003f 01       		.byte	0x1
 291 0040 08       		.byte	0x8
 292 0041 CE010000 		.4byte	.LASF3
 293 0045 02       		.uleb128 0x2
 294 0046 16010000 		.4byte	.LASF4
 295 004a 02       		.byte	0x2
 296 004b 29       		.byte	0x29
 297 004c 50000000 		.4byte	0x50
 298 0050 03       		.uleb128 0x3
 299 0051 02       		.byte	0x2
 300 0052 05       		.byte	0x5
 301 0053 94020000 		.4byte	.LASF5
 302 0057 03       		.uleb128 0x3
 303 0058 02       		.byte	0x2
 304 0059 07       		.byte	0x7
 305 005a 03020000 		.4byte	.LASF6
 306 005e 02       		.uleb128 0x2
 307 005f 20010000 		.4byte	.LASF7
 308 0063 02       		.byte	0x2
 309 0064 3F       		.byte	0x3f
 310 0065 69000000 		.4byte	0x69
 311 0069 03       		.uleb128 0x3
 312 006a 04       		.byte	0x4
 313 006b 05       		.byte	0x5
 314 006c A7020000 		.4byte	.LASF8
 315 0070 02       		.uleb128 0x2
 316 0071 29020000 		.4byte	.LASF9
 317 0075 02       		.byte	0x2
 318 0076 41       		.byte	0x41
 319 0077 7B000000 		.4byte	0x7b
 320 007b 03       		.uleb128 0x3
 321 007c 04       		.byte	0x4
 322 007d 07       		.byte	0x7
 323 007e F1010000 		.4byte	.LASF10
 324 0082 03       		.uleb128 0x3
 325 0083 08       		.byte	0x8
 326 0084 05       		.byte	0x5
 327 0085 77020000 		.4byte	.LASF11
 328 0089 03       		.uleb128 0x3
 329 008a 08       		.byte	0x8
 330 008b 07       		.byte	0x7
 331 008c 41020000 		.4byte	.LASF12
 332 0090 04       		.uleb128 0x4
 333 0091 04       		.byte	0x4
 334 0092 05       		.byte	0x5
 335 0093 696E7400 		.ascii	"int\000"
 336 0097 03       		.uleb128 0x3
 337 0098 04       		.byte	0x4
 338 0099 07       		.byte	0x7
 339 009a 34020000 		.4byte	.LASF13
 340 009e 02       		.uleb128 0x2
 341 009f B3010000 		.4byte	.LASF14
 342 00a3 03       		.byte	0x3
ARM GAS  /tmp/ccJgP45c.s 			page 7


 343 00a4 13       		.byte	0x13
 344 00a5 21000000 		.4byte	0x21
 345 00a9 02       		.uleb128 0x2
 346 00aa 58020000 		.4byte	.LASF15
 347 00ae 03       		.byte	0x3
 348 00af 14       		.byte	0x14
 349 00b0 33000000 		.4byte	0x33
 350 00b4 02       		.uleb128 0x2
 351 00b5 60020000 		.4byte	.LASF16
 352 00b9 03       		.byte	0x3
 353 00ba 19       		.byte	0x19
 354 00bb 45000000 		.4byte	0x45
 355 00bf 02       		.uleb128 0x2
 356 00c0 BA010000 		.4byte	.LASF17
 357 00c4 03       		.byte	0x3
 358 00c5 1F       		.byte	0x1f
 359 00c6 5E000000 		.4byte	0x5e
 360 00ca 02       		.uleb128 0x2
 361 00cb 9E020000 		.4byte	.LASF18
 362 00cf 03       		.byte	0x3
 363 00d0 20       		.byte	0x20
 364 00d1 70000000 		.4byte	0x70
 365 00d5 03       		.uleb128 0x3
 366 00d6 04       		.byte	0x4
 367 00d7 07       		.byte	0x7
 368 00d8 6E020000 		.4byte	.LASF19
 369 00dc 03       		.uleb128 0x3
 370 00dd 01       		.byte	0x1
 371 00de 08       		.byte	0x8
 372 00df 8F020000 		.4byte	.LASF20
 373 00e3 03       		.uleb128 0x3
 374 00e4 08       		.byte	0x8
 375 00e5 04       		.byte	0x4
 376 00e6 22020000 		.4byte	.LASF21
 377 00ea 03       		.uleb128 0x3
 378 00eb 04       		.byte	0x4
 379 00ec 04       		.byte	0x4
 380 00ed C8010000 		.4byte	.LASF22
 381 00f1 03       		.uleb128 0x3
 382 00f2 08       		.byte	0x8
 383 00f3 04       		.byte	0x4
 384 00f4 B5020000 		.4byte	.LASF23
 385 00f8 05       		.uleb128 0x5
 386 00f9 C2010000 		.4byte	.LASF24
 387 00fd 04       		.byte	0x4
 388 00fe 9B01     		.2byte	0x19b
 389 0100 B4000000 		.4byte	0xb4
 390 0104 06       		.uleb128 0x6
 391 0105 04       		.byte	0x4
 392 0106 F8000000 		.4byte	0xf8
 393 010a 07       		.uleb128 0x7
 394 010b DC010000 		.4byte	.LASF35
 395 010f 01       		.byte	0x1
 396 0110 42       		.byte	0x42
 397 0111 00000000 		.4byte	.LFB135
 398 0115 0C010000 		.4byte	.LFE135-.LFB135
 399 0119 01       		.uleb128 0x1
ARM GAS  /tmp/ccJgP45c.s 			page 8


 400 011a 9C       		.byte	0x9c
 401 011b 08       		.uleb128 0x8
 402 011c CD020000 		.4byte	.LASF25
 403 0120 01       		.byte	0x1
 404 0121 43       		.byte	0x43
 405 0122 04010000 		.4byte	0x104
 406 0126 00000000 		.4byte	.LLST0
 407 012a 08       		.uleb128 0x8
 408 012b 00000000 		.4byte	.LASF26
 409 012f 01       		.byte	0x1
 410 0130 44       		.byte	0x44
 411 0131 9E000000 		.4byte	0x9e
 412 0135 8B000000 		.4byte	.LLST1
 413 0139 08       		.uleb128 0x8
 414 013a 1D020000 		.4byte	.LASF27
 415 013e 01       		.byte	0x1
 416 013f 45       		.byte	0x45
 417 0140 04010000 		.4byte	0x104
 418 0144 AC000000 		.4byte	.LLST2
 419 0148 08       		.uleb128 0x8
 420 0149 85020000 		.4byte	.LASF28
 421 014d 01       		.byte	0x1
 422 014e 46       		.byte	0x46
 423 014f CA000000 		.4byte	0xca
 424 0153 E0000000 		.4byte	.LLST3
 425 0157 09       		.uleb128 0x9
 426 0158 EA010000 		.4byte	.LASF29
 427 015c 01       		.byte	0x1
 428 015d 48       		.byte	0x48
 429 015e CA000000 		.4byte	0xca
 430 0162 1A010000 		.4byte	.LLST4
 431 0166 0A       		.uleb128 0xa
 432 0167 B0020000 		.4byte	.LASF32
 433 016b 01       		.byte	0x1
 434 016c 49       		.byte	0x49
 435 016d A9000000 		.4byte	0xa9
 436 0171 0B       		.uleb128 0xb
 437 0172 696E3100 		.ascii	"in1\000"
 438 0176 01       		.byte	0x1
 439 0177 4F       		.byte	0x4f
 440 0178 F8000000 		.4byte	0xf8
 441 017c C1010000 		.4byte	.LLST5
 442 0180 0B       		.uleb128 0xb
 443 0181 696E3200 		.ascii	"in2\000"
 444 0185 01       		.byte	0x1
 445 0186 4F       		.byte	0x4f
 446 0187 F8000000 		.4byte	0xf8
 447 018b F9010000 		.4byte	.LLST6
 448 018f 0C       		.uleb128 0xc
 449 0190 00000000 		.4byte	.Ldebug_ranges0+0
 450 0194 B7010000 		.4byte	0x1b7
 451 0198 09       		.uleb128 0x9
 452 0199 68020000 		.4byte	.LASF30
 453 019d 01       		.byte	0x1
 454 019e 66       		.byte	0x66
 455 019f BF000000 		.4byte	0xbf
 456 01a3 31020000 		.4byte	.LLST7
ARM GAS  /tmp/ccJgP45c.s 			page 9


 457 01a7 09       		.uleb128 0x9
 458 01a8 16020000 		.4byte	.LASF31
 459 01ac 01       		.byte	0x1
 460 01ad 66       		.byte	0x66
 461 01ae BF000000 		.4byte	0xbf
 462 01b2 44020000 		.4byte	.LLST8
 463 01b6 00       		.byte	0
 464 01b7 0C       		.uleb128 0xc
 465 01b8 20000000 		.4byte	.Ldebug_ranges0+0x20
 466 01bc DB010000 		.4byte	0x1db
 467 01c0 0A       		.uleb128 0xa
 468 01c1 68020000 		.4byte	.LASF30
 469 01c5 01       		.byte	0x1
 470 01c6 75       		.byte	0x75
 471 01c7 BF000000 		.4byte	0xbf
 472 01cb 09       		.uleb128 0x9
 473 01cc 16020000 		.4byte	.LASF31
 474 01d0 01       		.byte	0x1
 475 01d1 75       		.byte	0x75
 476 01d2 BF000000 		.4byte	0xbf
 477 01d6 83020000 		.4byte	.LLST9
 478 01da 00       		.byte	0
 479 01db 0C       		.uleb128 0xc
 480 01dc 40000000 		.4byte	.Ldebug_ranges0+0x40
 481 01e0 03020000 		.4byte	0x203
 482 01e4 09       		.uleb128 0x9
 483 01e5 68020000 		.4byte	.LASF30
 484 01e9 01       		.byte	0x1
 485 01ea 66       		.byte	0x66
 486 01eb BF000000 		.4byte	0xbf
 487 01ef A1020000 		.4byte	.LLST10
 488 01f3 09       		.uleb128 0x9
 489 01f4 16020000 		.4byte	.LASF31
 490 01f8 01       		.byte	0x1
 491 01f9 66       		.byte	0x66
 492 01fa BF000000 		.4byte	0xbf
 493 01fe B4020000 		.4byte	.LLST11
 494 0202 00       		.byte	0
 495 0203 0C       		.uleb128 0xc
 496 0204 60000000 		.4byte	.Ldebug_ranges0+0x60
 497 0208 2B020000 		.4byte	0x22b
 498 020c 09       		.uleb128 0x9
 499 020d 68020000 		.4byte	.LASF30
 500 0211 01       		.byte	0x1
 501 0212 75       		.byte	0x75
 502 0213 BF000000 		.4byte	0xbf
 503 0217 F3020000 		.4byte	.LLST12
 504 021b 09       		.uleb128 0x9
 505 021c 16020000 		.4byte	.LASF31
 506 0220 01       		.byte	0x1
 507 0221 75       		.byte	0x75
 508 0222 BF000000 		.4byte	0xbf
 509 0226 06030000 		.4byte	.LLST13
 510 022a 00       		.byte	0
 511 022b 0D       		.uleb128 0xd
 512 022c 80000000 		.4byte	.Ldebug_ranges0+0x80
 513 0230 0E       		.uleb128 0xe
ARM GAS  /tmp/ccJgP45c.s 			page 10


 514 0231 68020000 		.4byte	.LASF30
 515 0235 01       		.byte	0x1
 516 0236 8B       		.byte	0x8b
 517 0237 BF000000 		.4byte	0xbf
 518 023b 01       		.uleb128 0x1
 519 023c 54       		.byte	0x54
 520 023d 09       		.uleb128 0x9
 521 023e 16020000 		.4byte	.LASF31
 522 0242 01       		.byte	0x1
 523 0243 8B       		.byte	0x8b
 524 0244 BF000000 		.4byte	0xbf
 525 0248 24030000 		.4byte	.LLST14
 526 024c 00       		.byte	0
 527 024d 00       		.byte	0
 528 024e 00       		.byte	0
 529              		.section	.debug_abbrev,"",%progbits
 530              	.Ldebug_abbrev0:
 531 0000 01       		.uleb128 0x1
 532 0001 11       		.uleb128 0x11
 533 0002 01       		.byte	0x1
 534 0003 25       		.uleb128 0x25
 535 0004 0E       		.uleb128 0xe
 536 0005 13       		.uleb128 0x13
 537 0006 0B       		.uleb128 0xb
 538 0007 03       		.uleb128 0x3
 539 0008 0E       		.uleb128 0xe
 540 0009 11       		.uleb128 0x11
 541 000a 01       		.uleb128 0x1
 542 000b 12       		.uleb128 0x12
 543 000c 06       		.uleb128 0x6
 544 000d 10       		.uleb128 0x10
 545 000e 17       		.uleb128 0x17
 546 000f 00       		.byte	0
 547 0010 00       		.byte	0
 548 0011 02       		.uleb128 0x2
 549 0012 16       		.uleb128 0x16
 550 0013 00       		.byte	0
 551 0014 03       		.uleb128 0x3
 552 0015 0E       		.uleb128 0xe
 553 0016 3A       		.uleb128 0x3a
 554 0017 0B       		.uleb128 0xb
 555 0018 3B       		.uleb128 0x3b
 556 0019 0B       		.uleb128 0xb
 557 001a 49       		.uleb128 0x49
 558 001b 13       		.uleb128 0x13
 559 001c 00       		.byte	0
 560 001d 00       		.byte	0
 561 001e 03       		.uleb128 0x3
 562 001f 24       		.uleb128 0x24
 563 0020 00       		.byte	0
 564 0021 0B       		.uleb128 0xb
 565 0022 0B       		.uleb128 0xb
 566 0023 3E       		.uleb128 0x3e
 567 0024 0B       		.uleb128 0xb
 568 0025 03       		.uleb128 0x3
 569 0026 0E       		.uleb128 0xe
 570 0027 00       		.byte	0
ARM GAS  /tmp/ccJgP45c.s 			page 11


 571 0028 00       		.byte	0
 572 0029 04       		.uleb128 0x4
 573 002a 24       		.uleb128 0x24
 574 002b 00       		.byte	0
 575 002c 0B       		.uleb128 0xb
 576 002d 0B       		.uleb128 0xb
 577 002e 3E       		.uleb128 0x3e
 578 002f 0B       		.uleb128 0xb
 579 0030 03       		.uleb128 0x3
 580 0031 08       		.uleb128 0x8
 581 0032 00       		.byte	0
 582 0033 00       		.byte	0
 583 0034 05       		.uleb128 0x5
 584 0035 16       		.uleb128 0x16
 585 0036 00       		.byte	0
 586 0037 03       		.uleb128 0x3
 587 0038 0E       		.uleb128 0xe
 588 0039 3A       		.uleb128 0x3a
 589 003a 0B       		.uleb128 0xb
 590 003b 3B       		.uleb128 0x3b
 591 003c 05       		.uleb128 0x5
 592 003d 49       		.uleb128 0x49
 593 003e 13       		.uleb128 0x13
 594 003f 00       		.byte	0
 595 0040 00       		.byte	0
 596 0041 06       		.uleb128 0x6
 597 0042 0F       		.uleb128 0xf
 598 0043 00       		.byte	0
 599 0044 0B       		.uleb128 0xb
 600 0045 0B       		.uleb128 0xb
 601 0046 49       		.uleb128 0x49
 602 0047 13       		.uleb128 0x13
 603 0048 00       		.byte	0
 604 0049 00       		.byte	0
 605 004a 07       		.uleb128 0x7
 606 004b 2E       		.uleb128 0x2e
 607 004c 01       		.byte	0x1
 608 004d 3F       		.uleb128 0x3f
 609 004e 19       		.uleb128 0x19
 610 004f 03       		.uleb128 0x3
 611 0050 0E       		.uleb128 0xe
 612 0051 3A       		.uleb128 0x3a
 613 0052 0B       		.uleb128 0xb
 614 0053 3B       		.uleb128 0x3b
 615 0054 0B       		.uleb128 0xb
 616 0055 27       		.uleb128 0x27
 617 0056 19       		.uleb128 0x19
 618 0057 11       		.uleb128 0x11
 619 0058 01       		.uleb128 0x1
 620 0059 12       		.uleb128 0x12
 621 005a 06       		.uleb128 0x6
 622 005b 40       		.uleb128 0x40
 623 005c 18       		.uleb128 0x18
 624 005d 9742     		.uleb128 0x2117
 625 005f 19       		.uleb128 0x19
 626 0060 00       		.byte	0
 627 0061 00       		.byte	0
ARM GAS  /tmp/ccJgP45c.s 			page 12


 628 0062 08       		.uleb128 0x8
 629 0063 05       		.uleb128 0x5
 630 0064 00       		.byte	0
 631 0065 03       		.uleb128 0x3
 632 0066 0E       		.uleb128 0xe
 633 0067 3A       		.uleb128 0x3a
 634 0068 0B       		.uleb128 0xb
 635 0069 3B       		.uleb128 0x3b
 636 006a 0B       		.uleb128 0xb
 637 006b 49       		.uleb128 0x49
 638 006c 13       		.uleb128 0x13
 639 006d 02       		.uleb128 0x2
 640 006e 17       		.uleb128 0x17
 641 006f 00       		.byte	0
 642 0070 00       		.byte	0
 643 0071 09       		.uleb128 0x9
 644 0072 34       		.uleb128 0x34
 645 0073 00       		.byte	0
 646 0074 03       		.uleb128 0x3
 647 0075 0E       		.uleb128 0xe
 648 0076 3A       		.uleb128 0x3a
 649 0077 0B       		.uleb128 0xb
 650 0078 3B       		.uleb128 0x3b
 651 0079 0B       		.uleb128 0xb
 652 007a 49       		.uleb128 0x49
 653 007b 13       		.uleb128 0x13
 654 007c 02       		.uleb128 0x2
 655 007d 17       		.uleb128 0x17
 656 007e 00       		.byte	0
 657 007f 00       		.byte	0
 658 0080 0A       		.uleb128 0xa
 659 0081 34       		.uleb128 0x34
 660 0082 00       		.byte	0
 661 0083 03       		.uleb128 0x3
 662 0084 0E       		.uleb128 0xe
 663 0085 3A       		.uleb128 0x3a
 664 0086 0B       		.uleb128 0xb
 665 0087 3B       		.uleb128 0x3b
 666 0088 0B       		.uleb128 0xb
 667 0089 49       		.uleb128 0x49
 668 008a 13       		.uleb128 0x13
 669 008b 00       		.byte	0
 670 008c 00       		.byte	0
 671 008d 0B       		.uleb128 0xb
 672 008e 34       		.uleb128 0x34
 673 008f 00       		.byte	0
 674 0090 03       		.uleb128 0x3
 675 0091 08       		.uleb128 0x8
 676 0092 3A       		.uleb128 0x3a
 677 0093 0B       		.uleb128 0xb
 678 0094 3B       		.uleb128 0x3b
 679 0095 0B       		.uleb128 0xb
 680 0096 49       		.uleb128 0x49
 681 0097 13       		.uleb128 0x13
 682 0098 02       		.uleb128 0x2
 683 0099 17       		.uleb128 0x17
 684 009a 00       		.byte	0
ARM GAS  /tmp/ccJgP45c.s 			page 13


 685 009b 00       		.byte	0
 686 009c 0C       		.uleb128 0xc
 687 009d 0B       		.uleb128 0xb
 688 009e 01       		.byte	0x1
 689 009f 55       		.uleb128 0x55
 690 00a0 17       		.uleb128 0x17
 691 00a1 01       		.uleb128 0x1
 692 00a2 13       		.uleb128 0x13
 693 00a3 00       		.byte	0
 694 00a4 00       		.byte	0
 695 00a5 0D       		.uleb128 0xd
 696 00a6 0B       		.uleb128 0xb
 697 00a7 01       		.byte	0x1
 698 00a8 55       		.uleb128 0x55
 699 00a9 17       		.uleb128 0x17
 700 00aa 00       		.byte	0
 701 00ab 00       		.byte	0
 702 00ac 0E       		.uleb128 0xe
 703 00ad 34       		.uleb128 0x34
 704 00ae 00       		.byte	0
 705 00af 03       		.uleb128 0x3
 706 00b0 0E       		.uleb128 0xe
 707 00b1 3A       		.uleb128 0x3a
 708 00b2 0B       		.uleb128 0xb
 709 00b3 3B       		.uleb128 0x3b
 710 00b4 0B       		.uleb128 0xb
 711 00b5 49       		.uleb128 0x49
 712 00b6 13       		.uleb128 0x13
 713 00b7 02       		.uleb128 0x2
 714 00b8 18       		.uleb128 0x18
 715 00b9 00       		.byte	0
 716 00ba 00       		.byte	0
 717 00bb 00       		.byte	0
 718              		.section	.debug_loc,"",%progbits
 719              	.Ldebug_loc0:
 720              	.LLST0:
 721 0000 00000000 		.4byte	.LVL0-.Ltext0
 722 0004 20000000 		.4byte	.LVL3-.Ltext0
 723 0008 0100     		.2byte	0x1
 724 000a 50       		.byte	0x50
 725 000b 20000000 		.4byte	.LVL3-.Ltext0
 726 000f 54000000 		.4byte	.LVL5-.Ltext0
 727 0013 0300     		.2byte	0x3
 728 0015 7E       		.byte	0x7e
 729 0016 7C       		.sleb128 -4
 730 0017 9F       		.byte	0x9f
 731 0018 54000000 		.4byte	.LVL5-.Ltext0
 732 001c 5C000000 		.4byte	.LVL7-.Ltext0
 733 0020 0100     		.2byte	0x1
 734 0022 5E       		.byte	0x5e
 735 0023 5C000000 		.4byte	.LVL7-.Ltext0
 736 0027 6A000000 		.4byte	.LVL8-.Ltext0
 737 002b 0300     		.2byte	0x3
 738 002d 7E       		.byte	0x7e
 739 002e 78       		.sleb128 -8
 740 002f 9F       		.byte	0x9f
 741 0030 6A000000 		.4byte	.LVL8-.Ltext0
ARM GAS  /tmp/ccJgP45c.s 			page 14


 742 0034 98000000 		.4byte	.LVL14-.Ltext0
 743 0038 0100     		.2byte	0x1
 744 003a 50       		.byte	0x50
 745 003b 98000000 		.4byte	.LVL14-.Ltext0
 746 003f D6000000 		.4byte	.LVL21-.Ltext0
 747 0043 0300     		.2byte	0x3
 748 0045 76       		.byte	0x76
 749 0046 7C       		.sleb128 -4
 750 0047 9F       		.byte	0x9f
 751 0048 D6000000 		.4byte	.LVL21-.Ltext0
 752 004c DE000000 		.4byte	.LVL23-.Ltext0
 753 0050 0100     		.2byte	0x1
 754 0052 56       		.byte	0x56
 755 0053 DE000000 		.4byte	.LVL23-.Ltext0
 756 0057 EC000000 		.4byte	.LVL24-.Ltext0
 757 005b 0300     		.2byte	0x3
 758 005d 76       		.byte	0x76
 759 005e 78       		.sleb128 -8
 760 005f 9F       		.byte	0x9f
 761 0060 EC000000 		.4byte	.LVL24-.Ltext0
 762 0064 F8000000 		.4byte	.LVL27-.Ltext0
 763 0068 0100     		.2byte	0x1
 764 006a 50       		.byte	0x50
 765 006b F8000000 		.4byte	.LVL27-.Ltext0
 766 006f 02010000 		.4byte	.LVL29-.Ltext0
 767 0073 0300     		.2byte	0x3
 768 0075 70       		.byte	0x70
 769 0076 7E       		.sleb128 -2
 770 0077 9F       		.byte	0x9f
 771 0078 02010000 		.4byte	.LVL29-.Ltext0
 772 007c 0C010000 		.4byte	.LFE135-.Ltext0
 773 0080 0100     		.2byte	0x1
 774 0082 50       		.byte	0x50
 775 0083 00000000 		.4byte	0
 776 0087 00000000 		.4byte	0
 777              	.LLST1:
 778 008b 00000000 		.4byte	.LVL0-.Ltext0
 779 008f 02000000 		.4byte	.LVL1-.Ltext0
 780 0093 0100     		.2byte	0x1
 781 0095 51       		.byte	0x51
 782 0096 02000000 		.4byte	.LVL1-.Ltext0
 783 009a 0C010000 		.4byte	.LFE135-.Ltext0
 784 009e 0400     		.2byte	0x4
 785 00a0 F3       		.byte	0xf3
 786 00a1 01       		.uleb128 0x1
 787 00a2 51       		.byte	0x51
 788 00a3 9F       		.byte	0x9f
 789 00a4 00000000 		.4byte	0
 790 00a8 00000000 		.4byte	0
 791              	.LLST2:
 792 00ac 00000000 		.4byte	.LVL0-.Ltext0
 793 00b0 20000000 		.4byte	.LVL3-.Ltext0
 794 00b4 0100     		.2byte	0x1
 795 00b6 52       		.byte	0x52
 796 00b7 6A000000 		.4byte	.LVL8-.Ltext0
 797 00bb 74000000 		.4byte	.LVL10-.Ltext0
 798 00bf 0100     		.2byte	0x1
ARM GAS  /tmp/ccJgP45c.s 			page 15


 799 00c1 52       		.byte	0x52
 800 00c2 88000000 		.4byte	.LVL13-.Ltext0
 801 00c6 98000000 		.4byte	.LVL14-.Ltext0
 802 00ca 0100     		.2byte	0x1
 803 00cc 52       		.byte	0x52
 804 00cd EC000000 		.4byte	.LVL24-.Ltext0
 805 00d1 F4000000 		.4byte	.LVL26-.Ltext0
 806 00d5 0100     		.2byte	0x1
 807 00d7 52       		.byte	0x52
 808 00d8 00000000 		.4byte	0
 809 00dc 00000000 		.4byte	0
 810              	.LLST3:
 811 00e0 00000000 		.4byte	.LVL0-.Ltext0
 812 00e4 6E000000 		.4byte	.LVL9-.Ltext0
 813 00e8 0100     		.2byte	0x1
 814 00ea 53       		.byte	0x53
 815 00eb 6E000000 		.4byte	.LVL9-.Ltext0
 816 00ef 88000000 		.4byte	.LVL13-.Ltext0
 817 00f3 0400     		.2byte	0x4
 818 00f5 F3       		.byte	0xf3
 819 00f6 01       		.uleb128 0x1
 820 00f7 53       		.byte	0x53
 821 00f8 9F       		.byte	0x9f
 822 00f9 88000000 		.4byte	.LVL13-.Ltext0
 823 00fd F0000000 		.4byte	.LVL25-.Ltext0
 824 0101 0100     		.2byte	0x1
 825 0103 53       		.byte	0x53
 826 0104 F0000000 		.4byte	.LVL25-.Ltext0
 827 0108 0C010000 		.4byte	.LFE135-.Ltext0
 828 010c 0400     		.2byte	0x4
 829 010e F3       		.byte	0xf3
 830 010f 01       		.uleb128 0x1
 831 0110 53       		.byte	0x53
 832 0111 9F       		.byte	0x9f
 833 0112 00000000 		.4byte	0
 834 0116 00000000 		.4byte	0
 835              	.LLST4:
 836 011a 0A000000 		.4byte	.LVL2-.Ltext0
 837 011e 20000000 		.4byte	.LVL3-.Ltext0
 838 0122 0100     		.2byte	0x1
 839 0124 58       		.byte	0x58
 840 0125 20000000 		.4byte	.LVL3-.Ltext0
 841 0129 50000000 		.4byte	.LVL4-.Ltext0
 842 012d 0100     		.2byte	0x1
 843 012f 5A       		.byte	0x5a
 844 0130 50000000 		.4byte	.LVL4-.Ltext0
 845 0134 54000000 		.4byte	.LVL5-.Ltext0
 846 0138 0300     		.2byte	0x3
 847 013a 7A       		.byte	0x7a
 848 013b 01       		.sleb128 1
 849 013c 9F       		.byte	0x9f
 850 013d 6A000000 		.4byte	.LVL8-.Ltext0
 851 0141 6E000000 		.4byte	.LVL9-.Ltext0
 852 0145 0500     		.2byte	0x5
 853 0147 73       		.byte	0x73
 854 0148 00       		.sleb128 0
 855 0149 33       		.byte	0x33
ARM GAS  /tmp/ccJgP45c.s 			page 16


 856 014a 1A       		.byte	0x1a
 857 014b 9F       		.byte	0x9f
 858 014c 6E000000 		.4byte	.LVL9-.Ltext0
 859 0150 74000000 		.4byte	.LVL10-.Ltext0
 860 0154 0100     		.2byte	0x1
 861 0156 53       		.byte	0x53
 862 0157 74000000 		.4byte	.LVL10-.Ltext0
 863 015b 7A000000 		.4byte	.LVL12-.Ltext0
 864 015f 0300     		.2byte	0x3
 865 0161 73       		.byte	0x73
 866 0162 7F       		.sleb128 -1
 867 0163 9F       		.byte	0x9f
 868 0164 7A000000 		.4byte	.LVL12-.Ltext0
 869 0168 88000000 		.4byte	.LVL13-.Ltext0
 870 016c 0100     		.2byte	0x1
 871 016e 53       		.byte	0x53
 872 016f 88000000 		.4byte	.LVL13-.Ltext0
 873 0173 98000000 		.4byte	.LVL14-.Ltext0
 874 0177 0100     		.2byte	0x1
 875 0179 58       		.byte	0x58
 876 017a 98000000 		.4byte	.LVL14-.Ltext0
 877 017e D2000000 		.4byte	.LVL20-.Ltext0
 878 0182 0100     		.2byte	0x1
 879 0184 59       		.byte	0x59
 880 0185 D2000000 		.4byte	.LVL20-.Ltext0
 881 0189 D6000000 		.4byte	.LVL21-.Ltext0
 882 018d 0300     		.2byte	0x3
 883 018f 79       		.byte	0x79
 884 0190 01       		.sleb128 1
 885 0191 9F       		.byte	0x9f
 886 0192 EC000000 		.4byte	.LVL24-.Ltext0
 887 0196 F0000000 		.4byte	.LVL25-.Ltext0
 888 019a 0500     		.2byte	0x5
 889 019c 73       		.byte	0x73
 890 019d 00       		.sleb128 0
 891 019e 33       		.byte	0x33
 892 019f 1A       		.byte	0x1a
 893 01a0 9F       		.byte	0x9f
 894 01a1 F0000000 		.4byte	.LVL25-.Ltext0
 895 01a5 FA000000 		.4byte	.LVL28-.Ltext0
 896 01a9 0100     		.2byte	0x1
 897 01ab 53       		.byte	0x53
 898 01ac FA000000 		.4byte	.LVL28-.Ltext0
 899 01b0 02010000 		.4byte	.LVL29-.Ltext0
 900 01b4 0300     		.2byte	0x3
 901 01b6 73       		.byte	0x73
 902 01b7 01       		.sleb128 1
 903 01b8 9F       		.byte	0x9f
 904 01b9 00000000 		.4byte	0
 905 01bd 00000000 		.4byte	0
 906              	.LLST5:
 907 01c1 20000000 		.4byte	.LVL3-.Ltext0
 908 01c5 54000000 		.4byte	.LVL5-.Ltext0
 909 01c9 0200     		.2byte	0x2
 910 01cb 7E       		.byte	0x7e
 911 01cc 78       		.sleb128 -8
 912 01cd 54000000 		.4byte	.LVL5-.Ltext0
ARM GAS  /tmp/ccJgP45c.s 			page 17


 913 01d1 58000000 		.4byte	.LVL6-.Ltext0
 914 01d5 0200     		.2byte	0x2
 915 01d7 7E       		.byte	0x7e
 916 01d8 7C       		.sleb128 -4
 917 01d9 98000000 		.4byte	.LVL14-.Ltext0
 918 01dd D6000000 		.4byte	.LVL21-.Ltext0
 919 01e1 0200     		.2byte	0x2
 920 01e3 76       		.byte	0x76
 921 01e4 78       		.sleb128 -8
 922 01e5 D6000000 		.4byte	.LVL21-.Ltext0
 923 01e9 DA000000 		.4byte	.LVL22-.Ltext0
 924 01ed 0200     		.2byte	0x2
 925 01ef 76       		.byte	0x76
 926 01f0 7C       		.sleb128 -4
 927 01f1 00000000 		.4byte	0
 928 01f5 00000000 		.4byte	0
 929              	.LLST6:
 930 01f9 20000000 		.4byte	.LVL3-.Ltext0
 931 01fd 54000000 		.4byte	.LVL5-.Ltext0
 932 0201 0200     		.2byte	0x2
 933 0203 7E       		.byte	0x7e
 934 0204 7A       		.sleb128 -6
 935 0205 54000000 		.4byte	.LVL5-.Ltext0
 936 0209 58000000 		.4byte	.LVL6-.Ltext0
 937 020d 0200     		.2byte	0x2
 938 020f 7E       		.byte	0x7e
 939 0210 7E       		.sleb128 -2
 940 0211 98000000 		.4byte	.LVL14-.Ltext0
 941 0215 D6000000 		.4byte	.LVL21-.Ltext0
 942 0219 0200     		.2byte	0x2
 943 021b 76       		.byte	0x76
 944 021c 7A       		.sleb128 -6
 945 021d D6000000 		.4byte	.LVL21-.Ltext0
 946 0221 DA000000 		.4byte	.LVL22-.Ltext0
 947 0225 0200     		.2byte	0x2
 948 0227 76       		.byte	0x76
 949 0228 7E       		.sleb128 -2
 950 0229 00000000 		.4byte	0
 951 022d 00000000 		.4byte	0
 952              	.LLST7:
 953 0231 B0000000 		.4byte	.LVL16-.Ltext0
 954 0235 B6000000 		.4byte	.LVL17-.Ltext0
 955 0239 0100     		.2byte	0x1
 956 023b 55       		.byte	0x55
 957 023c 00000000 		.4byte	0
 958 0240 00000000 		.4byte	0
 959              	.LLST8:
 960 0244 98000000 		.4byte	.LVL14-.Ltext0
 961 0248 AA000000 		.4byte	.LVL15-.Ltext0
 962 024c 0C00     		.2byte	0xc
 963 024e 76       		.byte	0x76
 964 024f 78       		.sleb128 -8
 965 0250 94       		.byte	0x94
 966 0251 02       		.byte	0x2
 967 0252 40       		.byte	0x40
 968 0253 24       		.byte	0x24
 969 0254 40       		.byte	0x40
ARM GAS  /tmp/ccJgP45c.s 			page 18


 970 0255 26       		.byte	0x26
 971 0256 71       		.byte	0x71
 972 0257 00       		.sleb128 0
 973 0258 24       		.byte	0x24
 974 0259 9F       		.byte	0x9f
 975 025a AA000000 		.4byte	.LVL15-.Ltext0
 976 025e B0000000 		.4byte	.LVL16-.Ltext0
 977 0262 0100     		.2byte	0x1
 978 0264 55       		.byte	0x55
 979 0265 B0000000 		.4byte	.LVL16-.Ltext0
 980 0269 D6000000 		.4byte	.LVL21-.Ltext0
 981 026d 0C00     		.2byte	0xc
 982 026f 76       		.byte	0x76
 983 0270 78       		.sleb128 -8
 984 0271 94       		.byte	0x94
 985 0272 02       		.byte	0x2
 986 0273 40       		.byte	0x40
 987 0274 24       		.byte	0x24
 988 0275 40       		.byte	0x40
 989 0276 26       		.byte	0x26
 990 0277 71       		.byte	0x71
 991 0278 00       		.sleb128 0
 992 0279 24       		.byte	0x24
 993 027a 9F       		.byte	0x9f
 994 027b 00000000 		.4byte	0
 995 027f 00000000 		.4byte	0
 996              	.LLST9:
 997 0283 D6000000 		.4byte	.LVL21-.Ltext0
 998 0287 DA000000 		.4byte	.LVL22-.Ltext0
 999 028b 0C00     		.2byte	0xc
 1000 028d 76       		.byte	0x76
 1001 028e 7C       		.sleb128 -4
 1002 028f 94       		.byte	0x94
 1003 0290 02       		.byte	0x2
 1004 0291 40       		.byte	0x40
 1005 0292 24       		.byte	0x24
 1006 0293 40       		.byte	0x40
 1007 0294 26       		.byte	0x26
 1008 0295 71       		.byte	0x71
 1009 0296 00       		.sleb128 0
 1010 0297 24       		.byte	0x24
 1011 0298 9F       		.byte	0x9f
 1012 0299 00000000 		.4byte	0
 1013 029d 00000000 		.4byte	0
 1014              	.LLST10:
 1015 02a1 C2000000 		.4byte	.LVL19-.Ltext0
 1016 02a5 EC000000 		.4byte	.LVL24-.Ltext0
 1017 02a9 0100     		.2byte	0x1
 1018 02ab 5E       		.byte	0x5e
 1019 02ac 00000000 		.4byte	0
 1020 02b0 00000000 		.4byte	0
 1021              	.LLST11:
 1022 02b4 B0000000 		.4byte	.LVL16-.Ltext0
 1023 02b8 BC000000 		.4byte	.LVL18-.Ltext0
 1024 02bc 0C00     		.2byte	0xc
 1025 02be 76       		.byte	0x76
 1026 02bf 7A       		.sleb128 -6
ARM GAS  /tmp/ccJgP45c.s 			page 19


 1027 02c0 94       		.byte	0x94
 1028 02c1 02       		.byte	0x2
 1029 02c2 40       		.byte	0x40
 1030 02c3 24       		.byte	0x24
 1031 02c4 40       		.byte	0x40
 1032 02c5 26       		.byte	0x26
 1033 02c6 71       		.byte	0x71
 1034 02c7 00       		.sleb128 0
 1035 02c8 24       		.byte	0x24
 1036 02c9 9F       		.byte	0x9f
 1037 02ca BC000000 		.4byte	.LVL18-.Ltext0
 1038 02ce C2000000 		.4byte	.LVL19-.Ltext0
 1039 02d2 0100     		.2byte	0x1
 1040 02d4 5E       		.byte	0x5e
 1041 02d5 C2000000 		.4byte	.LVL19-.Ltext0
 1042 02d9 D6000000 		.4byte	.LVL21-.Ltext0
 1043 02dd 0C00     		.2byte	0xc
 1044 02df 76       		.byte	0x76
 1045 02e0 7A       		.sleb128 -6
 1046 02e1 94       		.byte	0x94
 1047 02e2 02       		.byte	0x2
 1048 02e3 40       		.byte	0x40
 1049 02e4 24       		.byte	0x24
 1050 02e5 40       		.byte	0x40
 1051 02e6 26       		.byte	0x26
 1052 02e7 71       		.byte	0x71
 1053 02e8 00       		.sleb128 0
 1054 02e9 24       		.byte	0x24
 1055 02ea 9F       		.byte	0x9f
 1056 02eb 00000000 		.4byte	0
 1057 02ef 00000000 		.4byte	0
 1058              	.LLST12:
 1059 02f3 D6000000 		.4byte	.LVL21-.Ltext0
 1060 02f7 EC000000 		.4byte	.LVL24-.Ltext0
 1061 02fb 0100     		.2byte	0x1
 1062 02fd 57       		.byte	0x57
 1063 02fe 00000000 		.4byte	0
 1064 0302 00000000 		.4byte	0
 1065              	.LLST13:
 1066 0306 D6000000 		.4byte	.LVL21-.Ltext0
 1067 030a DA000000 		.4byte	.LVL22-.Ltext0
 1068 030e 0C00     		.2byte	0xc
 1069 0310 76       		.byte	0x76
 1070 0311 7E       		.sleb128 -2
 1071 0312 94       		.byte	0x94
 1072 0313 02       		.byte	0x2
 1073 0314 40       		.byte	0x40
 1074 0315 24       		.byte	0x24
 1075 0316 40       		.byte	0x40
 1076 0317 26       		.byte	0x26
 1077 0318 71       		.byte	0x71
 1078 0319 00       		.sleb128 0
 1079 031a 24       		.byte	0x24
 1080 031b 9F       		.byte	0x9f
 1081 031c 00000000 		.4byte	0
 1082 0320 00000000 		.4byte	0
 1083              	.LLST14:
ARM GAS  /tmp/ccJgP45c.s 			page 20


 1084 0324 F4000000 		.4byte	.LVL26-.Ltext0
 1085 0328 F8000000 		.4byte	.LVL27-.Ltext0
 1086 032c 0C00     		.2byte	0xc
 1087 032e 70       		.byte	0x70
 1088 032f 7E       		.sleb128 -2
 1089 0330 94       		.byte	0x94
 1090 0331 02       		.byte	0x2
 1091 0332 40       		.byte	0x40
 1092 0333 24       		.byte	0x24
 1093 0334 40       		.byte	0x40
 1094 0335 26       		.byte	0x26
 1095 0336 71       		.byte	0x71
 1096 0337 00       		.sleb128 0
 1097 0338 24       		.byte	0x24
 1098 0339 9F       		.byte	0x9f
 1099 033a F8000000 		.4byte	.LVL27-.Ltext0
 1100 033e 06010000 		.4byte	.LVL30-.Ltext0
 1101 0342 0C00     		.2byte	0xc
 1102 0344 70       		.byte	0x70
 1103 0345 7C       		.sleb128 -4
 1104 0346 94       		.byte	0x94
 1105 0347 02       		.byte	0x2
 1106 0348 40       		.byte	0x40
 1107 0349 24       		.byte	0x24
 1108 034a 40       		.byte	0x40
 1109 034b 26       		.byte	0x26
 1110 034c 71       		.byte	0x71
 1111 034d 00       		.sleb128 0
 1112 034e 24       		.byte	0x24
 1113 034f 9F       		.byte	0x9f
 1114 0350 00000000 		.4byte	0
 1115 0354 00000000 		.4byte	0
 1116              		.section	.debug_aranges,"",%progbits
 1117 0000 1C000000 		.4byte	0x1c
 1118 0004 0200     		.2byte	0x2
 1119 0006 00000000 		.4byte	.Ldebug_info0
 1120 000a 04       		.byte	0x4
 1121 000b 00       		.byte	0
 1122 000c 0000     		.2byte	0
 1123 000e 0000     		.2byte	0
 1124 0010 00000000 		.4byte	.Ltext0
 1125 0014 0C010000 		.4byte	.Letext0-.Ltext0
 1126 0018 00000000 		.4byte	0
 1127 001c 00000000 		.4byte	0
 1128              		.section	.debug_ranges,"",%progbits
 1129              	.Ldebug_ranges0:
 1130 0000 98000000 		.4byte	.LBB2-.Ltext0
 1131 0004 9C000000 		.4byte	.LBE2-.Ltext0
 1132 0008 A8000000 		.4byte	.LBB6-.Ltext0
 1133 000c AA000000 		.4byte	.LBE6-.Ltext0
 1134 0010 AC000000 		.4byte	.LBB8-.Ltext0
 1135 0014 B0000000 		.4byte	.LBE8-.Ltext0
 1136 0018 00000000 		.4byte	0
 1137 001c 00000000 		.4byte	0
 1138 0020 9C000000 		.4byte	.LBB3-.Ltext0
 1139 0024 A0000000 		.4byte	.LBE3-.Ltext0
 1140 0028 AA000000 		.4byte	.LBB7-.Ltext0
ARM GAS  /tmp/ccJgP45c.s 			page 21


 1141 002c AC000000 		.4byte	.LBE7-.Ltext0
 1142 0030 B0000000 		.4byte	.LBB9-.Ltext0
 1143 0034 B4000000 		.4byte	.LBE9-.Ltext0
 1144 0038 00000000 		.4byte	0
 1145 003c 00000000 		.4byte	0
 1146 0040 A0000000 		.4byte	.LBB4-.Ltext0
 1147 0044 A4000000 		.4byte	.LBE4-.Ltext0
 1148 0048 B8000000 		.4byte	.LBB10-.Ltext0
 1149 004c BC000000 		.4byte	.LBE10-.Ltext0
 1150 0050 BE000000 		.4byte	.LBB12-.Ltext0
 1151 0054 C2000000 		.4byte	.LBE12-.Ltext0
 1152 0058 00000000 		.4byte	0
 1153 005c 00000000 		.4byte	0
 1154 0060 A4000000 		.4byte	.LBB5-.Ltext0
 1155 0064 A8000000 		.4byte	.LBE5-.Ltext0
 1156 0068 BC000000 		.4byte	.LBB11-.Ltext0
 1157 006c BE000000 		.4byte	.LBE11-.Ltext0
 1158 0070 C2000000 		.4byte	.LBB13-.Ltext0
 1159 0074 C6000000 		.4byte	.LBE13-.Ltext0
 1160 0078 00000000 		.4byte	0
 1161 007c 00000000 		.4byte	0
 1162 0080 F4000000 		.4byte	.LBB14-.Ltext0
 1163 0084 F8000000 		.4byte	.LBE14-.Ltext0
 1164 0088 FA000000 		.4byte	.LBB15-.Ltext0
 1165 008c 02010000 		.4byte	.LBE15-.Ltext0
 1166 0090 00000000 		.4byte	0
 1167 0094 00000000 		.4byte	0
 1168              		.section	.debug_line,"",%progbits
 1169              	.Ldebug_line0:
 1170 0000 A2020000 		.section	.debug_str,"MS",%progbits,1
 1170      02000702 
 1170      00000201 
 1170      FB0E0D00 
 1170      01010101 
 1171              	.LASF26:
 1172 0000 73686966 		.ascii	"shiftBits\000"
 1172      74426974 
 1172      7300
 1173              	.LASF33:
 1174 000a 474E5520 		.ascii	"GNU C 4.9.3 20150529 (release) [ARM/embedded-4_9-br"
 1174      4320342E 
 1174      392E3320 
 1174      32303135 
 1174      30353239 
 1175 003d 616E6368 		.ascii	"anch revision 224288] -mcpu=cortex-m4 -mfloat-abi=h"
 1175      20726576 
 1175      6973696F 
 1175      6E203232 
 1175      34323838 
 1176 0070 61726420 		.ascii	"ard -mfpu=fpv4-sp-d16 -mno-thumb-interwork -mthumb "
 1176      2D6D6670 
 1176      753D6670 
 1176      76342D73 
 1176      702D6431 
 1177 00a3 2D676764 		.ascii	"-ggdb -O2 -fomit-frame-pointer -falign-functions=16"
 1177      62202D4F 
 1177      32202D66 
ARM GAS  /tmp/ccJgP45c.s 			page 22


 1177      6F6D6974 
 1177      2D667261 
 1178 00d6 202D666E 		.ascii	" -fno-math-errno -fsingle-precision-constant\000"
 1178      6F2D6D61 
 1178      74682D65 
 1178      72726E6F 
 1178      202D6673 
 1179              	.LASF0:
 1180 0103 5F5F696E 		.ascii	"__int8_t\000"
 1180      74385F74 
 1180      00
 1181              	.LASF1:
 1182 010c 5F5F7569 		.ascii	"__uint8_t\000"
 1182      6E74385F 
 1182      7400
 1183              	.LASF4:
 1184 0116 5F5F696E 		.ascii	"__int16_t\000"
 1184      7431365F 
 1184      7400
 1185              	.LASF7:
 1186 0120 5F5F696E 		.ascii	"__int32_t\000"
 1186      7433325F 
 1186      7400
 1187              	.LASF34:
 1188 012a 2F686F6D 		.ascii	"/home/sbcu/Dropbox/pcb-layouts/axo-on-discovery-boa"
 1188      652F7362 
 1188      63752F44 
 1188      726F7062 
 1188      6F782F70 
 1189 015d 72642F61 		.ascii	"rd/axoloti/platform_linux/../CMSIS//DSP_Lib/Source/"
 1189      786F6C6F 
 1189      74692F70 
 1189      6C617466 
 1189      6F726D5F 
 1190 0190 42617369 		.ascii	"BasicMathFunctions/arm_shift_q15.c\000"
 1190      634D6174 
 1190      6846756E 
 1190      6374696F 
 1190      6E732F61 
 1191              	.LASF14:
 1192 01b3 696E7438 		.ascii	"int8_t\000"
 1192      5F7400
 1193              	.LASF17:
 1194 01ba 696E7433 		.ascii	"int32_t\000"
 1194      325F7400 
 1195              	.LASF24:
 1196 01c2 7131355F 		.ascii	"q15_t\000"
 1196      7400
 1197              	.LASF22:
 1198 01c8 666C6F61 		.ascii	"float\000"
 1198      7400
 1199              	.LASF3:
 1200 01ce 756E7369 		.ascii	"unsigned char\000"
 1200      676E6564 
 1200      20636861 
 1200      7200
 1201              	.LASF35:
ARM GAS  /tmp/ccJgP45c.s 			page 23


 1202 01dc 61726D5F 		.ascii	"arm_shift_q15\000"
 1202      73686966 
 1202      745F7131 
 1202      3500
 1203              	.LASF29:
 1204 01ea 626C6B43 		.ascii	"blkCnt\000"
 1204      6E7400
 1205              	.LASF10:
 1206 01f1 6C6F6E67 		.ascii	"long unsigned int\000"
 1206      20756E73 
 1206      69676E65 
 1206      6420696E 
 1206      7400
 1207              	.LASF6:
 1208 0203 73686F72 		.ascii	"short unsigned int\000"
 1208      7420756E 
 1208      7369676E 
 1208      65642069 
 1208      6E7400
 1209              	.LASF31:
 1210 0216 5F5F4152 		.ascii	"__ARG1\000"
 1210      473100
 1211              	.LASF27:
 1212 021d 70447374 		.ascii	"pDst\000"
 1212      00
 1213              	.LASF21:
 1214 0222 646F7562 		.ascii	"double\000"
 1214      6C6500
 1215              	.LASF9:
 1216 0229 5F5F7569 		.ascii	"__uint32_t\000"
 1216      6E743332 
 1216      5F7400
 1217              	.LASF13:
 1218 0234 756E7369 		.ascii	"unsigned int\000"
 1218      676E6564 
 1218      20696E74 
 1218      00
 1219              	.LASF12:
 1220 0241 6C6F6E67 		.ascii	"long long unsigned int\000"
 1220      206C6F6E 
 1220      6720756E 
 1220      7369676E 
 1220      65642069 
 1221              	.LASF15:
 1222 0258 75696E74 		.ascii	"uint8_t\000"
 1222      385F7400 
 1223              	.LASF16:
 1224 0260 696E7431 		.ascii	"int16_t\000"
 1224      365F7400 
 1225              	.LASF30:
 1226 0268 5F5F5245 		.ascii	"__RES\000"
 1226      5300
 1227              	.LASF19:
 1228 026e 73697A65 		.ascii	"sizetype\000"
 1228      74797065 
 1228      00
 1229              	.LASF11:
ARM GAS  /tmp/ccJgP45c.s 			page 24


 1230 0277 6C6F6E67 		.ascii	"long long int\000"
 1230      206C6F6E 
 1230      6720696E 
 1230      7400
 1231              	.LASF28:
 1232 0285 626C6F63 		.ascii	"blockSize\000"
 1232      6B53697A 
 1232      6500
 1233              	.LASF20:
 1234 028f 63686172 		.ascii	"char\000"
 1234      00
 1235              	.LASF5:
 1236 0294 73686F72 		.ascii	"short int\000"
 1236      7420696E 
 1236      7400
 1237              	.LASF18:
 1238 029e 75696E74 		.ascii	"uint32_t\000"
 1238      33325F74 
 1238      00
 1239              	.LASF8:
 1240 02a7 6C6F6E67 		.ascii	"long int\000"
 1240      20696E74 
 1240      00
 1241              	.LASF32:
 1242 02b0 7369676E 		.ascii	"sign\000"
 1242      00
 1243              	.LASF23:
 1244 02b5 6C6F6E67 		.ascii	"long double\000"
 1244      20646F75 
 1244      626C6500 
 1245              	.LASF2:
 1246 02c1 7369676E 		.ascii	"signed char\000"
 1246      65642063 
 1246      68617200 
 1247              	.LASF25:
 1248 02cd 70537263 		.ascii	"pSrc\000"
 1248      00
 1249              		.ident	"GCC: (GNU Tools for ARM Embedded Processors) 4.9.3 20150529 (release) [ARM/embedded-4_9-br
ARM GAS  /tmp/ccJgP45c.s 			page 25


DEFINED SYMBOLS
                            *ABS*:00000000 arm_shift_q15.c
     /tmp/ccJgP45c.s:20     .text:00000000 $t
     /tmp/ccJgP45c.s:26     .text:00000000 arm_shift_q15
                     .debug_frame:00000010 $d

NO UNDEFINED SYMBOLS
