ARM GAS  /tmp/cchVpEkE.s 			page 1


   1              		.syntax unified
   2              		.cpu cortex-m4
   3              		.eabi_attribute 27, 1
   4              		.eabi_attribute 28, 1
   5              		.fpu fpv4-sp-d16
   6              		.eabi_attribute 20, 1
   7              		.eabi_attribute 21, 1
   8              		.eabi_attribute 23, 3
   9              		.eabi_attribute 24, 1
  10              		.eabi_attribute 25, 1
  11              		.eabi_attribute 26, 1
  12              		.eabi_attribute 30, 2
  13              		.eabi_attribute 34, 1
  14              		.eabi_attribute 18, 4
  15              		.thumb
  16              		.file	"arm_scale_f32.c"
  17              		.text
  18              	.Ltext0:
  19              		.cfi_sections	.debug_frame
  20              		.align	2
  21              		.p2align 4,,15
  22              		.global	arm_scale_f32
  23              		.thumb
  24              		.thumb_func
  25              		.type	arm_scale_f32, %function
  26              	arm_scale_f32:
  27              	.LFB135:
  28              		.file 1 "/d_drive/axoloti/platform_linux/../CMSIS//DSP_Lib/Source/BasicMathFunctions/arm_scale_f32
  29              		.loc 1 94 0
  30              		.cfi_startproc
  31              		@ args = 0, pretend = 0, frame = 0
  32              		@ frame_needed = 0, uses_anonymous_args = 0
  33              		@ link register save eliminated.
  34              	.LVL0:
  35 0000 70B4     		push	{r4, r5, r6}
  36              		.cfi_def_cfa_offset 12
  37              		.cfi_offset 4, -12
  38              		.cfi_offset 5, -8
  39              		.cfi_offset 6, -4
  40              		.loc 1 106 0
  41 0002 9608     		lsrs	r6, r2, #2
  42              	.LVL1:
  43 0004 25D0     		beq	.L2
  44 0006 00F11004 		add	r4, r0, #16
  45 000a 01F11003 		add	r3, r1, #16
  46 000e 3546     		mov	r5, r6
  47              	.LVL2:
  48              	.L3:
  49              		.loc 1 111 0
  50 0010 14ED046A 		flds	s12, [r4, #-16]
  51              	.LVL3:
  52              		.loc 1 112 0
  53 0014 54ED036A 		flds	s13, [r4, #-12]
  54              	.LVL4:
  55              		.loc 1 118 0
  56 0018 14ED027A 		flds	s14, [r4, #-8]
  57              	.LVL5:
ARM GAS  /tmp/cchVpEkE.s 			page 2


  58              		.loc 1 124 0
  59 001c 54ED017A 		flds	s15, [r4, #-4]
  60              	.LVL6:
  61              		.loc 1 115 0
  62 0020 26EE006A 		fmuls	s12, s12, s0
  63              	.LVL7:
  64              		.loc 1 121 0
  65 0024 66EE806A 		fmuls	s13, s13, s0
  66              	.LVL8:
  67              		.loc 1 127 0
  68 0028 27EE007A 		fmuls	s14, s14, s0
  69              	.LVL9:
  70              		.loc 1 128 0
  71 002c 67EE807A 		fmuls	s15, s15, s0
  72              	.LVL10:
  73              		.loc 1 106 0
  74 0030 013D     		subs	r5, r5, #1
  75              	.LVL11:
  76              		.loc 1 130 0
  77 0032 03ED046A 		fsts	s12, [r3, #-16]
  78              		.loc 1 131 0
  79 0036 43ED036A 		fsts	s13, [r3, #-12]
  80              		.loc 1 132 0
  81 003a 03ED027A 		fsts	s14, [r3, #-8]
  82              		.loc 1 133 0
  83 003e 43ED017A 		fsts	s15, [r3, #-4]
  84              	.LVL12:
  85 0042 04F11004 		add	r4, r4, #16
  86              	.LVL13:
  87 0046 03F11003 		add	r3, r3, #16
  88              		.loc 1 106 0
  89 004a E1D1     		bne	.L3
  90 004c 3601     		lsls	r6, r6, #4
  91 004e 3044     		add	r0, r0, r6
  92 0050 3144     		add	r1, r1, r6
  93              	.LVL14:
  94              	.L2:
  95              		.loc 1 156 0
  96 0052 12F00302 		ands	r2, r2, #3
  97              	.LVL15:
  98 0056 07D0     		beq	.L1
  99              	.LVL16:
 100              	.L5:
 101              		.loc 1 160 0
 102 0058 F0EC017A 		fldmias	r0!, {s15}
 103              	.LVL17:
 104 005c 67EE807A 		fmuls	s15, s15, s0
 105              		.loc 1 156 0
 106 0060 013A     		subs	r2, r2, #1
 107              	.LVL18:
 108              		.loc 1 160 0
 109 0062 E1EC017A 		fstmias	r1!, {s15}
 110              		.loc 1 156 0
 111 0066 F7D1     		bne	.L5
 112              	.L1:
 113              		.loc 1 165 0
 114 0068 70BC     		pop	{r4, r5, r6}
ARM GAS  /tmp/cchVpEkE.s 			page 3


 115              		.cfi_restore 6
 116              		.cfi_restore 5
 117              		.cfi_restore 4
 118              		.cfi_def_cfa_offset 0
 119 006a 7047     		bx	lr
 120              		.cfi_endproc
 121              	.LFE135:
 122              		.size	arm_scale_f32, .-arm_scale_f32
 123              	.Letext0:
 124              		.file 2 "/d_drive/axoloti/platform_linux/arm-none-eabi/include/machine/_default_types.h"
 125              		.file 3 "/d_drive/axoloti/platform_linux/arm-none-eabi/include/sys/_stdint.h"
 126              		.file 4 "/d_drive/axoloti/platform_linux/../CMSIS//DSP_Lib/Include/arm_math.h"
 127              		.section	.debug_info,"",%progbits
 128              	.Ldebug_info0:
 129 0000 47010000 		.4byte	0x147
 130 0004 0400     		.2byte	0x4
 131 0006 00000000 		.4byte	.Ldebug_abbrev0
 132 000a 04       		.byte	0x4
 133 000b 01       		.uleb128 0x1
 134 000c C0000000 		.4byte	.LASF22
 135 0010 01       		.byte	0x1
 136 0011 20000000 		.4byte	.LASF23
 137 0015 00000000 		.4byte	.Ltext0
 138 0019 6C000000 		.4byte	.Letext0-.Ltext0
 139 001d 00000000 		.4byte	.Ldebug_line0
 140 0021 02       		.uleb128 0x2
 141 0022 04       		.byte	0x4
 142 0023 04       		.byte	0x4
 143 0024 BA000000 		.4byte	.LASF0
 144 0028 02       		.uleb128 0x2
 145 0029 01       		.byte	0x1
 146 002a 06       		.byte	0x6
 147 002b 18020000 		.4byte	.LASF1
 148 002f 02       		.uleb128 0x2
 149 0030 01       		.byte	0x1
 150 0031 08       		.byte	0x8
 151 0032 C3010000 		.4byte	.LASF2
 152 0036 02       		.uleb128 0x2
 153 0037 02       		.byte	0x2
 154 0038 05       		.byte	0x5
 155 0039 ED010000 		.4byte	.LASF3
 156 003d 02       		.uleb128 0x2
 157 003e 02       		.byte	0x2
 158 003f 07       		.byte	0x7
 159 0040 05020000 		.4byte	.LASF4
 160 0044 02       		.uleb128 0x2
 161 0045 04       		.byte	0x4
 162 0046 05       		.byte	0x5
 163 0047 DF010000 		.4byte	.LASF5
 164 004b 03       		.uleb128 0x3
 165 004c 7C000000 		.4byte	.LASF10
 166 0050 02       		.byte	0x2
 167 0051 41       		.byte	0x41
 168 0052 56000000 		.4byte	0x56
 169 0056 02       		.uleb128 0x2
 170 0057 04       		.byte	0x4
 171 0058 07       		.byte	0x7
ARM GAS  /tmp/cchVpEkE.s 			page 4


 172 0059 91000000 		.4byte	.LASF6
 173 005d 02       		.uleb128 0x2
 174 005e 08       		.byte	0x8
 175 005f 05       		.byte	0x5
 176 0060 00000000 		.4byte	.LASF7
 177 0064 02       		.uleb128 0x2
 178 0065 08       		.byte	0x8
 179 0066 07       		.byte	0x7
 180 0067 A3000000 		.4byte	.LASF8
 181 006b 04       		.uleb128 0x4
 182 006c 04       		.byte	0x4
 183 006d 05       		.byte	0x5
 184 006e 696E7400 		.ascii	"int\000"
 185 0072 02       		.uleb128 0x2
 186 0073 04       		.byte	0x4
 187 0074 07       		.byte	0x7
 188 0075 0E000000 		.4byte	.LASF9
 189 0079 03       		.uleb128 0x3
 190 007a D6010000 		.4byte	.LASF11
 191 007e 03       		.byte	0x3
 192 007f 20       		.byte	0x20
 193 0080 4B000000 		.4byte	0x4b
 194 0084 02       		.uleb128 0x2
 195 0085 04       		.byte	0x4
 196 0086 07       		.byte	0x7
 197 0087 44020000 		.4byte	.LASF12
 198 008b 02       		.uleb128 0x2
 199 008c 01       		.byte	0x1
 200 008d 08       		.byte	0x8
 201 008e D1010000 		.4byte	.LASF13
 202 0092 02       		.uleb128 0x2
 203 0093 08       		.byte	0x8
 204 0094 04       		.byte	0x4
 205 0095 F7010000 		.4byte	.LASF14
 206 0099 02       		.uleb128 0x2
 207 009a 08       		.byte	0x8
 208 009b 04       		.byte	0x4
 209 009c 2A020000 		.4byte	.LASF15
 210 00a0 05       		.uleb128 0x5
 211 00a1 B9010000 		.4byte	.LASF16
 212 00a5 04       		.byte	0x4
 213 00a6 AA01     		.2byte	0x1aa
 214 00a8 21000000 		.4byte	0x21
 215 00ac 06       		.uleb128 0x6
 216 00ad 04       		.byte	0x4
 217 00ae A0000000 		.4byte	0xa0
 218 00b2 07       		.uleb128 0x7
 219 00b3 36020000 		.4byte	.LASF24
 220 00b7 01       		.byte	0x1
 221 00b8 59       		.byte	0x59
 222 00b9 00000000 		.4byte	.LFB135
 223 00bd 6C000000 		.4byte	.LFE135-.LFB135
 224 00c1 01       		.uleb128 0x1
 225 00c2 9C       		.byte	0x9c
 226 00c3 08       		.uleb128 0x8
 227 00c4 E8010000 		.4byte	.LASF17
 228 00c8 01       		.byte	0x1
ARM GAS  /tmp/cchVpEkE.s 			page 5


 229 00c9 5A       		.byte	0x5a
 230 00ca AC000000 		.4byte	0xac
 231 00ce 00000000 		.4byte	.LLST0
 232 00d2 09       		.uleb128 0x9
 233 00d3 24020000 		.4byte	.LASF18
 234 00d7 01       		.byte	0x1
 235 00d8 5B       		.byte	0x5b
 236 00d9 A0000000 		.4byte	0xa0
 237 00dd 02       		.uleb128 0x2
 238 00de 90       		.byte	0x90
 239 00df 40       		.uleb128 0x40
 240 00e0 08       		.uleb128 0x8
 241 00e1 1B000000 		.4byte	.LASF19
 242 00e5 01       		.byte	0x1
 243 00e6 5C       		.byte	0x5c
 244 00e7 AC000000 		.4byte	0xac
 245 00eb 43000000 		.4byte	.LLST1
 246 00ef 08       		.uleb128 0x8
 247 00f0 87000000 		.4byte	.LASF20
 248 00f4 01       		.byte	0x1
 249 00f5 5D       		.byte	0x5d
 250 00f6 79000000 		.4byte	0x79
 251 00fa 61000000 		.4byte	.LLST2
 252 00fe 0A       		.uleb128 0xa
 253 00ff FE010000 		.4byte	.LASF21
 254 0103 01       		.byte	0x1
 255 0104 5F       		.byte	0x5f
 256 0105 79000000 		.4byte	0x79
 257 0109 82000000 		.4byte	.LLST3
 258 010d 0B       		.uleb128 0xb
 259 010e 696E3100 		.ascii	"in1\000"
 260 0112 01       		.byte	0x1
 261 0113 63       		.byte	0x63
 262 0114 A0000000 		.4byte	0xa0
 263 0118 EE000000 		.4byte	.LLST4
 264 011c 0B       		.uleb128 0xb
 265 011d 696E3200 		.ascii	"in2\000"
 266 0121 01       		.byte	0x1
 267 0122 63       		.byte	0x63
 268 0123 A0000000 		.4byte	0xa0
 269 0127 20010000 		.4byte	.LLST5
 270 012b 0B       		.uleb128 0xb
 271 012c 696E3300 		.ascii	"in3\000"
 272 0130 01       		.byte	0x1
 273 0131 63       		.byte	0x63
 274 0132 A0000000 		.4byte	0xa0
 275 0136 52010000 		.4byte	.LLST6
 276 013a 0B       		.uleb128 0xb
 277 013b 696E3400 		.ascii	"in4\000"
 278 013f 01       		.byte	0x1
 279 0140 63       		.byte	0x63
 280 0141 A0000000 		.4byte	0xa0
 281 0145 84010000 		.4byte	.LLST7
 282 0149 00       		.byte	0
 283 014a 00       		.byte	0
 284              		.section	.debug_abbrev,"",%progbits
 285              	.Ldebug_abbrev0:
ARM GAS  /tmp/cchVpEkE.s 			page 6


 286 0000 01       		.uleb128 0x1
 287 0001 11       		.uleb128 0x11
 288 0002 01       		.byte	0x1
 289 0003 25       		.uleb128 0x25
 290 0004 0E       		.uleb128 0xe
 291 0005 13       		.uleb128 0x13
 292 0006 0B       		.uleb128 0xb
 293 0007 03       		.uleb128 0x3
 294 0008 0E       		.uleb128 0xe
 295 0009 11       		.uleb128 0x11
 296 000a 01       		.uleb128 0x1
 297 000b 12       		.uleb128 0x12
 298 000c 06       		.uleb128 0x6
 299 000d 10       		.uleb128 0x10
 300 000e 17       		.uleb128 0x17
 301 000f 00       		.byte	0
 302 0010 00       		.byte	0
 303 0011 02       		.uleb128 0x2
 304 0012 24       		.uleb128 0x24
 305 0013 00       		.byte	0
 306 0014 0B       		.uleb128 0xb
 307 0015 0B       		.uleb128 0xb
 308 0016 3E       		.uleb128 0x3e
 309 0017 0B       		.uleb128 0xb
 310 0018 03       		.uleb128 0x3
 311 0019 0E       		.uleb128 0xe
 312 001a 00       		.byte	0
 313 001b 00       		.byte	0
 314 001c 03       		.uleb128 0x3
 315 001d 16       		.uleb128 0x16
 316 001e 00       		.byte	0
 317 001f 03       		.uleb128 0x3
 318 0020 0E       		.uleb128 0xe
 319 0021 3A       		.uleb128 0x3a
 320 0022 0B       		.uleb128 0xb
 321 0023 3B       		.uleb128 0x3b
 322 0024 0B       		.uleb128 0xb
 323 0025 49       		.uleb128 0x49
 324 0026 13       		.uleb128 0x13
 325 0027 00       		.byte	0
 326 0028 00       		.byte	0
 327 0029 04       		.uleb128 0x4
 328 002a 24       		.uleb128 0x24
 329 002b 00       		.byte	0
 330 002c 0B       		.uleb128 0xb
 331 002d 0B       		.uleb128 0xb
 332 002e 3E       		.uleb128 0x3e
 333 002f 0B       		.uleb128 0xb
 334 0030 03       		.uleb128 0x3
 335 0031 08       		.uleb128 0x8
 336 0032 00       		.byte	0
 337 0033 00       		.byte	0
 338 0034 05       		.uleb128 0x5
 339 0035 16       		.uleb128 0x16
 340 0036 00       		.byte	0
 341 0037 03       		.uleb128 0x3
 342 0038 0E       		.uleb128 0xe
ARM GAS  /tmp/cchVpEkE.s 			page 7


 343 0039 3A       		.uleb128 0x3a
 344 003a 0B       		.uleb128 0xb
 345 003b 3B       		.uleb128 0x3b
 346 003c 05       		.uleb128 0x5
 347 003d 49       		.uleb128 0x49
 348 003e 13       		.uleb128 0x13
 349 003f 00       		.byte	0
 350 0040 00       		.byte	0
 351 0041 06       		.uleb128 0x6
 352 0042 0F       		.uleb128 0xf
 353 0043 00       		.byte	0
 354 0044 0B       		.uleb128 0xb
 355 0045 0B       		.uleb128 0xb
 356 0046 49       		.uleb128 0x49
 357 0047 13       		.uleb128 0x13
 358 0048 00       		.byte	0
 359 0049 00       		.byte	0
 360 004a 07       		.uleb128 0x7
 361 004b 2E       		.uleb128 0x2e
 362 004c 01       		.byte	0x1
 363 004d 3F       		.uleb128 0x3f
 364 004e 19       		.uleb128 0x19
 365 004f 03       		.uleb128 0x3
 366 0050 0E       		.uleb128 0xe
 367 0051 3A       		.uleb128 0x3a
 368 0052 0B       		.uleb128 0xb
 369 0053 3B       		.uleb128 0x3b
 370 0054 0B       		.uleb128 0xb
 371 0055 27       		.uleb128 0x27
 372 0056 19       		.uleb128 0x19
 373 0057 11       		.uleb128 0x11
 374 0058 01       		.uleb128 0x1
 375 0059 12       		.uleb128 0x12
 376 005a 06       		.uleb128 0x6
 377 005b 40       		.uleb128 0x40
 378 005c 18       		.uleb128 0x18
 379 005d 9742     		.uleb128 0x2117
 380 005f 19       		.uleb128 0x19
 381 0060 00       		.byte	0
 382 0061 00       		.byte	0
 383 0062 08       		.uleb128 0x8
 384 0063 05       		.uleb128 0x5
 385 0064 00       		.byte	0
 386 0065 03       		.uleb128 0x3
 387 0066 0E       		.uleb128 0xe
 388 0067 3A       		.uleb128 0x3a
 389 0068 0B       		.uleb128 0xb
 390 0069 3B       		.uleb128 0x3b
 391 006a 0B       		.uleb128 0xb
 392 006b 49       		.uleb128 0x49
 393 006c 13       		.uleb128 0x13
 394 006d 02       		.uleb128 0x2
 395 006e 17       		.uleb128 0x17
 396 006f 00       		.byte	0
 397 0070 00       		.byte	0
 398 0071 09       		.uleb128 0x9
 399 0072 05       		.uleb128 0x5
ARM GAS  /tmp/cchVpEkE.s 			page 8


 400 0073 00       		.byte	0
 401 0074 03       		.uleb128 0x3
 402 0075 0E       		.uleb128 0xe
 403 0076 3A       		.uleb128 0x3a
 404 0077 0B       		.uleb128 0xb
 405 0078 3B       		.uleb128 0x3b
 406 0079 0B       		.uleb128 0xb
 407 007a 49       		.uleb128 0x49
 408 007b 13       		.uleb128 0x13
 409 007c 02       		.uleb128 0x2
 410 007d 18       		.uleb128 0x18
 411 007e 00       		.byte	0
 412 007f 00       		.byte	0
 413 0080 0A       		.uleb128 0xa
 414 0081 34       		.uleb128 0x34
 415 0082 00       		.byte	0
 416 0083 03       		.uleb128 0x3
 417 0084 0E       		.uleb128 0xe
 418 0085 3A       		.uleb128 0x3a
 419 0086 0B       		.uleb128 0xb
 420 0087 3B       		.uleb128 0x3b
 421 0088 0B       		.uleb128 0xb
 422 0089 49       		.uleb128 0x49
 423 008a 13       		.uleb128 0x13
 424 008b 02       		.uleb128 0x2
 425 008c 17       		.uleb128 0x17
 426 008d 00       		.byte	0
 427 008e 00       		.byte	0
 428 008f 0B       		.uleb128 0xb
 429 0090 34       		.uleb128 0x34
 430 0091 00       		.byte	0
 431 0092 03       		.uleb128 0x3
 432 0093 08       		.uleb128 0x8
 433 0094 3A       		.uleb128 0x3a
 434 0095 0B       		.uleb128 0xb
 435 0096 3B       		.uleb128 0x3b
 436 0097 0B       		.uleb128 0xb
 437 0098 49       		.uleb128 0x49
 438 0099 13       		.uleb128 0x13
 439 009a 02       		.uleb128 0x2
 440 009b 17       		.uleb128 0x17
 441 009c 00       		.byte	0
 442 009d 00       		.byte	0
 443 009e 00       		.byte	0
 444              		.section	.debug_loc,"",%progbits
 445              	.Ldebug_loc0:
 446              	.LLST0:
 447 0000 00000000 		.4byte	.LVL0-.Ltext0
 448 0004 10000000 		.4byte	.LVL2-.Ltext0
 449 0008 0100     		.2byte	0x1
 450 000a 50       		.byte	0x50
 451 000b 10000000 		.4byte	.LVL2-.Ltext0
 452 000f 42000000 		.4byte	.LVL12-.Ltext0
 453 0013 0300     		.2byte	0x3
 454 0015 74       		.byte	0x74
 455 0016 70       		.sleb128 -16
 456 0017 9F       		.byte	0x9f
ARM GAS  /tmp/cchVpEkE.s 			page 9


 457 0018 42000000 		.4byte	.LVL12-.Ltext0
 458 001c 46000000 		.4byte	.LVL13-.Ltext0
 459 0020 0100     		.2byte	0x1
 460 0022 54       		.byte	0x54
 461 0023 46000000 		.4byte	.LVL13-.Ltext0
 462 0027 52000000 		.4byte	.LVL14-.Ltext0
 463 002b 0300     		.2byte	0x3
 464 002d 74       		.byte	0x74
 465 002e 70       		.sleb128 -16
 466 002f 9F       		.byte	0x9f
 467 0030 52000000 		.4byte	.LVL14-.Ltext0
 468 0034 6C000000 		.4byte	.LFE135-.Ltext0
 469 0038 0100     		.2byte	0x1
 470 003a 50       		.byte	0x50
 471 003b 00000000 		.4byte	0
 472 003f 00000000 		.4byte	0
 473              	.LLST1:
 474 0043 00000000 		.4byte	.LVL0-.Ltext0
 475 0047 10000000 		.4byte	.LVL2-.Ltext0
 476 004b 0100     		.2byte	0x1
 477 004d 51       		.byte	0x51
 478 004e 52000000 		.4byte	.LVL14-.Ltext0
 479 0052 58000000 		.4byte	.LVL16-.Ltext0
 480 0056 0100     		.2byte	0x1
 481 0058 51       		.byte	0x51
 482 0059 00000000 		.4byte	0
 483 005d 00000000 		.4byte	0
 484              	.LLST2:
 485 0061 00000000 		.4byte	.LVL0-.Ltext0
 486 0065 56000000 		.4byte	.LVL15-.Ltext0
 487 0069 0100     		.2byte	0x1
 488 006b 52       		.byte	0x52
 489 006c 56000000 		.4byte	.LVL15-.Ltext0
 490 0070 6C000000 		.4byte	.LFE135-.Ltext0
 491 0074 0400     		.2byte	0x4
 492 0076 F3       		.byte	0xf3
 493 0077 01       		.uleb128 0x1
 494 0078 52       		.byte	0x52
 495 0079 9F       		.byte	0x9f
 496 007a 00000000 		.4byte	0
 497 007e 00000000 		.4byte	0
 498              	.LLST3:
 499 0082 00000000 		.4byte	.LVL0-.Ltext0
 500 0086 04000000 		.4byte	.LVL1-.Ltext0
 501 008a 0500     		.2byte	0x5
 502 008c 72       		.byte	0x72
 503 008d 00       		.sleb128 0
 504 008e 32       		.byte	0x32
 505 008f 25       		.byte	0x25
 506 0090 9F       		.byte	0x9f
 507 0091 04000000 		.4byte	.LVL1-.Ltext0
 508 0095 10000000 		.4byte	.LVL2-.Ltext0
 509 0099 0100     		.2byte	0x1
 510 009b 56       		.byte	0x56
 511 009c 10000000 		.4byte	.LVL2-.Ltext0
 512 00a0 32000000 		.4byte	.LVL11-.Ltext0
 513 00a4 0100     		.2byte	0x1
ARM GAS  /tmp/cchVpEkE.s 			page 10


 514 00a6 55       		.byte	0x55
 515 00a7 32000000 		.4byte	.LVL11-.Ltext0
 516 00ab 42000000 		.4byte	.LVL12-.Ltext0
 517 00af 0300     		.2byte	0x3
 518 00b1 75       		.byte	0x75
 519 00b2 01       		.sleb128 1
 520 00b3 9F       		.byte	0x9f
 521 00b4 52000000 		.4byte	.LVL14-.Ltext0
 522 00b8 56000000 		.4byte	.LVL15-.Ltext0
 523 00bc 0500     		.2byte	0x5
 524 00be 72       		.byte	0x72
 525 00bf 00       		.sleb128 0
 526 00c0 33       		.byte	0x33
 527 00c1 1A       		.byte	0x1a
 528 00c2 9F       		.byte	0x9f
 529 00c3 56000000 		.4byte	.LVL15-.Ltext0
 530 00c7 58000000 		.4byte	.LVL16-.Ltext0
 531 00cb 0100     		.2byte	0x1
 532 00cd 52       		.byte	0x52
 533 00ce 58000000 		.4byte	.LVL16-.Ltext0
 534 00d2 62000000 		.4byte	.LVL18-.Ltext0
 535 00d6 0300     		.2byte	0x3
 536 00d8 72       		.byte	0x72
 537 00d9 7F       		.sleb128 -1
 538 00da 9F       		.byte	0x9f
 539 00db 62000000 		.4byte	.LVL18-.Ltext0
 540 00df 6C000000 		.4byte	.LFE135-.Ltext0
 541 00e3 0100     		.2byte	0x1
 542 00e5 52       		.byte	0x52
 543 00e6 00000000 		.4byte	0
 544 00ea 00000000 		.4byte	0
 545              	.LLST4:
 546 00ee 14000000 		.4byte	.LVL3-.Ltext0
 547 00f2 18000000 		.4byte	.LVL4-.Ltext0
 548 00f6 0200     		.2byte	0x2
 549 00f8 90       		.byte	0x90
 550 00f9 4C       		.uleb128 0x4c
 551 00fa 18000000 		.4byte	.LVL4-.Ltext0
 552 00fe 24000000 		.4byte	.LVL7-.Ltext0
 553 0102 0800     		.2byte	0x8
 554 0104 F5       		.byte	0xf5
 555 0105 4C       		.uleb128 0x4c
 556 0106 21       		.uleb128 0x21
 557 0107 F5       		.byte	0xf5
 558 0108 40       		.uleb128 0x40
 559 0109 21       		.uleb128 0x21
 560 010a 1E       		.byte	0x1e
 561 010b 9F       		.byte	0x9f
 562 010c 24000000 		.4byte	.LVL7-.Ltext0
 563 0110 52000000 		.4byte	.LVL14-.Ltext0
 564 0114 0200     		.2byte	0x2
 565 0116 90       		.byte	0x90
 566 0117 4C       		.uleb128 0x4c
 567 0118 00000000 		.4byte	0
 568 011c 00000000 		.4byte	0
 569              	.LLST5:
 570 0120 18000000 		.4byte	.LVL4-.Ltext0
ARM GAS  /tmp/cchVpEkE.s 			page 11


 571 0124 1C000000 		.4byte	.LVL5-.Ltext0
 572 0128 0200     		.2byte	0x2
 573 012a 90       		.byte	0x90
 574 012b 4D       		.uleb128 0x4d
 575 012c 1C000000 		.4byte	.LVL5-.Ltext0
 576 0130 28000000 		.4byte	.LVL8-.Ltext0
 577 0134 0800     		.2byte	0x8
 578 0136 F5       		.byte	0xf5
 579 0137 4D       		.uleb128 0x4d
 580 0138 21       		.uleb128 0x21
 581 0139 F5       		.byte	0xf5
 582 013a 40       		.uleb128 0x40
 583 013b 21       		.uleb128 0x21
 584 013c 1E       		.byte	0x1e
 585 013d 9F       		.byte	0x9f
 586 013e 28000000 		.4byte	.LVL8-.Ltext0
 587 0142 52000000 		.4byte	.LVL14-.Ltext0
 588 0146 0200     		.2byte	0x2
 589 0148 90       		.byte	0x90
 590 0149 4D       		.uleb128 0x4d
 591 014a 00000000 		.4byte	0
 592 014e 00000000 		.4byte	0
 593              	.LLST6:
 594 0152 1C000000 		.4byte	.LVL5-.Ltext0
 595 0156 20000000 		.4byte	.LVL6-.Ltext0
 596 015a 0200     		.2byte	0x2
 597 015c 90       		.byte	0x90
 598 015d 4E       		.uleb128 0x4e
 599 015e 20000000 		.4byte	.LVL6-.Ltext0
 600 0162 2C000000 		.4byte	.LVL9-.Ltext0
 601 0166 0800     		.2byte	0x8
 602 0168 F5       		.byte	0xf5
 603 0169 4E       		.uleb128 0x4e
 604 016a 21       		.uleb128 0x21
 605 016b F5       		.byte	0xf5
 606 016c 40       		.uleb128 0x40
 607 016d 21       		.uleb128 0x21
 608 016e 1E       		.byte	0x1e
 609 016f 9F       		.byte	0x9f
 610 0170 2C000000 		.4byte	.LVL9-.Ltext0
 611 0174 52000000 		.4byte	.LVL14-.Ltext0
 612 0178 0200     		.2byte	0x2
 613 017a 90       		.byte	0x90
 614 017b 4E       		.uleb128 0x4e
 615 017c 00000000 		.4byte	0
 616 0180 00000000 		.4byte	0
 617              	.LLST7:
 618 0184 20000000 		.4byte	.LVL6-.Ltext0
 619 0188 30000000 		.4byte	.LVL10-.Ltext0
 620 018c 0800     		.2byte	0x8
 621 018e F5       		.byte	0xf5
 622 018f 4F       		.uleb128 0x4f
 623 0190 21       		.uleb128 0x21
 624 0191 F5       		.byte	0xf5
 625 0192 40       		.uleb128 0x40
 626 0193 21       		.uleb128 0x21
 627 0194 1E       		.byte	0x1e
ARM GAS  /tmp/cchVpEkE.s 			page 12


 628 0195 9F       		.byte	0x9f
 629 0196 30000000 		.4byte	.LVL10-.Ltext0
 630 019a 52000000 		.4byte	.LVL14-.Ltext0
 631 019e 0200     		.2byte	0x2
 632 01a0 90       		.byte	0x90
 633 01a1 4F       		.uleb128 0x4f
 634 01a2 00000000 		.4byte	0
 635 01a6 00000000 		.4byte	0
 636              		.section	.debug_aranges,"",%progbits
 637 0000 1C000000 		.4byte	0x1c
 638 0004 0200     		.2byte	0x2
 639 0006 00000000 		.4byte	.Ldebug_info0
 640 000a 04       		.byte	0x4
 641 000b 00       		.byte	0
 642 000c 0000     		.2byte	0
 643 000e 0000     		.2byte	0
 644 0010 00000000 		.4byte	.Ltext0
 645 0014 6C000000 		.4byte	.Letext0-.Ltext0
 646 0018 00000000 		.4byte	0
 647 001c 00000000 		.4byte	0
 648              		.section	.debug_line,"",%progbits
 649              	.Ldebug_line0:
 650 0000 8C010000 		.section	.debug_str,"MS",%progbits,1
 650      02005301 
 650      00000201 
 650      FB0E0D00 
 650      01010101 
 651              	.LASF7:
 652 0000 6C6F6E67 		.ascii	"long long int\000"
 652      206C6F6E 
 652      6720696E 
 652      7400
 653              	.LASF9:
 654 000e 756E7369 		.ascii	"unsigned int\000"
 654      676E6564 
 654      20696E74 
 654      00
 655              	.LASF19:
 656 001b 70447374 		.ascii	"pDst\000"
 656      00
 657              	.LASF23:
 658 0020 2F645F64 		.ascii	"/d_drive/axoloti/platform_linux/../CMSIS//DSP_Lib/S"
 658      72697665 
 658      2F61786F 
 658      6C6F7469 
 658      2F706C61 
 659 0053 6F757263 		.ascii	"ource/BasicMathFunctions/arm_scale_f32.c\000"
 659      652F4261 
 659      7369634D 
 659      61746846 
 659      756E6374 
 660              	.LASF10:
 661 007c 5F5F7569 		.ascii	"__uint32_t\000"
 661      6E743332 
 661      5F7400
 662              	.LASF20:
 663 0087 626C6F63 		.ascii	"blockSize\000"
ARM GAS  /tmp/cchVpEkE.s 			page 13


 663      6B53697A 
 663      6500
 664              	.LASF6:
 665 0091 6C6F6E67 		.ascii	"long unsigned int\000"
 665      20756E73 
 665      69676E65 
 665      6420696E 
 665      7400
 666              	.LASF8:
 667 00a3 6C6F6E67 		.ascii	"long long unsigned int\000"
 667      206C6F6E 
 667      6720756E 
 667      7369676E 
 667      65642069 
 668              	.LASF0:
 669 00ba 666C6F61 		.ascii	"float\000"
 669      7400
 670              	.LASF22:
 671 00c0 474E5520 		.ascii	"GNU C 4.9.3 20150529 (release) [ARM/embedded-4_9-br"
 671      4320342E 
 671      392E3320 
 671      32303135 
 671      30353239 
 672 00f3 616E6368 		.ascii	"anch revision 224288] -mcpu=cortex-m4 -mfloat-abi=h"
 672      20726576 
 672      6973696F 
 672      6E203232 
 672      34323838 
 673 0126 61726420 		.ascii	"ard -mfpu=fpv4-sp-d16 -mno-thumb-interwork -mthumb "
 673      2D6D6670 
 673      753D6670 
 673      76342D73 
 673      702D6431 
 674 0159 2D676764 		.ascii	"-ggdb -O2 -fomit-frame-pointer -falign-functions=16"
 674      62202D4F 
 674      32202D66 
 674      6F6D6974 
 674      2D667261 
 675 018c 202D666E 		.ascii	" -fno-math-errno -fsingle-precision-constant\000"
 675      6F2D6D61 
 675      74682D65 
 675      72726E6F 
 675      202D6673 
 676              	.LASF16:
 677 01b9 666C6F61 		.ascii	"float32_t\000"
 677      7433325F 
 677      7400
 678              	.LASF2:
 679 01c3 756E7369 		.ascii	"unsigned char\000"
 679      676E6564 
 679      20636861 
 679      7200
 680              	.LASF13:
 681 01d1 63686172 		.ascii	"char\000"
 681      00
 682              	.LASF11:
 683 01d6 75696E74 		.ascii	"uint32_t\000"
ARM GAS  /tmp/cchVpEkE.s 			page 14


 683      33325F74 
 683      00
 684              	.LASF5:
 685 01df 6C6F6E67 		.ascii	"long int\000"
 685      20696E74 
 685      00
 686              	.LASF17:
 687 01e8 70537263 		.ascii	"pSrc\000"
 687      00
 688              	.LASF3:
 689 01ed 73686F72 		.ascii	"short int\000"
 689      7420696E 
 689      7400
 690              	.LASF14:
 691 01f7 646F7562 		.ascii	"double\000"
 691      6C6500
 692              	.LASF21:
 693 01fe 626C6B43 		.ascii	"blkCnt\000"
 693      6E7400
 694              	.LASF4:
 695 0205 73686F72 		.ascii	"short unsigned int\000"
 695      7420756E 
 695      7369676E 
 695      65642069 
 695      6E7400
 696              	.LASF1:
 697 0218 7369676E 		.ascii	"signed char\000"
 697      65642063 
 697      68617200 
 698              	.LASF18:
 699 0224 7363616C 		.ascii	"scale\000"
 699      6500
 700              	.LASF15:
 701 022a 6C6F6E67 		.ascii	"long double\000"
 701      20646F75 
 701      626C6500 
 702              	.LASF24:
 703 0236 61726D5F 		.ascii	"arm_scale_f32\000"
 703      7363616C 
 703      655F6633 
 703      3200
 704              	.LASF12:
 705 0244 73697A65 		.ascii	"sizetype\000"
 705      74797065 
 705      00
 706              		.ident	"GCC: (GNU Tools for ARM Embedded Processors) 4.9.3 20150529 (release) [ARM/embedded-4_9-br
ARM GAS  /tmp/cchVpEkE.s 			page 15


DEFINED SYMBOLS
                            *ABS*:00000000 arm_scale_f32.c
     /tmp/cchVpEkE.s:20     .text:00000000 $t
     /tmp/cchVpEkE.s:26     .text:00000000 arm_scale_f32
                     .debug_frame:00000010 $d

NO UNDEFINED SYMBOLS
