ARM GAS  /tmp/cckCqwlx.s 			page 1


   1              		.syntax unified
   2              		.cpu cortex-m4
   3              		.eabi_attribute 27, 1
   4              		.eabi_attribute 28, 1
   5              		.fpu fpv4-sp-d16
   6              		.eabi_attribute 20, 1
   7              		.eabi_attribute 21, 1
   8              		.eabi_attribute 23, 3
   9              		.eabi_attribute 24, 1
  10              		.eabi_attribute 25, 1
  11              		.eabi_attribute 26, 1
  12              		.eabi_attribute 30, 2
  13              		.eabi_attribute 34, 1
  14              		.eabi_attribute 18, 4
  15              		.thumb
  16              		.file	"arm_cfft_radix4_init_f32.c"
  17              		.text
  18              	.Ltext0:
  19              		.cfi_sections	.debug_frame
  20              		.align	2
  21              		.p2align 4,,15
  22              		.global	arm_cfft_radix4_init_f32
  23              		.thumb
  24              		.thumb_func
  25              		.type	arm_cfft_radix4_init_f32, %function
  26              	arm_cfft_radix4_init_f32:
  27              	.LFB135:
  28              		.file 1 "/home/sbcu/Dropbox/pcb-layouts/axo-on-discovery-board/axoloti/platform_linux/../CMSIS//DS
  29              		.loc 1 82 0
  30              		.cfi_startproc
  31              		@ args = 0, pretend = 0, frame = 0
  32              		@ frame_needed = 0, uses_anonymous_args = 0
  33              		@ link register save eliminated.
  34              	.LVL0:
  35 0000 10B4     		push	{r4}
  36              		.cfi_def_cfa_offset 4
  37              		.cfi_offset 4, -4
  38              		.loc 1 99 0
  39 0002 B1F5807F 		cmp	r1, #256
  40              		.loc 1 90 0
  41 0006 2B4C     		ldr	r4, .L12
  42              		.loc 1 93 0
  43 0008 8270     		strb	r2, [r0, #2]
  44              		.loc 1 96 0
  45 000a C370     		strb	r3, [r0, #3]
  46              		.loc 1 87 0
  47 000c 0180     		strh	r1, [r0]	@ movhi
  48              		.loc 1 90 0
  49 000e 4460     		str	r4, [r0, #4]
  50              		.loc 1 99 0
  51 0010 43D0     		beq	.L3
  52 0012 0FD8     		bhi	.L4
  53 0014 1029     		cmp	r1, #16
  54 0016 32D0     		beq	.L5
  55 0018 4029     		cmp	r1, #64
  56 001a 1ED1     		bne	.L9
  57              		.loc 1 142 0
ARM GAS  /tmp/cckCqwlx.s 			page 2


  58 001c 4FF07252 		mov	r2, #1015021568
  59              	.LVL1:
  60              		.loc 1 141 0
  61 0020 254B     		ldr	r3, .L12+4
  62              	.LVL2:
  63              		.loc 1 139 0
  64 0022 8181     		strh	r1, [r0, #12]	@ movhi
  65              		.loc 1 140 0
  66 0024 C181     		strh	r1, [r0, #14]	@ movhi
  67              		.loc 1 142 0
  68 0026 0261     		str	r2, [r0, #16]	@ float
  69              		.loc 1 141 0
  70 0028 8360     		str	r3, [r0, #8]
  71              		.loc 1 84 0
  72 002a 0020     		movs	r0, #0
  73              	.LVL3:
  74              		.loc 1 161 0
  75 002c 40B2     		sxtb	r0, r0
  76 002e 5DF8044B 		ldr	r4, [sp], #4
  77              		.cfi_remember_state
  78              		.cfi_restore 4
  79              		.cfi_def_cfa_offset 0
  80 0032 7047     		bx	lr
  81              	.LVL4:
  82              	.L4:
  83              		.cfi_restore_state
  84              		.loc 1 99 0
  85 0034 B1F5806F 		cmp	r1, #1024
  86 0038 14D0     		beq	.L7
  87 003a B1F5805F 		cmp	r1, #4096
  88 003e 0CD1     		bne	.L9
  89              		.loc 1 112 0
  90 0040 4FF06653 		mov	r3, #964689920
  91              	.LVL5:
  92 0044 0361     		str	r3, [r0, #16]	@ float
  93              		.loc 1 110 0
  94 0046 1D4A     		ldr	r2, .L12+8
  95              	.LVL6:
  96 0048 8260     		str	r2, [r0, #8]
  97              		.loc 1 106 0
  98 004a 0123     		movs	r3, #1
  99 004c 8381     		strh	r3, [r0, #12]	@ movhi
 100              		.loc 1 108 0
 101 004e C381     		strh	r3, [r0, #14]	@ movhi
 102              		.loc 1 84 0
 103 0050 0020     		movs	r0, #0
 104              	.LVL7:
 105              		.loc 1 161 0
 106 0052 40B2     		sxtb	r0, r0
 107 0054 5DF8044B 		ldr	r4, [sp], #4
 108              		.cfi_remember_state
 109              		.cfi_restore 4
 110              		.cfi_def_cfa_offset 0
 111 0058 7047     		bx	lr
 112              	.LVL8:
 113              	.L9:
 114              		.cfi_restore_state
ARM GAS  /tmp/cckCqwlx.s 			page 3


 115              		.loc 1 156 0
 116 005a FF20     		movs	r0, #255
 117              	.LVL9:
 118              		.loc 1 161 0
 119 005c 40B2     		sxtb	r0, r0
 120 005e 5DF8044B 		ldr	r4, [sp], #4
 121              		.cfi_remember_state
 122              		.cfi_restore 4
 123              		.cfi_def_cfa_offset 0
 124 0062 7047     		bx	lr
 125              	.LVL10:
 126              	.L7:
 127              		.cfi_restore_state
 128              		.loc 1 125 0
 129 0064 4FF06A53 		mov	r3, #981467136
 130              	.LVL11:
 131 0068 0361     		str	r3, [r0, #16]	@ float
 132              		.loc 1 123 0
 133 006a 154A     		ldr	r2, .L12+12
 134              	.LVL12:
 135 006c 8260     		str	r2, [r0, #8]
 136              		.loc 1 119 0
 137 006e 0423     		movs	r3, #4
 138 0070 8381     		strh	r3, [r0, #12]	@ movhi
 139              		.loc 1 121 0
 140 0072 C381     		strh	r3, [r0, #14]	@ movhi
 141              		.loc 1 84 0
 142 0074 0020     		movs	r0, #0
 143              	.LVL13:
 144              		.loc 1 161 0
 145 0076 40B2     		sxtb	r0, r0
 146 0078 5DF8044B 		ldr	r4, [sp], #4
 147              		.cfi_remember_state
 148              		.cfi_restore 4
 149              		.cfi_def_cfa_offset 0
 150 007c 7047     		bx	lr
 151              	.LVL14:
 152              	.L5:
 153              		.cfi_restore_state
 154              		.loc 1 150 0
 155 007e 4FF07653 		mov	r3, #1031798784
 156              	.LVL15:
 157 0082 0361     		str	r3, [r0, #16]	@ float
 158              		.loc 1 149 0
 159 0084 0F4A     		ldr	r2, .L12+16
 160              	.LVL16:
 161 0086 8260     		str	r2, [r0, #8]
 162              		.loc 1 147 0
 163 0088 4FF48073 		mov	r3, #256
 164 008c 8381     		strh	r3, [r0, #12]	@ movhi
 165              		.loc 1 148 0
 166 008e C381     		strh	r3, [r0, #14]	@ movhi
 167              		.loc 1 84 0
 168 0090 0020     		movs	r0, #0
 169              	.LVL17:
 170              		.loc 1 161 0
 171 0092 40B2     		sxtb	r0, r0
ARM GAS  /tmp/cckCqwlx.s 			page 4


 172 0094 5DF8044B 		ldr	r4, [sp], #4
 173              		.cfi_remember_state
 174              		.cfi_restore 4
 175              		.cfi_def_cfa_offset 0
 176 0098 7047     		bx	lr
 177              	.LVL18:
 178              	.L3:
 179              		.cfi_restore_state
 180              		.loc 1 134 0
 181 009a 4FF06E53 		mov	r3, #998244352
 182              	.LVL19:
 183 009e 0361     		str	r3, [r0, #16]	@ float
 184              		.loc 1 133 0
 185 00a0 094A     		ldr	r2, .L12+20
 186              	.LVL20:
 187 00a2 8260     		str	r2, [r0, #8]
 188              		.loc 1 131 0
 189 00a4 1023     		movs	r3, #16
 190 00a6 8381     		strh	r3, [r0, #12]	@ movhi
 191              		.loc 1 132 0
 192 00a8 C381     		strh	r3, [r0, #14]	@ movhi
 193              		.loc 1 84 0
 194 00aa 0020     		movs	r0, #0
 195              	.LVL21:
 196              		.loc 1 161 0
 197 00ac 40B2     		sxtb	r0, r0
 198 00ae 5DF8044B 		ldr	r4, [sp], #4
 199              		.cfi_restore 4
 200              		.cfi_def_cfa_offset 0
 201 00b2 7047     		bx	lr
 202              	.L13:
 203              		.align	2
 204              	.L12:
 205 00b4 00000000 		.word	twiddleCoef_4096
 206 00b8 7E000000 		.word	armBitRevTable+126
 207 00bc 00000000 		.word	armBitRevTable
 208 00c0 06000000 		.word	armBitRevTable+6
 209 00c4 FE010000 		.word	armBitRevTable+510
 210 00c8 1E000000 		.word	armBitRevTable+30
 211              		.cfi_endproc
 212              	.LFE135:
 213              		.size	arm_cfft_radix4_init_f32, .-arm_cfft_radix4_init_f32
 214              	.Letext0:
 215              		.file 2 "/home/sbcu/Dropbox/pcb-layouts/axo-on-discovery-board/axoloti/platform_linux/arm-none-eab
 216              		.file 3 "/home/sbcu/Dropbox/pcb-layouts/axo-on-discovery-board/axoloti/platform_linux/arm-none-eab
 217              		.file 4 "/home/sbcu/Dropbox/pcb-layouts/axo-on-discovery-board/axoloti/platform_linux/../CMSIS//DS
 218              		.file 5 "/home/sbcu/Dropbox/pcb-layouts/axo-on-discovery-board/axoloti/platform_linux/../CMSIS//DS
 219              		.section	.debug_info,"",%progbits
 220              	.Ldebug_info0:
 221 0000 32020000 		.4byte	0x232
 222 0004 0400     		.2byte	0x4
 223 0006 00000000 		.4byte	.Ldebug_abbrev0
 224 000a 04       		.byte	0x4
 225 000b 01       		.uleb128 0x1
 226 000c 00000000 		.4byte	.LASF38
 227 0010 01       		.byte	0x1
 228 0011 59020000 		.4byte	.LASF39
ARM GAS  /tmp/cckCqwlx.s 			page 5


 229 0015 00000000 		.4byte	.Ltext0
 230 0019 CC000000 		.4byte	.Letext0-.Ltext0
 231 001d 00000000 		.4byte	.Ldebug_line0
 232 0021 02       		.uleb128 0x2
 233 0022 01       		.byte	0x1
 234 0023 06       		.byte	0x6
 235 0024 94030000 		.4byte	.LASF0
 236 0028 03       		.uleb128 0x3
 237 0029 F9000000 		.4byte	.LASF3
 238 002d 02       		.byte	0x2
 239 002e 1D       		.byte	0x1d
 240 002f 33000000 		.4byte	0x33
 241 0033 02       		.uleb128 0x2
 242 0034 01       		.byte	0x1
 243 0035 08       		.byte	0x8
 244 0036 71010000 		.4byte	.LASF1
 245 003a 02       		.uleb128 0x2
 246 003b 02       		.byte	0x2
 247 003c 05       		.byte	0x5
 248 003d 6C030000 		.4byte	.LASF2
 249 0041 03       		.uleb128 0x3
 250 0042 EB010000 		.4byte	.LASF4
 251 0046 02       		.byte	0x2
 252 0047 2B       		.byte	0x2b
 253 0048 4C000000 		.4byte	0x4c
 254 004c 02       		.uleb128 0x2
 255 004d 02       		.byte	0x2
 256 004e 07       		.byte	0x7
 257 004f BB010000 		.4byte	.LASF5
 258 0053 02       		.uleb128 0x2
 259 0054 04       		.byte	0x4
 260 0055 05       		.byte	0x5
 261 0056 7F030000 		.4byte	.LASF6
 262 005a 02       		.uleb128 0x2
 263 005b 04       		.byte	0x4
 264 005c 07       		.byte	0x7
 265 005d A9010000 		.4byte	.LASF7
 266 0061 02       		.uleb128 0x2
 267 0062 08       		.byte	0x8
 268 0063 05       		.byte	0x5
 269 0064 0C030000 		.4byte	.LASF8
 270 0068 02       		.uleb128 0x2
 271 0069 08       		.byte	0x8
 272 006a 07       		.byte	0x7
 273 006b 2B020000 		.4byte	.LASF9
 274 006f 04       		.uleb128 0x4
 275 0070 04       		.byte	0x4
 276 0071 05       		.byte	0x5
 277 0072 696E7400 		.ascii	"int\000"
 278 0076 02       		.uleb128 0x2
 279 0077 04       		.byte	0x4
 280 0078 07       		.byte	0x7
 281 0079 1E020000 		.4byte	.LASF10
 282 007d 03       		.uleb128 0x3
 283 007e 42020000 		.4byte	.LASF11
 284 0082 03       		.byte	0x3
 285 0083 14       		.byte	0x14
ARM GAS  /tmp/cckCqwlx.s 			page 6


 286 0084 28000000 		.4byte	0x28
 287 0088 03       		.uleb128 0x3
 288 0089 76030000 		.4byte	.LASF12
 289 008d 03       		.byte	0x3
 290 008e 1A       		.byte	0x1a
 291 008f 41000000 		.4byte	0x41
 292 0093 02       		.uleb128 0x2
 293 0094 04       		.byte	0x4
 294 0095 07       		.byte	0x7
 295 0096 03030000 		.4byte	.LASF13
 296 009a 02       		.uleb128 0x2
 297 009b 01       		.byte	0x1
 298 009c 08       		.byte	0x8
 299 009d 3C030000 		.4byte	.LASF14
 300 00a1 02       		.uleb128 0x2
 301 00a2 08       		.byte	0x8
 302 00a3 04       		.byte	0x4
 303 00a4 F6010000 		.4byte	.LASF15
 304 00a8 02       		.uleb128 0x2
 305 00a9 04       		.byte	0x4
 306 00aa 04       		.byte	0x4
 307 00ab 6B010000 		.4byte	.LASF16
 308 00af 02       		.uleb128 0x2
 309 00b0 08       		.byte	0x8
 310 00b1 04       		.byte	0x4
 311 00b2 88030000 		.4byte	.LASF17
 312 00b6 05       		.uleb128 0x5
 313 00b7 01       		.byte	0x1
 314 00b8 04       		.byte	0x4
 315 00b9 8901     		.2byte	0x189
 316 00bb EA000000 		.4byte	0xea
 317 00bf 06       		.uleb128 0x6
 318 00c0 5B030000 		.4byte	.LASF18
 319 00c4 00       		.sleb128 0
 320 00c5 06       		.uleb128 0x6
 321 00c6 FD010000 		.4byte	.LASF19
 322 00ca 7F       		.sleb128 -1
 323 00cb 06       		.uleb128 0x6
 324 00cc ED020000 		.4byte	.LASF20
 325 00d0 7E       		.sleb128 -2
 326 00d1 06       		.uleb128 0x6
 327 00d2 47010000 		.4byte	.LASF21
 328 00d6 7D       		.sleb128 -3
 329 00d7 06       		.uleb128 0x6
 330 00d8 41030000 		.4byte	.LASF22
 331 00dc 7C       		.sleb128 -4
 332 00dd 06       		.uleb128 0x6
 333 00de AB030000 		.4byte	.LASF23
 334 00e2 7B       		.sleb128 -5
 335 00e3 06       		.uleb128 0x6
 336 00e4 D5010000 		.4byte	.LASF24
 337 00e8 7A       		.sleb128 -6
 338 00e9 00       		.byte	0
 339 00ea 07       		.uleb128 0x7
 340 00eb A0030000 		.4byte	.LASF25
 341 00ef 04       		.byte	0x4
 342 00f0 9101     		.2byte	0x191
ARM GAS  /tmp/cckCqwlx.s 			page 7


 343 00f2 B6000000 		.4byte	0xb6
 344 00f6 07       		.uleb128 0x7
 345 00f7 51030000 		.4byte	.LASF26
 346 00fb 04       		.byte	0x4
 347 00fc AA01     		.2byte	0x1aa
 348 00fe A8000000 		.4byte	0xa8
 349 0102 08       		.uleb128 0x8
 350 0103 04       		.byte	0x4
 351 0104 F6000000 		.4byte	0xf6
 352 0108 08       		.uleb128 0x8
 353 0109 04       		.byte	0x4
 354 010a 88000000 		.4byte	0x88
 355 010e 09       		.uleb128 0x9
 356 010f 14       		.byte	0x14
 357 0110 04       		.byte	0x4
 358 0111 6608     		.2byte	0x866
 359 0113 80010000 		.4byte	0x180
 360 0117 0A       		.uleb128 0xa
 361 0118 CE010000 		.4byte	.LASF27
 362 011c 04       		.byte	0x4
 363 011d 6808     		.2byte	0x868
 364 011f 88000000 		.4byte	0x88
 365 0123 00       		.byte	0
 366 0124 0A       		.uleb128 0xa
 367 0125 15020000 		.4byte	.LASF28
 368 0129 04       		.byte	0x4
 369 012a 6908     		.2byte	0x869
 370 012c 7D000000 		.4byte	0x7d
 371 0130 02       		.byte	0x2
 372 0131 0A       		.uleb128 0xa
 373 0132 4A020000 		.4byte	.LASF29
 374 0136 04       		.byte	0x4
 375 0137 6A08     		.2byte	0x86a
 376 0139 7D000000 		.4byte	0x7d
 377 013d 03       		.byte	0x3
 378 013e 0A       		.uleb128 0xa
 379 013f 33030000 		.4byte	.LASF30
 380 0143 04       		.byte	0x4
 381 0144 6B08     		.2byte	0x86b
 382 0146 02010000 		.4byte	0x102
 383 014a 04       		.byte	0x4
 384 014b 0A       		.uleb128 0xa
 385 014c 5E010000 		.4byte	.LASF31
 386 0150 04       		.byte	0x4
 387 0151 6C08     		.2byte	0x86c
 388 0153 08010000 		.4byte	0x108
 389 0157 08       		.byte	0x8
 390 0158 0A       		.uleb128 0xa
 391 0159 2F010000 		.4byte	.LASF32
 392 015d 04       		.byte	0x4
 393 015e 6D08     		.2byte	0x86d
 394 0160 88000000 		.4byte	0x88
 395 0164 0C       		.byte	0xc
 396 0165 0A       		.uleb128 0xa
 397 0166 7F010000 		.4byte	.LASF33
 398 016a 04       		.byte	0x4
 399 016b 6E08     		.2byte	0x86e
ARM GAS  /tmp/cckCqwlx.s 			page 8


 400 016d 88000000 		.4byte	0x88
 401 0171 0E       		.byte	0xe
 402 0172 0A       		.uleb128 0xa
 403 0173 9D010000 		.4byte	.LASF34
 404 0177 04       		.byte	0x4
 405 0178 6F08     		.2byte	0x86f
 406 017a F6000000 		.4byte	0xf6
 407 017e 10       		.byte	0x10
 408 017f 00       		.byte	0
 409 0180 07       		.uleb128 0x7
 410 0181 12010000 		.4byte	.LASF35
 411 0185 04       		.byte	0x4
 412 0186 7008     		.2byte	0x870
 413 0188 0E010000 		.4byte	0x10e
 414 018c 08       		.uleb128 0x8
 415 018d 04       		.byte	0x4
 416 018e 80010000 		.4byte	0x180
 417 0192 0B       		.uleb128 0xb
 418 0193 1A030000 		.4byte	.LASF40
 419 0197 01       		.byte	0x1
 420 0198 4D       		.byte	0x4d
 421 0199 EA000000 		.4byte	0xea
 422 019d 00000000 		.4byte	.LFB135
 423 01a1 CC000000 		.4byte	.LFE135-.LFB135
 424 01a5 01       		.uleb128 0x1
 425 01a6 9C       		.byte	0x9c
 426 01a7 F3010000 		.4byte	0x1f3
 427 01ab 0C       		.uleb128 0xc
 428 01ac 5300     		.ascii	"S\000"
 429 01ae 01       		.byte	0x1
 430 01af 4E       		.byte	0x4e
 431 01b0 8C010000 		.4byte	0x18c
 432 01b4 00000000 		.4byte	.LLST0
 433 01b8 0D       		.uleb128 0xd
 434 01b9 CE010000 		.4byte	.LASF27
 435 01bd 01       		.byte	0x1
 436 01be 4F       		.byte	0x4f
 437 01bf 88000000 		.4byte	0x88
 438 01c3 01       		.uleb128 0x1
 439 01c4 51       		.byte	0x51
 440 01c5 0E       		.uleb128 0xe
 441 01c6 15020000 		.4byte	.LASF28
 442 01ca 01       		.byte	0x1
 443 01cb 50       		.byte	0x50
 444 01cc 7D000000 		.4byte	0x7d
 445 01d0 9E000000 		.4byte	.LLST1
 446 01d4 0E       		.uleb128 0xe
 447 01d5 4A020000 		.4byte	.LASF29
 448 01d9 01       		.byte	0x1
 449 01da 51       		.byte	0x51
 450 01db 7D000000 		.4byte	0x7d
 451 01df 64010000 		.4byte	.LLST2
 452 01e3 0F       		.uleb128 0xf
 453 01e4 40010000 		.4byte	.LASF41
 454 01e8 01       		.byte	0x1
 455 01e9 54       		.byte	0x54
 456 01ea EA000000 		.4byte	0xea
ARM GAS  /tmp/cckCqwlx.s 			page 9


 457 01ee 2A020000 		.4byte	.LLST3
 458 01f2 00       		.byte	0
 459 01f3 10       		.uleb128 0x10
 460 01f4 88000000 		.4byte	0x88
 461 01f8 04020000 		.4byte	0x204
 462 01fc 11       		.uleb128 0x11
 463 01fd 93000000 		.4byte	0x93
 464 0201 FF03     		.2byte	0x3ff
 465 0203 00       		.byte	0
 466 0204 12       		.uleb128 0x12
 467 0205 03010000 		.4byte	.LASF36
 468 0209 05       		.byte	0x5
 469 020a 2E       		.byte	0x2e
 470 020b 0F020000 		.4byte	0x20f
 471 020f 13       		.uleb128 0x13
 472 0210 F3010000 		.4byte	0x1f3
 473 0214 10       		.uleb128 0x10
 474 0215 F6000000 		.4byte	0xf6
 475 0219 25020000 		.4byte	0x225
 476 021d 11       		.uleb128 0x11
 477 021e 93000000 		.4byte	0x93
 478 0222 FF1F     		.2byte	0x1fff
 479 0224 00       		.byte	0
 480 0225 12       		.uleb128 0x12
 481 0226 8C010000 		.4byte	.LASF37
 482 022a 05       		.byte	0x5
 483 022b 39       		.byte	0x39
 484 022c 30020000 		.4byte	0x230
 485 0230 13       		.uleb128 0x13
 486 0231 14020000 		.4byte	0x214
 487 0235 00       		.byte	0
 488              		.section	.debug_abbrev,"",%progbits
 489              	.Ldebug_abbrev0:
 490 0000 01       		.uleb128 0x1
 491 0001 11       		.uleb128 0x11
 492 0002 01       		.byte	0x1
 493 0003 25       		.uleb128 0x25
 494 0004 0E       		.uleb128 0xe
 495 0005 13       		.uleb128 0x13
 496 0006 0B       		.uleb128 0xb
 497 0007 03       		.uleb128 0x3
 498 0008 0E       		.uleb128 0xe
 499 0009 11       		.uleb128 0x11
 500 000a 01       		.uleb128 0x1
 501 000b 12       		.uleb128 0x12
 502 000c 06       		.uleb128 0x6
 503 000d 10       		.uleb128 0x10
 504 000e 17       		.uleb128 0x17
 505 000f 00       		.byte	0
 506 0010 00       		.byte	0
 507 0011 02       		.uleb128 0x2
 508 0012 24       		.uleb128 0x24
 509 0013 00       		.byte	0
 510 0014 0B       		.uleb128 0xb
 511 0015 0B       		.uleb128 0xb
 512 0016 3E       		.uleb128 0x3e
 513 0017 0B       		.uleb128 0xb
ARM GAS  /tmp/cckCqwlx.s 			page 10


 514 0018 03       		.uleb128 0x3
 515 0019 0E       		.uleb128 0xe
 516 001a 00       		.byte	0
 517 001b 00       		.byte	0
 518 001c 03       		.uleb128 0x3
 519 001d 16       		.uleb128 0x16
 520 001e 00       		.byte	0
 521 001f 03       		.uleb128 0x3
 522 0020 0E       		.uleb128 0xe
 523 0021 3A       		.uleb128 0x3a
 524 0022 0B       		.uleb128 0xb
 525 0023 3B       		.uleb128 0x3b
 526 0024 0B       		.uleb128 0xb
 527 0025 49       		.uleb128 0x49
 528 0026 13       		.uleb128 0x13
 529 0027 00       		.byte	0
 530 0028 00       		.byte	0
 531 0029 04       		.uleb128 0x4
 532 002a 24       		.uleb128 0x24
 533 002b 00       		.byte	0
 534 002c 0B       		.uleb128 0xb
 535 002d 0B       		.uleb128 0xb
 536 002e 3E       		.uleb128 0x3e
 537 002f 0B       		.uleb128 0xb
 538 0030 03       		.uleb128 0x3
 539 0031 08       		.uleb128 0x8
 540 0032 00       		.byte	0
 541 0033 00       		.byte	0
 542 0034 05       		.uleb128 0x5
 543 0035 04       		.uleb128 0x4
 544 0036 01       		.byte	0x1
 545 0037 0B       		.uleb128 0xb
 546 0038 0B       		.uleb128 0xb
 547 0039 3A       		.uleb128 0x3a
 548 003a 0B       		.uleb128 0xb
 549 003b 3B       		.uleb128 0x3b
 550 003c 05       		.uleb128 0x5
 551 003d 01       		.uleb128 0x1
 552 003e 13       		.uleb128 0x13
 553 003f 00       		.byte	0
 554 0040 00       		.byte	0
 555 0041 06       		.uleb128 0x6
 556 0042 28       		.uleb128 0x28
 557 0043 00       		.byte	0
 558 0044 03       		.uleb128 0x3
 559 0045 0E       		.uleb128 0xe
 560 0046 1C       		.uleb128 0x1c
 561 0047 0D       		.uleb128 0xd
 562 0048 00       		.byte	0
 563 0049 00       		.byte	0
 564 004a 07       		.uleb128 0x7
 565 004b 16       		.uleb128 0x16
 566 004c 00       		.byte	0
 567 004d 03       		.uleb128 0x3
 568 004e 0E       		.uleb128 0xe
 569 004f 3A       		.uleb128 0x3a
 570 0050 0B       		.uleb128 0xb
ARM GAS  /tmp/cckCqwlx.s 			page 11


 571 0051 3B       		.uleb128 0x3b
 572 0052 05       		.uleb128 0x5
 573 0053 49       		.uleb128 0x49
 574 0054 13       		.uleb128 0x13
 575 0055 00       		.byte	0
 576 0056 00       		.byte	0
 577 0057 08       		.uleb128 0x8
 578 0058 0F       		.uleb128 0xf
 579 0059 00       		.byte	0
 580 005a 0B       		.uleb128 0xb
 581 005b 0B       		.uleb128 0xb
 582 005c 49       		.uleb128 0x49
 583 005d 13       		.uleb128 0x13
 584 005e 00       		.byte	0
 585 005f 00       		.byte	0
 586 0060 09       		.uleb128 0x9
 587 0061 13       		.uleb128 0x13
 588 0062 01       		.byte	0x1
 589 0063 0B       		.uleb128 0xb
 590 0064 0B       		.uleb128 0xb
 591 0065 3A       		.uleb128 0x3a
 592 0066 0B       		.uleb128 0xb
 593 0067 3B       		.uleb128 0x3b
 594 0068 05       		.uleb128 0x5
 595 0069 01       		.uleb128 0x1
 596 006a 13       		.uleb128 0x13
 597 006b 00       		.byte	0
 598 006c 00       		.byte	0
 599 006d 0A       		.uleb128 0xa
 600 006e 0D       		.uleb128 0xd
 601 006f 00       		.byte	0
 602 0070 03       		.uleb128 0x3
 603 0071 0E       		.uleb128 0xe
 604 0072 3A       		.uleb128 0x3a
 605 0073 0B       		.uleb128 0xb
 606 0074 3B       		.uleb128 0x3b
 607 0075 05       		.uleb128 0x5
 608 0076 49       		.uleb128 0x49
 609 0077 13       		.uleb128 0x13
 610 0078 38       		.uleb128 0x38
 611 0079 0B       		.uleb128 0xb
 612 007a 00       		.byte	0
 613 007b 00       		.byte	0
 614 007c 0B       		.uleb128 0xb
 615 007d 2E       		.uleb128 0x2e
 616 007e 01       		.byte	0x1
 617 007f 3F       		.uleb128 0x3f
 618 0080 19       		.uleb128 0x19
 619 0081 03       		.uleb128 0x3
 620 0082 0E       		.uleb128 0xe
 621 0083 3A       		.uleb128 0x3a
 622 0084 0B       		.uleb128 0xb
 623 0085 3B       		.uleb128 0x3b
 624 0086 0B       		.uleb128 0xb
 625 0087 27       		.uleb128 0x27
 626 0088 19       		.uleb128 0x19
 627 0089 49       		.uleb128 0x49
ARM GAS  /tmp/cckCqwlx.s 			page 12


 628 008a 13       		.uleb128 0x13
 629 008b 11       		.uleb128 0x11
 630 008c 01       		.uleb128 0x1
 631 008d 12       		.uleb128 0x12
 632 008e 06       		.uleb128 0x6
 633 008f 40       		.uleb128 0x40
 634 0090 18       		.uleb128 0x18
 635 0091 9742     		.uleb128 0x2117
 636 0093 19       		.uleb128 0x19
 637 0094 01       		.uleb128 0x1
 638 0095 13       		.uleb128 0x13
 639 0096 00       		.byte	0
 640 0097 00       		.byte	0
 641 0098 0C       		.uleb128 0xc
 642 0099 05       		.uleb128 0x5
 643 009a 00       		.byte	0
 644 009b 03       		.uleb128 0x3
 645 009c 08       		.uleb128 0x8
 646 009d 3A       		.uleb128 0x3a
 647 009e 0B       		.uleb128 0xb
 648 009f 3B       		.uleb128 0x3b
 649 00a0 0B       		.uleb128 0xb
 650 00a1 49       		.uleb128 0x49
 651 00a2 13       		.uleb128 0x13
 652 00a3 02       		.uleb128 0x2
 653 00a4 17       		.uleb128 0x17
 654 00a5 00       		.byte	0
 655 00a6 00       		.byte	0
 656 00a7 0D       		.uleb128 0xd
 657 00a8 05       		.uleb128 0x5
 658 00a9 00       		.byte	0
 659 00aa 03       		.uleb128 0x3
 660 00ab 0E       		.uleb128 0xe
 661 00ac 3A       		.uleb128 0x3a
 662 00ad 0B       		.uleb128 0xb
 663 00ae 3B       		.uleb128 0x3b
 664 00af 0B       		.uleb128 0xb
 665 00b0 49       		.uleb128 0x49
 666 00b1 13       		.uleb128 0x13
 667 00b2 02       		.uleb128 0x2
 668 00b3 18       		.uleb128 0x18
 669 00b4 00       		.byte	0
 670 00b5 00       		.byte	0
 671 00b6 0E       		.uleb128 0xe
 672 00b7 05       		.uleb128 0x5
 673 00b8 00       		.byte	0
 674 00b9 03       		.uleb128 0x3
 675 00ba 0E       		.uleb128 0xe
 676 00bb 3A       		.uleb128 0x3a
 677 00bc 0B       		.uleb128 0xb
 678 00bd 3B       		.uleb128 0x3b
 679 00be 0B       		.uleb128 0xb
 680 00bf 49       		.uleb128 0x49
 681 00c0 13       		.uleb128 0x13
 682 00c1 02       		.uleb128 0x2
 683 00c2 17       		.uleb128 0x17
 684 00c3 00       		.byte	0
ARM GAS  /tmp/cckCqwlx.s 			page 13


 685 00c4 00       		.byte	0
 686 00c5 0F       		.uleb128 0xf
 687 00c6 34       		.uleb128 0x34
 688 00c7 00       		.byte	0
 689 00c8 03       		.uleb128 0x3
 690 00c9 0E       		.uleb128 0xe
 691 00ca 3A       		.uleb128 0x3a
 692 00cb 0B       		.uleb128 0xb
 693 00cc 3B       		.uleb128 0x3b
 694 00cd 0B       		.uleb128 0xb
 695 00ce 49       		.uleb128 0x49
 696 00cf 13       		.uleb128 0x13
 697 00d0 02       		.uleb128 0x2
 698 00d1 17       		.uleb128 0x17
 699 00d2 00       		.byte	0
 700 00d3 00       		.byte	0
 701 00d4 10       		.uleb128 0x10
 702 00d5 01       		.uleb128 0x1
 703 00d6 01       		.byte	0x1
 704 00d7 49       		.uleb128 0x49
 705 00d8 13       		.uleb128 0x13
 706 00d9 01       		.uleb128 0x1
 707 00da 13       		.uleb128 0x13
 708 00db 00       		.byte	0
 709 00dc 00       		.byte	0
 710 00dd 11       		.uleb128 0x11
 711 00de 21       		.uleb128 0x21
 712 00df 00       		.byte	0
 713 00e0 49       		.uleb128 0x49
 714 00e1 13       		.uleb128 0x13
 715 00e2 2F       		.uleb128 0x2f
 716 00e3 05       		.uleb128 0x5
 717 00e4 00       		.byte	0
 718 00e5 00       		.byte	0
 719 00e6 12       		.uleb128 0x12
 720 00e7 34       		.uleb128 0x34
 721 00e8 00       		.byte	0
 722 00e9 03       		.uleb128 0x3
 723 00ea 0E       		.uleb128 0xe
 724 00eb 3A       		.uleb128 0x3a
 725 00ec 0B       		.uleb128 0xb
 726 00ed 3B       		.uleb128 0x3b
 727 00ee 0B       		.uleb128 0xb
 728 00ef 49       		.uleb128 0x49
 729 00f0 13       		.uleb128 0x13
 730 00f1 3F       		.uleb128 0x3f
 731 00f2 19       		.uleb128 0x19
 732 00f3 3C       		.uleb128 0x3c
 733 00f4 19       		.uleb128 0x19
 734 00f5 00       		.byte	0
 735 00f6 00       		.byte	0
 736 00f7 13       		.uleb128 0x13
 737 00f8 26       		.uleb128 0x26
 738 00f9 00       		.byte	0
 739 00fa 49       		.uleb128 0x49
 740 00fb 13       		.uleb128 0x13
 741 00fc 00       		.byte	0
ARM GAS  /tmp/cckCqwlx.s 			page 14


 742 00fd 00       		.byte	0
 743 00fe 00       		.byte	0
 744              		.section	.debug_loc,"",%progbits
 745              	.Ldebug_loc0:
 746              	.LLST0:
 747 0000 00000000 		.4byte	.LVL0-.Ltext0
 748 0004 2C000000 		.4byte	.LVL3-.Ltext0
 749 0008 0100     		.2byte	0x1
 750 000a 50       		.byte	0x50
 751 000b 2C000000 		.4byte	.LVL3-.Ltext0
 752 000f 34000000 		.4byte	.LVL4-.Ltext0
 753 0013 0400     		.2byte	0x4
 754 0015 F3       		.byte	0xf3
 755 0016 01       		.uleb128 0x1
 756 0017 50       		.byte	0x50
 757 0018 9F       		.byte	0x9f
 758 0019 34000000 		.4byte	.LVL4-.Ltext0
 759 001d 52000000 		.4byte	.LVL7-.Ltext0
 760 0021 0100     		.2byte	0x1
 761 0023 50       		.byte	0x50
 762 0024 52000000 		.4byte	.LVL7-.Ltext0
 763 0028 5A000000 		.4byte	.LVL8-.Ltext0
 764 002c 0400     		.2byte	0x4
 765 002e F3       		.byte	0xf3
 766 002f 01       		.uleb128 0x1
 767 0030 50       		.byte	0x50
 768 0031 9F       		.byte	0x9f
 769 0032 5A000000 		.4byte	.LVL8-.Ltext0
 770 0036 5C000000 		.4byte	.LVL9-.Ltext0
 771 003a 0100     		.2byte	0x1
 772 003c 50       		.byte	0x50
 773 003d 5C000000 		.4byte	.LVL9-.Ltext0
 774 0041 64000000 		.4byte	.LVL10-.Ltext0
 775 0045 0400     		.2byte	0x4
 776 0047 F3       		.byte	0xf3
 777 0048 01       		.uleb128 0x1
 778 0049 50       		.byte	0x50
 779 004a 9F       		.byte	0x9f
 780 004b 64000000 		.4byte	.LVL10-.Ltext0
 781 004f 76000000 		.4byte	.LVL13-.Ltext0
 782 0053 0100     		.2byte	0x1
 783 0055 50       		.byte	0x50
 784 0056 76000000 		.4byte	.LVL13-.Ltext0
 785 005a 7E000000 		.4byte	.LVL14-.Ltext0
 786 005e 0400     		.2byte	0x4
 787 0060 F3       		.byte	0xf3
 788 0061 01       		.uleb128 0x1
 789 0062 50       		.byte	0x50
 790 0063 9F       		.byte	0x9f
 791 0064 7E000000 		.4byte	.LVL14-.Ltext0
 792 0068 92000000 		.4byte	.LVL17-.Ltext0
 793 006c 0100     		.2byte	0x1
 794 006e 50       		.byte	0x50
 795 006f 92000000 		.4byte	.LVL17-.Ltext0
 796 0073 9A000000 		.4byte	.LVL18-.Ltext0
 797 0077 0400     		.2byte	0x4
 798 0079 F3       		.byte	0xf3
ARM GAS  /tmp/cckCqwlx.s 			page 15


 799 007a 01       		.uleb128 0x1
 800 007b 50       		.byte	0x50
 801 007c 9F       		.byte	0x9f
 802 007d 9A000000 		.4byte	.LVL18-.Ltext0
 803 0081 AC000000 		.4byte	.LVL21-.Ltext0
 804 0085 0100     		.2byte	0x1
 805 0087 50       		.byte	0x50
 806 0088 AC000000 		.4byte	.LVL21-.Ltext0
 807 008c CC000000 		.4byte	.LFE135-.Ltext0
 808 0090 0400     		.2byte	0x4
 809 0092 F3       		.byte	0xf3
 810 0093 01       		.uleb128 0x1
 811 0094 50       		.byte	0x50
 812 0095 9F       		.byte	0x9f
 813 0096 00000000 		.4byte	0
 814 009a 00000000 		.4byte	0
 815              	.LLST1:
 816 009e 00000000 		.4byte	.LVL0-.Ltext0
 817 00a2 20000000 		.4byte	.LVL1-.Ltext0
 818 00a6 0100     		.2byte	0x1
 819 00a8 52       		.byte	0x52
 820 00a9 20000000 		.4byte	.LVL1-.Ltext0
 821 00ad 2C000000 		.4byte	.LVL3-.Ltext0
 822 00b1 0200     		.2byte	0x2
 823 00b3 70       		.byte	0x70
 824 00b4 02       		.sleb128 2
 825 00b5 2C000000 		.4byte	.LVL3-.Ltext0
 826 00b9 34000000 		.4byte	.LVL4-.Ltext0
 827 00bd 0500     		.2byte	0x5
 828 00bf F3       		.byte	0xf3
 829 00c0 01       		.uleb128 0x1
 830 00c1 50       		.byte	0x50
 831 00c2 23       		.byte	0x23
 832 00c3 02       		.uleb128 0x2
 833 00c4 34000000 		.4byte	.LVL4-.Ltext0
 834 00c8 48000000 		.4byte	.LVL6-.Ltext0
 835 00cc 0100     		.2byte	0x1
 836 00ce 52       		.byte	0x52
 837 00cf 48000000 		.4byte	.LVL6-.Ltext0
 838 00d3 52000000 		.4byte	.LVL7-.Ltext0
 839 00d7 0200     		.2byte	0x2
 840 00d9 70       		.byte	0x70
 841 00da 02       		.sleb128 2
 842 00db 52000000 		.4byte	.LVL7-.Ltext0
 843 00df 5A000000 		.4byte	.LVL8-.Ltext0
 844 00e3 0500     		.2byte	0x5
 845 00e5 F3       		.byte	0xf3
 846 00e6 01       		.uleb128 0x1
 847 00e7 50       		.byte	0x50
 848 00e8 23       		.byte	0x23
 849 00e9 02       		.uleb128 0x2
 850 00ea 5A000000 		.4byte	.LVL8-.Ltext0
 851 00ee 6C000000 		.4byte	.LVL12-.Ltext0
 852 00f2 0100     		.2byte	0x1
 853 00f4 52       		.byte	0x52
 854 00f5 6C000000 		.4byte	.LVL12-.Ltext0
 855 00f9 76000000 		.4byte	.LVL13-.Ltext0
ARM GAS  /tmp/cckCqwlx.s 			page 16


 856 00fd 0200     		.2byte	0x2
 857 00ff 70       		.byte	0x70
 858 0100 02       		.sleb128 2
 859 0101 76000000 		.4byte	.LVL13-.Ltext0
 860 0105 7E000000 		.4byte	.LVL14-.Ltext0
 861 0109 0500     		.2byte	0x5
 862 010b F3       		.byte	0xf3
 863 010c 01       		.uleb128 0x1
 864 010d 50       		.byte	0x50
 865 010e 23       		.byte	0x23
 866 010f 02       		.uleb128 0x2
 867 0110 7E000000 		.4byte	.LVL14-.Ltext0
 868 0114 86000000 		.4byte	.LVL16-.Ltext0
 869 0118 0100     		.2byte	0x1
 870 011a 52       		.byte	0x52
 871 011b 86000000 		.4byte	.LVL16-.Ltext0
 872 011f 92000000 		.4byte	.LVL17-.Ltext0
 873 0123 0200     		.2byte	0x2
 874 0125 70       		.byte	0x70
 875 0126 02       		.sleb128 2
 876 0127 92000000 		.4byte	.LVL17-.Ltext0
 877 012b 9A000000 		.4byte	.LVL18-.Ltext0
 878 012f 0500     		.2byte	0x5
 879 0131 F3       		.byte	0xf3
 880 0132 01       		.uleb128 0x1
 881 0133 50       		.byte	0x50
 882 0134 23       		.byte	0x23
 883 0135 02       		.uleb128 0x2
 884 0136 9A000000 		.4byte	.LVL18-.Ltext0
 885 013a A2000000 		.4byte	.LVL20-.Ltext0
 886 013e 0100     		.2byte	0x1
 887 0140 52       		.byte	0x52
 888 0141 A2000000 		.4byte	.LVL20-.Ltext0
 889 0145 AC000000 		.4byte	.LVL21-.Ltext0
 890 0149 0200     		.2byte	0x2
 891 014b 70       		.byte	0x70
 892 014c 02       		.sleb128 2
 893 014d AC000000 		.4byte	.LVL21-.Ltext0
 894 0151 CC000000 		.4byte	.LFE135-.Ltext0
 895 0155 0500     		.2byte	0x5
 896 0157 F3       		.byte	0xf3
 897 0158 01       		.uleb128 0x1
 898 0159 50       		.byte	0x50
 899 015a 23       		.byte	0x23
 900 015b 02       		.uleb128 0x2
 901 015c 00000000 		.4byte	0
 902 0160 00000000 		.4byte	0
 903              	.LLST2:
 904 0164 00000000 		.4byte	.LVL0-.Ltext0
 905 0168 22000000 		.4byte	.LVL2-.Ltext0
 906 016c 0100     		.2byte	0x1
 907 016e 53       		.byte	0x53
 908 016f 22000000 		.4byte	.LVL2-.Ltext0
 909 0173 2C000000 		.4byte	.LVL3-.Ltext0
 910 0177 0200     		.2byte	0x2
 911 0179 70       		.byte	0x70
 912 017a 03       		.sleb128 3
ARM GAS  /tmp/cckCqwlx.s 			page 17


 913 017b 2C000000 		.4byte	.LVL3-.Ltext0
 914 017f 34000000 		.4byte	.LVL4-.Ltext0
 915 0183 0500     		.2byte	0x5
 916 0185 F3       		.byte	0xf3
 917 0186 01       		.uleb128 0x1
 918 0187 50       		.byte	0x50
 919 0188 23       		.byte	0x23
 920 0189 03       		.uleb128 0x3
 921 018a 34000000 		.4byte	.LVL4-.Ltext0
 922 018e 44000000 		.4byte	.LVL5-.Ltext0
 923 0192 0100     		.2byte	0x1
 924 0194 53       		.byte	0x53
 925 0195 44000000 		.4byte	.LVL5-.Ltext0
 926 0199 52000000 		.4byte	.LVL7-.Ltext0
 927 019d 0200     		.2byte	0x2
 928 019f 70       		.byte	0x70
 929 01a0 03       		.sleb128 3
 930 01a1 52000000 		.4byte	.LVL7-.Ltext0
 931 01a5 5A000000 		.4byte	.LVL8-.Ltext0
 932 01a9 0500     		.2byte	0x5
 933 01ab F3       		.byte	0xf3
 934 01ac 01       		.uleb128 0x1
 935 01ad 50       		.byte	0x50
 936 01ae 23       		.byte	0x23
 937 01af 03       		.uleb128 0x3
 938 01b0 5A000000 		.4byte	.LVL8-.Ltext0
 939 01b4 68000000 		.4byte	.LVL11-.Ltext0
 940 01b8 0100     		.2byte	0x1
 941 01ba 53       		.byte	0x53
 942 01bb 68000000 		.4byte	.LVL11-.Ltext0
 943 01bf 76000000 		.4byte	.LVL13-.Ltext0
 944 01c3 0200     		.2byte	0x2
 945 01c5 70       		.byte	0x70
 946 01c6 03       		.sleb128 3
 947 01c7 76000000 		.4byte	.LVL13-.Ltext0
 948 01cb 7E000000 		.4byte	.LVL14-.Ltext0
 949 01cf 0500     		.2byte	0x5
 950 01d1 F3       		.byte	0xf3
 951 01d2 01       		.uleb128 0x1
 952 01d3 50       		.byte	0x50
 953 01d4 23       		.byte	0x23
 954 01d5 03       		.uleb128 0x3
 955 01d6 7E000000 		.4byte	.LVL14-.Ltext0
 956 01da 82000000 		.4byte	.LVL15-.Ltext0
 957 01de 0100     		.2byte	0x1
 958 01e0 53       		.byte	0x53
 959 01e1 82000000 		.4byte	.LVL15-.Ltext0
 960 01e5 92000000 		.4byte	.LVL17-.Ltext0
 961 01e9 0200     		.2byte	0x2
 962 01eb 70       		.byte	0x70
 963 01ec 03       		.sleb128 3
 964 01ed 92000000 		.4byte	.LVL17-.Ltext0
 965 01f1 9A000000 		.4byte	.LVL18-.Ltext0
 966 01f5 0500     		.2byte	0x5
 967 01f7 F3       		.byte	0xf3
 968 01f8 01       		.uleb128 0x1
 969 01f9 50       		.byte	0x50
ARM GAS  /tmp/cckCqwlx.s 			page 18


 970 01fa 23       		.byte	0x23
 971 01fb 03       		.uleb128 0x3
 972 01fc 9A000000 		.4byte	.LVL18-.Ltext0
 973 0200 9E000000 		.4byte	.LVL19-.Ltext0
 974 0204 0100     		.2byte	0x1
 975 0206 53       		.byte	0x53
 976 0207 9E000000 		.4byte	.LVL19-.Ltext0
 977 020b AC000000 		.4byte	.LVL21-.Ltext0
 978 020f 0200     		.2byte	0x2
 979 0211 70       		.byte	0x70
 980 0212 03       		.sleb128 3
 981 0213 AC000000 		.4byte	.LVL21-.Ltext0
 982 0217 CC000000 		.4byte	.LFE135-.Ltext0
 983 021b 0500     		.2byte	0x5
 984 021d F3       		.byte	0xf3
 985 021e 01       		.uleb128 0x1
 986 021f 50       		.byte	0x50
 987 0220 23       		.byte	0x23
 988 0221 03       		.uleb128 0x3
 989 0222 00000000 		.4byte	0
 990 0226 00000000 		.4byte	0
 991              	.LLST3:
 992 022a 00000000 		.4byte	.LVL0-.Ltext0
 993 022e 2C000000 		.4byte	.LVL3-.Ltext0
 994 0232 0200     		.2byte	0x2
 995 0234 30       		.byte	0x30
 996 0235 9F       		.byte	0x9f
 997 0236 2C000000 		.4byte	.LVL3-.Ltext0
 998 023a 34000000 		.4byte	.LVL4-.Ltext0
 999 023e 0100     		.2byte	0x1
 1000 0240 50       		.byte	0x50
 1001 0241 34000000 		.4byte	.LVL4-.Ltext0
 1002 0245 52000000 		.4byte	.LVL7-.Ltext0
 1003 0249 0200     		.2byte	0x2
 1004 024b 30       		.byte	0x30
 1005 024c 9F       		.byte	0x9f
 1006 024d 52000000 		.4byte	.LVL7-.Ltext0
 1007 0251 5A000000 		.4byte	.LVL8-.Ltext0
 1008 0255 0100     		.2byte	0x1
 1009 0257 50       		.byte	0x50
 1010 0258 5A000000 		.4byte	.LVL8-.Ltext0
 1011 025c 5C000000 		.4byte	.LVL9-.Ltext0
 1012 0260 0200     		.2byte	0x2
 1013 0262 30       		.byte	0x30
 1014 0263 9F       		.byte	0x9f
 1015 0264 5C000000 		.4byte	.LVL9-.Ltext0
 1016 0268 64000000 		.4byte	.LVL10-.Ltext0
 1017 026c 0100     		.2byte	0x1
 1018 026e 50       		.byte	0x50
 1019 026f 64000000 		.4byte	.LVL10-.Ltext0
 1020 0273 76000000 		.4byte	.LVL13-.Ltext0
 1021 0277 0200     		.2byte	0x2
 1022 0279 30       		.byte	0x30
 1023 027a 9F       		.byte	0x9f
 1024 027b 76000000 		.4byte	.LVL13-.Ltext0
 1025 027f 7E000000 		.4byte	.LVL14-.Ltext0
 1026 0283 0100     		.2byte	0x1
ARM GAS  /tmp/cckCqwlx.s 			page 19


 1027 0285 50       		.byte	0x50
 1028 0286 7E000000 		.4byte	.LVL14-.Ltext0
 1029 028a 92000000 		.4byte	.LVL17-.Ltext0
 1030 028e 0200     		.2byte	0x2
 1031 0290 30       		.byte	0x30
 1032 0291 9F       		.byte	0x9f
 1033 0292 92000000 		.4byte	.LVL17-.Ltext0
 1034 0296 9A000000 		.4byte	.LVL18-.Ltext0
 1035 029a 0100     		.2byte	0x1
 1036 029c 50       		.byte	0x50
 1037 029d 9A000000 		.4byte	.LVL18-.Ltext0
 1038 02a1 AC000000 		.4byte	.LVL21-.Ltext0
 1039 02a5 0200     		.2byte	0x2
 1040 02a7 30       		.byte	0x30
 1041 02a8 9F       		.byte	0x9f
 1042 02a9 AC000000 		.4byte	.LVL21-.Ltext0
 1043 02ad CC000000 		.4byte	.LFE135-.Ltext0
 1044 02b1 0100     		.2byte	0x1
 1045 02b3 50       		.byte	0x50
 1046 02b4 00000000 		.4byte	0
 1047 02b8 00000000 		.4byte	0
 1048              		.section	.debug_aranges,"",%progbits
 1049 0000 1C000000 		.4byte	0x1c
 1050 0004 0200     		.2byte	0x2
 1051 0006 00000000 		.4byte	.Ldebug_info0
 1052 000a 04       		.byte	0x4
 1053 000b 00       		.byte	0
 1054 000c 0000     		.2byte	0
 1055 000e 0000     		.2byte	0
 1056 0010 00000000 		.4byte	.Ltext0
 1057 0014 CC000000 		.4byte	.Letext0-.Ltext0
 1058 0018 00000000 		.4byte	0
 1059 001c 00000000 		.4byte	0
 1060              		.section	.debug_line,"",%progbits
 1061              	.Ldebug_line0:
 1062 0000 96020000 		.section	.debug_str,"MS",%progbits,1
 1062      02002902 
 1062      00000201 
 1062      FB0E0D00 
 1062      01010101 
 1063              	.LASF38:
 1064 0000 474E5520 		.ascii	"GNU C 4.9.3 20150529 (release) [ARM/embedded-4_9-br"
 1064      4320342E 
 1064      392E3320 
 1064      32303135 
 1064      30353239 
 1065 0033 616E6368 		.ascii	"anch revision 224288] -mcpu=cortex-m4 -mfloat-abi=h"
 1065      20726576 
 1065      6973696F 
 1065      6E203232 
 1065      34323838 
 1066 0066 61726420 		.ascii	"ard -mfpu=fpv4-sp-d16 -mno-thumb-interwork -mthumb "
 1066      2D6D6670 
 1066      753D6670 
 1066      76342D73 
 1066      702D6431 
 1067 0099 2D676764 		.ascii	"-ggdb -O2 -fomit-frame-pointer -falign-functions=16"
ARM GAS  /tmp/cckCqwlx.s 			page 20


 1067      62202D4F 
 1067      32202D66 
 1067      6F6D6974 
 1067      2D667261 
 1068 00cc 202D666E 		.ascii	" -fno-math-errno -fsingle-precision-constant\000"
 1068      6F2D6D61 
 1068      74682D65 
 1068      72726E6F 
 1068      202D6673 
 1069              	.LASF3:
 1070 00f9 5F5F7569 		.ascii	"__uint8_t\000"
 1070      6E74385F 
 1070      7400
 1071              	.LASF36:
 1072 0103 61726D42 		.ascii	"armBitRevTable\000"
 1072      69745265 
 1072      76546162 
 1072      6C6500
 1073              	.LASF35:
 1074 0112 61726D5F 		.ascii	"arm_cfft_radix4_instance_f32\000"
 1074      63666674 
 1074      5F726164 
 1074      6978345F 
 1074      696E7374 
 1075              	.LASF32:
 1076 012f 74776964 		.ascii	"twidCoefModifier\000"
 1076      436F6566 
 1076      4D6F6469 
 1076      66696572 
 1076      00
 1077              	.LASF41:
 1078 0140 73746174 		.ascii	"status\000"
 1078      757300
 1079              	.LASF21:
 1080 0147 41524D5F 		.ascii	"ARM_MATH_SIZE_MISMATCH\000"
 1080      4D415448 
 1080      5F53495A 
 1080      455F4D49 
 1080      534D4154 
 1081              	.LASF31:
 1082 015e 70426974 		.ascii	"pBitRevTable\000"
 1082      52657654 
 1082      61626C65 
 1082      00
 1083              	.LASF16:
 1084 016b 666C6F61 		.ascii	"float\000"
 1084      7400
 1085              	.LASF1:
 1086 0171 756E7369 		.ascii	"unsigned char\000"
 1086      676E6564 
 1086      20636861 
 1086      7200
 1087              	.LASF33:
 1088 017f 62697452 		.ascii	"bitRevFactor\000"
 1088      65764661 
 1088      63746F72 
 1088      00
ARM GAS  /tmp/cckCqwlx.s 			page 21


 1089              	.LASF37:
 1090 018c 74776964 		.ascii	"twiddleCoef_4096\000"
 1090      646C6543 
 1090      6F65665F 
 1090      34303936 
 1090      00
 1091              	.LASF34:
 1092 019d 6F6E6562 		.ascii	"onebyfftLen\000"
 1092      79666674 
 1092      4C656E00 
 1093              	.LASF7:
 1094 01a9 6C6F6E67 		.ascii	"long unsigned int\000"
 1094      20756E73 
 1094      69676E65 
 1094      6420696E 
 1094      7400
 1095              	.LASF5:
 1096 01bb 73686F72 		.ascii	"short unsigned int\000"
 1096      7420756E 
 1096      7369676E 
 1096      65642069 
 1096      6E7400
 1097              	.LASF27:
 1098 01ce 6666744C 		.ascii	"fftLen\000"
 1098      656E00
 1099              	.LASF24:
 1100 01d5 41524D5F 		.ascii	"ARM_MATH_TEST_FAILURE\000"
 1100      4D415448 
 1100      5F544553 
 1100      545F4641 
 1100      494C5552 
 1101              	.LASF4:
 1102 01eb 5F5F7569 		.ascii	"__uint16_t\000"
 1102      6E743136 
 1102      5F7400
 1103              	.LASF15:
 1104 01f6 646F7562 		.ascii	"double\000"
 1104      6C6500
 1105              	.LASF19:
 1106 01fd 41524D5F 		.ascii	"ARM_MATH_ARGUMENT_ERROR\000"
 1106      4D415448 
 1106      5F415247 
 1106      554D454E 
 1106      545F4552 
 1107              	.LASF28:
 1108 0215 69666674 		.ascii	"ifftFlag\000"
 1108      466C6167 
 1108      00
 1109              	.LASF10:
 1110 021e 756E7369 		.ascii	"unsigned int\000"
 1110      676E6564 
 1110      20696E74 
 1110      00
 1111              	.LASF9:
 1112 022b 6C6F6E67 		.ascii	"long long unsigned int\000"
 1112      206C6F6E 
 1112      6720756E 
ARM GAS  /tmp/cckCqwlx.s 			page 22


 1112      7369676E 
 1112      65642069 
 1113              	.LASF11:
 1114 0242 75696E74 		.ascii	"uint8_t\000"
 1114      385F7400 
 1115              	.LASF29:
 1116 024a 62697452 		.ascii	"bitReverseFlag\000"
 1116      65766572 
 1116      7365466C 
 1116      616700
 1117              	.LASF39:
 1118 0259 2F686F6D 		.ascii	"/home/sbcu/Dropbox/pcb-layouts/axo-on-discovery-boa"
 1118      652F7362 
 1118      63752F44 
 1118      726F7062 
 1118      6F782F70 
 1119 028c 72642F61 		.ascii	"rd/axoloti/platform_linux/../CMSIS//DSP_Lib/Source/"
 1119      786F6C6F 
 1119      74692F70 
 1119      6C617466 
 1119      6F726D5F 
 1120 02bf 5472616E 		.ascii	"TransformFunctions/arm_cfft_radix4_init_f32.c\000"
 1120      73666F72 
 1120      6D46756E 
 1120      6374696F 
 1120      6E732F61 
 1121              	.LASF20:
 1122 02ed 41524D5F 		.ascii	"ARM_MATH_LENGTH_ERROR\000"
 1122      4D415448 
 1122      5F4C454E 
 1122      4754485F 
 1122      4552524F 
 1123              	.LASF13:
 1124 0303 73697A65 		.ascii	"sizetype\000"
 1124      74797065 
 1124      00
 1125              	.LASF8:
 1126 030c 6C6F6E67 		.ascii	"long long int\000"
 1126      206C6F6E 
 1126      6720696E 
 1126      7400
 1127              	.LASF40:
 1128 031a 61726D5F 		.ascii	"arm_cfft_radix4_init_f32\000"
 1128      63666674 
 1128      5F726164 
 1128      6978345F 
 1128      696E6974 
 1129              	.LASF30:
 1130 0333 70547769 		.ascii	"pTwiddle\000"
 1130      64646C65 
 1130      00
 1131              	.LASF14:
 1132 033c 63686172 		.ascii	"char\000"
 1132      00
 1133              	.LASF22:
 1134 0341 41524D5F 		.ascii	"ARM_MATH_NANINF\000"
 1134      4D415448 
ARM GAS  /tmp/cckCqwlx.s 			page 23


 1134      5F4E414E 
 1134      494E4600 
 1135              	.LASF26:
 1136 0351 666C6F61 		.ascii	"float32_t\000"
 1136      7433325F 
 1136      7400
 1137              	.LASF18:
 1138 035b 41524D5F 		.ascii	"ARM_MATH_SUCCESS\000"
 1138      4D415448 
 1138      5F535543 
 1138      43455353 
 1138      00
 1139              	.LASF2:
 1140 036c 73686F72 		.ascii	"short int\000"
 1140      7420696E 
 1140      7400
 1141              	.LASF12:
 1142 0376 75696E74 		.ascii	"uint16_t\000"
 1142      31365F74 
 1142      00
 1143              	.LASF6:
 1144 037f 6C6F6E67 		.ascii	"long int\000"
 1144      20696E74 
 1144      00
 1145              	.LASF17:
 1146 0388 6C6F6E67 		.ascii	"long double\000"
 1146      20646F75 
 1146      626C6500 
 1147              	.LASF0:
 1148 0394 7369676E 		.ascii	"signed char\000"
 1148      65642063 
 1148      68617200 
 1149              	.LASF25:
 1150 03a0 61726D5F 		.ascii	"arm_status\000"
 1150      73746174 
 1150      757300
 1151              	.LASF23:
 1152 03ab 41524D5F 		.ascii	"ARM_MATH_SINGULAR\000"
 1152      4D415448 
 1152      5F53494E 
 1152      47554C41 
 1152      5200
 1153              		.ident	"GCC: (GNU Tools for ARM Embedded Processors) 4.9.3 20150529 (release) [ARM/embedded-4_9-br
ARM GAS  /tmp/cckCqwlx.s 			page 24


DEFINED SYMBOLS
                            *ABS*:00000000 arm_cfft_radix4_init_f32.c
     /tmp/cckCqwlx.s:20     .text:00000000 $t
     /tmp/cckCqwlx.s:26     .text:00000000 arm_cfft_radix4_init_f32
     /tmp/cckCqwlx.s:205    .text:000000b4 $d
                     .debug_frame:00000010 $d

UNDEFINED SYMBOLS
twiddleCoef_4096
armBitRevTable
