ARM GAS  /tmp/ccyx9BpV.s 			page 1


   1              		.syntax unified
   2              		.cpu cortex-m4
   3              		.eabi_attribute 27, 1
   4              		.eabi_attribute 28, 1
   5              		.fpu fpv4-sp-d16
   6              		.eabi_attribute 20, 1
   7              		.eabi_attribute 21, 1
   8              		.eabi_attribute 23, 3
   9              		.eabi_attribute 24, 1
  10              		.eabi_attribute 25, 1
  11              		.eabi_attribute 26, 1
  12              		.eabi_attribute 30, 2
  13              		.eabi_attribute 34, 1
  14              		.eabi_attribute 18, 4
  15              		.thumb
  16              		.file	"arm_biquad_cascade_df1_init_q31.c"
  17              		.text
  18              	.Ltext0:
  19              		.cfi_sections	.debug_frame
  20              		.align	2
  21              		.p2align 4,,15
  22              		.global	arm_biquad_cascade_df1_init_q31
  23              		.thumb
  24              		.thumb_func
  25              		.type	arm_biquad_cascade_df1_init_q31, %function
  26              	arm_biquad_cascade_df1_init_q31:
  27              	.LFB135:
  28              		.file 1 "/home/sbcu/Dropbox/pcb-layouts/axo-on-discovery-board/axoloti/platform_linux/../CMSIS//DS
  29              		.loc 1 91 0
  30              		.cfi_startproc
  31              		@ args = 4, pretend = 0, frame = 0
  32              		@ frame_needed = 0, uses_anonymous_args = 0
  33              	.LVL0:
  34 0000 38B5     		push	{r3, r4, r5, lr}
  35              		.cfi_def_cfa_offset 16
  36              		.cfi_offset 3, -16
  37              		.cfi_offset 4, -12
  38              		.cfi_offset 5, -8
  39              		.cfi_offset 14, -4
  40              		.loc 1 91 0
  41 0002 1D46     		mov	r5, r3
  42 0004 0446     		mov	r4, r0
  43 0006 9DF91030 		ldrsb	r3, [sp, #16]
  44              	.LVL1:
  45              		.loc 1 99 0
  46 000a 8260     		str	r2, [r0, #8]
  47              		.loc 1 93 0
  48 000c 0160     		str	r1, [r0]
  49              		.loc 1 102 0
  50 000e 0A01     		lsls	r2, r1, #4
  51              	.LVL2:
  52              		.loc 1 96 0
  53 0010 0373     		strb	r3, [r0, #12]
  54              		.loc 1 102 0
  55 0012 0021     		movs	r1, #0
  56              	.LVL3:
  57 0014 2846     		mov	r0, r5
ARM GAS  /tmp/ccyx9BpV.s 			page 2


  58              	.LVL4:
  59 0016 FFF7FEFF 		bl	memset
  60              	.LVL5:
  61              		.loc 1 105 0
  62 001a 6560     		str	r5, [r4, #4]
  63 001c 38BD     		pop	{r3, r4, r5, pc}
  64              		.cfi_endproc
  65              	.LFE135:
  66              		.size	arm_biquad_cascade_df1_init_q31, .-arm_biquad_cascade_df1_init_q31
  67              	.Letext0:
  68              		.file 2 "/home/sbcu/Dropbox/pcb-layouts/axo-on-discovery-board/axoloti/platform_linux/arm-none-eab
  69              		.file 3 "/home/sbcu/Dropbox/pcb-layouts/axo-on-discovery-board/axoloti/platform_linux/arm-none-eab
  70              		.file 4 "/home/sbcu/Dropbox/pcb-layouts/axo-on-discovery-board/axoloti/platform_linux/../CMSIS//DS
  71 001e 00BF     		.section	.debug_info,"",%progbits
  72              	.Ldebug_info0:
  73 0000 CF010000 		.4byte	0x1cf
  74 0004 0400     		.2byte	0x4
  75 0006 00000000 		.4byte	.Ldebug_abbrev0
  76 000a 04       		.byte	0x4
  77 000b 01       		.uleb128 0x1
  78 000c 1D000000 		.4byte	.LASF28
  79 0010 01       		.byte	0x1
  80 0011 82010000 		.4byte	.LASF29
  81 0015 00000000 		.4byte	.Ltext0
  82 0019 1E000000 		.4byte	.Letext0-.Ltext0
  83 001d 00000000 		.4byte	.Ldebug_line0
  84 0021 02       		.uleb128 0x2
  85 0022 16010000 		.4byte	.LASF0
  86 0026 02       		.byte	0x2
  87 0027 1B       		.byte	0x1b
  88 0028 2C000000 		.4byte	0x2c
  89 002c 03       		.uleb128 0x3
  90 002d 01       		.byte	0x1
  91 002e 06       		.byte	0x6
  92 002f DE020000 		.4byte	.LASF2
  93 0033 02       		.uleb128 0x2
  94 0034 1F010000 		.4byte	.LASF1
  95 0038 02       		.byte	0x2
  96 0039 1D       		.byte	0x1d
  97 003a 3E000000 		.4byte	0x3e
  98 003e 03       		.uleb128 0x3
  99 003f 01       		.byte	0x1
 100 0040 08       		.byte	0x8
 101 0041 4F010000 		.4byte	.LASF3
 102 0045 03       		.uleb128 0x3
 103 0046 02       		.byte	0x2
 104 0047 05       		.byte	0x5
 105 0048 97020000 		.4byte	.LASF4
 106 004c 03       		.uleb128 0x3
 107 004d 02       		.byte	0x2
 108 004e 07       		.byte	0x7
 109 004f 6F010000 		.4byte	.LASF5
 110 0053 02       		.uleb128 0x2
 111 0054 29010000 		.4byte	.LASF6
 112 0058 02       		.byte	0x2
 113 0059 3F       		.byte	0x3f
 114 005a 5E000000 		.4byte	0x5e
ARM GAS  /tmp/ccyx9BpV.s 			page 3


 115 005e 03       		.uleb128 0x3
 116 005f 04       		.byte	0x4
 117 0060 05       		.byte	0x5
 118 0061 33010000 		.4byte	.LASF7
 119 0065 02       		.uleb128 0x2
 120 0066 35020000 		.4byte	.LASF8
 121 006a 02       		.byte	0x2
 122 006b 41       		.byte	0x41
 123 006c 70000000 		.4byte	0x70
 124 0070 03       		.uleb128 0x3
 125 0071 04       		.byte	0x4
 126 0072 07       		.byte	0x7
 127 0073 5D010000 		.4byte	.LASF9
 128 0077 03       		.uleb128 0x3
 129 0078 08       		.byte	0x8
 130 0079 05       		.byte	0x5
 131 007a 7D020000 		.4byte	.LASF10
 132 007e 03       		.uleb128 0x3
 133 007f 08       		.byte	0x8
 134 0080 07       		.byte	0x7
 135 0081 4D020000 		.4byte	.LASF11
 136 0085 04       		.uleb128 0x4
 137 0086 04       		.byte	0x4
 138 0087 05       		.byte	0x5
 139 0088 696E7400 		.ascii	"int\000"
 140 008c 03       		.uleb128 0x3
 141 008d 04       		.byte	0x4
 142 008e 07       		.byte	0x7
 143 008f 40020000 		.4byte	.LASF12
 144 0093 02       		.uleb128 0x2
 145 0094 3C010000 		.4byte	.LASF13
 146 0098 03       		.byte	0x3
 147 0099 13       		.byte	0x13
 148 009a 21000000 		.4byte	0x21
 149 009e 02       		.uleb128 0x2
 150 009f 64020000 		.4byte	.LASF14
 151 00a3 03       		.byte	0x3
 152 00a4 14       		.byte	0x14
 153 00a5 33000000 		.4byte	0x33
 154 00a9 02       		.uleb128 0x2
 155 00aa 6C020000 		.4byte	.LASF15
 156 00ae 03       		.byte	0x3
 157 00af 1F       		.byte	0x1f
 158 00b0 53000000 		.4byte	0x53
 159 00b4 02       		.uleb128 0x2
 160 00b5 A9020000 		.4byte	.LASF16
 161 00b9 03       		.byte	0x3
 162 00ba 20       		.byte	0x20
 163 00bb 65000000 		.4byte	0x65
 164 00bf 03       		.uleb128 0x3
 165 00c0 04       		.byte	0x4
 166 00c1 07       		.byte	0x7
 167 00c2 74020000 		.4byte	.LASF17
 168 00c6 05       		.uleb128 0x5
 169 00c7 04       		.byte	0x4
 170 00c8 03       		.uleb128 0x3
 171 00c9 01       		.byte	0x1
ARM GAS  /tmp/ccyx9BpV.s 			page 4


 172 00ca 08       		.byte	0x8
 173 00cb 92020000 		.4byte	.LASF18
 174 00cf 03       		.uleb128 0x3
 175 00d0 08       		.byte	0x8
 176 00d1 04       		.byte	0x4
 177 00d2 2E020000 		.4byte	.LASF19
 178 00d6 03       		.uleb128 0x3
 179 00d7 04       		.byte	0x4
 180 00d8 04       		.byte	0x4
 181 00d9 43010000 		.4byte	.LASF20
 182 00dd 03       		.uleb128 0x3
 183 00de 08       		.byte	0x8
 184 00df 04       		.byte	0x4
 185 00e0 D2020000 		.4byte	.LASF21
 186 00e4 06       		.uleb128 0x6
 187 00e5 49010000 		.4byte	.LASF22
 188 00e9 04       		.byte	0x4
 189 00ea A001     		.2byte	0x1a0
 190 00ec A9000000 		.4byte	0xa9
 191 00f0 07       		.uleb128 0x7
 192 00f1 04       		.byte	0x4
 193 00f2 E4000000 		.4byte	0xe4
 194 00f6 08       		.uleb128 0x8
 195 00f7 10       		.byte	0x10
 196 00f8 04       		.byte	0x4
 197 00f9 1505     		.2byte	0x515
 198 00fb 34010000 		.4byte	0x134
 199 00ff 09       		.uleb128 0x9
 200 0100 EA020000 		.4byte	.LASF23
 201 0104 04       		.byte	0x4
 202 0105 1705     		.2byte	0x517
 203 0107 B4000000 		.4byte	0xb4
 204 010b 00       		.byte	0
 205 010c 09       		.uleb128 0x9
 206 010d 8B020000 		.4byte	.LASF24
 207 0111 04       		.byte	0x4
 208 0112 1805     		.2byte	0x518
 209 0114 F0000000 		.4byte	0xf0
 210 0118 04       		.byte	0x4
 211 0119 09       		.uleb128 0x9
 212 011a A1020000 		.4byte	.LASF25
 213 011e 04       		.byte	0x4
 214 011f 1905     		.2byte	0x519
 215 0121 F0000000 		.4byte	0xf0
 216 0125 08       		.byte	0x8
 217 0126 09       		.uleb128 0x9
 218 0127 1D020000 		.4byte	.LASF26
 219 012b 04       		.byte	0x4
 220 012c 1A05     		.2byte	0x51a
 221 012e 9E000000 		.4byte	0x9e
 222 0132 0C       		.byte	0xc
 223 0133 00       		.byte	0
 224 0134 06       		.uleb128 0x6
 225 0135 00000000 		.4byte	.LASF27
 226 0139 04       		.byte	0x4
 227 013a 1B05     		.2byte	0x51b
 228 013c F6000000 		.4byte	0xf6
ARM GAS  /tmp/ccyx9BpV.s 			page 5


 229 0140 0A       		.uleb128 0xa
 230 0141 B2020000 		.4byte	.LASF30
 231 0145 01       		.byte	0x1
 232 0146 55       		.byte	0x55
 233 0147 00000000 		.4byte	.LFB135
 234 014b 1E000000 		.4byte	.LFE135-.LFB135
 235 014f 01       		.uleb128 0x1
 236 0150 9C       		.byte	0x9c
 237 0151 B3010000 		.4byte	0x1b3
 238 0155 0B       		.uleb128 0xb
 239 0156 5300     		.ascii	"S\000"
 240 0158 01       		.byte	0x1
 241 0159 56       		.byte	0x56
 242 015a B3010000 		.4byte	0x1b3
 243 015e 00000000 		.4byte	.LLST0
 244 0162 0C       		.uleb128 0xc
 245 0163 EA020000 		.4byte	.LASF23
 246 0167 01       		.byte	0x1
 247 0168 57       		.byte	0x57
 248 0169 9E000000 		.4byte	0x9e
 249 016d 1E000000 		.4byte	.LLST1
 250 0171 0C       		.uleb128 0xc
 251 0172 A1020000 		.4byte	.LASF25
 252 0176 01       		.byte	0x1
 253 0177 58       		.byte	0x58
 254 0178 F0000000 		.4byte	0xf0
 255 017c 3F000000 		.4byte	.LLST2
 256 0180 0C       		.uleb128 0xc
 257 0181 8B020000 		.4byte	.LASF24
 258 0185 01       		.byte	0x1
 259 0186 59       		.byte	0x59
 260 0187 F0000000 		.4byte	0xf0
 261 018b 78000000 		.4byte	.LLST3
 262 018f 0D       		.uleb128 0xd
 263 0190 1D020000 		.4byte	.LASF26
 264 0194 01       		.byte	0x1
 265 0195 5A       		.byte	0x5a
 266 0196 93000000 		.4byte	0x93
 267 019a 02       		.uleb128 0x2
 268 019b 91       		.byte	0x91
 269 019c 00       		.sleb128 0
 270 019d 0E       		.uleb128 0xe
 271 019e 1A000000 		.4byte	.LVL5
 272 01a2 B9010000 		.4byte	0x1b9
 273 01a6 0F       		.uleb128 0xf
 274 01a7 01       		.uleb128 0x1
 275 01a8 51       		.byte	0x51
 276 01a9 01       		.uleb128 0x1
 277 01aa 30       		.byte	0x30
 278 01ab 0F       		.uleb128 0xf
 279 01ac 01       		.uleb128 0x1
 280 01ad 50       		.byte	0x50
 281 01ae 02       		.uleb128 0x2
 282 01af 75       		.byte	0x75
 283 01b0 00       		.sleb128 0
 284 01b1 00       		.byte	0
 285 01b2 00       		.byte	0
ARM GAS  /tmp/ccyx9BpV.s 			page 6


 286 01b3 07       		.uleb128 0x7
 287 01b4 04       		.byte	0x4
 288 01b5 34010000 		.4byte	0x134
 289 01b9 10       		.uleb128 0x10
 290 01ba 27020000 		.4byte	.LASF31
 291 01be C6000000 		.4byte	0xc6
 292 01c2 11       		.uleb128 0x11
 293 01c3 C6000000 		.4byte	0xc6
 294 01c7 11       		.uleb128 0x11
 295 01c8 85000000 		.4byte	0x85
 296 01cc 11       		.uleb128 0x11
 297 01cd BF000000 		.4byte	0xbf
 298 01d1 00       		.byte	0
 299 01d2 00       		.byte	0
 300              		.section	.debug_abbrev,"",%progbits
 301              	.Ldebug_abbrev0:
 302 0000 01       		.uleb128 0x1
 303 0001 11       		.uleb128 0x11
 304 0002 01       		.byte	0x1
 305 0003 25       		.uleb128 0x25
 306 0004 0E       		.uleb128 0xe
 307 0005 13       		.uleb128 0x13
 308 0006 0B       		.uleb128 0xb
 309 0007 03       		.uleb128 0x3
 310 0008 0E       		.uleb128 0xe
 311 0009 11       		.uleb128 0x11
 312 000a 01       		.uleb128 0x1
 313 000b 12       		.uleb128 0x12
 314 000c 06       		.uleb128 0x6
 315 000d 10       		.uleb128 0x10
 316 000e 17       		.uleb128 0x17
 317 000f 00       		.byte	0
 318 0010 00       		.byte	0
 319 0011 02       		.uleb128 0x2
 320 0012 16       		.uleb128 0x16
 321 0013 00       		.byte	0
 322 0014 03       		.uleb128 0x3
 323 0015 0E       		.uleb128 0xe
 324 0016 3A       		.uleb128 0x3a
 325 0017 0B       		.uleb128 0xb
 326 0018 3B       		.uleb128 0x3b
 327 0019 0B       		.uleb128 0xb
 328 001a 49       		.uleb128 0x49
 329 001b 13       		.uleb128 0x13
 330 001c 00       		.byte	0
 331 001d 00       		.byte	0
 332 001e 03       		.uleb128 0x3
 333 001f 24       		.uleb128 0x24
 334 0020 00       		.byte	0
 335 0021 0B       		.uleb128 0xb
 336 0022 0B       		.uleb128 0xb
 337 0023 3E       		.uleb128 0x3e
 338 0024 0B       		.uleb128 0xb
 339 0025 03       		.uleb128 0x3
 340 0026 0E       		.uleb128 0xe
 341 0027 00       		.byte	0
 342 0028 00       		.byte	0
ARM GAS  /tmp/ccyx9BpV.s 			page 7


 343 0029 04       		.uleb128 0x4
 344 002a 24       		.uleb128 0x24
 345 002b 00       		.byte	0
 346 002c 0B       		.uleb128 0xb
 347 002d 0B       		.uleb128 0xb
 348 002e 3E       		.uleb128 0x3e
 349 002f 0B       		.uleb128 0xb
 350 0030 03       		.uleb128 0x3
 351 0031 08       		.uleb128 0x8
 352 0032 00       		.byte	0
 353 0033 00       		.byte	0
 354 0034 05       		.uleb128 0x5
 355 0035 0F       		.uleb128 0xf
 356 0036 00       		.byte	0
 357 0037 0B       		.uleb128 0xb
 358 0038 0B       		.uleb128 0xb
 359 0039 00       		.byte	0
 360 003a 00       		.byte	0
 361 003b 06       		.uleb128 0x6
 362 003c 16       		.uleb128 0x16
 363 003d 00       		.byte	0
 364 003e 03       		.uleb128 0x3
 365 003f 0E       		.uleb128 0xe
 366 0040 3A       		.uleb128 0x3a
 367 0041 0B       		.uleb128 0xb
 368 0042 3B       		.uleb128 0x3b
 369 0043 05       		.uleb128 0x5
 370 0044 49       		.uleb128 0x49
 371 0045 13       		.uleb128 0x13
 372 0046 00       		.byte	0
 373 0047 00       		.byte	0
 374 0048 07       		.uleb128 0x7
 375 0049 0F       		.uleb128 0xf
 376 004a 00       		.byte	0
 377 004b 0B       		.uleb128 0xb
 378 004c 0B       		.uleb128 0xb
 379 004d 49       		.uleb128 0x49
 380 004e 13       		.uleb128 0x13
 381 004f 00       		.byte	0
 382 0050 00       		.byte	0
 383 0051 08       		.uleb128 0x8
 384 0052 13       		.uleb128 0x13
 385 0053 01       		.byte	0x1
 386 0054 0B       		.uleb128 0xb
 387 0055 0B       		.uleb128 0xb
 388 0056 3A       		.uleb128 0x3a
 389 0057 0B       		.uleb128 0xb
 390 0058 3B       		.uleb128 0x3b
 391 0059 05       		.uleb128 0x5
 392 005a 01       		.uleb128 0x1
 393 005b 13       		.uleb128 0x13
 394 005c 00       		.byte	0
 395 005d 00       		.byte	0
 396 005e 09       		.uleb128 0x9
 397 005f 0D       		.uleb128 0xd
 398 0060 00       		.byte	0
 399 0061 03       		.uleb128 0x3
ARM GAS  /tmp/ccyx9BpV.s 			page 8


 400 0062 0E       		.uleb128 0xe
 401 0063 3A       		.uleb128 0x3a
 402 0064 0B       		.uleb128 0xb
 403 0065 3B       		.uleb128 0x3b
 404 0066 05       		.uleb128 0x5
 405 0067 49       		.uleb128 0x49
 406 0068 13       		.uleb128 0x13
 407 0069 38       		.uleb128 0x38
 408 006a 0B       		.uleb128 0xb
 409 006b 00       		.byte	0
 410 006c 00       		.byte	0
 411 006d 0A       		.uleb128 0xa
 412 006e 2E       		.uleb128 0x2e
 413 006f 01       		.byte	0x1
 414 0070 3F       		.uleb128 0x3f
 415 0071 19       		.uleb128 0x19
 416 0072 03       		.uleb128 0x3
 417 0073 0E       		.uleb128 0xe
 418 0074 3A       		.uleb128 0x3a
 419 0075 0B       		.uleb128 0xb
 420 0076 3B       		.uleb128 0x3b
 421 0077 0B       		.uleb128 0xb
 422 0078 27       		.uleb128 0x27
 423 0079 19       		.uleb128 0x19
 424 007a 11       		.uleb128 0x11
 425 007b 01       		.uleb128 0x1
 426 007c 12       		.uleb128 0x12
 427 007d 06       		.uleb128 0x6
 428 007e 40       		.uleb128 0x40
 429 007f 18       		.uleb128 0x18
 430 0080 9742     		.uleb128 0x2117
 431 0082 19       		.uleb128 0x19
 432 0083 01       		.uleb128 0x1
 433 0084 13       		.uleb128 0x13
 434 0085 00       		.byte	0
 435 0086 00       		.byte	0
 436 0087 0B       		.uleb128 0xb
 437 0088 05       		.uleb128 0x5
 438 0089 00       		.byte	0
 439 008a 03       		.uleb128 0x3
 440 008b 08       		.uleb128 0x8
 441 008c 3A       		.uleb128 0x3a
 442 008d 0B       		.uleb128 0xb
 443 008e 3B       		.uleb128 0x3b
 444 008f 0B       		.uleb128 0xb
 445 0090 49       		.uleb128 0x49
 446 0091 13       		.uleb128 0x13
 447 0092 02       		.uleb128 0x2
 448 0093 17       		.uleb128 0x17
 449 0094 00       		.byte	0
 450 0095 00       		.byte	0
 451 0096 0C       		.uleb128 0xc
 452 0097 05       		.uleb128 0x5
 453 0098 00       		.byte	0
 454 0099 03       		.uleb128 0x3
 455 009a 0E       		.uleb128 0xe
 456 009b 3A       		.uleb128 0x3a
ARM GAS  /tmp/ccyx9BpV.s 			page 9


 457 009c 0B       		.uleb128 0xb
 458 009d 3B       		.uleb128 0x3b
 459 009e 0B       		.uleb128 0xb
 460 009f 49       		.uleb128 0x49
 461 00a0 13       		.uleb128 0x13
 462 00a1 02       		.uleb128 0x2
 463 00a2 17       		.uleb128 0x17
 464 00a3 00       		.byte	0
 465 00a4 00       		.byte	0
 466 00a5 0D       		.uleb128 0xd
 467 00a6 05       		.uleb128 0x5
 468 00a7 00       		.byte	0
 469 00a8 03       		.uleb128 0x3
 470 00a9 0E       		.uleb128 0xe
 471 00aa 3A       		.uleb128 0x3a
 472 00ab 0B       		.uleb128 0xb
 473 00ac 3B       		.uleb128 0x3b
 474 00ad 0B       		.uleb128 0xb
 475 00ae 49       		.uleb128 0x49
 476 00af 13       		.uleb128 0x13
 477 00b0 02       		.uleb128 0x2
 478 00b1 18       		.uleb128 0x18
 479 00b2 00       		.byte	0
 480 00b3 00       		.byte	0
 481 00b4 0E       		.uleb128 0xe
 482 00b5 898201   		.uleb128 0x4109
 483 00b8 01       		.byte	0x1
 484 00b9 11       		.uleb128 0x11
 485 00ba 01       		.uleb128 0x1
 486 00bb 31       		.uleb128 0x31
 487 00bc 13       		.uleb128 0x13
 488 00bd 00       		.byte	0
 489 00be 00       		.byte	0
 490 00bf 0F       		.uleb128 0xf
 491 00c0 8A8201   		.uleb128 0x410a
 492 00c3 00       		.byte	0
 493 00c4 02       		.uleb128 0x2
 494 00c5 18       		.uleb128 0x18
 495 00c6 9142     		.uleb128 0x2111
 496 00c8 18       		.uleb128 0x18
 497 00c9 00       		.byte	0
 498 00ca 00       		.byte	0
 499 00cb 10       		.uleb128 0x10
 500 00cc 2E       		.uleb128 0x2e
 501 00cd 01       		.byte	0x1
 502 00ce 3F       		.uleb128 0x3f
 503 00cf 19       		.uleb128 0x19
 504 00d0 03       		.uleb128 0x3
 505 00d1 0E       		.uleb128 0xe
 506 00d2 27       		.uleb128 0x27
 507 00d3 19       		.uleb128 0x19
 508 00d4 49       		.uleb128 0x49
 509 00d5 13       		.uleb128 0x13
 510 00d6 34       		.uleb128 0x34
 511 00d7 19       		.uleb128 0x19
 512 00d8 3C       		.uleb128 0x3c
 513 00d9 19       		.uleb128 0x19
ARM GAS  /tmp/ccyx9BpV.s 			page 10


 514 00da 00       		.byte	0
 515 00db 00       		.byte	0
 516 00dc 11       		.uleb128 0x11
 517 00dd 05       		.uleb128 0x5
 518 00de 00       		.byte	0
 519 00df 49       		.uleb128 0x49
 520 00e0 13       		.uleb128 0x13
 521 00e1 00       		.byte	0
 522 00e2 00       		.byte	0
 523 00e3 00       		.byte	0
 524              		.section	.debug_loc,"",%progbits
 525              	.Ldebug_loc0:
 526              	.LLST0:
 527 0000 00000000 		.4byte	.LVL0-.Ltext0
 528 0004 16000000 		.4byte	.LVL4-.Ltext0
 529 0008 0100     		.2byte	0x1
 530 000a 50       		.byte	0x50
 531 000b 16000000 		.4byte	.LVL4-.Ltext0
 532 000f 1E000000 		.4byte	.LFE135-.Ltext0
 533 0013 0100     		.2byte	0x1
 534 0015 54       		.byte	0x54
 535 0016 00000000 		.4byte	0
 536 001a 00000000 		.4byte	0
 537              	.LLST1:
 538 001e 00000000 		.4byte	.LVL0-.Ltext0
 539 0022 14000000 		.4byte	.LVL3-.Ltext0
 540 0026 0100     		.2byte	0x1
 541 0028 51       		.byte	0x51
 542 0029 14000000 		.4byte	.LVL3-.Ltext0
 543 002d 1E000000 		.4byte	.LFE135-.Ltext0
 544 0031 0400     		.2byte	0x4
 545 0033 F3       		.byte	0xf3
 546 0034 01       		.uleb128 0x1
 547 0035 51       		.byte	0x51
 548 0036 9F       		.byte	0x9f
 549 0037 00000000 		.4byte	0
 550 003b 00000000 		.4byte	0
 551              	.LLST2:
 552 003f 00000000 		.4byte	.LVL0-.Ltext0
 553 0043 10000000 		.4byte	.LVL2-.Ltext0
 554 0047 0100     		.2byte	0x1
 555 0049 52       		.byte	0x52
 556 004a 10000000 		.4byte	.LVL2-.Ltext0
 557 004e 16000000 		.4byte	.LVL4-.Ltext0
 558 0052 0200     		.2byte	0x2
 559 0054 70       		.byte	0x70
 560 0055 08       		.sleb128 8
 561 0056 16000000 		.4byte	.LVL4-.Ltext0
 562 005a 19000000 		.4byte	.LVL5-1-.Ltext0
 563 005e 0200     		.2byte	0x2
 564 0060 74       		.byte	0x74
 565 0061 08       		.sleb128 8
 566 0062 19000000 		.4byte	.LVL5-1-.Ltext0
 567 0066 1E000000 		.4byte	.LFE135-.Ltext0
 568 006a 0400     		.2byte	0x4
 569 006c F3       		.byte	0xf3
 570 006d 01       		.uleb128 0x1
ARM GAS  /tmp/ccyx9BpV.s 			page 11


 571 006e 52       		.byte	0x52
 572 006f 9F       		.byte	0x9f
 573 0070 00000000 		.4byte	0
 574 0074 00000000 		.4byte	0
 575              	.LLST3:
 576 0078 00000000 		.4byte	.LVL0-.Ltext0
 577 007c 0A000000 		.4byte	.LVL1-.Ltext0
 578 0080 0100     		.2byte	0x1
 579 0082 53       		.byte	0x53
 580 0083 0A000000 		.4byte	.LVL1-.Ltext0
 581 0087 1E000000 		.4byte	.LFE135-.Ltext0
 582 008b 0100     		.2byte	0x1
 583 008d 55       		.byte	0x55
 584 008e 00000000 		.4byte	0
 585 0092 00000000 		.4byte	0
 586              		.section	.debug_aranges,"",%progbits
 587 0000 1C000000 		.4byte	0x1c
 588 0004 0200     		.2byte	0x2
 589 0006 00000000 		.4byte	.Ldebug_info0
 590 000a 04       		.byte	0x4
 591 000b 00       		.byte	0
 592 000c 0000     		.2byte	0
 593 000e 0000     		.2byte	0
 594 0010 00000000 		.4byte	.Ltext0
 595 0014 1E000000 		.4byte	.Letext0-.Ltext0
 596 0018 00000000 		.4byte	0
 597 001c 00000000 		.4byte	0
 598              		.section	.debug_line,"",%progbits
 599              	.Ldebug_line0:
 600 0000 3C020000 		.section	.debug_str,"MS",%progbits,1
 600      02001902 
 600      00000201 
 600      FB0E0D00 
 600      01010101 
 601              	.LASF27:
 602 0000 61726D5F 		.ascii	"arm_biquad_casd_df1_inst_q31\000"
 602      62697175 
 602      61645F63 
 602      6173645F 
 602      6466315F 
 603              	.LASF28:
 604 001d 474E5520 		.ascii	"GNU C 4.9.3 20150529 (release) [ARM/embedded-4_9-br"
 604      4320342E 
 604      392E3320 
 604      32303135 
 604      30353239 
 605 0050 616E6368 		.ascii	"anch revision 224288] -mcpu=cortex-m4 -mfloat-abi=h"
 605      20726576 
 605      6973696F 
 605      6E203232 
 605      34323838 
 606 0083 61726420 		.ascii	"ard -mfpu=fpv4-sp-d16 -mno-thumb-interwork -mthumb "
 606      2D6D6670 
 606      753D6670 
 606      76342D73 
 606      702D6431 
 607 00b6 2D676764 		.ascii	"-ggdb -O2 -fomit-frame-pointer -falign-functions=16"
ARM GAS  /tmp/ccyx9BpV.s 			page 12


 607      62202D4F 
 607      32202D66 
 607      6F6D6974 
 607      2D667261 
 608 00e9 202D666E 		.ascii	" -fno-math-errno -fsingle-precision-constant\000"
 608      6F2D6D61 
 608      74682D65 
 608      72726E6F 
 608      202D6673 
 609              	.LASF0:
 610 0116 5F5F696E 		.ascii	"__int8_t\000"
 610      74385F74 
 610      00
 611              	.LASF1:
 612 011f 5F5F7569 		.ascii	"__uint8_t\000"
 612      6E74385F 
 612      7400
 613              	.LASF6:
 614 0129 5F5F696E 		.ascii	"__int32_t\000"
 614      7433325F 
 614      7400
 615              	.LASF7:
 616 0133 6C6F6E67 		.ascii	"long int\000"
 616      20696E74 
 616      00
 617              	.LASF13:
 618 013c 696E7438 		.ascii	"int8_t\000"
 618      5F7400
 619              	.LASF20:
 620 0143 666C6F61 		.ascii	"float\000"
 620      7400
 621              	.LASF22:
 622 0149 7133315F 		.ascii	"q31_t\000"
 622      7400
 623              	.LASF3:
 624 014f 756E7369 		.ascii	"unsigned char\000"
 624      676E6564 
 624      20636861 
 624      7200
 625              	.LASF9:
 626 015d 6C6F6E67 		.ascii	"long unsigned int\000"
 626      20756E73 
 626      69676E65 
 626      6420696E 
 626      7400
 627              	.LASF5:
 628 016f 73686F72 		.ascii	"short unsigned int\000"
 628      7420756E 
 628      7369676E 
 628      65642069 
 628      6E7400
 629              	.LASF29:
 630 0182 2F686F6D 		.ascii	"/home/sbcu/Dropbox/pcb-layouts/axo-on-discovery-boa"
 630      652F7362 
 630      63752F44 
 630      726F7062 
 630      6F782F70 
ARM GAS  /tmp/ccyx9BpV.s 			page 13


 631 01b5 72642F61 		.ascii	"rd/axoloti/platform_linux/../CMSIS//DSP_Lib/Source/"
 631      786F6C6F 
 631      74692F70 
 631      6C617466 
 631      6F726D5F 
 632 01e8 46696C74 		.ascii	"FilteringFunctions/arm_biquad_cascade_df1_init_q31."
 632      6572696E 
 632      6746756E 
 632      6374696F 
 632      6E732F61 
 633 021b 6300     		.ascii	"c\000"
 634              	.LASF26:
 635 021d 706F7374 		.ascii	"postShift\000"
 635      53686966 
 635      7400
 636              	.LASF31:
 637 0227 6D656D73 		.ascii	"memset\000"
 637      657400
 638              	.LASF19:
 639 022e 646F7562 		.ascii	"double\000"
 639      6C6500
 640              	.LASF8:
 641 0235 5F5F7569 		.ascii	"__uint32_t\000"
 641      6E743332 
 641      5F7400
 642              	.LASF12:
 643 0240 756E7369 		.ascii	"unsigned int\000"
 643      676E6564 
 643      20696E74 
 643      00
 644              	.LASF11:
 645 024d 6C6F6E67 		.ascii	"long long unsigned int\000"
 645      206C6F6E 
 645      6720756E 
 645      7369676E 
 645      65642069 
 646              	.LASF14:
 647 0264 75696E74 		.ascii	"uint8_t\000"
 647      385F7400 
 648              	.LASF15:
 649 026c 696E7433 		.ascii	"int32_t\000"
 649      325F7400 
 650              	.LASF17:
 651 0274 73697A65 		.ascii	"sizetype\000"
 651      74797065 
 651      00
 652              	.LASF10:
 653 027d 6C6F6E67 		.ascii	"long long int\000"
 653      206C6F6E 
 653      6720696E 
 653      7400
 654              	.LASF24:
 655 028b 70537461 		.ascii	"pState\000"
 655      746500
 656              	.LASF18:
 657 0292 63686172 		.ascii	"char\000"
 657      00
ARM GAS  /tmp/ccyx9BpV.s 			page 14


 658              	.LASF4:
 659 0297 73686F72 		.ascii	"short int\000"
 659      7420696E 
 659      7400
 660              	.LASF25:
 661 02a1 70436F65 		.ascii	"pCoeffs\000"
 661      66667300 
 662              	.LASF16:
 663 02a9 75696E74 		.ascii	"uint32_t\000"
 663      33325F74 
 663      00
 664              	.LASF30:
 665 02b2 61726D5F 		.ascii	"arm_biquad_cascade_df1_init_q31\000"
 665      62697175 
 665      61645F63 
 665      61736361 
 665      64655F64 
 666              	.LASF21:
 667 02d2 6C6F6E67 		.ascii	"long double\000"
 667      20646F75 
 667      626C6500 
 668              	.LASF2:
 669 02de 7369676E 		.ascii	"signed char\000"
 669      65642063 
 669      68617200 
 670              	.LASF23:
 671 02ea 6E756D53 		.ascii	"numStages\000"
 671      74616765 
 671      7300
 672              		.ident	"GCC: (GNU Tools for ARM Embedded Processors) 4.9.3 20150529 (release) [ARM/embedded-4_9-br
ARM GAS  /tmp/ccyx9BpV.s 			page 15


DEFINED SYMBOLS
                            *ABS*:00000000 arm_biquad_cascade_df1_init_q31.c
     /tmp/ccyx9BpV.s:20     .text:00000000 $t
     /tmp/ccyx9BpV.s:26     .text:00000000 arm_biquad_cascade_df1_init_q31
                     .debug_frame:00000010 $d

UNDEFINED SYMBOLS
memset
