ARM GAS  /tmp/ccw3kF4g.s 			page 1


   1              		.syntax unified
   2              		.cpu cortex-m4
   3              		.eabi_attribute 27, 1
   4              		.eabi_attribute 28, 1
   5              		.fpu fpv4-sp-d16
   6              		.eabi_attribute 20, 1
   7              		.eabi_attribute 21, 1
   8              		.eabi_attribute 23, 3
   9              		.eabi_attribute 24, 1
  10              		.eabi_attribute 25, 1
  11              		.eabi_attribute 26, 1
  12              		.eabi_attribute 30, 2
  13              		.eabi_attribute 34, 1
  14              		.eabi_attribute 18, 4
  15              		.thumb
  16              		.file	"arm_sin_q31.c"
  17              		.text
  18              	.Ltext0:
  19              		.cfi_sections	.debug_frame
  20              		.align	2
  21              		.p2align 4,,15
  22              		.global	arm_sin_q31
  23              		.thumb
  24              		.thumb_func
  25              		.type	arm_sin_q31, %function
  26              	arm_sin_q31:
  27              	.LFB135:
  28              		.file 1 "/home/sbcu/Dropbox/pcb-layouts/axo-on-discovery-board/axoloti/platform_linux/../CMSIS//DS
  29              		.loc 1 62 0
  30              		.cfi_startproc
  31              		@ args = 0, pretend = 0, frame = 0
  32              		@ frame_needed = 0, uses_anonymous_args = 0
  33              		@ link register save eliminated.
  34              	.LVL0:
  35 0000 2DE9F003 		push	{r4, r5, r6, r7, r8, r9}
  36              		.cfi_def_cfa_offset 24
  37              		.cfi_offset 4, -24
  38              		.cfi_offset 5, -20
  39              		.cfi_offset 6, -16
  40              		.cfi_offset 7, -12
  41              		.cfi_offset 8, -8
  42              		.cfi_offset 9, -4
  43              		.loc 1 69 0
  44 0004 830D     		lsrs	r3, r0, #22
  45              	.LVL1:
  46              		.loc 1 76 0
  47 0006 0B4F     		ldr	r7, .L3
  48              		.loc 1 72 0
  49 0008 C0F31500 		ubfx	r0, r0, #0, #22
  50              	.LVL2:
  51              		.loc 1 79 0
  52 000c 57F82340 		ldr	r4, [r7, r3, lsl #2]
  53              		.loc 1 72 0
  54 0010 4002     		lsls	r0, r0, #9
  55              	.LVL3:
  56              		.loc 1 76 0
  57 0012 591C     		adds	r1, r3, #1
ARM GAS  /tmp/ccw3kF4g.s 			page 2


  58              		.loc 1 79 0
  59 0014 C0F10046 		rsb	r6, r0, #-2147483648
  60 0018 A6FB0489 		umull	r8, r9, r6, r4
  61 001c E517     		asrs	r5, r4, #31
  62              		.loc 1 76 0
  63 001e 57F82110 		ldr	r1, [r7, r1, lsl #2]
  64              	.LVL4:
  65              		.loc 1 80 0
  66 0022 06FB0593 		mla	r3, r6, r5, r9
  67              	.LVL5:
  68 0026 0022     		movs	r2, #0
  69 0028 C1FB0023 		smlal	r2, r3, r1, r0
  70              		.loc 1 83 0
  71 002c 5800     		lsls	r0, r3, #1
  72              	.LVL6:
  73 002e BDE8F003 		pop	{r4, r5, r6, r7, r8, r9}
  74              		.cfi_restore 9
  75              		.cfi_restore 8
  76              		.cfi_restore 7
  77              		.cfi_restore 6
  78              		.cfi_restore 5
  79              		.cfi_restore 4
  80              		.cfi_def_cfa_offset 0
  81 0032 7047     		bx	lr
  82              	.L4:
  83              		.align	2
  84              	.L3:
  85 0034 00000000 		.word	sinTable_q31
  86              		.cfi_endproc
  87              	.LFE135:
  88              		.size	arm_sin_q31, .-arm_sin_q31
  89              	.Letext0:
  90              		.file 2 "/home/sbcu/Dropbox/pcb-layouts/axo-on-discovery-board/axoloti/platform_linux/arm-none-eab
  91              		.file 3 "/home/sbcu/Dropbox/pcb-layouts/axo-on-discovery-board/axoloti/platform_linux/arm-none-eab
  92              		.file 4 "/home/sbcu/Dropbox/pcb-layouts/axo-on-discovery-board/axoloti/platform_linux/../CMSIS//DS
  93              		.file 5 "/home/sbcu/Dropbox/pcb-layouts/axo-on-discovery-board/axoloti/platform_linux/../CMSIS//DS
  94              		.section	.debug_info,"",%progbits
  95              	.Ldebug_info0:
  96 0000 66010000 		.4byte	0x166
  97 0004 0400     		.2byte	0x4
  98 0006 00000000 		.4byte	.Ldebug_abbrev0
  99 000a 04       		.byte	0x4
 100 000b 01       		.uleb128 0x1
 101 000c 00000000 		.4byte	.LASF25
 102 0010 01       		.byte	0x1
 103 0011 14020000 		.4byte	.LASF26
 104 0015 00000000 		.4byte	.Ltext0
 105 0019 38000000 		.4byte	.Letext0-.Ltext0
 106 001d 00000000 		.4byte	.Ldebug_line0
 107 0021 02       		.uleb128 0x2
 108 0022 01       		.byte	0x1
 109 0023 06       		.byte	0x6
 110 0024 08020000 		.4byte	.LASF0
 111 0028 02       		.uleb128 0x2
 112 0029 01       		.byte	0x1
 113 002a 08       		.byte	0x8
 114 002b 16010000 		.4byte	.LASF1
ARM GAS  /tmp/ccw3kF4g.s 			page 3


 115 002f 02       		.uleb128 0x2
 116 0030 02       		.byte	0x2
 117 0031 05       		.byte	0x5
 118 0032 D3010000 		.4byte	.LASF2
 119 0036 02       		.uleb128 0x2
 120 0037 02       		.byte	0x2
 121 0038 07       		.byte	0x7
 122 0039 36010000 		.4byte	.LASF3
 123 003d 03       		.uleb128 0x3
 124 003e F9000000 		.4byte	.LASF5
 125 0042 02       		.byte	0x2
 126 0043 3F       		.byte	0x3f
 127 0044 48000000 		.4byte	0x48
 128 0048 02       		.uleb128 0x2
 129 0049 04       		.byte	0x4
 130 004a 05       		.byte	0x5
 131 004b F3010000 		.4byte	.LASF4
 132 004f 03       		.uleb128 0x3
 133 0050 5A010000 		.4byte	.LASF6
 134 0054 02       		.byte	0x2
 135 0055 41       		.byte	0x41
 136 0056 5A000000 		.4byte	0x5a
 137 005a 02       		.uleb128 0x2
 138 005b 04       		.byte	0x4
 139 005c 07       		.byte	0x7
 140 005d 24010000 		.4byte	.LASF7
 141 0061 03       		.uleb128 0x3
 142 0062 49010000 		.4byte	.LASF8
 143 0066 02       		.byte	0x2
 144 0067 59       		.byte	0x59
 145 0068 6C000000 		.4byte	0x6c
 146 006c 02       		.uleb128 0x2
 147 006d 08       		.byte	0x8
 148 006e 05       		.byte	0x5
 149 006f B4010000 		.4byte	.LASF9
 150 0073 02       		.uleb128 0x2
 151 0074 08       		.byte	0x8
 152 0075 07       		.byte	0x7
 153 0076 7E010000 		.4byte	.LASF10
 154 007a 04       		.uleb128 0x4
 155 007b 04       		.byte	0x4
 156 007c 05       		.byte	0x5
 157 007d 696E7400 		.ascii	"int\000"
 158 0081 02       		.uleb128 0x2
 159 0082 04       		.byte	0x4
 160 0083 07       		.byte	0x7
 161 0084 71010000 		.4byte	.LASF11
 162 0088 03       		.uleb128 0x3
 163 0089 9B010000 		.4byte	.LASF12
 164 008d 03       		.byte	0x3
 165 008e 1F       		.byte	0x1f
 166 008f 3D000000 		.4byte	0x3d
 167 0093 03       		.uleb128 0x3
 168 0094 EA010000 		.4byte	.LASF13
 169 0098 03       		.byte	0x3
 170 0099 20       		.byte	0x20
 171 009a 4F000000 		.4byte	0x4f
ARM GAS  /tmp/ccw3kF4g.s 			page 4


 172 009e 03       		.uleb128 0x3
 173 009f AC010000 		.4byte	.LASF14
 174 00a3 03       		.byte	0x3
 175 00a4 25       		.byte	0x25
 176 00a5 61000000 		.4byte	0x61
 177 00a9 02       		.uleb128 0x2
 178 00aa 04       		.byte	0x4
 179 00ab 07       		.byte	0x7
 180 00ac A3010000 		.4byte	.LASF15
 181 00b0 02       		.uleb128 0x2
 182 00b1 01       		.byte	0x1
 183 00b2 08       		.byte	0x8
 184 00b3 C2010000 		.4byte	.LASF16
 185 00b7 02       		.uleb128 0x2
 186 00b8 08       		.byte	0x8
 187 00b9 04       		.byte	0x4
 188 00ba 53010000 		.4byte	.LASF17
 189 00be 02       		.uleb128 0x2
 190 00bf 04       		.byte	0x4
 191 00c0 04       		.byte	0x4
 192 00c1 03010000 		.4byte	.LASF18
 193 00c5 02       		.uleb128 0x2
 194 00c6 08       		.byte	0x8
 195 00c7 04       		.byte	0x4
 196 00c8 FC010000 		.4byte	.LASF19
 197 00cc 05       		.uleb128 0x5
 198 00cd 10010000 		.4byte	.LASF20
 199 00d1 04       		.byte	0x4
 200 00d2 A001     		.2byte	0x1a0
 201 00d4 88000000 		.4byte	0x88
 202 00d8 05       		.uleb128 0x5
 203 00d9 95010000 		.4byte	.LASF21
 204 00dd 04       		.byte	0x4
 205 00de A501     		.2byte	0x1a5
 206 00e0 9E000000 		.4byte	0x9e
 207 00e4 06       		.uleb128 0x6
 208 00e5 65010000 		.4byte	.LASF27
 209 00e9 01       		.byte	0x1
 210 00ea 3C       		.byte	0x3c
 211 00eb CC000000 		.4byte	0xcc
 212 00ef 00000000 		.4byte	.LFB135
 213 00f3 38000000 		.4byte	.LFE135-.LFB135
 214 00f7 01       		.uleb128 0x1
 215 00f8 9C       		.byte	0x9c
 216 00f9 48010000 		.4byte	0x148
 217 00fd 07       		.uleb128 0x7
 218 00fe 7800     		.ascii	"x\000"
 219 0100 01       		.byte	0x1
 220 0101 3D       		.byte	0x3d
 221 0102 CC000000 		.4byte	0xcc
 222 0106 00000000 		.4byte	.LLST0
 223 010a 08       		.uleb128 0x8
 224 010b 09010000 		.4byte	.LASF22
 225 010f 01       		.byte	0x1
 226 0110 3F       		.byte	0x3f
 227 0111 CC000000 		.4byte	0xcc
 228 0115 09       		.uleb128 0x9
ARM GAS  /tmp/ccw3kF4g.s 			page 5


 229 0116 CD010000 		.4byte	.LASF23
 230 011a 01       		.byte	0x1
 231 011b 40       		.byte	0x40
 232 011c 88000000 		.4byte	0x88
 233 0120 21000000 		.4byte	.LLST1
 234 0124 0A       		.uleb128 0xa
 235 0125 6100     		.ascii	"a\000"
 236 0127 01       		.byte	0x1
 237 0128 41       		.byte	0x41
 238 0129 CC000000 		.4byte	0xcc
 239 012d 0B       		.uleb128 0xb
 240 012e 6200     		.ascii	"b\000"
 241 0130 01       		.byte	0x1
 242 0131 41       		.byte	0x41
 243 0132 CC000000 		.4byte	0xcc
 244 0136 01       		.uleb128 0x1
 245 0137 51       		.byte	0x51
 246 0138 09       		.uleb128 0x9
 247 0139 C7010000 		.4byte	.LASF24
 248 013d 01       		.byte	0x1
 249 013e 42       		.byte	0x42
 250 013f CC000000 		.4byte	0xcc
 251 0143 44000000 		.4byte	.LLST2
 252 0147 00       		.byte	0
 253 0148 0C       		.uleb128 0xc
 254 0149 CC000000 		.4byte	0xcc
 255 014d 59010000 		.4byte	0x159
 256 0151 0D       		.uleb128 0xd
 257 0152 A9000000 		.4byte	0xa9
 258 0156 0002     		.2byte	0x200
 259 0158 00       		.byte	0
 260 0159 0E       		.uleb128 0xe
 261 015a DD010000 		.4byte	.LASF28
 262 015e 05       		.byte	0x5
 263 015f 82       		.byte	0x82
 264 0160 64010000 		.4byte	0x164
 265 0164 0F       		.uleb128 0xf
 266 0165 48010000 		.4byte	0x148
 267 0169 00       		.byte	0
 268              		.section	.debug_abbrev,"",%progbits
 269              	.Ldebug_abbrev0:
 270 0000 01       		.uleb128 0x1
 271 0001 11       		.uleb128 0x11
 272 0002 01       		.byte	0x1
 273 0003 25       		.uleb128 0x25
 274 0004 0E       		.uleb128 0xe
 275 0005 13       		.uleb128 0x13
 276 0006 0B       		.uleb128 0xb
 277 0007 03       		.uleb128 0x3
 278 0008 0E       		.uleb128 0xe
 279 0009 11       		.uleb128 0x11
 280 000a 01       		.uleb128 0x1
 281 000b 12       		.uleb128 0x12
 282 000c 06       		.uleb128 0x6
 283 000d 10       		.uleb128 0x10
 284 000e 17       		.uleb128 0x17
 285 000f 00       		.byte	0
ARM GAS  /tmp/ccw3kF4g.s 			page 6


 286 0010 00       		.byte	0
 287 0011 02       		.uleb128 0x2
 288 0012 24       		.uleb128 0x24
 289 0013 00       		.byte	0
 290 0014 0B       		.uleb128 0xb
 291 0015 0B       		.uleb128 0xb
 292 0016 3E       		.uleb128 0x3e
 293 0017 0B       		.uleb128 0xb
 294 0018 03       		.uleb128 0x3
 295 0019 0E       		.uleb128 0xe
 296 001a 00       		.byte	0
 297 001b 00       		.byte	0
 298 001c 03       		.uleb128 0x3
 299 001d 16       		.uleb128 0x16
 300 001e 00       		.byte	0
 301 001f 03       		.uleb128 0x3
 302 0020 0E       		.uleb128 0xe
 303 0021 3A       		.uleb128 0x3a
 304 0022 0B       		.uleb128 0xb
 305 0023 3B       		.uleb128 0x3b
 306 0024 0B       		.uleb128 0xb
 307 0025 49       		.uleb128 0x49
 308 0026 13       		.uleb128 0x13
 309 0027 00       		.byte	0
 310 0028 00       		.byte	0
 311 0029 04       		.uleb128 0x4
 312 002a 24       		.uleb128 0x24
 313 002b 00       		.byte	0
 314 002c 0B       		.uleb128 0xb
 315 002d 0B       		.uleb128 0xb
 316 002e 3E       		.uleb128 0x3e
 317 002f 0B       		.uleb128 0xb
 318 0030 03       		.uleb128 0x3
 319 0031 08       		.uleb128 0x8
 320 0032 00       		.byte	0
 321 0033 00       		.byte	0
 322 0034 05       		.uleb128 0x5
 323 0035 16       		.uleb128 0x16
 324 0036 00       		.byte	0
 325 0037 03       		.uleb128 0x3
 326 0038 0E       		.uleb128 0xe
 327 0039 3A       		.uleb128 0x3a
 328 003a 0B       		.uleb128 0xb
 329 003b 3B       		.uleb128 0x3b
 330 003c 05       		.uleb128 0x5
 331 003d 49       		.uleb128 0x49
 332 003e 13       		.uleb128 0x13
 333 003f 00       		.byte	0
 334 0040 00       		.byte	0
 335 0041 06       		.uleb128 0x6
 336 0042 2E       		.uleb128 0x2e
 337 0043 01       		.byte	0x1
 338 0044 3F       		.uleb128 0x3f
 339 0045 19       		.uleb128 0x19
 340 0046 03       		.uleb128 0x3
 341 0047 0E       		.uleb128 0xe
 342 0048 3A       		.uleb128 0x3a
ARM GAS  /tmp/ccw3kF4g.s 			page 7


 343 0049 0B       		.uleb128 0xb
 344 004a 3B       		.uleb128 0x3b
 345 004b 0B       		.uleb128 0xb
 346 004c 27       		.uleb128 0x27
 347 004d 19       		.uleb128 0x19
 348 004e 49       		.uleb128 0x49
 349 004f 13       		.uleb128 0x13
 350 0050 11       		.uleb128 0x11
 351 0051 01       		.uleb128 0x1
 352 0052 12       		.uleb128 0x12
 353 0053 06       		.uleb128 0x6
 354 0054 40       		.uleb128 0x40
 355 0055 18       		.uleb128 0x18
 356 0056 9742     		.uleb128 0x2117
 357 0058 19       		.uleb128 0x19
 358 0059 01       		.uleb128 0x1
 359 005a 13       		.uleb128 0x13
 360 005b 00       		.byte	0
 361 005c 00       		.byte	0
 362 005d 07       		.uleb128 0x7
 363 005e 05       		.uleb128 0x5
 364 005f 00       		.byte	0
 365 0060 03       		.uleb128 0x3
 366 0061 08       		.uleb128 0x8
 367 0062 3A       		.uleb128 0x3a
 368 0063 0B       		.uleb128 0xb
 369 0064 3B       		.uleb128 0x3b
 370 0065 0B       		.uleb128 0xb
 371 0066 49       		.uleb128 0x49
 372 0067 13       		.uleb128 0x13
 373 0068 02       		.uleb128 0x2
 374 0069 17       		.uleb128 0x17
 375 006a 00       		.byte	0
 376 006b 00       		.byte	0
 377 006c 08       		.uleb128 0x8
 378 006d 34       		.uleb128 0x34
 379 006e 00       		.byte	0
 380 006f 03       		.uleb128 0x3
 381 0070 0E       		.uleb128 0xe
 382 0071 3A       		.uleb128 0x3a
 383 0072 0B       		.uleb128 0xb
 384 0073 3B       		.uleb128 0x3b
 385 0074 0B       		.uleb128 0xb
 386 0075 49       		.uleb128 0x49
 387 0076 13       		.uleb128 0x13
 388 0077 00       		.byte	0
 389 0078 00       		.byte	0
 390 0079 09       		.uleb128 0x9
 391 007a 34       		.uleb128 0x34
 392 007b 00       		.byte	0
 393 007c 03       		.uleb128 0x3
 394 007d 0E       		.uleb128 0xe
 395 007e 3A       		.uleb128 0x3a
 396 007f 0B       		.uleb128 0xb
 397 0080 3B       		.uleb128 0x3b
 398 0081 0B       		.uleb128 0xb
 399 0082 49       		.uleb128 0x49
ARM GAS  /tmp/ccw3kF4g.s 			page 8


 400 0083 13       		.uleb128 0x13
 401 0084 02       		.uleb128 0x2
 402 0085 17       		.uleb128 0x17
 403 0086 00       		.byte	0
 404 0087 00       		.byte	0
 405 0088 0A       		.uleb128 0xa
 406 0089 34       		.uleb128 0x34
 407 008a 00       		.byte	0
 408 008b 03       		.uleb128 0x3
 409 008c 08       		.uleb128 0x8
 410 008d 3A       		.uleb128 0x3a
 411 008e 0B       		.uleb128 0xb
 412 008f 3B       		.uleb128 0x3b
 413 0090 0B       		.uleb128 0xb
 414 0091 49       		.uleb128 0x49
 415 0092 13       		.uleb128 0x13
 416 0093 00       		.byte	0
 417 0094 00       		.byte	0
 418 0095 0B       		.uleb128 0xb
 419 0096 34       		.uleb128 0x34
 420 0097 00       		.byte	0
 421 0098 03       		.uleb128 0x3
 422 0099 08       		.uleb128 0x8
 423 009a 3A       		.uleb128 0x3a
 424 009b 0B       		.uleb128 0xb
 425 009c 3B       		.uleb128 0x3b
 426 009d 0B       		.uleb128 0xb
 427 009e 49       		.uleb128 0x49
 428 009f 13       		.uleb128 0x13
 429 00a0 02       		.uleb128 0x2
 430 00a1 18       		.uleb128 0x18
 431 00a2 00       		.byte	0
 432 00a3 00       		.byte	0
 433 00a4 0C       		.uleb128 0xc
 434 00a5 01       		.uleb128 0x1
 435 00a6 01       		.byte	0x1
 436 00a7 49       		.uleb128 0x49
 437 00a8 13       		.uleb128 0x13
 438 00a9 01       		.uleb128 0x1
 439 00aa 13       		.uleb128 0x13
 440 00ab 00       		.byte	0
 441 00ac 00       		.byte	0
 442 00ad 0D       		.uleb128 0xd
 443 00ae 21       		.uleb128 0x21
 444 00af 00       		.byte	0
 445 00b0 49       		.uleb128 0x49
 446 00b1 13       		.uleb128 0x13
 447 00b2 2F       		.uleb128 0x2f
 448 00b3 05       		.uleb128 0x5
 449 00b4 00       		.byte	0
 450 00b5 00       		.byte	0
 451 00b6 0E       		.uleb128 0xe
 452 00b7 34       		.uleb128 0x34
 453 00b8 00       		.byte	0
 454 00b9 03       		.uleb128 0x3
 455 00ba 0E       		.uleb128 0xe
 456 00bb 3A       		.uleb128 0x3a
ARM GAS  /tmp/ccw3kF4g.s 			page 9


 457 00bc 0B       		.uleb128 0xb
 458 00bd 3B       		.uleb128 0x3b
 459 00be 0B       		.uleb128 0xb
 460 00bf 49       		.uleb128 0x49
 461 00c0 13       		.uleb128 0x13
 462 00c1 3F       		.uleb128 0x3f
 463 00c2 19       		.uleb128 0x19
 464 00c3 3C       		.uleb128 0x3c
 465 00c4 19       		.uleb128 0x19
 466 00c5 00       		.byte	0
 467 00c6 00       		.byte	0
 468 00c7 0F       		.uleb128 0xf
 469 00c8 26       		.uleb128 0x26
 470 00c9 00       		.byte	0
 471 00ca 49       		.uleb128 0x49
 472 00cb 13       		.uleb128 0x13
 473 00cc 00       		.byte	0
 474 00cd 00       		.byte	0
 475 00ce 00       		.byte	0
 476              		.section	.debug_loc,"",%progbits
 477              	.Ldebug_loc0:
 478              	.LLST0:
 479 0000 00000000 		.4byte	.LVL0-.Ltext0
 480 0004 0C000000 		.4byte	.LVL2-.Ltext0
 481 0008 0100     		.2byte	0x1
 482 000a 50       		.byte	0x50
 483 000b 0C000000 		.4byte	.LVL2-.Ltext0
 484 000f 38000000 		.4byte	.LFE135-.Ltext0
 485 0013 0400     		.2byte	0x4
 486 0015 F3       		.byte	0xf3
 487 0016 01       		.uleb128 0x1
 488 0017 50       		.byte	0x50
 489 0018 9F       		.byte	0x9f
 490 0019 00000000 		.4byte	0
 491 001d 00000000 		.4byte	0
 492              	.LLST1:
 493 0021 06000000 		.4byte	.LVL1-.Ltext0
 494 0025 26000000 		.4byte	.LVL5-.Ltext0
 495 0029 0100     		.2byte	0x1
 496 002b 53       		.byte	0x53
 497 002c 26000000 		.4byte	.LVL5-.Ltext0
 498 0030 38000000 		.4byte	.LFE135-.Ltext0
 499 0034 0600     		.2byte	0x6
 500 0036 F3       		.byte	0xf3
 501 0037 01       		.uleb128 0x1
 502 0038 50       		.byte	0x50
 503 0039 46       		.byte	0x46
 504 003a 25       		.byte	0x25
 505 003b 9F       		.byte	0x9f
 506 003c 00000000 		.4byte	0
 507 0040 00000000 		.4byte	0
 508              	.LLST2:
 509 0044 12000000 		.4byte	.LVL3-.Ltext0
 510 0048 2E000000 		.4byte	.LVL6-.Ltext0
 511 004c 0100     		.2byte	0x1
 512 004e 50       		.byte	0x50
 513 004f 2E000000 		.4byte	.LVL6-.Ltext0
ARM GAS  /tmp/ccw3kF4g.s 			page 10


 514 0053 38000000 		.4byte	.LFE135-.Ltext0
 515 0057 0C00     		.2byte	0xc
 516 0059 F3       		.byte	0xf3
 517 005a 01       		.uleb128 0x1
 518 005b 50       		.byte	0x50
 519 005c 09       		.byte	0x9
 520 005d EE       		.byte	0xee
 521 005e 24       		.byte	0x24
 522 005f 09       		.byte	0x9
 523 0060 EE       		.byte	0xee
 524 0061 25       		.byte	0x25
 525 0062 39       		.byte	0x39
 526 0063 24       		.byte	0x24
 527 0064 9F       		.byte	0x9f
 528 0065 00000000 		.4byte	0
 529 0069 00000000 		.4byte	0
 530              		.section	.debug_aranges,"",%progbits
 531 0000 1C000000 		.4byte	0x1c
 532 0004 0200     		.2byte	0x2
 533 0006 00000000 		.4byte	.Ldebug_info0
 534 000a 04       		.byte	0x4
 535 000b 00       		.byte	0
 536 000c 0000     		.2byte	0
 537 000e 0000     		.2byte	0
 538 0010 00000000 		.4byte	.Ltext0
 539 0014 38000000 		.4byte	.Letext0-.Ltext0
 540 0018 00000000 		.4byte	0
 541 001c 00000000 		.4byte	0
 542              		.section	.debug_line,"",%progbits
 543              	.Ldebug_line0:
 544 0000 3C020000 		.section	.debug_str,"MS",%progbits,1
 544      02001B02 
 544      00000201 
 544      FB0E0D00 
 544      01010101 
 545              	.LASF25:
 546 0000 474E5520 		.ascii	"GNU C 4.9.3 20150529 (release) [ARM/embedded-4_9-br"
 546      4320342E 
 546      392E3320 
 546      32303135 
 546      30353239 
 547 0033 616E6368 		.ascii	"anch revision 224288] -mcpu=cortex-m4 -mfloat-abi=h"
 547      20726576 
 547      6973696F 
 547      6E203232 
 547      34323838 
 548 0066 61726420 		.ascii	"ard -mfpu=fpv4-sp-d16 -mno-thumb-interwork -mthumb "
 548      2D6D6670 
 548      753D6670 
 548      76342D73 
 548      702D6431 
 549 0099 2D676764 		.ascii	"-ggdb -O2 -fomit-frame-pointer -falign-functions=16"
 549      62202D4F 
 549      32202D66 
 549      6F6D6974 
 549      2D667261 
 550 00cc 202D666E 		.ascii	" -fno-math-errno -fsingle-precision-constant\000"
ARM GAS  /tmp/ccw3kF4g.s 			page 11


 550      6F2D6D61 
 550      74682D65 
 550      72726E6F 
 550      202D6673 
 551              	.LASF5:
 552 00f9 5F5F696E 		.ascii	"__int32_t\000"
 552      7433325F 
 552      7400
 553              	.LASF18:
 554 0103 666C6F61 		.ascii	"float\000"
 554      7400
 555              	.LASF22:
 556 0109 73696E56 		.ascii	"sinVal\000"
 556      616C00
 557              	.LASF20:
 558 0110 7133315F 		.ascii	"q31_t\000"
 558      7400
 559              	.LASF1:
 560 0116 756E7369 		.ascii	"unsigned char\000"
 560      676E6564 
 560      20636861 
 560      7200
 561              	.LASF7:
 562 0124 6C6F6E67 		.ascii	"long unsigned int\000"
 562      20756E73 
 562      69676E65 
 562      6420696E 
 562      7400
 563              	.LASF3:
 564 0136 73686F72 		.ascii	"short unsigned int\000"
 564      7420756E 
 564      7369676E 
 564      65642069 
 564      6E7400
 565              	.LASF8:
 566 0149 5F5F696E 		.ascii	"__int64_t\000"
 566      7436345F 
 566      7400
 567              	.LASF17:
 568 0153 646F7562 		.ascii	"double\000"
 568      6C6500
 569              	.LASF6:
 570 015a 5F5F7569 		.ascii	"__uint32_t\000"
 570      6E743332 
 570      5F7400
 571              	.LASF27:
 572 0165 61726D5F 		.ascii	"arm_sin_q31\000"
 572      73696E5F 
 572      71333100 
 573              	.LASF11:
 574 0171 756E7369 		.ascii	"unsigned int\000"
 574      676E6564 
 574      20696E74 
 574      00
 575              	.LASF10:
 576 017e 6C6F6E67 		.ascii	"long long unsigned int\000"
 576      206C6F6E 
ARM GAS  /tmp/ccw3kF4g.s 			page 12


 576      6720756E 
 576      7369676E 
 576      65642069 
 577              	.LASF21:
 578 0195 7136335F 		.ascii	"q63_t\000"
 578      7400
 579              	.LASF12:
 580 019b 696E7433 		.ascii	"int32_t\000"
 580      325F7400 
 581              	.LASF15:
 582 01a3 73697A65 		.ascii	"sizetype\000"
 582      74797065 
 582      00
 583              	.LASF14:
 584 01ac 696E7436 		.ascii	"int64_t\000"
 584      345F7400 
 585              	.LASF9:
 586 01b4 6C6F6E67 		.ascii	"long long int\000"
 586      206C6F6E 
 586      6720696E 
 586      7400
 587              	.LASF16:
 588 01c2 63686172 		.ascii	"char\000"
 588      00
 589              	.LASF24:
 590 01c7 66726163 		.ascii	"fract\000"
 590      7400
 591              	.LASF23:
 592 01cd 696E6465 		.ascii	"index\000"
 592      7800
 593              	.LASF2:
 594 01d3 73686F72 		.ascii	"short int\000"
 594      7420696E 
 594      7400
 595              	.LASF28:
 596 01dd 73696E54 		.ascii	"sinTable_q31\000"
 596      61626C65 
 596      5F713331 
 596      00
 597              	.LASF13:
 598 01ea 75696E74 		.ascii	"uint32_t\000"
 598      33325F74 
 598      00
 599              	.LASF4:
 600 01f3 6C6F6E67 		.ascii	"long int\000"
 600      20696E74 
 600      00
 601              	.LASF19:
 602 01fc 6C6F6E67 		.ascii	"long double\000"
 602      20646F75 
 602      626C6500 
 603              	.LASF0:
 604 0208 7369676E 		.ascii	"signed char\000"
 604      65642063 
 604      68617200 
 605              	.LASF26:
 606 0214 2F686F6D 		.ascii	"/home/sbcu/Dropbox/pcb-layouts/axo-on-discovery-boa"
ARM GAS  /tmp/ccw3kF4g.s 			page 13


 606      652F7362 
 606      63752F44 
 606      726F7062 
 606      6F782F70 
 607 0247 72642F61 		.ascii	"rd/axoloti/platform_linux/../CMSIS//DSP_Lib/Source/"
 607      786F6C6F 
 607      74692F70 
 607      6C617466 
 607      6F726D5F 
 608 027a 46617374 		.ascii	"FastMathFunctions/arm_sin_q31.c\000"
 608      4D617468 
 608      46756E63 
 608      74696F6E 
 608      732F6172 
 609              		.ident	"GCC: (GNU Tools for ARM Embedded Processors) 4.9.3 20150529 (release) [ARM/embedded-4_9-br
ARM GAS  /tmp/ccw3kF4g.s 			page 14


DEFINED SYMBOLS
                            *ABS*:00000000 arm_sin_q31.c
     /tmp/ccw3kF4g.s:20     .text:00000000 $t
     /tmp/ccw3kF4g.s:26     .text:00000000 arm_sin_q31
     /tmp/ccw3kF4g.s:85     .text:00000034 $d
                     .debug_frame:00000010 $d

UNDEFINED SYMBOLS
sinTable_q31
