ARM GAS  /tmp/ccQsjdNV.s 			page 1


   1              		.syntax unified
   2              		.cpu cortex-m4
   3              		.eabi_attribute 27, 1
   4              		.eabi_attribute 28, 1
   5              		.fpu fpv4-sp-d16
   6              		.eabi_attribute 20, 1
   7              		.eabi_attribute 21, 1
   8              		.eabi_attribute 23, 3
   9              		.eabi_attribute 24, 1
  10              		.eabi_attribute 25, 1
  11              		.eabi_attribute 26, 1
  12              		.eabi_attribute 30, 2
  13              		.eabi_attribute 34, 1
  14              		.eabi_attribute 18, 4
  15              		.thumb
  16              		.file	"arm_shift_q31.c"
  17              		.text
  18              	.Ltext0:
  19              		.cfi_sections	.debug_frame
  20              		.align	2
  21              		.p2align 4,,15
  22              		.global	arm_shift_q31
  23              		.thumb
  24              		.thumb_func
  25              		.type	arm_shift_q31, %function
  26              	arm_shift_q31:
  27              	.LFB135:
  28              		.file 1 "/home/sbcu/Dropbox/pcb-layouts/axo-on-discovery-board/axoloti/platform_linux/../CMSIS//DS
  29              		.loc 1 89 0
  30              		.cfi_startproc
  31              		@ args = 0, pretend = 0, frame = 24
  32              		@ frame_needed = 0, uses_anonymous_args = 0
  33              	.LVL0:
  34 0000 2DE9F04F 		push	{r4, r5, r6, r7, r8, r9, r10, fp, lr}
  35              		.cfi_def_cfa_offset 36
  36              		.cfi_offset 4, -36
  37              		.cfi_offset 5, -32
  38              		.cfi_offset 6, -28
  39              		.cfi_offset 7, -24
  40              		.cfi_offset 8, -20
  41              		.cfi_offset 9, -16
  42              		.cfi_offset 10, -12
  43              		.cfi_offset 11, -8
  44              		.cfi_offset 14, -4
  45 0004 87B0     		sub	sp, sp, #28
  46              		.cfi_def_cfa_offset 64
  47              		.loc 1 89 0
  48 0006 1C46     		mov	r4, r3
  49 0008 0493     		str	r3, [sp, #16]
  50              		.loc 1 91 0
  51 000a 21F07F03 		bic	r3, r1, #127
  52              	.LVL1:
  53              		.loc 1 89 0
  54 000e 0292     		str	r2, [sp, #8]
  55              		.loc 1 102 0
  56 0010 13F0FF03 		ands	r3, r3, #255
  57              	.LVL2:
ARM GAS  /tmp/ccQsjdNV.s 			page 2


  58              		.loc 1 99 0
  59 0014 4FEA9402 		lsr	r2, r4, #2
  60              	.LVL3:
  61              		.loc 1 89 0
  62 0018 0190     		str	r0, [sp, #4]
  63              		.loc 1 99 0
  64 001a 0392     		str	r2, [sp, #12]
  65              	.LVL4:
  66              		.loc 1 102 0
  67 001c 0593     		str	r3, [sp, #20]
  68 001e 64D0     		beq	.L2
  69              		.loc 1 149 0
  70 0020 3AB3     		cbz	r2, .L4
  71 0022 019B     		ldr	r3, [sp, #4]
  72 0024 DDF80CE0 		ldr	lr, [sp, #12]
  73 0028 03F11006 		add	r6, r3, #16
  74 002c 029B     		ldr	r3, [sp, #8]
  75 002e 4F42     		negs	r7, r1
  76 0030 03F11005 		add	r5, r3, #16
  77              	.LVL5:
  78              	.L10:
  79              		.loc 1 156 0
  80 0034 16E90500 		ldmdb	r6, {r0, r2}
  81              		.loc 1 154 0
  82 0038 56F80C4C 		ldr	r4, [r6, #-12]
  83              	.LVL6:
  84              		.loc 1 158 0
  85 003c 56F8103C 		ldr	r3, [r6, #-16]
  86              		.loc 1 159 0
  87 0040 3C41     		asrs	r4, r4, r7
  88              	.LVL7:
  89              		.loc 1 160 0
  90 0042 3841     		asrs	r0, r0, r7
  91              		.loc 1 161 0
  92 0044 3A41     		asrs	r2, r2, r7
  93              	.LVL8:
  94              		.loc 1 158 0
  95 0046 3B41     		asrs	r3, r3, r7
  96              		.loc 1 149 0
  97 0048 BEF1010E 		subs	lr, lr, #1
  98              	.LVL9:
  99              		.loc 1 159 0
 100 004c 45F80C4C 		str	r4, [r5, #-12]
 101              	.LVL10:
 102              		.loc 1 161 0
 103 0050 05E90500 		stmdb	r5, {r0, r2}
 104              	.LVL11:
 105              		.loc 1 158 0
 106 0054 45F8103C 		str	r3, [r5, #-16]
 107 0058 06F11006 		add	r6, r6, #16
 108              	.LVL12:
 109 005c 05F11005 		add	r5, r5, #16
 110              		.loc 1 149 0
 111 0060 E8D1     		bne	.L10
 112              	.LVL13:
 113              	.L24:
 114 0062 039B     		ldr	r3, [sp, #12]
ARM GAS  /tmp/ccQsjdNV.s 			page 3


 115 0064 019A     		ldr	r2, [sp, #4]
 116 0066 1B01     		lsls	r3, r3, #4
 117 0068 1A44     		add	r2, r2, r3
 118 006a 0192     		str	r2, [sp, #4]
 119 006c 029A     		ldr	r2, [sp, #8]
 120 006e 1A44     		add	r2, r2, r3
 121 0070 0292     		str	r2, [sp, #8]
 122              	.L4:
 123              	.LVL14:
 124              		.loc 1 187 0
 125 0072 049B     		ldr	r3, [sp, #16]
 126 0074 13F00303 		ands	r3, r3, #3
 127              	.LVL15:
 128 0078 34D0     		beq	.L1
 129 007a 0198     		ldr	r0, [sp, #4]
 130 007c 029A     		ldr	r2, [sp, #8]
 131              		.loc 1 191 0
 132 007e 059E     		ldr	r6, [sp, #20]
 133 0080 0430     		adds	r0, r0, #4
 134 0082 043A     		subs	r2, r2, #4
 135              		.loc 1 192 0
 136 0084 C1F1000C 		rsb	ip, r1, #0
 137              		.loc 1 191 0
 138 0088 A1F1200E 		sub	lr, r1, #32
 139 008c C1F12005 		rsb	r5, r1, #32
 140 0090 1CE0     		b	.L15
 141              	.LVL16:
 142              	.L26:
 143              		.loc 1 191 0 is_stmt 0 discriminator 1
 144 0092 4FEAE479 		asr	r9, r4, #31
 145 0096 04FA0EF7 		lsl	r7, r4, lr
 146 009a 09FA01F8 		lsl	r8, r9, r1
 147 009e 48EA0708 		orr	r8, r8, r7
 148 00a2 24FA05F7 		lsr	r7, r4, r5
 149 00a6 48EA0708 		orr	r8, r8, r7
 150 00aa 04FA01F7 		lsl	r7, r4, r1
 151              	.LVL17:
 152              	.LBB4:
 153              	.LBB5:
 154              		.file 2 "/home/sbcu/Dropbox/pcb-layouts/axo-on-discovery-board/axoloti/platform_linux/../CMSIS//DS
 155              		.loc 2 519 0 is_stmt 1 discriminator 1
 156 00ae 4FEAE874 		asr	r4, r8, #31
 157 00b2 B8EBE77F 		cmp	r8, r7, asr #31
 158 00b6 84F00044 		eor	r4, r4, #-2147483648
 159 00ba 14BF     		ite	ne
 160 00bc E443     		mvnne	r4, r4
 161 00be 3C46     		moveq	r4, r7
 162              	.LBE5:
 163              	.LBE4:
 164              		.loc 1 187 0 discriminator 1
 165 00c0 013B     		subs	r3, r3, #1
 166              	.LVL18:
 167              		.loc 1 191 0 discriminator 1
 168 00c2 42F8044F 		str	r4, [r2, #4]!
 169 00c6 00F10400 		add	r0, r0, #4
 170              	.LVL19:
 171              		.loc 1 187 0 discriminator 1
ARM GAS  /tmp/ccQsjdNV.s 			page 4


 172 00ca 0BD0     		beq	.L1
 173              	.LVL20:
 174              	.L15:
 175              		.loc 1 191 0
 176 00cc 50F8044C 		ldr	r4, [r0, #-4]
 177 00d0 002E     		cmp	r6, #0
 178 00d2 DED0     		beq	.L26
 179              		.loc 1 191 0 is_stmt 0 discriminator 2
 180 00d4 44FA0CF4 		asr	r4, r4, ip
 181              	.LVL21:
 182              		.loc 1 187 0 is_stmt 1 discriminator 2
 183 00d8 013B     		subs	r3, r3, #1
 184              	.LVL22:
 185              		.loc 1 191 0 discriminator 2
 186 00da 42F8044F 		str	r4, [r2, #4]!
 187 00de 00F10400 		add	r0, r0, #4
 188              	.LVL23:
 189              		.loc 1 187 0 discriminator 2
 190 00e2 F3D1     		bne	.L15
 191              	.LVL24:
 192              	.L1:
 193              		.loc 1 199 0
 194 00e4 07B0     		add	sp, sp, #28
 195              		.cfi_remember_state
 196              		.cfi_def_cfa_offset 36
 197              		@ sp needed
 198 00e6 BDE8F08F 		pop	{r4, r5, r6, r7, r8, r9, r10, fp, pc}
 199              	.LVL25:
 200              	.L2:
 201              		.cfi_restore_state
 202              		.loc 1 106 0
 203 00ea 039B     		ldr	r3, [sp, #12]
 204 00ec 002B     		cmp	r3, #0
 205 00ee C0D0     		beq	.L4
 206 00f0 019A     		ldr	r2, [sp, #4]
 207 00f2 02F11008 		add	r8, r2, #16
 208 00f6 029A     		ldr	r2, [sp, #8]
 209 00f8 9946     		mov	r9, r3
 210 00fa 02F1100C 		add	ip, r2, #16
 211              	.LVL26:
 212              	.L9:
 213              		.loc 1 110 0
 214 00fe 58F810EC 		ldr	lr, [r8, #-16]
 215              	.LVL27:
 216              		.loc 1 115 0
 217 0102 58F8043C 		ldr	r3, [r8, #-4]
 218              		.loc 1 111 0
 219 0106 58F80C7C 		ldr	r7, [r8, #-12]
 220              	.LVL28:
 221              		.loc 1 113 0
 222 010a 58F8084C 		ldr	r4, [r8, #-8]
 223              		.loc 1 115 0
 224 010e 0093     		str	r3, [sp]
 225              		.loc 1 112 0
 226 0110 0EFA01F6 		lsl	r6, lr, r1
 227              	.LVL29:
 228              		.loc 1 115 0
ARM GAS  /tmp/ccQsjdNV.s 			page 5


 229 0114 1846     		mov	r0, r3
 230              		.loc 1 116 0
 231 0116 46FA01F3 		asr	r3, r6, r1
 232 011a 7345     		cmp	r3, lr
 233              		.loc 1 125 0
 234 011c 0346     		mov	r3, r0
 235              		.loc 1 123 0
 236 011e 04FA01F2 		lsl	r2, r4, r1
 237              		.loc 1 114 0
 238 0122 07FA01F5 		lsl	r5, r7, r1
 239              	.LVL30:
 240              		.loc 1 125 0
 241 0126 03FA01F3 		lsl	r3, r3, r1
 242              		.loc 1 127 0
 243 012a 42FA01FA 		asr	r10, r2, r1
 244              		.loc 1 119 0
 245 012e 45FA01FB 		asr	fp, r5, r1
 246              		.loc 1 130 0
 247 0132 43FA01F0 		asr	r0, r3, r1
 248              	.LVL31:
 249 0136 08F11008 		add	r8, r8, #16
 250              	.LVL32:
 251              		.loc 1 116 0
 252 013a 04D0     		beq	.L5
 253              		.loc 1 117 0
 254 013c 4FEAEE76 		asr	r6, lr, #31
 255              	.LVL33:
 256 0140 86F00046 		eor	r6, r6, #-2147483648
 257 0144 F643     		mvns	r6, r6
 258              	.LVL34:
 259              	.L5:
 260              		.loc 1 119 0
 261 0146 BB45     		cmp	fp, r7
 262 0148 03D0     		beq	.L6
 263              		.loc 1 120 0
 264 014a FD17     		asrs	r5, r7, #31
 265              	.LVL35:
 266 014c 85F00045 		eor	r5, r5, #-2147483648
 267 0150 ED43     		mvns	r5, r5
 268              	.LVL36:
 269              	.L6:
 270              		.loc 1 127 0
 271 0152 A245     		cmp	r10, r4
 272              		.loc 1 122 0
 273 0154 4CF8106C 		str	r6, [ip, #-16]
 274              		.loc 1 124 0
 275 0158 4CF80C5C 		str	r5, [ip, #-12]
 276              		.loc 1 127 0
 277 015c 03D0     		beq	.L7
 278              		.loc 1 128 0
 279 015e E217     		asrs	r2, r4, #31
 280              	.LVL37:
 281 0160 82F00042 		eor	r2, r2, #-2147483648
 282 0164 D243     		mvns	r2, r2
 283              	.LVL38:
 284              	.L7:
 285              		.loc 1 130 0
ARM GAS  /tmp/ccQsjdNV.s 			page 6


 286 0166 009D     		ldr	r5, [sp]
 287              	.LVL39:
 288 0168 A842     		cmp	r0, r5
 289 016a 03D0     		beq	.L8
 290              		.loc 1 131 0
 291 016c EB17     		asrs	r3, r5, #31
 292              	.LVL40:
 293 016e 83F00043 		eor	r3, r3, #-2147483648
 294 0172 DB43     		mvns	r3, r3
 295              	.LVL41:
 296              	.L8:
 297              		.loc 1 106 0
 298 0174 B9F10109 		subs	r9, r9, #1
 299              	.LVL42:
 300              		.loc 1 134 0
 301 0178 0CE90C00 		stmdb	ip, {r2, r3}
 302              	.LVL43:
 303 017c 0CF1100C 		add	ip, ip, #16
 304              	.LVL44:
 305              		.loc 1 106 0
 306 0180 BDD1     		bne	.L9
 307 0182 6EE7     		b	.L24
 308              		.cfi_endproc
 309              	.LFE135:
 310              		.size	arm_shift_q31, .-arm_shift_q31
 311              	.Letext0:
 312              		.file 3 "/home/sbcu/Dropbox/pcb-layouts/axo-on-discovery-board/axoloti/platform_linux/arm-none-eab
 313              		.file 4 "/home/sbcu/Dropbox/pcb-layouts/axo-on-discovery-board/axoloti/platform_linux/arm-none-eab
 314              		.section	.debug_info,"",%progbits
 315              	.Ldebug_info0:
 316 0000 28020000 		.4byte	0x228
 317 0004 0400     		.2byte	0x4
 318 0006 00000000 		.4byte	.Ldebug_abbrev0
 319 000a 04       		.byte	0x4
 320 000b 01       		.uleb128 0x1
 321 000c 0A000000 		.4byte	.LASF36
 322 0010 01       		.byte	0x1
 323 0011 34010000 		.4byte	.LASF37
 324 0015 00000000 		.4byte	.Ltext0
 325 0019 84010000 		.4byte	.Letext0-.Ltext0
 326 001d 00000000 		.4byte	.Ldebug_line0
 327 0021 02       		.uleb128 0x2
 328 0022 03010000 		.4byte	.LASF0
 329 0026 03       		.byte	0x3
 330 0027 1B       		.byte	0x1b
 331 0028 2C000000 		.4byte	0x2c
 332 002c 03       		.uleb128 0x3
 333 002d 01       		.byte	0x1
 334 002e 06       		.byte	0x6
 335 002f DE020000 		.4byte	.LASF2
 336 0033 02       		.uleb128 0x2
 337 0034 0C010000 		.4byte	.LASF1
 338 0038 03       		.byte	0x3
 339 0039 1D       		.byte	0x1d
 340 003a 3E000000 		.4byte	0x3e
 341 003e 03       		.uleb128 0x3
 342 003f 01       		.byte	0x1
ARM GAS  /tmp/ccQsjdNV.s 			page 7


 343 0040 08       		.byte	0x8
 344 0041 D0010000 		.4byte	.LASF3
 345 0045 03       		.uleb128 0x3
 346 0046 02       		.byte	0x2
 347 0047 05       		.byte	0x5
 348 0048 B1020000 		.4byte	.LASF4
 349 004c 03       		.uleb128 0x3
 350 004d 02       		.byte	0x2
 351 004e 07       		.byte	0x7
 352 004f 05020000 		.4byte	.LASF5
 353 0053 02       		.uleb128 0x2
 354 0054 16010000 		.4byte	.LASF6
 355 0058 03       		.byte	0x3
 356 0059 3F       		.byte	0x3f
 357 005a 5E000000 		.4byte	0x5e
 358 005e 03       		.uleb128 0x3
 359 005f 04       		.byte	0x4
 360 0060 05       		.byte	0x5
 361 0061 C4020000 		.4byte	.LASF7
 362 0065 02       		.uleb128 0x2
 363 0066 2E020000 		.4byte	.LASF8
 364 006a 03       		.byte	0x3
 365 006b 41       		.byte	0x41
 366 006c 70000000 		.4byte	0x70
 367 0070 03       		.uleb128 0x3
 368 0071 04       		.byte	0x4
 369 0072 07       		.byte	0x7
 370 0073 F3010000 		.4byte	.LASF9
 371 0077 02       		.uleb128 0x2
 372 0078 1D020000 		.4byte	.LASF10
 373 007c 03       		.byte	0x3
 374 007d 59       		.byte	0x59
 375 007e 82000000 		.4byte	0x82
 376 0082 03       		.uleb128 0x3
 377 0083 08       		.byte	0x8
 378 0084 05       		.byte	0x5
 379 0085 84020000 		.4byte	.LASF11
 380 0089 03       		.uleb128 0x3
 381 008a 08       		.byte	0x8
 382 008b 07       		.byte	0x7
 383 008c 46020000 		.4byte	.LASF12
 384 0090 04       		.uleb128 0x4
 385 0091 04       		.byte	0x4
 386 0092 05       		.byte	0x5
 387 0093 696E7400 		.ascii	"int\000"
 388 0097 03       		.uleb128 0x3
 389 0098 04       		.byte	0x4
 390 0099 07       		.byte	0x7
 391 009a 39020000 		.4byte	.LASF13
 392 009e 02       		.uleb128 0x2
 393 009f BD010000 		.4byte	.LASF14
 394 00a3 04       		.byte	0x4
 395 00a4 13       		.byte	0x13
 396 00a5 21000000 		.4byte	0x21
 397 00a9 02       		.uleb128 0x2
 398 00aa 5D020000 		.4byte	.LASF15
 399 00ae 04       		.byte	0x4
ARM GAS  /tmp/ccQsjdNV.s 			page 8


 400 00af 14       		.byte	0x14
 401 00b0 33000000 		.4byte	0x33
 402 00b4 02       		.uleb128 0x2
 403 00b5 6B020000 		.4byte	.LASF16
 404 00b9 04       		.byte	0x4
 405 00ba 1F       		.byte	0x1f
 406 00bb 53000000 		.4byte	0x53
 407 00bf 02       		.uleb128 0x2
 408 00c0 BB020000 		.4byte	.LASF17
 409 00c4 04       		.byte	0x4
 410 00c5 20       		.byte	0x20
 411 00c6 65000000 		.4byte	0x65
 412 00ca 02       		.uleb128 0x2
 413 00cb 7C020000 		.4byte	.LASF18
 414 00cf 04       		.byte	0x4
 415 00d0 25       		.byte	0x25
 416 00d1 77000000 		.4byte	0x77
 417 00d5 03       		.uleb128 0x3
 418 00d6 04       		.byte	0x4
 419 00d7 07       		.byte	0x7
 420 00d8 73020000 		.4byte	.LASF19
 421 00dc 03       		.uleb128 0x3
 422 00dd 01       		.byte	0x1
 423 00de 08       		.byte	0x8
 424 00df AC020000 		.4byte	.LASF20
 425 00e3 03       		.uleb128 0x3
 426 00e4 08       		.byte	0x8
 427 00e5 04       		.byte	0x4
 428 00e6 27020000 		.4byte	.LASF21
 429 00ea 03       		.uleb128 0x3
 430 00eb 04       		.byte	0x4
 431 00ec 04       		.byte	0x4
 432 00ed C4010000 		.4byte	.LASF22
 433 00f1 03       		.uleb128 0x3
 434 00f2 08       		.byte	0x8
 435 00f3 04       		.byte	0x4
 436 00f4 D2020000 		.4byte	.LASF23
 437 00f8 05       		.uleb128 0x5
 438 00f9 CA010000 		.4byte	.LASF24
 439 00fd 02       		.byte	0x2
 440 00fe A001     		.2byte	0x1a0
 441 0100 B4000000 		.4byte	0xb4
 442 0104 05       		.uleb128 0x5
 443 0105 65020000 		.4byte	.LASF25
 444 0109 02       		.byte	0x2
 445 010a A501     		.2byte	0x1a5
 446 010c CA000000 		.4byte	0xca
 447 0110 06       		.uleb128 0x6
 448 0111 04       		.byte	0x4
 449 0112 F8000000 		.4byte	0xf8
 450 0116 07       		.uleb128 0x7
 451 0117 9C020000 		.4byte	.LASF38
 452 011b 02       		.byte	0x2
 453 011c 0302     		.2byte	0x203
 454 011e F8000000 		.4byte	0xf8
 455 0122 03       		.byte	0x3
 456 0123 32010000 		.4byte	0x132
ARM GAS  /tmp/ccQsjdNV.s 			page 9


 457 0127 08       		.uleb128 0x8
 458 0128 7800     		.ascii	"x\000"
 459 012a 02       		.byte	0x2
 460 012b 0402     		.2byte	0x204
 461 012d 04010000 		.4byte	0x104
 462 0131 00       		.byte	0
 463 0132 09       		.uleb128 0x9
 464 0133 E5010000 		.4byte	.LASF39
 465 0137 01       		.byte	0x1
 466 0138 54       		.byte	0x54
 467 0139 00000000 		.4byte	.LFB135
 468 013d 84010000 		.4byte	.LFE135-.LFB135
 469 0141 01       		.uleb128 0x1
 470 0142 9C       		.byte	0x9c
 471 0143 0A       		.uleb128 0xa
 472 0144 EA020000 		.4byte	.LASF26
 473 0148 01       		.byte	0x1
 474 0149 55       		.byte	0x55
 475 014a 10010000 		.4byte	0x110
 476 014e 00000000 		.4byte	.LLST0
 477 0152 0B       		.uleb128 0xb
 478 0153 00000000 		.4byte	.LASF27
 479 0157 01       		.byte	0x1
 480 0158 56       		.byte	0x56
 481 0159 9E000000 		.4byte	0x9e
 482 015d 01       		.uleb128 0x1
 483 015e 51       		.byte	0x51
 484 015f 0A       		.uleb128 0xa
 485 0160 18020000 		.4byte	.LASF28
 486 0164 01       		.byte	0x1
 487 0165 57       		.byte	0x57
 488 0166 10010000 		.4byte	0x110
 489 016a 7F000000 		.4byte	.LLST1
 490 016e 0A       		.uleb128 0xa
 491 016f 92020000 		.4byte	.LASF29
 492 0173 01       		.byte	0x1
 493 0174 58       		.byte	0x58
 494 0175 BF000000 		.4byte	0xbf
 495 0179 80010000 		.4byte	.LLST2
 496 017d 0C       		.uleb128 0xc
 497 017e DE010000 		.4byte	.LASF30
 498 0182 01       		.byte	0x1
 499 0183 5A       		.byte	0x5a
 500 0184 BF000000 		.4byte	0xbf
 501 0188 C1010000 		.4byte	.LLST3
 502 018c 0C       		.uleb128 0xc
 503 018d CD020000 		.4byte	.LASF31
 504 0191 01       		.byte	0x1
 505 0192 5B       		.byte	0x5b
 506 0193 A9000000 		.4byte	0xa9
 507 0197 5B020000 		.4byte	.LLST4
 508 019b 0D       		.uleb128 0xd
 509 019c 696E3100 		.ascii	"in1\000"
 510 01a0 01       		.byte	0x1
 511 01a1 5F       		.byte	0x5f
 512 01a2 F8000000 		.4byte	0xf8
 513 01a6 7E020000 		.4byte	.LLST5
ARM GAS  /tmp/ccQsjdNV.s 			page 10


 514 01aa 0D       		.uleb128 0xd
 515 01ab 696E3200 		.ascii	"in2\000"
 516 01af 01       		.byte	0x1
 517 01b0 5F       		.byte	0x5f
 518 01b1 F8000000 		.4byte	0xf8
 519 01b5 9D020000 		.4byte	.LLST6
 520 01b9 0E       		.uleb128 0xe
 521 01ba 696E3300 		.ascii	"in3\000"
 522 01be 01       		.byte	0x1
 523 01bf 5F       		.byte	0x5f
 524 01c0 F8000000 		.4byte	0xf8
 525 01c4 01       		.uleb128 0x1
 526 01c5 54       		.byte	0x54
 527 01c6 0D       		.uleb128 0xd
 528 01c7 696E3400 		.ascii	"in4\000"
 529 01cb 01       		.byte	0x1
 530 01cc 5F       		.byte	0x5f
 531 01cd F8000000 		.4byte	0xf8
 532 01d1 C7020000 		.4byte	.LLST7
 533 01d5 0C       		.uleb128 0xc
 534 01d6 20010000 		.4byte	.LASF32
 535 01da 01       		.byte	0x1
 536 01db 60       		.byte	0x60
 537 01dc F8000000 		.4byte	0xf8
 538 01e0 FD020000 		.4byte	.LLST8
 539 01e4 0C       		.uleb128 0xc
 540 01e5 25010000 		.4byte	.LASF33
 541 01e9 01       		.byte	0x1
 542 01ea 60       		.byte	0x60
 543 01eb F8000000 		.4byte	0xf8
 544 01ef 2B030000 		.4byte	.LLST9
 545 01f3 0C       		.uleb128 0xc
 546 01f4 2A010000 		.4byte	.LASF34
 547 01f8 01       		.byte	0x1
 548 01f9 60       		.byte	0x60
 549 01fa F8000000 		.4byte	0xf8
 550 01fe 71030000 		.4byte	.LLST10
 551 0202 0C       		.uleb128 0xc
 552 0203 2F010000 		.4byte	.LASF35
 553 0207 01       		.byte	0x1
 554 0208 60       		.byte	0x60
 555 0209 F8000000 		.4byte	0xf8
 556 020d 9F030000 		.4byte	.LLST11
 557 0211 0F       		.uleb128 0xf
 558 0212 16010000 		.4byte	0x116
 559 0216 AE000000 		.4byte	.LBB4
 560 021a 12000000 		.4byte	.LBE4-.LBB4
 561 021e 01       		.byte	0x1
 562 021f BF       		.byte	0xbf
 563 0220 10       		.uleb128 0x10
 564 0221 27010000 		.4byte	0x127
 565 0225 CE030000 		.4byte	.LLST12
 566 0229 00       		.byte	0
 567 022a 00       		.byte	0
 568 022b 00       		.byte	0
 569              		.section	.debug_abbrev,"",%progbits
 570              	.Ldebug_abbrev0:
ARM GAS  /tmp/ccQsjdNV.s 			page 11


 571 0000 01       		.uleb128 0x1
 572 0001 11       		.uleb128 0x11
 573 0002 01       		.byte	0x1
 574 0003 25       		.uleb128 0x25
 575 0004 0E       		.uleb128 0xe
 576 0005 13       		.uleb128 0x13
 577 0006 0B       		.uleb128 0xb
 578 0007 03       		.uleb128 0x3
 579 0008 0E       		.uleb128 0xe
 580 0009 11       		.uleb128 0x11
 581 000a 01       		.uleb128 0x1
 582 000b 12       		.uleb128 0x12
 583 000c 06       		.uleb128 0x6
 584 000d 10       		.uleb128 0x10
 585 000e 17       		.uleb128 0x17
 586 000f 00       		.byte	0
 587 0010 00       		.byte	0
 588 0011 02       		.uleb128 0x2
 589 0012 16       		.uleb128 0x16
 590 0013 00       		.byte	0
 591 0014 03       		.uleb128 0x3
 592 0015 0E       		.uleb128 0xe
 593 0016 3A       		.uleb128 0x3a
 594 0017 0B       		.uleb128 0xb
 595 0018 3B       		.uleb128 0x3b
 596 0019 0B       		.uleb128 0xb
 597 001a 49       		.uleb128 0x49
 598 001b 13       		.uleb128 0x13
 599 001c 00       		.byte	0
 600 001d 00       		.byte	0
 601 001e 03       		.uleb128 0x3
 602 001f 24       		.uleb128 0x24
 603 0020 00       		.byte	0
 604 0021 0B       		.uleb128 0xb
 605 0022 0B       		.uleb128 0xb
 606 0023 3E       		.uleb128 0x3e
 607 0024 0B       		.uleb128 0xb
 608 0025 03       		.uleb128 0x3
 609 0026 0E       		.uleb128 0xe
 610 0027 00       		.byte	0
 611 0028 00       		.byte	0
 612 0029 04       		.uleb128 0x4
 613 002a 24       		.uleb128 0x24
 614 002b 00       		.byte	0
 615 002c 0B       		.uleb128 0xb
 616 002d 0B       		.uleb128 0xb
 617 002e 3E       		.uleb128 0x3e
 618 002f 0B       		.uleb128 0xb
 619 0030 03       		.uleb128 0x3
 620 0031 08       		.uleb128 0x8
 621 0032 00       		.byte	0
 622 0033 00       		.byte	0
 623 0034 05       		.uleb128 0x5
 624 0035 16       		.uleb128 0x16
 625 0036 00       		.byte	0
 626 0037 03       		.uleb128 0x3
 627 0038 0E       		.uleb128 0xe
ARM GAS  /tmp/ccQsjdNV.s 			page 12


 628 0039 3A       		.uleb128 0x3a
 629 003a 0B       		.uleb128 0xb
 630 003b 3B       		.uleb128 0x3b
 631 003c 05       		.uleb128 0x5
 632 003d 49       		.uleb128 0x49
 633 003e 13       		.uleb128 0x13
 634 003f 00       		.byte	0
 635 0040 00       		.byte	0
 636 0041 06       		.uleb128 0x6
 637 0042 0F       		.uleb128 0xf
 638 0043 00       		.byte	0
 639 0044 0B       		.uleb128 0xb
 640 0045 0B       		.uleb128 0xb
 641 0046 49       		.uleb128 0x49
 642 0047 13       		.uleb128 0x13
 643 0048 00       		.byte	0
 644 0049 00       		.byte	0
 645 004a 07       		.uleb128 0x7
 646 004b 2E       		.uleb128 0x2e
 647 004c 01       		.byte	0x1
 648 004d 03       		.uleb128 0x3
 649 004e 0E       		.uleb128 0xe
 650 004f 3A       		.uleb128 0x3a
 651 0050 0B       		.uleb128 0xb
 652 0051 3B       		.uleb128 0x3b
 653 0052 05       		.uleb128 0x5
 654 0053 27       		.uleb128 0x27
 655 0054 19       		.uleb128 0x19
 656 0055 49       		.uleb128 0x49
 657 0056 13       		.uleb128 0x13
 658 0057 20       		.uleb128 0x20
 659 0058 0B       		.uleb128 0xb
 660 0059 01       		.uleb128 0x1
 661 005a 13       		.uleb128 0x13
 662 005b 00       		.byte	0
 663 005c 00       		.byte	0
 664 005d 08       		.uleb128 0x8
 665 005e 05       		.uleb128 0x5
 666 005f 00       		.byte	0
 667 0060 03       		.uleb128 0x3
 668 0061 08       		.uleb128 0x8
 669 0062 3A       		.uleb128 0x3a
 670 0063 0B       		.uleb128 0xb
 671 0064 3B       		.uleb128 0x3b
 672 0065 05       		.uleb128 0x5
 673 0066 49       		.uleb128 0x49
 674 0067 13       		.uleb128 0x13
 675 0068 00       		.byte	0
 676 0069 00       		.byte	0
 677 006a 09       		.uleb128 0x9
 678 006b 2E       		.uleb128 0x2e
 679 006c 01       		.byte	0x1
 680 006d 3F       		.uleb128 0x3f
 681 006e 19       		.uleb128 0x19
 682 006f 03       		.uleb128 0x3
 683 0070 0E       		.uleb128 0xe
 684 0071 3A       		.uleb128 0x3a
ARM GAS  /tmp/ccQsjdNV.s 			page 13


 685 0072 0B       		.uleb128 0xb
 686 0073 3B       		.uleb128 0x3b
 687 0074 0B       		.uleb128 0xb
 688 0075 27       		.uleb128 0x27
 689 0076 19       		.uleb128 0x19
 690 0077 11       		.uleb128 0x11
 691 0078 01       		.uleb128 0x1
 692 0079 12       		.uleb128 0x12
 693 007a 06       		.uleb128 0x6
 694 007b 40       		.uleb128 0x40
 695 007c 18       		.uleb128 0x18
 696 007d 9742     		.uleb128 0x2117
 697 007f 19       		.uleb128 0x19
 698 0080 00       		.byte	0
 699 0081 00       		.byte	0
 700 0082 0A       		.uleb128 0xa
 701 0083 05       		.uleb128 0x5
 702 0084 00       		.byte	0
 703 0085 03       		.uleb128 0x3
 704 0086 0E       		.uleb128 0xe
 705 0087 3A       		.uleb128 0x3a
 706 0088 0B       		.uleb128 0xb
 707 0089 3B       		.uleb128 0x3b
 708 008a 0B       		.uleb128 0xb
 709 008b 49       		.uleb128 0x49
 710 008c 13       		.uleb128 0x13
 711 008d 02       		.uleb128 0x2
 712 008e 17       		.uleb128 0x17
 713 008f 00       		.byte	0
 714 0090 00       		.byte	0
 715 0091 0B       		.uleb128 0xb
 716 0092 05       		.uleb128 0x5
 717 0093 00       		.byte	0
 718 0094 03       		.uleb128 0x3
 719 0095 0E       		.uleb128 0xe
 720 0096 3A       		.uleb128 0x3a
 721 0097 0B       		.uleb128 0xb
 722 0098 3B       		.uleb128 0x3b
 723 0099 0B       		.uleb128 0xb
 724 009a 49       		.uleb128 0x49
 725 009b 13       		.uleb128 0x13
 726 009c 02       		.uleb128 0x2
 727 009d 18       		.uleb128 0x18
 728 009e 00       		.byte	0
 729 009f 00       		.byte	0
 730 00a0 0C       		.uleb128 0xc
 731 00a1 34       		.uleb128 0x34
 732 00a2 00       		.byte	0
 733 00a3 03       		.uleb128 0x3
 734 00a4 0E       		.uleb128 0xe
 735 00a5 3A       		.uleb128 0x3a
 736 00a6 0B       		.uleb128 0xb
 737 00a7 3B       		.uleb128 0x3b
 738 00a8 0B       		.uleb128 0xb
 739 00a9 49       		.uleb128 0x49
 740 00aa 13       		.uleb128 0x13
 741 00ab 02       		.uleb128 0x2
ARM GAS  /tmp/ccQsjdNV.s 			page 14


 742 00ac 17       		.uleb128 0x17
 743 00ad 00       		.byte	0
 744 00ae 00       		.byte	0
 745 00af 0D       		.uleb128 0xd
 746 00b0 34       		.uleb128 0x34
 747 00b1 00       		.byte	0
 748 00b2 03       		.uleb128 0x3
 749 00b3 08       		.uleb128 0x8
 750 00b4 3A       		.uleb128 0x3a
 751 00b5 0B       		.uleb128 0xb
 752 00b6 3B       		.uleb128 0x3b
 753 00b7 0B       		.uleb128 0xb
 754 00b8 49       		.uleb128 0x49
 755 00b9 13       		.uleb128 0x13
 756 00ba 02       		.uleb128 0x2
 757 00bb 17       		.uleb128 0x17
 758 00bc 00       		.byte	0
 759 00bd 00       		.byte	0
 760 00be 0E       		.uleb128 0xe
 761 00bf 34       		.uleb128 0x34
 762 00c0 00       		.byte	0
 763 00c1 03       		.uleb128 0x3
 764 00c2 08       		.uleb128 0x8
 765 00c3 3A       		.uleb128 0x3a
 766 00c4 0B       		.uleb128 0xb
 767 00c5 3B       		.uleb128 0x3b
 768 00c6 0B       		.uleb128 0xb
 769 00c7 49       		.uleb128 0x49
 770 00c8 13       		.uleb128 0x13
 771 00c9 02       		.uleb128 0x2
 772 00ca 18       		.uleb128 0x18
 773 00cb 00       		.byte	0
 774 00cc 00       		.byte	0
 775 00cd 0F       		.uleb128 0xf
 776 00ce 1D       		.uleb128 0x1d
 777 00cf 01       		.byte	0x1
 778 00d0 31       		.uleb128 0x31
 779 00d1 13       		.uleb128 0x13
 780 00d2 11       		.uleb128 0x11
 781 00d3 01       		.uleb128 0x1
 782 00d4 12       		.uleb128 0x12
 783 00d5 06       		.uleb128 0x6
 784 00d6 58       		.uleb128 0x58
 785 00d7 0B       		.uleb128 0xb
 786 00d8 59       		.uleb128 0x59
 787 00d9 0B       		.uleb128 0xb
 788 00da 00       		.byte	0
 789 00db 00       		.byte	0
 790 00dc 10       		.uleb128 0x10
 791 00dd 05       		.uleb128 0x5
 792 00de 00       		.byte	0
 793 00df 31       		.uleb128 0x31
 794 00e0 13       		.uleb128 0x13
 795 00e1 02       		.uleb128 0x2
 796 00e2 17       		.uleb128 0x17
 797 00e3 00       		.byte	0
 798 00e4 00       		.byte	0
ARM GAS  /tmp/ccQsjdNV.s 			page 15


 799 00e5 00       		.byte	0
 800              		.section	.debug_loc,"",%progbits
 801              	.Ldebug_loc0:
 802              	.LLST0:
 803 0000 00000000 		.4byte	.LVL0-.Ltext0
 804 0004 34000000 		.4byte	.LVL5-.Ltext0
 805 0008 0100     		.2byte	0x1
 806 000a 50       		.byte	0x50
 807 000b 34000000 		.4byte	.LVL5-.Ltext0
 808 000f 54000000 		.4byte	.LVL11-.Ltext0
 809 0013 0300     		.2byte	0x3
 810 0015 76       		.byte	0x76
 811 0016 70       		.sleb128 -16
 812 0017 9F       		.byte	0x9f
 813 0018 54000000 		.4byte	.LVL11-.Ltext0
 814 001c 5C000000 		.4byte	.LVL12-.Ltext0
 815 0020 0100     		.2byte	0x1
 816 0022 56       		.byte	0x56
 817 0023 5C000000 		.4byte	.LVL12-.Ltext0
 818 0027 62000000 		.4byte	.LVL13-.Ltext0
 819 002b 0300     		.2byte	0x3
 820 002d 76       		.byte	0x76
 821 002e 70       		.sleb128 -16
 822 002f 9F       		.byte	0x9f
 823 0030 72000000 		.4byte	.LVL14-.Ltext0
 824 0034 92000000 		.4byte	.LVL16-.Ltext0
 825 0038 0200     		.2byte	0x2
 826 003a 91       		.byte	0x91
 827 003b 44       		.sleb128 -60
 828 003c 92000000 		.4byte	.LVL16-.Ltext0
 829 0040 AE000000 		.4byte	.LVL17-.Ltext0
 830 0044 0100     		.2byte	0x1
 831 0046 50       		.byte	0x50
 832 0047 CC000000 		.4byte	.LVL20-.Ltext0
 833 004b D8000000 		.4byte	.LVL21-.Ltext0
 834 004f 0100     		.2byte	0x1
 835 0051 50       		.byte	0x50
 836 0052 EA000000 		.4byte	.LVL25-.Ltext0
 837 0056 FE000000 		.4byte	.LVL26-.Ltext0
 838 005a 0100     		.2byte	0x1
 839 005c 50       		.byte	0x50
 840 005d FE000000 		.4byte	.LVL26-.Ltext0
 841 0061 3A010000 		.4byte	.LVL32-.Ltext0
 842 0065 0300     		.2byte	0x3
 843 0067 78       		.byte	0x78
 844 0068 70       		.sleb128 -16
 845 0069 9F       		.byte	0x9f
 846 006a 3A010000 		.4byte	.LVL32-.Ltext0
 847 006e 7C010000 		.4byte	.LVL43-.Ltext0
 848 0072 0300     		.2byte	0x3
 849 0074 78       		.byte	0x78
 850 0075 60       		.sleb128 -32
 851 0076 9F       		.byte	0x9f
 852 0077 00000000 		.4byte	0
 853 007b 00000000 		.4byte	0
 854              	.LLST1:
 855 007f 00000000 		.4byte	.LVL0-.Ltext0
ARM GAS  /tmp/ccQsjdNV.s 			page 16


 856 0083 18000000 		.4byte	.LVL3-.Ltext0
 857 0087 0100     		.2byte	0x1
 858 0089 52       		.byte	0x52
 859 008a 18000000 		.4byte	.LVL3-.Ltext0
 860 008e 34000000 		.4byte	.LVL5-.Ltext0
 861 0092 0200     		.2byte	0x2
 862 0094 91       		.byte	0x91
 863 0095 48       		.sleb128 -56
 864 0096 34000000 		.4byte	.LVL5-.Ltext0
 865 009a 54000000 		.4byte	.LVL11-.Ltext0
 866 009e 0D00     		.2byte	0xd
 867 00a0 91       		.byte	0x91
 868 00a1 48       		.sleb128 -56
 869 00a2 06       		.byte	0x6
 870 00a3 76       		.byte	0x76
 871 00a4 00       		.sleb128 0
 872 00a5 22       		.byte	0x22
 873 00a6 91       		.byte	0x91
 874 00a7 44       		.sleb128 -60
 875 00a8 06       		.byte	0x6
 876 00a9 1C       		.byte	0x1c
 877 00aa 40       		.byte	0x40
 878 00ab 1C       		.byte	0x1c
 879 00ac 9F       		.byte	0x9f
 880 00ad 54000000 		.4byte	.LVL11-.Ltext0
 881 00b1 5C000000 		.4byte	.LVL12-.Ltext0
 882 00b5 0B00     		.2byte	0xb
 883 00b7 91       		.byte	0x91
 884 00b8 48       		.sleb128 -56
 885 00b9 06       		.byte	0x6
 886 00ba 91       		.byte	0x91
 887 00bb 44       		.sleb128 -60
 888 00bc 06       		.byte	0x6
 889 00bd 1C       		.byte	0x1c
 890 00be 76       		.byte	0x76
 891 00bf 00       		.sleb128 0
 892 00c0 22       		.byte	0x22
 893 00c1 9F       		.byte	0x9f
 894 00c2 5C000000 		.4byte	.LVL12-.Ltext0
 895 00c6 62000000 		.4byte	.LVL13-.Ltext0
 896 00ca 0D00     		.2byte	0xd
 897 00cc 76       		.byte	0x76
 898 00cd 00       		.sleb128 0
 899 00ce 91       		.byte	0x91
 900 00cf 48       		.sleb128 -56
 901 00d0 06       		.byte	0x6
 902 00d1 22       		.byte	0x22
 903 00d2 91       		.byte	0x91
 904 00d3 44       		.sleb128 -60
 905 00d4 06       		.byte	0x6
 906 00d5 1C       		.byte	0x1c
 907 00d6 40       		.byte	0x40
 908 00d7 1C       		.byte	0x1c
 909 00d8 9F       		.byte	0x9f
 910 00d9 72000000 		.4byte	.LVL14-.Ltext0
 911 00dd 92000000 		.4byte	.LVL16-.Ltext0
 912 00e1 0200     		.2byte	0x2
ARM GAS  /tmp/ccQsjdNV.s 			page 17


 913 00e3 91       		.byte	0x91
 914 00e4 48       		.sleb128 -56
 915 00e5 92000000 		.4byte	.LVL16-.Ltext0
 916 00e9 CA000000 		.4byte	.LVL19-.Ltext0
 917 00ed 0B00     		.2byte	0xb
 918 00ef 91       		.byte	0x91
 919 00f0 48       		.sleb128 -56
 920 00f1 06       		.byte	0x6
 921 00f2 91       		.byte	0x91
 922 00f3 44       		.sleb128 -60
 923 00f4 06       		.byte	0x6
 924 00f5 1C       		.byte	0x1c
 925 00f6 70       		.byte	0x70
 926 00f7 00       		.sleb128 0
 927 00f8 22       		.byte	0x22
 928 00f9 9F       		.byte	0x9f
 929 00fa CA000000 		.4byte	.LVL19-.Ltext0
 930 00fe CC000000 		.4byte	.LVL20-.Ltext0
 931 0102 0D00     		.2byte	0xd
 932 0104 70       		.byte	0x70
 933 0105 00       		.sleb128 0
 934 0106 91       		.byte	0x91
 935 0107 48       		.sleb128 -56
 936 0108 06       		.byte	0x6
 937 0109 22       		.byte	0x22
 938 010a 91       		.byte	0x91
 939 010b 44       		.sleb128 -60
 940 010c 06       		.byte	0x6
 941 010d 1C       		.byte	0x1c
 942 010e 34       		.byte	0x34
 943 010f 1C       		.byte	0x1c
 944 0110 9F       		.byte	0x9f
 945 0111 CC000000 		.4byte	.LVL20-.Ltext0
 946 0115 E2000000 		.4byte	.LVL23-.Ltext0
 947 0119 0B00     		.2byte	0xb
 948 011b 91       		.byte	0x91
 949 011c 48       		.sleb128 -56
 950 011d 06       		.byte	0x6
 951 011e 91       		.byte	0x91
 952 011f 44       		.sleb128 -60
 953 0120 06       		.byte	0x6
 954 0121 1C       		.byte	0x1c
 955 0122 70       		.byte	0x70
 956 0123 00       		.sleb128 0
 957 0124 22       		.byte	0x22
 958 0125 9F       		.byte	0x9f
 959 0126 E2000000 		.4byte	.LVL23-.Ltext0
 960 012a E4000000 		.4byte	.LVL24-.Ltext0
 961 012e 0D00     		.2byte	0xd
 962 0130 70       		.byte	0x70
 963 0131 00       		.sleb128 0
 964 0132 91       		.byte	0x91
 965 0133 48       		.sleb128 -56
 966 0134 06       		.byte	0x6
 967 0135 22       		.byte	0x22
 968 0136 91       		.byte	0x91
 969 0137 44       		.sleb128 -60
ARM GAS  /tmp/ccQsjdNV.s 			page 18


 970 0138 06       		.byte	0x6
 971 0139 1C       		.byte	0x1c
 972 013a 34       		.byte	0x34
 973 013b 1C       		.byte	0x1c
 974 013c 9F       		.byte	0x9f
 975 013d EA000000 		.4byte	.LVL25-.Ltext0
 976 0141 FE000000 		.4byte	.LVL26-.Ltext0
 977 0145 0200     		.2byte	0x2
 978 0147 91       		.byte	0x91
 979 0148 48       		.sleb128 -56
 980 0149 FE000000 		.4byte	.LVL26-.Ltext0
 981 014d 3A010000 		.4byte	.LVL32-.Ltext0
 982 0151 0D00     		.2byte	0xd
 983 0153 91       		.byte	0x91
 984 0154 48       		.sleb128 -56
 985 0155 06       		.byte	0x6
 986 0156 78       		.byte	0x78
 987 0157 00       		.sleb128 0
 988 0158 22       		.byte	0x22
 989 0159 91       		.byte	0x91
 990 015a 44       		.sleb128 -60
 991 015b 06       		.byte	0x6
 992 015c 1C       		.byte	0x1c
 993 015d 40       		.byte	0x40
 994 015e 1C       		.byte	0x1c
 995 015f 9F       		.byte	0x9f
 996 0160 3A010000 		.4byte	.LVL32-.Ltext0
 997 0164 7C010000 		.4byte	.LVL43-.Ltext0
 998 0168 0E00     		.2byte	0xe
 999 016a 78       		.byte	0x78
 1000 016b 00       		.sleb128 0
 1001 016c 91       		.byte	0x91
 1002 016d 44       		.sleb128 -60
 1003 016e 06       		.byte	0x6
 1004 016f 1C       		.byte	0x1c
 1005 0170 91       		.byte	0x91
 1006 0171 48       		.sleb128 -56
 1007 0172 06       		.byte	0x6
 1008 0173 22       		.byte	0x22
 1009 0174 08       		.byte	0x8
 1010 0175 20       		.byte	0x20
 1011 0176 1C       		.byte	0x1c
 1012 0177 9F       		.byte	0x9f
 1013 0178 00000000 		.4byte	0
 1014 017c 00000000 		.4byte	0
 1015              	.LLST2:
 1016 0180 00000000 		.4byte	.LVL0-.Ltext0
 1017 0184 0E000000 		.4byte	.LVL1-.Ltext0
 1018 0188 0100     		.2byte	0x1
 1019 018a 53       		.byte	0x53
 1020 018b 0E000000 		.4byte	.LVL1-.Ltext0
 1021 018f 34000000 		.4byte	.LVL5-.Ltext0
 1022 0193 0100     		.2byte	0x1
 1023 0195 54       		.byte	0x54
 1024 0196 34000000 		.4byte	.LVL5-.Ltext0
 1025 019a EA000000 		.4byte	.LVL25-.Ltext0
 1026 019e 0200     		.2byte	0x2
ARM GAS  /tmp/ccQsjdNV.s 			page 19


 1027 01a0 91       		.byte	0x91
 1028 01a1 50       		.sleb128 -48
 1029 01a2 EA000000 		.4byte	.LVL25-.Ltext0
 1030 01a6 FE000000 		.4byte	.LVL26-.Ltext0
 1031 01aa 0100     		.2byte	0x1
 1032 01ac 54       		.byte	0x54
 1033 01ad FE000000 		.4byte	.LVL26-.Ltext0
 1034 01b1 84010000 		.4byte	.LFE135-.Ltext0
 1035 01b5 0200     		.2byte	0x2
 1036 01b7 91       		.byte	0x91
 1037 01b8 50       		.sleb128 -48
 1038 01b9 00000000 		.4byte	0
 1039 01bd 00000000 		.4byte	0
 1040              	.LLST3:
 1041 01c1 1C000000 		.4byte	.LVL4-.Ltext0
 1042 01c5 34000000 		.4byte	.LVL5-.Ltext0
 1043 01c9 0100     		.2byte	0x1
 1044 01cb 52       		.byte	0x52
 1045 01cc 34000000 		.4byte	.LVL5-.Ltext0
 1046 01d0 4C000000 		.4byte	.LVL9-.Ltext0
 1047 01d4 0100     		.2byte	0x1
 1048 01d6 5E       		.byte	0x5e
 1049 01d7 4C000000 		.4byte	.LVL9-.Ltext0
 1050 01db 54000000 		.4byte	.LVL11-.Ltext0
 1051 01df 0300     		.2byte	0x3
 1052 01e1 7E       		.byte	0x7e
 1053 01e2 01       		.sleb128 1
 1054 01e3 9F       		.byte	0x9f
 1055 01e4 72000000 		.4byte	.LVL14-.Ltext0
 1056 01e8 78000000 		.4byte	.LVL15-.Ltext0
 1057 01ec 0600     		.2byte	0x6
 1058 01ee 91       		.byte	0x91
 1059 01ef 50       		.sleb128 -48
 1060 01f0 06       		.byte	0x6
 1061 01f1 33       		.byte	0x33
 1062 01f2 1A       		.byte	0x1a
 1063 01f3 9F       		.byte	0x9f
 1064 01f4 78000000 		.4byte	.LVL15-.Ltext0
 1065 01f8 AE000000 		.4byte	.LVL17-.Ltext0
 1066 01fc 0100     		.2byte	0x1
 1067 01fe 53       		.byte	0x53
 1068 01ff AE000000 		.4byte	.LVL17-.Ltext0
 1069 0203 C2000000 		.4byte	.LVL18-.Ltext0
 1070 0207 0300     		.2byte	0x3
 1071 0209 73       		.byte	0x73
 1072 020a 7F       		.sleb128 -1
 1073 020b 9F       		.byte	0x9f
 1074 020c C2000000 		.4byte	.LVL18-.Ltext0
 1075 0210 D8000000 		.4byte	.LVL21-.Ltext0
 1076 0214 0100     		.2byte	0x1
 1077 0216 53       		.byte	0x53
 1078 0217 D8000000 		.4byte	.LVL21-.Ltext0
 1079 021b DA000000 		.4byte	.LVL22-.Ltext0
 1080 021f 0300     		.2byte	0x3
 1081 0221 73       		.byte	0x73
 1082 0222 7F       		.sleb128 -1
 1083 0223 9F       		.byte	0x9f
ARM GAS  /tmp/ccQsjdNV.s 			page 20


 1084 0224 DA000000 		.4byte	.LVL22-.Ltext0
 1085 0228 EA000000 		.4byte	.LVL25-.Ltext0
 1086 022c 0100     		.2byte	0x1
 1087 022e 53       		.byte	0x53
 1088 022f EA000000 		.4byte	.LVL25-.Ltext0
 1089 0233 FE000000 		.4byte	.LVL26-.Ltext0
 1090 0237 0200     		.2byte	0x2
 1091 0239 91       		.byte	0x91
 1092 023a 4C       		.sleb128 -52
 1093 023b FE000000 		.4byte	.LVL26-.Ltext0
 1094 023f 78010000 		.4byte	.LVL42-.Ltext0
 1095 0243 0100     		.2byte	0x1
 1096 0245 59       		.byte	0x59
 1097 0246 78010000 		.4byte	.LVL42-.Ltext0
 1098 024a 7C010000 		.4byte	.LVL43-.Ltext0
 1099 024e 0300     		.2byte	0x3
 1100 0250 79       		.byte	0x79
 1101 0251 01       		.sleb128 1
 1102 0252 9F       		.byte	0x9f
 1103 0253 00000000 		.4byte	0
 1104 0257 00000000 		.4byte	0
 1105              	.LLST4:
 1106 025b 0E000000 		.4byte	.LVL1-.Ltext0
 1107 025f 14000000 		.4byte	.LVL2-.Ltext0
 1108 0263 0100     		.2byte	0x1
 1109 0265 53       		.byte	0x53
 1110 0266 14000000 		.4byte	.LVL2-.Ltext0
 1111 026a 84010000 		.4byte	.LFE135-.Ltext0
 1112 026e 0600     		.2byte	0x6
 1113 0270 71       		.byte	0x71
 1114 0271 00       		.sleb128 0
 1115 0272 09       		.byte	0x9
 1116 0273 80       		.byte	0x80
 1117 0274 1A       		.byte	0x1a
 1118 0275 9F       		.byte	0x9f
 1119 0276 00000000 		.4byte	0
 1120 027a 00000000 		.4byte	0
 1121              	.LLST5:
 1122 027e 34000000 		.4byte	.LVL5-.Ltext0
 1123 0282 50000000 		.4byte	.LVL10-.Ltext0
 1124 0286 0200     		.2byte	0x2
 1125 0288 76       		.byte	0x76
 1126 0289 70       		.sleb128 -16
 1127 028a 02010000 		.4byte	.LVL27-.Ltext0
 1128 028e 84010000 		.4byte	.LFE135-.Ltext0
 1129 0292 0100     		.2byte	0x1
 1130 0294 5E       		.byte	0x5e
 1131 0295 00000000 		.4byte	0
 1132 0299 00000000 		.4byte	0
 1133              	.LLST6:
 1134 029d 3C000000 		.4byte	.LVL6-.Ltext0
 1135 02a1 42000000 		.4byte	.LVL7-.Ltext0
 1136 02a5 0100     		.2byte	0x1
 1137 02a7 54       		.byte	0x54
 1138 02a8 42000000 		.4byte	.LVL7-.Ltext0
 1139 02ac 50000000 		.4byte	.LVL10-.Ltext0
 1140 02b0 0200     		.2byte	0x2
ARM GAS  /tmp/ccQsjdNV.s 			page 21


 1141 02b2 76       		.byte	0x76
 1142 02b3 74       		.sleb128 -12
 1143 02b4 0A010000 		.4byte	.LVL28-.Ltext0
 1144 02b8 84010000 		.4byte	.LFE135-.Ltext0
 1145 02bc 0100     		.2byte	0x1
 1146 02be 57       		.byte	0x57
 1147 02bf 00000000 		.4byte	0
 1148 02c3 00000000 		.4byte	0
 1149              	.LLST7:
 1150 02c7 3C000000 		.4byte	.LVL6-.Ltext0
 1151 02cb 46000000 		.4byte	.LVL8-.Ltext0
 1152 02cf 0100     		.2byte	0x1
 1153 02d1 52       		.byte	0x52
 1154 02d2 46000000 		.4byte	.LVL8-.Ltext0
 1155 02d6 50000000 		.4byte	.LVL10-.Ltext0
 1156 02da 0200     		.2byte	0x2
 1157 02dc 76       		.byte	0x76
 1158 02dd 7C       		.sleb128 -4
 1159 02de 26010000 		.4byte	.LVL30-.Ltext0
 1160 02e2 36010000 		.4byte	.LVL31-.Ltext0
 1161 02e6 0100     		.2byte	0x1
 1162 02e8 50       		.byte	0x50
 1163 02e9 36010000 		.4byte	.LVL31-.Ltext0
 1164 02ed 84010000 		.4byte	.LFE135-.Ltext0
 1165 02f1 0200     		.2byte	0x2
 1166 02f3 7D       		.byte	0x7d
 1167 02f4 00       		.sleb128 0
 1168 02f5 00000000 		.4byte	0
 1169 02f9 00000000 		.4byte	0
 1170              	.LLST8:
 1171 02fd 14010000 		.4byte	.LVL29-.Ltext0
 1172 0301 40010000 		.4byte	.LVL33-.Ltext0
 1173 0305 0100     		.2byte	0x1
 1174 0307 56       		.byte	0x56
 1175 0308 40010000 		.4byte	.LVL33-.Ltext0
 1176 030c 46010000 		.4byte	.LVL34-.Ltext0
 1177 0310 0600     		.2byte	0x6
 1178 0312 7E       		.byte	0x7e
 1179 0313 00       		.sleb128 0
 1180 0314 71       		.byte	0x71
 1181 0315 00       		.sleb128 0
 1182 0316 24       		.byte	0x24
 1183 0317 9F       		.byte	0x9f
 1184 0318 46010000 		.4byte	.LVL34-.Ltext0
 1185 031c 84010000 		.4byte	.LFE135-.Ltext0
 1186 0320 0100     		.2byte	0x1
 1187 0322 56       		.byte	0x56
 1188 0323 00000000 		.4byte	0
 1189 0327 00000000 		.4byte	0
 1190              	.LLST9:
 1191 032b 26010000 		.4byte	.LVL30-.Ltext0
 1192 032f 4C010000 		.4byte	.LVL35-.Ltext0
 1193 0333 0100     		.2byte	0x1
 1194 0335 55       		.byte	0x55
 1195 0336 4C010000 		.4byte	.LVL35-.Ltext0
 1196 033a 52010000 		.4byte	.LVL36-.Ltext0
 1197 033e 0600     		.2byte	0x6
ARM GAS  /tmp/ccQsjdNV.s 			page 22


 1198 0340 77       		.byte	0x77
 1199 0341 00       		.sleb128 0
 1200 0342 71       		.byte	0x71
 1201 0343 00       		.sleb128 0
 1202 0344 24       		.byte	0x24
 1203 0345 9F       		.byte	0x9f
 1204 0346 52010000 		.4byte	.LVL36-.Ltext0
 1205 034a 68010000 		.4byte	.LVL39-.Ltext0
 1206 034e 0100     		.2byte	0x1
 1207 0350 55       		.byte	0x55
 1208 0351 68010000 		.4byte	.LVL39-.Ltext0
 1209 0355 80010000 		.4byte	.LVL44-.Ltext0
 1210 0359 0200     		.2byte	0x2
 1211 035b 7C       		.byte	0x7c
 1212 035c 74       		.sleb128 -12
 1213 035d 80010000 		.4byte	.LVL44-.Ltext0
 1214 0361 84010000 		.4byte	.LFE135-.Ltext0
 1215 0365 0200     		.2byte	0x2
 1216 0367 7C       		.byte	0x7c
 1217 0368 64       		.sleb128 -28
 1218 0369 00000000 		.4byte	0
 1219 036d 00000000 		.4byte	0
 1220              	.LLST10:
 1221 0371 52010000 		.4byte	.LVL36-.Ltext0
 1222 0375 60010000 		.4byte	.LVL37-.Ltext0
 1223 0379 0100     		.2byte	0x1
 1224 037b 52       		.byte	0x52
 1225 037c 60010000 		.4byte	.LVL37-.Ltext0
 1226 0380 66010000 		.4byte	.LVL38-.Ltext0
 1227 0384 0600     		.2byte	0x6
 1228 0386 74       		.byte	0x74
 1229 0387 00       		.sleb128 0
 1230 0388 71       		.byte	0x71
 1231 0389 00       		.sleb128 0
 1232 038a 24       		.byte	0x24
 1233 038b 9F       		.byte	0x9f
 1234 038c 66010000 		.4byte	.LVL38-.Ltext0
 1235 0390 84010000 		.4byte	.LFE135-.Ltext0
 1236 0394 0100     		.2byte	0x1
 1237 0396 52       		.byte	0x52
 1238 0397 00000000 		.4byte	0
 1239 039b 00000000 		.4byte	0
 1240              	.LLST11:
 1241 039f 52010000 		.4byte	.LVL36-.Ltext0
 1242 03a3 6E010000 		.4byte	.LVL40-.Ltext0
 1243 03a7 0100     		.2byte	0x1
 1244 03a9 53       		.byte	0x53
 1245 03aa 6E010000 		.4byte	.LVL40-.Ltext0
 1246 03ae 74010000 		.4byte	.LVL41-.Ltext0
 1247 03b2 0700     		.2byte	0x7
 1248 03b4 7D       		.byte	0x7d
 1249 03b5 00       		.sleb128 0
 1250 03b6 06       		.byte	0x6
 1251 03b7 71       		.byte	0x71
 1252 03b8 00       		.sleb128 0
 1253 03b9 24       		.byte	0x24
 1254 03ba 9F       		.byte	0x9f
ARM GAS  /tmp/ccQsjdNV.s 			page 23


 1255 03bb 74010000 		.4byte	.LVL41-.Ltext0
 1256 03bf 84010000 		.4byte	.LFE135-.Ltext0
 1257 03c3 0100     		.2byte	0x1
 1258 03c5 53       		.byte	0x53
 1259 03c6 00000000 		.4byte	0
 1260 03ca 00000000 		.4byte	0
 1261              	.LLST12:
 1262 03ce AE000000 		.4byte	.LVL17-.Ltext0
 1263 03d2 CC000000 		.4byte	.LVL20-.Ltext0
 1264 03d6 0600     		.2byte	0x6
 1265 03d8 57       		.byte	0x57
 1266 03d9 93       		.byte	0x93
 1267 03da 04       		.uleb128 0x4
 1268 03db 58       		.byte	0x58
 1269 03dc 93       		.byte	0x93
 1270 03dd 04       		.uleb128 0x4
 1271 03de 00000000 		.4byte	0
 1272 03e2 00000000 		.4byte	0
 1273              		.section	.debug_aranges,"",%progbits
 1274 0000 1C000000 		.4byte	0x1c
 1275 0004 0200     		.2byte	0x2
 1276 0006 00000000 		.4byte	.Ldebug_info0
 1277 000a 04       		.byte	0x4
 1278 000b 00       		.byte	0
 1279 000c 0000     		.2byte	0
 1280 000e 0000     		.2byte	0
 1281 0010 00000000 		.4byte	.Ltext0
 1282 0014 84010000 		.4byte	.Letext0-.Ltext0
 1283 0018 00000000 		.4byte	0
 1284 001c 00000000 		.4byte	0
 1285              		.section	.debug_line,"",%progbits
 1286              	.Ldebug_line0:
 1287 0000 B8020000 		.section	.debug_str,"MS",%progbits,1
 1287      02000702 
 1287      00000201 
 1287      FB0E0D00 
 1287      01010101 
 1288              	.LASF27:
 1289 0000 73686966 		.ascii	"shiftBits\000"
 1289      74426974 
 1289      7300
 1290              	.LASF36:
 1291 000a 474E5520 		.ascii	"GNU C 4.9.3 20150529 (release) [ARM/embedded-4_9-br"
 1291      4320342E 
 1291      392E3320 
 1291      32303135 
 1291      30353239 
 1292 003d 616E6368 		.ascii	"anch revision 224288] -mcpu=cortex-m4 -mfloat-abi=h"
 1292      20726576 
 1292      6973696F 
 1292      6E203232 
 1292      34323838 
 1293 0070 61726420 		.ascii	"ard -mfpu=fpv4-sp-d16 -mno-thumb-interwork -mthumb "
 1293      2D6D6670 
 1293      753D6670 
 1293      76342D73 
 1293      702D6431 
ARM GAS  /tmp/ccQsjdNV.s 			page 24


 1294 00a3 2D676764 		.ascii	"-ggdb -O2 -fomit-frame-pointer -falign-functions=16"
 1294      62202D4F 
 1294      32202D66 
 1294      6F6D6974 
 1294      2D667261 
 1295 00d6 202D666E 		.ascii	" -fno-math-errno -fsingle-precision-constant\000"
 1295      6F2D6D61 
 1295      74682D65 
 1295      72726E6F 
 1295      202D6673 
 1296              	.LASF0:
 1297 0103 5F5F696E 		.ascii	"__int8_t\000"
 1297      74385F74 
 1297      00
 1298              	.LASF1:
 1299 010c 5F5F7569 		.ascii	"__uint8_t\000"
 1299      6E74385F 
 1299      7400
 1300              	.LASF6:
 1301 0116 5F5F696E 		.ascii	"__int32_t\000"
 1301      7433325F 
 1301      7400
 1302              	.LASF32:
 1303 0120 6F757431 		.ascii	"out1\000"
 1303      00
 1304              	.LASF33:
 1305 0125 6F757432 		.ascii	"out2\000"
 1305      00
 1306              	.LASF34:
 1307 012a 6F757433 		.ascii	"out3\000"
 1307      00
 1308              	.LASF35:
 1309 012f 6F757434 		.ascii	"out4\000"
 1309      00
 1310              	.LASF37:
 1311 0134 2F686F6D 		.ascii	"/home/sbcu/Dropbox/pcb-layouts/axo-on-discovery-boa"
 1311      652F7362 
 1311      63752F44 
 1311      726F7062 
 1311      6F782F70 
 1312 0167 72642F61 		.ascii	"rd/axoloti/platform_linux/../CMSIS//DSP_Lib/Source/"
 1312      786F6C6F 
 1312      74692F70 
 1312      6C617466 
 1312      6F726D5F 
 1313 019a 42617369 		.ascii	"BasicMathFunctions/arm_shift_q31.c\000"
 1313      634D6174 
 1313      6846756E 
 1313      6374696F 
 1313      6E732F61 
 1314              	.LASF14:
 1315 01bd 696E7438 		.ascii	"int8_t\000"
 1315      5F7400
 1316              	.LASF22:
 1317 01c4 666C6F61 		.ascii	"float\000"
 1317      7400
 1318              	.LASF24:
ARM GAS  /tmp/ccQsjdNV.s 			page 25


 1319 01ca 7133315F 		.ascii	"q31_t\000"
 1319      7400
 1320              	.LASF3:
 1321 01d0 756E7369 		.ascii	"unsigned char\000"
 1321      676E6564 
 1321      20636861 
 1321      7200
 1322              	.LASF30:
 1323 01de 626C6B43 		.ascii	"blkCnt\000"
 1323      6E7400
 1324              	.LASF39:
 1325 01e5 61726D5F 		.ascii	"arm_shift_q31\000"
 1325      73686966 
 1325      745F7133 
 1325      3100
 1326              	.LASF9:
 1327 01f3 6C6F6E67 		.ascii	"long unsigned int\000"
 1327      20756E73 
 1327      69676E65 
 1327      6420696E 
 1327      7400
 1328              	.LASF5:
 1329 0205 73686F72 		.ascii	"short unsigned int\000"
 1329      7420756E 
 1329      7369676E 
 1329      65642069 
 1329      6E7400
 1330              	.LASF28:
 1331 0218 70447374 		.ascii	"pDst\000"
 1331      00
 1332              	.LASF10:
 1333 021d 5F5F696E 		.ascii	"__int64_t\000"
 1333      7436345F 
 1333      7400
 1334              	.LASF21:
 1335 0227 646F7562 		.ascii	"double\000"
 1335      6C6500
 1336              	.LASF8:
 1337 022e 5F5F7569 		.ascii	"__uint32_t\000"
 1337      6E743332 
 1337      5F7400
 1338              	.LASF13:
 1339 0239 756E7369 		.ascii	"unsigned int\000"
 1339      676E6564 
 1339      20696E74 
 1339      00
 1340              	.LASF12:
 1341 0246 6C6F6E67 		.ascii	"long long unsigned int\000"
 1341      206C6F6E 
 1341      6720756E 
 1341      7369676E 
 1341      65642069 
 1342              	.LASF15:
 1343 025d 75696E74 		.ascii	"uint8_t\000"
 1343      385F7400 
 1344              	.LASF25:
 1345 0265 7136335F 		.ascii	"q63_t\000"
ARM GAS  /tmp/ccQsjdNV.s 			page 26


 1345      7400
 1346              	.LASF16:
 1347 026b 696E7433 		.ascii	"int32_t\000"
 1347      325F7400 
 1348              	.LASF19:
 1349 0273 73697A65 		.ascii	"sizetype\000"
 1349      74797065 
 1349      00
 1350              	.LASF18:
 1351 027c 696E7436 		.ascii	"int64_t\000"
 1351      345F7400 
 1352              	.LASF11:
 1353 0284 6C6F6E67 		.ascii	"long long int\000"
 1353      206C6F6E 
 1353      6720696E 
 1353      7400
 1354              	.LASF29:
 1355 0292 626C6F63 		.ascii	"blockSize\000"
 1355      6B53697A 
 1355      6500
 1356              	.LASF38:
 1357 029c 636C6970 		.ascii	"clip_q63_to_q31\000"
 1357      5F713633 
 1357      5F746F5F 
 1357      71333100 
 1358              	.LASF20:
 1359 02ac 63686172 		.ascii	"char\000"
 1359      00
 1360              	.LASF4:
 1361 02b1 73686F72 		.ascii	"short int\000"
 1361      7420696E 
 1361      7400
 1362              	.LASF17:
 1363 02bb 75696E74 		.ascii	"uint32_t\000"
 1363      33325F74 
 1363      00
 1364              	.LASF7:
 1365 02c4 6C6F6E67 		.ascii	"long int\000"
 1365      20696E74 
 1365      00
 1366              	.LASF31:
 1367 02cd 7369676E 		.ascii	"sign\000"
 1367      00
 1368              	.LASF23:
 1369 02d2 6C6F6E67 		.ascii	"long double\000"
 1369      20646F75 
 1369      626C6500 
 1370              	.LASF2:
 1371 02de 7369676E 		.ascii	"signed char\000"
 1371      65642063 
 1371      68617200 
 1372              	.LASF26:
 1373 02ea 70537263 		.ascii	"pSrc\000"
 1373      00
 1374              		.ident	"GCC: (GNU Tools for ARM Embedded Processors) 4.9.3 20150529 (release) [ARM/embedded-4_9-br
ARM GAS  /tmp/ccQsjdNV.s 			page 27


DEFINED SYMBOLS
                            *ABS*:00000000 arm_shift_q31.c
     /tmp/ccQsjdNV.s:20     .text:00000000 $t
     /tmp/ccQsjdNV.s:26     .text:00000000 arm_shift_q31
                     .debug_frame:00000010 $d

NO UNDEFINED SYMBOLS
