ARM GAS  /tmp/ccK2G0IT.s 			page 1


   1              		.syntax unified
   2              		.cpu cortex-m4
   3              		.eabi_attribute 27, 1
   4              		.eabi_attribute 28, 1
   5              		.fpu fpv4-sp-d16
   6              		.eabi_attribute 20, 1
   7              		.eabi_attribute 21, 1
   8              		.eabi_attribute 23, 3
   9              		.eabi_attribute 24, 1
  10              		.eabi_attribute 25, 1
  11              		.eabi_attribute 26, 1
  12              		.eabi_attribute 30, 2
  13              		.eabi_attribute 34, 1
  14              		.eabi_attribute 18, 4
  15              		.thumb
  16              		.file	"arm_mult_f32.c"
  17              		.text
  18              	.Ltext0:
  19              		.cfi_sections	.debug_frame
  20              		.align	2
  21              		.p2align 4,,15
  22              		.global	arm_mult_f32
  23              		.thumb
  24              		.thumb_func
  25              		.type	arm_mult_f32, %function
  26              	arm_mult_f32:
  27              	.LFB135:
  28              		.file 1 "/home/sbcu/Dropbox/pcb-layouts/axo-on-discovery-board/axoloti/platform_linux/../CMSIS//DS
  29              		.loc 1 78 0
  30              		.cfi_startproc
  31              		@ args = 0, pretend = 0, frame = 0
  32              		@ frame_needed = 0, uses_anonymous_args = 0
  33              	.LVL0:
  34 0000 F0B5     		push	{r4, r5, r6, r7, lr}
  35              		.cfi_def_cfa_offset 20
  36              		.cfi_offset 4, -20
  37              		.cfi_offset 5, -16
  38              		.cfi_offset 6, -12
  39              		.cfi_offset 7, -8
  40              		.cfi_offset 14, -4
  41              		.loc 1 92 0
  42 0002 5FEA930E 		lsrs	lr, r3, #2
  43              	.LVL1:
  44 0006 33D0     		beq	.L2
  45 0008 00F11006 		add	r6, r0, #16
  46 000c 01F11005 		add	r5, r1, #16
  47 0010 02F11004 		add	r4, r2, #16
  48 0014 7746     		mov	r7, lr
  49              	.LVL2:
  50              	.L3:
  51              		.loc 1 106 0
  52 0016 16ED046A 		flds	s12, [r6, #-16]
  53 001a 55ED044A 		flds	s9, [r5, #-16]
  54              		.loc 1 109 0
  55 001e 56ED026A 		flds	s13, [r6, #-8]
  56              	.LVL3:
  57              		.loc 1 111 0
ARM GAS  /tmp/ccK2G0IT.s 			page 2


  58 0022 15ED025A 		flds	s10, [r5, #-8]
  59              	.LVL4:
  60              		.loc 1 114 0
  61 0026 16ED037A 		flds	s14, [r6, #-12]
  62 002a 55ED035A 		flds	s11, [r5, #-12]
  63              		.loc 1 117 0
  64 002e 56ED017A 		flds	s15, [r6, #-4]
  65              		.loc 1 106 0
  66 0032 26EE246A 		fmuls	s12, s12, s9
  67              	.LVL5:
  68              		.loc 1 126 0
  69 0036 66EE856A 		fmuls	s13, s13, s10
  70              	.LVL6:
  71              		.loc 1 120 0
  72 003a 04ED046A 		fsts	s12, [r4, #-16]
  73              	.LVL7:
  74              		.loc 1 123 0
  75 003e 15ED016A 		flds	s12, [r5, #-4]
  76              	.LVL8:
  77              		.loc 1 134 0
  78 0042 44ED026A 		fsts	s13, [r4, #-8]
  79              		.loc 1 114 0
  80 0046 27EE257A 		fmuls	s14, s14, s11
  81              	.LVL9:
  82              		.loc 1 132 0
  83 004a 67EE867A 		fmuls	s15, s15, s12
  84              	.LVL10:
  85              		.loc 1 92 0
  86 004e 013F     		subs	r7, r7, #1
  87              	.LVL11:
  88              		.loc 1 129 0
  89 0050 04ED037A 		fsts	s14, [r4, #-12]
  90              	.LVL12:
  91              		.loc 1 136 0
  92 0054 44ED017A 		fsts	s15, [r4, #-4]
  93              	.LVL13:
  94 0058 06F11006 		add	r6, r6, #16
  95 005c 05F11005 		add	r5, r5, #16
  96 0060 04F11004 		add	r4, r4, #16
  97              	.LVL14:
  98              		.loc 1 92 0
  99 0064 D7D1     		bne	.L3
 100 0066 4FEA0E14 		lsl	r4, lr, #4
 101              	.LVL15:
 102 006a 2044     		add	r0, r0, r4
 103 006c 2144     		add	r1, r1, r4
 104 006e 2244     		add	r2, r2, r4
 105              	.LVL16:
 106              	.L2:
 107              		.loc 1 161 0
 108 0070 13F00303 		ands	r3, r3, #3
 109              	.LVL17:
 110 0074 09D0     		beq	.L1
 111              	.LVL18:
 112              	.L5:
 113              		.loc 1 165 0
 114 0076 F0EC017A 		fldmias	r0!, {s15}
ARM GAS  /tmp/ccK2G0IT.s 			page 3


 115              	.LVL19:
 116 007a B1EC017A 		fldmias	r1!, {s14}
 117              	.LVL20:
 118 007e 67EE877A 		fmuls	s15, s15, s14
 119              		.loc 1 161 0
 120 0082 013B     		subs	r3, r3, #1
 121              	.LVL21:
 122              		.loc 1 165 0
 123 0084 E2EC017A 		fstmias	r2!, {s15}
 124              		.loc 1 161 0
 125 0088 F5D1     		bne	.L5
 126              	.L1:
 127 008a F0BD     		pop	{r4, r5, r6, r7, pc}
 128              		.cfi_endproc
 129              	.LFE135:
 130              		.size	arm_mult_f32, .-arm_mult_f32
 131              	.Letext0:
 132              		.file 2 "/home/sbcu/Dropbox/pcb-layouts/axo-on-discovery-board/axoloti/platform_linux/arm-none-eab
 133              		.file 3 "/home/sbcu/Dropbox/pcb-layouts/axo-on-discovery-board/axoloti/platform_linux/arm-none-eab
 134              		.file 4 "/home/sbcu/Dropbox/pcb-layouts/axo-on-discovery-board/axoloti/platform_linux/../CMSIS//DS
 135              		.section	.debug_info,"",%progbits
 136              	.Ldebug_info0:
 137 0000 B8010000 		.4byte	0x1b8
 138 0004 0400     		.2byte	0x4
 139 0006 00000000 		.4byte	.Ldebug_abbrev0
 140 000a 04       		.byte	0x4
 141 000b 01       		.uleb128 0x1
 142 000c 00000000 		.4byte	.LASF34
 143 0010 01       		.byte	0x1
 144 0011 89010000 		.4byte	.LASF35
 145 0015 00000000 		.4byte	.Ltext0
 146 0019 8C000000 		.4byte	.Letext0-.Ltext0
 147 001d 00000000 		.4byte	.Ldebug_line0
 148 0021 02       		.uleb128 0x2
 149 0022 04       		.byte	0x4
 150 0023 04       		.byte	0x4
 151 0024 2C010000 		.4byte	.LASF0
 152 0028 02       		.uleb128 0x2
 153 0029 01       		.byte	0x1
 154 002a 06       		.byte	0x6
 155 002b A9020000 		.4byte	.LASF1
 156 002f 02       		.uleb128 0x2
 157 0030 01       		.byte	0x1
 158 0031 08       		.byte	0x8
 159 0032 32010000 		.4byte	.LASF2
 160 0036 02       		.uleb128 0x2
 161 0037 02       		.byte	0x2
 162 0038 05       		.byte	0x5
 163 0039 81020000 		.4byte	.LASF3
 164 003d 02       		.uleb128 0x2
 165 003e 02       		.byte	0x2
 166 003f 07       		.byte	0x7
 167 0040 59010000 		.4byte	.LASF4
 168 0044 02       		.uleb128 0x2
 169 0045 04       		.byte	0x4
 170 0046 05       		.byte	0x5
 171 0047 94020000 		.4byte	.LASF5
ARM GAS  /tmp/ccK2G0IT.s 			page 4


 172 004b 03       		.uleb128 0x3
 173 004c 7E010000 		.4byte	.LASF10
 174 0050 02       		.byte	0x2
 175 0051 41       		.byte	0x41
 176 0052 56000000 		.4byte	0x56
 177 0056 02       		.uleb128 0x2
 178 0057 04       		.byte	0x4
 179 0058 07       		.byte	0x7
 180 0059 47010000 		.4byte	.LASF6
 181 005d 02       		.uleb128 0x2
 182 005e 08       		.byte	0x8
 183 005f 05       		.byte	0x5
 184 0060 5A020000 		.4byte	.LASF7
 185 0064 02       		.uleb128 0x2
 186 0065 08       		.byte	0x8
 187 0066 07       		.byte	0x7
 188 0067 2D020000 		.4byte	.LASF8
 189 006b 04       		.uleb128 0x4
 190 006c 04       		.byte	0x4
 191 006d 05       		.byte	0x5
 192 006e 696E7400 		.ascii	"int\000"
 193 0072 02       		.uleb128 0x2
 194 0073 04       		.byte	0x4
 195 0074 07       		.byte	0x7
 196 0075 16020000 		.4byte	.LASF9
 197 0079 03       		.uleb128 0x3
 198 007a 8B020000 		.4byte	.LASF11
 199 007e 03       		.byte	0x3
 200 007f 20       		.byte	0x20
 201 0080 4B000000 		.4byte	0x4b
 202 0084 02       		.uleb128 0x2
 203 0085 04       		.byte	0x4
 204 0086 07       		.byte	0x7
 205 0087 51020000 		.4byte	.LASF12
 206 008b 02       		.uleb128 0x2
 207 008c 01       		.byte	0x1
 208 008d 08       		.byte	0x8
 209 008e 72020000 		.4byte	.LASF13
 210 0092 02       		.uleb128 0x2
 211 0093 08       		.byte	0x8
 212 0094 04       		.byte	0x4
 213 0095 77010000 		.4byte	.LASF14
 214 0099 02       		.uleb128 0x2
 215 009a 08       		.byte	0x8
 216 009b 04       		.byte	0x4
 217 009c 9D020000 		.4byte	.LASF15
 218 00a0 05       		.uleb128 0x5
 219 00a1 77020000 		.4byte	.LASF16
 220 00a5 04       		.byte	0x4
 221 00a6 AA01     		.2byte	0x1aa
 222 00a8 21000000 		.4byte	0x21
 223 00ac 06       		.uleb128 0x6
 224 00ad 04       		.byte	0x4
 225 00ae A0000000 		.4byte	0xa0
 226 00b2 07       		.uleb128 0x7
 227 00b3 44020000 		.4byte	.LASF36
 228 00b7 01       		.byte	0x1
ARM GAS  /tmp/ccK2G0IT.s 			page 5


 229 00b8 49       		.byte	0x49
 230 00b9 00000000 		.4byte	.LFB135
 231 00bd 8C000000 		.4byte	.LFE135-.LFB135
 232 00c1 01       		.uleb128 0x1
 233 00c2 9C       		.byte	0x9c
 234 00c3 08       		.uleb128 0x8
 235 00c4 6C010000 		.4byte	.LASF17
 236 00c8 01       		.byte	0x1
 237 00c9 4A       		.byte	0x4a
 238 00ca AC000000 		.4byte	0xac
 239 00ce 00000000 		.4byte	.LLST0
 240 00d2 08       		.uleb128 0x8
 241 00d3 FE000000 		.4byte	.LASF18
 242 00d7 01       		.byte	0x1
 243 00d8 4B       		.byte	0x4b
 244 00d9 AC000000 		.4byte	0xac
 245 00dd 43000000 		.4byte	.LLST1
 246 00e1 08       		.uleb128 0x8
 247 00e2 72010000 		.4byte	.LASF19
 248 00e6 01       		.byte	0x1
 249 00e7 4C       		.byte	0x4c
 250 00e8 AC000000 		.4byte	0xac
 251 00ec 61000000 		.4byte	.LLST2
 252 00f0 08       		.uleb128 0x8
 253 00f1 68020000 		.4byte	.LASF20
 254 00f5 01       		.byte	0x1
 255 00f6 4D       		.byte	0x4d
 256 00f7 79000000 		.4byte	0x79
 257 00fb 7F000000 		.4byte	.LLST3
 258 00ff 09       		.uleb128 0x9
 259 0100 40010000 		.4byte	.LASF21
 260 0104 01       		.byte	0x1
 261 0105 4F       		.byte	0x4f
 262 0106 79000000 		.4byte	0x79
 263 010a A0000000 		.4byte	.LLST4
 264 010e 09       		.uleb128 0x9
 265 010f 11020000 		.4byte	.LASF22
 266 0113 01       		.byte	0x1
 267 0114 53       		.byte	0x53
 268 0115 A0000000 		.4byte	0xa0
 269 0119 0C010000 		.4byte	.LLST5
 270 011d 09       		.uleb128 0x9
 271 011e 0E010000 		.4byte	.LASF23
 272 0122 01       		.byte	0x1
 273 0123 53       		.byte	0x53
 274 0124 A0000000 		.4byte	0xa0
 275 0128 20010000 		.4byte	.LLST6
 276 012c 09       		.uleb128 0x9
 277 012d 23020000 		.4byte	.LASF24
 278 0131 01       		.byte	0x1
 279 0132 53       		.byte	0x53
 280 0133 A0000000 		.4byte	0xa0
 281 0137 40010000 		.4byte	.LLST7
 282 013b 09       		.uleb128 0x9
 283 013c 28020000 		.4byte	.LASF25
 284 0140 01       		.byte	0x1
 285 0141 53       		.byte	0x53
ARM GAS  /tmp/ccK2G0IT.s 			page 6


 286 0142 A0000000 		.4byte	0xa0
 287 0146 60010000 		.4byte	.LLST8
 288 014a 09       		.uleb128 0x9
 289 014b F9000000 		.4byte	.LASF26
 290 014f 01       		.byte	0x1
 291 0150 54       		.byte	0x54
 292 0151 A0000000 		.4byte	0xa0
 293 0155 74010000 		.4byte	.LLST9
 294 0159 09       		.uleb128 0x9
 295 015a 27010000 		.4byte	.LASF27
 296 015e 01       		.byte	0x1
 297 015f 54       		.byte	0x54
 298 0160 A0000000 		.4byte	0xa0
 299 0164 94010000 		.4byte	.LLST10
 300 0168 09       		.uleb128 0x9
 301 0169 04010000 		.4byte	.LASF28
 302 016d 01       		.byte	0x1
 303 016e 54       		.byte	0x54
 304 016f A0000000 		.4byte	0xa0
 305 0173 B4010000 		.4byte	.LLST11
 306 0177 09       		.uleb128 0x9
 307 0178 09010000 		.4byte	.LASF29
 308 017c 01       		.byte	0x1
 309 017d 54       		.byte	0x54
 310 017e A0000000 		.4byte	0xa0
 311 0182 C8010000 		.4byte	.LLST12
 312 0186 09       		.uleb128 0x9
 313 0187 13010000 		.4byte	.LASF30
 314 018b 01       		.byte	0x1
 315 018c 55       		.byte	0x55
 316 018d A0000000 		.4byte	0xa0
 317 0191 DC010000 		.4byte	.LLST13
 318 0195 09       		.uleb128 0x9
 319 0196 18010000 		.4byte	.LASF31
 320 019a 01       		.byte	0x1
 321 019b 55       		.byte	0x55
 322 019c A0000000 		.4byte	0xa0
 323 01a0 1E020000 		.4byte	.LLST14
 324 01a4 0A       		.uleb128 0xa
 325 01a5 1D010000 		.4byte	.LASF32
 326 01a9 01       		.byte	0x1
 327 01aa 55       		.byte	0x55
 328 01ab A0000000 		.4byte	0xa0
 329 01af 0A       		.uleb128 0xa
 330 01b0 22010000 		.4byte	.LASF33
 331 01b4 01       		.byte	0x1
 332 01b5 55       		.byte	0x55
 333 01b6 A0000000 		.4byte	0xa0
 334 01ba 00       		.byte	0
 335 01bb 00       		.byte	0
 336              		.section	.debug_abbrev,"",%progbits
 337              	.Ldebug_abbrev0:
 338 0000 01       		.uleb128 0x1
 339 0001 11       		.uleb128 0x11
 340 0002 01       		.byte	0x1
 341 0003 25       		.uleb128 0x25
 342 0004 0E       		.uleb128 0xe
ARM GAS  /tmp/ccK2G0IT.s 			page 7


 343 0005 13       		.uleb128 0x13
 344 0006 0B       		.uleb128 0xb
 345 0007 03       		.uleb128 0x3
 346 0008 0E       		.uleb128 0xe
 347 0009 11       		.uleb128 0x11
 348 000a 01       		.uleb128 0x1
 349 000b 12       		.uleb128 0x12
 350 000c 06       		.uleb128 0x6
 351 000d 10       		.uleb128 0x10
 352 000e 17       		.uleb128 0x17
 353 000f 00       		.byte	0
 354 0010 00       		.byte	0
 355 0011 02       		.uleb128 0x2
 356 0012 24       		.uleb128 0x24
 357 0013 00       		.byte	0
 358 0014 0B       		.uleb128 0xb
 359 0015 0B       		.uleb128 0xb
 360 0016 3E       		.uleb128 0x3e
 361 0017 0B       		.uleb128 0xb
 362 0018 03       		.uleb128 0x3
 363 0019 0E       		.uleb128 0xe
 364 001a 00       		.byte	0
 365 001b 00       		.byte	0
 366 001c 03       		.uleb128 0x3
 367 001d 16       		.uleb128 0x16
 368 001e 00       		.byte	0
 369 001f 03       		.uleb128 0x3
 370 0020 0E       		.uleb128 0xe
 371 0021 3A       		.uleb128 0x3a
 372 0022 0B       		.uleb128 0xb
 373 0023 3B       		.uleb128 0x3b
 374 0024 0B       		.uleb128 0xb
 375 0025 49       		.uleb128 0x49
 376 0026 13       		.uleb128 0x13
 377 0027 00       		.byte	0
 378 0028 00       		.byte	0
 379 0029 04       		.uleb128 0x4
 380 002a 24       		.uleb128 0x24
 381 002b 00       		.byte	0
 382 002c 0B       		.uleb128 0xb
 383 002d 0B       		.uleb128 0xb
 384 002e 3E       		.uleb128 0x3e
 385 002f 0B       		.uleb128 0xb
 386 0030 03       		.uleb128 0x3
 387 0031 08       		.uleb128 0x8
 388 0032 00       		.byte	0
 389 0033 00       		.byte	0
 390 0034 05       		.uleb128 0x5
 391 0035 16       		.uleb128 0x16
 392 0036 00       		.byte	0
 393 0037 03       		.uleb128 0x3
 394 0038 0E       		.uleb128 0xe
 395 0039 3A       		.uleb128 0x3a
 396 003a 0B       		.uleb128 0xb
 397 003b 3B       		.uleb128 0x3b
 398 003c 05       		.uleb128 0x5
 399 003d 49       		.uleb128 0x49
ARM GAS  /tmp/ccK2G0IT.s 			page 8


 400 003e 13       		.uleb128 0x13
 401 003f 00       		.byte	0
 402 0040 00       		.byte	0
 403 0041 06       		.uleb128 0x6
 404 0042 0F       		.uleb128 0xf
 405 0043 00       		.byte	0
 406 0044 0B       		.uleb128 0xb
 407 0045 0B       		.uleb128 0xb
 408 0046 49       		.uleb128 0x49
 409 0047 13       		.uleb128 0x13
 410 0048 00       		.byte	0
 411 0049 00       		.byte	0
 412 004a 07       		.uleb128 0x7
 413 004b 2E       		.uleb128 0x2e
 414 004c 01       		.byte	0x1
 415 004d 3F       		.uleb128 0x3f
 416 004e 19       		.uleb128 0x19
 417 004f 03       		.uleb128 0x3
 418 0050 0E       		.uleb128 0xe
 419 0051 3A       		.uleb128 0x3a
 420 0052 0B       		.uleb128 0xb
 421 0053 3B       		.uleb128 0x3b
 422 0054 0B       		.uleb128 0xb
 423 0055 27       		.uleb128 0x27
 424 0056 19       		.uleb128 0x19
 425 0057 11       		.uleb128 0x11
 426 0058 01       		.uleb128 0x1
 427 0059 12       		.uleb128 0x12
 428 005a 06       		.uleb128 0x6
 429 005b 40       		.uleb128 0x40
 430 005c 18       		.uleb128 0x18
 431 005d 9742     		.uleb128 0x2117
 432 005f 19       		.uleb128 0x19
 433 0060 00       		.byte	0
 434 0061 00       		.byte	0
 435 0062 08       		.uleb128 0x8
 436 0063 05       		.uleb128 0x5
 437 0064 00       		.byte	0
 438 0065 03       		.uleb128 0x3
 439 0066 0E       		.uleb128 0xe
 440 0067 3A       		.uleb128 0x3a
 441 0068 0B       		.uleb128 0xb
 442 0069 3B       		.uleb128 0x3b
 443 006a 0B       		.uleb128 0xb
 444 006b 49       		.uleb128 0x49
 445 006c 13       		.uleb128 0x13
 446 006d 02       		.uleb128 0x2
 447 006e 17       		.uleb128 0x17
 448 006f 00       		.byte	0
 449 0070 00       		.byte	0
 450 0071 09       		.uleb128 0x9
 451 0072 34       		.uleb128 0x34
 452 0073 00       		.byte	0
 453 0074 03       		.uleb128 0x3
 454 0075 0E       		.uleb128 0xe
 455 0076 3A       		.uleb128 0x3a
 456 0077 0B       		.uleb128 0xb
ARM GAS  /tmp/ccK2G0IT.s 			page 9


 457 0078 3B       		.uleb128 0x3b
 458 0079 0B       		.uleb128 0xb
 459 007a 49       		.uleb128 0x49
 460 007b 13       		.uleb128 0x13
 461 007c 02       		.uleb128 0x2
 462 007d 17       		.uleb128 0x17
 463 007e 00       		.byte	0
 464 007f 00       		.byte	0
 465 0080 0A       		.uleb128 0xa
 466 0081 34       		.uleb128 0x34
 467 0082 00       		.byte	0
 468 0083 03       		.uleb128 0x3
 469 0084 0E       		.uleb128 0xe
 470 0085 3A       		.uleb128 0x3a
 471 0086 0B       		.uleb128 0xb
 472 0087 3B       		.uleb128 0x3b
 473 0088 0B       		.uleb128 0xb
 474 0089 49       		.uleb128 0x49
 475 008a 13       		.uleb128 0x13
 476 008b 00       		.byte	0
 477 008c 00       		.byte	0
 478 008d 00       		.byte	0
 479              		.section	.debug_loc,"",%progbits
 480              	.Ldebug_loc0:
 481              	.LLST0:
 482 0000 00000000 		.4byte	.LVL0-.Ltext0
 483 0004 16000000 		.4byte	.LVL2-.Ltext0
 484 0008 0100     		.2byte	0x1
 485 000a 50       		.byte	0x50
 486 000b 16000000 		.4byte	.LVL2-.Ltext0
 487 000f 58000000 		.4byte	.LVL13-.Ltext0
 488 0013 0300     		.2byte	0x3
 489 0015 76       		.byte	0x76
 490 0016 70       		.sleb128 -16
 491 0017 9F       		.byte	0x9f
 492 0018 70000000 		.4byte	.LVL16-.Ltext0
 493 001c 7A000000 		.4byte	.LVL19-.Ltext0
 494 0020 0100     		.2byte	0x1
 495 0022 50       		.byte	0x50
 496 0023 7A000000 		.4byte	.LVL19-.Ltext0
 497 0027 7E000000 		.4byte	.LVL20-.Ltext0
 498 002b 0300     		.2byte	0x3
 499 002d 70       		.byte	0x70
 500 002e 7C       		.sleb128 -4
 501 002f 9F       		.byte	0x9f
 502 0030 7E000000 		.4byte	.LVL20-.Ltext0
 503 0034 8C000000 		.4byte	.LFE135-.Ltext0
 504 0038 0100     		.2byte	0x1
 505 003a 50       		.byte	0x50
 506 003b 00000000 		.4byte	0
 507 003f 00000000 		.4byte	0
 508              	.LLST1:
 509 0043 00000000 		.4byte	.LVL0-.Ltext0
 510 0047 16000000 		.4byte	.LVL2-.Ltext0
 511 004b 0100     		.2byte	0x1
 512 004d 51       		.byte	0x51
 513 004e 70000000 		.4byte	.LVL16-.Ltext0
ARM GAS  /tmp/ccK2G0IT.s 			page 10


 514 0052 8C000000 		.4byte	.LFE135-.Ltext0
 515 0056 0100     		.2byte	0x1
 516 0058 51       		.byte	0x51
 517 0059 00000000 		.4byte	0
 518 005d 00000000 		.4byte	0
 519              	.LLST2:
 520 0061 00000000 		.4byte	.LVL0-.Ltext0
 521 0065 16000000 		.4byte	.LVL2-.Ltext0
 522 0069 0100     		.2byte	0x1
 523 006b 52       		.byte	0x52
 524 006c 70000000 		.4byte	.LVL16-.Ltext0
 525 0070 76000000 		.4byte	.LVL18-.Ltext0
 526 0074 0100     		.2byte	0x1
 527 0076 52       		.byte	0x52
 528 0077 00000000 		.4byte	0
 529 007b 00000000 		.4byte	0
 530              	.LLST3:
 531 007f 00000000 		.4byte	.LVL0-.Ltext0
 532 0083 74000000 		.4byte	.LVL17-.Ltext0
 533 0087 0100     		.2byte	0x1
 534 0089 53       		.byte	0x53
 535 008a 74000000 		.4byte	.LVL17-.Ltext0
 536 008e 8C000000 		.4byte	.LFE135-.Ltext0
 537 0092 0400     		.2byte	0x4
 538 0094 F3       		.byte	0xf3
 539 0095 01       		.uleb128 0x1
 540 0096 53       		.byte	0x53
 541 0097 9F       		.byte	0x9f
 542 0098 00000000 		.4byte	0
 543 009c 00000000 		.4byte	0
 544              	.LLST4:
 545 00a0 00000000 		.4byte	.LVL0-.Ltext0
 546 00a4 06000000 		.4byte	.LVL1-.Ltext0
 547 00a8 0500     		.2byte	0x5
 548 00aa 73       		.byte	0x73
 549 00ab 00       		.sleb128 0
 550 00ac 32       		.byte	0x32
 551 00ad 25       		.byte	0x25
 552 00ae 9F       		.byte	0x9f
 553 00af 06000000 		.4byte	.LVL1-.Ltext0
 554 00b3 16000000 		.4byte	.LVL2-.Ltext0
 555 00b7 0100     		.2byte	0x1
 556 00b9 5E       		.byte	0x5e
 557 00ba 16000000 		.4byte	.LVL2-.Ltext0
 558 00be 50000000 		.4byte	.LVL11-.Ltext0
 559 00c2 0100     		.2byte	0x1
 560 00c4 57       		.byte	0x57
 561 00c5 50000000 		.4byte	.LVL11-.Ltext0
 562 00c9 58000000 		.4byte	.LVL13-.Ltext0
 563 00cd 0300     		.2byte	0x3
 564 00cf 77       		.byte	0x77
 565 00d0 01       		.sleb128 1
 566 00d1 9F       		.byte	0x9f
 567 00d2 70000000 		.4byte	.LVL16-.Ltext0
 568 00d6 74000000 		.4byte	.LVL17-.Ltext0
 569 00da 0500     		.2byte	0x5
 570 00dc 73       		.byte	0x73
ARM GAS  /tmp/ccK2G0IT.s 			page 11


 571 00dd 00       		.sleb128 0
 572 00de 33       		.byte	0x33
 573 00df 1A       		.byte	0x1a
 574 00e0 9F       		.byte	0x9f
 575 00e1 74000000 		.4byte	.LVL17-.Ltext0
 576 00e5 76000000 		.4byte	.LVL18-.Ltext0
 577 00e9 0100     		.2byte	0x1
 578 00eb 53       		.byte	0x53
 579 00ec 76000000 		.4byte	.LVL18-.Ltext0
 580 00f0 84000000 		.4byte	.LVL21-.Ltext0
 581 00f4 0300     		.2byte	0x3
 582 00f6 73       		.byte	0x73
 583 00f7 7F       		.sleb128 -1
 584 00f8 9F       		.byte	0x9f
 585 00f9 84000000 		.4byte	.LVL21-.Ltext0
 586 00fd 8C000000 		.4byte	.LFE135-.Ltext0
 587 0101 0100     		.2byte	0x1
 588 0103 53       		.byte	0x53
 589 0104 00000000 		.4byte	0
 590 0108 00000000 		.4byte	0
 591              	.LLST5:
 592 010c 16000000 		.4byte	.LVL2-.Ltext0
 593 0110 3E000000 		.4byte	.LVL7-.Ltext0
 594 0114 0200     		.2byte	0x2
 595 0116 76       		.byte	0x76
 596 0117 70       		.sleb128 -16
 597 0118 00000000 		.4byte	0
 598 011c 00000000 		.4byte	0
 599              	.LLST6:
 600 0120 16000000 		.4byte	.LVL2-.Ltext0
 601 0124 3E000000 		.4byte	.LVL7-.Ltext0
 602 0128 0200     		.2byte	0x2
 603 012a 76       		.byte	0x76
 604 012b 74       		.sleb128 -12
 605 012c 3E000000 		.4byte	.LVL7-.Ltext0
 606 0130 4A000000 		.4byte	.LVL9-.Ltext0
 607 0134 0200     		.2byte	0x2
 608 0136 90       		.byte	0x90
 609 0137 4E       		.uleb128 0x4e
 610 0138 00000000 		.4byte	0
 611 013c 00000000 		.4byte	0
 612              	.LLST7:
 613 0140 22000000 		.4byte	.LVL3-.Ltext0
 614 0144 3A000000 		.4byte	.LVL6-.Ltext0
 615 0148 0200     		.2byte	0x2
 616 014a 90       		.byte	0x90
 617 014b 4D       		.uleb128 0x4d
 618 014c 3A000000 		.4byte	.LVL6-.Ltext0
 619 0150 3E000000 		.4byte	.LVL7-.Ltext0
 620 0154 0200     		.2byte	0x2
 621 0156 76       		.byte	0x76
 622 0157 78       		.sleb128 -8
 623 0158 00000000 		.4byte	0
 624 015c 00000000 		.4byte	0
 625              	.LLST8:
 626 0160 4A000000 		.4byte	.LVL9-.Ltext0
 627 0164 4E000000 		.4byte	.LVL10-.Ltext0
ARM GAS  /tmp/ccK2G0IT.s 			page 12


 628 0168 0200     		.2byte	0x2
 629 016a 90       		.byte	0x90
 630 016b 4F       		.uleb128 0x4f
 631 016c 00000000 		.4byte	0
 632 0170 00000000 		.4byte	0
 633              	.LLST9:
 634 0174 16000000 		.4byte	.LVL2-.Ltext0
 635 0178 3E000000 		.4byte	.LVL7-.Ltext0
 636 017c 0200     		.2byte	0x2
 637 017e 75       		.byte	0x75
 638 017f 70       		.sleb128 -16
 639 0180 3E000000 		.4byte	.LVL7-.Ltext0
 640 0184 70000000 		.4byte	.LVL16-.Ltext0
 641 0188 0200     		.2byte	0x2
 642 018a 90       		.byte	0x90
 643 018b 49       		.uleb128 0x49
 644 018c 00000000 		.4byte	0
 645 0190 00000000 		.4byte	0
 646              	.LLST10:
 647 0194 16000000 		.4byte	.LVL2-.Ltext0
 648 0198 3E000000 		.4byte	.LVL7-.Ltext0
 649 019c 0200     		.2byte	0x2
 650 019e 75       		.byte	0x75
 651 019f 74       		.sleb128 -12
 652 01a0 3E000000 		.4byte	.LVL7-.Ltext0
 653 01a4 70000000 		.4byte	.LVL16-.Ltext0
 654 01a8 0200     		.2byte	0x2
 655 01aa 90       		.byte	0x90
 656 01ab 4B       		.uleb128 0x4b
 657 01ac 00000000 		.4byte	0
 658 01b0 00000000 		.4byte	0
 659              	.LLST11:
 660 01b4 26000000 		.4byte	.LVL4-.Ltext0
 661 01b8 70000000 		.4byte	.LVL16-.Ltext0
 662 01bc 0200     		.2byte	0x2
 663 01be 90       		.byte	0x90
 664 01bf 4A       		.uleb128 0x4a
 665 01c0 00000000 		.4byte	0
 666 01c4 00000000 		.4byte	0
 667              	.LLST12:
 668 01c8 4A000000 		.4byte	.LVL9-.Ltext0
 669 01cc 70000000 		.4byte	.LVL16-.Ltext0
 670 01d0 0200     		.2byte	0x2
 671 01d2 90       		.byte	0x90
 672 01d3 4C       		.uleb128 0x4c
 673 01d4 00000000 		.4byte	0
 674 01d8 00000000 		.4byte	0
 675              	.LLST13:
 676 01dc 16000000 		.4byte	.LVL2-.Ltext0
 677 01e0 36000000 		.4byte	.LVL5-.Ltext0
 678 01e4 0C00     		.2byte	0xc
 679 01e6 76       		.byte	0x76
 680 01e7 70       		.sleb128 -16
 681 01e8 F6       		.byte	0xf6
 682 01e9 04       		.byte	0x4
 683 01ea 21       		.uleb128 0x21
 684 01eb 75       		.byte	0x75
ARM GAS  /tmp/ccK2G0IT.s 			page 13


 685 01ec 70       		.sleb128 -16
 686 01ed F6       		.byte	0xf6
 687 01ee 04       		.byte	0x4
 688 01ef 21       		.uleb128 0x21
 689 01f0 1E       		.byte	0x1e
 690 01f1 9F       		.byte	0x9f
 691 01f2 36000000 		.4byte	.LVL5-.Ltext0
 692 01f6 42000000 		.4byte	.LVL8-.Ltext0
 693 01fa 0200     		.2byte	0x2
 694 01fc 90       		.byte	0x90
 695 01fd 4C       		.uleb128 0x4c
 696 01fe 42000000 		.4byte	.LVL8-.Ltext0
 697 0202 64000000 		.4byte	.LVL14-.Ltext0
 698 0206 0200     		.2byte	0x2
 699 0208 74       		.byte	0x74
 700 0209 70       		.sleb128 -16
 701 020a 64000000 		.4byte	.LVL14-.Ltext0
 702 020e 6A000000 		.4byte	.LVL15-.Ltext0
 703 0212 0200     		.2byte	0x2
 704 0214 74       		.byte	0x74
 705 0215 60       		.sleb128 -32
 706 0216 00000000 		.4byte	0
 707 021a 00000000 		.4byte	0
 708              	.LLST14:
 709 021e 4A000000 		.4byte	.LVL9-.Ltext0
 710 0222 70000000 		.4byte	.LVL16-.Ltext0
 711 0226 0200     		.2byte	0x2
 712 0228 90       		.byte	0x90
 713 0229 4E       		.uleb128 0x4e
 714 022a 00000000 		.4byte	0
 715 022e 00000000 		.4byte	0
 716              		.section	.debug_aranges,"",%progbits
 717 0000 1C000000 		.4byte	0x1c
 718 0004 0200     		.2byte	0x2
 719 0006 00000000 		.4byte	.Ldebug_info0
 720 000a 04       		.byte	0x4
 721 000b 00       		.byte	0
 722 000c 0000     		.2byte	0
 723 000e 0000     		.2byte	0
 724 0010 00000000 		.4byte	.Ltext0
 725 0014 8C000000 		.4byte	.Letext0-.Ltext0
 726 0018 00000000 		.4byte	0
 727 001c 00000000 		.4byte	0
 728              		.section	.debug_line,"",%progbits
 729              	.Ldebug_line0:
 730 0000 4B020000 		.section	.debug_str,"MS",%progbits,1
 730      02000602 
 730      00000201 
 730      FB0E0D00 
 730      01010101 
 731              	.LASF34:
 732 0000 474E5520 		.ascii	"GNU C 4.9.3 20150529 (release) [ARM/embedded-4_9-br"
 732      4320342E 
 732      392E3320 
 732      32303135 
 732      30353239 
 733 0033 616E6368 		.ascii	"anch revision 224288] -mcpu=cortex-m4 -mfloat-abi=h"
ARM GAS  /tmp/ccK2G0IT.s 			page 14


 733      20726576 
 733      6973696F 
 733      6E203232 
 733      34323838 
 734 0066 61726420 		.ascii	"ard -mfpu=fpv4-sp-d16 -mno-thumb-interwork -mthumb "
 734      2D6D6670 
 734      753D6670 
 734      76342D73 
 734      702D6431 
 735 0099 2D676764 		.ascii	"-ggdb -O2 -fomit-frame-pointer -falign-functions=16"
 735      62202D4F 
 735      32202D66 
 735      6F6D6974 
 735      2D667261 
 736 00cc 202D666E 		.ascii	" -fno-math-errno -fsingle-precision-constant\000"
 736      6F2D6D61 
 736      74682D65 
 736      72726E6F 
 736      202D6673 
 737              	.LASF26:
 738 00f9 696E4231 		.ascii	"inB1\000"
 738      00
 739              	.LASF18:
 740 00fe 70537263 		.ascii	"pSrcB\000"
 740      4200
 741              	.LASF28:
 742 0104 696E4233 		.ascii	"inB3\000"
 742      00
 743              	.LASF29:
 744 0109 696E4234 		.ascii	"inB4\000"
 744      00
 745              	.LASF23:
 746 010e 696E4132 		.ascii	"inA2\000"
 746      00
 747              	.LASF30:
 748 0113 6F757431 		.ascii	"out1\000"
 748      00
 749              	.LASF31:
 750 0118 6F757432 		.ascii	"out2\000"
 750      00
 751              	.LASF32:
 752 011d 6F757433 		.ascii	"out3\000"
 752      00
 753              	.LASF33:
 754 0122 6F757434 		.ascii	"out4\000"
 754      00
 755              	.LASF27:
 756 0127 696E4232 		.ascii	"inB2\000"
 756      00
 757              	.LASF0:
 758 012c 666C6F61 		.ascii	"float\000"
 758      7400
 759              	.LASF2:
 760 0132 756E7369 		.ascii	"unsigned char\000"
 760      676E6564 
 760      20636861 
 760      7200
ARM GAS  /tmp/ccK2G0IT.s 			page 15


 761              	.LASF21:
 762 0140 626C6B43 		.ascii	"blkCnt\000"
 762      6E7400
 763              	.LASF6:
 764 0147 6C6F6E67 		.ascii	"long unsigned int\000"
 764      20756E73 
 764      69676E65 
 764      6420696E 
 764      7400
 765              	.LASF4:
 766 0159 73686F72 		.ascii	"short unsigned int\000"
 766      7420756E 
 766      7369676E 
 766      65642069 
 766      6E7400
 767              	.LASF17:
 768 016c 70537263 		.ascii	"pSrcA\000"
 768      4100
 769              	.LASF19:
 770 0172 70447374 		.ascii	"pDst\000"
 770      00
 771              	.LASF14:
 772 0177 646F7562 		.ascii	"double\000"
 772      6C6500
 773              	.LASF10:
 774 017e 5F5F7569 		.ascii	"__uint32_t\000"
 774      6E743332 
 774      5F7400
 775              	.LASF35:
 776 0189 2F686F6D 		.ascii	"/home/sbcu/Dropbox/pcb-layouts/axo-on-discovery-boa"
 776      652F7362 
 776      63752F44 
 776      726F7062 
 776      6F782F70 
 777 01bc 72642F61 		.ascii	"rd/axoloti/platform_linux/../CMSIS//DSP_Lib/Source/"
 777      786F6C6F 
 777      74692F70 
 777      6C617466 
 777      6F726D5F 
 778 01ef 42617369 		.ascii	"BasicMathFunctions/arm_mult_f32.c\000"
 778      634D6174 
 778      6846756E 
 778      6374696F 
 778      6E732F61 
 779              	.LASF22:
 780 0211 696E4131 		.ascii	"inA1\000"
 780      00
 781              	.LASF9:
 782 0216 756E7369 		.ascii	"unsigned int\000"
 782      676E6564 
 782      20696E74 
 782      00
 783              	.LASF24:
 784 0223 696E4133 		.ascii	"inA3\000"
 784      00
 785              	.LASF25:
 786 0228 696E4134 		.ascii	"inA4\000"
ARM GAS  /tmp/ccK2G0IT.s 			page 16


 786      00
 787              	.LASF8:
 788 022d 6C6F6E67 		.ascii	"long long unsigned int\000"
 788      206C6F6E 
 788      6720756E 
 788      7369676E 
 788      65642069 
 789              	.LASF36:
 790 0244 61726D5F 		.ascii	"arm_mult_f32\000"
 790      6D756C74 
 790      5F663332 
 790      00
 791              	.LASF12:
 792 0251 73697A65 		.ascii	"sizetype\000"
 792      74797065 
 792      00
 793              	.LASF7:
 794 025a 6C6F6E67 		.ascii	"long long int\000"
 794      206C6F6E 
 794      6720696E 
 794      7400
 795              	.LASF20:
 796 0268 626C6F63 		.ascii	"blockSize\000"
 796      6B53697A 
 796      6500
 797              	.LASF13:
 798 0272 63686172 		.ascii	"char\000"
 798      00
 799              	.LASF16:
 800 0277 666C6F61 		.ascii	"float32_t\000"
 800      7433325F 
 800      7400
 801              	.LASF3:
 802 0281 73686F72 		.ascii	"short int\000"
 802      7420696E 
 802      7400
 803              	.LASF11:
 804 028b 75696E74 		.ascii	"uint32_t\000"
 804      33325F74 
 804      00
 805              	.LASF5:
 806 0294 6C6F6E67 		.ascii	"long int\000"
 806      20696E74 
 806      00
 807              	.LASF15:
 808 029d 6C6F6E67 		.ascii	"long double\000"
 808      20646F75 
 808      626C6500 
 809              	.LASF1:
 810 02a9 7369676E 		.ascii	"signed char\000"
 810      65642063 
 810      68617200 
 811              		.ident	"GCC: (GNU Tools for ARM Embedded Processors) 4.9.3 20150529 (release) [ARM/embedded-4_9-br
ARM GAS  /tmp/ccK2G0IT.s 			page 17


DEFINED SYMBOLS
                            *ABS*:00000000 arm_mult_f32.c
     /tmp/ccK2G0IT.s:20     .text:00000000 $t
     /tmp/ccK2G0IT.s:26     .text:00000000 arm_mult_f32
                     .debug_frame:00000010 $d

NO UNDEFINED SYMBOLS
