ARM GAS  /tmp/ccykvGqg.s 			page 1


   1              		.syntax unified
   2              		.cpu cortex-m4
   3              		.eabi_attribute 27, 1
   4              		.eabi_attribute 28, 1
   5              		.fpu fpv4-sp-d16
   6              		.eabi_attribute 20, 1
   7              		.eabi_attribute 21, 1
   8              		.eabi_attribute 23, 3
   9              		.eabi_attribute 24, 1
  10              		.eabi_attribute 25, 1
  11              		.eabi_attribute 26, 1
  12              		.eabi_attribute 30, 2
  13              		.eabi_attribute 34, 1
  14              		.eabi_attribute 18, 4
  15              		.thumb
  16              		.file	"arm_iir_lattice_init_q31.c"
  17              		.text
  18              	.Ltext0:
  19              		.cfi_sections	.debug_frame
  20              		.align	2
  21              		.p2align 4,,15
  22              		.global	arm_iir_lattice_init_q31
  23              		.thumb
  24              		.thumb_func
  25              		.type	arm_iir_lattice_init_q31, %function
  26              	arm_iir_lattice_init_q31:
  27              	.LFB135:
  28              		.file 1 "/home/sbcu/Dropbox/pcb-layouts/axo-on-discovery-board/axoloti/platform_linux/../CMSIS//DS
  29              		.loc 1 70 0
  30              		.cfi_startproc
  31              		@ args = 8, pretend = 0, frame = 0
  32              		@ frame_needed = 0, uses_anonymous_args = 0
  33              	.LVL0:
  34 0000 70B5     		push	{r4, r5, r6, lr}
  35              		.cfi_def_cfa_offset 16
  36              		.cfi_offset 4, -16
  37              		.cfi_offset 5, -12
  38              		.cfi_offset 6, -8
  39              		.cfi_offset 14, -4
  40              		.loc 1 70 0
  41 0002 059D     		ldr	r5, [sp, #20]
  42 0004 049E     		ldr	r6, [sp, #16]
  43              		.loc 1 75 0
  44 0006 8260     		str	r2, [r0, #8]
  45              		.loc 1 70 0
  46 0008 0446     		mov	r4, r0
  47              		.loc 1 81 0
  48 000a 0D44     		add	r5, r5, r1
  49              		.loc 1 72 0
  50 000c 0180     		strh	r1, [r0]	@ movhi
  51              		.loc 1 78 0
  52 000e C360     		str	r3, [r0, #12]
  53              		.loc 1 81 0
  54 0010 AA00     		lsls	r2, r5, #2
  55              	.LVL1:
  56 0012 3046     		mov	r0, r6
  57              	.LVL2:
ARM GAS  /tmp/ccykvGqg.s 			page 2


  58 0014 0021     		movs	r1, #0
  59              	.LVL3:
  60 0016 FFF7FEFF 		bl	memset
  61              	.LVL4:
  62              		.loc 1 84 0
  63 001a 6660     		str	r6, [r4, #4]
  64 001c 70BD     		pop	{r4, r5, r6, pc}
  65              		.cfi_endproc
  66              	.LFE135:
  67              		.size	arm_iir_lattice_init_q31, .-arm_iir_lattice_init_q31
  68              	.Letext0:
  69              		.file 2 "/home/sbcu/Dropbox/pcb-layouts/axo-on-discovery-board/axoloti/platform_linux/arm-none-eab
  70              		.file 3 "/home/sbcu/Dropbox/pcb-layouts/axo-on-discovery-board/axoloti/platform_linux/arm-none-eab
  71              		.file 4 "/home/sbcu/Dropbox/pcb-layouts/axo-on-discovery-board/axoloti/platform_linux/../CMSIS//DS
  72 001e 00BF     		.section	.debug_info,"",%progbits
  73              	.Ldebug_info0:
  74 0000 CF010000 		.4byte	0x1cf
  75 0004 0400     		.2byte	0x4
  76 0006 00000000 		.4byte	.Ldebug_abbrev0
  77 000a 04       		.byte	0x4
  78 000b 01       		.uleb128 0x1
  79 000c 00000000 		.4byte	.LASF27
  80 0010 01       		.byte	0x1
  81 0011 4E020000 		.4byte	.LASF28
  82 0015 00000000 		.4byte	.Ltext0
  83 0019 1E000000 		.4byte	.Letext0-.Ltext0
  84 001d 00000000 		.4byte	.Ldebug_line0
  85 0021 02       		.uleb128 0x2
  86 0022 01       		.byte	0x1
  87 0023 06       		.byte	0x6
  88 0024 1B020000 		.4byte	.LASF0
  89 0028 02       		.uleb128 0x2
  90 0029 01       		.byte	0x1
  91 002a 08       		.byte	0x8
  92 002b 16010000 		.4byte	.LASF1
  93 002f 02       		.uleb128 0x2
  94 0030 02       		.byte	0x2
  95 0031 05       		.byte	0x5
  96 0032 EA010000 		.4byte	.LASF2
  97 0036 03       		.uleb128 0x3
  98 0037 59010000 		.4byte	.LASF4
  99 003b 02       		.byte	0x2
 100 003c 2B       		.byte	0x2b
 101 003d 41000000 		.4byte	0x41
 102 0041 02       		.uleb128 0x2
 103 0042 02       		.byte	0x2
 104 0043 07       		.byte	0x7
 105 0044 36010000 		.4byte	.LASF3
 106 0048 03       		.uleb128 0x3
 107 0049 00010000 		.4byte	.LASF5
 108 004d 02       		.byte	0x2
 109 004e 3F       		.byte	0x3f
 110 004f 53000000 		.4byte	0x53
 111 0053 02       		.uleb128 0x2
 112 0054 04       		.byte	0x4
 113 0055 05       		.byte	0x5
 114 0056 06020000 		.4byte	.LASF6
ARM GAS  /tmp/ccykvGqg.s 			page 3


 115 005a 03       		.uleb128 0x3
 116 005b 6B010000 		.4byte	.LASF7
 117 005f 02       		.byte	0x2
 118 0060 41       		.byte	0x41
 119 0061 65000000 		.4byte	0x65
 120 0065 02       		.uleb128 0x2
 121 0066 04       		.byte	0x4
 122 0067 07       		.byte	0x7
 123 0068 24010000 		.4byte	.LASF8
 124 006c 02       		.uleb128 0x2
 125 006d 08       		.byte	0x8
 126 006e 05       		.byte	0x5
 127 006f CD010000 		.4byte	.LASF9
 128 0073 02       		.uleb128 0x2
 129 0074 08       		.byte	0x8
 130 0075 07       		.byte	0x7
 131 0076 A5010000 		.4byte	.LASF10
 132 007a 04       		.uleb128 0x4
 133 007b 04       		.byte	0x4
 134 007c 05       		.byte	0x5
 135 007d 696E7400 		.ascii	"int\000"
 136 0081 02       		.uleb128 0x2
 137 0082 04       		.byte	0x4
 138 0083 07       		.byte	0x7
 139 0084 7F010000 		.4byte	.LASF11
 140 0088 03       		.uleb128 0x3
 141 0089 F4010000 		.4byte	.LASF12
 142 008d 03       		.byte	0x3
 143 008e 1A       		.byte	0x1a
 144 008f 36000000 		.4byte	0x36
 145 0093 03       		.uleb128 0x3
 146 0094 BC010000 		.4byte	.LASF13
 147 0098 03       		.byte	0x3
 148 0099 1F       		.byte	0x1f
 149 009a 48000000 		.4byte	0x48
 150 009e 03       		.uleb128 0x3
 151 009f FD010000 		.4byte	.LASF14
 152 00a3 03       		.byte	0x3
 153 00a4 20       		.byte	0x20
 154 00a5 5A000000 		.4byte	0x5a
 155 00a9 02       		.uleb128 0x2
 156 00aa 04       		.byte	0x4
 157 00ab 07       		.byte	0x7
 158 00ac C4010000 		.4byte	.LASF15
 159 00b0 05       		.uleb128 0x5
 160 00b1 04       		.byte	0x4
 161 00b2 02       		.uleb128 0x2
 162 00b3 01       		.byte	0x1
 163 00b4 08       		.byte	0x8
 164 00b5 E5010000 		.4byte	.LASF16
 165 00b9 02       		.uleb128 0x2
 166 00ba 08       		.byte	0x8
 167 00bb 04       		.byte	0x4
 168 00bc 64010000 		.4byte	.LASF17
 169 00c0 02       		.uleb128 0x2
 170 00c1 04       		.byte	0x4
 171 00c2 04       		.byte	0x4
ARM GAS  /tmp/ccykvGqg.s 			page 4


 172 00c3 0A010000 		.4byte	.LASF18
 173 00c7 02       		.uleb128 0x2
 174 00c8 08       		.byte	0x8
 175 00c9 04       		.byte	0x4
 176 00ca 0F020000 		.4byte	.LASF19
 177 00ce 06       		.uleb128 0x6
 178 00cf 10010000 		.4byte	.LASF20
 179 00d3 04       		.byte	0x4
 180 00d4 A001     		.2byte	0x1a0
 181 00d6 93000000 		.4byte	0x93
 182 00da 07       		.uleb128 0x7
 183 00db 04       		.byte	0x4
 184 00dc CE000000 		.4byte	0xce
 185 00e0 08       		.uleb128 0x8
 186 00e1 10       		.byte	0x10
 187 00e2 04       		.byte	0x4
 188 00e3 4F0F     		.2byte	0xf4f
 189 00e5 1E010000 		.4byte	0x11e
 190 00e9 09       		.uleb128 0x9
 191 00ea 44020000 		.4byte	.LASF21
 192 00ee 04       		.byte	0x4
 193 00ef 510F     		.2byte	0xf51
 194 00f1 88000000 		.4byte	0x88
 195 00f5 00       		.byte	0
 196 00f6 09       		.uleb128 0x9
 197 00f7 F9000000 		.4byte	.LASF22
 198 00fb 04       		.byte	0x4
 199 00fc 520F     		.2byte	0xf52
 200 00fe DA000000 		.4byte	0xda
 201 0102 04       		.byte	0x4
 202 0103 09       		.uleb128 0x9
 203 0104 76010000 		.4byte	.LASF23
 204 0108 04       		.byte	0x4
 205 0109 530F     		.2byte	0xf53
 206 010b DA000000 		.4byte	0xda
 207 010f 08       		.byte	0x8
 208 0110 09       		.uleb128 0x9
 209 0111 49010000 		.4byte	.LASF24
 210 0115 04       		.byte	0x4
 211 0116 540F     		.2byte	0xf54
 212 0118 DA000000 		.4byte	0xda
 213 011c 0C       		.byte	0xc
 214 011d 00       		.byte	0
 215 011e 06       		.uleb128 0x6
 216 011f 27020000 		.4byte	.LASF25
 217 0123 04       		.byte	0x4
 218 0124 550F     		.2byte	0xf55
 219 0126 E0000000 		.4byte	0xe0
 220 012a 0A       		.uleb128 0xa
 221 012b 8C010000 		.4byte	.LASF29
 222 012f 01       		.byte	0x1
 223 0130 3F       		.byte	0x3f
 224 0131 00000000 		.4byte	.LFB135
 225 0135 1E000000 		.4byte	.LFE135-.LFB135
 226 0139 01       		.uleb128 0x1
 227 013a 9C       		.byte	0x9c
 228 013b B3010000 		.4byte	0x1b3
ARM GAS  /tmp/ccykvGqg.s 			page 5


 229 013f 0B       		.uleb128 0xb
 230 0140 5300     		.ascii	"S\000"
 231 0142 01       		.byte	0x1
 232 0143 40       		.byte	0x40
 233 0144 B3010000 		.4byte	0x1b3
 234 0148 00000000 		.4byte	.LLST0
 235 014c 0C       		.uleb128 0xc
 236 014d 44020000 		.4byte	.LASF21
 237 0151 01       		.byte	0x1
 238 0152 41       		.byte	0x41
 239 0153 88000000 		.4byte	0x88
 240 0157 1E000000 		.4byte	.LLST1
 241 015b 0C       		.uleb128 0xc
 242 015c 76010000 		.4byte	.LASF23
 243 0160 01       		.byte	0x1
 244 0161 42       		.byte	0x42
 245 0162 DA000000 		.4byte	0xda
 246 0166 4B000000 		.4byte	.LLST2
 247 016a 0C       		.uleb128 0xc
 248 016b 49010000 		.4byte	.LASF24
 249 016f 01       		.byte	0x1
 250 0170 43       		.byte	0x43
 251 0171 DA000000 		.4byte	0xda
 252 0175 84000000 		.4byte	.LLST3
 253 0179 0D       		.uleb128 0xd
 254 017a F9000000 		.4byte	.LASF22
 255 017e 01       		.byte	0x1
 256 017f 44       		.byte	0x44
 257 0180 DA000000 		.4byte	0xda
 258 0184 02       		.uleb128 0x2
 259 0185 91       		.byte	0x91
 260 0186 00       		.sleb128 0
 261 0187 0D       		.uleb128 0xd
 262 0188 DB010000 		.4byte	.LASF26
 263 018c 01       		.byte	0x1
 264 018d 45       		.byte	0x45
 265 018e 9E000000 		.4byte	0x9e
 266 0192 02       		.uleb128 0x2
 267 0193 91       		.byte	0x91
 268 0194 04       		.sleb128 4
 269 0195 0E       		.uleb128 0xe
 270 0196 1A000000 		.4byte	.LVL4
 271 019a B9010000 		.4byte	0x1b9
 272 019e 0F       		.uleb128 0xf
 273 019f 01       		.uleb128 0x1
 274 01a0 52       		.byte	0x52
 275 01a1 04       		.uleb128 0x4
 276 01a2 75       		.byte	0x75
 277 01a3 00       		.sleb128 0
 278 01a4 32       		.byte	0x32
 279 01a5 24       		.byte	0x24
 280 01a6 0F       		.uleb128 0xf
 281 01a7 01       		.uleb128 0x1
 282 01a8 51       		.byte	0x51
 283 01a9 01       		.uleb128 0x1
 284 01aa 30       		.byte	0x30
 285 01ab 0F       		.uleb128 0xf
ARM GAS  /tmp/ccykvGqg.s 			page 6


 286 01ac 01       		.uleb128 0x1
 287 01ad 50       		.byte	0x50
 288 01ae 02       		.uleb128 0x2
 289 01af 76       		.byte	0x76
 290 01b0 00       		.sleb128 0
 291 01b1 00       		.byte	0
 292 01b2 00       		.byte	0
 293 01b3 07       		.uleb128 0x7
 294 01b4 04       		.byte	0x4
 295 01b5 1E010000 		.4byte	0x11e
 296 01b9 10       		.uleb128 0x10
 297 01ba 52010000 		.4byte	.LASF30
 298 01be B0000000 		.4byte	0xb0
 299 01c2 11       		.uleb128 0x11
 300 01c3 B0000000 		.4byte	0xb0
 301 01c7 11       		.uleb128 0x11
 302 01c8 7A000000 		.4byte	0x7a
 303 01cc 11       		.uleb128 0x11
 304 01cd A9000000 		.4byte	0xa9
 305 01d1 00       		.byte	0
 306 01d2 00       		.byte	0
 307              		.section	.debug_abbrev,"",%progbits
 308              	.Ldebug_abbrev0:
 309 0000 01       		.uleb128 0x1
 310 0001 11       		.uleb128 0x11
 311 0002 01       		.byte	0x1
 312 0003 25       		.uleb128 0x25
 313 0004 0E       		.uleb128 0xe
 314 0005 13       		.uleb128 0x13
 315 0006 0B       		.uleb128 0xb
 316 0007 03       		.uleb128 0x3
 317 0008 0E       		.uleb128 0xe
 318 0009 11       		.uleb128 0x11
 319 000a 01       		.uleb128 0x1
 320 000b 12       		.uleb128 0x12
 321 000c 06       		.uleb128 0x6
 322 000d 10       		.uleb128 0x10
 323 000e 17       		.uleb128 0x17
 324 000f 00       		.byte	0
 325 0010 00       		.byte	0
 326 0011 02       		.uleb128 0x2
 327 0012 24       		.uleb128 0x24
 328 0013 00       		.byte	0
 329 0014 0B       		.uleb128 0xb
 330 0015 0B       		.uleb128 0xb
 331 0016 3E       		.uleb128 0x3e
 332 0017 0B       		.uleb128 0xb
 333 0018 03       		.uleb128 0x3
 334 0019 0E       		.uleb128 0xe
 335 001a 00       		.byte	0
 336 001b 00       		.byte	0
 337 001c 03       		.uleb128 0x3
 338 001d 16       		.uleb128 0x16
 339 001e 00       		.byte	0
 340 001f 03       		.uleb128 0x3
 341 0020 0E       		.uleb128 0xe
 342 0021 3A       		.uleb128 0x3a
ARM GAS  /tmp/ccykvGqg.s 			page 7


 343 0022 0B       		.uleb128 0xb
 344 0023 3B       		.uleb128 0x3b
 345 0024 0B       		.uleb128 0xb
 346 0025 49       		.uleb128 0x49
 347 0026 13       		.uleb128 0x13
 348 0027 00       		.byte	0
 349 0028 00       		.byte	0
 350 0029 04       		.uleb128 0x4
 351 002a 24       		.uleb128 0x24
 352 002b 00       		.byte	0
 353 002c 0B       		.uleb128 0xb
 354 002d 0B       		.uleb128 0xb
 355 002e 3E       		.uleb128 0x3e
 356 002f 0B       		.uleb128 0xb
 357 0030 03       		.uleb128 0x3
 358 0031 08       		.uleb128 0x8
 359 0032 00       		.byte	0
 360 0033 00       		.byte	0
 361 0034 05       		.uleb128 0x5
 362 0035 0F       		.uleb128 0xf
 363 0036 00       		.byte	0
 364 0037 0B       		.uleb128 0xb
 365 0038 0B       		.uleb128 0xb
 366 0039 00       		.byte	0
 367 003a 00       		.byte	0
 368 003b 06       		.uleb128 0x6
 369 003c 16       		.uleb128 0x16
 370 003d 00       		.byte	0
 371 003e 03       		.uleb128 0x3
 372 003f 0E       		.uleb128 0xe
 373 0040 3A       		.uleb128 0x3a
 374 0041 0B       		.uleb128 0xb
 375 0042 3B       		.uleb128 0x3b
 376 0043 05       		.uleb128 0x5
 377 0044 49       		.uleb128 0x49
 378 0045 13       		.uleb128 0x13
 379 0046 00       		.byte	0
 380 0047 00       		.byte	0
 381 0048 07       		.uleb128 0x7
 382 0049 0F       		.uleb128 0xf
 383 004a 00       		.byte	0
 384 004b 0B       		.uleb128 0xb
 385 004c 0B       		.uleb128 0xb
 386 004d 49       		.uleb128 0x49
 387 004e 13       		.uleb128 0x13
 388 004f 00       		.byte	0
 389 0050 00       		.byte	0
 390 0051 08       		.uleb128 0x8
 391 0052 13       		.uleb128 0x13
 392 0053 01       		.byte	0x1
 393 0054 0B       		.uleb128 0xb
 394 0055 0B       		.uleb128 0xb
 395 0056 3A       		.uleb128 0x3a
 396 0057 0B       		.uleb128 0xb
 397 0058 3B       		.uleb128 0x3b
 398 0059 05       		.uleb128 0x5
 399 005a 01       		.uleb128 0x1
ARM GAS  /tmp/ccykvGqg.s 			page 8


 400 005b 13       		.uleb128 0x13
 401 005c 00       		.byte	0
 402 005d 00       		.byte	0
 403 005e 09       		.uleb128 0x9
 404 005f 0D       		.uleb128 0xd
 405 0060 00       		.byte	0
 406 0061 03       		.uleb128 0x3
 407 0062 0E       		.uleb128 0xe
 408 0063 3A       		.uleb128 0x3a
 409 0064 0B       		.uleb128 0xb
 410 0065 3B       		.uleb128 0x3b
 411 0066 05       		.uleb128 0x5
 412 0067 49       		.uleb128 0x49
 413 0068 13       		.uleb128 0x13
 414 0069 38       		.uleb128 0x38
 415 006a 0B       		.uleb128 0xb
 416 006b 00       		.byte	0
 417 006c 00       		.byte	0
 418 006d 0A       		.uleb128 0xa
 419 006e 2E       		.uleb128 0x2e
 420 006f 01       		.byte	0x1
 421 0070 3F       		.uleb128 0x3f
 422 0071 19       		.uleb128 0x19
 423 0072 03       		.uleb128 0x3
 424 0073 0E       		.uleb128 0xe
 425 0074 3A       		.uleb128 0x3a
 426 0075 0B       		.uleb128 0xb
 427 0076 3B       		.uleb128 0x3b
 428 0077 0B       		.uleb128 0xb
 429 0078 27       		.uleb128 0x27
 430 0079 19       		.uleb128 0x19
 431 007a 11       		.uleb128 0x11
 432 007b 01       		.uleb128 0x1
 433 007c 12       		.uleb128 0x12
 434 007d 06       		.uleb128 0x6
 435 007e 40       		.uleb128 0x40
 436 007f 18       		.uleb128 0x18
 437 0080 9742     		.uleb128 0x2117
 438 0082 19       		.uleb128 0x19
 439 0083 01       		.uleb128 0x1
 440 0084 13       		.uleb128 0x13
 441 0085 00       		.byte	0
 442 0086 00       		.byte	0
 443 0087 0B       		.uleb128 0xb
 444 0088 05       		.uleb128 0x5
 445 0089 00       		.byte	0
 446 008a 03       		.uleb128 0x3
 447 008b 08       		.uleb128 0x8
 448 008c 3A       		.uleb128 0x3a
 449 008d 0B       		.uleb128 0xb
 450 008e 3B       		.uleb128 0x3b
 451 008f 0B       		.uleb128 0xb
 452 0090 49       		.uleb128 0x49
 453 0091 13       		.uleb128 0x13
 454 0092 02       		.uleb128 0x2
 455 0093 17       		.uleb128 0x17
 456 0094 00       		.byte	0
ARM GAS  /tmp/ccykvGqg.s 			page 9


 457 0095 00       		.byte	0
 458 0096 0C       		.uleb128 0xc
 459 0097 05       		.uleb128 0x5
 460 0098 00       		.byte	0
 461 0099 03       		.uleb128 0x3
 462 009a 0E       		.uleb128 0xe
 463 009b 3A       		.uleb128 0x3a
 464 009c 0B       		.uleb128 0xb
 465 009d 3B       		.uleb128 0x3b
 466 009e 0B       		.uleb128 0xb
 467 009f 49       		.uleb128 0x49
 468 00a0 13       		.uleb128 0x13
 469 00a1 02       		.uleb128 0x2
 470 00a2 17       		.uleb128 0x17
 471 00a3 00       		.byte	0
 472 00a4 00       		.byte	0
 473 00a5 0D       		.uleb128 0xd
 474 00a6 05       		.uleb128 0x5
 475 00a7 00       		.byte	0
 476 00a8 03       		.uleb128 0x3
 477 00a9 0E       		.uleb128 0xe
 478 00aa 3A       		.uleb128 0x3a
 479 00ab 0B       		.uleb128 0xb
 480 00ac 3B       		.uleb128 0x3b
 481 00ad 0B       		.uleb128 0xb
 482 00ae 49       		.uleb128 0x49
 483 00af 13       		.uleb128 0x13
 484 00b0 02       		.uleb128 0x2
 485 00b1 18       		.uleb128 0x18
 486 00b2 00       		.byte	0
 487 00b3 00       		.byte	0
 488 00b4 0E       		.uleb128 0xe
 489 00b5 898201   		.uleb128 0x4109
 490 00b8 01       		.byte	0x1
 491 00b9 11       		.uleb128 0x11
 492 00ba 01       		.uleb128 0x1
 493 00bb 31       		.uleb128 0x31
 494 00bc 13       		.uleb128 0x13
 495 00bd 00       		.byte	0
 496 00be 00       		.byte	0
 497 00bf 0F       		.uleb128 0xf
 498 00c0 8A8201   		.uleb128 0x410a
 499 00c3 00       		.byte	0
 500 00c4 02       		.uleb128 0x2
 501 00c5 18       		.uleb128 0x18
 502 00c6 9142     		.uleb128 0x2111
 503 00c8 18       		.uleb128 0x18
 504 00c9 00       		.byte	0
 505 00ca 00       		.byte	0
 506 00cb 10       		.uleb128 0x10
 507 00cc 2E       		.uleb128 0x2e
 508 00cd 01       		.byte	0x1
 509 00ce 3F       		.uleb128 0x3f
 510 00cf 19       		.uleb128 0x19
 511 00d0 03       		.uleb128 0x3
 512 00d1 0E       		.uleb128 0xe
 513 00d2 27       		.uleb128 0x27
ARM GAS  /tmp/ccykvGqg.s 			page 10


 514 00d3 19       		.uleb128 0x19
 515 00d4 49       		.uleb128 0x49
 516 00d5 13       		.uleb128 0x13
 517 00d6 34       		.uleb128 0x34
 518 00d7 19       		.uleb128 0x19
 519 00d8 3C       		.uleb128 0x3c
 520 00d9 19       		.uleb128 0x19
 521 00da 00       		.byte	0
 522 00db 00       		.byte	0
 523 00dc 11       		.uleb128 0x11
 524 00dd 05       		.uleb128 0x5
 525 00de 00       		.byte	0
 526 00df 49       		.uleb128 0x49
 527 00e0 13       		.uleb128 0x13
 528 00e1 00       		.byte	0
 529 00e2 00       		.byte	0
 530 00e3 00       		.byte	0
 531              		.section	.debug_loc,"",%progbits
 532              	.Ldebug_loc0:
 533              	.LLST0:
 534 0000 00000000 		.4byte	.LVL0-.Ltext0
 535 0004 14000000 		.4byte	.LVL2-.Ltext0
 536 0008 0100     		.2byte	0x1
 537 000a 50       		.byte	0x50
 538 000b 14000000 		.4byte	.LVL2-.Ltext0
 539 000f 1E000000 		.4byte	.LFE135-.Ltext0
 540 0013 0100     		.2byte	0x1
 541 0015 54       		.byte	0x54
 542 0016 00000000 		.4byte	0
 543 001a 00000000 		.4byte	0
 544              	.LLST1:
 545 001e 00000000 		.4byte	.LVL0-.Ltext0
 546 0022 16000000 		.4byte	.LVL3-.Ltext0
 547 0026 0100     		.2byte	0x1
 548 0028 51       		.byte	0x51
 549 0029 16000000 		.4byte	.LVL3-.Ltext0
 550 002d 19000000 		.4byte	.LVL4-1-.Ltext0
 551 0031 0200     		.2byte	0x2
 552 0033 74       		.byte	0x74
 553 0034 00       		.sleb128 0
 554 0035 19000000 		.4byte	.LVL4-1-.Ltext0
 555 0039 1E000000 		.4byte	.LFE135-.Ltext0
 556 003d 0400     		.2byte	0x4
 557 003f F3       		.byte	0xf3
 558 0040 01       		.uleb128 0x1
 559 0041 51       		.byte	0x51
 560 0042 9F       		.byte	0x9f
 561 0043 00000000 		.4byte	0
 562 0047 00000000 		.4byte	0
 563              	.LLST2:
 564 004b 00000000 		.4byte	.LVL0-.Ltext0
 565 004f 12000000 		.4byte	.LVL1-.Ltext0
 566 0053 0100     		.2byte	0x1
 567 0055 52       		.byte	0x52
 568 0056 12000000 		.4byte	.LVL1-.Ltext0
 569 005a 14000000 		.4byte	.LVL2-.Ltext0
 570 005e 0200     		.2byte	0x2
ARM GAS  /tmp/ccykvGqg.s 			page 11


 571 0060 70       		.byte	0x70
 572 0061 08       		.sleb128 8
 573 0062 14000000 		.4byte	.LVL2-.Ltext0
 574 0066 19000000 		.4byte	.LVL4-1-.Ltext0
 575 006a 0200     		.2byte	0x2
 576 006c 74       		.byte	0x74
 577 006d 08       		.sleb128 8
 578 006e 19000000 		.4byte	.LVL4-1-.Ltext0
 579 0072 1E000000 		.4byte	.LFE135-.Ltext0
 580 0076 0400     		.2byte	0x4
 581 0078 F3       		.byte	0xf3
 582 0079 01       		.uleb128 0x1
 583 007a 52       		.byte	0x52
 584 007b 9F       		.byte	0x9f
 585 007c 00000000 		.4byte	0
 586 0080 00000000 		.4byte	0
 587              	.LLST3:
 588 0084 00000000 		.4byte	.LVL0-.Ltext0
 589 0088 19000000 		.4byte	.LVL4-1-.Ltext0
 590 008c 0100     		.2byte	0x1
 591 008e 53       		.byte	0x53
 592 008f 19000000 		.4byte	.LVL4-1-.Ltext0
 593 0093 1E000000 		.4byte	.LFE135-.Ltext0
 594 0097 0400     		.2byte	0x4
 595 0099 F3       		.byte	0xf3
 596 009a 01       		.uleb128 0x1
 597 009b 53       		.byte	0x53
 598 009c 9F       		.byte	0x9f
 599 009d 00000000 		.4byte	0
 600 00a1 00000000 		.4byte	0
 601              		.section	.debug_aranges,"",%progbits
 602 0000 1C000000 		.4byte	0x1c
 603 0004 0200     		.2byte	0x2
 604 0006 00000000 		.4byte	.Ldebug_info0
 605 000a 04       		.byte	0x4
 606 000b 00       		.byte	0
 607 000c 0000     		.2byte	0
 608 000e 0000     		.2byte	0
 609 0010 00000000 		.4byte	.Ltext0
 610 0014 1E000000 		.4byte	.Letext0-.Ltext0
 611 0018 00000000 		.4byte	0
 612 001c 00000000 		.4byte	0
 613              		.section	.debug_line,"",%progbits
 614              	.Ldebug_line0:
 615 0000 34020000 		.section	.debug_str,"MS",%progbits,1
 615      02001202 
 615      00000201 
 615      FB0E0D00 
 615      01010101 
 616              	.LASF27:
 617 0000 474E5520 		.ascii	"GNU C 4.9.3 20150529 (release) [ARM/embedded-4_9-br"
 617      4320342E 
 617      392E3320 
 617      32303135 
 617      30353239 
 618 0033 616E6368 		.ascii	"anch revision 224288] -mcpu=cortex-m4 -mfloat-abi=h"
 618      20726576 
ARM GAS  /tmp/ccykvGqg.s 			page 12


 618      6973696F 
 618      6E203232 
 618      34323838 
 619 0066 61726420 		.ascii	"ard -mfpu=fpv4-sp-d16 -mno-thumb-interwork -mthumb "
 619      2D6D6670 
 619      753D6670 
 619      76342D73 
 619      702D6431 
 620 0099 2D676764 		.ascii	"-ggdb -O2 -fomit-frame-pointer -falign-functions=16"
 620      62202D4F 
 620      32202D66 
 620      6F6D6974 
 620      2D667261 
 621 00cc 202D666E 		.ascii	" -fno-math-errno -fsingle-precision-constant\000"
 621      6F2D6D61 
 621      74682D65 
 621      72726E6F 
 621      202D6673 
 622              	.LASF22:
 623 00f9 70537461 		.ascii	"pState\000"
 623      746500
 624              	.LASF5:
 625 0100 5F5F696E 		.ascii	"__int32_t\000"
 625      7433325F 
 625      7400
 626              	.LASF18:
 627 010a 666C6F61 		.ascii	"float\000"
 627      7400
 628              	.LASF20:
 629 0110 7133315F 		.ascii	"q31_t\000"
 629      7400
 630              	.LASF1:
 631 0116 756E7369 		.ascii	"unsigned char\000"
 631      676E6564 
 631      20636861 
 631      7200
 632              	.LASF8:
 633 0124 6C6F6E67 		.ascii	"long unsigned int\000"
 633      20756E73 
 633      69676E65 
 633      6420696E 
 633      7400
 634              	.LASF3:
 635 0136 73686F72 		.ascii	"short unsigned int\000"
 635      7420756E 
 635      7369676E 
 635      65642069 
 635      6E7400
 636              	.LASF24:
 637 0149 7076436F 		.ascii	"pvCoeffs\000"
 637      65666673 
 637      00
 638              	.LASF30:
 639 0152 6D656D73 		.ascii	"memset\000"
 639      657400
 640              	.LASF4:
 641 0159 5F5F7569 		.ascii	"__uint16_t\000"
ARM GAS  /tmp/ccykvGqg.s 			page 13


 641      6E743136 
 641      5F7400
 642              	.LASF17:
 643 0164 646F7562 		.ascii	"double\000"
 643      6C6500
 644              	.LASF7:
 645 016b 5F5F7569 		.ascii	"__uint32_t\000"
 645      6E743332 
 645      5F7400
 646              	.LASF23:
 647 0176 706B436F 		.ascii	"pkCoeffs\000"
 647      65666673 
 647      00
 648              	.LASF11:
 649 017f 756E7369 		.ascii	"unsigned int\000"
 649      676E6564 
 649      20696E74 
 649      00
 650              	.LASF29:
 651 018c 61726D5F 		.ascii	"arm_iir_lattice_init_q31\000"
 651      6969725F 
 651      6C617474 
 651      6963655F 
 651      696E6974 
 652              	.LASF10:
 653 01a5 6C6F6E67 		.ascii	"long long unsigned int\000"
 653      206C6F6E 
 653      6720756E 
 653      7369676E 
 653      65642069 
 654              	.LASF13:
 655 01bc 696E7433 		.ascii	"int32_t\000"
 655      325F7400 
 656              	.LASF15:
 657 01c4 73697A65 		.ascii	"sizetype\000"
 657      74797065 
 657      00
 658              	.LASF9:
 659 01cd 6C6F6E67 		.ascii	"long long int\000"
 659      206C6F6E 
 659      6720696E 
 659      7400
 660              	.LASF26:
 661 01db 626C6F63 		.ascii	"blockSize\000"
 661      6B53697A 
 661      6500
 662              	.LASF16:
 663 01e5 63686172 		.ascii	"char\000"
 663      00
 664              	.LASF2:
 665 01ea 73686F72 		.ascii	"short int\000"
 665      7420696E 
 665      7400
 666              	.LASF12:
 667 01f4 75696E74 		.ascii	"uint16_t\000"
 667      31365F74 
 667      00
ARM GAS  /tmp/ccykvGqg.s 			page 14


 668              	.LASF14:
 669 01fd 75696E74 		.ascii	"uint32_t\000"
 669      33325F74 
 669      00
 670              	.LASF6:
 671 0206 6C6F6E67 		.ascii	"long int\000"
 671      20696E74 
 671      00
 672              	.LASF19:
 673 020f 6C6F6E67 		.ascii	"long double\000"
 673      20646F75 
 673      626C6500 
 674              	.LASF0:
 675 021b 7369676E 		.ascii	"signed char\000"
 675      65642063 
 675      68617200 
 676              	.LASF25:
 677 0227 61726D5F 		.ascii	"arm_iir_lattice_instance_q31\000"
 677      6969725F 
 677      6C617474 
 677      6963655F 
 677      696E7374 
 678              	.LASF21:
 679 0244 6E756D53 		.ascii	"numStages\000"
 679      74616765 
 679      7300
 680              	.LASF28:
 681 024e 2F686F6D 		.ascii	"/home/sbcu/Dropbox/pcb-layouts/axo-on-discovery-boa"
 681      652F7362 
 681      63752F44 
 681      726F7062 
 681      6F782F70 
 682 0281 72642F61 		.ascii	"rd/axoloti/platform_linux/../CMSIS//DSP_Lib/Source/"
 682      786F6C6F 
 682      74692F70 
 682      6C617466 
 682      6F726D5F 
 683 02b4 46696C74 		.ascii	"FilteringFunctions/arm_iir_lattice_init_q31.c\000"
 683      6572696E 
 683      6746756E 
 683      6374696F 
 683      6E732F61 
 684              		.ident	"GCC: (GNU Tools for ARM Embedded Processors) 4.9.3 20150529 (release) [ARM/embedded-4_9-br
ARM GAS  /tmp/ccykvGqg.s 			page 15


DEFINED SYMBOLS
                            *ABS*:00000000 arm_iir_lattice_init_q31.c
     /tmp/ccykvGqg.s:20     .text:00000000 $t
     /tmp/ccykvGqg.s:26     .text:00000000 arm_iir_lattice_init_q31
                     .debug_frame:00000010 $d

UNDEFINED SYMBOLS
memset
