ARM GAS  /tmp/ccywky2k.s 			page 1


   1              		.syntax unified
   2              		.cpu cortex-m4
   3              		.eabi_attribute 27, 1
   4              		.eabi_attribute 28, 1
   5              		.fpu fpv4-sp-d16
   6              		.eabi_attribute 20, 1
   7              		.eabi_attribute 21, 1
   8              		.eabi_attribute 23, 3
   9              		.eabi_attribute 24, 1
  10              		.eabi_attribute 25, 1
  11              		.eabi_attribute 26, 1
  12              		.eabi_attribute 30, 2
  13              		.eabi_attribute 34, 1
  14              		.eabi_attribute 18, 4
  15              		.thumb
  16              		.file	"atan.cpp"
  17              		.text
  18              	.Ltext0:
  19              		.cfi_sections	.debug_frame
  20              		.global	_ZN6stmlib8atan_lutE
  21              		.section	.rodata
  22              		.align	2
  23              		.type	_ZN6stmlib8atan_lutE, %object
  24              		.size	_ZN6stmlib8atan_lutE, 1026
  25              	_ZN6stmlib8atan_lutE:
  26 0000 0000     		.short	0
  27 0002 1400     		.short	20
  28 0004 2800     		.short	40
  29 0006 3D00     		.short	61
  30 0008 5100     		.short	81
  31 000a 6500     		.short	101
  32 000c 7A00     		.short	122
  33 000e 8E00     		.short	142
  34 0010 A200     		.short	162
  35 0012 B700     		.short	183
  36 0014 CB00     		.short	203
  37 0016 E000     		.short	224
  38 0018 F400     		.short	244
  39 001a 0801     		.short	264
  40 001c 1D01     		.short	285
  41 001e 3101     		.short	305
  42 0020 4601     		.short	326
  43 0022 5A01     		.short	346
  44 0024 6E01     		.short	366
  45 0026 8301     		.short	387
  46 0028 9701     		.short	407
  47 002a AB01     		.short	427
  48 002c C001     		.short	448
  49 002e D401     		.short	468
  50 0030 E901     		.short	489
  51 0032 FD01     		.short	509
  52 0034 1102     		.short	529
  53 0036 2602     		.short	550
  54 0038 3A02     		.short	570
  55 003a 4F02     		.short	591
  56 003c 6302     		.short	611
  57 003e 7702     		.short	631
ARM GAS  /tmp/ccywky2k.s 			page 2


  58 0040 8C02     		.short	652
  59 0042 A002     		.short	672
  60 0044 B502     		.short	693
  61 0046 C902     		.short	713
  62 0048 DD02     		.short	733
  63 004a F202     		.short	754
  64 004c 0603     		.short	774
  65 004e 1B03     		.short	795
  66 0050 2F03     		.short	815
  67 0052 4403     		.short	836
  68 0054 5803     		.short	856
  69 0056 6D03     		.short	877
  70 0058 8103     		.short	897
  71 005a 9503     		.short	917
  72 005c AA03     		.short	938
  73 005e BE03     		.short	958
  74 0060 D303     		.short	979
  75 0062 E703     		.short	999
  76 0064 FC03     		.short	1020
  77 0066 1004     		.short	1040
  78 0068 2504     		.short	1061
  79 006a 3904     		.short	1081
  80 006c 4E04     		.short	1102
  81 006e 6204     		.short	1122
  82 0070 7704     		.short	1143
  83 0072 8B04     		.short	1163
  84 0074 A004     		.short	1184
  85 0076 B404     		.short	1204
  86 0078 C904     		.short	1225
  87 007a DD04     		.short	1245
  88 007c F204     		.short	1266
  89 007e 0605     		.short	1286
  90 0080 1B05     		.short	1307
  91 0082 2F05     		.short	1327
  92 0084 4405     		.short	1348
  93 0086 5805     		.short	1368
  94 0088 6D05     		.short	1389
  95 008a 8105     		.short	1409
  96 008c 9605     		.short	1430
  97 008e AB05     		.short	1451
  98 0090 BF05     		.short	1471
  99 0092 D405     		.short	1492
 100 0094 E805     		.short	1512
 101 0096 FD05     		.short	1533
 102 0098 1206     		.short	1554
 103 009a 2606     		.short	1574
 104 009c 3B06     		.short	1595
 105 009e 4F06     		.short	1615
 106 00a0 6406     		.short	1636
 107 00a2 7906     		.short	1657
 108 00a4 8D06     		.short	1677
 109 00a6 A206     		.short	1698
 110 00a8 B706     		.short	1719
 111 00aa CB06     		.short	1739
 112 00ac E006     		.short	1760
 113 00ae F406     		.short	1780
 114 00b0 0907     		.short	1801
ARM GAS  /tmp/ccywky2k.s 			page 3


 115 00b2 1E07     		.short	1822
 116 00b4 3307     		.short	1843
 117 00b6 4707     		.short	1863
 118 00b8 5C07     		.short	1884
 119 00ba 7107     		.short	1905
 120 00bc 8507     		.short	1925
 121 00be 9A07     		.short	1946
 122 00c0 AF07     		.short	1967
 123 00c2 C407     		.short	1988
 124 00c4 D807     		.short	2008
 125 00c6 ED07     		.short	2029
 126 00c8 0208     		.short	2050
 127 00ca 1708     		.short	2071
 128 00cc 2B08     		.short	2091
 129 00ce 4008     		.short	2112
 130 00d0 5508     		.short	2133
 131 00d2 6A08     		.short	2154
 132 00d4 7F08     		.short	2175
 133 00d6 9308     		.short	2195
 134 00d8 A808     		.short	2216
 135 00da BD08     		.short	2237
 136 00dc D208     		.short	2258
 137 00de E708     		.short	2279
 138 00e0 FC08     		.short	2300
 139 00e2 1109     		.short	2321
 140 00e4 2609     		.short	2342
 141 00e6 3A09     		.short	2362
 142 00e8 4F09     		.short	2383
 143 00ea 6409     		.short	2404
 144 00ec 7909     		.short	2425
 145 00ee 8E09     		.short	2446
 146 00f0 A309     		.short	2467
 147 00f2 B809     		.short	2488
 148 00f4 CD09     		.short	2509
 149 00f6 E209     		.short	2530
 150 00f8 F709     		.short	2551
 151 00fa 0C0A     		.short	2572
 152 00fc 210A     		.short	2593
 153 00fe 360A     		.short	2614
 154 0100 4B0A     		.short	2635
 155 0102 600A     		.short	2656
 156 0104 750A     		.short	2677
 157 0106 8A0A     		.short	2698
 158 0108 9F0A     		.short	2719
 159 010a B40A     		.short	2740
 160 010c C90A     		.short	2761
 161 010e DF0A     		.short	2783
 162 0110 F40A     		.short	2804
 163 0112 090B     		.short	2825
 164 0114 1E0B     		.short	2846
 165 0116 330B     		.short	2867
 166 0118 480B     		.short	2888
 167 011a 5E0B     		.short	2910
 168 011c 730B     		.short	2931
 169 011e 880B     		.short	2952
 170 0120 9D0B     		.short	2973
 171 0122 B20B     		.short	2994
ARM GAS  /tmp/ccywky2k.s 			page 4


 172 0124 C80B     		.short	3016
 173 0126 DD0B     		.short	3037
 174 0128 F20B     		.short	3058
 175 012a 070C     		.short	3079
 176 012c 1D0C     		.short	3101
 177 012e 320C     		.short	3122
 178 0130 470C     		.short	3143
 179 0132 5D0C     		.short	3165
 180 0134 720C     		.short	3186
 181 0136 870C     		.short	3207
 182 0138 9D0C     		.short	3229
 183 013a B20C     		.short	3250
 184 013c C80C     		.short	3272
 185 013e DD0C     		.short	3293
 186 0140 F30C     		.short	3315
 187 0142 080D     		.short	3336
 188 0144 1D0D     		.short	3357
 189 0146 330D     		.short	3379
 190 0148 480D     		.short	3400
 191 014a 5E0D     		.short	3422
 192 014c 730D     		.short	3443
 193 014e 890D     		.short	3465
 194 0150 9F0D     		.short	3487
 195 0152 B40D     		.short	3508
 196 0154 CA0D     		.short	3530
 197 0156 DF0D     		.short	3551
 198 0158 F50D     		.short	3573
 199 015a 0B0E     		.short	3595
 200 015c 200E     		.short	3616
 201 015e 360E     		.short	3638
 202 0160 4C0E     		.short	3660
 203 0162 610E     		.short	3681
 204 0164 770E     		.short	3703
 205 0166 8D0E     		.short	3725
 206 0168 A30E     		.short	3747
 207 016a B80E     		.short	3768
 208 016c CE0E     		.short	3790
 209 016e E40E     		.short	3812
 210 0170 FA0E     		.short	3834
 211 0172 100F     		.short	3856
 212 0174 250F     		.short	3877
 213 0176 3B0F     		.short	3899
 214 0178 510F     		.short	3921
 215 017a 670F     		.short	3943
 216 017c 7D0F     		.short	3965
 217 017e 930F     		.short	3987
 218 0180 A90F     		.short	4009
 219 0182 BF0F     		.short	4031
 220 0184 D50F     		.short	4053
 221 0186 EB0F     		.short	4075
 222 0188 0110     		.short	4097
 223 018a 1710     		.short	4119
 224 018c 2D10     		.short	4141
 225 018e 4310     		.short	4163
 226 0190 5910     		.short	4185
 227 0192 6F10     		.short	4207
 228 0194 8610     		.short	4230
ARM GAS  /tmp/ccywky2k.s 			page 5


 229 0196 9C10     		.short	4252
 230 0198 B210     		.short	4274
 231 019a C810     		.short	4296
 232 019c DE10     		.short	4318
 233 019e F510     		.short	4341
 234 01a0 0B11     		.short	4363
 235 01a2 2111     		.short	4385
 236 01a4 3811     		.short	4408
 237 01a6 4E11     		.short	4430
 238 01a8 6411     		.short	4452
 239 01aa 7B11     		.short	4475
 240 01ac 9111     		.short	4497
 241 01ae A811     		.short	4520
 242 01b0 BE11     		.short	4542
 243 01b2 D511     		.short	4565
 244 01b4 EB11     		.short	4587
 245 01b6 0212     		.short	4610
 246 01b8 1812     		.short	4632
 247 01ba 2F12     		.short	4655
 248 01bc 4512     		.short	4677
 249 01be 5C12     		.short	4700
 250 01c0 7312     		.short	4723
 251 01c2 8912     		.short	4745
 252 01c4 A012     		.short	4768
 253 01c6 B712     		.short	4791
 254 01c8 CD12     		.short	4813
 255 01ca E412     		.short	4836
 256 01cc FB12     		.short	4859
 257 01ce 1213     		.short	4882
 258 01d0 2913     		.short	4905
 259 01d2 3F13     		.short	4927
 260 01d4 5613     		.short	4950
 261 01d6 6D13     		.short	4973
 262 01d8 8413     		.short	4996
 263 01da 9B13     		.short	5019
 264 01dc B213     		.short	5042
 265 01de C913     		.short	5065
 266 01e0 E013     		.short	5088
 267 01e2 F713     		.short	5111
 268 01e4 0E14     		.short	5134
 269 01e6 2614     		.short	5158
 270 01e8 3D14     		.short	5181
 271 01ea 5414     		.short	5204
 272 01ec 6B14     		.short	5227
 273 01ee 8214     		.short	5250
 274 01f0 9A14     		.short	5274
 275 01f2 B114     		.short	5297
 276 01f4 C814     		.short	5320
 277 01f6 E014     		.short	5344
 278 01f8 F714     		.short	5367
 279 01fa 0E15     		.short	5390
 280 01fc 2615     		.short	5414
 281 01fe 3D15     		.short	5437
 282 0200 5515     		.short	5461
 283 0202 6C15     		.short	5484
 284 0204 8415     		.short	5508
 285 0206 9C15     		.short	5532
ARM GAS  /tmp/ccywky2k.s 			page 6


 286 0208 B315     		.short	5555
 287 020a CB15     		.short	5579
 288 020c E315     		.short	5603
 289 020e FA15     		.short	5626
 290 0210 1216     		.short	5650
 291 0212 2A16     		.short	5674
 292 0214 4216     		.short	5698
 293 0216 5916     		.short	5721
 294 0218 7116     		.short	5745
 295 021a 8916     		.short	5769
 296 021c A116     		.short	5793
 297 021e B916     		.short	5817
 298 0220 D116     		.short	5841
 299 0222 E916     		.short	5865
 300 0224 0117     		.short	5889
 301 0226 1A17     		.short	5914
 302 0228 3217     		.short	5938
 303 022a 4A17     		.short	5962
 304 022c 6217     		.short	5986
 305 022e 7A17     		.short	6010
 306 0230 9317     		.short	6035
 307 0232 AB17     		.short	6059
 308 0234 C417     		.short	6084
 309 0236 DC17     		.short	6108
 310 0238 F417     		.short	6132
 311 023a 0D18     		.short	6157
 312 023c 2518     		.short	6181
 313 023e 3E18     		.short	6206
 314 0240 5718     		.short	6231
 315 0242 6F18     		.short	6255
 316 0244 8818     		.short	6280
 317 0246 A118     		.short	6305
 318 0248 BA18     		.short	6330
 319 024a D218     		.short	6354
 320 024c EB18     		.short	6379
 321 024e 0419     		.short	6404
 322 0250 1D19     		.short	6429
 323 0252 3619     		.short	6454
 324 0254 4F19     		.short	6479
 325 0256 6819     		.short	6504
 326 0258 8119     		.short	6529
 327 025a 9A19     		.short	6554
 328 025c B419     		.short	6580
 329 025e CD19     		.short	6605
 330 0260 E619     		.short	6630
 331 0262 001A     		.short	6656
 332 0264 191A     		.short	6681
 333 0266 321A     		.short	6706
 334 0268 4C1A     		.short	6732
 335 026a 651A     		.short	6757
 336 026c 7F1A     		.short	6783
 337 026e 991A     		.short	6809
 338 0270 B21A     		.short	6834
 339 0272 CC1A     		.short	6860
 340 0274 E61A     		.short	6886
 341 0276 001B     		.short	6912
 342 0278 191B     		.short	6937
ARM GAS  /tmp/ccywky2k.s 			page 7


 343 027a 331B     		.short	6963
 344 027c 4D1B     		.short	6989
 345 027e 671B     		.short	7015
 346 0280 811B     		.short	7041
 347 0282 9C1B     		.short	7068
 348 0284 B61B     		.short	7094
 349 0286 D01B     		.short	7120
 350 0288 EA1B     		.short	7146
 351 028a 051C     		.short	7173
 352 028c 1F1C     		.short	7199
 353 028e 391C     		.short	7225
 354 0290 541C     		.short	7252
 355 0292 6E1C     		.short	7278
 356 0294 891C     		.short	7305
 357 0296 A41C     		.short	7332
 358 0298 BE1C     		.short	7358
 359 029a D91C     		.short	7385
 360 029c F41C     		.short	7412
 361 029e 0F1D     		.short	7439
 362 02a0 2A1D     		.short	7466
 363 02a2 451D     		.short	7493
 364 02a4 601D     		.short	7520
 365 02a6 7B1D     		.short	7547
 366 02a8 961D     		.short	7574
 367 02aa B21D     		.short	7602
 368 02ac CD1D     		.short	7629
 369 02ae E81D     		.short	7656
 370 02b0 041E     		.short	7684
 371 02b2 1F1E     		.short	7711
 372 02b4 3B1E     		.short	7739
 373 02b6 571E     		.short	7767
 374 02b8 731E     		.short	7795
 375 02ba 8E1E     		.short	7822
 376 02bc AA1E     		.short	7850
 377 02be C61E     		.short	7878
 378 02c0 E21E     		.short	7906
 379 02c2 FE1E     		.short	7934
 380 02c4 1A1F     		.short	7962
 381 02c6 371F     		.short	7991
 382 02c8 531F     		.short	8019
 383 02ca 6F1F     		.short	8047
 384 02cc 8C1F     		.short	8076
 385 02ce A81F     		.short	8104
 386 02d0 C51F     		.short	8133
 387 02d2 E21F     		.short	8162
 388 02d4 FE1F     		.short	8190
 389 02d6 1B20     		.short	8219
 390 02d8 3820     		.short	8248
 391 02da 5520     		.short	8277
 392 02dc 7220     		.short	8306
 393 02de 8F20     		.short	8335
 394 02e0 AD20     		.short	8365
 395 02e2 CA20     		.short	8394
 396 02e4 E720     		.short	8423
 397 02e6 0521     		.short	8453
 398 02e8 2321     		.short	8483
 399 02ea 4021     		.short	8512
ARM GAS  /tmp/ccywky2k.s 			page 8


 400 02ec 5E21     		.short	8542
 401 02ee 7C21     		.short	8572
 402 02f0 9A21     		.short	8602
 403 02f2 B821     		.short	8632
 404 02f4 D621     		.short	8662
 405 02f6 F421     		.short	8692
 406 02f8 1322     		.short	8723
 407 02fa 3122     		.short	8753
 408 02fc 5022     		.short	8784
 409 02fe 6E22     		.short	8814
 410 0300 8D22     		.short	8845
 411 0302 AC22     		.short	8876
 412 0304 CB22     		.short	8907
 413 0306 EA22     		.short	8938
 414 0308 0923     		.short	8969
 415 030a 2823     		.short	9000
 416 030c 4823     		.short	9032
 417 030e 6723     		.short	9063
 418 0310 8723     		.short	9095
 419 0312 A723     		.short	9127
 420 0314 C623     		.short	9158
 421 0316 E623     		.short	9190
 422 0318 0724     		.short	9223
 423 031a 2724     		.short	9255
 424 031c 4724     		.short	9287
 425 031e 6724     		.short	9319
 426 0320 8824     		.short	9352
 427 0322 A924     		.short	9385
 428 0324 CA24     		.short	9418
 429 0326 EB24     		.short	9451
 430 0328 0C25     		.short	9484
 431 032a 2D25     		.short	9517
 432 032c 4E25     		.short	9550
 433 032e 7025     		.short	9584
 434 0330 9125     		.short	9617
 435 0332 B325     		.short	9651
 436 0334 D525     		.short	9685
 437 0336 F725     		.short	9719
 438 0338 1926     		.short	9753
 439 033a 3C26     		.short	9788
 440 033c 5E26     		.short	9822
 441 033e 8126     		.short	9857
 442 0340 A426     		.short	9892
 443 0342 C726     		.short	9927
 444 0344 EA26     		.short	9962
 445 0346 0E27     		.short	9998
 446 0348 3127     		.short	10033
 447 034a 5527     		.short	10069
 448 034c 7927     		.short	10105
 449 034e 9D27     		.short	10141
 450 0350 C127     		.short	10177
 451 0352 E527     		.short	10213
 452 0354 0A28     		.short	10250
 453 0356 2F28     		.short	10287
 454 0358 5428     		.short	10324
 455 035a 7928     		.short	10361
 456 035c 9F28     		.short	10399
ARM GAS  /tmp/ccywky2k.s 			page 9


 457 035e C428     		.short	10436
 458 0360 EA28     		.short	10474
 459 0362 1029     		.short	10512
 460 0364 3629     		.short	10550
 461 0366 5D29     		.short	10589
 462 0368 8429     		.short	10628
 463 036a AB29     		.short	10667
 464 036c D229     		.short	10706
 465 036e F929     		.short	10745
 466 0370 212A     		.short	10785
 467 0372 492A     		.short	10825
 468 0374 712A     		.short	10865
 469 0376 9A2A     		.short	10906
 470 0378 C22A     		.short	10946
 471 037a EC2A     		.short	10988
 472 037c 152B     		.short	11029
 473 037e 3E2B     		.short	11070
 474 0380 682B     		.short	11112
 475 0382 932B     		.short	11155
 476 0384 BD2B     		.short	11197
 477 0386 E82B     		.short	11240
 478 0388 132C     		.short	11283
 479 038a 3F2C     		.short	11327
 480 038c 6B2C     		.short	11371
 481 038e 972C     		.short	11415
 482 0390 C42C     		.short	11460
 483 0392 F12C     		.short	11505
 484 0394 1E2D     		.short	11550
 485 0396 4C2D     		.short	11596
 486 0398 7A2D     		.short	11642
 487 039a A82D     		.short	11688
 488 039c D82D     		.short	11736
 489 039e 072E     		.short	11783
 490 03a0 372E     		.short	11831
 491 03a2 672E     		.short	11879
 492 03a4 982E     		.short	11928
 493 03a6 CA2E     		.short	11978
 494 03a8 FC2E     		.short	12028
 495 03aa 2E2F     		.short	12078
 496 03ac 612F     		.short	12129
 497 03ae 952F     		.short	12181
 498 03b0 C92F     		.short	12233
 499 03b2 FE2F     		.short	12286
 500 03b4 3430     		.short	12340
 501 03b6 6A30     		.short	12394
 502 03b8 A130     		.short	12449
 503 03ba D930     		.short	12505
 504 03bc 1131     		.short	12561
 505 03be 4A31     		.short	12618
 506 03c0 8431     		.short	12676
 507 03c2 BF31     		.short	12735
 508 03c4 FB31     		.short	12795
 509 03c6 3832     		.short	12856
 510 03c8 7632     		.short	12918
 511 03ca B532     		.short	12981
 512 03cc F532     		.short	13045
 513 03ce 3733     		.short	13111
ARM GAS  /tmp/ccywky2k.s 			page 10


 514 03d0 7933     		.short	13177
 515 03d2 BD33     		.short	13245
 516 03d4 0334     		.short	13315
 517 03d6 4A34     		.short	13386
 518 03d8 9334     		.short	13459
 519 03da DD34     		.short	13533
 520 03dc 2A35     		.short	13610
 521 03de 7835     		.short	13688
 522 03e0 C935     		.short	13769
 523 03e2 1D36     		.short	13853
 524 03e4 7336     		.short	13939
 525 03e6 CC36     		.short	14028
 526 03e8 2937     		.short	14121
 527 03ea 8A37     		.short	14218
 528 03ec EF37     		.short	14319
 529 03ee 5938     		.short	14425
 530 03f0 C938     		.short	14537
 531 03f2 4139     		.short	14657
 532 03f4 C139     		.short	14785
 533 03f6 4D3A     		.short	14925
 534 03f8 E73A     		.short	15079
 535 03fa 963B     		.short	15254
 536 03fc 653C     		.short	15461
 537 03fe 733D     		.short	15731
 538 0400 FF3F     		.short	16383
 539              		.text
 540              	.Letext0:
 541              		.file 1 "/home/sbcu/Dropbox/pcb-layouts/axo-on-discovery-board/axoloti/platform_linux/arm-none-eab
 542              		.file 2 "./mutable_instruments/stmlib/stmlib.h"
 543              		.file 3 "./mutable_instruments/stmlib/dsp/atan.cpp"
 544              		.file 4 "<built-in>"
 545              		.section	.debug_info,"",%progbits
 546              	.Ldebug_info0:
 547 0000 48050000 		.4byte	0x548
 548 0004 0400     		.2byte	0x4
 549 0006 00000000 		.4byte	.Ldebug_abbrev0
 550 000a 04       		.byte	0x4
 551 000b 01       		.uleb128 0x1
 552 000c AC000000 		.4byte	.LASF20
 553 0010 04       		.byte	0x4
 554 0011 D2010000 		.4byte	.LASF21
 555 0015 4B020000 		.4byte	.LASF22
 556 0019 00000000 		.4byte	.Ldebug_line0
 557 001d 02       		.uleb128 0x2
 558 001e 01       		.byte	0x1
 559 001f 06       		.byte	0x6
 560 0020 0F020000 		.4byte	.LASF0
 561 0024 02       		.uleb128 0x2
 562 0025 01       		.byte	0x1
 563 0026 08       		.byte	0x8
 564 0027 90000000 		.4byte	.LASF1
 565 002b 02       		.uleb128 0x2
 566 002c 02       		.byte	0x2
 567 002d 05       		.byte	0x5
 568 002e 4C000000 		.4byte	.LASF2
 569 0032 02       		.uleb128 0x2
 570 0033 02       		.byte	0x2
ARM GAS  /tmp/ccywky2k.s 			page 11


 571 0034 07       		.byte	0x7
 572 0035 FC010000 		.4byte	.LASF3
 573 0039 02       		.uleb128 0x2
 574 003a 04       		.byte	0x4
 575 003b 05       		.byte	0x5
 576 003c A3000000 		.4byte	.LASF4
 577 0040 02       		.uleb128 0x2
 578 0041 04       		.byte	0x4
 579 0042 07       		.byte	0x7
 580 0043 B1010000 		.4byte	.LASF5
 581 0047 02       		.uleb128 0x2
 582 0048 08       		.byte	0x8
 583 0049 05       		.byte	0x5
 584 004a 00000000 		.4byte	.LASF6
 585 004e 02       		.uleb128 0x2
 586 004f 08       		.byte	0x8
 587 0050 07       		.byte	0x7
 588 0051 56000000 		.4byte	.LASF7
 589 0055 03       		.uleb128 0x3
 590 0056 04       		.byte	0x4
 591 0057 05       		.byte	0x5
 592 0058 696E7400 		.ascii	"int\000"
 593 005c 02       		.uleb128 0x2
 594 005d 04       		.byte	0x4
 595 005e 07       		.byte	0x7
 596 005f 0E000000 		.4byte	.LASF8
 597 0063 04       		.uleb128 0x4
 598 0064 92020000 		.4byte	.LASF14
 599 0068 02       		.byte	0x2
 600 0069 3C       		.byte	0x3c
 601 006a 05       		.uleb128 0x5
 602 006b 45000000 		.4byte	.LASF10
 603 006f 02       		.byte	0x2
 604 0070 5D       		.byte	0x5d
 605 0071 89040000 		.4byte	0x489
 606 0075 06       		.uleb128 0x6
 607 0076 87000000 		.4byte	.LASF23
 608 007a 03       		.byte	0x3
 609 007b 22       		.byte	0x22
 610 007c 1B000000 		.4byte	.LASF24
 611 0080 3B050000 		.4byte	0x53b
 612 0084 0204     		.2byte	0x402
 613 0086 00       		.byte	0
 614 0087 00       		.byte	0
 615 0088 14       		.byte	0x14
 616 0089 00       		.byte	0
 617 008a 28       		.byte	0x28
 618 008b 00       		.byte	0
 619 008c 3D       		.byte	0x3d
 620 008d 00       		.byte	0
 621 008e 51       		.byte	0x51
 622 008f 00       		.byte	0
 623 0090 65       		.byte	0x65
 624 0091 00       		.byte	0
 625 0092 7A       		.byte	0x7a
 626 0093 00       		.byte	0
 627 0094 8E       		.byte	0x8e
ARM GAS  /tmp/ccywky2k.s 			page 12


 628 0095 00       		.byte	0
 629 0096 A2       		.byte	0xa2
 630 0097 00       		.byte	0
 631 0098 B7       		.byte	0xb7
 632 0099 00       		.byte	0
 633 009a CB       		.byte	0xcb
 634 009b 00       		.byte	0
 635 009c E0       		.byte	0xe0
 636 009d 00       		.byte	0
 637 009e F4       		.byte	0xf4
 638 009f 00       		.byte	0
 639 00a0 08       		.byte	0x8
 640 00a1 01       		.byte	0x1
 641 00a2 1D       		.byte	0x1d
 642 00a3 01       		.byte	0x1
 643 00a4 31       		.byte	0x31
 644 00a5 01       		.byte	0x1
 645 00a6 46       		.byte	0x46
 646 00a7 01       		.byte	0x1
 647 00a8 5A       		.byte	0x5a
 648 00a9 01       		.byte	0x1
 649 00aa 6E       		.byte	0x6e
 650 00ab 01       		.byte	0x1
 651 00ac 83       		.byte	0x83
 652 00ad 01       		.byte	0x1
 653 00ae 97       		.byte	0x97
 654 00af 01       		.byte	0x1
 655 00b0 AB       		.byte	0xab
 656 00b1 01       		.byte	0x1
 657 00b2 C0       		.byte	0xc0
 658 00b3 01       		.byte	0x1
 659 00b4 D4       		.byte	0xd4
 660 00b5 01       		.byte	0x1
 661 00b6 E9       		.byte	0xe9
 662 00b7 01       		.byte	0x1
 663 00b8 FD       		.byte	0xfd
 664 00b9 01       		.byte	0x1
 665 00ba 11       		.byte	0x11
 666 00bb 02       		.byte	0x2
 667 00bc 26       		.byte	0x26
 668 00bd 02       		.byte	0x2
 669 00be 3A       		.byte	0x3a
 670 00bf 02       		.byte	0x2
 671 00c0 4F       		.byte	0x4f
 672 00c1 02       		.byte	0x2
 673 00c2 63       		.byte	0x63
 674 00c3 02       		.byte	0x2
 675 00c4 77       		.byte	0x77
 676 00c5 02       		.byte	0x2
 677 00c6 8C       		.byte	0x8c
 678 00c7 02       		.byte	0x2
 679 00c8 A0       		.byte	0xa0
 680 00c9 02       		.byte	0x2
 681 00ca B5       		.byte	0xb5
 682 00cb 02       		.byte	0x2
 683 00cc C9       		.byte	0xc9
 684 00cd 02       		.byte	0x2
ARM GAS  /tmp/ccywky2k.s 			page 13


 685 00ce DD       		.byte	0xdd
 686 00cf 02       		.byte	0x2
 687 00d0 F2       		.byte	0xf2
 688 00d1 02       		.byte	0x2
 689 00d2 06       		.byte	0x6
 690 00d3 03       		.byte	0x3
 691 00d4 1B       		.byte	0x1b
 692 00d5 03       		.byte	0x3
 693 00d6 2F       		.byte	0x2f
 694 00d7 03       		.byte	0x3
 695 00d8 44       		.byte	0x44
 696 00d9 03       		.byte	0x3
 697 00da 58       		.byte	0x58
 698 00db 03       		.byte	0x3
 699 00dc 6D       		.byte	0x6d
 700 00dd 03       		.byte	0x3
 701 00de 81       		.byte	0x81
 702 00df 03       		.byte	0x3
 703 00e0 95       		.byte	0x95
 704 00e1 03       		.byte	0x3
 705 00e2 AA       		.byte	0xaa
 706 00e3 03       		.byte	0x3
 707 00e4 BE       		.byte	0xbe
 708 00e5 03       		.byte	0x3
 709 00e6 D3       		.byte	0xd3
 710 00e7 03       		.byte	0x3
 711 00e8 E7       		.byte	0xe7
 712 00e9 03       		.byte	0x3
 713 00ea FC       		.byte	0xfc
 714 00eb 03       		.byte	0x3
 715 00ec 10       		.byte	0x10
 716 00ed 04       		.byte	0x4
 717 00ee 25       		.byte	0x25
 718 00ef 04       		.byte	0x4
 719 00f0 39       		.byte	0x39
 720 00f1 04       		.byte	0x4
 721 00f2 4E       		.byte	0x4e
 722 00f3 04       		.byte	0x4
 723 00f4 62       		.byte	0x62
 724 00f5 04       		.byte	0x4
 725 00f6 77       		.byte	0x77
 726 00f7 04       		.byte	0x4
 727 00f8 8B       		.byte	0x8b
 728 00f9 04       		.byte	0x4
 729 00fa A0       		.byte	0xa0
 730 00fb 04       		.byte	0x4
 731 00fc B4       		.byte	0xb4
 732 00fd 04       		.byte	0x4
 733 00fe C9       		.byte	0xc9
 734 00ff 04       		.byte	0x4
 735 0100 DD       		.byte	0xdd
 736 0101 04       		.byte	0x4
 737 0102 F2       		.byte	0xf2
 738 0103 04       		.byte	0x4
 739 0104 06       		.byte	0x6
 740 0105 05       		.byte	0x5
 741 0106 1B       		.byte	0x1b
ARM GAS  /tmp/ccywky2k.s 			page 14


 742 0107 05       		.byte	0x5
 743 0108 2F       		.byte	0x2f
 744 0109 05       		.byte	0x5
 745 010a 44       		.byte	0x44
 746 010b 05       		.byte	0x5
 747 010c 58       		.byte	0x58
 748 010d 05       		.byte	0x5
 749 010e 6D       		.byte	0x6d
 750 010f 05       		.byte	0x5
 751 0110 81       		.byte	0x81
 752 0111 05       		.byte	0x5
 753 0112 96       		.byte	0x96
 754 0113 05       		.byte	0x5
 755 0114 AB       		.byte	0xab
 756 0115 05       		.byte	0x5
 757 0116 BF       		.byte	0xbf
 758 0117 05       		.byte	0x5
 759 0118 D4       		.byte	0xd4
 760 0119 05       		.byte	0x5
 761 011a E8       		.byte	0xe8
 762 011b 05       		.byte	0x5
 763 011c FD       		.byte	0xfd
 764 011d 05       		.byte	0x5
 765 011e 12       		.byte	0x12
 766 011f 06       		.byte	0x6
 767 0120 26       		.byte	0x26
 768 0121 06       		.byte	0x6
 769 0122 3B       		.byte	0x3b
 770 0123 06       		.byte	0x6
 771 0124 4F       		.byte	0x4f
 772 0125 06       		.byte	0x6
 773 0126 64       		.byte	0x64
 774 0127 06       		.byte	0x6
 775 0128 79       		.byte	0x79
 776 0129 06       		.byte	0x6
 777 012a 8D       		.byte	0x8d
 778 012b 06       		.byte	0x6
 779 012c A2       		.byte	0xa2
 780 012d 06       		.byte	0x6
 781 012e B7       		.byte	0xb7
 782 012f 06       		.byte	0x6
 783 0130 CB       		.byte	0xcb
 784 0131 06       		.byte	0x6
 785 0132 E0       		.byte	0xe0
 786 0133 06       		.byte	0x6
 787 0134 F4       		.byte	0xf4
 788 0135 06       		.byte	0x6
 789 0136 09       		.byte	0x9
 790 0137 07       		.byte	0x7
 791 0138 1E       		.byte	0x1e
 792 0139 07       		.byte	0x7
 793 013a 33       		.byte	0x33
 794 013b 07       		.byte	0x7
 795 013c 47       		.byte	0x47
 796 013d 07       		.byte	0x7
 797 013e 5C       		.byte	0x5c
 798 013f 07       		.byte	0x7
ARM GAS  /tmp/ccywky2k.s 			page 15


 799 0140 71       		.byte	0x71
 800 0141 07       		.byte	0x7
 801 0142 85       		.byte	0x85
 802 0143 07       		.byte	0x7
 803 0144 9A       		.byte	0x9a
 804 0145 07       		.byte	0x7
 805 0146 AF       		.byte	0xaf
 806 0147 07       		.byte	0x7
 807 0148 C4       		.byte	0xc4
 808 0149 07       		.byte	0x7
 809 014a D8       		.byte	0xd8
 810 014b 07       		.byte	0x7
 811 014c ED       		.byte	0xed
 812 014d 07       		.byte	0x7
 813 014e 02       		.byte	0x2
 814 014f 08       		.byte	0x8
 815 0150 17       		.byte	0x17
 816 0151 08       		.byte	0x8
 817 0152 2B       		.byte	0x2b
 818 0153 08       		.byte	0x8
 819 0154 40       		.byte	0x40
 820 0155 08       		.byte	0x8
 821 0156 55       		.byte	0x55
 822 0157 08       		.byte	0x8
 823 0158 6A       		.byte	0x6a
 824 0159 08       		.byte	0x8
 825 015a 7F       		.byte	0x7f
 826 015b 08       		.byte	0x8
 827 015c 93       		.byte	0x93
 828 015d 08       		.byte	0x8
 829 015e A8       		.byte	0xa8
 830 015f 08       		.byte	0x8
 831 0160 BD       		.byte	0xbd
 832 0161 08       		.byte	0x8
 833 0162 D2       		.byte	0xd2
 834 0163 08       		.byte	0x8
 835 0164 E7       		.byte	0xe7
 836 0165 08       		.byte	0x8
 837 0166 FC       		.byte	0xfc
 838 0167 08       		.byte	0x8
 839 0168 11       		.byte	0x11
 840 0169 09       		.byte	0x9
 841 016a 26       		.byte	0x26
 842 016b 09       		.byte	0x9
 843 016c 3A       		.byte	0x3a
 844 016d 09       		.byte	0x9
 845 016e 4F       		.byte	0x4f
 846 016f 09       		.byte	0x9
 847 0170 64       		.byte	0x64
 848 0171 09       		.byte	0x9
 849 0172 79       		.byte	0x79
 850 0173 09       		.byte	0x9
 851 0174 8E       		.byte	0x8e
 852 0175 09       		.byte	0x9
 853 0176 A3       		.byte	0xa3
 854 0177 09       		.byte	0x9
 855 0178 B8       		.byte	0xb8
ARM GAS  /tmp/ccywky2k.s 			page 16


 856 0179 09       		.byte	0x9
 857 017a CD       		.byte	0xcd
 858 017b 09       		.byte	0x9
 859 017c E2       		.byte	0xe2
 860 017d 09       		.byte	0x9
 861 017e F7       		.byte	0xf7
 862 017f 09       		.byte	0x9
 863 0180 0C       		.byte	0xc
 864 0181 0A       		.byte	0xa
 865 0182 21       		.byte	0x21
 866 0183 0A       		.byte	0xa
 867 0184 36       		.byte	0x36
 868 0185 0A       		.byte	0xa
 869 0186 4B       		.byte	0x4b
 870 0187 0A       		.byte	0xa
 871 0188 60       		.byte	0x60
 872 0189 0A       		.byte	0xa
 873 018a 75       		.byte	0x75
 874 018b 0A       		.byte	0xa
 875 018c 8A       		.byte	0x8a
 876 018d 0A       		.byte	0xa
 877 018e 9F       		.byte	0x9f
 878 018f 0A       		.byte	0xa
 879 0190 B4       		.byte	0xb4
 880 0191 0A       		.byte	0xa
 881 0192 C9       		.byte	0xc9
 882 0193 0A       		.byte	0xa
 883 0194 DF       		.byte	0xdf
 884 0195 0A       		.byte	0xa
 885 0196 F4       		.byte	0xf4
 886 0197 0A       		.byte	0xa
 887 0198 09       		.byte	0x9
 888 0199 0B       		.byte	0xb
 889 019a 1E       		.byte	0x1e
 890 019b 0B       		.byte	0xb
 891 019c 33       		.byte	0x33
 892 019d 0B       		.byte	0xb
 893 019e 48       		.byte	0x48
 894 019f 0B       		.byte	0xb
 895 01a0 5E       		.byte	0x5e
 896 01a1 0B       		.byte	0xb
 897 01a2 73       		.byte	0x73
 898 01a3 0B       		.byte	0xb
 899 01a4 88       		.byte	0x88
 900 01a5 0B       		.byte	0xb
 901 01a6 9D       		.byte	0x9d
 902 01a7 0B       		.byte	0xb
 903 01a8 B2       		.byte	0xb2
 904 01a9 0B       		.byte	0xb
 905 01aa C8       		.byte	0xc8
 906 01ab 0B       		.byte	0xb
 907 01ac DD       		.byte	0xdd
 908 01ad 0B       		.byte	0xb
 909 01ae F2       		.byte	0xf2
 910 01af 0B       		.byte	0xb
 911 01b0 07       		.byte	0x7
 912 01b1 0C       		.byte	0xc
ARM GAS  /tmp/ccywky2k.s 			page 17


 913 01b2 1D       		.byte	0x1d
 914 01b3 0C       		.byte	0xc
 915 01b4 32       		.byte	0x32
 916 01b5 0C       		.byte	0xc
 917 01b6 47       		.byte	0x47
 918 01b7 0C       		.byte	0xc
 919 01b8 5D       		.byte	0x5d
 920 01b9 0C       		.byte	0xc
 921 01ba 72       		.byte	0x72
 922 01bb 0C       		.byte	0xc
 923 01bc 87       		.byte	0x87
 924 01bd 0C       		.byte	0xc
 925 01be 9D       		.byte	0x9d
 926 01bf 0C       		.byte	0xc
 927 01c0 B2       		.byte	0xb2
 928 01c1 0C       		.byte	0xc
 929 01c2 C8       		.byte	0xc8
 930 01c3 0C       		.byte	0xc
 931 01c4 DD       		.byte	0xdd
 932 01c5 0C       		.byte	0xc
 933 01c6 F3       		.byte	0xf3
 934 01c7 0C       		.byte	0xc
 935 01c8 08       		.byte	0x8
 936 01c9 0D       		.byte	0xd
 937 01ca 1D       		.byte	0x1d
 938 01cb 0D       		.byte	0xd
 939 01cc 33       		.byte	0x33
 940 01cd 0D       		.byte	0xd
 941 01ce 48       		.byte	0x48
 942 01cf 0D       		.byte	0xd
 943 01d0 5E       		.byte	0x5e
 944 01d1 0D       		.byte	0xd
 945 01d2 73       		.byte	0x73
 946 01d3 0D       		.byte	0xd
 947 01d4 89       		.byte	0x89
 948 01d5 0D       		.byte	0xd
 949 01d6 9F       		.byte	0x9f
 950 01d7 0D       		.byte	0xd
 951 01d8 B4       		.byte	0xb4
 952 01d9 0D       		.byte	0xd
 953 01da CA       		.byte	0xca
 954 01db 0D       		.byte	0xd
 955 01dc DF       		.byte	0xdf
 956 01dd 0D       		.byte	0xd
 957 01de F5       		.byte	0xf5
 958 01df 0D       		.byte	0xd
 959 01e0 0B       		.byte	0xb
 960 01e1 0E       		.byte	0xe
 961 01e2 20       		.byte	0x20
 962 01e3 0E       		.byte	0xe
 963 01e4 36       		.byte	0x36
 964 01e5 0E       		.byte	0xe
 965 01e6 4C       		.byte	0x4c
 966 01e7 0E       		.byte	0xe
 967 01e8 61       		.byte	0x61
 968 01e9 0E       		.byte	0xe
 969 01ea 77       		.byte	0x77
ARM GAS  /tmp/ccywky2k.s 			page 18


 970 01eb 0E       		.byte	0xe
 971 01ec 8D       		.byte	0x8d
 972 01ed 0E       		.byte	0xe
 973 01ee A3       		.byte	0xa3
 974 01ef 0E       		.byte	0xe
 975 01f0 B8       		.byte	0xb8
 976 01f1 0E       		.byte	0xe
 977 01f2 CE       		.byte	0xce
 978 01f3 0E       		.byte	0xe
 979 01f4 E4       		.byte	0xe4
 980 01f5 0E       		.byte	0xe
 981 01f6 FA       		.byte	0xfa
 982 01f7 0E       		.byte	0xe
 983 01f8 10       		.byte	0x10
 984 01f9 0F       		.byte	0xf
 985 01fa 25       		.byte	0x25
 986 01fb 0F       		.byte	0xf
 987 01fc 3B       		.byte	0x3b
 988 01fd 0F       		.byte	0xf
 989 01fe 51       		.byte	0x51
 990 01ff 0F       		.byte	0xf
 991 0200 67       		.byte	0x67
 992 0201 0F       		.byte	0xf
 993 0202 7D       		.byte	0x7d
 994 0203 0F       		.byte	0xf
 995 0204 93       		.byte	0x93
 996 0205 0F       		.byte	0xf
 997 0206 A9       		.byte	0xa9
 998 0207 0F       		.byte	0xf
 999 0208 BF       		.byte	0xbf
 1000 0209 0F       		.byte	0xf
 1001 020a D5       		.byte	0xd5
 1002 020b 0F       		.byte	0xf
 1003 020c EB       		.byte	0xeb
 1004 020d 0F       		.byte	0xf
 1005 020e 01       		.byte	0x1
 1006 020f 10       		.byte	0x10
 1007 0210 17       		.byte	0x17
 1008 0211 10       		.byte	0x10
 1009 0212 2D       		.byte	0x2d
 1010 0213 10       		.byte	0x10
 1011 0214 43       		.byte	0x43
 1012 0215 10       		.byte	0x10
 1013 0216 59       		.byte	0x59
 1014 0217 10       		.byte	0x10
 1015 0218 6F       		.byte	0x6f
 1016 0219 10       		.byte	0x10
 1017 021a 86       		.byte	0x86
 1018 021b 10       		.byte	0x10
 1019 021c 9C       		.byte	0x9c
 1020 021d 10       		.byte	0x10
 1021 021e B2       		.byte	0xb2
 1022 021f 10       		.byte	0x10
 1023 0220 C8       		.byte	0xc8
 1024 0221 10       		.byte	0x10
 1025 0222 DE       		.byte	0xde
 1026 0223 10       		.byte	0x10
ARM GAS  /tmp/ccywky2k.s 			page 19


 1027 0224 F5       		.byte	0xf5
 1028 0225 10       		.byte	0x10
 1029 0226 0B       		.byte	0xb
 1030 0227 11       		.byte	0x11
 1031 0228 21       		.byte	0x21
 1032 0229 11       		.byte	0x11
 1033 022a 38       		.byte	0x38
 1034 022b 11       		.byte	0x11
 1035 022c 4E       		.byte	0x4e
 1036 022d 11       		.byte	0x11
 1037 022e 64       		.byte	0x64
 1038 022f 11       		.byte	0x11
 1039 0230 7B       		.byte	0x7b
 1040 0231 11       		.byte	0x11
 1041 0232 91       		.byte	0x91
 1042 0233 11       		.byte	0x11
 1043 0234 A8       		.byte	0xa8
 1044 0235 11       		.byte	0x11
 1045 0236 BE       		.byte	0xbe
 1046 0237 11       		.byte	0x11
 1047 0238 D5       		.byte	0xd5
 1048 0239 11       		.byte	0x11
 1049 023a EB       		.byte	0xeb
 1050 023b 11       		.byte	0x11
 1051 023c 02       		.byte	0x2
 1052 023d 12       		.byte	0x12
 1053 023e 18       		.byte	0x18
 1054 023f 12       		.byte	0x12
 1055 0240 2F       		.byte	0x2f
 1056 0241 12       		.byte	0x12
 1057 0242 45       		.byte	0x45
 1058 0243 12       		.byte	0x12
 1059 0244 5C       		.byte	0x5c
 1060 0245 12       		.byte	0x12
 1061 0246 73       		.byte	0x73
 1062 0247 12       		.byte	0x12
 1063 0248 89       		.byte	0x89
 1064 0249 12       		.byte	0x12
 1065 024a A0       		.byte	0xa0
 1066 024b 12       		.byte	0x12
 1067 024c B7       		.byte	0xb7
 1068 024d 12       		.byte	0x12
 1069 024e CD       		.byte	0xcd
 1070 024f 12       		.byte	0x12
 1071 0250 E4       		.byte	0xe4
 1072 0251 12       		.byte	0x12
 1073 0252 FB       		.byte	0xfb
 1074 0253 12       		.byte	0x12
 1075 0254 12       		.byte	0x12
 1076 0255 13       		.byte	0x13
 1077 0256 29       		.byte	0x29
 1078 0257 13       		.byte	0x13
 1079 0258 3F       		.byte	0x3f
 1080 0259 13       		.byte	0x13
 1081 025a 56       		.byte	0x56
 1082 025b 13       		.byte	0x13
 1083 025c 6D       		.byte	0x6d
ARM GAS  /tmp/ccywky2k.s 			page 20


 1084 025d 13       		.byte	0x13
 1085 025e 84       		.byte	0x84
 1086 025f 13       		.byte	0x13
 1087 0260 9B       		.byte	0x9b
 1088 0261 13       		.byte	0x13
 1089 0262 B2       		.byte	0xb2
 1090 0263 13       		.byte	0x13
 1091 0264 C9       		.byte	0xc9
 1092 0265 13       		.byte	0x13
 1093 0266 E0       		.byte	0xe0
 1094 0267 13       		.byte	0x13
 1095 0268 F7       		.byte	0xf7
 1096 0269 13       		.byte	0x13
 1097 026a 0E       		.byte	0xe
 1098 026b 14       		.byte	0x14
 1099 026c 26       		.byte	0x26
 1100 026d 14       		.byte	0x14
 1101 026e 3D       		.byte	0x3d
 1102 026f 14       		.byte	0x14
 1103 0270 54       		.byte	0x54
 1104 0271 14       		.byte	0x14
 1105 0272 6B       		.byte	0x6b
 1106 0273 14       		.byte	0x14
 1107 0274 82       		.byte	0x82
 1108 0275 14       		.byte	0x14
 1109 0276 9A       		.byte	0x9a
 1110 0277 14       		.byte	0x14
 1111 0278 B1       		.byte	0xb1
 1112 0279 14       		.byte	0x14
 1113 027a C8       		.byte	0xc8
 1114 027b 14       		.byte	0x14
 1115 027c E0       		.byte	0xe0
 1116 027d 14       		.byte	0x14
 1117 027e F7       		.byte	0xf7
 1118 027f 14       		.byte	0x14
 1119 0280 0E       		.byte	0xe
 1120 0281 15       		.byte	0x15
 1121 0282 26       		.byte	0x26
 1122 0283 15       		.byte	0x15
 1123 0284 3D       		.byte	0x3d
 1124 0285 15       		.byte	0x15
 1125 0286 55       		.byte	0x55
 1126 0287 15       		.byte	0x15
 1127 0288 6C       		.byte	0x6c
 1128 0289 15       		.byte	0x15
 1129 028a 84       		.byte	0x84
 1130 028b 15       		.byte	0x15
 1131 028c 9C       		.byte	0x9c
 1132 028d 15       		.byte	0x15
 1133 028e B3       		.byte	0xb3
 1134 028f 15       		.byte	0x15
 1135 0290 CB       		.byte	0xcb
 1136 0291 15       		.byte	0x15
 1137 0292 E3       		.byte	0xe3
 1138 0293 15       		.byte	0x15
 1139 0294 FA       		.byte	0xfa
 1140 0295 15       		.byte	0x15
ARM GAS  /tmp/ccywky2k.s 			page 21


 1141 0296 12       		.byte	0x12
 1142 0297 16       		.byte	0x16
 1143 0298 2A       		.byte	0x2a
 1144 0299 16       		.byte	0x16
 1145 029a 42       		.byte	0x42
 1146 029b 16       		.byte	0x16
 1147 029c 59       		.byte	0x59
 1148 029d 16       		.byte	0x16
 1149 029e 71       		.byte	0x71
 1150 029f 16       		.byte	0x16
 1151 02a0 89       		.byte	0x89
 1152 02a1 16       		.byte	0x16
 1153 02a2 A1       		.byte	0xa1
 1154 02a3 16       		.byte	0x16
 1155 02a4 B9       		.byte	0xb9
 1156 02a5 16       		.byte	0x16
 1157 02a6 D1       		.byte	0xd1
 1158 02a7 16       		.byte	0x16
 1159 02a8 E9       		.byte	0xe9
 1160 02a9 16       		.byte	0x16
 1161 02aa 01       		.byte	0x1
 1162 02ab 17       		.byte	0x17
 1163 02ac 1A       		.byte	0x1a
 1164 02ad 17       		.byte	0x17
 1165 02ae 32       		.byte	0x32
 1166 02af 17       		.byte	0x17
 1167 02b0 4A       		.byte	0x4a
 1168 02b1 17       		.byte	0x17
 1169 02b2 62       		.byte	0x62
 1170 02b3 17       		.byte	0x17
 1171 02b4 7A       		.byte	0x7a
 1172 02b5 17       		.byte	0x17
 1173 02b6 93       		.byte	0x93
 1174 02b7 17       		.byte	0x17
 1175 02b8 AB       		.byte	0xab
 1176 02b9 17       		.byte	0x17
 1177 02ba C4       		.byte	0xc4
 1178 02bb 17       		.byte	0x17
 1179 02bc DC       		.byte	0xdc
 1180 02bd 17       		.byte	0x17
 1181 02be F4       		.byte	0xf4
 1182 02bf 17       		.byte	0x17
 1183 02c0 0D       		.byte	0xd
 1184 02c1 18       		.byte	0x18
 1185 02c2 25       		.byte	0x25
 1186 02c3 18       		.byte	0x18
 1187 02c4 3E       		.byte	0x3e
 1188 02c5 18       		.byte	0x18
 1189 02c6 57       		.byte	0x57
 1190 02c7 18       		.byte	0x18
 1191 02c8 6F       		.byte	0x6f
 1192 02c9 18       		.byte	0x18
 1193 02ca 88       		.byte	0x88
 1194 02cb 18       		.byte	0x18
 1195 02cc A1       		.byte	0xa1
 1196 02cd 18       		.byte	0x18
 1197 02ce BA       		.byte	0xba
ARM GAS  /tmp/ccywky2k.s 			page 22


 1198 02cf 18       		.byte	0x18
 1199 02d0 D2       		.byte	0xd2
 1200 02d1 18       		.byte	0x18
 1201 02d2 EB       		.byte	0xeb
 1202 02d3 18       		.byte	0x18
 1203 02d4 04       		.byte	0x4
 1204 02d5 19       		.byte	0x19
 1205 02d6 1D       		.byte	0x1d
 1206 02d7 19       		.byte	0x19
 1207 02d8 36       		.byte	0x36
 1208 02d9 19       		.byte	0x19
 1209 02da 4F       		.byte	0x4f
 1210 02db 19       		.byte	0x19
 1211 02dc 68       		.byte	0x68
 1212 02dd 19       		.byte	0x19
 1213 02de 81       		.byte	0x81
 1214 02df 19       		.byte	0x19
 1215 02e0 9A       		.byte	0x9a
 1216 02e1 19       		.byte	0x19
 1217 02e2 B4       		.byte	0xb4
 1218 02e3 19       		.byte	0x19
 1219 02e4 CD       		.byte	0xcd
 1220 02e5 19       		.byte	0x19
 1221 02e6 E6       		.byte	0xe6
 1222 02e7 19       		.byte	0x19
 1223 02e8 00       		.byte	0
 1224 02e9 1A       		.byte	0x1a
 1225 02ea 19       		.byte	0x19
 1226 02eb 1A       		.byte	0x1a
 1227 02ec 32       		.byte	0x32
 1228 02ed 1A       		.byte	0x1a
 1229 02ee 4C       		.byte	0x4c
 1230 02ef 1A       		.byte	0x1a
 1231 02f0 65       		.byte	0x65
 1232 02f1 1A       		.byte	0x1a
 1233 02f2 7F       		.byte	0x7f
 1234 02f3 1A       		.byte	0x1a
 1235 02f4 99       		.byte	0x99
 1236 02f5 1A       		.byte	0x1a
 1237 02f6 B2       		.byte	0xb2
 1238 02f7 1A       		.byte	0x1a
 1239 02f8 CC       		.byte	0xcc
 1240 02f9 1A       		.byte	0x1a
 1241 02fa E6       		.byte	0xe6
 1242 02fb 1A       		.byte	0x1a
 1243 02fc 00       		.byte	0
 1244 02fd 1B       		.byte	0x1b
 1245 02fe 19       		.byte	0x19
 1246 02ff 1B       		.byte	0x1b
 1247 0300 33       		.byte	0x33
 1248 0301 1B       		.byte	0x1b
 1249 0302 4D       		.byte	0x4d
 1250 0303 1B       		.byte	0x1b
 1251 0304 67       		.byte	0x67
 1252 0305 1B       		.byte	0x1b
 1253 0306 81       		.byte	0x81
 1254 0307 1B       		.byte	0x1b
ARM GAS  /tmp/ccywky2k.s 			page 23


 1255 0308 9C       		.byte	0x9c
 1256 0309 1B       		.byte	0x1b
 1257 030a B6       		.byte	0xb6
 1258 030b 1B       		.byte	0x1b
 1259 030c D0       		.byte	0xd0
 1260 030d 1B       		.byte	0x1b
 1261 030e EA       		.byte	0xea
 1262 030f 1B       		.byte	0x1b
 1263 0310 05       		.byte	0x5
 1264 0311 1C       		.byte	0x1c
 1265 0312 1F       		.byte	0x1f
 1266 0313 1C       		.byte	0x1c
 1267 0314 39       		.byte	0x39
 1268 0315 1C       		.byte	0x1c
 1269 0316 54       		.byte	0x54
 1270 0317 1C       		.byte	0x1c
 1271 0318 6E       		.byte	0x6e
 1272 0319 1C       		.byte	0x1c
 1273 031a 89       		.byte	0x89
 1274 031b 1C       		.byte	0x1c
 1275 031c A4       		.byte	0xa4
 1276 031d 1C       		.byte	0x1c
 1277 031e BE       		.byte	0xbe
 1278 031f 1C       		.byte	0x1c
 1279 0320 D9       		.byte	0xd9
 1280 0321 1C       		.byte	0x1c
 1281 0322 F4       		.byte	0xf4
 1282 0323 1C       		.byte	0x1c
 1283 0324 0F       		.byte	0xf
 1284 0325 1D       		.byte	0x1d
 1285 0326 2A       		.byte	0x2a
 1286 0327 1D       		.byte	0x1d
 1287 0328 45       		.byte	0x45
 1288 0329 1D       		.byte	0x1d
 1289 032a 60       		.byte	0x60
 1290 032b 1D       		.byte	0x1d
 1291 032c 7B       		.byte	0x7b
 1292 032d 1D       		.byte	0x1d
 1293 032e 96       		.byte	0x96
 1294 032f 1D       		.byte	0x1d
 1295 0330 B2       		.byte	0xb2
 1296 0331 1D       		.byte	0x1d
 1297 0332 CD       		.byte	0xcd
 1298 0333 1D       		.byte	0x1d
 1299 0334 E8       		.byte	0xe8
 1300 0335 1D       		.byte	0x1d
 1301 0336 04       		.byte	0x4
 1302 0337 1E       		.byte	0x1e
 1303 0338 1F       		.byte	0x1f
 1304 0339 1E       		.byte	0x1e
 1305 033a 3B       		.byte	0x3b
 1306 033b 1E       		.byte	0x1e
 1307 033c 57       		.byte	0x57
 1308 033d 1E       		.byte	0x1e
 1309 033e 73       		.byte	0x73
 1310 033f 1E       		.byte	0x1e
 1311 0340 8E       		.byte	0x8e
ARM GAS  /tmp/ccywky2k.s 			page 24


 1312 0341 1E       		.byte	0x1e
 1313 0342 AA       		.byte	0xaa
 1314 0343 1E       		.byte	0x1e
 1315 0344 C6       		.byte	0xc6
 1316 0345 1E       		.byte	0x1e
 1317 0346 E2       		.byte	0xe2
 1318 0347 1E       		.byte	0x1e
 1319 0348 FE       		.byte	0xfe
 1320 0349 1E       		.byte	0x1e
 1321 034a 1A       		.byte	0x1a
 1322 034b 1F       		.byte	0x1f
 1323 034c 37       		.byte	0x37
 1324 034d 1F       		.byte	0x1f
 1325 034e 53       		.byte	0x53
 1326 034f 1F       		.byte	0x1f
 1327 0350 6F       		.byte	0x6f
 1328 0351 1F       		.byte	0x1f
 1329 0352 8C       		.byte	0x8c
 1330 0353 1F       		.byte	0x1f
 1331 0354 A8       		.byte	0xa8
 1332 0355 1F       		.byte	0x1f
 1333 0356 C5       		.byte	0xc5
 1334 0357 1F       		.byte	0x1f
 1335 0358 E2       		.byte	0xe2
 1336 0359 1F       		.byte	0x1f
 1337 035a FE       		.byte	0xfe
 1338 035b 1F       		.byte	0x1f
 1339 035c 1B       		.byte	0x1b
 1340 035d 20       		.byte	0x20
 1341 035e 38       		.byte	0x38
 1342 035f 20       		.byte	0x20
 1343 0360 55       		.byte	0x55
 1344 0361 20       		.byte	0x20
 1345 0362 72       		.byte	0x72
 1346 0363 20       		.byte	0x20
 1347 0364 8F       		.byte	0x8f
 1348 0365 20       		.byte	0x20
 1349 0366 AD       		.byte	0xad
 1350 0367 20       		.byte	0x20
 1351 0368 CA       		.byte	0xca
 1352 0369 20       		.byte	0x20
 1353 036a E7       		.byte	0xe7
 1354 036b 20       		.byte	0x20
 1355 036c 05       		.byte	0x5
 1356 036d 21       		.byte	0x21
 1357 036e 23       		.byte	0x23
 1358 036f 21       		.byte	0x21
 1359 0370 40       		.byte	0x40
 1360 0371 21       		.byte	0x21
 1361 0372 5E       		.byte	0x5e
 1362 0373 21       		.byte	0x21
 1363 0374 7C       		.byte	0x7c
 1364 0375 21       		.byte	0x21
 1365 0376 9A       		.byte	0x9a
 1366 0377 21       		.byte	0x21
 1367 0378 B8       		.byte	0xb8
 1368 0379 21       		.byte	0x21
ARM GAS  /tmp/ccywky2k.s 			page 25


 1369 037a D6       		.byte	0xd6
 1370 037b 21       		.byte	0x21
 1371 037c F4       		.byte	0xf4
 1372 037d 21       		.byte	0x21
 1373 037e 13       		.byte	0x13
 1374 037f 22       		.byte	0x22
 1375 0380 31       		.byte	0x31
 1376 0381 22       		.byte	0x22
 1377 0382 50       		.byte	0x50
 1378 0383 22       		.byte	0x22
 1379 0384 6E       		.byte	0x6e
 1380 0385 22       		.byte	0x22
 1381 0386 8D       		.byte	0x8d
 1382 0387 22       		.byte	0x22
 1383 0388 AC       		.byte	0xac
 1384 0389 22       		.byte	0x22
 1385 038a CB       		.byte	0xcb
 1386 038b 22       		.byte	0x22
 1387 038c EA       		.byte	0xea
 1388 038d 22       		.byte	0x22
 1389 038e 09       		.byte	0x9
 1390 038f 23       		.byte	0x23
 1391 0390 28       		.byte	0x28
 1392 0391 23       		.byte	0x23
 1393 0392 48       		.byte	0x48
 1394 0393 23       		.byte	0x23
 1395 0394 67       		.byte	0x67
 1396 0395 23       		.byte	0x23
 1397 0396 87       		.byte	0x87
 1398 0397 23       		.byte	0x23
 1399 0398 A7       		.byte	0xa7
 1400 0399 23       		.byte	0x23
 1401 039a C6       		.byte	0xc6
 1402 039b 23       		.byte	0x23
 1403 039c E6       		.byte	0xe6
 1404 039d 23       		.byte	0x23
 1405 039e 07       		.byte	0x7
 1406 039f 24       		.byte	0x24
 1407 03a0 27       		.byte	0x27
 1408 03a1 24       		.byte	0x24
 1409 03a2 47       		.byte	0x47
 1410 03a3 24       		.byte	0x24
 1411 03a4 67       		.byte	0x67
 1412 03a5 24       		.byte	0x24
 1413 03a6 88       		.byte	0x88
 1414 03a7 24       		.byte	0x24
 1415 03a8 A9       		.byte	0xa9
 1416 03a9 24       		.byte	0x24
 1417 03aa CA       		.byte	0xca
 1418 03ab 24       		.byte	0x24
 1419 03ac EB       		.byte	0xeb
 1420 03ad 24       		.byte	0x24
 1421 03ae 0C       		.byte	0xc
 1422 03af 25       		.byte	0x25
 1423 03b0 2D       		.byte	0x2d
 1424 03b1 25       		.byte	0x25
 1425 03b2 4E       		.byte	0x4e
ARM GAS  /tmp/ccywky2k.s 			page 26


 1426 03b3 25       		.byte	0x25
 1427 03b4 70       		.byte	0x70
 1428 03b5 25       		.byte	0x25
 1429 03b6 91       		.byte	0x91
 1430 03b7 25       		.byte	0x25
 1431 03b8 B3       		.byte	0xb3
 1432 03b9 25       		.byte	0x25
 1433 03ba D5       		.byte	0xd5
 1434 03bb 25       		.byte	0x25
 1435 03bc F7       		.byte	0xf7
 1436 03bd 25       		.byte	0x25
 1437 03be 19       		.byte	0x19
 1438 03bf 26       		.byte	0x26
 1439 03c0 3C       		.byte	0x3c
 1440 03c1 26       		.byte	0x26
 1441 03c2 5E       		.byte	0x5e
 1442 03c3 26       		.byte	0x26
 1443 03c4 81       		.byte	0x81
 1444 03c5 26       		.byte	0x26
 1445 03c6 A4       		.byte	0xa4
 1446 03c7 26       		.byte	0x26
 1447 03c8 C7       		.byte	0xc7
 1448 03c9 26       		.byte	0x26
 1449 03ca EA       		.byte	0xea
 1450 03cb 26       		.byte	0x26
 1451 03cc 0E       		.byte	0xe
 1452 03cd 27       		.byte	0x27
 1453 03ce 31       		.byte	0x31
 1454 03cf 27       		.byte	0x27
 1455 03d0 55       		.byte	0x55
 1456 03d1 27       		.byte	0x27
 1457 03d2 79       		.byte	0x79
 1458 03d3 27       		.byte	0x27
 1459 03d4 9D       		.byte	0x9d
 1460 03d5 27       		.byte	0x27
 1461 03d6 C1       		.byte	0xc1
 1462 03d7 27       		.byte	0x27
 1463 03d8 E5       		.byte	0xe5
 1464 03d9 27       		.byte	0x27
 1465 03da 0A       		.byte	0xa
 1466 03db 28       		.byte	0x28
 1467 03dc 2F       		.byte	0x2f
 1468 03dd 28       		.byte	0x28
 1469 03de 54       		.byte	0x54
 1470 03df 28       		.byte	0x28
 1471 03e0 79       		.byte	0x79
 1472 03e1 28       		.byte	0x28
 1473 03e2 9F       		.byte	0x9f
 1474 03e3 28       		.byte	0x28
 1475 03e4 C4       		.byte	0xc4
 1476 03e5 28       		.byte	0x28
 1477 03e6 EA       		.byte	0xea
 1478 03e7 28       		.byte	0x28
 1479 03e8 10       		.byte	0x10
 1480 03e9 29       		.byte	0x29
 1481 03ea 36       		.byte	0x36
 1482 03eb 29       		.byte	0x29
ARM GAS  /tmp/ccywky2k.s 			page 27


 1483 03ec 5D       		.byte	0x5d
 1484 03ed 29       		.byte	0x29
 1485 03ee 84       		.byte	0x84
 1486 03ef 29       		.byte	0x29
 1487 03f0 AB       		.byte	0xab
 1488 03f1 29       		.byte	0x29
 1489 03f2 D2       		.byte	0xd2
 1490 03f3 29       		.byte	0x29
 1491 03f4 F9       		.byte	0xf9
 1492 03f5 29       		.byte	0x29
 1493 03f6 21       		.byte	0x21
 1494 03f7 2A       		.byte	0x2a
 1495 03f8 49       		.byte	0x49
 1496 03f9 2A       		.byte	0x2a
 1497 03fa 71       		.byte	0x71
 1498 03fb 2A       		.byte	0x2a
 1499 03fc 9A       		.byte	0x9a
 1500 03fd 2A       		.byte	0x2a
 1501 03fe C2       		.byte	0xc2
 1502 03ff 2A       		.byte	0x2a
 1503 0400 EC       		.byte	0xec
 1504 0401 2A       		.byte	0x2a
 1505 0402 15       		.byte	0x15
 1506 0403 2B       		.byte	0x2b
 1507 0404 3E       		.byte	0x3e
 1508 0405 2B       		.byte	0x2b
 1509 0406 68       		.byte	0x68
 1510 0407 2B       		.byte	0x2b
 1511 0408 93       		.byte	0x93
 1512 0409 2B       		.byte	0x2b
 1513 040a BD       		.byte	0xbd
 1514 040b 2B       		.byte	0x2b
 1515 040c E8       		.byte	0xe8
 1516 040d 2B       		.byte	0x2b
 1517 040e 13       		.byte	0x13
 1518 040f 2C       		.byte	0x2c
 1519 0410 3F       		.byte	0x3f
 1520 0411 2C       		.byte	0x2c
 1521 0412 6B       		.byte	0x6b
 1522 0413 2C       		.byte	0x2c
 1523 0414 97       		.byte	0x97
 1524 0415 2C       		.byte	0x2c
 1525 0416 C4       		.byte	0xc4
 1526 0417 2C       		.byte	0x2c
 1527 0418 F1       		.byte	0xf1
 1528 0419 2C       		.byte	0x2c
 1529 041a 1E       		.byte	0x1e
 1530 041b 2D       		.byte	0x2d
 1531 041c 4C       		.byte	0x4c
 1532 041d 2D       		.byte	0x2d
 1533 041e 7A       		.byte	0x7a
 1534 041f 2D       		.byte	0x2d
 1535 0420 A8       		.byte	0xa8
 1536 0421 2D       		.byte	0x2d
 1537 0422 D8       		.byte	0xd8
 1538 0423 2D       		.byte	0x2d
 1539 0424 07       		.byte	0x7
ARM GAS  /tmp/ccywky2k.s 			page 28


 1540 0425 2E       		.byte	0x2e
 1541 0426 37       		.byte	0x37
 1542 0427 2E       		.byte	0x2e
 1543 0428 67       		.byte	0x67
 1544 0429 2E       		.byte	0x2e
 1545 042a 98       		.byte	0x98
 1546 042b 2E       		.byte	0x2e
 1547 042c CA       		.byte	0xca
 1548 042d 2E       		.byte	0x2e
 1549 042e FC       		.byte	0xfc
 1550 042f 2E       		.byte	0x2e
 1551 0430 2E       		.byte	0x2e
 1552 0431 2F       		.byte	0x2f
 1553 0432 61       		.byte	0x61
 1554 0433 2F       		.byte	0x2f
 1555 0434 95       		.byte	0x95
 1556 0435 2F       		.byte	0x2f
 1557 0436 C9       		.byte	0xc9
 1558 0437 2F       		.byte	0x2f
 1559 0438 FE       		.byte	0xfe
 1560 0439 2F       		.byte	0x2f
 1561 043a 34       		.byte	0x34
 1562 043b 30       		.byte	0x30
 1563 043c 6A       		.byte	0x6a
 1564 043d 30       		.byte	0x30
 1565 043e A1       		.byte	0xa1
 1566 043f 30       		.byte	0x30
 1567 0440 D9       		.byte	0xd9
 1568 0441 30       		.byte	0x30
 1569 0442 11       		.byte	0x11
 1570 0443 31       		.byte	0x31
 1571 0444 4A       		.byte	0x4a
 1572 0445 31       		.byte	0x31
 1573 0446 84       		.byte	0x84
 1574 0447 31       		.byte	0x31
 1575 0448 BF       		.byte	0xbf
 1576 0449 31       		.byte	0x31
 1577 044a FB       		.byte	0xfb
 1578 044b 31       		.byte	0x31
 1579 044c 38       		.byte	0x38
 1580 044d 32       		.byte	0x32
 1581 044e 76       		.byte	0x76
 1582 044f 32       		.byte	0x32
 1583 0450 B5       		.byte	0xb5
 1584 0451 32       		.byte	0x32
 1585 0452 F5       		.byte	0xf5
 1586 0453 32       		.byte	0x32
 1587 0454 37       		.byte	0x37
 1588 0455 33       		.byte	0x33
 1589 0456 79       		.byte	0x79
 1590 0457 33       		.byte	0x33
 1591 0458 BD       		.byte	0xbd
 1592 0459 33       		.byte	0x33
 1593 045a 03       		.byte	0x3
 1594 045b 34       		.byte	0x34
 1595 045c 4A       		.byte	0x4a
 1596 045d 34       		.byte	0x34
ARM GAS  /tmp/ccywky2k.s 			page 29


 1597 045e 93       		.byte	0x93
 1598 045f 34       		.byte	0x34
 1599 0460 DD       		.byte	0xdd
 1600 0461 34       		.byte	0x34
 1601 0462 2A       		.byte	0x2a
 1602 0463 35       		.byte	0x35
 1603 0464 78       		.byte	0x78
 1604 0465 35       		.byte	0x35
 1605 0466 C9       		.byte	0xc9
 1606 0467 35       		.byte	0x35
 1607 0468 1D       		.byte	0x1d
 1608 0469 36       		.byte	0x36
 1609 046a 73       		.byte	0x73
 1610 046b 36       		.byte	0x36
 1611 046c CC       		.byte	0xcc
 1612 046d 36       		.byte	0x36
 1613 046e 29       		.byte	0x29
 1614 046f 37       		.byte	0x37
 1615 0470 8A       		.byte	0x8a
 1616 0471 37       		.byte	0x37
 1617 0472 EF       		.byte	0xef
 1618 0473 37       		.byte	0x37
 1619 0474 59       		.byte	0x59
 1620 0475 38       		.byte	0x38
 1621 0476 C9       		.byte	0xc9
 1622 0477 38       		.byte	0x38
 1623 0478 41       		.byte	0x41
 1624 0479 39       		.byte	0x39
 1625 047a C1       		.byte	0xc1
 1626 047b 39       		.byte	0x39
 1627 047c 4D       		.byte	0x4d
 1628 047d 3A       		.byte	0x3a
 1629 047e E7       		.byte	0xe7
 1630 047f 3A       		.byte	0x3a
 1631 0480 96       		.byte	0x96
 1632 0481 3B       		.byte	0x3b
 1633 0482 65       		.byte	0x65
 1634 0483 3C       		.byte	0x3c
 1635 0484 73       		.byte	0x73
 1636 0485 3D       		.byte	0x3d
 1637 0486 FF       		.byte	0xff
 1638 0487 3F       		.byte	0x3f
 1639 0488 00       		.byte	0
 1640 0489 02       		.uleb128 0x2
 1641 048a 04       		.byte	0x4
 1642 048b 07       		.byte	0x7
 1643 048c 97020000 		.4byte	.LASF9
 1644 0490 07       		.uleb128 0x7
 1645 0491 73746400 		.ascii	"std\000"
 1646 0495 04       		.byte	0x4
 1647 0496 00       		.byte	0
 1648 0497 07050000 		.4byte	0x507
 1649 049b 08       		.uleb128 0x8
 1650 049c 31020000 		.4byte	.LASF11
 1651 04a0 01       		.byte	0x1
 1652 04a1 01       		.byte	0x1
 1653 04a2 88       		.byte	0x88
ARM GAS  /tmp/ccywky2k.s 			page 30


 1654 04a3 C0040000 		.4byte	0x4c0
 1655 04a7 09       		.uleb128 0x9
 1656 04a8 01       		.byte	0x1
 1657 04a9 01       		.byte	0x1
 1658 04aa 8A       		.byte	0x8a
 1659 04ab B6040000 		.4byte	0x4b6
 1660 04af 0A       		.uleb128 0xa
 1661 04b0 CA010000 		.4byte	.LASF13
 1662 04b4 00       		.sleb128 0
 1663 04b5 00       		.byte	0
 1664 04b6 0B       		.uleb128 0xb
 1665 04b7 5F547000 		.ascii	"_Tp\000"
 1666 04bb 0E050000 		.4byte	0x50e
 1667 04bf 00       		.byte	0
 1668 04c0 08       		.uleb128 0x8
 1669 04c1 30000000 		.4byte	.LASF12
 1670 04c5 01       		.byte	0x1
 1671 04c6 01       		.byte	0x1
 1672 04c7 88       		.byte	0x88
 1673 04c8 E5040000 		.4byte	0x4e5
 1674 04cc 09       		.uleb128 0x9
 1675 04cd 01       		.byte	0x1
 1676 04ce 01       		.byte	0x1
 1677 04cf 8A       		.byte	0x8a
 1678 04d0 DB040000 		.4byte	0x4db
 1679 04d4 0A       		.uleb128 0xa
 1680 04d5 CA010000 		.4byte	.LASF13
 1681 04d9 00       		.sleb128 0
 1682 04da 00       		.byte	0
 1683 04db 0B       		.uleb128 0xb
 1684 04dc 5F547000 		.ascii	"_Tp\000"
 1685 04e0 15050000 		.4byte	0x515
 1686 04e4 00       		.byte	0
 1687 04e5 0C       		.uleb128 0xc
 1688 04e6 73000000 		.4byte	.LASF25
 1689 04ea 01       		.byte	0x1
 1690 04eb 01       		.byte	0x1
 1691 04ec 88       		.byte	0x88
 1692 04ed 09       		.uleb128 0x9
 1693 04ee 01       		.byte	0x1
 1694 04ef 01       		.byte	0x1
 1695 04f0 8A       		.byte	0x8a
 1696 04f1 FC040000 		.4byte	0x4fc
 1697 04f5 0A       		.uleb128 0xa
 1698 04f6 CA010000 		.4byte	.LASF13
 1699 04fa 00       		.sleb128 0
 1700 04fb 00       		.byte	0
 1701 04fc 0B       		.uleb128 0xb
 1702 04fd 5F547000 		.ascii	"_Tp\000"
 1703 0501 1C050000 		.4byte	0x51c
 1704 0505 00       		.byte	0
 1705 0506 00       		.byte	0
 1706 0507 04       		.uleb128 0x4
 1707 0508 1B020000 		.4byte	.LASF15
 1708 050c 01       		.byte	0x1
 1709 050d 45       		.byte	0x45
 1710 050e 02       		.uleb128 0x2
ARM GAS  /tmp/ccywky2k.s 			page 31


 1711 050f 08       		.byte	0x8
 1712 0510 04       		.byte	0x4
 1713 0511 25020000 		.4byte	.LASF16
 1714 0515 02       		.uleb128 0x2
 1715 0516 08       		.byte	0x8
 1716 0517 04       		.byte	0x4
 1717 0518 C3010000 		.4byte	.LASF17
 1718 051c 02       		.uleb128 0x2
 1719 051d 04       		.byte	0x4
 1720 051e 04       		.byte	0x4
 1721 051f 6D000000 		.4byte	.LASF18
 1722 0523 02       		.uleb128 0x2
 1723 0524 01       		.byte	0x1
 1724 0525 08       		.byte	0x8
 1725 0526 9E000000 		.4byte	.LASF19
 1726 052a 0D       		.uleb128 0xd
 1727 052b 32000000 		.4byte	0x32
 1728 052f 3B050000 		.4byte	0x53b
 1729 0533 0E       		.uleb128 0xe
 1730 0534 89040000 		.4byte	0x489
 1731 0538 0002     		.2byte	0x200
 1732 053a 00       		.byte	0
 1733 053b 0F       		.uleb128 0xf
 1734 053c 2A050000 		.4byte	0x52a
 1735 0540 10       		.uleb128 0x10
 1736 0541 75000000 		.4byte	0x75
 1737 0545 05       		.uleb128 0x5
 1738 0546 03       		.byte	0x3
 1739 0547 00000000 		.4byte	_ZN6stmlib8atan_lutE
 1740 054b 00       		.byte	0
 1741              		.section	.debug_abbrev,"",%progbits
 1742              	.Ldebug_abbrev0:
 1743 0000 01       		.uleb128 0x1
 1744 0001 11       		.uleb128 0x11
 1745 0002 01       		.byte	0x1
 1746 0003 25       		.uleb128 0x25
 1747 0004 0E       		.uleb128 0xe
 1748 0005 13       		.uleb128 0x13
 1749 0006 0B       		.uleb128 0xb
 1750 0007 03       		.uleb128 0x3
 1751 0008 0E       		.uleb128 0xe
 1752 0009 1B       		.uleb128 0x1b
 1753 000a 0E       		.uleb128 0xe
 1754 000b 10       		.uleb128 0x10
 1755 000c 17       		.uleb128 0x17
 1756 000d 00       		.byte	0
 1757 000e 00       		.byte	0
 1758 000f 02       		.uleb128 0x2
 1759 0010 24       		.uleb128 0x24
 1760 0011 00       		.byte	0
 1761 0012 0B       		.uleb128 0xb
 1762 0013 0B       		.uleb128 0xb
 1763 0014 3E       		.uleb128 0x3e
 1764 0015 0B       		.uleb128 0xb
 1765 0016 03       		.uleb128 0x3
 1766 0017 0E       		.uleb128 0xe
 1767 0018 00       		.byte	0
ARM GAS  /tmp/ccywky2k.s 			page 32


 1768 0019 00       		.byte	0
 1769 001a 03       		.uleb128 0x3
 1770 001b 24       		.uleb128 0x24
 1771 001c 00       		.byte	0
 1772 001d 0B       		.uleb128 0xb
 1773 001e 0B       		.uleb128 0xb
 1774 001f 3E       		.uleb128 0x3e
 1775 0020 0B       		.uleb128 0xb
 1776 0021 03       		.uleb128 0x3
 1777 0022 08       		.uleb128 0x8
 1778 0023 00       		.byte	0
 1779 0024 00       		.byte	0
 1780 0025 04       		.uleb128 0x4
 1781 0026 39       		.uleb128 0x39
 1782 0027 00       		.byte	0
 1783 0028 03       		.uleb128 0x3
 1784 0029 0E       		.uleb128 0xe
 1785 002a 3A       		.uleb128 0x3a
 1786 002b 0B       		.uleb128 0xb
 1787 002c 3B       		.uleb128 0x3b
 1788 002d 0B       		.uleb128 0xb
 1789 002e 00       		.byte	0
 1790 002f 00       		.byte	0
 1791 0030 05       		.uleb128 0x5
 1792 0031 39       		.uleb128 0x39
 1793 0032 01       		.byte	0x1
 1794 0033 03       		.uleb128 0x3
 1795 0034 0E       		.uleb128 0xe
 1796 0035 3A       		.uleb128 0x3a
 1797 0036 0B       		.uleb128 0xb
 1798 0037 3B       		.uleb128 0x3b
 1799 0038 0B       		.uleb128 0xb
 1800 0039 01       		.uleb128 0x1
 1801 003a 13       		.uleb128 0x13
 1802 003b 00       		.byte	0
 1803 003c 00       		.byte	0
 1804 003d 06       		.uleb128 0x6
 1805 003e 34       		.uleb128 0x34
 1806 003f 00       		.byte	0
 1807 0040 03       		.uleb128 0x3
 1808 0041 0E       		.uleb128 0xe
 1809 0042 3A       		.uleb128 0x3a
 1810 0043 0B       		.uleb128 0xb
 1811 0044 3B       		.uleb128 0x3b
 1812 0045 0B       		.uleb128 0xb
 1813 0046 6E       		.uleb128 0x6e
 1814 0047 0E       		.uleb128 0xe
 1815 0048 49       		.uleb128 0x49
 1816 0049 13       		.uleb128 0x13
 1817 004a 3F       		.uleb128 0x3f
 1818 004b 19       		.uleb128 0x19
 1819 004c 3C       		.uleb128 0x3c
 1820 004d 19       		.uleb128 0x19
 1821 004e 1C       		.uleb128 0x1c
 1822 004f 03       		.uleb128 0x3
 1823 0050 00       		.byte	0
 1824 0051 00       		.byte	0
ARM GAS  /tmp/ccywky2k.s 			page 33


 1825 0052 07       		.uleb128 0x7
 1826 0053 39       		.uleb128 0x39
 1827 0054 01       		.byte	0x1
 1828 0055 03       		.uleb128 0x3
 1829 0056 08       		.uleb128 0x8
 1830 0057 3A       		.uleb128 0x3a
 1831 0058 0B       		.uleb128 0xb
 1832 0059 3B       		.uleb128 0x3b
 1833 005a 0B       		.uleb128 0xb
 1834 005b 01       		.uleb128 0x1
 1835 005c 13       		.uleb128 0x13
 1836 005d 00       		.byte	0
 1837 005e 00       		.byte	0
 1838 005f 08       		.uleb128 0x8
 1839 0060 13       		.uleb128 0x13
 1840 0061 01       		.byte	0x1
 1841 0062 03       		.uleb128 0x3
 1842 0063 0E       		.uleb128 0xe
 1843 0064 0B       		.uleb128 0xb
 1844 0065 0B       		.uleb128 0xb
 1845 0066 3A       		.uleb128 0x3a
 1846 0067 0B       		.uleb128 0xb
 1847 0068 3B       		.uleb128 0x3b
 1848 0069 0B       		.uleb128 0xb
 1849 006a 01       		.uleb128 0x1
 1850 006b 13       		.uleb128 0x13
 1851 006c 00       		.byte	0
 1852 006d 00       		.byte	0
 1853 006e 09       		.uleb128 0x9
 1854 006f 04       		.uleb128 0x4
 1855 0070 01       		.byte	0x1
 1856 0071 0B       		.uleb128 0xb
 1857 0072 0B       		.uleb128 0xb
 1858 0073 3A       		.uleb128 0x3a
 1859 0074 0B       		.uleb128 0xb
 1860 0075 3B       		.uleb128 0x3b
 1861 0076 0B       		.uleb128 0xb
 1862 0077 01       		.uleb128 0x1
 1863 0078 13       		.uleb128 0x13
 1864 0079 00       		.byte	0
 1865 007a 00       		.byte	0
 1866 007b 0A       		.uleb128 0xa
 1867 007c 28       		.uleb128 0x28
 1868 007d 00       		.byte	0
 1869 007e 03       		.uleb128 0x3
 1870 007f 0E       		.uleb128 0xe
 1871 0080 1C       		.uleb128 0x1c
 1872 0081 0D       		.uleb128 0xd
 1873 0082 00       		.byte	0
 1874 0083 00       		.byte	0
 1875 0084 0B       		.uleb128 0xb
 1876 0085 2F       		.uleb128 0x2f
 1877 0086 00       		.byte	0
 1878 0087 03       		.uleb128 0x3
 1879 0088 08       		.uleb128 0x8
 1880 0089 49       		.uleb128 0x49
 1881 008a 13       		.uleb128 0x13
ARM GAS  /tmp/ccywky2k.s 			page 34


 1882 008b 00       		.byte	0
 1883 008c 00       		.byte	0
 1884 008d 0C       		.uleb128 0xc
 1885 008e 13       		.uleb128 0x13
 1886 008f 01       		.byte	0x1
 1887 0090 03       		.uleb128 0x3
 1888 0091 0E       		.uleb128 0xe
 1889 0092 0B       		.uleb128 0xb
 1890 0093 0B       		.uleb128 0xb
 1891 0094 3A       		.uleb128 0x3a
 1892 0095 0B       		.uleb128 0xb
 1893 0096 3B       		.uleb128 0x3b
 1894 0097 0B       		.uleb128 0xb
 1895 0098 00       		.byte	0
 1896 0099 00       		.byte	0
 1897 009a 0D       		.uleb128 0xd
 1898 009b 01       		.uleb128 0x1
 1899 009c 01       		.byte	0x1
 1900 009d 49       		.uleb128 0x49
 1901 009e 13       		.uleb128 0x13
 1902 009f 01       		.uleb128 0x1
 1903 00a0 13       		.uleb128 0x13
 1904 00a1 00       		.byte	0
 1905 00a2 00       		.byte	0
 1906 00a3 0E       		.uleb128 0xe
 1907 00a4 21       		.uleb128 0x21
 1908 00a5 00       		.byte	0
 1909 00a6 49       		.uleb128 0x49
 1910 00a7 13       		.uleb128 0x13
 1911 00a8 2F       		.uleb128 0x2f
 1912 00a9 05       		.uleb128 0x5
 1913 00aa 00       		.byte	0
 1914 00ab 00       		.byte	0
 1915 00ac 0F       		.uleb128 0xf
 1916 00ad 26       		.uleb128 0x26
 1917 00ae 00       		.byte	0
 1918 00af 49       		.uleb128 0x49
 1919 00b0 13       		.uleb128 0x13
 1920 00b1 00       		.byte	0
 1921 00b2 00       		.byte	0
 1922 00b3 10       		.uleb128 0x10
 1923 00b4 34       		.uleb128 0x34
 1924 00b5 00       		.byte	0
 1925 00b6 47       		.uleb128 0x47
 1926 00b7 13       		.uleb128 0x13
 1927 00b8 02       		.uleb128 0x2
 1928 00b9 18       		.uleb128 0x18
 1929 00ba 00       		.byte	0
 1930 00bb 00       		.byte	0
 1931 00bc 00       		.byte	0
 1932              		.section	.debug_aranges,"",%progbits
 1933 0000 14000000 		.4byte	0x14
 1934 0004 0200     		.2byte	0x2
 1935 0006 00000000 		.4byte	.Ldebug_info0
 1936 000a 04       		.byte	0x4
 1937 000b 00       		.byte	0
 1938 000c 0000     		.2byte	0
ARM GAS  /tmp/ccywky2k.s 			page 35


 1939 000e 0000     		.2byte	0
 1940 0010 00000000 		.4byte	0
 1941 0014 00000000 		.4byte	0
 1942              		.section	.debug_line,"",%progbits
 1943              	.Ldebug_line0:
 1944 0000 04010000 		.section	.debug_str,"MS",%progbits,1
 1944      0200FE00 
 1944      00000201 
 1944      FB0E0D00 
 1944      01010101 
 1945              	.LASF6:
 1946 0000 6C6F6E67 		.ascii	"long long int\000"
 1946      206C6F6E 
 1946      6720696E 
 1946      7400
 1947              	.LASF8:
 1948 000e 756E7369 		.ascii	"unsigned int\000"
 1948      676E6564 
 1948      20696E74 
 1948      00
 1949              	.LASF24:
 1950 001b 5F5A4E36 		.ascii	"_ZN6stmlib8atan_lutE\000"
 1950      73746D6C 
 1950      69623861 
 1950      74616E5F 
 1950      6C757445 
 1951              	.LASF12:
 1952 0030 5F5F6973 		.ascii	"__is_integer<double>\000"
 1952      5F696E74 
 1952      65676572 
 1952      3C646F75 
 1952      626C653E 
 1953              	.LASF10:
 1954 0045 73746D6C 		.ascii	"stmlib\000"
 1954      696200
 1955              	.LASF2:
 1956 004c 73686F72 		.ascii	"short int\000"
 1956      7420696E 
 1956      7400
 1957              	.LASF7:
 1958 0056 6C6F6E67 		.ascii	"long long unsigned int\000"
 1958      206C6F6E 
 1958      6720756E 
 1958      7369676E 
 1958      65642069 
 1959              	.LASF18:
 1960 006d 666C6F61 		.ascii	"float\000"
 1960      7400
 1961              	.LASF25:
 1962 0073 5F5F6973 		.ascii	"__is_integer<float>\000"
 1962      5F696E74 
 1962      65676572 
 1962      3C666C6F 
 1962      61743E00 
 1963              	.LASF23:
 1964 0087 6174616E 		.ascii	"atan_lut\000"
 1964      5F6C7574 
ARM GAS  /tmp/ccywky2k.s 			page 36


 1964      00
 1965              	.LASF1:
 1966 0090 756E7369 		.ascii	"unsigned char\000"
 1966      676E6564 
 1966      20636861 
 1966      7200
 1967              	.LASF19:
 1968 009e 63686172 		.ascii	"char\000"
 1968      00
 1969              	.LASF4:
 1970 00a3 6C6F6E67 		.ascii	"long int\000"
 1970      20696E74 
 1970      00
 1971              	.LASF20:
 1972 00ac 474E5520 		.ascii	"GNU C++ 4.9.3 20150529 (release) [ARM/embedded-4_9-"
 1972      432B2B20 
 1972      342E392E 
 1972      33203230 
 1972      31353035 
 1973 00df 6272616E 		.ascii	"branch revision 224288] -mcpu=cortex-m4 -mfloat-abi"
 1973      63682072 
 1973      65766973 
 1973      696F6E20 
 1973      32323432 
 1974 0112 3D686172 		.ascii	"=hard -mfpu=fpv4-sp-d16 -mno-thumb-interwork -mthum"
 1974      64202D6D 
 1974      6670753D 
 1974      66707634 
 1974      2D73702D 
 1975 0145 62202D67 		.ascii	"b -ggdb -O2 -fomit-frame-pointer -falign-functions="
 1975      67646220 
 1975      2D4F3220 
 1975      2D666F6D 
 1975      69742D66 
 1976 0178 3136202D 		.ascii	"16 -fno-math-errno -fsingle-precision-constant -fno"
 1976      666E6F2D 
 1976      6D617468 
 1976      2D657272 
 1976      6E6F202D 
 1977 01ab 2D727474 		.ascii	"-rtti\000"
 1977      6900
 1978              	.LASF5:
 1979 01b1 6C6F6E67 		.ascii	"long unsigned int\000"
 1979      20756E73 
 1979      69676E65 
 1979      6420696E 
 1979      7400
 1980              	.LASF17:
 1981 01c3 646F7562 		.ascii	"double\000"
 1981      6C6500
 1982              	.LASF13:
 1983 01ca 5F5F7661 		.ascii	"__value\000"
 1983      6C756500 
 1984              	.LASF21:
 1985 01d2 2E2F6D75 		.ascii	"./mutable_instruments/stmlib/dsp/atan.cpp\000"
 1985      7461626C 
 1985      655F696E 
ARM GAS  /tmp/ccywky2k.s 			page 37


 1985      73747275 
 1985      6D656E74 
 1986              	.LASF3:
 1987 01fc 73686F72 		.ascii	"short unsigned int\000"
 1987      7420756E 
 1987      7369676E 
 1987      65642069 
 1987      6E7400
 1988              	.LASF0:
 1989 020f 7369676E 		.ascii	"signed char\000"
 1989      65642063 
 1989      68617200 
 1990              	.LASF15:
 1991 021b 5F5F676E 		.ascii	"__gnu_cxx\000"
 1991      755F6378 
 1991      7800
 1992              	.LASF16:
 1993 0225 6C6F6E67 		.ascii	"long double\000"
 1993      20646F75 
 1993      626C6500 
 1994              	.LASF11:
 1995 0231 5F5F6973 		.ascii	"__is_integer<long double>\000"
 1995      5F696E74 
 1995      65676572 
 1995      3C6C6F6E 
 1995      6720646F 
 1996              	.LASF22:
 1997 024b 2F686F6D 		.ascii	"/home/sbcu/Dropbox/pcb-layouts/axo-on-discovery-boa"
 1997      652F7362 
 1997      63752F44 
 1997      726F7062 
 1997      6F782F70 
 1998 027e 72642F61 		.ascii	"rd/axoloti/firmware\000"
 1998      786F6C6F 
 1998      74692F66 
 1998      69726D77 
 1998      61726500 
 1999              	.LASF14:
 2000 0292 696D706C 		.ascii	"impl\000"
 2000      00
 2001              	.LASF9:
 2002 0297 73697A65 		.ascii	"sizetype\000"
 2002      74797065 
 2002      00
 2003              		.ident	"GCC: (GNU Tools for ARM Embedded Processors) 4.9.3 20150529 (release) [ARM/embedded-4_9-br
ARM GAS  /tmp/ccywky2k.s 			page 38


DEFINED SYMBOLS
                            *ABS*:00000000 atan.cpp
     /tmp/ccywky2k.s:25     .rodata:00000000 _ZN6stmlib8atan_lutE
     /tmp/ccywky2k.s:22     .rodata:00000000 $d

NO UNDEFINED SYMBOLS
