ARM GAS  /tmp/ccxcrf5a.s 			page 1


   1              		.syntax unified
   2              		.cpu cortex-m4
   3              		.eabi_attribute 27, 1
   4              		.eabi_attribute 28, 1
   5              		.fpu fpv4-sp-d16
   6              		.eabi_attribute 20, 1
   7              		.eabi_attribute 21, 1
   8              		.eabi_attribute 23, 3
   9              		.eabi_attribute 24, 1
  10              		.eabi_attribute 25, 1
  11              		.eabi_attribute 26, 1
  12              		.eabi_attribute 30, 2
  13              		.eabi_attribute 34, 1
  14              		.eabi_attribute 18, 4
  15              		.thumb
  16              		.file	"axoloti.c"
  17              		.text
  18              	.Ltext0:
  19              		.cfi_sections	.debug_frame
  20              		.align	2
  21              		.p2align 4,,15
  22              		.global	axoloti_init
  23              		.thumb
  24              		.thumb_func
  25              		.type	axoloti_init, %function
  26              	axoloti_init:
  27              	.LFB179:
  28              		.file 1 "axoloti.c"
  29              		.loc 1 23 0
  30              		.cfi_startproc
  31              		@ args = 0, pretend = 0, frame = 0
  32              		@ frame_needed = 0, uses_anonymous_args = 0
  33              		@ link register save eliminated.
  34 0000 7047     		bx	lr
  35              		.cfi_endproc
  36              	.LFE179:
  37              		.size	axoloti_init, .-axoloti_init
  38              	.Letext0:
  39              		.file 2 "/home/sbcu/Dropbox/pcb-layouts/axo-on-discovery-board/axoloti/platform_linux/arm-none-eab
  40              		.file 3 "/home/sbcu/Dropbox/pcb-layouts/axo-on-discovery-board/axoloti/platform_linux/arm-none-eab
  41              		.file 4 "/home/sbcu/Dropbox/pcb-layouts/axo-on-discovery-board/axoloti/platform_linux/../CMSIS//In
  42              		.file 5 "axoloti_math.h"
  43 0002 00BF     		.section	.debug_info,"",%progbits
  44              	.Ldebug_info0:
  45 0000 4A010000 		.4byte	0x14a
  46 0004 0400     		.2byte	0x4
  47 0006 00000000 		.4byte	.Ldebug_abbrev0
  48 000a 04       		.byte	0x4
  49 000b 01       		.uleb128 0x1
  50 000c 41000000 		.4byte	.LASF25
  51 0010 01       		.byte	0x1
  52 0011 6D010000 		.4byte	.LASF26
  53 0015 13020000 		.4byte	.LASF27
  54 0019 00000000 		.4byte	.Ltext0
  55 001d 02000000 		.4byte	.Letext0-.Ltext0
  56 0021 00000000 		.4byte	.Ldebug_line0
  57 0025 02       		.uleb128 0x2
ARM GAS  /tmp/ccxcrf5a.s 			page 2


  58 0026 01       		.byte	0x1
  59 0027 06       		.byte	0x6
  60 0028 BC010000 		.4byte	.LASF0
  61 002c 02       		.uleb128 0x2
  62 002d 01       		.byte	0x1
  63 002e 08       		.byte	0x8
  64 002f 77010000 		.4byte	.LASF1
  65 0033 03       		.uleb128 0x3
  66 0034 15000000 		.4byte	.LASF4
  67 0038 02       		.byte	0x2
  68 0039 29       		.byte	0x29
  69 003a 3E000000 		.4byte	0x3e
  70 003e 02       		.uleb128 0x2
  71 003f 02       		.byte	0x2
  72 0040 05       		.byte	0x5
  73 0041 4C010000 		.4byte	.LASF2
  74 0045 02       		.uleb128 0x2
  75 0046 02       		.byte	0x2
  76 0047 07       		.byte	0x7
  77 0048 A9010000 		.4byte	.LASF3
  78 004c 03       		.uleb128 0x3
  79 004d E1010000 		.4byte	.LASF5
  80 0051 02       		.byte	0x2
  81 0052 3F       		.byte	0x3f
  82 0053 57000000 		.4byte	0x57
  83 0057 02       		.uleb128 0x2
  84 0058 04       		.byte	0x4
  85 0059 05       		.byte	0x5
  86 005a 93010000 		.4byte	.LASF6
  87 005e 03       		.uleb128 0x3
  88 005f 2E000000 		.4byte	.LASF7
  89 0063 02       		.byte	0x2
  90 0064 41       		.byte	0x41
  91 0065 69000000 		.4byte	0x69
  92 0069 02       		.uleb128 0x2
  93 006a 04       		.byte	0x4
  94 006b 07       		.byte	0x7
  95 006c 3A010000 		.4byte	.LASF8
  96 0070 02       		.uleb128 0x2
  97 0071 08       		.byte	0x8
  98 0072 05       		.byte	0x5
  99 0073 00000000 		.4byte	.LASF9
 100 0077 02       		.uleb128 0x2
 101 0078 08       		.byte	0x8
 102 0079 07       		.byte	0x7
 103 007a 56010000 		.4byte	.LASF10
 104 007e 04       		.uleb128 0x4
 105 007f 04       		.byte	0x4
 106 0080 05       		.byte	0x5
 107 0081 696E7400 		.ascii	"int\000"
 108 0085 02       		.uleb128 0x2
 109 0086 04       		.byte	0x4
 110 0087 07       		.byte	0x7
 111 0088 D4010000 		.4byte	.LASF11
 112 008c 03       		.uleb128 0x3
 113 008d 39000000 		.4byte	.LASF12
 114 0091 03       		.byte	0x3
ARM GAS  /tmp/ccxcrf5a.s 			page 3


 115 0092 19       		.byte	0x19
 116 0093 33000000 		.4byte	0x33
 117 0097 03       		.uleb128 0x3
 118 0098 0B020000 		.4byte	.LASF13
 119 009c 03       		.byte	0x3
 120 009d 1F       		.byte	0x1f
 121 009e 4C000000 		.4byte	0x4c
 122 00a2 03       		.uleb128 0x3
 123 00a3 8A010000 		.4byte	.LASF14
 124 00a7 03       		.byte	0x3
 125 00a8 20       		.byte	0x20
 126 00a9 5E000000 		.4byte	0x5e
 127 00ad 02       		.uleb128 0x2
 128 00ae 04       		.byte	0x4
 129 00af 07       		.byte	0x7
 130 00b0 5A020000 		.4byte	.LASF15
 131 00b4 02       		.uleb128 0x2
 132 00b5 01       		.byte	0x1
 133 00b6 02       		.byte	0x2
 134 00b7 A3010000 		.4byte	.LASF16
 135 00bb 02       		.uleb128 0x2
 136 00bc 01       		.byte	0x1
 137 00bd 08       		.byte	0x8
 138 00be 85010000 		.4byte	.LASF17
 139 00c2 05       		.uleb128 0x5
 140 00c3 97000000 		.4byte	0x97
 141 00c7 02       		.uleb128 0x2
 142 00c8 08       		.byte	0x8
 143 00c9 04       		.byte	0x4
 144 00ca 9C010000 		.4byte	.LASF18
 145 00ce 02       		.uleb128 0x2
 146 00cf 04       		.byte	0x4
 147 00d0 04       		.byte	0x4
 148 00d1 F8010000 		.4byte	.LASF19
 149 00d5 02       		.uleb128 0x2
 150 00d6 08       		.byte	0x8
 151 00d7 04       		.byte	0x4
 152 00d8 C8010000 		.4byte	.LASF20
 153 00dc 06       		.uleb128 0x6
 154 00dd EB010000 		.4byte	.LASF28
 155 00e1 01       		.byte	0x1
 156 00e2 17       		.byte	0x17
 157 00e3 00000000 		.4byte	.LFB179
 158 00e7 02000000 		.4byte	.LFE179-.LFB179
 159 00eb 01       		.uleb128 0x1
 160 00ec 9C       		.byte	0x9c
 161 00ed 07       		.uleb128 0x7
 162 00ee FE010000 		.4byte	.LASF21
 163 00f2 04       		.byte	0x4
 164 00f3 DF07     		.2byte	0x7df
 165 00f5 C2000000 		.4byte	0xc2
 166 00f9 08       		.uleb128 0x8
 167 00fa 97000000 		.4byte	0x97
 168 00fe 0A010000 		.4byte	0x10a
 169 0102 09       		.uleb128 0x9
 170 0103 AD000000 		.4byte	0xad
 171 0107 0010     		.2byte	0x1000
ARM GAS  /tmp/ccxcrf5a.s 			page 4


 172 0109 00       		.byte	0
 173 010a 0A       		.uleb128 0xa
 174 010b 27000000 		.4byte	.LASF22
 175 010f 05       		.byte	0x5
 176 0110 26       		.byte	0x26
 177 0111 F9000000 		.4byte	0xf9
 178 0115 08       		.uleb128 0x8
 179 0116 8C000000 		.4byte	0x8c
 180 011a 26010000 		.4byte	0x126
 181 011e 09       		.uleb128 0x9
 182 011f AD000000 		.4byte	0xad
 183 0123 0004     		.2byte	0x400
 184 0125 00       		.byte	0
 185 0126 0A       		.uleb128 0xa
 186 0127 1F000000 		.4byte	.LASF23
 187 012b 05       		.byte	0x5
 188 012c 28       		.byte	0x28
 189 012d 15010000 		.4byte	0x115
 190 0131 08       		.uleb128 0x8
 191 0132 A2000000 		.4byte	0xa2
 192 0136 42010000 		.4byte	0x142
 193 013a 09       		.uleb128 0x9
 194 013b AD000000 		.4byte	0xad
 195 013f 0001     		.2byte	0x100
 196 0141 00       		.byte	0
 197 0142 0A       		.uleb128 0xa
 198 0143 0E000000 		.4byte	.LASF24
 199 0147 05       		.byte	0x5
 200 0148 2A       		.byte	0x2a
 201 0149 31010000 		.4byte	0x131
 202 014d 00       		.byte	0
 203              		.section	.debug_abbrev,"",%progbits
 204              	.Ldebug_abbrev0:
 205 0000 01       		.uleb128 0x1
 206 0001 11       		.uleb128 0x11
 207 0002 01       		.byte	0x1
 208 0003 25       		.uleb128 0x25
 209 0004 0E       		.uleb128 0xe
 210 0005 13       		.uleb128 0x13
 211 0006 0B       		.uleb128 0xb
 212 0007 03       		.uleb128 0x3
 213 0008 0E       		.uleb128 0xe
 214 0009 1B       		.uleb128 0x1b
 215 000a 0E       		.uleb128 0xe
 216 000b 11       		.uleb128 0x11
 217 000c 01       		.uleb128 0x1
 218 000d 12       		.uleb128 0x12
 219 000e 06       		.uleb128 0x6
 220 000f 10       		.uleb128 0x10
 221 0010 17       		.uleb128 0x17
 222 0011 00       		.byte	0
 223 0012 00       		.byte	0
 224 0013 02       		.uleb128 0x2
 225 0014 24       		.uleb128 0x24
 226 0015 00       		.byte	0
 227 0016 0B       		.uleb128 0xb
 228 0017 0B       		.uleb128 0xb
ARM GAS  /tmp/ccxcrf5a.s 			page 5


 229 0018 3E       		.uleb128 0x3e
 230 0019 0B       		.uleb128 0xb
 231 001a 03       		.uleb128 0x3
 232 001b 0E       		.uleb128 0xe
 233 001c 00       		.byte	0
 234 001d 00       		.byte	0
 235 001e 03       		.uleb128 0x3
 236 001f 16       		.uleb128 0x16
 237 0020 00       		.byte	0
 238 0021 03       		.uleb128 0x3
 239 0022 0E       		.uleb128 0xe
 240 0023 3A       		.uleb128 0x3a
 241 0024 0B       		.uleb128 0xb
 242 0025 3B       		.uleb128 0x3b
 243 0026 0B       		.uleb128 0xb
 244 0027 49       		.uleb128 0x49
 245 0028 13       		.uleb128 0x13
 246 0029 00       		.byte	0
 247 002a 00       		.byte	0
 248 002b 04       		.uleb128 0x4
 249 002c 24       		.uleb128 0x24
 250 002d 00       		.byte	0
 251 002e 0B       		.uleb128 0xb
 252 002f 0B       		.uleb128 0xb
 253 0030 3E       		.uleb128 0x3e
 254 0031 0B       		.uleb128 0xb
 255 0032 03       		.uleb128 0x3
 256 0033 08       		.uleb128 0x8
 257 0034 00       		.byte	0
 258 0035 00       		.byte	0
 259 0036 05       		.uleb128 0x5
 260 0037 35       		.uleb128 0x35
 261 0038 00       		.byte	0
 262 0039 49       		.uleb128 0x49
 263 003a 13       		.uleb128 0x13
 264 003b 00       		.byte	0
 265 003c 00       		.byte	0
 266 003d 06       		.uleb128 0x6
 267 003e 2E       		.uleb128 0x2e
 268 003f 00       		.byte	0
 269 0040 3F       		.uleb128 0x3f
 270 0041 19       		.uleb128 0x19
 271 0042 03       		.uleb128 0x3
 272 0043 0E       		.uleb128 0xe
 273 0044 3A       		.uleb128 0x3a
 274 0045 0B       		.uleb128 0xb
 275 0046 3B       		.uleb128 0x3b
 276 0047 0B       		.uleb128 0xb
 277 0048 27       		.uleb128 0x27
 278 0049 19       		.uleb128 0x19
 279 004a 11       		.uleb128 0x11
 280 004b 01       		.uleb128 0x1
 281 004c 12       		.uleb128 0x12
 282 004d 06       		.uleb128 0x6
 283 004e 40       		.uleb128 0x40
 284 004f 18       		.uleb128 0x18
 285 0050 9742     		.uleb128 0x2117
ARM GAS  /tmp/ccxcrf5a.s 			page 6


 286 0052 19       		.uleb128 0x19
 287 0053 00       		.byte	0
 288 0054 00       		.byte	0
 289 0055 07       		.uleb128 0x7
 290 0056 34       		.uleb128 0x34
 291 0057 00       		.byte	0
 292 0058 03       		.uleb128 0x3
 293 0059 0E       		.uleb128 0xe
 294 005a 3A       		.uleb128 0x3a
 295 005b 0B       		.uleb128 0xb
 296 005c 3B       		.uleb128 0x3b
 297 005d 05       		.uleb128 0x5
 298 005e 49       		.uleb128 0x49
 299 005f 13       		.uleb128 0x13
 300 0060 3F       		.uleb128 0x3f
 301 0061 19       		.uleb128 0x19
 302 0062 3C       		.uleb128 0x3c
 303 0063 19       		.uleb128 0x19
 304 0064 00       		.byte	0
 305 0065 00       		.byte	0
 306 0066 08       		.uleb128 0x8
 307 0067 01       		.uleb128 0x1
 308 0068 01       		.byte	0x1
 309 0069 49       		.uleb128 0x49
 310 006a 13       		.uleb128 0x13
 311 006b 01       		.uleb128 0x1
 312 006c 13       		.uleb128 0x13
 313 006d 00       		.byte	0
 314 006e 00       		.byte	0
 315 006f 09       		.uleb128 0x9
 316 0070 21       		.uleb128 0x21
 317 0071 00       		.byte	0
 318 0072 49       		.uleb128 0x49
 319 0073 13       		.uleb128 0x13
 320 0074 2F       		.uleb128 0x2f
 321 0075 05       		.uleb128 0x5
 322 0076 00       		.byte	0
 323 0077 00       		.byte	0
 324 0078 0A       		.uleb128 0xa
 325 0079 34       		.uleb128 0x34
 326 007a 00       		.byte	0
 327 007b 03       		.uleb128 0x3
 328 007c 0E       		.uleb128 0xe
 329 007d 3A       		.uleb128 0x3a
 330 007e 0B       		.uleb128 0xb
 331 007f 3B       		.uleb128 0x3b
 332 0080 0B       		.uleb128 0xb
 333 0081 49       		.uleb128 0x49
 334 0082 13       		.uleb128 0x13
 335 0083 3F       		.uleb128 0x3f
 336 0084 19       		.uleb128 0x19
 337 0085 3C       		.uleb128 0x3c
 338 0086 19       		.uleb128 0x19
 339 0087 00       		.byte	0
 340 0088 00       		.byte	0
 341 0089 00       		.byte	0
 342              		.section	.debug_aranges,"",%progbits
ARM GAS  /tmp/ccxcrf5a.s 			page 7


 343 0000 1C000000 		.4byte	0x1c
 344 0004 0200     		.2byte	0x2
 345 0006 00000000 		.4byte	.Ldebug_info0
 346 000a 04       		.byte	0x4
 347 000b 00       		.byte	0
 348 000c 0000     		.2byte	0
 349 000e 0000     		.2byte	0
 350 0010 00000000 		.4byte	.Ltext0
 351 0014 02000000 		.4byte	.Letext0-.Ltext0
 352 0018 00000000 		.4byte	0
 353 001c 00000000 		.4byte	0
 354              		.section	.debug_line,"",%progbits
 355              	.Ldebug_line0:
 356 0000 A7010000 		.section	.debug_str,"MS",%progbits,1
 356      02009201 
 356      00000201 
 356      FB0E0D00 
 356      01010101 
 357              	.LASF9:
 358 0000 6C6F6E67 		.ascii	"long long int\000"
 358      206C6F6E 
 358      6720696E 
 358      7400
 359              	.LASF24:
 360 000e 70697463 		.ascii	"pitcht\000"
 360      687400
 361              	.LASF4:
 362 0015 5F5F696E 		.ascii	"__int16_t\000"
 362      7431365F 
 362      7400
 363              	.LASF23:
 364 001f 77696E64 		.ascii	"windowt\000"
 364      6F777400 
 365              	.LASF22:
 366 0027 73696E65 		.ascii	"sine2t\000"
 366      327400
 367              	.LASF7:
 368 002e 5F5F7569 		.ascii	"__uint32_t\000"
 368      6E743332 
 368      5F7400
 369              	.LASF12:
 370 0039 696E7431 		.ascii	"int16_t\000"
 370      365F7400 
 371              	.LASF25:
 372 0041 474E5520 		.ascii	"GNU C 4.9.3 20150529 (release) [ARM/embedded-4_9-br"
 372      4320342E 
 372      392E3320 
 372      32303135 
 372      30353239 
 373 0074 616E6368 		.ascii	"anch revision 224288] -mcpu=cortex-m4 -mfloat-abi=h"
 373      20726576 
 373      6973696F 
 373      6E203232 
 373      34323838 
 374 00a7 61726420 		.ascii	"ard -mfpu=fpv4-sp-d16 -mno-thumb-interwork -mthumb "
 374      2D6D6670 
 374      753D6670 
ARM GAS  /tmp/ccxcrf5a.s 			page 8


 374      76342D73 
 374      702D6431 
 375 00da 2D676764 		.ascii	"-ggdb -O2 -fomit-frame-pointer -falign-functions=16"
 375      62202D4F 
 375      32202D66 
 375      6F6D6974 
 375      2D667261 
 376 010d 202D666E 		.ascii	" -fno-math-errno -fsingle-precision-constant\000"
 376      6F2D6D61 
 376      74682D65 
 376      72726E6F 
 376      202D6673 
 377              	.LASF8:
 378 013a 6C6F6E67 		.ascii	"long unsigned int\000"
 378      20756E73 
 378      69676E65 
 378      6420696E 
 378      7400
 379              	.LASF2:
 380 014c 73686F72 		.ascii	"short int\000"
 380      7420696E 
 380      7400
 381              	.LASF10:
 382 0156 6C6F6E67 		.ascii	"long long unsigned int\000"
 382      206C6F6E 
 382      6720756E 
 382      7369676E 
 382      65642069 
 383              	.LASF26:
 384 016d 61786F6C 		.ascii	"axoloti.c\000"
 384      6F74692E 
 384      6300
 385              	.LASF1:
 386 0177 756E7369 		.ascii	"unsigned char\000"
 386      676E6564 
 386      20636861 
 386      7200
 387              	.LASF17:
 388 0185 63686172 		.ascii	"char\000"
 388      00
 389              	.LASF14:
 390 018a 75696E74 		.ascii	"uint32_t\000"
 390      33325F74 
 390      00
 391              	.LASF6:
 392 0193 6C6F6E67 		.ascii	"long int\000"
 392      20696E74 
 392      00
 393              	.LASF18:
 394 019c 646F7562 		.ascii	"double\000"
 394      6C6500
 395              	.LASF16:
 396 01a3 5F426F6F 		.ascii	"_Bool\000"
 396      6C00
 397              	.LASF3:
 398 01a9 73686F72 		.ascii	"short unsigned int\000"
 398      7420756E 
ARM GAS  /tmp/ccxcrf5a.s 			page 9


 398      7369676E 
 398      65642069 
 398      6E7400
 399              	.LASF0:
 400 01bc 7369676E 		.ascii	"signed char\000"
 400      65642063 
 400      68617200 
 401              	.LASF20:
 402 01c8 6C6F6E67 		.ascii	"long double\000"
 402      20646F75 
 402      626C6500 
 403              	.LASF11:
 404 01d4 756E7369 		.ascii	"unsigned int\000"
 404      676E6564 
 404      20696E74 
 404      00
 405              	.LASF5:
 406 01e1 5F5F696E 		.ascii	"__int32_t\000"
 406      7433325F 
 406      7400
 407              	.LASF28:
 408 01eb 61786F6C 		.ascii	"axoloti_init\000"
 408      6F74695F 
 408      696E6974 
 408      00
 409              	.LASF19:
 410 01f8 666C6F61 		.ascii	"float\000"
 410      7400
 411              	.LASF21:
 412 01fe 49544D5F 		.ascii	"ITM_RxBuffer\000"
 412      52784275 
 412      66666572 
 412      00
 413              	.LASF13:
 414 020b 696E7433 		.ascii	"int32_t\000"
 414      325F7400 
 415              	.LASF27:
 416 0213 2F686F6D 		.ascii	"/home/sbcu/Dropbox/pcb-layouts/axo-on-discovery-boa"
 416      652F7362 
 416      63752F44 
 416      726F7062 
 416      6F782F70 
 417 0246 72642F61 		.ascii	"rd/axoloti/firmware\000"
 417      786F6C6F 
 417      74692F66 
 417      69726D77 
 417      61726500 
 418              	.LASF15:
 419 025a 73697A65 		.ascii	"sizetype\000"
 419      74797065 
 419      00
 420              		.ident	"GCC: (GNU Tools for ARM Embedded Processors) 4.9.3 20150529 (release) [ARM/embedded-4_9-br
ARM GAS  /tmp/ccxcrf5a.s 			page 10


DEFINED SYMBOLS
                            *ABS*:00000000 axoloti.c
     /tmp/ccxcrf5a.s:20     .text:00000000 $t
     /tmp/ccxcrf5a.s:26     .text:00000000 axoloti_init
                     .debug_frame:00000010 $d

NO UNDEFINED SYMBOLS
