ARM GAS  /tmp/ccZU5IOw.s 			page 1


   1              		.syntax unified
   2              		.cpu cortex-m4
   3              		.eabi_attribute 27, 1
   4              		.eabi_attribute 28, 1
   5              		.fpu fpv4-sp-d16
   6              		.eabi_attribute 20, 1
   7              		.eabi_attribute 21, 1
   8              		.eabi_attribute 23, 3
   9              		.eabi_attribute 24, 1
  10              		.eabi_attribute 25, 1
  11              		.eabi_attribute 26, 1
  12              		.eabi_attribute 30, 2
  13              		.eabi_attribute 34, 1
  14              		.eabi_attribute 18, 4
  15              		.thumb
  16              		.file	"axoloti_oscs.c"
  17              		.text
  18              	.Ltext0:
  19              		.cfi_sections	.debug_frame
  20              		.global	blept
  21              		.data
  22              		.align	2
  23              		.type	blept, %object
  24              		.size	blept, 4096
  25              	blept:
  26 0000 FFFF     		.short	-1
  27 0002 FFFF     		.short	-1
  28 0004 FFFF     		.short	-1
  29 0006 FFFF     		.short	-1
  30 0008 FFFF     		.short	-1
  31 000a 0000     		.short	0
  32 000c 0000     		.short	0
  33 000e 0000     		.short	0
  34 0010 0000     		.short	0
  35 0012 0000     		.short	0
  36 0014 0000     		.short	0
  37 0016 0000     		.short	0
  38 0018 0000     		.short	0
  39 001a 0000     		.short	0
  40 001c 0000     		.short	0
  41 001e 0000     		.short	0
  42 0020 0000     		.short	0
  43 0022 0000     		.short	0
  44 0024 0000     		.short	0
  45 0026 0000     		.short	0
  46 0028 0000     		.short	0
  47 002a 0000     		.short	0
  48 002c 0000     		.short	0
  49 002e 0000     		.short	0
  50 0030 0000     		.short	0
  51 0032 0000     		.short	0
  52 0034 0000     		.short	0
  53 0036 0000     		.short	0
  54 0038 0000     		.short	0
  55 003a 0000     		.short	0
  56 003c 0000     		.short	0
  57 003e 0000     		.short	0
ARM GAS  /tmp/ccZU5IOw.s 			page 2


  58 0040 0000     		.short	0
  59 0042 0000     		.short	0
  60 0044 0000     		.short	0
  61 0046 0000     		.short	0
  62 0048 0000     		.short	0
  63 004a 0100     		.short	1
  64 004c 0100     		.short	1
  65 004e 0100     		.short	1
  66 0050 0100     		.short	1
  67 0052 0100     		.short	1
  68 0054 0200     		.short	2
  69 0056 0200     		.short	2
  70 0058 0200     		.short	2
  71 005a 0300     		.short	3
  72 005c 0300     		.short	3
  73 005e 0400     		.short	4
  74 0060 0400     		.short	4
  75 0062 0500     		.short	5
  76 0064 0500     		.short	5
  77 0066 0600     		.short	6
  78 0068 0700     		.short	7
  79 006a 0800     		.short	8
  80 006c 0800     		.short	8
  81 006e 0900     		.short	9
  82 0070 0B00     		.short	11
  83 0072 0C00     		.short	12
  84 0074 0D00     		.short	13
  85 0076 0E00     		.short	14
  86 0078 1000     		.short	16
  87 007a 1200     		.short	18
  88 007c 1300     		.short	19
  89 007e 1500     		.short	21
  90 0080 1700     		.short	23
  91 0082 1A00     		.short	26
  92 0084 1C00     		.short	28
  93 0086 1F00     		.short	31
  94 0088 2200     		.short	34
  95 008a 2500     		.short	37
  96 008c 2800     		.short	40
  97 008e 2B00     		.short	43
  98 0090 2F00     		.short	47
  99 0092 3300     		.short	51
 100 0094 3800     		.short	56
 101 0096 3C00     		.short	60
 102 0098 4100     		.short	65
 103 009a 4700     		.short	71
 104 009c 4C00     		.short	76
 105 009e 5200     		.short	82
 106 00a0 5900     		.short	89
 107 00a2 6000     		.short	96
 108 00a4 6700     		.short	103
 109 00a6 6F00     		.short	111
 110 00a8 7700     		.short	119
 111 00aa 8000     		.short	128
 112 00ac 8900     		.short	137
 113 00ae 9300     		.short	147
 114 00b0 9D00     		.short	157
ARM GAS  /tmp/ccZU5IOw.s 			page 3


 115 00b2 A800     		.short	168
 116 00b4 B400     		.short	180
 117 00b6 C000     		.short	192
 118 00b8 CD00     		.short	205
 119 00ba DB00     		.short	219
 120 00bc E900     		.short	233
 121 00be F800     		.short	248
 122 00c0 0801     		.short	264
 123 00c2 1901     		.short	281
 124 00c4 2B01     		.short	299
 125 00c6 3D01     		.short	317
 126 00c8 5101     		.short	337
 127 00ca 6501     		.short	357
 128 00cc 7A01     		.short	378
 129 00ce 9101     		.short	401
 130 00d0 A901     		.short	425
 131 00d2 C101     		.short	449
 132 00d4 DB01     		.short	475
 133 00d6 F601     		.short	502
 134 00d8 1202     		.short	530
 135 00da 3002     		.short	560
 136 00dc 4E02     		.short	590
 137 00de 6F02     		.short	623
 138 00e0 9002     		.short	656
 139 00e2 B302     		.short	691
 140 00e4 D702     		.short	727
 141 00e6 FD02     		.short	765
 142 00e8 2503     		.short	805
 143 00ea 4E03     		.short	846
 144 00ec 7803     		.short	888
 145 00ee A403     		.short	932
 146 00f0 D203     		.short	978
 147 00f2 0204     		.short	1026
 148 00f4 3304     		.short	1075
 149 00f6 6704     		.short	1127
 150 00f8 9C04     		.short	1180
 151 00fa D304     		.short	1235
 152 00fc 0C05     		.short	1292
 153 00fe 4705     		.short	1351
 154 0100 8405     		.short	1412
 155 0102 C305     		.short	1475
 156 0104 0406     		.short	1540
 157 0106 4706     		.short	1607
 158 0108 8D06     		.short	1677
 159 010a D506     		.short	1749
 160 010c 1F07     		.short	1823
 161 010e 6B07     		.short	1899
 162 0110 B907     		.short	1977
 163 0112 0A08     		.short	2058
 164 0114 5D08     		.short	2141
 165 0116 B308     		.short	2227
 166 0118 0B09     		.short	2315
 167 011a 6609     		.short	2406
 168 011c C309     		.short	2499
 169 011e 220A     		.short	2594
 170 0120 840A     		.short	2692
 171 0122 E90A     		.short	2793
ARM GAS  /tmp/ccZU5IOw.s 			page 4


 172 0124 500B     		.short	2896
 173 0126 BA0B     		.short	3002
 174 0128 270C     		.short	3111
 175 012a 960C     		.short	3222
 176 012c 080D     		.short	3336
 177 012e 7C0D     		.short	3452
 178 0130 F30D     		.short	3571
 179 0132 6D0E     		.short	3693
 180 0134 E90E     		.short	3817
 181 0136 680F     		.short	3944
 182 0138 EA0F     		.short	4074
 183 013a 6F10     		.short	4207
 184 013c F610     		.short	4342
 185 013e 8011     		.short	4480
 186 0140 0C12     		.short	4620
 187 0142 9B12     		.short	4763
 188 0144 2D13     		.short	4909
 189 0146 C113     		.short	5057
 190 0148 5814     		.short	5208
 191 014a F214     		.short	5362
 192 014c 8E15     		.short	5518
 193 014e 2C16     		.short	5676
 194 0150 CE16     		.short	5838
 195 0152 7117     		.short	6001
 196 0154 1718     		.short	6167
 197 0156 BF18     		.short	6335
 198 0158 6A19     		.short	6506
 199 015a 171A     		.short	6679
 200 015c C61A     		.short	6854
 201 015e 771B     		.short	7031
 202 0160 2B1C     		.short	7211
 203 0162 E01C     		.short	7392
 204 0164 981D     		.short	7576
 205 0166 521E     		.short	7762
 206 0168 0D1F     		.short	7949
 207 016a CA1F     		.short	8138
 208 016c 8920     		.short	8329
 209 016e 4A21     		.short	8522
 210 0170 0C22     		.short	8716
 211 0172 CF22     		.short	8911
 212 0174 9423     		.short	9108
 213 0176 5B24     		.short	9307
 214 0178 2225     		.short	9506
 215 017a EB25     		.short	9707
 216 017c B526     		.short	9909
 217 017e 8027     		.short	10112
 218 0180 4B28     		.short	10315
 219 0182 1829     		.short	10520
 220 0184 E529     		.short	10725
 221 0186 B22A     		.short	10930
 222 0188 802B     		.short	11136
 223 018a 4E2C     		.short	11342
 224 018c 1D2D     		.short	11549
 225 018e EB2D     		.short	11755
 226 0190 BA2E     		.short	11962
 227 0192 882F     		.short	12168
 228 0194 5630     		.short	12374
ARM GAS  /tmp/ccZU5IOw.s 			page 5


 229 0196 2431     		.short	12580
 230 0198 F131     		.short	12785
 231 019a BE32     		.short	12990
 232 019c 8A33     		.short	13194
 233 019e 5534     		.short	13397
 234 01a0 1E35     		.short	13598
 235 01a2 E735     		.short	13799
 236 01a4 AF36     		.short	13999
 237 01a6 7537     		.short	14197
 238 01a8 3938     		.short	14393
 239 01aa FC38     		.short	14588
 240 01ac BD39     		.short	14781
 241 01ae 7D3A     		.short	14973
 242 01b0 3A3B     		.short	15162
 243 01b2 F53B     		.short	15349
 244 01b4 AD3C     		.short	15533
 245 01b6 643D     		.short	15716
 246 01b8 183E     		.short	15896
 247 01ba C93E     		.short	16073
 248 01bc 773F     		.short	16247
 249 01be 2340     		.short	16419
 250 01c0 CB40     		.short	16587
 251 01c2 7041     		.short	16752
 252 01c4 1242     		.short	16914
 253 01c6 B142     		.short	17073
 254 01c8 4C43     		.short	17228
 255 01ca E443     		.short	17380
 256 01cc 7844     		.short	17528
 257 01ce 0845     		.short	17672
 258 01d0 9445     		.short	17812
 259 01d2 1D46     		.short	17949
 260 01d4 A146     		.short	18081
 261 01d6 2147     		.short	18209
 262 01d8 9D47     		.short	18333
 263 01da 1448     		.short	18452
 264 01dc 8748     		.short	18567
 265 01de F648     		.short	18678
 266 01e0 6049     		.short	18784
 267 01e2 C649     		.short	18886
 268 01e4 264A     		.short	18982
 269 01e6 834A     		.short	19075
 270 01e8 DA4A     		.short	19162
 271 01ea 2C4B     		.short	19244
 272 01ec 7A4B     		.short	19322
 273 01ee C34B     		.short	19395
 274 01f0 074C     		.short	19463
 275 01f2 454C     		.short	19525
 276 01f4 7F4C     		.short	19583
 277 01f6 B44C     		.short	19636
 278 01f8 E44C     		.short	19684
 279 01fa 0F4D     		.short	19727
 280 01fc 344D     		.short	19764
 281 01fe 554D     		.short	19797
 282 0200 714D     		.short	19825
 283 0202 884D     		.short	19848
 284 0204 9A4D     		.short	19866
 285 0206 A64D     		.short	19878
ARM GAS  /tmp/ccZU5IOw.s 			page 6


 286 0208 AE4D     		.short	19886
 287 020a B14D     		.short	19889
 288 020c B04D     		.short	19888
 289 020e A94D     		.short	19881
 290 0210 9E4D     		.short	19870
 291 0212 8E4D     		.short	19854
 292 0214 794D     		.short	19833
 293 0216 604D     		.short	19808
 294 0218 424D     		.short	19778
 295 021a 204D     		.short	19744
 296 021c FA4C     		.short	19706
 297 021e D04C     		.short	19664
 298 0220 A14C     		.short	19617
 299 0222 6E4C     		.short	19566
 300 0224 384C     		.short	19512
 301 0226 FD4B     		.short	19453
 302 0228 BF4B     		.short	19391
 303 022a 7D4B     		.short	19325
 304 022c 384B     		.short	19256
 305 022e F04A     		.short	19184
 306 0230 A44A     		.short	19108
 307 0232 554A     		.short	19029
 308 0234 044A     		.short	18948
 309 0236 AF49     		.short	18863
 310 0238 5849     		.short	18776
 311 023a FE48     		.short	18686
 312 023c A248     		.short	18594
 313 023e 4448     		.short	18500
 314 0240 E347     		.short	18403
 315 0242 8147     		.short	18305
 316 0244 1D47     		.short	18205
 317 0246 B746     		.short	18103
 318 0248 5046     		.short	18000
 319 024a E845     		.short	17896
 320 024c 7E45     		.short	17790
 321 024e 1445     		.short	17684
 322 0250 A944     		.short	17577
 323 0252 3D44     		.short	17469
 324 0254 D043     		.short	17360
 325 0256 6443     		.short	17252
 326 0258 F742     		.short	17143
 327 025a 8A42     		.short	17034
 328 025c 1E42     		.short	16926
 329 025e B241     		.short	16818
 330 0260 4641     		.short	16710
 331 0262 DB40     		.short	16603
 332 0264 7140     		.short	16497
 333 0266 0740     		.short	16391
 334 0268 9F3F     		.short	16287
 335 026a 383F     		.short	16184
 336 026c D33E     		.short	16083
 337 026e 6F3E     		.short	15983
 338 0270 0D3E     		.short	15885
 339 0272 AD3D     		.short	15789
 340 0274 4E3D     		.short	15694
 341 0276 F23C     		.short	15602
 342 0278 983C     		.short	15512
ARM GAS  /tmp/ccZU5IOw.s 			page 7


 343 027a 413C     		.short	15425
 344 027c EC3B     		.short	15340
 345 027e 993B     		.short	15257
 346 0280 493B     		.short	15177
 347 0282 FC3A     		.short	15100
 348 0284 B23A     		.short	15026
 349 0286 6B3A     		.short	14955
 350 0288 273A     		.short	14887
 351 028a E739     		.short	14823
 352 028c A939     		.short	14761
 353 028e 6F39     		.short	14703
 354 0290 3839     		.short	14648
 355 0292 0539     		.short	14597
 356 0294 D538     		.short	14549
 357 0296 A938     		.short	14505
 358 0298 8038     		.short	14464
 359 029a 5C38     		.short	14428
 360 029c 3A38     		.short	14394
 361 029e 1D38     		.short	14365
 362 02a0 0338     		.short	14339
 363 02a2 ED37     		.short	14317
 364 02a4 DB37     		.short	14299
 365 02a6 CC37     		.short	14284
 366 02a8 C237     		.short	14274
 367 02aa BB37     		.short	14267
 368 02ac B737     		.short	14263
 369 02ae B837     		.short	14264
 370 02b0 BC37     		.short	14268
 371 02b2 C437     		.short	14276
 372 02b4 CF37     		.short	14287
 373 02b6 DE37     		.short	14302
 374 02b8 F137     		.short	14321
 375 02ba 0738     		.short	14343
 376 02bc 2038     		.short	14368
 377 02be 3C38     		.short	14396
 378 02c0 5C38     		.short	14428
 379 02c2 7F38     		.short	14463
 380 02c4 A538     		.short	14501
 381 02c6 CF38     		.short	14543
 382 02c8 FA38     		.short	14586
 383 02ca 2939     		.short	14633
 384 02cc 5B39     		.short	14683
 385 02ce 8F39     		.short	14735
 386 02d0 C539     		.short	14789
 387 02d2 FE39     		.short	14846
 388 02d4 3A3A     		.short	14906
 389 02d6 773A     		.short	14967
 390 02d8 B63A     		.short	15030
 391 02da F73A     		.short	15095
 392 02dc 3A3B     		.short	15162
 393 02de 7F3B     		.short	15231
 394 02e0 C53B     		.short	15301
 395 02e2 0C3C     		.short	15372
 396 02e4 553C     		.short	15445
 397 02e6 9F3C     		.short	15519
 398 02e8 EA3C     		.short	15594
 399 02ea 353D     		.short	15669
ARM GAS  /tmp/ccZU5IOw.s 			page 8


 400 02ec 813D     		.short	15745
 401 02ee CE3D     		.short	15822
 402 02f0 1B3E     		.short	15899
 403 02f2 683E     		.short	15976
 404 02f4 B53E     		.short	16053
 405 02f6 033F     		.short	16131
 406 02f8 503F     		.short	16208
 407 02fa 9D3F     		.short	16285
 408 02fc E93F     		.short	16361
 409 02fe 3540     		.short	16437
 410 0300 8040     		.short	16512
 411 0302 CA40     		.short	16586
 412 0304 1341     		.short	16659
 413 0306 5B41     		.short	16731
 414 0308 A241     		.short	16802
 415 030a E741     		.short	16871
 416 030c 2B42     		.short	16939
 417 030e 6D42     		.short	17005
 418 0310 AE42     		.short	17070
 419 0312 EC42     		.short	17132
 420 0314 2943     		.short	17193
 421 0316 6443     		.short	17252
 422 0318 9D43     		.short	17309
 423 031a D343     		.short	17363
 424 031c 0744     		.short	17415
 425 031e 3944     		.short	17465
 426 0320 6944     		.short	17513
 427 0322 9544     		.short	17557
 428 0324 C044     		.short	17600
 429 0326 E744     		.short	17639
 430 0328 0C45     		.short	17676
 431 032a 2E45     		.short	17710
 432 032c 4D45     		.short	17741
 433 032e 6A45     		.short	17770
 434 0330 8345     		.short	17795
 435 0332 9A45     		.short	17818
 436 0334 AD45     		.short	17837
 437 0336 BE45     		.short	17854
 438 0338 CC45     		.short	17868
 439 033a D745     		.short	17879
 440 033c DF45     		.short	17887
 441 033e E345     		.short	17891
 442 0340 E545     		.short	17893
 443 0342 E445     		.short	17892
 444 0344 E045     		.short	17888
 445 0346 D945     		.short	17881
 446 0348 D045     		.short	17872
 447 034a C345     		.short	17859
 448 034c B445     		.short	17844
 449 034e A245     		.short	17826
 450 0350 8D45     		.short	17805
 451 0352 7545     		.short	17781
 452 0354 5B45     		.short	17755
 453 0356 3F45     		.short	17727
 454 0358 2045     		.short	17696
 455 035a FF44     		.short	17663
 456 035c DB44     		.short	17627
ARM GAS  /tmp/ccZU5IOw.s 			page 9


 457 035e B644     		.short	17590
 458 0360 8E44     		.short	17550
 459 0362 6444     		.short	17508
 460 0364 3944     		.short	17465
 461 0366 0B44     		.short	17419
 462 0368 DC43     		.short	17372
 463 036a AB43     		.short	17323
 464 036c 7943     		.short	17273
 465 036e 4543     		.short	17221
 466 0370 1043     		.short	17168
 467 0372 DA42     		.short	17114
 468 0374 A342     		.short	17059
 469 0376 6B42     		.short	17003
 470 0378 3242     		.short	16946
 471 037a F841     		.short	16888
 472 037c BE41     		.short	16830
 473 037e 8441     		.short	16772
 474 0380 4941     		.short	16713
 475 0382 0D41     		.short	16653
 476 0384 D240     		.short	16594
 477 0386 9740     		.short	16535
 478 0388 5B40     		.short	16475
 479 038a 2040     		.short	16416
 480 038c E63F     		.short	16358
 481 038e AC3F     		.short	16300
 482 0390 723F     		.short	16242
 483 0392 393F     		.short	16185
 484 0394 013F     		.short	16129
 485 0396 CA3E     		.short	16074
 486 0398 943E     		.short	16020
 487 039a 5F3E     		.short	15967
 488 039c 2B3E     		.short	15915
 489 039e F93D     		.short	15865
 490 03a0 C83D     		.short	15816
 491 03a2 993D     		.short	15769
 492 03a4 6B3D     		.short	15723
 493 03a6 3E3D     		.short	15678
 494 03a8 143D     		.short	15636
 495 03aa EB3C     		.short	15595
 496 03ac C53C     		.short	15557
 497 03ae A03C     		.short	15520
 498 03b0 7D3C     		.short	15485
 499 03b2 5C3C     		.short	15452
 500 03b4 3E3C     		.short	15422
 501 03b6 213C     		.short	15393
 502 03b8 073C     		.short	15367
 503 03ba EF3B     		.short	15343
 504 03bc DA3B     		.short	15322
 505 03be C73B     		.short	15303
 506 03c0 B63B     		.short	15286
 507 03c2 A73B     		.short	15271
 508 03c4 9B3B     		.short	15259
 509 03c6 923B     		.short	15250
 510 03c8 8A3B     		.short	15242
 511 03ca 853B     		.short	15237
 512 03cc 833B     		.short	15235
 513 03ce 833B     		.short	15235
ARM GAS  /tmp/ccZU5IOw.s 			page 10


 514 03d0 853B     		.short	15237
 515 03d2 8A3B     		.short	15242
 516 03d4 913B     		.short	15249
 517 03d6 9A3B     		.short	15258
 518 03d8 A63B     		.short	15270
 519 03da B33B     		.short	15283
 520 03dc C33B     		.short	15299
 521 03de D53B     		.short	15317
 522 03e0 EA3B     		.short	15338
 523 03e2 003C     		.short	15360
 524 03e4 183C     		.short	15384
 525 03e6 323C     		.short	15410
 526 03e8 4E3C     		.short	15438
 527 03ea 6C3C     		.short	15468
 528 03ec 8B3C     		.short	15499
 529 03ee AD3C     		.short	15533
 530 03f0 CF3C     		.short	15567
 531 03f2 F33C     		.short	15603
 532 03f4 193D     		.short	15641
 533 03f6 403D     		.short	15680
 534 03f8 683D     		.short	15720
 535 03fa 913D     		.short	15761
 536 03fc BB3D     		.short	15803
 537 03fe E63D     		.short	15846
 538 0400 123E     		.short	15890
 539 0402 3F3E     		.short	15935
 540 0404 6C3E     		.short	15980
 541 0406 9A3E     		.short	16026
 542 0408 C83E     		.short	16072
 543 040a F73E     		.short	16119
 544 040c 263F     		.short	16166
 545 040e 553F     		.short	16213
 546 0410 843F     		.short	16260
 547 0412 B33F     		.short	16307
 548 0414 E13F     		.short	16353
 549 0416 1040     		.short	16400
 550 0418 3E40     		.short	16446
 551 041a 6C40     		.short	16492
 552 041c 9940     		.short	16537
 553 041e C640     		.short	16582
 554 0420 F240     		.short	16626
 555 0422 1D41     		.short	16669
 556 0424 4741     		.short	16711
 557 0426 7041     		.short	16752
 558 0428 9841     		.short	16792
 559 042a C041     		.short	16832
 560 042c E541     		.short	16869
 561 042e 0A42     		.short	16906
 562 0430 2D42     		.short	16941
 563 0432 4F42     		.short	16975
 564 0434 6F42     		.short	17007
 565 0436 8E42     		.short	17038
 566 0438 AB42     		.short	17067
 567 043a C642     		.short	17094
 568 043c E042     		.short	17120
 569 043e F842     		.short	17144
 570 0440 0E43     		.short	17166
ARM GAS  /tmp/ccZU5IOw.s 			page 11


 571 0442 2243     		.short	17186
 572 0444 3543     		.short	17205
 573 0446 4543     		.short	17221
 574 0448 5443     		.short	17236
 575 044a 6143     		.short	17249
 576 044c 6C43     		.short	17260
 577 044e 7543     		.short	17269
 578 0450 7B43     		.short	17275
 579 0452 8043     		.short	17280
 580 0454 8343     		.short	17283
 581 0456 8443     		.short	17284
 582 0458 8443     		.short	17284
 583 045a 8143     		.short	17281
 584 045c 7C43     		.short	17276
 585 045e 7543     		.short	17269
 586 0460 6D43     		.short	17261
 587 0462 6243     		.short	17250
 588 0464 5643     		.short	17238
 589 0466 4843     		.short	17224
 590 0468 3943     		.short	17209
 591 046a 2743     		.short	17191
 592 046c 1443     		.short	17172
 593 046e 0043     		.short	17152
 594 0470 EA42     		.short	17130
 595 0472 D242     		.short	17106
 596 0474 B942     		.short	17081
 597 0476 9F42     		.short	17055
 598 0478 8342     		.short	17027
 599 047a 6642     		.short	16998
 600 047c 4842     		.short	16968
 601 047e 2942     		.short	16937
 602 0480 0942     		.short	16905
 603 0482 E841     		.short	16872
 604 0484 C641     		.short	16838
 605 0486 A441     		.short	16804
 606 0488 8141     		.short	16769
 607 048a 5D41     		.short	16733
 608 048c 3841     		.short	16696
 609 048e 1441     		.short	16660
 610 0490 EE40     		.short	16622
 611 0492 C940     		.short	16585
 612 0494 A340     		.short	16547
 613 0496 7D40     		.short	16509
 614 0498 5840     		.short	16472
 615 049a 3240     		.short	16434
 616 049c 0C40     		.short	16396
 617 049e E73F     		.short	16359
 618 04a0 C23F     		.short	16322
 619 04a2 9D3F     		.short	16285
 620 04a4 793F     		.short	16249
 621 04a6 553F     		.short	16213
 622 04a8 323F     		.short	16178
 623 04aa 103F     		.short	16144
 624 04ac EE3E     		.short	16110
 625 04ae CD3E     		.short	16077
 626 04b0 AD3E     		.short	16045
 627 04b2 8E3E     		.short	16014
ARM GAS  /tmp/ccZU5IOw.s 			page 12


 628 04b4 703E     		.short	15984
 629 04b6 533E     		.short	15955
 630 04b8 373E     		.short	15927
 631 04ba 1D3E     		.short	15901
 632 04bc 043E     		.short	15876
 633 04be EC3D     		.short	15852
 634 04c0 D53D     		.short	15829
 635 04c2 BF3D     		.short	15807
 636 04c4 AB3D     		.short	15787
 637 04c6 993D     		.short	15769
 638 04c8 883D     		.short	15752
 639 04ca 783D     		.short	15736
 640 04cc 6A3D     		.short	15722
 641 04ce 5E3D     		.short	15710
 642 04d0 533D     		.short	15699
 643 04d2 4A3D     		.short	15690
 644 04d4 423D     		.short	15682
 645 04d6 3C3D     		.short	15676
 646 04d8 383D     		.short	15672
 647 04da 353D     		.short	15669
 648 04dc 343D     		.short	15668
 649 04de 343D     		.short	15668
 650 04e0 363D     		.short	15670
 651 04e2 393D     		.short	15673
 652 04e4 3E3D     		.short	15678
 653 04e6 453D     		.short	15685
 654 04e8 4D3D     		.short	15693
 655 04ea 573D     		.short	15703
 656 04ec 623D     		.short	15714
 657 04ee 6E3D     		.short	15726
 658 04f0 7C3D     		.short	15740
 659 04f2 8B3D     		.short	15755
 660 04f4 9B3D     		.short	15771
 661 04f6 AD3D     		.short	15789
 662 04f8 C03D     		.short	15808
 663 04fa D43D     		.short	15828
 664 04fc E93D     		.short	15849
 665 04fe FF3D     		.short	15871
 666 0500 173E     		.short	15895
 667 0502 2F3E     		.short	15919
 668 0504 483E     		.short	15944
 669 0506 623E     		.short	15970
 670 0508 7C3E     		.short	15996
 671 050a 973E     		.short	16023
 672 050c B33E     		.short	16051
 673 050e D03E     		.short	16080
 674 0510 ED3E     		.short	16109
 675 0512 0A3F     		.short	16138
 676 0514 283F     		.short	16168
 677 0516 463F     		.short	16198
 678 0518 643F     		.short	16228
 679 051a 823F     		.short	16258
 680 051c A13F     		.short	16289
 681 051e BF3F     		.short	16319
 682 0520 DE3F     		.short	16350
 683 0522 FC3F     		.short	16380
 684 0524 1A40     		.short	16410
ARM GAS  /tmp/ccZU5IOw.s 			page 13


 685 0526 3840     		.short	16440
 686 0528 5540     		.short	16469
 687 052a 7240     		.short	16498
 688 052c 8F40     		.short	16527
 689 052e AB40     		.short	16555
 690 0530 C740     		.short	16583
 691 0532 E140     		.short	16609
 692 0534 FC40     		.short	16636
 693 0536 1541     		.short	16661
 694 0538 2E41     		.short	16686
 695 053a 4641     		.short	16710
 696 053c 5D41     		.short	16733
 697 053e 7341     		.short	16755
 698 0540 8841     		.short	16776
 699 0542 9C41     		.short	16796
 700 0544 AF41     		.short	16815
 701 0546 C041     		.short	16832
 702 0548 D141     		.short	16849
 703 054a E141     		.short	16865
 704 054c EF41     		.short	16879
 705 054e FC41     		.short	16892
 706 0550 0842     		.short	16904
 707 0552 1342     		.short	16915
 708 0554 1C42     		.short	16924
 709 0556 2442     		.short	16932
 710 0558 2B42     		.short	16939
 711 055a 3042     		.short	16944
 712 055c 3542     		.short	16949
 713 055e 3742     		.short	16951
 714 0560 3942     		.short	16953
 715 0562 3942     		.short	16953
 716 0564 3842     		.short	16952
 717 0566 3642     		.short	16950
 718 0568 3242     		.short	16946
 719 056a 2E42     		.short	16942
 720 056c 2742     		.short	16935
 721 056e 2042     		.short	16928
 722 0570 1842     		.short	16920
 723 0572 0E42     		.short	16910
 724 0574 0342     		.short	16899
 725 0576 F841     		.short	16888
 726 0578 EB41     		.short	16875
 727 057a DD41     		.short	16861
 728 057c CE41     		.short	16846
 729 057e BE41     		.short	16830
 730 0580 AD41     		.short	16813
 731 0582 9C41     		.short	16796
 732 0584 8941     		.short	16777
 733 0586 7641     		.short	16758
 734 0588 6241     		.short	16738
 735 058a 4D41     		.short	16717
 736 058c 3841     		.short	16696
 737 058e 2241     		.short	16674
 738 0590 0C41     		.short	16652
 739 0592 F540     		.short	16629
 740 0594 DE40     		.short	16606
 741 0596 C740     		.short	16583
ARM GAS  /tmp/ccZU5IOw.s 			page 14


 742 0598 AF40     		.short	16559
 743 059a 9740     		.short	16535
 744 059c 7E40     		.short	16510
 745 059e 6640     		.short	16486
 746 05a0 4E40     		.short	16462
 747 05a2 3540     		.short	16437
 748 05a4 1D40     		.short	16413
 749 05a6 0540     		.short	16389
 750 05a8 ED3F     		.short	16365
 751 05aa D53F     		.short	16341
 752 05ac BD3F     		.short	16317
 753 05ae A63F     		.short	16294
 754 05b0 8F3F     		.short	16271
 755 05b2 783F     		.short	16248
 756 05b4 623F     		.short	16226
 757 05b6 4D3F     		.short	16205
 758 05b8 383F     		.short	16184
 759 05ba 233F     		.short	16163
 760 05bc 0F3F     		.short	16143
 761 05be FC3E     		.short	16124
 762 05c0 EA3E     		.short	16106
 763 05c2 D83E     		.short	16088
 764 05c4 C83E     		.short	16072
 765 05c6 B83E     		.short	16056
 766 05c8 A93E     		.short	16041
 767 05ca 9A3E     		.short	16026
 768 05cc 8D3E     		.short	16013
 769 05ce 813E     		.short	16001
 770 05d0 753E     		.short	15989
 771 05d2 6B3E     		.short	15979
 772 05d4 623E     		.short	15970
 773 05d6 593E     		.short	15961
 774 05d8 523E     		.short	15954
 775 05da 4C3E     		.short	15948
 776 05dc 463E     		.short	15942
 777 05de 423E     		.short	15938
 778 05e0 3F3E     		.short	15935
 779 05e2 3D3E     		.short	15933
 780 05e4 3C3E     		.short	15932
 781 05e6 3C3E     		.short	15932
 782 05e8 3D3E     		.short	15933
 783 05ea 3F3E     		.short	15935
 784 05ec 423E     		.short	15938
 785 05ee 463E     		.short	15942
 786 05f0 4B3E     		.short	15947
 787 05f2 513E     		.short	15953
 788 05f4 583E     		.short	15960
 789 05f6 603E     		.short	15968
 790 05f8 693E     		.short	15977
 791 05fa 733E     		.short	15987
 792 05fc 7D3E     		.short	15997
 793 05fe 893E     		.short	16009
 794 0600 953E     		.short	16021
 795 0602 A23E     		.short	16034
 796 0604 AF3E     		.short	16047
 797 0606 BE3E     		.short	16062
 798 0608 CC3E     		.short	16076
ARM GAS  /tmp/ccZU5IOw.s 			page 15


 799 060a DC3E     		.short	16092
 800 060c EC3E     		.short	16108
 801 060e FD3E     		.short	16125
 802 0610 0E3F     		.short	16142
 803 0612 1F3F     		.short	16159
 804 0614 313F     		.short	16177
 805 0616 433F     		.short	16195
 806 0618 563F     		.short	16214
 807 061a 693F     		.short	16233
 808 061c 7C3F     		.short	16252
 809 061e 8F3F     		.short	16271
 810 0620 A23F     		.short	16290
 811 0622 B63F     		.short	16310
 812 0624 C93F     		.short	16329
 813 0626 DC3F     		.short	16348
 814 0628 F03F     		.short	16368
 815 062a 0340     		.short	16387
 816 062c 1640     		.short	16406
 817 062e 2940     		.short	16425
 818 0630 3C40     		.short	16444
 819 0632 4E40     		.short	16462
 820 0634 6040     		.short	16480
 821 0636 7240     		.short	16498
 822 0638 8340     		.short	16515
 823 063a 9440     		.short	16532
 824 063c A440     		.short	16548
 825 063e B440     		.short	16564
 826 0640 C440     		.short	16580
 827 0642 D240     		.short	16594
 828 0644 E140     		.short	16609
 829 0646 EE40     		.short	16622
 830 0648 FB40     		.short	16635
 831 064a 0741     		.short	16647
 832 064c 1341     		.short	16659
 833 064e 1E41     		.short	16670
 834 0650 2841     		.short	16680
 835 0652 3141     		.short	16689
 836 0654 3941     		.short	16697
 837 0656 4141     		.short	16705
 838 0658 4841     		.short	16712
 839 065a 4E41     		.short	16718
 840 065c 5341     		.short	16723
 841 065e 5841     		.short	16728
 842 0660 5B41     		.short	16731
 843 0662 5E41     		.short	16734
 844 0664 6041     		.short	16736
 845 0666 6141     		.short	16737
 846 0668 6141     		.short	16737
 847 066a 6141     		.short	16737
 848 066c 6041     		.short	16736
 849 066e 5D41     		.short	16733
 850 0670 5A41     		.short	16730
 851 0672 5741     		.short	16727
 852 0674 5241     		.short	16722
 853 0676 4D41     		.short	16717
 854 0678 4741     		.short	16711
 855 067a 4041     		.short	16704
ARM GAS  /tmp/ccZU5IOw.s 			page 16


 856 067c 3841     		.short	16696
 857 067e 3041     		.short	16688
 858 0680 2741     		.short	16679
 859 0682 1E41     		.short	16670
 860 0684 1441     		.short	16660
 861 0686 0941     		.short	16649
 862 0688 FE40     		.short	16638
 863 068a F340     		.short	16627
 864 068c E740     		.short	16615
 865 068e DA40     		.short	16602
 866 0690 CD40     		.short	16589
 867 0692 C040     		.short	16576
 868 0694 B240     		.short	16562
 869 0696 A440     		.short	16548
 870 0698 9640     		.short	16534
 871 069a 8740     		.short	16519
 872 069c 7840     		.short	16504
 873 069e 6940     		.short	16489
 874 06a0 5A40     		.short	16474
 875 06a2 4B40     		.short	16459
 876 06a4 3C40     		.short	16444
 877 06a6 2D40     		.short	16429
 878 06a8 1E40     		.short	16414
 879 06aa 0E40     		.short	16398
 880 06ac FF3F     		.short	16383
 881 06ae F03F     		.short	16368
 882 06b0 E23F     		.short	16354
 883 06b2 D33F     		.short	16339
 884 06b4 C43F     		.short	16324
 885 06b6 B63F     		.short	16310
 886 06b8 A83F     		.short	16296
 887 06ba 9B3F     		.short	16283
 888 06bc 8E3F     		.short	16270
 889 06be 813F     		.short	16257
 890 06c0 743F     		.short	16244
 891 06c2 683F     		.short	16232
 892 06c4 5D3F     		.short	16221
 893 06c6 523F     		.short	16210
 894 06c8 473F     		.short	16199
 895 06ca 3D3F     		.short	16189
 896 06cc 333F     		.short	16179
 897 06ce 2A3F     		.short	16170
 898 06d0 223F     		.short	16162
 899 06d2 1A3F     		.short	16154
 900 06d4 133F     		.short	16147
 901 06d6 0C3F     		.short	16140
 902 06d8 063F     		.short	16134
 903 06da 013F     		.short	16129
 904 06dc FC3E     		.short	16124
 905 06de F83E     		.short	16120
 906 06e0 F53E     		.short	16117
 907 06e2 F23E     		.short	16114
 908 06e4 F03E     		.short	16112
 909 06e6 EE3E     		.short	16110
 910 06e8 EE3E     		.short	16110
 911 06ea ED3E     		.short	16109
 912 06ec EE3E     		.short	16110
ARM GAS  /tmp/ccZU5IOw.s 			page 17


 913 06ee EF3E     		.short	16111
 914 06f0 F13E     		.short	16113
 915 06f2 F33E     		.short	16115
 916 06f4 F63E     		.short	16118
 917 06f6 FA3E     		.short	16122
 918 06f8 FE3E     		.short	16126
 919 06fa 033F     		.short	16131
 920 06fc 083F     		.short	16136
 921 06fe 0E3F     		.short	16142
 922 0700 153F     		.short	16149
 923 0702 1B3F     		.short	16155
 924 0704 233F     		.short	16163
 925 0706 2B3F     		.short	16171
 926 0708 333F     		.short	16179
 927 070a 3C3F     		.short	16188
 928 070c 453F     		.short	16197
 929 070e 4E3F     		.short	16206
 930 0710 583F     		.short	16216
 931 0712 623F     		.short	16226
 932 0714 6C3F     		.short	16236
 933 0716 773F     		.short	16247
 934 0718 823F     		.short	16258
 935 071a 8D3F     		.short	16269
 936 071c 983F     		.short	16280
 937 071e A43F     		.short	16292
 938 0720 AF3F     		.short	16303
 939 0722 BB3F     		.short	16315
 940 0724 C73F     		.short	16327
 941 0726 D23F     		.short	16338
 942 0728 DE3F     		.short	16350
 943 072a EA3F     		.short	16362
 944 072c F63F     		.short	16374
 945 072e 0140     		.short	16385
 946 0730 0D40     		.short	16397
 947 0732 1840     		.short	16408
 948 0734 2340     		.short	16419
 949 0736 2E40     		.short	16430
 950 0738 3940     		.short	16441
 951 073a 4440     		.short	16452
 952 073c 4E40     		.short	16462
 953 073e 5840     		.short	16472
 954 0740 6240     		.short	16482
 955 0742 6C40     		.short	16492
 956 0744 7540     		.short	16501
 957 0746 7E40     		.short	16510
 958 0748 8640     		.short	16518
 959 074a 8E40     		.short	16526
 960 074c 9640     		.short	16534
 961 074e 9D40     		.short	16541
 962 0750 A340     		.short	16547
 963 0752 AA40     		.short	16554
 964 0754 B040     		.short	16560
 965 0756 B540     		.short	16565
 966 0758 BA40     		.short	16570
 967 075a BE40     		.short	16574
 968 075c C240     		.short	16578
 969 075e C640     		.short	16582
ARM GAS  /tmp/ccZU5IOw.s 			page 18


 970 0760 C940     		.short	16585
 971 0762 CB40     		.short	16587
 972 0764 CD40     		.short	16589
 973 0766 CE40     		.short	16590
 974 0768 CF40     		.short	16591
 975 076a D040     		.short	16592
 976 076c CF40     		.short	16591
 977 076e CF40     		.short	16591
 978 0770 CE40     		.short	16590
 979 0772 CC40     		.short	16588
 980 0774 CA40     		.short	16586
 981 0776 C840     		.short	16584
 982 0778 C540     		.short	16581
 983 077a C140     		.short	16577
 984 077c BD40     		.short	16573
 985 077e B940     		.short	16569
 986 0780 B440     		.short	16564
 987 0782 AF40     		.short	16559
 988 0784 AA40     		.short	16554
 989 0786 A440     		.short	16548
 990 0788 9E40     		.short	16542
 991 078a 9840     		.short	16536
 992 078c 9140     		.short	16529
 993 078e 8A40     		.short	16522
 994 0790 8240     		.short	16514
 995 0792 7B40     		.short	16507
 996 0794 7340     		.short	16499
 997 0796 6B40     		.short	16491
 998 0798 6340     		.short	16483
 999 079a 5A40     		.short	16474
 1000 079c 5240     		.short	16466
 1001 079e 4940     		.short	16457
 1002 07a0 4140     		.short	16449
 1003 07a2 3840     		.short	16440
 1004 07a4 2F40     		.short	16431
 1005 07a6 2640     		.short	16422
 1006 07a8 1D40     		.short	16413
 1007 07aa 1440     		.short	16404
 1008 07ac 0B40     		.short	16395
 1009 07ae 0340     		.short	16387
 1010 07b0 FA3F     		.short	16378
 1011 07b2 F13F     		.short	16369
 1012 07b4 E93F     		.short	16361
 1013 07b6 E03F     		.short	16352
 1014 07b8 D83F     		.short	16344
 1015 07ba D03F     		.short	16336
 1016 07bc C83F     		.short	16328
 1017 07be C03F     		.short	16320
 1018 07c0 B93F     		.short	16313
 1019 07c2 B23F     		.short	16306
 1020 07c4 AB3F     		.short	16299
 1021 07c6 A43F     		.short	16292
 1022 07c8 9D3F     		.short	16285
 1023 07ca 973F     		.short	16279
 1024 07cc 913F     		.short	16273
 1025 07ce 8C3F     		.short	16268
 1026 07d0 873F     		.short	16263
ARM GAS  /tmp/ccZU5IOw.s 			page 19


 1027 07d2 823F     		.short	16258
 1028 07d4 7D3F     		.short	16253
 1029 07d6 793F     		.short	16249
 1030 07d8 753F     		.short	16245
 1031 07da 723F     		.short	16242
 1032 07dc 6F3F     		.short	16239
 1033 07de 6C3F     		.short	16236
 1034 07e0 6A3F     		.short	16234
 1035 07e2 683F     		.short	16232
 1036 07e4 673F     		.short	16231
 1037 07e6 653F     		.short	16229
 1038 07e8 653F     		.short	16229
 1039 07ea 643F     		.short	16228
 1040 07ec 643F     		.short	16228
 1041 07ee 653F     		.short	16229
 1042 07f0 653F     		.short	16229
 1043 07f2 663F     		.short	16230
 1044 07f4 683F     		.short	16232
 1045 07f6 6A3F     		.short	16234
 1046 07f8 6C3F     		.short	16236
 1047 07fa 6E3F     		.short	16238
 1048 07fc 713F     		.short	16241
 1049 07fe 743F     		.short	16244
 1050 0800 783F     		.short	16248
 1051 0802 7B3F     		.short	16251
 1052 0804 7F3F     		.short	16255
 1053 0806 843F     		.short	16260
 1054 0808 883F     		.short	16264
 1055 080a 8D3F     		.short	16269
 1056 080c 923F     		.short	16274
 1057 080e 973F     		.short	16279
 1058 0810 9D3F     		.short	16285
 1059 0812 A23F     		.short	16290
 1060 0814 A83F     		.short	16296
 1061 0816 AE3F     		.short	16302
 1062 0818 B43F     		.short	16308
 1063 081a BA3F     		.short	16314
 1064 081c C13F     		.short	16321
 1065 081e C73F     		.short	16327
 1066 0820 CD3F     		.short	16333
 1067 0822 D43F     		.short	16340
 1068 0824 DB3F     		.short	16347
 1069 0826 E13F     		.short	16353
 1070 0828 E83F     		.short	16360
 1071 082a EE3F     		.short	16366
 1072 082c F53F     		.short	16373
 1073 082e FB3F     		.short	16379
 1074 0830 0240     		.short	16386
 1075 0832 0840     		.short	16392
 1076 0834 0F40     		.short	16399
 1077 0836 1540     		.short	16405
 1078 0838 1B40     		.short	16411
 1079 083a 2140     		.short	16417
 1080 083c 2740     		.short	16423
 1081 083e 2D40     		.short	16429
 1082 0840 3240     		.short	16434
 1083 0842 3740     		.short	16439
ARM GAS  /tmp/ccZU5IOw.s 			page 20


 1084 0844 3D40     		.short	16445
 1085 0846 4240     		.short	16450
 1086 0848 4640     		.short	16454
 1087 084a 4B40     		.short	16459
 1088 084c 4F40     		.short	16463
 1089 084e 5340     		.short	16467
 1090 0850 5740     		.short	16471
 1091 0852 5B40     		.short	16475
 1092 0854 5E40     		.short	16478
 1093 0856 6140     		.short	16481
 1094 0858 6440     		.short	16484
 1095 085a 6640     		.short	16486
 1096 085c 6940     		.short	16489
 1097 085e 6B40     		.short	16491
 1098 0860 6C40     		.short	16492
 1099 0862 6E40     		.short	16494
 1100 0864 6F40     		.short	16495
 1101 0866 7040     		.short	16496
 1102 0868 7040     		.short	16496
 1103 086a 7040     		.short	16496
 1104 086c 7040     		.short	16496
 1105 086e 7040     		.short	16496
 1106 0870 7040     		.short	16496
 1107 0872 6F40     		.short	16495
 1108 0874 6E40     		.short	16494
 1109 0876 6C40     		.short	16492
 1110 0878 6B40     		.short	16491
 1111 087a 6940     		.short	16489
 1112 087c 6740     		.short	16487
 1113 087e 6440     		.short	16484
 1114 0880 6240     		.short	16482
 1115 0882 5F40     		.short	16479
 1116 0884 5C40     		.short	16476
 1117 0886 5940     		.short	16473
 1118 0888 5640     		.short	16470
 1119 088a 5240     		.short	16466
 1120 088c 4F40     		.short	16463
 1121 088e 4B40     		.short	16459
 1122 0890 4740     		.short	16455
 1123 0892 4340     		.short	16451
 1124 0894 3E40     		.short	16446
 1125 0896 3A40     		.short	16442
 1126 0898 3640     		.short	16438
 1127 089a 3140     		.short	16433
 1128 089c 2D40     		.short	16429
 1129 089e 2840     		.short	16424
 1130 08a0 2340     		.short	16419
 1131 08a2 1F40     		.short	16415
 1132 08a4 1A40     		.short	16410
 1133 08a6 1540     		.short	16405
 1134 08a8 1040     		.short	16400
 1135 08aa 0B40     		.short	16395
 1136 08ac 0740     		.short	16391
 1137 08ae 0240     		.short	16386
 1138 08b0 FD3F     		.short	16381
 1139 08b2 F93F     		.short	16377
 1140 08b4 F43F     		.short	16372
ARM GAS  /tmp/ccZU5IOw.s 			page 21


 1141 08b6 F03F     		.short	16368
 1142 08b8 EB3F     		.short	16363
 1143 08ba E73F     		.short	16359
 1144 08bc E33F     		.short	16355
 1145 08be DF3F     		.short	16351
 1146 08c0 DB3F     		.short	16347
 1147 08c2 D73F     		.short	16343
 1148 08c4 D33F     		.short	16339
 1149 08c6 D03F     		.short	16336
 1150 08c8 CC3F     		.short	16332
 1151 08ca C93F     		.short	16329
 1152 08cc C63F     		.short	16326
 1153 08ce C33F     		.short	16323
 1154 08d0 C03F     		.short	16320
 1155 08d2 BE3F     		.short	16318
 1156 08d4 BC3F     		.short	16316
 1157 08d6 B93F     		.short	16313
 1158 08d8 B73F     		.short	16311
 1159 08da B63F     		.short	16310
 1160 08dc B43F     		.short	16308
 1161 08de B33F     		.short	16307
 1162 08e0 B23F     		.short	16306
 1163 08e2 B13F     		.short	16305
 1164 08e4 B03F     		.short	16304
 1165 08e6 B03F     		.short	16304
 1166 08e8 AF3F     		.short	16303
 1167 08ea AF3F     		.short	16303
 1168 08ec AF3F     		.short	16303
 1169 08ee AF3F     		.short	16303
 1170 08f0 B03F     		.short	16304
 1171 08f2 B13F     		.short	16305
 1172 08f4 B13F     		.short	16305
 1173 08f6 B23F     		.short	16306
 1174 08f8 B43F     		.short	16308
 1175 08fa B53F     		.short	16309
 1176 08fc B73F     		.short	16311
 1177 08fe B83F     		.short	16312
 1178 0900 BA3F     		.short	16314
 1179 0902 BC3F     		.short	16316
 1180 0904 BE3F     		.short	16318
 1181 0906 C13F     		.short	16321
 1182 0908 C33F     		.short	16323
 1183 090a C63F     		.short	16326
 1184 090c C83F     		.short	16328
 1185 090e CB3F     		.short	16331
 1186 0910 CE3F     		.short	16334
 1187 0912 D13F     		.short	16337
 1188 0914 D43F     		.short	16340
 1189 0916 D73F     		.short	16343
 1190 0918 DA3F     		.short	16346
 1191 091a DD3F     		.short	16349
 1192 091c E13F     		.short	16353
 1193 091e E43F     		.short	16356
 1194 0920 E73F     		.short	16359
 1195 0922 EB3F     		.short	16363
 1196 0924 EE3F     		.short	16366
 1197 0926 F13F     		.short	16369
ARM GAS  /tmp/ccZU5IOw.s 			page 22


 1198 0928 F53F     		.short	16373
 1199 092a F83F     		.short	16376
 1200 092c FB3F     		.short	16379
 1201 092e FF3F     		.short	16383
 1202 0930 0240     		.short	16386
 1203 0932 0540     		.short	16389
 1204 0934 0840     		.short	16392
 1205 0936 0C40     		.short	16396
 1206 0938 0F40     		.short	16399
 1207 093a 1240     		.short	16402
 1208 093c 1440     		.short	16404
 1209 093e 1740     		.short	16407
 1210 0940 1A40     		.short	16410
 1211 0942 1D40     		.short	16413
 1212 0944 1F40     		.short	16415
 1213 0946 2240     		.short	16418
 1214 0948 2440     		.short	16420
 1215 094a 2640     		.short	16422
 1216 094c 2840     		.short	16424
 1217 094e 2A40     		.short	16426
 1218 0950 2C40     		.short	16428
 1219 0952 2E40     		.short	16430
 1220 0954 2F40     		.short	16431
 1221 0956 3040     		.short	16432
 1222 0958 3240     		.short	16434
 1223 095a 3340     		.short	16435
 1224 095c 3440     		.short	16436
 1225 095e 3540     		.short	16437
 1226 0960 3540     		.short	16437
 1227 0962 3640     		.short	16438
 1228 0964 3640     		.short	16438
 1229 0966 3740     		.short	16439
 1230 0968 3740     		.short	16439
 1231 096a 3740     		.short	16439
 1232 096c 3740     		.short	16439
 1233 096e 3640     		.short	16438
 1234 0970 3640     		.short	16438
 1235 0972 3540     		.short	16437
 1236 0974 3540     		.short	16437
 1237 0976 3440     		.short	16436
 1238 0978 3340     		.short	16435
 1239 097a 3240     		.short	16434
 1240 097c 3140     		.short	16433
 1241 097e 2F40     		.short	16431
 1242 0980 2E40     		.short	16430
 1243 0982 2D40     		.short	16429
 1244 0984 2B40     		.short	16427
 1245 0986 2940     		.short	16425
 1246 0988 2840     		.short	16424
 1247 098a 2640     		.short	16422
 1248 098c 2440     		.short	16420
 1249 098e 2240     		.short	16418
 1250 0990 2040     		.short	16416
 1251 0992 1E40     		.short	16414
 1252 0994 1C40     		.short	16412
 1253 0996 1A40     		.short	16410
 1254 0998 1740     		.short	16407
ARM GAS  /tmp/ccZU5IOw.s 			page 23


 1255 099a 1540     		.short	16405
 1256 099c 1340     		.short	16403
 1257 099e 1140     		.short	16401
 1258 09a0 0E40     		.short	16398
 1259 09a2 0C40     		.short	16396
 1260 09a4 0A40     		.short	16394
 1261 09a6 0740     		.short	16391
 1262 09a8 0540     		.short	16389
 1263 09aa 0340     		.short	16387
 1264 09ac 0040     		.short	16384
 1265 09ae FE3F     		.short	16382
 1266 09b0 FC3F     		.short	16380
 1267 09b2 FA3F     		.short	16378
 1268 09b4 F83F     		.short	16376
 1269 09b6 F63F     		.short	16374
 1270 09b8 F43F     		.short	16372
 1271 09ba F23F     		.short	16370
 1272 09bc F03F     		.short	16368
 1273 09be EE3F     		.short	16366
 1274 09c0 EC3F     		.short	16364
 1275 09c2 EA3F     		.short	16362
 1276 09c4 E93F     		.short	16361
 1277 09c6 E73F     		.short	16359
 1278 09c8 E63F     		.short	16358
 1279 09ca E43F     		.short	16356
 1280 09cc E33F     		.short	16355
 1281 09ce E23F     		.short	16354
 1282 09d0 E13F     		.short	16353
 1283 09d2 E03F     		.short	16352
 1284 09d4 DF3F     		.short	16351
 1285 09d6 DE3F     		.short	16350
 1286 09d8 DD3F     		.short	16349
 1287 09da DC3F     		.short	16348
 1288 09dc DC3F     		.short	16348
 1289 09de DB3F     		.short	16347
 1290 09e0 DB3F     		.short	16347
 1291 09e2 DB3F     		.short	16347
 1292 09e4 DB3F     		.short	16347
 1293 09e6 DA3F     		.short	16346
 1294 09e8 DB3F     		.short	16347
 1295 09ea DB3F     		.short	16347
 1296 09ec DB3F     		.short	16347
 1297 09ee DB3F     		.short	16347
 1298 09f0 DC3F     		.short	16348
 1299 09f2 DC3F     		.short	16348
 1300 09f4 DD3F     		.short	16349
 1301 09f6 DD3F     		.short	16349
 1302 09f8 DE3F     		.short	16350
 1303 09fa DF3F     		.short	16351
 1304 09fc E03F     		.short	16352
 1305 09fe E13F     		.short	16353
 1306 0a00 E23F     		.short	16354
 1307 0a02 E33F     		.short	16355
 1308 0a04 E43F     		.short	16356
 1309 0a06 E53F     		.short	16357
 1310 0a08 E63F     		.short	16358
 1311 0a0a E73F     		.short	16359
ARM GAS  /tmp/ccZU5IOw.s 			page 24


 1312 0a0c E93F     		.short	16361
 1313 0a0e EA3F     		.short	16362
 1314 0a10 EC3F     		.short	16364
 1315 0a12 ED3F     		.short	16365
 1316 0a14 EF3F     		.short	16367
 1317 0a16 F03F     		.short	16368
 1318 0a18 F23F     		.short	16370
 1319 0a1a F33F     		.short	16371
 1320 0a1c F53F     		.short	16373
 1321 0a1e F63F     		.short	16374
 1322 0a20 F83F     		.short	16376
 1323 0a22 F93F     		.short	16377
 1324 0a24 FB3F     		.short	16379
 1325 0a26 FC3F     		.short	16380
 1326 0a28 FE3F     		.short	16382
 1327 0a2a FF3F     		.short	16383
 1328 0a2c 0140     		.short	16385
 1329 0a2e 0240     		.short	16386
 1330 0a30 0440     		.short	16388
 1331 0a32 0540     		.short	16389
 1332 0a34 0740     		.short	16391
 1333 0a36 0840     		.short	16392
 1334 0a38 0940     		.short	16393
 1335 0a3a 0A40     		.short	16394
 1336 0a3c 0C40     		.short	16396
 1337 0a3e 0D40     		.short	16397
 1338 0a40 0E40     		.short	16398
 1339 0a42 0F40     		.short	16399
 1340 0a44 1040     		.short	16400
 1341 0a46 1140     		.short	16401
 1342 0a48 1240     		.short	16402
 1343 0a4a 1340     		.short	16403
 1344 0a4c 1440     		.short	16404
 1345 0a4e 1440     		.short	16404
 1346 0a50 1540     		.short	16405
 1347 0a52 1540     		.short	16405
 1348 0a54 1640     		.short	16406
 1349 0a56 1640     		.short	16406
 1350 0a58 1740     		.short	16407
 1351 0a5a 1740     		.short	16407
 1352 0a5c 1740     		.short	16407
 1353 0a5e 1840     		.short	16408
 1354 0a60 1840     		.short	16408
 1355 0a62 1840     		.short	16408
 1356 0a64 1840     		.short	16408
 1357 0a66 1840     		.short	16408
 1358 0a68 1840     		.short	16408
 1359 0a6a 1740     		.short	16407
 1360 0a6c 1740     		.short	16407
 1361 0a6e 1740     		.short	16407
 1362 0a70 1740     		.short	16407
 1363 0a72 1640     		.short	16406
 1364 0a74 1640     		.short	16406
 1365 0a76 1540     		.short	16405
 1366 0a78 1540     		.short	16405
 1367 0a7a 1440     		.short	16404
 1368 0a7c 1340     		.short	16403
ARM GAS  /tmp/ccZU5IOw.s 			page 25


 1369 0a7e 1340     		.short	16403
 1370 0a80 1240     		.short	16402
 1371 0a82 1140     		.short	16401
 1372 0a84 1040     		.short	16400
 1373 0a86 0F40     		.short	16399
 1374 0a88 0F40     		.short	16399
 1375 0a8a 0E40     		.short	16398
 1376 0a8c 0D40     		.short	16397
 1377 0a8e 0C40     		.short	16396
 1378 0a90 0B40     		.short	16395
 1379 0a92 0A40     		.short	16394
 1380 0a94 0940     		.short	16393
 1381 0a96 0840     		.short	16392
 1382 0a98 0740     		.short	16391
 1383 0a9a 0640     		.short	16390
 1384 0a9c 0540     		.short	16389
 1385 0a9e 0440     		.short	16388
 1386 0aa0 0340     		.short	16387
 1387 0aa2 0240     		.short	16386
 1388 0aa4 0140     		.short	16385
 1389 0aa6 0040     		.short	16384
 1390 0aa8 FF3F     		.short	16383
 1391 0aaa FE3F     		.short	16382
 1392 0aac FD3F     		.short	16381
 1393 0aae FC3F     		.short	16380
 1394 0ab0 FB3F     		.short	16379
 1395 0ab2 FA3F     		.short	16378
 1396 0ab4 F93F     		.short	16377
 1397 0ab6 F83F     		.short	16376
 1398 0ab8 F83F     		.short	16376
 1399 0aba F73F     		.short	16375
 1400 0abc F63F     		.short	16374
 1401 0abe F53F     		.short	16373
 1402 0ac0 F53F     		.short	16373
 1403 0ac2 F43F     		.short	16372
 1404 0ac4 F43F     		.short	16372
 1405 0ac6 F33F     		.short	16371
 1406 0ac8 F33F     		.short	16371
 1407 0aca F23F     		.short	16370
 1408 0acc F23F     		.short	16370
 1409 0ace F13F     		.short	16369
 1410 0ad0 F13F     		.short	16369
 1411 0ad2 F13F     		.short	16369
 1412 0ad4 F03F     		.short	16368
 1413 0ad6 F03F     		.short	16368
 1414 0ad8 F03F     		.short	16368
 1415 0ada F03F     		.short	16368
 1416 0adc F03F     		.short	16368
 1417 0ade F03F     		.short	16368
 1418 0ae0 F03F     		.short	16368
 1419 0ae2 F03F     		.short	16368
 1420 0ae4 F03F     		.short	16368
 1421 0ae6 F03F     		.short	16368
 1422 0ae8 F03F     		.short	16368
 1423 0aea F03F     		.short	16368
 1424 0aec F13F     		.short	16369
 1425 0aee F13F     		.short	16369
ARM GAS  /tmp/ccZU5IOw.s 			page 26


 1426 0af0 F13F     		.short	16369
 1427 0af2 F23F     		.short	16370
 1428 0af4 F23F     		.short	16370
 1429 0af6 F23F     		.short	16370
 1430 0af8 F33F     		.short	16371
 1431 0afa F33F     		.short	16371
 1432 0afc F43F     		.short	16372
 1433 0afe F43F     		.short	16372
 1434 0b00 F53F     		.short	16373
 1435 0b02 F53F     		.short	16373
 1436 0b04 F63F     		.short	16374
 1437 0b06 F63F     		.short	16374
 1438 0b08 F73F     		.short	16375
 1439 0b0a F83F     		.short	16376
 1440 0b0c F83F     		.short	16376
 1441 0b0e F93F     		.short	16377
 1442 0b10 FA3F     		.short	16378
 1443 0b12 FA3F     		.short	16378
 1444 0b14 FB3F     		.short	16379
 1445 0b16 FC3F     		.short	16380
 1446 0b18 FC3F     		.short	16380
 1447 0b1a FD3F     		.short	16381
 1448 0b1c FE3F     		.short	16382
 1449 0b1e FE3F     		.short	16382
 1450 0b20 FF3F     		.short	16383
 1451 0b22 FF3F     		.short	16383
 1452 0b24 0040     		.short	16384
 1453 0b26 0140     		.short	16385
 1454 0b28 0140     		.short	16385
 1455 0b2a 0240     		.short	16386
 1456 0b2c 0240     		.short	16386
 1457 0b2e 0340     		.short	16387
 1458 0b30 0440     		.short	16388
 1459 0b32 0440     		.short	16388
 1460 0b34 0540     		.short	16389
 1461 0b36 0540     		.short	16389
 1462 0b38 0640     		.short	16390
 1463 0b3a 0640     		.short	16390
 1464 0b3c 0640     		.short	16390
 1465 0b3e 0740     		.short	16391
 1466 0b40 0740     		.short	16391
 1467 0b42 0740     		.short	16391
 1468 0b44 0840     		.short	16392
 1469 0b46 0840     		.short	16392
 1470 0b48 0840     		.short	16392
 1471 0b4a 0940     		.short	16393
 1472 0b4c 0940     		.short	16393
 1473 0b4e 0940     		.short	16393
 1474 0b50 0940     		.short	16393
 1475 0b52 0940     		.short	16393
 1476 0b54 0940     		.short	16393
 1477 0b56 0940     		.short	16393
 1478 0b58 0940     		.short	16393
 1479 0b5a 0940     		.short	16393
 1480 0b5c 0940     		.short	16393
 1481 0b5e 0940     		.short	16393
 1482 0b60 0940     		.short	16393
ARM GAS  /tmp/ccZU5IOw.s 			page 27


 1483 0b62 0940     		.short	16393
 1484 0b64 0940     		.short	16393
 1485 0b66 0940     		.short	16393
 1486 0b68 0940     		.short	16393
 1487 0b6a 0940     		.short	16393
 1488 0b6c 0840     		.short	16392
 1489 0b6e 0840     		.short	16392
 1490 0b70 0840     		.short	16392
 1491 0b72 0840     		.short	16392
 1492 0b74 0740     		.short	16391
 1493 0b76 0740     		.short	16391
 1494 0b78 0740     		.short	16391
 1495 0b7a 0640     		.short	16390
 1496 0b7c 0640     		.short	16390
 1497 0b7e 0640     		.short	16390
 1498 0b80 0540     		.short	16389
 1499 0b82 0540     		.short	16389
 1500 0b84 0540     		.short	16389
 1501 0b86 0440     		.short	16388
 1502 0b88 0440     		.short	16388
 1503 0b8a 0340     		.short	16387
 1504 0b8c 0340     		.short	16387
 1505 0b8e 0340     		.short	16387
 1506 0b90 0240     		.short	16386
 1507 0b92 0240     		.short	16386
 1508 0b94 0140     		.short	16385
 1509 0b96 0140     		.short	16385
 1510 0b98 0040     		.short	16384
 1511 0b9a 0040     		.short	16384
 1512 0b9c 0040     		.short	16384
 1513 0b9e FF3F     		.short	16383
 1514 0ba0 FF3F     		.short	16383
 1515 0ba2 FE3F     		.short	16382
 1516 0ba4 FE3F     		.short	16382
 1517 0ba6 FE3F     		.short	16382
 1518 0ba8 FD3F     		.short	16381
 1519 0baa FD3F     		.short	16381
 1520 0bac FD3F     		.short	16381
 1521 0bae FC3F     		.short	16380
 1522 0bb0 FC3F     		.short	16380
 1523 0bb2 FC3F     		.short	16380
 1524 0bb4 FC3F     		.short	16380
 1525 0bb6 FB3F     		.short	16379
 1526 0bb8 FB3F     		.short	16379
 1527 0bba FB3F     		.short	16379
 1528 0bbc FB3F     		.short	16379
 1529 0bbe FA3F     		.short	16378
 1530 0bc0 FA3F     		.short	16378
 1531 0bc2 FA3F     		.short	16378
 1532 0bc4 FA3F     		.short	16378
 1533 0bc6 FA3F     		.short	16378
 1534 0bc8 FA3F     		.short	16378
 1535 0bca FA3F     		.short	16378
 1536 0bcc F93F     		.short	16377
 1537 0bce F93F     		.short	16377
 1538 0bd0 F93F     		.short	16377
 1539 0bd2 F93F     		.short	16377
ARM GAS  /tmp/ccZU5IOw.s 			page 28


 1540 0bd4 F93F     		.short	16377
 1541 0bd6 F93F     		.short	16377
 1542 0bd8 F93F     		.short	16377
 1543 0bda F93F     		.short	16377
 1544 0bdc FA3F     		.short	16378
 1545 0bde FA3F     		.short	16378
 1546 0be0 FA3F     		.short	16378
 1547 0be2 FA3F     		.short	16378
 1548 0be4 FA3F     		.short	16378
 1549 0be6 FA3F     		.short	16378
 1550 0be8 FA3F     		.short	16378
 1551 0bea FA3F     		.short	16378
 1552 0bec FB3F     		.short	16379
 1553 0bee FB3F     		.short	16379
 1554 0bf0 FB3F     		.short	16379
 1555 0bf2 FB3F     		.short	16379
 1556 0bf4 FB3F     		.short	16379
 1557 0bf6 FB3F     		.short	16379
 1558 0bf8 FC3F     		.short	16380
 1559 0bfa FC3F     		.short	16380
 1560 0bfc FC3F     		.short	16380
 1561 0bfe FC3F     		.short	16380
 1562 0c00 FD3F     		.short	16381
 1563 0c02 FD3F     		.short	16381
 1564 0c04 FD3F     		.short	16381
 1565 0c06 FD3F     		.short	16381
 1566 0c08 FE3F     		.short	16382
 1567 0c0a FE3F     		.short	16382
 1568 0c0c FE3F     		.short	16382
 1569 0c0e FE3F     		.short	16382
 1570 0c10 FF3F     		.short	16383
 1571 0c12 FF3F     		.short	16383
 1572 0c14 FF3F     		.short	16383
 1573 0c16 FF3F     		.short	16383
 1574 0c18 0040     		.short	16384
 1575 0c1a 0040     		.short	16384
 1576 0c1c 0040     		.short	16384
 1577 0c1e 0040     		.short	16384
 1578 0c20 0140     		.short	16385
 1579 0c22 0140     		.short	16385
 1580 0c24 0140     		.short	16385
 1581 0c26 0140     		.short	16385
 1582 0c28 0140     		.short	16385
 1583 0c2a 0240     		.short	16386
 1584 0c2c 0240     		.short	16386
 1585 0c2e 0240     		.short	16386
 1586 0c30 0240     		.short	16386
 1587 0c32 0240     		.short	16386
 1588 0c34 0240     		.short	16386
 1589 0c36 0340     		.short	16387
 1590 0c38 0340     		.short	16387
 1591 0c3a 0340     		.short	16387
 1592 0c3c 0340     		.short	16387
 1593 0c3e 0340     		.short	16387
 1594 0c40 0340     		.short	16387
 1595 0c42 0340     		.short	16387
 1596 0c44 0340     		.short	16387
ARM GAS  /tmp/ccZU5IOw.s 			page 29


 1597 0c46 0340     		.short	16387
 1598 0c48 0340     		.short	16387
 1599 0c4a 0340     		.short	16387
 1600 0c4c 0340     		.short	16387
 1601 0c4e 0340     		.short	16387
 1602 0c50 0340     		.short	16387
 1603 0c52 0340     		.short	16387
 1604 0c54 0340     		.short	16387
 1605 0c56 0340     		.short	16387
 1606 0c58 0340     		.short	16387
 1607 0c5a 0340     		.short	16387
 1608 0c5c 0340     		.short	16387
 1609 0c5e 0340     		.short	16387
 1610 0c60 0340     		.short	16387
 1611 0c62 0340     		.short	16387
 1612 0c64 0340     		.short	16387
 1613 0c66 0240     		.short	16386
 1614 0c68 0240     		.short	16386
 1615 0c6a 0240     		.short	16386
 1616 0c6c 0240     		.short	16386
 1617 0c6e 0240     		.short	16386
 1618 0c70 0240     		.short	16386
 1619 0c72 0240     		.short	16386
 1620 0c74 0240     		.short	16386
 1621 0c76 0140     		.short	16385
 1622 0c78 0140     		.short	16385
 1623 0c7a 0140     		.short	16385
 1624 0c7c 0140     		.short	16385
 1625 0c7e 0140     		.short	16385
 1626 0c80 0140     		.short	16385
 1627 0c82 0040     		.short	16384
 1628 0c84 0040     		.short	16384
 1629 0c86 0040     		.short	16384
 1630 0c88 0040     		.short	16384
 1631 0c8a 0040     		.short	16384
 1632 0c8c 0040     		.short	16384
 1633 0c8e 0040     		.short	16384
 1634 0c90 FF3F     		.short	16383
 1635 0c92 FF3F     		.short	16383
 1636 0c94 FF3F     		.short	16383
 1637 0c96 FF3F     		.short	16383
 1638 0c98 FF3F     		.short	16383
 1639 0c9a FF3F     		.short	16383
 1640 0c9c FF3F     		.short	16383
 1641 0c9e FE3F     		.short	16382
 1642 0ca0 FE3F     		.short	16382
 1643 0ca2 FE3F     		.short	16382
 1644 0ca4 FE3F     		.short	16382
 1645 0ca6 FE3F     		.short	16382
 1646 0ca8 FE3F     		.short	16382
 1647 0caa FE3F     		.short	16382
 1648 0cac FE3F     		.short	16382
 1649 0cae FE3F     		.short	16382
 1650 0cb0 FE3F     		.short	16382
 1651 0cb2 FE3F     		.short	16382
 1652 0cb4 FE3F     		.short	16382
 1653 0cb6 FD3F     		.short	16381
ARM GAS  /tmp/ccZU5IOw.s 			page 30


 1654 0cb8 FD3F     		.short	16381
 1655 0cba FD3F     		.short	16381
 1656 0cbc FD3F     		.short	16381
 1657 0cbe FD3F     		.short	16381
 1658 0cc0 FD3F     		.short	16381
 1659 0cc2 FD3F     		.short	16381
 1660 0cc4 FD3F     		.short	16381
 1661 0cc6 FD3F     		.short	16381
 1662 0cc8 FD3F     		.short	16381
 1663 0cca FD3F     		.short	16381
 1664 0ccc FD3F     		.short	16381
 1665 0cce FD3F     		.short	16381
 1666 0cd0 FD3F     		.short	16381
 1667 0cd2 FD3F     		.short	16381
 1668 0cd4 FE3F     		.short	16382
 1669 0cd6 FE3F     		.short	16382
 1670 0cd8 FE3F     		.short	16382
 1671 0cda FE3F     		.short	16382
 1672 0cdc FE3F     		.short	16382
 1673 0cde FE3F     		.short	16382
 1674 0ce0 FE3F     		.short	16382
 1675 0ce2 FE3F     		.short	16382
 1676 0ce4 FE3F     		.short	16382
 1677 0ce6 FE3F     		.short	16382
 1678 0ce8 FE3F     		.short	16382
 1679 0cea FE3F     		.short	16382
 1680 0cec FE3F     		.short	16382
 1681 0cee FE3F     		.short	16382
 1682 0cf0 FF3F     		.short	16383
 1683 0cf2 FF3F     		.short	16383
 1684 0cf4 FF3F     		.short	16383
 1685 0cf6 FF3F     		.short	16383
 1686 0cf8 FF3F     		.short	16383
 1687 0cfa FF3F     		.short	16383
 1688 0cfc FF3F     		.short	16383
 1689 0cfe FF3F     		.short	16383
 1690 0d00 FF3F     		.short	16383
 1691 0d02 FF3F     		.short	16383
 1692 0d04 FF3F     		.short	16383
 1693 0d06 0040     		.short	16384
 1694 0d08 0040     		.short	16384
 1695 0d0a 0040     		.short	16384
 1696 0d0c 0040     		.short	16384
 1697 0d0e 0040     		.short	16384
 1698 0d10 0040     		.short	16384
 1699 0d12 0040     		.short	16384
 1700 0d14 0040     		.short	16384
 1701 0d16 0040     		.short	16384
 1702 0d18 0040     		.short	16384
 1703 0d1a 0040     		.short	16384
 1704 0d1c 0040     		.short	16384
 1705 0d1e 0040     		.short	16384
 1706 0d20 0040     		.short	16384
 1707 0d22 0040     		.short	16384
 1708 0d24 0140     		.short	16385
 1709 0d26 0140     		.short	16385
 1710 0d28 0140     		.short	16385
ARM GAS  /tmp/ccZU5IOw.s 			page 31


 1711 0d2a 0140     		.short	16385
 1712 0d2c 0140     		.short	16385
 1713 0d2e 0140     		.short	16385
 1714 0d30 0140     		.short	16385
 1715 0d32 0140     		.short	16385
 1716 0d34 0140     		.short	16385
 1717 0d36 0140     		.short	16385
 1718 0d38 0140     		.short	16385
 1719 0d3a 0140     		.short	16385
 1720 0d3c 0140     		.short	16385
 1721 0d3e 0140     		.short	16385
 1722 0d40 0140     		.short	16385
 1723 0d42 0140     		.short	16385
 1724 0d44 0140     		.short	16385
 1725 0d46 0140     		.short	16385
 1726 0d48 0140     		.short	16385
 1727 0d4a 0140     		.short	16385
 1728 0d4c 0140     		.short	16385
 1729 0d4e 0140     		.short	16385
 1730 0d50 0140     		.short	16385
 1731 0d52 0040     		.short	16384
 1732 0d54 0040     		.short	16384
 1733 0d56 0040     		.short	16384
 1734 0d58 0040     		.short	16384
 1735 0d5a 0040     		.short	16384
 1736 0d5c 0040     		.short	16384
 1737 0d5e 0040     		.short	16384
 1738 0d60 0040     		.short	16384
 1739 0d62 0040     		.short	16384
 1740 0d64 0040     		.short	16384
 1741 0d66 0040     		.short	16384
 1742 0d68 0040     		.short	16384
 1743 0d6a 0040     		.short	16384
 1744 0d6c 0040     		.short	16384
 1745 0d6e 0040     		.short	16384
 1746 0d70 0040     		.short	16384
 1747 0d72 0040     		.short	16384
 1748 0d74 0040     		.short	16384
 1749 0d76 0040     		.short	16384
 1750 0d78 0040     		.short	16384
 1751 0d7a FF3F     		.short	16383
 1752 0d7c FF3F     		.short	16383
 1753 0d7e FF3F     		.short	16383
 1754 0d80 FF3F     		.short	16383
 1755 0d82 FF3F     		.short	16383
 1756 0d84 FF3F     		.short	16383
 1757 0d86 FF3F     		.short	16383
 1758 0d88 FF3F     		.short	16383
 1759 0d8a FF3F     		.short	16383
 1760 0d8c FF3F     		.short	16383
 1761 0d8e FF3F     		.short	16383
 1762 0d90 FF3F     		.short	16383
 1763 0d92 FF3F     		.short	16383
 1764 0d94 FF3F     		.short	16383
 1765 0d96 FF3F     		.short	16383
 1766 0d98 FF3F     		.short	16383
 1767 0d9a FF3F     		.short	16383
ARM GAS  /tmp/ccZU5IOw.s 			page 32


 1768 0d9c FF3F     		.short	16383
 1769 0d9e FF3F     		.short	16383
 1770 0da0 FF3F     		.short	16383
 1771 0da2 FF3F     		.short	16383
 1772 0da4 FF3F     		.short	16383
 1773 0da6 FF3F     		.short	16383
 1774 0da8 FF3F     		.short	16383
 1775 0daa FF3F     		.short	16383
 1776 0dac FF3F     		.short	16383
 1777 0dae FF3F     		.short	16383
 1778 0db0 FF3F     		.short	16383
 1779 0db2 FF3F     		.short	16383
 1780 0db4 FF3F     		.short	16383
 1781 0db6 FF3F     		.short	16383
 1782 0db8 FF3F     		.short	16383
 1783 0dba FF3F     		.short	16383
 1784 0dbc FF3F     		.short	16383
 1785 0dbe FF3F     		.short	16383
 1786 0dc0 FF3F     		.short	16383
 1787 0dc2 FF3F     		.short	16383
 1788 0dc4 FF3F     		.short	16383
 1789 0dc6 FF3F     		.short	16383
 1790 0dc8 FF3F     		.short	16383
 1791 0dca FF3F     		.short	16383
 1792 0dcc FF3F     		.short	16383
 1793 0dce FF3F     		.short	16383
 1794 0dd0 FF3F     		.short	16383
 1795 0dd2 FF3F     		.short	16383
 1796 0dd4 FF3F     		.short	16383
 1797 0dd6 FF3F     		.short	16383
 1798 0dd8 FF3F     		.short	16383
 1799 0dda FF3F     		.short	16383
 1800 0ddc FF3F     		.short	16383
 1801 0dde FF3F     		.short	16383
 1802 0de0 FF3F     		.short	16383
 1803 0de2 FF3F     		.short	16383
 1804 0de4 FF3F     		.short	16383
 1805 0de6 FF3F     		.short	16383
 1806 0de8 FF3F     		.short	16383
 1807 0dea FF3F     		.short	16383
 1808 0dec 0040     		.short	16384
 1809 0dee 0040     		.short	16384
 1810 0df0 0040     		.short	16384
 1811 0df2 0040     		.short	16384
 1812 0df4 0040     		.short	16384
 1813 0df6 0040     		.short	16384
 1814 0df8 0040     		.short	16384
 1815 0dfa 0040     		.short	16384
 1816 0dfc 0040     		.short	16384
 1817 0dfe 0040     		.short	16384
 1818 0e00 0040     		.short	16384
 1819 0e02 0040     		.short	16384
 1820 0e04 0040     		.short	16384
 1821 0e06 0040     		.short	16384
 1822 0e08 0040     		.short	16384
 1823 0e0a 0040     		.short	16384
 1824 0e0c 0040     		.short	16384
ARM GAS  /tmp/ccZU5IOw.s 			page 33


 1825 0e0e 0040     		.short	16384
 1826 0e10 0040     		.short	16384
 1827 0e12 0040     		.short	16384
 1828 0e14 0040     		.short	16384
 1829 0e16 0040     		.short	16384
 1830 0e18 0040     		.short	16384
 1831 0e1a 0040     		.short	16384
 1832 0e1c 0040     		.short	16384
 1833 0e1e 0040     		.short	16384
 1834 0e20 0040     		.short	16384
 1835 0e22 0040     		.short	16384
 1836 0e24 0040     		.short	16384
 1837 0e26 0040     		.short	16384
 1838 0e28 0040     		.short	16384
 1839 0e2a 0040     		.short	16384
 1840 0e2c 0040     		.short	16384
 1841 0e2e 0040     		.short	16384
 1842 0e30 0040     		.short	16384
 1843 0e32 0040     		.short	16384
 1844 0e34 0040     		.short	16384
 1845 0e36 0040     		.short	16384
 1846 0e38 0040     		.short	16384
 1847 0e3a 0040     		.short	16384
 1848 0e3c 0040     		.short	16384
 1849 0e3e 0040     		.short	16384
 1850 0e40 0040     		.short	16384
 1851 0e42 0040     		.short	16384
 1852 0e44 0040     		.short	16384
 1853 0e46 0040     		.short	16384
 1854 0e48 0040     		.short	16384
 1855 0e4a 0040     		.short	16384
 1856 0e4c 0040     		.short	16384
 1857 0e4e 0040     		.short	16384
 1858 0e50 0040     		.short	16384
 1859 0e52 0040     		.short	16384
 1860 0e54 0040     		.short	16384
 1861 0e56 0040     		.short	16384
 1862 0e58 0040     		.short	16384
 1863 0e5a FF3F     		.short	16383
 1864 0e5c FF3F     		.short	16383
 1865 0e5e FF3F     		.short	16383
 1866 0e60 FF3F     		.short	16383
 1867 0e62 FF3F     		.short	16383
 1868 0e64 FF3F     		.short	16383
 1869 0e66 FF3F     		.short	16383
 1870 0e68 FF3F     		.short	16383
 1871 0e6a FF3F     		.short	16383
 1872 0e6c FF3F     		.short	16383
 1873 0e6e FF3F     		.short	16383
 1874 0e70 FF3F     		.short	16383
 1875 0e72 FF3F     		.short	16383
 1876 0e74 FF3F     		.short	16383
 1877 0e76 FF3F     		.short	16383
 1878 0e78 FF3F     		.short	16383
 1879 0e7a FF3F     		.short	16383
 1880 0e7c FF3F     		.short	16383
 1881 0e7e FF3F     		.short	16383
ARM GAS  /tmp/ccZU5IOw.s 			page 34


 1882 0e80 FF3F     		.short	16383
 1883 0e82 FF3F     		.short	16383
 1884 0e84 FF3F     		.short	16383
 1885 0e86 FF3F     		.short	16383
 1886 0e88 FF3F     		.short	16383
 1887 0e8a FF3F     		.short	16383
 1888 0e8c FF3F     		.short	16383
 1889 0e8e FF3F     		.short	16383
 1890 0e90 FF3F     		.short	16383
 1891 0e92 FF3F     		.short	16383
 1892 0e94 FF3F     		.short	16383
 1893 0e96 FF3F     		.short	16383
 1894 0e98 FF3F     		.short	16383
 1895 0e9a FF3F     		.short	16383
 1896 0e9c FF3F     		.short	16383
 1897 0e9e FF3F     		.short	16383
 1898 0ea0 FF3F     		.short	16383
 1899 0ea2 FF3F     		.short	16383
 1900 0ea4 FF3F     		.short	16383
 1901 0ea6 FF3F     		.short	16383
 1902 0ea8 FF3F     		.short	16383
 1903 0eaa FF3F     		.short	16383
 1904 0eac FF3F     		.short	16383
 1905 0eae FF3F     		.short	16383
 1906 0eb0 FF3F     		.short	16383
 1907 0eb2 FF3F     		.short	16383
 1908 0eb4 FF3F     		.short	16383
 1909 0eb6 FF3F     		.short	16383
 1910 0eb8 FF3F     		.short	16383
 1911 0eba FF3F     		.short	16383
 1912 0ebc FF3F     		.short	16383
 1913 0ebe FF3F     		.short	16383
 1914 0ec0 0040     		.short	16384
 1915 0ec2 0040     		.short	16384
 1916 0ec4 0040     		.short	16384
 1917 0ec6 0040     		.short	16384
 1918 0ec8 0040     		.short	16384
 1919 0eca 0040     		.short	16384
 1920 0ecc 0040     		.short	16384
 1921 0ece 0040     		.short	16384
 1922 0ed0 0040     		.short	16384
 1923 0ed2 0040     		.short	16384
 1924 0ed4 0040     		.short	16384
 1925 0ed6 0040     		.short	16384
 1926 0ed8 0040     		.short	16384
 1927 0eda 0040     		.short	16384
 1928 0edc 0040     		.short	16384
 1929 0ede 0040     		.short	16384
 1930 0ee0 0040     		.short	16384
 1931 0ee2 0040     		.short	16384
 1932 0ee4 0040     		.short	16384
 1933 0ee6 0040     		.short	16384
 1934 0ee8 0040     		.short	16384
 1935 0eea 0040     		.short	16384
 1936 0eec 0040     		.short	16384
 1937 0eee 0040     		.short	16384
 1938 0ef0 0040     		.short	16384
ARM GAS  /tmp/ccZU5IOw.s 			page 35


 1939 0ef2 0040     		.short	16384
 1940 0ef4 0040     		.short	16384
 1941 0ef6 0040     		.short	16384
 1942 0ef8 0040     		.short	16384
 1943 0efa 0040     		.short	16384
 1944 0efc 0040     		.short	16384
 1945 0efe 0040     		.short	16384
 1946 0f00 0040     		.short	16384
 1947 0f02 0040     		.short	16384
 1948 0f04 0040     		.short	16384
 1949 0f06 0040     		.short	16384
 1950 0f08 0040     		.short	16384
 1951 0f0a 0040     		.short	16384
 1952 0f0c 0040     		.short	16384
 1953 0f0e 0040     		.short	16384
 1954 0f10 0040     		.short	16384
 1955 0f12 0040     		.short	16384
 1956 0f14 0040     		.short	16384
 1957 0f16 0040     		.short	16384
 1958 0f18 0040     		.short	16384
 1959 0f1a 0040     		.short	16384
 1960 0f1c 0040     		.short	16384
 1961 0f1e 0040     		.short	16384
 1962 0f20 FF3F     		.short	16383
 1963 0f22 FF3F     		.short	16383
 1964 0f24 FF3F     		.short	16383
 1965 0f26 FF3F     		.short	16383
 1966 0f28 FF3F     		.short	16383
 1967 0f2a FF3F     		.short	16383
 1968 0f2c FF3F     		.short	16383
 1969 0f2e FF3F     		.short	16383
 1970 0f30 FF3F     		.short	16383
 1971 0f32 FF3F     		.short	16383
 1972 0f34 FF3F     		.short	16383
 1973 0f36 FF3F     		.short	16383
 1974 0f38 FF3F     		.short	16383
 1975 0f3a FF3F     		.short	16383
 1976 0f3c FF3F     		.short	16383
 1977 0f3e FF3F     		.short	16383
 1978 0f40 FF3F     		.short	16383
 1979 0f42 FF3F     		.short	16383
 1980 0f44 FF3F     		.short	16383
 1981 0f46 FF3F     		.short	16383
 1982 0f48 FF3F     		.short	16383
 1983 0f4a FF3F     		.short	16383
 1984 0f4c FF3F     		.short	16383
 1985 0f4e FF3F     		.short	16383
 1986 0f50 FF3F     		.short	16383
 1987 0f52 FF3F     		.short	16383
 1988 0f54 FF3F     		.short	16383
 1989 0f56 FF3F     		.short	16383
 1990 0f58 FF3F     		.short	16383
 1991 0f5a FF3F     		.short	16383
 1992 0f5c FF3F     		.short	16383
 1993 0f5e FF3F     		.short	16383
 1994 0f60 FF3F     		.short	16383
 1995 0f62 FF3F     		.short	16383
ARM GAS  /tmp/ccZU5IOw.s 			page 36


 1996 0f64 FF3F     		.short	16383
 1997 0f66 FF3F     		.short	16383
 1998 0f68 FF3F     		.short	16383
 1999 0f6a FF3F     		.short	16383
 2000 0f6c FF3F     		.short	16383
 2001 0f6e FF3F     		.short	16383
 2002 0f70 FF3F     		.short	16383
 2003 0f72 FF3F     		.short	16383
 2004 0f74 FF3F     		.short	16383
 2005 0f76 0040     		.short	16384
 2006 0f78 0040     		.short	16384
 2007 0f7a 0040     		.short	16384
 2008 0f7c 0040     		.short	16384
 2009 0f7e 0040     		.short	16384
 2010 0f80 0040     		.short	16384
 2011 0f82 0040     		.short	16384
 2012 0f84 0040     		.short	16384
 2013 0f86 0040     		.short	16384
 2014 0f88 0040     		.short	16384
 2015 0f8a 0040     		.short	16384
 2016 0f8c 0040     		.short	16384
 2017 0f8e 0040     		.short	16384
 2018 0f90 0040     		.short	16384
 2019 0f92 0040     		.short	16384
 2020 0f94 0040     		.short	16384
 2021 0f96 0040     		.short	16384
 2022 0f98 0040     		.short	16384
 2023 0f9a 0040     		.short	16384
 2024 0f9c 0040     		.short	16384
 2025 0f9e 0040     		.short	16384
 2026 0fa0 0040     		.short	16384
 2027 0fa2 0040     		.short	16384
 2028 0fa4 0040     		.short	16384
 2029 0fa6 0040     		.short	16384
 2030 0fa8 0040     		.short	16384
 2031 0faa 0040     		.short	16384
 2032 0fac 0040     		.short	16384
 2033 0fae 0040     		.short	16384
 2034 0fb0 0040     		.short	16384
 2035 0fb2 0040     		.short	16384
 2036 0fb4 0040     		.short	16384
 2037 0fb6 0040     		.short	16384
 2038 0fb8 0040     		.short	16384
 2039 0fba 0040     		.short	16384
 2040 0fbc FF3F     		.short	16383
 2041 0fbe FF3F     		.short	16383
 2042 0fc0 FF3F     		.short	16383
 2043 0fc2 FF3F     		.short	16383
 2044 0fc4 FF3F     		.short	16383
 2045 0fc6 FF3F     		.short	16383
 2046 0fc8 FF3F     		.short	16383
 2047 0fca FF3F     		.short	16383
 2048 0fcc FF3F     		.short	16383
 2049 0fce FF3F     		.short	16383
 2050 0fd0 FF3F     		.short	16383
 2051 0fd2 FF3F     		.short	16383
 2052 0fd4 FF3F     		.short	16383
ARM GAS  /tmp/ccZU5IOw.s 			page 37


 2053 0fd6 FF3F     		.short	16383
 2054 0fd8 FF3F     		.short	16383
 2055 0fda FF3F     		.short	16383
 2056 0fdc 0040     		.short	16384
 2057 0fde 0040     		.short	16384
 2058 0fe0 0040     		.short	16384
 2059 0fe2 0040     		.short	16384
 2060 0fe4 0040     		.short	16384
 2061 0fe6 0040     		.short	16384
 2062 0fe8 0040     		.short	16384
 2063 0fea 0040     		.short	16384
 2064 0fec 0040     		.short	16384
 2065 0fee 0040     		.short	16384
 2066 0ff0 0040     		.short	16384
 2067 0ff2 0040     		.short	16384
 2068 0ff4 0040     		.short	16384
 2069 0ff6 0040     		.short	16384
 2070 0ff8 0040     		.short	16384
 2071 0ffa 0040     		.short	16384
 2072 0ffc 0040     		.short	16384
 2073 0ffe 0040     		.short	16384
 2074              		.text
 2075              	.Letext0:
 2076              		.file 1 "/home/sbcu/Dropbox/pcb-layouts/axo-on-discovery-board/axoloti/platform_linux/arm-none-eab
 2077              		.file 2 "/home/sbcu/Dropbox/pcb-layouts/axo-on-discovery-board/axoloti/platform_linux/arm-none-eab
 2078              		.file 3 "/home/sbcu/Dropbox/pcb-layouts/axo-on-discovery-board/axoloti/platform_linux/../CMSIS//In
 2079              		.file 4 "axoloti_math.h"
 2080              		.file 5 "axoloti_oscs.c"
 2081              		.section	.debug_info,"",%progbits
 2082              	.Ldebug_info0:
 2083 0000 53010000 		.4byte	0x153
 2084 0004 0400     		.2byte	0x4
 2085 0006 00000000 		.4byte	.Ldebug_abbrev0
 2086 000a 04       		.byte	0x4
 2087 000b 01       		.uleb128 0x1
 2088 000c 74000000 		.4byte	.LASF26
 2089 0010 01       		.byte	0x1
 2090 0011 81010000 		.4byte	.LASF27
 2091 0015 11020000 		.4byte	.LASF28
 2092 0019 00000000 		.4byte	.Ldebug_line0
 2093 001d 02       		.uleb128 0x2
 2094 001e 01       		.byte	0x1
 2095 001f 06       		.byte	0x6
 2096 0020 C7010000 		.4byte	.LASF0
 2097 0024 02       		.uleb128 0x2
 2098 0025 01       		.byte	0x1
 2099 0026 08       		.byte	0x8
 2100 0027 73010000 		.4byte	.LASF1
 2101 002b 03       		.uleb128 0x3
 2102 002c 15000000 		.4byte	.LASF4
 2103 0030 01       		.byte	0x1
 2104 0031 29       		.byte	0x29
 2105 0032 36000000 		.4byte	0x36
 2106 0036 02       		.uleb128 0x2
 2107 0037 02       		.byte	0x2
 2108 0038 05       		.byte	0x5
 2109 0039 53000000 		.4byte	.LASF2
ARM GAS  /tmp/ccZU5IOw.s 			page 38


 2110 003d 02       		.uleb128 0x2
 2111 003e 02       		.byte	0x2
 2112 003f 07       		.byte	0x7
 2113 0040 B4010000 		.4byte	.LASF3
 2114 0044 03       		.uleb128 0x3
 2115 0045 EC010000 		.4byte	.LASF5
 2116 0049 01       		.byte	0x1
 2117 004a 3F       		.byte	0x3f
 2118 004b 4F000000 		.4byte	0x4f
 2119 004f 02       		.uleb128 0x2
 2120 0050 04       		.byte	0x4
 2121 0051 05       		.byte	0x5
 2122 0052 9E010000 		.4byte	.LASF6
 2123 0056 03       		.uleb128 0x3
 2124 0057 2E000000 		.4byte	.LASF7
 2125 005b 01       		.byte	0x1
 2126 005c 41       		.byte	0x41
 2127 005d 61000000 		.4byte	0x61
 2128 0061 02       		.uleb128 0x2
 2129 0062 04       		.byte	0x4
 2130 0063 07       		.byte	0x7
 2131 0064 41000000 		.4byte	.LASF8
 2132 0068 02       		.uleb128 0x2
 2133 0069 08       		.byte	0x8
 2134 006a 05       		.byte	0x5
 2135 006b 00000000 		.4byte	.LASF9
 2136 006f 02       		.uleb128 0x2
 2137 0070 08       		.byte	0x8
 2138 0071 07       		.byte	0x7
 2139 0072 5D000000 		.4byte	.LASF10
 2140 0076 04       		.uleb128 0x4
 2141 0077 04       		.byte	0x4
 2142 0078 05       		.byte	0x5
 2143 0079 696E7400 		.ascii	"int\000"
 2144 007d 02       		.uleb128 0x2
 2145 007e 04       		.byte	0x4
 2146 007f 07       		.byte	0x7
 2147 0080 DF010000 		.4byte	.LASF11
 2148 0084 03       		.uleb128 0x3
 2149 0085 39000000 		.4byte	.LASF12
 2150 0089 02       		.byte	0x2
 2151 008a 19       		.byte	0x19
 2152 008b 2B000000 		.4byte	0x2b
 2153 008f 03       		.uleb128 0x3
 2154 0090 09020000 		.4byte	.LASF13
 2155 0094 02       		.byte	0x2
 2156 0095 1F       		.byte	0x1f
 2157 0096 44000000 		.4byte	0x44
 2158 009a 03       		.uleb128 0x3
 2159 009b 95010000 		.4byte	.LASF14
 2160 009f 02       		.byte	0x2
 2161 00a0 20       		.byte	0x20
 2162 00a1 56000000 		.4byte	0x56
 2163 00a5 02       		.uleb128 0x2
 2164 00a6 04       		.byte	0x4
 2165 00a7 07       		.byte	0x7
 2166 00a8 58020000 		.4byte	.LASF15
ARM GAS  /tmp/ccZU5IOw.s 			page 39


 2167 00ac 02       		.uleb128 0x2
 2168 00ad 01       		.byte	0x1
 2169 00ae 02       		.byte	0x2
 2170 00af AE010000 		.4byte	.LASF16
 2171 00b3 02       		.uleb128 0x2
 2172 00b4 01       		.byte	0x1
 2173 00b5 08       		.byte	0x8
 2174 00b6 90010000 		.4byte	.LASF17
 2175 00ba 05       		.uleb128 0x5
 2176 00bb 8F000000 		.4byte	0x8f
 2177 00bf 02       		.uleb128 0x2
 2178 00c0 08       		.byte	0x8
 2179 00c1 04       		.byte	0x4
 2180 00c2 A7010000 		.4byte	.LASF18
 2181 00c6 02       		.uleb128 0x2
 2182 00c7 04       		.byte	0x4
 2183 00c8 04       		.byte	0x4
 2184 00c9 F6010000 		.4byte	.LASF19
 2185 00cd 02       		.uleb128 0x2
 2186 00ce 08       		.byte	0x8
 2187 00cf 04       		.byte	0x4
 2188 00d0 D3010000 		.4byte	.LASF20
 2189 00d4 06       		.uleb128 0x6
 2190 00d5 FC010000 		.4byte	.LASF21
 2191 00d9 03       		.byte	0x3
 2192 00da DF07     		.2byte	0x7df
 2193 00dc BA000000 		.4byte	0xba
 2194 00e0 07       		.uleb128 0x7
 2195 00e1 8F000000 		.4byte	0x8f
 2196 00e5 F1000000 		.4byte	0xf1
 2197 00e9 08       		.uleb128 0x8
 2198 00ea A5000000 		.4byte	0xa5
 2199 00ee 0010     		.2byte	0x1000
 2200 00f0 00       		.byte	0
 2201 00f1 09       		.uleb128 0x9
 2202 00f2 27000000 		.4byte	.LASF22
 2203 00f6 04       		.byte	0x4
 2204 00f7 26       		.byte	0x26
 2205 00f8 E0000000 		.4byte	0xe0
 2206 00fc 07       		.uleb128 0x7
 2207 00fd 84000000 		.4byte	0x84
 2208 0101 0D010000 		.4byte	0x10d
 2209 0105 08       		.uleb128 0x8
 2210 0106 A5000000 		.4byte	0xa5
 2211 010a 0004     		.2byte	0x400
 2212 010c 00       		.byte	0
 2213 010d 09       		.uleb128 0x9
 2214 010e 1F000000 		.4byte	.LASF23
 2215 0112 04       		.byte	0x4
 2216 0113 28       		.byte	0x28
 2217 0114 FC000000 		.4byte	0xfc
 2218 0118 07       		.uleb128 0x7
 2219 0119 9A000000 		.4byte	0x9a
 2220 011d 29010000 		.4byte	0x129
 2221 0121 08       		.uleb128 0x8
 2222 0122 A5000000 		.4byte	0xa5
 2223 0126 0001     		.2byte	0x100
ARM GAS  /tmp/ccZU5IOw.s 			page 40


 2224 0128 00       		.byte	0
 2225 0129 09       		.uleb128 0x9
 2226 012a 0E000000 		.4byte	.LASF24
 2227 012e 04       		.byte	0x4
 2228 012f 2A       		.byte	0x2a
 2229 0130 18010000 		.4byte	0x118
 2230 0134 07       		.uleb128 0x7
 2231 0135 84000000 		.4byte	0x84
 2232 0139 45010000 		.4byte	0x145
 2233 013d 08       		.uleb128 0x8
 2234 013e A5000000 		.4byte	0xa5
 2235 0142 FF07     		.2byte	0x7ff
 2236 0144 00       		.byte	0
 2237 0145 0A       		.uleb128 0xa
 2238 0146 6D010000 		.4byte	.LASF25
 2239 014a 05       		.byte	0x5
 2240 014b 17       		.byte	0x17
 2241 014c 34010000 		.4byte	0x134
 2242 0150 05       		.uleb128 0x5
 2243 0151 03       		.byte	0x3
 2244 0152 00000000 		.4byte	blept
 2245 0156 00       		.byte	0
 2246              		.section	.debug_abbrev,"",%progbits
 2247              	.Ldebug_abbrev0:
 2248 0000 01       		.uleb128 0x1
 2249 0001 11       		.uleb128 0x11
 2250 0002 01       		.byte	0x1
 2251 0003 25       		.uleb128 0x25
 2252 0004 0E       		.uleb128 0xe
 2253 0005 13       		.uleb128 0x13
 2254 0006 0B       		.uleb128 0xb
 2255 0007 03       		.uleb128 0x3
 2256 0008 0E       		.uleb128 0xe
 2257 0009 1B       		.uleb128 0x1b
 2258 000a 0E       		.uleb128 0xe
 2259 000b 10       		.uleb128 0x10
 2260 000c 17       		.uleb128 0x17
 2261 000d 00       		.byte	0
 2262 000e 00       		.byte	0
 2263 000f 02       		.uleb128 0x2
 2264 0010 24       		.uleb128 0x24
 2265 0011 00       		.byte	0
 2266 0012 0B       		.uleb128 0xb
 2267 0013 0B       		.uleb128 0xb
 2268 0014 3E       		.uleb128 0x3e
 2269 0015 0B       		.uleb128 0xb
 2270 0016 03       		.uleb128 0x3
 2271 0017 0E       		.uleb128 0xe
 2272 0018 00       		.byte	0
 2273 0019 00       		.byte	0
 2274 001a 03       		.uleb128 0x3
 2275 001b 16       		.uleb128 0x16
 2276 001c 00       		.byte	0
 2277 001d 03       		.uleb128 0x3
 2278 001e 0E       		.uleb128 0xe
 2279 001f 3A       		.uleb128 0x3a
 2280 0020 0B       		.uleb128 0xb
ARM GAS  /tmp/ccZU5IOw.s 			page 41


 2281 0021 3B       		.uleb128 0x3b
 2282 0022 0B       		.uleb128 0xb
 2283 0023 49       		.uleb128 0x49
 2284 0024 13       		.uleb128 0x13
 2285 0025 00       		.byte	0
 2286 0026 00       		.byte	0
 2287 0027 04       		.uleb128 0x4
 2288 0028 24       		.uleb128 0x24
 2289 0029 00       		.byte	0
 2290 002a 0B       		.uleb128 0xb
 2291 002b 0B       		.uleb128 0xb
 2292 002c 3E       		.uleb128 0x3e
 2293 002d 0B       		.uleb128 0xb
 2294 002e 03       		.uleb128 0x3
 2295 002f 08       		.uleb128 0x8
 2296 0030 00       		.byte	0
 2297 0031 00       		.byte	0
 2298 0032 05       		.uleb128 0x5
 2299 0033 35       		.uleb128 0x35
 2300 0034 00       		.byte	0
 2301 0035 49       		.uleb128 0x49
 2302 0036 13       		.uleb128 0x13
 2303 0037 00       		.byte	0
 2304 0038 00       		.byte	0
 2305 0039 06       		.uleb128 0x6
 2306 003a 34       		.uleb128 0x34
 2307 003b 00       		.byte	0
 2308 003c 03       		.uleb128 0x3
 2309 003d 0E       		.uleb128 0xe
 2310 003e 3A       		.uleb128 0x3a
 2311 003f 0B       		.uleb128 0xb
 2312 0040 3B       		.uleb128 0x3b
 2313 0041 05       		.uleb128 0x5
 2314 0042 49       		.uleb128 0x49
 2315 0043 13       		.uleb128 0x13
 2316 0044 3F       		.uleb128 0x3f
 2317 0045 19       		.uleb128 0x19
 2318 0046 3C       		.uleb128 0x3c
 2319 0047 19       		.uleb128 0x19
 2320 0048 00       		.byte	0
 2321 0049 00       		.byte	0
 2322 004a 07       		.uleb128 0x7
 2323 004b 01       		.uleb128 0x1
 2324 004c 01       		.byte	0x1
 2325 004d 49       		.uleb128 0x49
 2326 004e 13       		.uleb128 0x13
 2327 004f 01       		.uleb128 0x1
 2328 0050 13       		.uleb128 0x13
 2329 0051 00       		.byte	0
 2330 0052 00       		.byte	0
 2331 0053 08       		.uleb128 0x8
 2332 0054 21       		.uleb128 0x21
 2333 0055 00       		.byte	0
 2334 0056 49       		.uleb128 0x49
 2335 0057 13       		.uleb128 0x13
 2336 0058 2F       		.uleb128 0x2f
 2337 0059 05       		.uleb128 0x5
ARM GAS  /tmp/ccZU5IOw.s 			page 42


 2338 005a 00       		.byte	0
 2339 005b 00       		.byte	0
 2340 005c 09       		.uleb128 0x9
 2341 005d 34       		.uleb128 0x34
 2342 005e 00       		.byte	0
 2343 005f 03       		.uleb128 0x3
 2344 0060 0E       		.uleb128 0xe
 2345 0061 3A       		.uleb128 0x3a
 2346 0062 0B       		.uleb128 0xb
 2347 0063 3B       		.uleb128 0x3b
 2348 0064 0B       		.uleb128 0xb
 2349 0065 49       		.uleb128 0x49
 2350 0066 13       		.uleb128 0x13
 2351 0067 3F       		.uleb128 0x3f
 2352 0068 19       		.uleb128 0x19
 2353 0069 3C       		.uleb128 0x3c
 2354 006a 19       		.uleb128 0x19
 2355 006b 00       		.byte	0
 2356 006c 00       		.byte	0
 2357 006d 0A       		.uleb128 0xa
 2358 006e 34       		.uleb128 0x34
 2359 006f 00       		.byte	0
 2360 0070 03       		.uleb128 0x3
 2361 0071 0E       		.uleb128 0xe
 2362 0072 3A       		.uleb128 0x3a
 2363 0073 0B       		.uleb128 0xb
 2364 0074 3B       		.uleb128 0x3b
 2365 0075 0B       		.uleb128 0xb
 2366 0076 49       		.uleb128 0x49
 2367 0077 13       		.uleb128 0x13
 2368 0078 3F       		.uleb128 0x3f
 2369 0079 19       		.uleb128 0x19
 2370 007a 02       		.uleb128 0x2
 2371 007b 18       		.uleb128 0x18
 2372 007c 00       		.byte	0
 2373 007d 00       		.byte	0
 2374 007e 00       		.byte	0
 2375              		.section	.debug_aranges,"",%progbits
 2376 0000 14000000 		.4byte	0x14
 2377 0004 0200     		.2byte	0x2
 2378 0006 00000000 		.4byte	.Ldebug_info0
 2379 000a 04       		.byte	0x4
 2380 000b 00       		.byte	0
 2381 000c 0000     		.2byte	0
 2382 000e 0000     		.2byte	0
 2383 0010 00000000 		.4byte	0
 2384 0014 00000000 		.4byte	0
 2385              		.section	.debug_line,"",%progbits
 2386              	.Ldebug_line0:
 2387 0000 9D010000 		.section	.debug_str,"MS",%progbits,1
 2387      02009701 
 2387      00000201 
 2387      FB0E0D00 
 2387      01010101 
 2388              	.LASF9:
 2389 0000 6C6F6E67 		.ascii	"long long int\000"
 2389      206C6F6E 
ARM GAS  /tmp/ccZU5IOw.s 			page 43


 2389      6720696E 
 2389      7400
 2390              	.LASF24:
 2391 000e 70697463 		.ascii	"pitcht\000"
 2391      687400
 2392              	.LASF4:
 2393 0015 5F5F696E 		.ascii	"__int16_t\000"
 2393      7431365F 
 2393      7400
 2394              	.LASF23:
 2395 001f 77696E64 		.ascii	"windowt\000"
 2395      6F777400 
 2396              	.LASF22:
 2397 0027 73696E65 		.ascii	"sine2t\000"
 2397      327400
 2398              	.LASF7:
 2399 002e 5F5F7569 		.ascii	"__uint32_t\000"
 2399      6E743332 
 2399      5F7400
 2400              	.LASF12:
 2401 0039 696E7431 		.ascii	"int16_t\000"
 2401      365F7400 
 2402              	.LASF8:
 2403 0041 6C6F6E67 		.ascii	"long unsigned int\000"
 2403      20756E73 
 2403      69676E65 
 2403      6420696E 
 2403      7400
 2404              	.LASF2:
 2405 0053 73686F72 		.ascii	"short int\000"
 2405      7420696E 
 2405      7400
 2406              	.LASF10:
 2407 005d 6C6F6E67 		.ascii	"long long unsigned int\000"
 2407      206C6F6E 
 2407      6720756E 
 2407      7369676E 
 2407      65642069 
 2408              	.LASF26:
 2409 0074 474E5520 		.ascii	"GNU C 4.9.3 20150529 (release) [ARM/embedded-4_9-br"
 2409      4320342E 
 2409      392E3320 
 2409      32303135 
 2409      30353239 
 2410 00a7 616E6368 		.ascii	"anch revision 224288] -mcpu=cortex-m4 -mfloat-abi=h"
 2410      20726576 
 2410      6973696F 
 2410      6E203232 
 2410      34323838 
 2411 00da 61726420 		.ascii	"ard -mfpu=fpv4-sp-d16 -mno-thumb-interwork -mthumb "
 2411      2D6D6670 
 2411      753D6670 
 2411      76342D73 
 2411      702D6431 
 2412 010d 2D676764 		.ascii	"-ggdb -O2 -fomit-frame-pointer -falign-functions=16"
 2412      62202D4F 
 2412      32202D66 
ARM GAS  /tmp/ccZU5IOw.s 			page 44


 2412      6F6D6974 
 2412      2D667261 
 2413 0140 202D666E 		.ascii	" -fno-math-errno -fsingle-precision-constant\000"
 2413      6F2D6D61 
 2413      74682D65 
 2413      72726E6F 
 2413      202D6673 
 2414              	.LASF25:
 2415 016d 626C6570 		.ascii	"blept\000"
 2415      7400
 2416              	.LASF1:
 2417 0173 756E7369 		.ascii	"unsigned char\000"
 2417      676E6564 
 2417      20636861 
 2417      7200
 2418              	.LASF27:
 2419 0181 61786F6C 		.ascii	"axoloti_oscs.c\000"
 2419      6F74695F 
 2419      6F736373 
 2419      2E6300
 2420              	.LASF17:
 2421 0190 63686172 		.ascii	"char\000"
 2421      00
 2422              	.LASF14:
 2423 0195 75696E74 		.ascii	"uint32_t\000"
 2423      33325F74 
 2423      00
 2424              	.LASF6:
 2425 019e 6C6F6E67 		.ascii	"long int\000"
 2425      20696E74 
 2425      00
 2426              	.LASF18:
 2427 01a7 646F7562 		.ascii	"double\000"
 2427      6C6500
 2428              	.LASF16:
 2429 01ae 5F426F6F 		.ascii	"_Bool\000"
 2429      6C00
 2430              	.LASF3:
 2431 01b4 73686F72 		.ascii	"short unsigned int\000"
 2431      7420756E 
 2431      7369676E 
 2431      65642069 
 2431      6E7400
 2432              	.LASF0:
 2433 01c7 7369676E 		.ascii	"signed char\000"
 2433      65642063 
 2433      68617200 
 2434              	.LASF20:
 2435 01d3 6C6F6E67 		.ascii	"long double\000"
 2435      20646F75 
 2435      626C6500 
 2436              	.LASF11:
 2437 01df 756E7369 		.ascii	"unsigned int\000"
 2437      676E6564 
 2437      20696E74 
 2437      00
 2438              	.LASF5:
ARM GAS  /tmp/ccZU5IOw.s 			page 45


 2439 01ec 5F5F696E 		.ascii	"__int32_t\000"
 2439      7433325F 
 2439      7400
 2440              	.LASF19:
 2441 01f6 666C6F61 		.ascii	"float\000"
 2441      7400
 2442              	.LASF21:
 2443 01fc 49544D5F 		.ascii	"ITM_RxBuffer\000"
 2443      52784275 
 2443      66666572 
 2443      00
 2444              	.LASF13:
 2445 0209 696E7433 		.ascii	"int32_t\000"
 2445      325F7400 
 2446              	.LASF28:
 2447 0211 2F686F6D 		.ascii	"/home/sbcu/Dropbox/pcb-layouts/axo-on-discovery-boa"
 2447      652F7362 
 2447      63752F44 
 2447      726F7062 
 2447      6F782F70 
 2448 0244 72642F61 		.ascii	"rd/axoloti/firmware\000"
 2448      786F6C6F 
 2448      74692F66 
 2448      69726D77 
 2448      61726500 
 2449              	.LASF15:
 2450 0258 73697A65 		.ascii	"sizetype\000"
 2450      74797065 
 2450      00
 2451              		.ident	"GCC: (GNU Tools for ARM Embedded Processors) 4.9.3 20150529 (release) [ARM/embedded-4_9-br
ARM GAS  /tmp/ccZU5IOw.s 			page 46


DEFINED SYMBOLS
                            *ABS*:00000000 axoloti_oscs.c
     /tmp/ccZU5IOw.s:25     .data:00000000 blept
     /tmp/ccZU5IOw.s:22     .data:00000000 $d

NO UNDEFINED SYMBOLS
