ARM GAS  /tmp/ccj1d6Fx.s 			page 1


   1              		.syntax unified
   2              		.cpu cortex-m4
   3              		.eabi_attribute 27, 1
   4              		.eabi_attribute 28, 1
   5              		.fpu fpv4-sp-d16
   6              		.eabi_attribute 20, 1
   7              		.eabi_attribute 21, 1
   8              		.eabi_attribute 23, 3
   9              		.eabi_attribute 24, 1
  10              		.eabi_attribute 25, 1
  11              		.eabi_attribute 26, 1
  12              		.eabi_attribute 30, 2
  13              		.eabi_attribute 34, 1
  14              		.eabi_attribute 18, 4
  15              		.thumb
  16              		.file	"chcore_v7m.c"
  17              		.text
  18              	.Ltext0:
  19              		.cfi_sections	.debug_frame
  20              		.align	2
  21              		.p2align 4,,15
  22              		.global	_port_switch_from_isr
  23              		.thumb
  24              		.thumb_func
  25              		.type	_port_switch_from_isr, %function
  26              	_port_switch_from_isr:
  27              	.LFB11:
  28              		.file 1 "/home/sbcu/Dropbox/pcb-layouts/axo-on-discovery-board/axoloti/platform_linux/../chibios/o
  29              		.loc 1 200 0
  30              		.cfi_startproc
  31              		@ Naked Function: prologue and epilogue provided by programmer.
  32              		@ args = 0, pretend = 0, frame = 0
  33              		@ frame_needed = 0, uses_anonymous_args = 0
  34              		.loc 1 203 0
  35 0000 FFF7FEFF 		bl	chSchDoReschedule
  36              	.LVL0:
  37              		.loc 1 205 0
  38              	@ 205 "/home/sbcu/Dropbox/pcb-layouts/axo-on-discovery-board/axoloti/platform_linux/../chibios/os/p
  39              		_port_exit_from_isr:
  40              	@ 0 "" 2
  41              		.loc 1 207 0
  42              	@ 207 "/home/sbcu/Dropbox/pcb-layouts/axo-on-discovery-board/axoloti/platform_linux/../chibios/os/p
  43 0004 00DF     		svc     #0
  44              	@ 0 "" 2
  45              		.loc 1 214 0
  46              		.thumb
  47              		.cfi_endproc
  48              	.LFE11:
  49              		.size	_port_switch_from_isr, .-_port_switch_from_isr
  50 0006 00BF     		.align	2
  51 0008 AFF30080 		.p2align 4,,15
  51      AFF30080 
  52              		.global	SVCallVector
  53              		.thumb
  54              		.thumb_func
  55              		.type	SVCallVector, %function
  56              	SVCallVector:
ARM GAS  /tmp/ccj1d6Fx.s 			page 2


  57              	.LFB8:
  58              		.loc 1 65 0
  59              		.cfi_startproc
  60              		@ args = 0, pretend = 0, frame = 0
  61              		@ frame_needed = 0, uses_anonymous_args = 0
  62              		@ link register save eliminated.
  63              		.loc 1 70 0
  64 0010 064A     		ldr	r2, .L3
  65 0012 5368     		ldr	r3, [r2, #4]
  66 0014 23F00103 		bic	r3, r3, #1
  67 0018 5360     		str	r3, [r2, #4]
  68              		.loc 1 74 0
  69              	@ 74 "/home/sbcu/Dropbox/pcb-layouts/axo-on-discovery-board/axoloti/platform_linux/../chibios/os/po
  70 001a EFF30983 		mrs     r3, PSP
  71              	@ 0 "" 2
  72              	.LVL1:
  73              		.loc 1 78 0
  74              		.thumb
  75 001e 6833     		adds	r3, r3, #104
  76              	.LVL2:
  77              		.loc 1 81 0
  78              	@ 81 "/home/sbcu/Dropbox/pcb-layouts/axo-on-discovery-board/axoloti/platform_linux/../chibios/os/po
  79 0020 83F30988 		msr     PSP, r3
  80              	@ 0 "" 2
  81              		.thumb
  82              	.LBB5:
  83              		.loc 1 82 0
  84 0024 0023     		movs	r3, #0
  85              	.LVL3:
  86              	@ 82 "/home/sbcu/Dropbox/pcb-layouts/axo-on-discovery-board/axoloti/platform_linux/../chibios/os/po
  87 0026 83F31188 		msr     BASEPRI, r3
  88              	@ 0 "" 2
  89              		.thumb
  90 002a 7047     		bx	lr
  91              	.L4:
  92              		.align	2
  93              	.L3:
  94 002c 30EF00E0 		.word	-536809680
  95              	.LBE5:
  96              		.cfi_endproc
  97              	.LFE8:
  98              		.size	SVCallVector, .-SVCallVector
  99              		.align	2
 100              		.p2align 4,,15
 101              		.global	_port_init
 102              		.thumb
 103              		.thumb_func
 104              		.type	_port_init, %function
 105              	_port_init:
 106              	.LFB9:
 107              		.loc 1 120 0
 108              		.cfi_startproc
 109              		@ args = 0, pretend = 0, frame = 0
 110              		@ frame_needed = 0, uses_anonymous_args = 0
 111 0030 08B5     		push	{r3, lr}
 112              		.cfi_def_cfa_offset 8
 113              		.cfi_offset 3, -8
ARM GAS  /tmp/ccj1d6Fx.s 			page 3


 114              		.cfi_offset 14, -4
 115              		.loc 1 123 0
 116 0032 094B     		ldr	r3, .L7
 117              		.loc 1 124 0
 118 0034 094A     		ldr	r2, .L7+4
 119              		.loc 1 123 0
 120 0036 0021     		movs	r1, #0
 121 0038 9960     		str	r1, [r3, #8]
 122              		.loc 1 127 0
 123 003a 0720     		movs	r0, #7
 124              		.loc 1 124 0
 125 003c DA60     		str	r2, [r3, #12]
 126              		.loc 1 127 0
 127 003e 1021     		movs	r1, #16
 128 0040 FFF7FEFF 		bl	nvicSetSystemHandlerPriority
 129              	.LVL4:
 130              		.loc 1 129 0
 131 0044 0A20     		movs	r0, #10
 132 0046 2021     		movs	r1, #32
 133 0048 FFF7FEFF 		bl	nvicSetSystemHandlerPriority
 134              	.LVL5:
 135              		.loc 1 131 0
 136 004c 0B20     		movs	r0, #11
 137 004e 8021     		movs	r1, #128
 138              		.loc 1 133 0
 139 0050 BDE80840 		pop	{r3, lr}
 140              		.cfi_restore 14
 141              		.cfi_restore 3
 142              		.cfi_def_cfa_offset 0
 143              		.loc 1 131 0
 144 0054 FFF7FEBF 		b	nvicSetSystemHandlerPriority
 145              	.LVL6:
 146              	.L8:
 147              		.align	2
 148              	.L7:
 149 0058 00ED00E0 		.word	-536810240
 150 005c 0003FA05 		.word	100270848
 151              		.cfi_endproc
 152              	.LFE9:
 153              		.size	_port_init, .-_port_init
 154              		.align	2
 155              		.p2align 4,,15
 156              		.global	_port_irq_epilogue
 157              		.thumb
 158              		.thumb_func
 159              		.type	_port_irq_epilogue, %function
 160              	_port_irq_epilogue:
 161              	.LFB10:
 162              		.loc 1 150 0
 163              		.cfi_startproc
 164              		@ args = 0, pretend = 0, frame = 0
 165              		@ frame_needed = 0, uses_anonymous_args = 0
 166              		@ link register save eliminated.
 167              	.LBB14:
 168              		.loc 1 152 0
 169 0060 2023     		movs	r3, #32
 170              	@ 152 "/home/sbcu/Dropbox/pcb-layouts/axo-on-discovery-board/axoloti/platform_linux/../chibios/os/p
ARM GAS  /tmp/ccj1d6Fx.s 			page 4


 171 0062 83F31188 		msr     BASEPRI, r3
 172              	@ 0 "" 2
 173              		.thumb
 174              	.LBE14:
 175              		.loc 1 153 0
 176 0066 1A4B     		ldr	r3, .L17
 177 0068 5B68     		ldr	r3, [r3, #4]
 178 006a 13F40063 		ands	r3, r3, #2048
 179 006e 1FD0     		beq	.L10
 180              	.LBB15:
 181              	.LBB16:
 182              		.loc 1 159 0
 183              	@ 159 "/home/sbcu/Dropbox/pcb-layouts/axo-on-discovery-board/axoloti/platform_linux/../chibios/os/p
 184 0070 F1EE10FA 		vmrs    APSR_nzcv, FPSCR
 185              	@ 0 "" 2
 186              		.loc 1 163 0
 187              	@ 163 "/home/sbcu/Dropbox/pcb-layouts/axo-on-discovery-board/axoloti/platform_linux/../chibios/os/p
 188 0074 EFF30983 		mrs     r3, PSP
 189              	@ 0 "" 2
 190              	.LVL7:
 191              		.loc 1 170 0
 192              		.thumb
 193 0078 164A     		ldr	r2, .L17+4
 194              		.loc 1 168 0
 195 007a 4FF08071 		mov	r1, #16777216
 196              		.loc 1 170 0
 197 007e D268     		ldr	r2, [r2, #12]
 198 0080 43F8082C 		str	r2, [r3, #-8]
 199              		.loc 1 168 0
 200 0084 43F84C1C 		str	r1, [r3, #-76]
 201              		.loc 1 167 0
 202 0088 A3F16802 		sub	r2, r3, #104
 203              	.LVL8:
 204              		.loc 1 172 0
 205              	@ 172 "/home/sbcu/Dropbox/pcb-layouts/axo-on-discovery-board/axoloti/platform_linux/../chibios/os/p
 206 008c 82F30988 		msr     PSP, r2
 207              	@ 0 "" 2
 208              		.loc 1 176 0
 209              		.thumb
 210 0090 1149     		ldr	r1, .L17+8
 211 0092 8A69     		ldr	r2, [r1, #24]
 212              	.LVL9:
 213 0094 907F     		ldrb	r0, [r2, #30]	@ zero_extendqisi2
 214 0096 70B1     		cbz	r0, .L11
 215 0098 0868     		ldr	r0, [r1]
 216 009a 9168     		ldr	r1, [r2, #8]
 217 009c 8268     		ldr	r2, [r0, #8]
 218 009e 8A42     		cmp	r2, r1
 219 00a0 94BF     		ite	ls
 220 00a2 0022     		movls	r2, #0
 221 00a4 0122     		movhi	r2, #1
 222 00a6 7AB1     		cbz	r2, .L13
 223              	.L16:
 224              		.loc 1 178 0
 225 00a8 0C4A     		ldr	r2, .L17+12
 226 00aa 43F8502C 		str	r2, [r3, #-80]
 227 00ae 7047     		bx	lr
ARM GAS  /tmp/ccj1d6Fx.s 			page 5


 228              	.LVL10:
 229              	.L10:
 230              	.LBE16:
 231              	.LBE15:
 232              	.LBB18:
 233              		.loc 1 190 0
 234              	@ 190 "/home/sbcu/Dropbox/pcb-layouts/axo-on-discovery-board/axoloti/platform_linux/../chibios/os/p
 235 00b0 83F31188 		msr     BASEPRI, r3
 236              	@ 0 "" 2
 237              		.thumb
 238 00b4 7047     		bx	lr
 239              	.LVL11:
 240              	.L11:
 241              	.LBE18:
 242              	.LBB19:
 243              	.LBB17:
 244              		.loc 1 176 0
 245 00b6 0868     		ldr	r0, [r1]
 246 00b8 9168     		ldr	r1, [r2, #8]
 247 00ba 8268     		ldr	r2, [r0, #8]
 248 00bc 8A42     		cmp	r2, r1
 249 00be 34BF     		ite	cc
 250 00c0 0022     		movcc	r2, #0
 251 00c2 0122     		movcs	r2, #1
 252 00c4 002A     		cmp	r2, #0
 253 00c6 EFD1     		bne	.L16
 254              	.L13:
 255              		.loc 1 183 0
 256 00c8 054A     		ldr	r2, .L17+16
 257 00ca 43F8502C 		str	r2, [r3, #-80]
 258 00ce 7047     		bx	lr
 259              	.L18:
 260              		.align	2
 261              	.L17:
 262 00d0 00ED00E0 		.word	-536810240
 263 00d4 30EF00E0 		.word	-536809680
 264 00d8 00000000 		.word	rlist
 265 00dc 00000000 		.word	_port_switch_from_isr
 266 00e0 04000000 		.word	_port_exit_from_isr
 267              	.LBE17:
 268              	.LBE19:
 269              		.cfi_endproc
 270              	.LFE10:
 271              		.size	_port_irq_epilogue, .-_port_irq_epilogue
 272              		.align	2
 273 00e4 AFF30080 		.p2align 4,,15
 273      AFF30080 
 273      AFF30080 
 274              		.global	SysTickVector
 275              		.thumb
 276              		.thumb_func
 277              		.type	SysTickVector, %function
 278              	SysTickVector:
 279              	.LFB7:
 280              		.loc 1 47 0
 281              		.cfi_startproc
 282              		@ args = 0, pretend = 0, frame = 0
ARM GAS  /tmp/ccj1d6Fx.s 			page 6


 283              		@ frame_needed = 0, uses_anonymous_args = 0
 284 00f0 08B5     		push	{r3, lr}
 285              		.cfi_def_cfa_offset 8
 286              		.cfi_offset 3, -8
 287              		.cfi_offset 14, -4
 288              	.LBB20:
 289              		.loc 1 51 0
 290 00f2 2023     		movs	r3, #32
 291              	@ 51 "/home/sbcu/Dropbox/pcb-layouts/axo-on-discovery-board/axoloti/platform_linux/../chibios/os/po
 292 00f4 83F31188 		msr     BASEPRI, r3
 293              	@ 0 "" 2
 294              		.thumb
 295              	.LBE20:
 296              		.loc 1 52 0
 297 00f8 FFF7FEFF 		bl	chSysTimerHandlerI
 298              	.LVL12:
 299              	.LBB21:
 300              		.loc 1 53 0
 301 00fc 0023     		movs	r3, #0
 302              	@ 53 "/home/sbcu/Dropbox/pcb-layouts/axo-on-discovery-board/axoloti/platform_linux/../chibios/os/po
 303 00fe 83F31188 		msr     BASEPRI, r3
 304              	@ 0 "" 2
 305              		.thumb
 306              	.LBE21:
 307              		.loc 1 56 0
 308 0102 BDE80840 		pop	{r3, lr}
 309              		.cfi_restore 14
 310              		.cfi_restore 3
 311              		.cfi_def_cfa_offset 0
 312              		.loc 1 55 0
 313 0106 FFF7FEBF 		b	_port_irq_epilogue
 314              	.LVL13:
 315              		.cfi_endproc
 316              	.LFE7:
 317              		.size	SysTickVector, .-SysTickVector
 318 010a 00BF     		.align	2
 319 010c AFF30080 		.p2align 4,,15
 320              		.global	_port_switch
 321              		.thumb
 322              		.thumb_func
 323              		.type	_port_switch, %function
 324              	_port_switch:
 325              	.LFB12:
 326              		.loc 1 229 0
 327              		.cfi_startproc
 328              		@ Naked Function: prologue and epilogue provided by programmer.
 329              		@ args = 0, pretend = 0, frame = 0
 330              		@ frame_needed = 0, uses_anonymous_args = 0
 331              	.LVL14:
 332              		.loc 1 231 0
 333              	@ 231 "/home/sbcu/Dropbox/pcb-layouts/axo-on-discovery-board/axoloti/platform_linux/../chibios/os/p
 334 0110 2DE9F04F 		push    {r4, r5, r6, r7, r8, r9, r10, r11, lr}
 335              	@ 0 "" 2
 336              		.loc 1 234 0
 337              	@ 234 "/home/sbcu/Dropbox/pcb-layouts/axo-on-discovery-board/axoloti/platform_linux/../chibios/os/p
 338 0114 2DED108A 		vpush   {s16-s31}
 339              	@ 0 "" 2
ARM GAS  /tmp/ccj1d6Fx.s 			page 7


 340              		.loc 1 237 0
 341              	@ 237 "/home/sbcu/Dropbox/pcb-layouts/axo-on-discovery-board/axoloti/platform_linux/../chibios/os/p
 342 0118 C1F80CD0 		str     sp, [r1, #12]                          
 343 011c D0F80CD0 		ldr     sp, [r0, #12]
 344              	@ 0 "" 2
 345              		.loc 1 241 0
 346              	@ 241 "/home/sbcu/Dropbox/pcb-layouts/axo-on-discovery-board/axoloti/platform_linux/../chibios/os/p
 347 0120 BDEC108A 		vpop    {s16-s31}
 348              	@ 0 "" 2
 349              		.loc 1 243 0
 350              	@ 243 "/home/sbcu/Dropbox/pcb-layouts/axo-on-discovery-board/axoloti/platform_linux/../chibios/os/p
 351 0124 BDE8F08F 		pop     {r4, r5, r6, r7, r8, r9, r10, r11, pc}
 352              	@ 0 "" 2
 353              		.loc 1 245 0
 354              		.thumb
 355              		.cfi_endproc
 356              	.LFE12:
 357              		.size	_port_switch, .-_port_switch
 358              		.align	2
 359 0128 AFF30080 		.p2align 4,,15
 359      AFF30080 
 360              		.global	_port_thread_start
 361              		.thumb
 362              		.thumb_func
 363              		.type	_port_thread_start, %function
 364              	_port_thread_start:
 365              	.LFB13:
 366              		.loc 1 252 0
 367              		.cfi_startproc
 368              		@ args = 0, pretend = 0, frame = 0
 369              		@ frame_needed = 0, uses_anonymous_args = 0
 370              		@ link register save eliminated.
 371              	.LBB22:
 372              		.loc 1 254 0
 373 0130 0023     		movs	r3, #0
 374              	@ 254 "/home/sbcu/Dropbox/pcb-layouts/axo-on-discovery-board/axoloti/platform_linux/../chibios/os/p
 375 0132 83F31188 		msr     BASEPRI, r3
 376              	@ 0 "" 2
 377              		.thumb
 378              	.LBE22:
 379              		.loc 1 255 0
 380              	@ 255 "/home/sbcu/Dropbox/pcb-layouts/axo-on-discovery-board/axoloti/platform_linux/../chibios/os/p
 381 0136 2846     		mov     r0, r5                                 
 382 0138 A047     		blx     r4                                     
 383 013a FFF7FEFF 		bl      chThdExit
 384              	@ 0 "" 2
 385              		.thumb
 386 013e 7047     		bx	lr
 387              		.cfi_endproc
 388              	.LFE13:
 389              		.size	_port_thread_start, .-_port_thread_start
 390              	.Letext0:
 391              		.file 2 "/home/sbcu/Dropbox/pcb-layouts/axo-on-discovery-board/axoloti/platform_linux/arm-none-eab
 392              		.file 3 "/home/sbcu/Dropbox/pcb-layouts/axo-on-discovery-board/axoloti/platform_linux/arm-none-eab
 393              		.file 4 "/home/sbcu/Dropbox/pcb-layouts/axo-on-discovery-board/axoloti/platform_linux/../chibios/o
 394              		.file 5 "/home/sbcu/Dropbox/pcb-layouts/axo-on-discovery-board/axoloti/platform_linux/../chibios/o
 395              		.file 6 "/home/sbcu/Dropbox/pcb-layouts/axo-on-discovery-board/axoloti/platform_linux/../chibios/o
ARM GAS  /tmp/ccj1d6Fx.s 			page 8


 396              		.file 7 "/home/sbcu/Dropbox/pcb-layouts/axo-on-discovery-board/axoloti/platform_linux/../chibios/o
 397              		.file 8 "/home/sbcu/Dropbox/pcb-layouts/axo-on-discovery-board/axoloti/platform_linux/../chibios/o
 398              		.file 9 "/home/sbcu/Dropbox/pcb-layouts/axo-on-discovery-board/axoloti/platform_linux/../chibios/o
 399              		.file 10 "/home/sbcu/Dropbox/pcb-layouts/axo-on-discovery-board/axoloti/platform_linux/../chibios/
 400              		.file 11 "/home/sbcu/Dropbox/pcb-layouts/axo-on-discovery-board/axoloti/platform_linux/../chibios/
 401              		.section	.debug_info,"",%progbits
 402              	.Ldebug_info0:
 403 0000 EB090000 		.4byte	0x9eb
 404 0004 0400     		.2byte	0x4
 405 0006 00000000 		.4byte	.Ldebug_abbrev0
 406 000a 04       		.byte	0x4
 407 000b 01       		.uleb128 0x1
 408 000c F6030000 		.4byte	.LASF100
 409 0010 01       		.byte	0x1
 410 0011 C4010000 		.4byte	.LASF101
 411 0015 00000000 		.4byte	.Ltext0
 412 0019 40010000 		.4byte	.Letext0-.Ltext0
 413 001d 00000000 		.4byte	.Ldebug_line0
 414 0021 02       		.uleb128 0x2
 415 0022 04       		.byte	0x4
 416 0023 05       		.byte	0x5
 417 0024 696E7400 		.ascii	"int\000"
 418 0028 03       		.uleb128 0x3
 419 0029 04       		.byte	0x4
 420 002a 07       		.byte	0x7
 421 002b 1D010000 		.4byte	.LASF0
 422 002f 03       		.uleb128 0x3
 423 0030 01       		.byte	0x1
 424 0031 06       		.byte	0x6
 425 0032 79000000 		.4byte	.LASF1
 426 0036 04       		.uleb128 0x4
 427 0037 14000000 		.4byte	.LASF5
 428 003b 02       		.byte	0x2
 429 003c 1D       		.byte	0x1d
 430 003d 41000000 		.4byte	0x41
 431 0041 03       		.uleb128 0x3
 432 0042 01       		.byte	0x1
 433 0043 08       		.byte	0x8
 434 0044 CA020000 		.4byte	.LASF2
 435 0048 03       		.uleb128 0x3
 436 0049 02       		.byte	0x2
 437 004a 05       		.byte	0x5
 438 004b E8020000 		.4byte	.LASF3
 439 004f 03       		.uleb128 0x3
 440 0050 02       		.byte	0x2
 441 0051 07       		.byte	0x7
 442 0052 72010000 		.4byte	.LASF4
 443 0056 04       		.uleb128 0x4
 444 0057 84030000 		.4byte	.LASF6
 445 005b 02       		.byte	0x2
 446 005c 3F       		.byte	0x3f
 447 005d 61000000 		.4byte	0x61
 448 0061 03       		.uleb128 0x3
 449 0062 04       		.byte	0x4
 450 0063 05       		.byte	0x5
 451 0064 97000000 		.4byte	.LASF7
 452 0068 04       		.uleb128 0x4
ARM GAS  /tmp/ccj1d6Fx.s 			page 9


 453 0069 D1000000 		.4byte	.LASF8
 454 006d 02       		.byte	0x2
 455 006e 41       		.byte	0x41
 456 006f 73000000 		.4byte	0x73
 457 0073 03       		.uleb128 0x3
 458 0074 04       		.byte	0x4
 459 0075 07       		.byte	0x7
 460 0076 45010000 		.4byte	.LASF9
 461 007a 03       		.uleb128 0x3
 462 007b 08       		.byte	0x8
 463 007c 05       		.byte	0x5
 464 007d 6B000000 		.4byte	.LASF10
 465 0081 03       		.uleb128 0x3
 466 0082 08       		.byte	0x8
 467 0083 07       		.byte	0x7
 468 0084 47000000 		.4byte	.LASF11
 469 0088 04       		.uleb128 0x4
 470 0089 DC030000 		.4byte	.LASF12
 471 008d 03       		.byte	0x3
 472 008e 14       		.byte	0x14
 473 008f 36000000 		.4byte	0x36
 474 0093 04       		.uleb128 0x4
 475 0094 C2020000 		.4byte	.LASF13
 476 0098 03       		.byte	0x3
 477 0099 1F       		.byte	0x1f
 478 009a 56000000 		.4byte	0x56
 479 009e 04       		.uleb128 0x4
 480 009f 4C030000 		.4byte	.LASF14
 481 00a3 03       		.byte	0x3
 482 00a4 20       		.byte	0x20
 483 00a5 68000000 		.4byte	0x68
 484 00a9 03       		.uleb128 0x3
 485 00aa 01       		.byte	0x1
 486 00ab 02       		.byte	0x2
 487 00ac BC020000 		.4byte	.LASF15
 488 00b0 04       		.uleb128 0x4
 489 00b1 BC010000 		.4byte	.LASF16
 490 00b5 04       		.byte	0x4
 491 00b6 2C       		.byte	0x2c
 492 00b7 88000000 		.4byte	0x88
 493 00bb 04       		.uleb128 0x4
 494 00bc AD000000 		.4byte	.LASF17
 495 00c0 04       		.byte	0x4
 496 00c1 2D       		.byte	0x2d
 497 00c2 88000000 		.4byte	0x88
 498 00c6 04       		.uleb128 0x4
 499 00c7 8D000000 		.4byte	.LASF18
 500 00cb 04       		.byte	0x4
 501 00cc 2F       		.byte	0x2f
 502 00cd 88000000 		.4byte	0x88
 503 00d1 04       		.uleb128 0x4
 504 00d2 B4020000 		.4byte	.LASF19
 505 00d6 04       		.byte	0x4
 506 00d7 30       		.byte	0x30
 507 00d8 9E000000 		.4byte	0x9e
 508 00dc 04       		.uleb128 0x4
 509 00dd 8A010000 		.4byte	.LASF20
ARM GAS  /tmp/ccj1d6Fx.s 			page 10


 510 00e1 04       		.byte	0x4
 511 00e2 31       		.byte	0x31
 512 00e3 93000000 		.4byte	0x93
 513 00e7 04       		.uleb128 0x4
 514 00e8 49020000 		.4byte	.LASF21
 515 00ec 04       		.byte	0x4
 516 00ed 33       		.byte	0x33
 517 00ee 9E000000 		.4byte	0x9e
 518 00f2 04       		.uleb128 0x4
 519 00f3 3A030000 		.4byte	.LASF22
 520 00f7 05       		.byte	0x5
 521 00f8 2A       		.byte	0x2a
 522 00f9 FD000000 		.4byte	0xfd
 523 00fd 05       		.uleb128 0x5
 524 00fe 3A030000 		.4byte	.LASF22
 525 0102 40       		.byte	0x40
 526 0103 06       		.byte	0x6
 527 0104 5E       		.byte	0x5e
 528 0105 D6010000 		.4byte	0x1d6
 529 0109 06       		.uleb128 0x6
 530 010a 1F030000 		.4byte	.LASF23
 531 010e 06       		.byte	0x6
 532 010f 5F       		.byte	0x5f
 533 0110 F7010000 		.4byte	0x1f7
 534 0114 00       		.byte	0
 535 0115 06       		.uleb128 0x6
 536 0116 AD020000 		.4byte	.LASF24
 537 011a 06       		.byte	0x6
 538 011b 61       		.byte	0x61
 539 011c F7010000 		.4byte	0x1f7
 540 0120 04       		.byte	0x4
 541 0121 06       		.uleb128 0x6
 542 0122 64000000 		.4byte	.LASF25
 543 0126 06       		.byte	0x6
 544 0127 63       		.byte	0x63
 545 0128 D1000000 		.4byte	0xd1
 546 012c 08       		.byte	0x8
 547 012d 06       		.uleb128 0x6
 548 012e 02050000 		.4byte	.LASF26
 549 0132 06       		.byte	0x6
 550 0133 64       		.byte	0x64
 551 0134 C0040000 		.4byte	0x4c0
 552 0138 0C       		.byte	0xc
 553 0139 06       		.uleb128 0x6
 554 013a B6000000 		.4byte	.LASF27
 555 013e 06       		.byte	0x6
 556 013f 66       		.byte	0x66
 557 0140 F7010000 		.4byte	0x1f7
 558 0144 10       		.byte	0x10
 559 0145 06       		.uleb128 0x6
 560 0146 6F020000 		.4byte	.LASF28
 561 014a 06       		.byte	0x6
 562 014b 67       		.byte	0x67
 563 014c F7010000 		.4byte	0x1f7
 564 0150 14       		.byte	0x14
 565 0151 06       		.uleb128 0x6
 566 0152 C0030000 		.4byte	.LASF29
ARM GAS  /tmp/ccj1d6Fx.s 			page 11


 567 0156 06       		.byte	0x6
 568 0157 6E       		.byte	0x6e
 569 0158 A5070000 		.4byte	0x7a5
 570 015c 18       		.byte	0x18
 571 015d 06       		.uleb128 0x6
 572 015e F2020000 		.4byte	.LASF30
 573 0162 06       		.byte	0x6
 574 0163 79       		.byte	0x79
 575 0164 BB000000 		.4byte	0xbb
 576 0168 1C       		.byte	0x1c
 577 0169 06       		.uleb128 0x6
 578 016a 2C030000 		.4byte	.LASF31
 579 016e 06       		.byte	0x6
 580 016f 7D       		.byte	0x7d
 581 0170 B0000000 		.4byte	0xb0
 582 0174 1D       		.byte	0x1d
 583 0175 06       		.uleb128 0x6
 584 0176 02030000 		.4byte	.LASF32
 585 017a 06       		.byte	0x6
 586 017b 88       		.byte	0x88
 587 017c C6000000 		.4byte	0xc6
 588 0180 1E       		.byte	0x1e
 589 0181 07       		.uleb128 0x7
 590 0182 705F7500 		.ascii	"p_u\000"
 591 0186 06       		.byte	0x6
 592 0187 B4       		.byte	0xb4
 593 0188 70070000 		.4byte	0x770
 594 018c 20       		.byte	0x20
 595 018d 06       		.uleb128 0x6
 596 018e 08050000 		.4byte	.LASF33
 597 0192 06       		.byte	0x6
 598 0193 B9       		.byte	0xb9
 599 0194 1D020000 		.4byte	0x21d
 600 0198 24       		.byte	0x24
 601 0199 06       		.uleb128 0x6
 602 019a A2030000 		.4byte	.LASF34
 603 019e 06       		.byte	0x6
 604 019f BF       		.byte	0xbf
 605 01a0 FD010000 		.4byte	0x1fd
 606 01a4 28       		.byte	0x28
 607 01a5 06       		.uleb128 0x6
 608 01a6 00000000 		.4byte	.LASF35
 609 01aa 06       		.byte	0x6
 610 01ab C3       		.byte	0xc3
 611 01ac DC000000 		.4byte	0xdc
 612 01b0 30       		.byte	0x30
 613 01b1 06       		.uleb128 0x6
 614 01b2 41030000 		.4byte	.LASF36
 615 01b6 06       		.byte	0x6
 616 01b7 C9       		.byte	0xc9
 617 01b8 E7000000 		.4byte	0xe7
 618 01bc 34       		.byte	0x34
 619 01bd 06       		.uleb128 0x6
 620 01be DE020000 		.4byte	.LASF37
 621 01c2 06       		.byte	0x6
 622 01c3 D0       		.byte	0xd0
 623 01c4 B7070000 		.4byte	0x7b7
ARM GAS  /tmp/ccj1d6Fx.s 			page 12


 624 01c8 38       		.byte	0x38
 625 01c9 06       		.uleb128 0x6
 626 01ca 79030000 		.4byte	.LASF38
 627 01ce 06       		.byte	0x6
 628 01cf D4       		.byte	0xd4
 629 01d0 D1000000 		.4byte	0xd1
 630 01d4 3C       		.byte	0x3c
 631 01d5 00       		.byte	0
 632 01d6 08       		.uleb128 0x8
 633 01d7 08       		.byte	0x8
 634 01d8 05       		.byte	0x5
 635 01d9 61       		.byte	0x61
 636 01da F7010000 		.4byte	0x1f7
 637 01de 06       		.uleb128 0x6
 638 01df 1F030000 		.4byte	.LASF23
 639 01e3 05       		.byte	0x5
 640 01e4 62       		.byte	0x62
 641 01e5 F7010000 		.4byte	0x1f7
 642 01e9 00       		.byte	0
 643 01ea 06       		.uleb128 0x6
 644 01eb AD020000 		.4byte	.LASF24
 645 01ef 05       		.byte	0x5
 646 01f0 64       		.byte	0x64
 647 01f1 F7010000 		.4byte	0x1f7
 648 01f5 04       		.byte	0x4
 649 01f6 00       		.byte	0
 650 01f7 09       		.uleb128 0x9
 651 01f8 04       		.byte	0x4
 652 01f9 F2000000 		.4byte	0xf2
 653 01fd 04       		.uleb128 0x4
 654 01fe 7D020000 		.4byte	.LASF39
 655 0202 05       		.byte	0x5
 656 0203 66       		.byte	0x66
 657 0204 D6010000 		.4byte	0x1d6
 658 0208 08       		.uleb128 0x8
 659 0209 04       		.byte	0x4
 660 020a 05       		.byte	0x5
 661 020b 6B       		.byte	0x6b
 662 020c 1D020000 		.4byte	0x21d
 663 0210 06       		.uleb128 0x6
 664 0211 1F030000 		.4byte	.LASF23
 665 0215 05       		.byte	0x5
 666 0216 6D       		.byte	0x6d
 667 0217 F7010000 		.4byte	0x1f7
 668 021b 00       		.byte	0
 669 021c 00       		.byte	0
 670 021d 04       		.uleb128 0x4
 671 021e 3D020000 		.4byte	.LASF40
 672 0222 05       		.byte	0x5
 673 0223 70       		.byte	0x70
 674 0224 08020000 		.4byte	0x208
 675 0228 04       		.uleb128 0x4
 676 0229 F9000000 		.4byte	.LASF41
 677 022d 07       		.byte	0x7
 678 022e E5       		.byte	0xe5
 679 022f 33020000 		.4byte	0x233
 680 0233 0A       		.uleb128 0xa
ARM GAS  /tmp/ccj1d6Fx.s 			page 13


 681 0234 04       		.byte	0x4
 682 0235 05       		.uleb128 0x5
 683 0236 31010000 		.4byte	.LASF42
 684 023a 68       		.byte	0x68
 685 023b 07       		.byte	0x7
 686 023c ED       		.byte	0xed
 687 023d 74030000 		.4byte	0x374
 688 0241 07       		.uleb128 0x7
 689 0242 723000   		.ascii	"r0\000"
 690 0245 07       		.byte	0x7
 691 0246 EE       		.byte	0xee
 692 0247 28020000 		.4byte	0x228
 693 024b 00       		.byte	0
 694 024c 07       		.uleb128 0x7
 695 024d 723100   		.ascii	"r1\000"
 696 0250 07       		.byte	0x7
 697 0251 EF       		.byte	0xef
 698 0252 28020000 		.4byte	0x228
 699 0256 04       		.byte	0x4
 700 0257 07       		.uleb128 0x7
 701 0258 723200   		.ascii	"r2\000"
 702 025b 07       		.byte	0x7
 703 025c F0       		.byte	0xf0
 704 025d 28020000 		.4byte	0x228
 705 0261 08       		.byte	0x8
 706 0262 07       		.uleb128 0x7
 707 0263 723300   		.ascii	"r3\000"
 708 0266 07       		.byte	0x7
 709 0267 F1       		.byte	0xf1
 710 0268 28020000 		.4byte	0x228
 711 026c 0C       		.byte	0xc
 712 026d 07       		.uleb128 0x7
 713 026e 72313200 		.ascii	"r12\000"
 714 0272 07       		.byte	0x7
 715 0273 F2       		.byte	0xf2
 716 0274 28020000 		.4byte	0x228
 717 0278 10       		.byte	0x10
 718 0279 06       		.uleb128 0x6
 719 027a 2A010000 		.4byte	.LASF43
 720 027e 07       		.byte	0x7
 721 027f F3       		.byte	0xf3
 722 0280 28020000 		.4byte	0x228
 723 0284 14       		.byte	0x14
 724 0285 07       		.uleb128 0x7
 725 0286 706300   		.ascii	"pc\000"
 726 0289 07       		.byte	0x7
 727 028a F4       		.byte	0xf4
 728 028b 28020000 		.4byte	0x228
 729 028f 18       		.byte	0x18
 730 0290 06       		.uleb128 0x6
 731 0291 0C030000 		.4byte	.LASF44
 732 0295 07       		.byte	0x7
 733 0296 F5       		.byte	0xf5
 734 0297 28020000 		.4byte	0x228
 735 029b 1C       		.byte	0x1c
 736 029c 07       		.uleb128 0x7
 737 029d 733000   		.ascii	"s0\000"
ARM GAS  /tmp/ccj1d6Fx.s 			page 14


 738 02a0 07       		.byte	0x7
 739 02a1 F7       		.byte	0xf7
 740 02a2 28020000 		.4byte	0x228
 741 02a6 20       		.byte	0x20
 742 02a7 07       		.uleb128 0x7
 743 02a8 733100   		.ascii	"s1\000"
 744 02ab 07       		.byte	0x7
 745 02ac F8       		.byte	0xf8
 746 02ad 28020000 		.4byte	0x228
 747 02b1 24       		.byte	0x24
 748 02b2 07       		.uleb128 0x7
 749 02b3 733200   		.ascii	"s2\000"
 750 02b6 07       		.byte	0x7
 751 02b7 F9       		.byte	0xf9
 752 02b8 28020000 		.4byte	0x228
 753 02bc 28       		.byte	0x28
 754 02bd 07       		.uleb128 0x7
 755 02be 733300   		.ascii	"s3\000"
 756 02c1 07       		.byte	0x7
 757 02c2 FA       		.byte	0xfa
 758 02c3 28020000 		.4byte	0x228
 759 02c7 2C       		.byte	0x2c
 760 02c8 07       		.uleb128 0x7
 761 02c9 733400   		.ascii	"s4\000"
 762 02cc 07       		.byte	0x7
 763 02cd FB       		.byte	0xfb
 764 02ce 28020000 		.4byte	0x228
 765 02d2 30       		.byte	0x30
 766 02d3 07       		.uleb128 0x7
 767 02d4 733500   		.ascii	"s5\000"
 768 02d7 07       		.byte	0x7
 769 02d8 FC       		.byte	0xfc
 770 02d9 28020000 		.4byte	0x228
 771 02dd 34       		.byte	0x34
 772 02de 07       		.uleb128 0x7
 773 02df 733600   		.ascii	"s6\000"
 774 02e2 07       		.byte	0x7
 775 02e3 FD       		.byte	0xfd
 776 02e4 28020000 		.4byte	0x228
 777 02e8 38       		.byte	0x38
 778 02e9 07       		.uleb128 0x7
 779 02ea 733700   		.ascii	"s7\000"
 780 02ed 07       		.byte	0x7
 781 02ee FE       		.byte	0xfe
 782 02ef 28020000 		.4byte	0x228
 783 02f3 3C       		.byte	0x3c
 784 02f4 07       		.uleb128 0x7
 785 02f5 733800   		.ascii	"s8\000"
 786 02f8 07       		.byte	0x7
 787 02f9 FF       		.byte	0xff
 788 02fa 28020000 		.4byte	0x228
 789 02fe 40       		.byte	0x40
 790 02ff 0B       		.uleb128 0xb
 791 0300 733900   		.ascii	"s9\000"
 792 0303 07       		.byte	0x7
 793 0304 0001     		.2byte	0x100
 794 0306 28020000 		.4byte	0x228
ARM GAS  /tmp/ccj1d6Fx.s 			page 15


 795 030a 44       		.byte	0x44
 796 030b 0B       		.uleb128 0xb
 797 030c 73313000 		.ascii	"s10\000"
 798 0310 07       		.byte	0x7
 799 0311 0101     		.2byte	0x101
 800 0313 28020000 		.4byte	0x228
 801 0317 48       		.byte	0x48
 802 0318 0B       		.uleb128 0xb
 803 0319 73313100 		.ascii	"s11\000"
 804 031d 07       		.byte	0x7
 805 031e 0201     		.2byte	0x102
 806 0320 28020000 		.4byte	0x228
 807 0324 4C       		.byte	0x4c
 808 0325 0B       		.uleb128 0xb
 809 0326 73313200 		.ascii	"s12\000"
 810 032a 07       		.byte	0x7
 811 032b 0301     		.2byte	0x103
 812 032d 28020000 		.4byte	0x228
 813 0331 50       		.byte	0x50
 814 0332 0B       		.uleb128 0xb
 815 0333 73313300 		.ascii	"s13\000"
 816 0337 07       		.byte	0x7
 817 0338 0401     		.2byte	0x104
 818 033a 28020000 		.4byte	0x228
 819 033e 54       		.byte	0x54
 820 033f 0B       		.uleb128 0xb
 821 0340 73313400 		.ascii	"s14\000"
 822 0344 07       		.byte	0x7
 823 0345 0501     		.2byte	0x105
 824 0347 28020000 		.4byte	0x228
 825 034b 58       		.byte	0x58
 826 034c 0B       		.uleb128 0xb
 827 034d 73313500 		.ascii	"s15\000"
 828 0351 07       		.byte	0x7
 829 0352 0601     		.2byte	0x106
 830 0354 28020000 		.4byte	0x228
 831 0358 5C       		.byte	0x5c
 832 0359 0C       		.uleb128 0xc
 833 035a 26030000 		.4byte	.LASF45
 834 035e 07       		.byte	0x7
 835 035f 0701     		.2byte	0x107
 836 0361 28020000 		.4byte	0x228
 837 0365 60       		.byte	0x60
 838 0366 0C       		.uleb128 0xc
 839 0367 14010000 		.4byte	.LASF46
 840 036b 07       		.byte	0x7
 841 036c 0801     		.2byte	0x108
 842 036e 28020000 		.4byte	0x228
 843 0372 64       		.byte	0x64
 844 0373 00       		.byte	0
 845 0374 0D       		.uleb128 0xd
 846 0375 9B030000 		.4byte	.LASF47
 847 0379 64       		.byte	0x64
 848 037a 07       		.byte	0x7
 849 037b 0C01     		.2byte	0x10c
 850 037d C0040000 		.4byte	0x4c0
 851 0381 0B       		.uleb128 0xb
ARM GAS  /tmp/ccj1d6Fx.s 			page 16


 852 0382 73313600 		.ascii	"s16\000"
 853 0386 07       		.byte	0x7
 854 0387 0E01     		.2byte	0x10e
 855 0389 28020000 		.4byte	0x228
 856 038d 00       		.byte	0
 857 038e 0B       		.uleb128 0xb
 858 038f 73313700 		.ascii	"s17\000"
 859 0393 07       		.byte	0x7
 860 0394 0F01     		.2byte	0x10f
 861 0396 28020000 		.4byte	0x228
 862 039a 04       		.byte	0x4
 863 039b 0B       		.uleb128 0xb
 864 039c 73313800 		.ascii	"s18\000"
 865 03a0 07       		.byte	0x7
 866 03a1 1001     		.2byte	0x110
 867 03a3 28020000 		.4byte	0x228
 868 03a7 08       		.byte	0x8
 869 03a8 0B       		.uleb128 0xb
 870 03a9 73313900 		.ascii	"s19\000"
 871 03ad 07       		.byte	0x7
 872 03ae 1101     		.2byte	0x111
 873 03b0 28020000 		.4byte	0x228
 874 03b4 0C       		.byte	0xc
 875 03b5 0B       		.uleb128 0xb
 876 03b6 73323000 		.ascii	"s20\000"
 877 03ba 07       		.byte	0x7
 878 03bb 1201     		.2byte	0x112
 879 03bd 28020000 		.4byte	0x228
 880 03c1 10       		.byte	0x10
 881 03c2 0B       		.uleb128 0xb
 882 03c3 73323100 		.ascii	"s21\000"
 883 03c7 07       		.byte	0x7
 884 03c8 1301     		.2byte	0x113
 885 03ca 28020000 		.4byte	0x228
 886 03ce 14       		.byte	0x14
 887 03cf 0B       		.uleb128 0xb
 888 03d0 73323200 		.ascii	"s22\000"
 889 03d4 07       		.byte	0x7
 890 03d5 1401     		.2byte	0x114
 891 03d7 28020000 		.4byte	0x228
 892 03db 18       		.byte	0x18
 893 03dc 0B       		.uleb128 0xb
 894 03dd 73323300 		.ascii	"s23\000"
 895 03e1 07       		.byte	0x7
 896 03e2 1501     		.2byte	0x115
 897 03e4 28020000 		.4byte	0x228
 898 03e8 1C       		.byte	0x1c
 899 03e9 0B       		.uleb128 0xb
 900 03ea 73323400 		.ascii	"s24\000"
 901 03ee 07       		.byte	0x7
 902 03ef 1601     		.2byte	0x116
 903 03f1 28020000 		.4byte	0x228
 904 03f5 20       		.byte	0x20
 905 03f6 0B       		.uleb128 0xb
 906 03f7 73323500 		.ascii	"s25\000"
 907 03fb 07       		.byte	0x7
 908 03fc 1701     		.2byte	0x117
ARM GAS  /tmp/ccj1d6Fx.s 			page 17


 909 03fe 28020000 		.4byte	0x228
 910 0402 24       		.byte	0x24
 911 0403 0B       		.uleb128 0xb
 912 0404 73323600 		.ascii	"s26\000"
 913 0408 07       		.byte	0x7
 914 0409 1801     		.2byte	0x118
 915 040b 28020000 		.4byte	0x228
 916 040f 28       		.byte	0x28
 917 0410 0B       		.uleb128 0xb
 918 0411 73323700 		.ascii	"s27\000"
 919 0415 07       		.byte	0x7
 920 0416 1901     		.2byte	0x119
 921 0418 28020000 		.4byte	0x228
 922 041c 2C       		.byte	0x2c
 923 041d 0B       		.uleb128 0xb
 924 041e 73323800 		.ascii	"s28\000"
 925 0422 07       		.byte	0x7
 926 0423 1A01     		.2byte	0x11a
 927 0425 28020000 		.4byte	0x228
 928 0429 30       		.byte	0x30
 929 042a 0B       		.uleb128 0xb
 930 042b 73323900 		.ascii	"s29\000"
 931 042f 07       		.byte	0x7
 932 0430 1B01     		.2byte	0x11b
 933 0432 28020000 		.4byte	0x228
 934 0436 34       		.byte	0x34
 935 0437 0B       		.uleb128 0xb
 936 0438 73333000 		.ascii	"s30\000"
 937 043c 07       		.byte	0x7
 938 043d 1C01     		.2byte	0x11c
 939 043f 28020000 		.4byte	0x228
 940 0443 38       		.byte	0x38
 941 0444 0B       		.uleb128 0xb
 942 0445 73333100 		.ascii	"s31\000"
 943 0449 07       		.byte	0x7
 944 044a 1D01     		.2byte	0x11d
 945 044c 28020000 		.4byte	0x228
 946 0450 3C       		.byte	0x3c
 947 0451 0B       		.uleb128 0xb
 948 0452 723400   		.ascii	"r4\000"
 949 0455 07       		.byte	0x7
 950 0456 1F01     		.2byte	0x11f
 951 0458 28020000 		.4byte	0x228
 952 045c 40       		.byte	0x40
 953 045d 0B       		.uleb128 0xb
 954 045e 723500   		.ascii	"r5\000"
 955 0461 07       		.byte	0x7
 956 0462 2001     		.2byte	0x120
 957 0464 28020000 		.4byte	0x228
 958 0468 44       		.byte	0x44
 959 0469 0B       		.uleb128 0xb
 960 046a 723600   		.ascii	"r6\000"
 961 046d 07       		.byte	0x7
 962 046e 2101     		.2byte	0x121
 963 0470 28020000 		.4byte	0x228
 964 0474 48       		.byte	0x48
 965 0475 0B       		.uleb128 0xb
ARM GAS  /tmp/ccj1d6Fx.s 			page 18


 966 0476 723700   		.ascii	"r7\000"
 967 0479 07       		.byte	0x7
 968 047a 2201     		.2byte	0x122
 969 047c 28020000 		.4byte	0x228
 970 0480 4C       		.byte	0x4c
 971 0481 0B       		.uleb128 0xb
 972 0482 723800   		.ascii	"r8\000"
 973 0485 07       		.byte	0x7
 974 0486 2301     		.2byte	0x123
 975 0488 28020000 		.4byte	0x228
 976 048c 50       		.byte	0x50
 977 048d 0B       		.uleb128 0xb
 978 048e 723900   		.ascii	"r9\000"
 979 0491 07       		.byte	0x7
 980 0492 2401     		.2byte	0x124
 981 0494 28020000 		.4byte	0x228
 982 0498 54       		.byte	0x54
 983 0499 0B       		.uleb128 0xb
 984 049a 72313000 		.ascii	"r10\000"
 985 049e 07       		.byte	0x7
 986 049f 2501     		.2byte	0x125
 987 04a1 28020000 		.4byte	0x228
 988 04a5 58       		.byte	0x58
 989 04a6 0B       		.uleb128 0xb
 990 04a7 72313100 		.ascii	"r11\000"
 991 04ab 07       		.byte	0x7
 992 04ac 2601     		.2byte	0x126
 993 04ae 28020000 		.4byte	0x228
 994 04b2 5C       		.byte	0x5c
 995 04b3 0B       		.uleb128 0xb
 996 04b4 6C7200   		.ascii	"lr\000"
 997 04b7 07       		.byte	0x7
 998 04b8 2701     		.2byte	0x127
 999 04ba 28020000 		.4byte	0x228
 1000 04be 60       		.byte	0x60
 1001 04bf 00       		.byte	0
 1002 04c0 0D       		.uleb128 0xd
 1003 04c1 8E030000 		.4byte	.LASF48
 1004 04c5 04       		.byte	0x4
 1005 04c6 07       		.byte	0x7
 1006 04c7 3101     		.2byte	0x131
 1007 04c9 DB040000 		.4byte	0x4db
 1008 04cd 0B       		.uleb128 0xb
 1009 04ce 72313300 		.ascii	"r13\000"
 1010 04d2 07       		.byte	0x7
 1011 04d3 3201     		.2byte	0x132
 1012 04d5 DB040000 		.4byte	0x4db
 1013 04d9 00       		.byte	0
 1014 04da 00       		.byte	0
 1015 04db 09       		.uleb128 0x9
 1016 04dc 04       		.byte	0x4
 1017 04dd 74030000 		.4byte	0x374
 1018 04e1 04       		.uleb128 0x4
 1019 04e2 6A030000 		.4byte	.LASF49
 1020 04e6 08       		.byte	0x8
 1021 04e7 3A       		.byte	0x3a
 1022 04e8 EC040000 		.4byte	0x4ec
ARM GAS  /tmp/ccj1d6Fx.s 			page 19


 1023 04ec 0E       		.uleb128 0xe
 1024 04ed 9E000000 		.4byte	0x9e
 1025 04f1 03       		.uleb128 0x3
 1026 04f2 04       		.byte	0x4
 1027 04f3 07       		.byte	0x7
 1028 04f4 61020000 		.4byte	.LASF50
 1029 04f8 08       		.uleb128 0x8
 1030 04f9 8C       		.byte	0x8c
 1031 04fa 08       		.byte	0x8
 1032 04fb 89       		.byte	0x89
 1033 04fc FD050000 		.4byte	0x5fd
 1034 0500 06       		.uleb128 0x6
 1035 0501 5E000000 		.4byte	.LASF51
 1036 0505 08       		.byte	0x8
 1037 0506 8A       		.byte	0x8a
 1038 0507 E1040000 		.4byte	0x4e1
 1039 050b 00       		.byte	0
 1040 050c 06       		.uleb128 0x6
 1041 050d 85010000 		.4byte	.LASF52
 1042 0511 08       		.byte	0x8
 1043 0512 8B       		.byte	0x8b
 1044 0513 E1040000 		.4byte	0x4e1
 1045 0517 04       		.byte	0x4
 1046 0518 06       		.uleb128 0x6
 1047 0519 57010000 		.4byte	.LASF53
 1048 051d 08       		.byte	0x8
 1049 051e 8C       		.byte	0x8c
 1050 051f E1040000 		.4byte	0x4e1
 1051 0523 08       		.byte	0x8
 1052 0524 06       		.uleb128 0x6
 1053 0525 90010000 		.4byte	.LASF54
 1054 0529 08       		.byte	0x8
 1055 052a 8D       		.byte	0x8d
 1056 052b E1040000 		.4byte	0x4e1
 1057 052f 0C       		.byte	0xc
 1058 0530 07       		.uleb128 0x7
 1059 0531 53435200 		.ascii	"SCR\000"
 1060 0535 08       		.byte	0x8
 1061 0536 8E       		.byte	0x8e
 1062 0537 E1040000 		.4byte	0x4e1
 1063 053b 10       		.byte	0x10
 1064 053c 07       		.uleb128 0x7
 1065 053d 43435200 		.ascii	"CCR\000"
 1066 0541 08       		.byte	0x8
 1067 0542 8F       		.byte	0x8f
 1068 0543 E1040000 		.4byte	0x4e1
 1069 0547 14       		.byte	0x14
 1070 0548 06       		.uleb128 0x6
 1071 0549 96030000 		.4byte	.LASF55
 1072 054d 08       		.byte	0x8
 1073 054e 90       		.byte	0x90
 1074 054f 0D060000 		.4byte	0x60d
 1075 0553 18       		.byte	0x18
 1076 0554 06       		.uleb128 0x6
 1077 0555 D8020000 		.4byte	.LASF56
 1078 0559 08       		.byte	0x8
 1079 055a 91       		.byte	0x91
ARM GAS  /tmp/ccj1d6Fx.s 			page 20


 1080 055b E1040000 		.4byte	0x4e1
 1081 055f 24       		.byte	0x24
 1082 0560 06       		.uleb128 0x6
 1083 0561 6A020000 		.4byte	.LASF57
 1084 0565 08       		.byte	0x8
 1085 0566 92       		.byte	0x92
 1086 0567 E1040000 		.4byte	0x4e1
 1087 056b 28       		.byte	0x28
 1088 056c 06       		.uleb128 0x6
 1089 056d F5040000 		.4byte	.LASF58
 1090 0571 08       		.byte	0x8
 1091 0572 93       		.byte	0x93
 1092 0573 E1040000 		.4byte	0x4e1
 1093 0577 2C       		.byte	0x2c
 1094 0578 06       		.uleb128 0x6
 1095 0579 96010000 		.4byte	.LASF59
 1096 057d 08       		.byte	0x8
 1097 057e 94       		.byte	0x94
 1098 057f E1040000 		.4byte	0x4e1
 1099 0583 30       		.byte	0x30
 1100 0584 06       		.uleb128 0x6
 1101 0585 A3010000 		.4byte	.LASF60
 1102 0589 08       		.byte	0x8
 1103 058a 95       		.byte	0x95
 1104 058b E1040000 		.4byte	0x4e1
 1105 058f 34       		.byte	0x34
 1106 0590 06       		.uleb128 0x6
 1107 0591 BE000000 		.4byte	.LASF61
 1108 0595 08       		.byte	0x8
 1109 0596 96       		.byte	0x96
 1110 0597 E1040000 		.4byte	0x4e1
 1111 059b 38       		.byte	0x38
 1112 059c 06       		.uleb128 0x6
 1113 059d CC000000 		.4byte	.LASF62
 1114 05a1 08       		.byte	0x8
 1115 05a2 97       		.byte	0x97
 1116 05a3 E1040000 		.4byte	0x4e1
 1117 05a7 3C       		.byte	0x3c
 1118 05a8 07       		.uleb128 0x7
 1119 05a9 50465200 		.ascii	"PFR\000"
 1120 05ad 08       		.byte	0x8
 1121 05ae 98       		.byte	0x98
 1122 05af 22060000 		.4byte	0x622
 1123 05b3 40       		.byte	0x40
 1124 05b4 07       		.uleb128 0x7
 1125 05b5 44465200 		.ascii	"DFR\000"
 1126 05b9 08       		.byte	0x8
 1127 05ba 99       		.byte	0x99
 1128 05bb E1040000 		.4byte	0x4e1
 1129 05bf 48       		.byte	0x48
 1130 05c0 07       		.uleb128 0x7
 1131 05c1 41445200 		.ascii	"ADR\000"
 1132 05c5 08       		.byte	0x8
 1133 05c6 9A       		.byte	0x9a
 1134 05c7 E1040000 		.4byte	0x4e1
 1135 05cb 4C       		.byte	0x4c
 1136 05cc 06       		.uleb128 0x6
ARM GAS  /tmp/ccj1d6Fx.s 			page 21


 1137 05cd D1030000 		.4byte	.LASF63
 1138 05d1 08       		.byte	0x8
 1139 05d2 9B       		.byte	0x9b
 1140 05d3 37060000 		.4byte	0x637
 1141 05d7 50       		.byte	0x50
 1142 05d8 07       		.uleb128 0x7
 1143 05d9 53415200 		.ascii	"SAR\000"
 1144 05dd 08       		.byte	0x8
 1145 05de 9C       		.byte	0x9c
 1146 05df 4C060000 		.4byte	0x64c
 1147 05e3 60       		.byte	0x60
 1148 05e4 06       		.uleb128 0x6
 1149 05e5 5D030000 		.4byte	.LASF64
 1150 05e9 08       		.byte	0x8
 1151 05ea 9D       		.byte	0x9d
 1152 05eb 51060000 		.4byte	0x651
 1153 05ef 74       		.byte	0x74
 1154 05f0 06       		.uleb128 0x6
 1155 05f1 EF040000 		.4byte	.LASF65
 1156 05f5 08       		.byte	0x8
 1157 05f6 9E       		.byte	0x9e
 1158 05f7 E1040000 		.4byte	0x4e1
 1159 05fb 88       		.byte	0x88
 1160 05fc 00       		.byte	0
 1161 05fd 0F       		.uleb128 0xf
 1162 05fe E1040000 		.4byte	0x4e1
 1163 0602 0D060000 		.4byte	0x60d
 1164 0606 10       		.uleb128 0x10
 1165 0607 F1040000 		.4byte	0x4f1
 1166 060b 02       		.byte	0x2
 1167 060c 00       		.byte	0
 1168 060d 0E       		.uleb128 0xe
 1169 060e FD050000 		.4byte	0x5fd
 1170 0612 0F       		.uleb128 0xf
 1171 0613 E1040000 		.4byte	0x4e1
 1172 0617 22060000 		.4byte	0x622
 1173 061b 10       		.uleb128 0x10
 1174 061c F1040000 		.4byte	0x4f1
 1175 0620 01       		.byte	0x1
 1176 0621 00       		.byte	0
 1177 0622 0E       		.uleb128 0xe
 1178 0623 12060000 		.4byte	0x612
 1179 0627 0F       		.uleb128 0xf
 1180 0628 E1040000 		.4byte	0x4e1
 1181 062c 37060000 		.4byte	0x637
 1182 0630 10       		.uleb128 0x10
 1183 0631 F1040000 		.4byte	0x4f1
 1184 0635 03       		.byte	0x3
 1185 0636 00       		.byte	0
 1186 0637 0E       		.uleb128 0xe
 1187 0638 27060000 		.4byte	0x627
 1188 063c 0F       		.uleb128 0xf
 1189 063d E1040000 		.4byte	0x4e1
 1190 0641 4C060000 		.4byte	0x64c
 1191 0645 10       		.uleb128 0x10
 1192 0646 F1040000 		.4byte	0x4f1
 1193 064a 04       		.byte	0x4
ARM GAS  /tmp/ccj1d6Fx.s 			page 22


 1194 064b 00       		.byte	0
 1195 064c 0E       		.uleb128 0xe
 1196 064d 3C060000 		.4byte	0x63c
 1197 0651 0E       		.uleb128 0xe
 1198 0652 3C060000 		.4byte	0x63c
 1199 0656 04       		.uleb128 0x4
 1200 0657 1E000000 		.4byte	.LASF66
 1201 065b 08       		.byte	0x8
 1202 065c 9F       		.byte	0x9f
 1203 065d F8040000 		.4byte	0x4f8
 1204 0661 08       		.uleb128 0x8
 1205 0662 18       		.byte	0x18
 1206 0663 08       		.byte	0x8
 1207 0664 CC       		.byte	0xcc
 1208 0665 B2060000 		.4byte	0x6b2
 1209 0669 06       		.uleb128 0x6
 1210 066a 5D030000 		.4byte	.LASF64
 1211 066e 08       		.byte	0x8
 1212 066f CD       		.byte	0xcd
 1213 0670 C2060000 		.4byte	0x6c2
 1214 0674 00       		.byte	0
 1215 0675 06       		.uleb128 0x6
 1216 0676 5B020000 		.4byte	.LASF67
 1217 067a 08       		.byte	0x8
 1218 067b CE       		.byte	0xce
 1219 067c E1040000 		.4byte	0x4e1
 1220 0680 04       		.byte	0x4
 1221 0681 06       		.uleb128 0x6
 1222 0682 34030000 		.4byte	.LASF68
 1223 0686 08       		.byte	0x8
 1224 0687 CF       		.byte	0xcf
 1225 0688 E1040000 		.4byte	0x4e1
 1226 068c 08       		.byte	0x8
 1227 068d 06       		.uleb128 0x6
 1228 068e 0D000000 		.4byte	.LASF69
 1229 0692 08       		.byte	0x8
 1230 0693 D0       		.byte	0xd0
 1231 0694 E1040000 		.4byte	0x4e1
 1232 0698 0C       		.byte	0xc
 1233 0699 06       		.uleb128 0x6
 1234 069a 9C020000 		.4byte	.LASF70
 1235 069e 08       		.byte	0x8
 1236 069f D1       		.byte	0xd1
 1237 06a0 E1040000 		.4byte	0x4e1
 1238 06a4 10       		.byte	0x10
 1239 06a5 06       		.uleb128 0x6
 1240 06a6 A2020000 		.4byte	.LASF71
 1241 06aa 08       		.byte	0x8
 1242 06ab D2       		.byte	0xd2
 1243 06ac E1040000 		.4byte	0x4e1
 1244 06b0 14       		.byte	0x14
 1245 06b1 00       		.byte	0
 1246 06b2 0F       		.uleb128 0xf
 1247 06b3 E1040000 		.4byte	0x4e1
 1248 06b7 C2060000 		.4byte	0x6c2
 1249 06bb 10       		.uleb128 0x10
 1250 06bc F1040000 		.4byte	0x4f1
ARM GAS  /tmp/ccj1d6Fx.s 			page 23


 1251 06c0 00       		.byte	0
 1252 06c1 00       		.byte	0
 1253 06c2 0E       		.uleb128 0xe
 1254 06c3 B2060000 		.4byte	0x6b2
 1255 06c7 04       		.uleb128 0x4
 1256 06c8 FA020000 		.4byte	.LASF72
 1257 06cc 08       		.byte	0x8
 1258 06cd D3       		.byte	0xd3
 1259 06ce 61060000 		.4byte	0x661
 1260 06d2 08       		.uleb128 0x8
 1261 06d3 1C       		.byte	0x1c
 1262 06d4 09       		.byte	0x9
 1263 06d5 5E       		.byte	0x5e
 1264 06d6 23070000 		.4byte	0x723
 1265 06da 06       		.uleb128 0x6
 1266 06db 55030000 		.4byte	.LASF73
 1267 06df 09       		.byte	0x9
 1268 06e0 5F       		.byte	0x5f
 1269 06e1 FD010000 		.4byte	0x1fd
 1270 06e5 00       		.byte	0
 1271 06e6 06       		.uleb128 0x6
 1272 06e7 11030000 		.4byte	.LASF74
 1273 06eb 09       		.byte	0x9
 1274 06ec 60       		.byte	0x60
 1275 06ed D1000000 		.4byte	0xd1
 1276 06f1 08       		.byte	0x8
 1277 06f2 06       		.uleb128 0x6
 1278 06f3 77020000 		.4byte	.LASF75
 1279 06f7 09       		.byte	0x9
 1280 06f8 62       		.byte	0x62
 1281 06f9 C0040000 		.4byte	0x4c0
 1282 06fd 0C       		.byte	0xc
 1283 06fe 06       		.uleb128 0x6
 1284 06ff 9B010000 		.4byte	.LASF76
 1285 0703 09       		.byte	0x9
 1286 0704 65       		.byte	0x65
 1287 0705 F7010000 		.4byte	0x1f7
 1288 0709 10       		.byte	0x10
 1289 070a 06       		.uleb128 0x6
 1290 070b 94020000 		.4byte	.LASF77
 1291 070f 09       		.byte	0x9
 1292 0710 66       		.byte	0x66
 1293 0711 F7010000 		.4byte	0x1f7
 1294 0715 14       		.byte	0x14
 1295 0716 06       		.uleb128 0x6
 1296 0717 8A020000 		.4byte	.LASF78
 1297 071b 09       		.byte	0x9
 1298 071c 69       		.byte	0x69
 1299 071d F7010000 		.4byte	0x1f7
 1300 0721 18       		.byte	0x18
 1301 0722 00       		.byte	0
 1302 0723 04       		.uleb128 0x4
 1303 0724 C7030000 		.4byte	.LASF79
 1304 0728 09       		.byte	0x9
 1305 0729 6B       		.byte	0x6b
 1306 072a D2060000 		.4byte	0x6d2
 1307 072e 05       		.uleb128 0x5
ARM GAS  /tmp/ccj1d6Fx.s 			page 24


 1308 072f 55020000 		.4byte	.LASF80
 1309 0733 10       		.byte	0x10
 1310 0734 0A       		.byte	0xa
 1311 0735 2C       		.byte	0x2c
 1312 0736 5F070000 		.4byte	0x75f
 1313 073a 06       		.uleb128 0x6
 1314 073b 85000000 		.4byte	.LASF81
 1315 073f 0A       		.byte	0xa
 1316 0740 2D       		.byte	0x2d
 1317 0741 FD010000 		.4byte	0x1fd
 1318 0745 00       		.byte	0
 1319 0746 06       		.uleb128 0x6
 1320 0747 FA040000 		.4byte	.LASF82
 1321 074b 0A       		.byte	0xa
 1322 074c 2F       		.byte	0x2f
 1323 074d F7010000 		.4byte	0x1f7
 1324 0751 08       		.byte	0x8
 1325 0752 06       		.uleb128 0x6
 1326 0753 72030000 		.4byte	.LASF83
 1327 0757 0A       		.byte	0xa
 1328 0758 31       		.byte	0x31
 1329 0759 5F070000 		.4byte	0x75f
 1330 075d 0C       		.byte	0xc
 1331 075e 00       		.byte	0
 1332 075f 09       		.uleb128 0x9
 1333 0760 04       		.byte	0x4
 1334 0761 2E070000 		.4byte	0x72e
 1335 0765 04       		.uleb128 0x4
 1336 0766 55020000 		.4byte	.LASF80
 1337 076a 0A       		.byte	0xa
 1338 076b 33       		.byte	0x33
 1339 076c 2E070000 		.4byte	0x72e
 1340 0770 11       		.uleb128 0x11
 1341 0771 04       		.byte	0x4
 1342 0772 06       		.byte	0x6
 1343 0773 96       		.byte	0x96
 1344 0774 A5070000 		.4byte	0x7a5
 1345 0778 12       		.uleb128 0x12
 1346 0779 06000000 		.4byte	.LASF84
 1347 077d 06       		.byte	0x6
 1348 077e 9D       		.byte	0x9d
 1349 077f DC000000 		.4byte	0xdc
 1350 0783 12       		.uleb128 0x12
 1351 0784 C3000000 		.4byte	.LASF85
 1352 0788 06       		.byte	0x6
 1353 0789 A4       		.byte	0xa4
 1354 078a DC000000 		.4byte	0xdc
 1355 078e 12       		.uleb128 0x12
 1356 078f EF030000 		.4byte	.LASF86
 1357 0793 06       		.byte	0x6
 1358 0794 AB       		.byte	0xab
 1359 0795 33020000 		.4byte	0x233
 1360 0799 12       		.uleb128 0x12
 1361 079a 18030000 		.4byte	.LASF87
 1362 079e 06       		.byte	0x6
 1363 079f B2       		.byte	0xb2
 1364 07a0 E7000000 		.4byte	0xe7
ARM GAS  /tmp/ccj1d6Fx.s 			page 25


 1365 07a4 00       		.byte	0
 1366 07a5 09       		.uleb128 0x9
 1367 07a6 04       		.byte	0x4
 1368 07a7 AB070000 		.4byte	0x7ab
 1369 07ab 13       		.uleb128 0x13
 1370 07ac B0070000 		.4byte	0x7b0
 1371 07b0 03       		.uleb128 0x3
 1372 07b1 01       		.byte	0x1
 1373 07b2 08       		.byte	0x8
 1374 07b3 65030000 		.4byte	.LASF88
 1375 07b7 09       		.uleb128 0x9
 1376 07b8 04       		.byte	0x4
 1377 07b9 65070000 		.4byte	0x765
 1378 07bd 14       		.uleb128 0x14
 1379 07be A9010000 		.4byte	.LASF96
 1380 07c2 01       		.byte	0x1
 1381 07c3 96       		.byte	0x96
 1382 07c4 01       		.byte	0x1
 1383 07c5 F9070000 		.4byte	0x7f9
 1384 07c9 15       		.uleb128 0x15
 1385 07ca DA070000 		.4byte	0x7da
 1386 07ce 16       		.uleb128 0x16
 1387 07cf 746D7000 		.ascii	"tmp\000"
 1388 07d3 01       		.byte	0x1
 1389 07d4 98       		.byte	0x98
 1390 07d5 9E000000 		.4byte	0x9e
 1391 07d9 00       		.byte	0
 1392 07da 15       		.uleb128 0x15
 1393 07db EB070000 		.4byte	0x7eb
 1394 07df 17       		.uleb128 0x17
 1395 07e0 A8020000 		.4byte	.LASF89
 1396 07e4 01       		.byte	0x1
 1397 07e5 9A       		.byte	0x9a
 1398 07e6 F9070000 		.4byte	0x7f9
 1399 07ea 00       		.byte	0
 1400 07eb 18       		.uleb128 0x18
 1401 07ec 16       		.uleb128 0x16
 1402 07ed 746D7000 		.ascii	"tmp\000"
 1403 07f1 01       		.byte	0x1
 1404 07f2 BE       		.byte	0xbe
 1405 07f3 9E000000 		.4byte	0x9e
 1406 07f7 00       		.byte	0
 1407 07f8 00       		.byte	0
 1408 07f9 09       		.uleb128 0x9
 1409 07fa 04       		.byte	0x4
 1410 07fb 35020000 		.4byte	0x235
 1411 07ff 19       		.uleb128 0x19
 1412 0800 5C010000 		.4byte	.LASF90
 1413 0804 01       		.byte	0x1
 1414 0805 C8       		.byte	0xc8
 1415 0806 00000000 		.4byte	.LFB11
 1416 080a 06000000 		.4byte	.LFE11-.LFB11
 1417 080e 01       		.uleb128 0x1
 1418 080f 9C       		.byte	0x9c
 1419 0810 1E080000 		.4byte	0x81e
 1420 0814 1A       		.uleb128 0x1a
 1421 0815 04000000 		.4byte	.LVL0
ARM GAS  /tmp/ccj1d6Fx.s 			page 26


 1422 0819 C9090000 		.4byte	0x9c9
 1423 081d 00       		.byte	0
 1424 081e 19       		.uleb128 0x19
 1425 081f A0000000 		.4byte	.LASF91
 1426 0823 01       		.byte	0x1
 1427 0824 41       		.byte	0x41
 1428 0825 10000000 		.4byte	.LFB8
 1429 0829 20000000 		.4byte	.LFE8-.LFB8
 1430 082d 01       		.uleb128 0x1
 1431 082e 9C       		.byte	0x9c
 1432 082f 5A080000 		.4byte	0x85a
 1433 0833 1B       		.uleb128 0x1b
 1434 0834 A8020000 		.4byte	.LASF89
 1435 0838 01       		.byte	0x1
 1436 0839 42       		.byte	0x42
 1437 083a F9070000 		.4byte	0x7f9
 1438 083e 00000000 		.4byte	.LLST0
 1439 0842 1C       		.uleb128 0x1c
 1440 0843 24000000 		.4byte	.LBB5
 1441 0847 0C000000 		.4byte	.LBE5-.LBB5
 1442 084b 1D       		.uleb128 0x1d
 1443 084c 746D7000 		.ascii	"tmp\000"
 1444 0850 01       		.byte	0x1
 1445 0851 52       		.byte	0x52
 1446 0852 9E000000 		.4byte	0x9e
 1447 0856 01       		.uleb128 0x1
 1448 0857 53       		.byte	0x53
 1449 0858 00       		.byte	0
 1450 0859 00       		.byte	0
 1451 085a 19       		.uleb128 0x19
 1452 085b E4030000 		.4byte	.LASF92
 1453 085f 01       		.byte	0x1
 1454 0860 78       		.byte	0x78
 1455 0861 30000000 		.4byte	.LFB9
 1456 0865 30000000 		.4byte	.LFE9-.LFB9
 1457 0869 01       		.uleb128 0x1
 1458 086a 9C       		.byte	0x9c
 1459 086b B6080000 		.4byte	0x8b6
 1460 086f 1E       		.uleb128 0x1e
 1461 0870 44000000 		.4byte	.LVL4
 1462 0874 D0090000 		.4byte	0x9d0
 1463 0878 87080000 		.4byte	0x887
 1464 087c 1F       		.uleb128 0x1f
 1465 087d 01       		.uleb128 0x1
 1466 087e 51       		.byte	0x51
 1467 087f 01       		.uleb128 0x1
 1468 0880 40       		.byte	0x40
 1469 0881 1F       		.uleb128 0x1f
 1470 0882 01       		.uleb128 0x1
 1471 0883 50       		.byte	0x50
 1472 0884 01       		.uleb128 0x1
 1473 0885 37       		.byte	0x37
 1474 0886 00       		.byte	0
 1475 0887 1E       		.uleb128 0x1e
 1476 0888 4C000000 		.4byte	.LVL5
 1477 088c D0090000 		.4byte	0x9d0
 1478 0890 A0080000 		.4byte	0x8a0
ARM GAS  /tmp/ccj1d6Fx.s 			page 27


 1479 0894 1F       		.uleb128 0x1f
 1480 0895 01       		.uleb128 0x1
 1481 0896 51       		.byte	0x51
 1482 0897 02       		.uleb128 0x2
 1483 0898 08       		.byte	0x8
 1484 0899 20       		.byte	0x20
 1485 089a 1F       		.uleb128 0x1f
 1486 089b 01       		.uleb128 0x1
 1487 089c 50       		.byte	0x50
 1488 089d 01       		.uleb128 0x1
 1489 089e 3A       		.byte	0x3a
 1490 089f 00       		.byte	0
 1491 08a0 20       		.uleb128 0x20
 1492 08a1 58000000 		.4byte	.LVL6
 1493 08a5 D0090000 		.4byte	0x9d0
 1494 08a9 1F       		.uleb128 0x1f
 1495 08aa 01       		.uleb128 0x1
 1496 08ab 51       		.byte	0x51
 1497 08ac 02       		.uleb128 0x2
 1498 08ad 08       		.byte	0x8
 1499 08ae 80       		.byte	0x80
 1500 08af 1F       		.uleb128 0x1f
 1501 08b0 01       		.uleb128 0x1
 1502 08b1 50       		.byte	0x50
 1503 08b2 01       		.uleb128 0x1
 1504 08b3 3B       		.byte	0x3b
 1505 08b4 00       		.byte	0
 1506 08b5 00       		.byte	0
 1507 08b6 21       		.uleb128 0x21
 1508 08b7 BD070000 		.4byte	0x7bd
 1509 08bb 60000000 		.4byte	.LFB10
 1510 08bf 84000000 		.4byte	.LFE10-.LFB10
 1511 08c3 01       		.uleb128 0x1
 1512 08c4 9C       		.byte	0x9c
 1513 08c5 03090000 		.4byte	0x903
 1514 08c9 22       		.uleb128 0x22
 1515 08ca 60000000 		.4byte	.LBB14
 1516 08ce 06000000 		.4byte	.LBE14-.LBB14
 1517 08d2 DE080000 		.4byte	0x8de
 1518 08d6 23       		.uleb128 0x23
 1519 08d7 CE070000 		.4byte	0x7ce
 1520 08db 01       		.uleb128 0x1
 1521 08dc 53       		.byte	0x53
 1522 08dd 00       		.byte	0
 1523 08de 24       		.uleb128 0x24
 1524 08df 00000000 		.4byte	.Ldebug_ranges0+0
 1525 08e3 F1080000 		.4byte	0x8f1
 1526 08e7 25       		.uleb128 0x25
 1527 08e8 DF070000 		.4byte	0x7df
 1528 08ec 21000000 		.4byte	.LLST1
 1529 08f0 00       		.byte	0
 1530 08f1 1C       		.uleb128 0x1c
 1531 08f2 B0000000 		.4byte	.LBB18
 1532 08f6 06000000 		.4byte	.LBE18-.LBB18
 1533 08fa 23       		.uleb128 0x23
 1534 08fb EC070000 		.4byte	0x7ec
 1535 08ff 01       		.uleb128 0x1
ARM GAS  /tmp/ccj1d6Fx.s 			page 28


 1536 0900 53       		.byte	0x53
 1537 0901 00       		.byte	0
 1538 0902 00       		.byte	0
 1539 0903 19       		.uleb128 0x19
 1540 0904 39000000 		.4byte	.LASF93
 1541 0908 01       		.byte	0x1
 1542 0909 2F       		.byte	0x2f
 1543 090a F0000000 		.4byte	.LFB7
 1544 090e 1A000000 		.4byte	.LFE7-.LFB7
 1545 0912 01       		.uleb128 0x1
 1546 0913 9C       		.byte	0x9c
 1547 0914 61090000 		.4byte	0x961
 1548 0918 22       		.uleb128 0x22
 1549 0919 F2000000 		.4byte	.LBB20
 1550 091d 06000000 		.4byte	.LBE20-.LBB20
 1551 0921 33090000 		.4byte	0x933
 1552 0925 1D       		.uleb128 0x1d
 1553 0926 746D7000 		.ascii	"tmp\000"
 1554 092a 01       		.byte	0x1
 1555 092b 33       		.byte	0x33
 1556 092c 9E000000 		.4byte	0x9e
 1557 0930 01       		.uleb128 0x1
 1558 0931 53       		.byte	0x53
 1559 0932 00       		.byte	0
 1560 0933 22       		.uleb128 0x22
 1561 0934 FC000000 		.4byte	.LBB21
 1562 0938 06000000 		.4byte	.LBE21-.LBB21
 1563 093c 4E090000 		.4byte	0x94e
 1564 0940 1D       		.uleb128 0x1d
 1565 0941 746D7000 		.ascii	"tmp\000"
 1566 0945 01       		.byte	0x1
 1567 0946 35       		.byte	0x35
 1568 0947 9E000000 		.4byte	0x9e
 1569 094b 01       		.uleb128 0x1
 1570 094c 53       		.byte	0x53
 1571 094d 00       		.byte	0
 1572 094e 1A       		.uleb128 0x1a
 1573 094f FC000000 		.4byte	.LVL12
 1574 0953 E7090000 		.4byte	0x9e7
 1575 0957 26       		.uleb128 0x26
 1576 0958 0A010000 		.4byte	.LVL13
 1577 095c BD070000 		.4byte	0x7bd
 1578 0960 00       		.byte	0
 1579 0961 19       		.uleb128 0x19
 1580 0962 38010000 		.4byte	.LASF94
 1581 0966 01       		.byte	0x1
 1582 0967 E5       		.byte	0xe5
 1583 0968 10010000 		.4byte	.LFB12
 1584 096c 18000000 		.4byte	.LFE12-.LFB12
 1585 0970 01       		.uleb128 0x1
 1586 0971 9C       		.byte	0x9c
 1587 0972 91090000 		.4byte	0x991
 1588 0976 27       		.uleb128 0x27
 1589 0977 6E747000 		.ascii	"ntp\000"
 1590 097b 01       		.byte	0x1
 1591 097c E5       		.byte	0xe5
 1592 097d F7010000 		.4byte	0x1f7
ARM GAS  /tmp/ccj1d6Fx.s 			page 29


 1593 0981 01       		.uleb128 0x1
 1594 0982 50       		.byte	0x50
 1595 0983 27       		.uleb128 0x27
 1596 0984 6F747000 		.ascii	"otp\000"
 1597 0988 01       		.byte	0x1
 1598 0989 E5       		.byte	0xe5
 1599 098a F7010000 		.4byte	0x1f7
 1600 098e 01       		.uleb128 0x1
 1601 098f 51       		.byte	0x51
 1602 0990 00       		.byte	0
 1603 0991 19       		.uleb128 0x19
 1604 0992 AD030000 		.4byte	.LASF95
 1605 0996 01       		.byte	0x1
 1606 0997 FC       		.byte	0xfc
 1607 0998 30010000 		.4byte	.LFB13
 1608 099c 10000000 		.4byte	.LFE13-.LFB13
 1609 09a0 01       		.uleb128 0x1
 1610 09a1 9C       		.byte	0x9c
 1611 09a2 BE090000 		.4byte	0x9be
 1612 09a6 1C       		.uleb128 0x1c
 1613 09a7 30010000 		.4byte	.LBB22
 1614 09ab 06000000 		.4byte	.LBE22-.LBB22
 1615 09af 1D       		.uleb128 0x1d
 1616 09b0 746D7000 		.ascii	"tmp\000"
 1617 09b4 01       		.byte	0x1
 1618 09b5 FE       		.byte	0xfe
 1619 09b6 9E000000 		.4byte	0x9e
 1620 09ba 01       		.uleb128 0x1
 1621 09bb 53       		.byte	0x53
 1622 09bc 00       		.byte	0
 1623 09bd 00       		.byte	0
 1624 09be 28       		.uleb128 0x28
 1625 09bf D6030000 		.4byte	.LASF102
 1626 09c3 09       		.byte	0x9
 1627 09c4 6F       		.byte	0x6f
 1628 09c5 23070000 		.4byte	0x723
 1629 09c9 29       		.uleb128 0x29
 1630 09ca 02010000 		.4byte	.LASF98
 1631 09ce 09       		.byte	0x9
 1632 09cf A8       		.byte	0xa8
 1633 09d0 2A       		.uleb128 0x2a
 1634 09d1 DC000000 		.4byte	.LASF97
 1635 09d5 08       		.byte	0x8
 1636 09d6 2501     		.2byte	0x125
 1637 09d8 E7090000 		.4byte	0x9e7
 1638 09dc 2B       		.uleb128 0x2b
 1639 09dd 9E000000 		.4byte	0x9e
 1640 09e1 2B       		.uleb128 0x2b
 1641 09e2 9E000000 		.4byte	0x9e
 1642 09e6 00       		.byte	0
 1643 09e7 29       		.uleb128 0x29
 1644 09e8 26000000 		.4byte	.LASF99
 1645 09ec 0B       		.byte	0xb
 1646 09ed F7       		.byte	0xf7
 1647 09ee 00       		.byte	0
 1648              		.section	.debug_abbrev,"",%progbits
 1649              	.Ldebug_abbrev0:
ARM GAS  /tmp/ccj1d6Fx.s 			page 30


 1650 0000 01       		.uleb128 0x1
 1651 0001 11       		.uleb128 0x11
 1652 0002 01       		.byte	0x1
 1653 0003 25       		.uleb128 0x25
 1654 0004 0E       		.uleb128 0xe
 1655 0005 13       		.uleb128 0x13
 1656 0006 0B       		.uleb128 0xb
 1657 0007 03       		.uleb128 0x3
 1658 0008 0E       		.uleb128 0xe
 1659 0009 11       		.uleb128 0x11
 1660 000a 01       		.uleb128 0x1
 1661 000b 12       		.uleb128 0x12
 1662 000c 06       		.uleb128 0x6
 1663 000d 10       		.uleb128 0x10
 1664 000e 17       		.uleb128 0x17
 1665 000f 00       		.byte	0
 1666 0010 00       		.byte	0
 1667 0011 02       		.uleb128 0x2
 1668 0012 24       		.uleb128 0x24
 1669 0013 00       		.byte	0
 1670 0014 0B       		.uleb128 0xb
 1671 0015 0B       		.uleb128 0xb
 1672 0016 3E       		.uleb128 0x3e
 1673 0017 0B       		.uleb128 0xb
 1674 0018 03       		.uleb128 0x3
 1675 0019 08       		.uleb128 0x8
 1676 001a 00       		.byte	0
 1677 001b 00       		.byte	0
 1678 001c 03       		.uleb128 0x3
 1679 001d 24       		.uleb128 0x24
 1680 001e 00       		.byte	0
 1681 001f 0B       		.uleb128 0xb
 1682 0020 0B       		.uleb128 0xb
 1683 0021 3E       		.uleb128 0x3e
 1684 0022 0B       		.uleb128 0xb
 1685 0023 03       		.uleb128 0x3
 1686 0024 0E       		.uleb128 0xe
 1687 0025 00       		.byte	0
 1688 0026 00       		.byte	0
 1689 0027 04       		.uleb128 0x4
 1690 0028 16       		.uleb128 0x16
 1691 0029 00       		.byte	0
 1692 002a 03       		.uleb128 0x3
 1693 002b 0E       		.uleb128 0xe
 1694 002c 3A       		.uleb128 0x3a
 1695 002d 0B       		.uleb128 0xb
 1696 002e 3B       		.uleb128 0x3b
 1697 002f 0B       		.uleb128 0xb
 1698 0030 49       		.uleb128 0x49
 1699 0031 13       		.uleb128 0x13
 1700 0032 00       		.byte	0
 1701 0033 00       		.byte	0
 1702 0034 05       		.uleb128 0x5
 1703 0035 13       		.uleb128 0x13
 1704 0036 01       		.byte	0x1
 1705 0037 03       		.uleb128 0x3
 1706 0038 0E       		.uleb128 0xe
ARM GAS  /tmp/ccj1d6Fx.s 			page 31


 1707 0039 0B       		.uleb128 0xb
 1708 003a 0B       		.uleb128 0xb
 1709 003b 3A       		.uleb128 0x3a
 1710 003c 0B       		.uleb128 0xb
 1711 003d 3B       		.uleb128 0x3b
 1712 003e 0B       		.uleb128 0xb
 1713 003f 01       		.uleb128 0x1
 1714 0040 13       		.uleb128 0x13
 1715 0041 00       		.byte	0
 1716 0042 00       		.byte	0
 1717 0043 06       		.uleb128 0x6
 1718 0044 0D       		.uleb128 0xd
 1719 0045 00       		.byte	0
 1720 0046 03       		.uleb128 0x3
 1721 0047 0E       		.uleb128 0xe
 1722 0048 3A       		.uleb128 0x3a
 1723 0049 0B       		.uleb128 0xb
 1724 004a 3B       		.uleb128 0x3b
 1725 004b 0B       		.uleb128 0xb
 1726 004c 49       		.uleb128 0x49
 1727 004d 13       		.uleb128 0x13
 1728 004e 38       		.uleb128 0x38
 1729 004f 0B       		.uleb128 0xb
 1730 0050 00       		.byte	0
 1731 0051 00       		.byte	0
 1732 0052 07       		.uleb128 0x7
 1733 0053 0D       		.uleb128 0xd
 1734 0054 00       		.byte	0
 1735 0055 03       		.uleb128 0x3
 1736 0056 08       		.uleb128 0x8
 1737 0057 3A       		.uleb128 0x3a
 1738 0058 0B       		.uleb128 0xb
 1739 0059 3B       		.uleb128 0x3b
 1740 005a 0B       		.uleb128 0xb
 1741 005b 49       		.uleb128 0x49
 1742 005c 13       		.uleb128 0x13
 1743 005d 38       		.uleb128 0x38
 1744 005e 0B       		.uleb128 0xb
 1745 005f 00       		.byte	0
 1746 0060 00       		.byte	0
 1747 0061 08       		.uleb128 0x8
 1748 0062 13       		.uleb128 0x13
 1749 0063 01       		.byte	0x1
 1750 0064 0B       		.uleb128 0xb
 1751 0065 0B       		.uleb128 0xb
 1752 0066 3A       		.uleb128 0x3a
 1753 0067 0B       		.uleb128 0xb
 1754 0068 3B       		.uleb128 0x3b
 1755 0069 0B       		.uleb128 0xb
 1756 006a 01       		.uleb128 0x1
 1757 006b 13       		.uleb128 0x13
 1758 006c 00       		.byte	0
 1759 006d 00       		.byte	0
 1760 006e 09       		.uleb128 0x9
 1761 006f 0F       		.uleb128 0xf
 1762 0070 00       		.byte	0
 1763 0071 0B       		.uleb128 0xb
ARM GAS  /tmp/ccj1d6Fx.s 			page 32


 1764 0072 0B       		.uleb128 0xb
 1765 0073 49       		.uleb128 0x49
 1766 0074 13       		.uleb128 0x13
 1767 0075 00       		.byte	0
 1768 0076 00       		.byte	0
 1769 0077 0A       		.uleb128 0xa
 1770 0078 0F       		.uleb128 0xf
 1771 0079 00       		.byte	0
 1772 007a 0B       		.uleb128 0xb
 1773 007b 0B       		.uleb128 0xb
 1774 007c 00       		.byte	0
 1775 007d 00       		.byte	0
 1776 007e 0B       		.uleb128 0xb
 1777 007f 0D       		.uleb128 0xd
 1778 0080 00       		.byte	0
 1779 0081 03       		.uleb128 0x3
 1780 0082 08       		.uleb128 0x8
 1781 0083 3A       		.uleb128 0x3a
 1782 0084 0B       		.uleb128 0xb
 1783 0085 3B       		.uleb128 0x3b
 1784 0086 05       		.uleb128 0x5
 1785 0087 49       		.uleb128 0x49
 1786 0088 13       		.uleb128 0x13
 1787 0089 38       		.uleb128 0x38
 1788 008a 0B       		.uleb128 0xb
 1789 008b 00       		.byte	0
 1790 008c 00       		.byte	0
 1791 008d 0C       		.uleb128 0xc
 1792 008e 0D       		.uleb128 0xd
 1793 008f 00       		.byte	0
 1794 0090 03       		.uleb128 0x3
 1795 0091 0E       		.uleb128 0xe
 1796 0092 3A       		.uleb128 0x3a
 1797 0093 0B       		.uleb128 0xb
 1798 0094 3B       		.uleb128 0x3b
 1799 0095 05       		.uleb128 0x5
 1800 0096 49       		.uleb128 0x49
 1801 0097 13       		.uleb128 0x13
 1802 0098 38       		.uleb128 0x38
 1803 0099 0B       		.uleb128 0xb
 1804 009a 00       		.byte	0
 1805 009b 00       		.byte	0
 1806 009c 0D       		.uleb128 0xd
 1807 009d 13       		.uleb128 0x13
 1808 009e 01       		.byte	0x1
 1809 009f 03       		.uleb128 0x3
 1810 00a0 0E       		.uleb128 0xe
 1811 00a1 0B       		.uleb128 0xb
 1812 00a2 0B       		.uleb128 0xb
 1813 00a3 3A       		.uleb128 0x3a
 1814 00a4 0B       		.uleb128 0xb
 1815 00a5 3B       		.uleb128 0x3b
 1816 00a6 05       		.uleb128 0x5
 1817 00a7 01       		.uleb128 0x1
 1818 00a8 13       		.uleb128 0x13
 1819 00a9 00       		.byte	0
 1820 00aa 00       		.byte	0
ARM GAS  /tmp/ccj1d6Fx.s 			page 33


 1821 00ab 0E       		.uleb128 0xe
 1822 00ac 35       		.uleb128 0x35
 1823 00ad 00       		.byte	0
 1824 00ae 49       		.uleb128 0x49
 1825 00af 13       		.uleb128 0x13
 1826 00b0 00       		.byte	0
 1827 00b1 00       		.byte	0
 1828 00b2 0F       		.uleb128 0xf
 1829 00b3 01       		.uleb128 0x1
 1830 00b4 01       		.byte	0x1
 1831 00b5 49       		.uleb128 0x49
 1832 00b6 13       		.uleb128 0x13
 1833 00b7 01       		.uleb128 0x1
 1834 00b8 13       		.uleb128 0x13
 1835 00b9 00       		.byte	0
 1836 00ba 00       		.byte	0
 1837 00bb 10       		.uleb128 0x10
 1838 00bc 21       		.uleb128 0x21
 1839 00bd 00       		.byte	0
 1840 00be 49       		.uleb128 0x49
 1841 00bf 13       		.uleb128 0x13
 1842 00c0 2F       		.uleb128 0x2f
 1843 00c1 0B       		.uleb128 0xb
 1844 00c2 00       		.byte	0
 1845 00c3 00       		.byte	0
 1846 00c4 11       		.uleb128 0x11
 1847 00c5 17       		.uleb128 0x17
 1848 00c6 01       		.byte	0x1
 1849 00c7 0B       		.uleb128 0xb
 1850 00c8 0B       		.uleb128 0xb
 1851 00c9 3A       		.uleb128 0x3a
 1852 00ca 0B       		.uleb128 0xb
 1853 00cb 3B       		.uleb128 0x3b
 1854 00cc 0B       		.uleb128 0xb
 1855 00cd 01       		.uleb128 0x1
 1856 00ce 13       		.uleb128 0x13
 1857 00cf 00       		.byte	0
 1858 00d0 00       		.byte	0
 1859 00d1 12       		.uleb128 0x12
 1860 00d2 0D       		.uleb128 0xd
 1861 00d3 00       		.byte	0
 1862 00d4 03       		.uleb128 0x3
 1863 00d5 0E       		.uleb128 0xe
 1864 00d6 3A       		.uleb128 0x3a
 1865 00d7 0B       		.uleb128 0xb
 1866 00d8 3B       		.uleb128 0x3b
 1867 00d9 0B       		.uleb128 0xb
 1868 00da 49       		.uleb128 0x49
 1869 00db 13       		.uleb128 0x13
 1870 00dc 00       		.byte	0
 1871 00dd 00       		.byte	0
 1872 00de 13       		.uleb128 0x13
 1873 00df 26       		.uleb128 0x26
 1874 00e0 00       		.byte	0
 1875 00e1 49       		.uleb128 0x49
 1876 00e2 13       		.uleb128 0x13
 1877 00e3 00       		.byte	0
ARM GAS  /tmp/ccj1d6Fx.s 			page 34


 1878 00e4 00       		.byte	0
 1879 00e5 14       		.uleb128 0x14
 1880 00e6 2E       		.uleb128 0x2e
 1881 00e7 01       		.byte	0x1
 1882 00e8 3F       		.uleb128 0x3f
 1883 00e9 19       		.uleb128 0x19
 1884 00ea 03       		.uleb128 0x3
 1885 00eb 0E       		.uleb128 0xe
 1886 00ec 3A       		.uleb128 0x3a
 1887 00ed 0B       		.uleb128 0xb
 1888 00ee 3B       		.uleb128 0x3b
 1889 00ef 0B       		.uleb128 0xb
 1890 00f0 27       		.uleb128 0x27
 1891 00f1 19       		.uleb128 0x19
 1892 00f2 20       		.uleb128 0x20
 1893 00f3 0B       		.uleb128 0xb
 1894 00f4 01       		.uleb128 0x1
 1895 00f5 13       		.uleb128 0x13
 1896 00f6 00       		.byte	0
 1897 00f7 00       		.byte	0
 1898 00f8 15       		.uleb128 0x15
 1899 00f9 0B       		.uleb128 0xb
 1900 00fa 01       		.byte	0x1
 1901 00fb 01       		.uleb128 0x1
 1902 00fc 13       		.uleb128 0x13
 1903 00fd 00       		.byte	0
 1904 00fe 00       		.byte	0
 1905 00ff 16       		.uleb128 0x16
 1906 0100 34       		.uleb128 0x34
 1907 0101 00       		.byte	0
 1908 0102 03       		.uleb128 0x3
 1909 0103 08       		.uleb128 0x8
 1910 0104 3A       		.uleb128 0x3a
 1911 0105 0B       		.uleb128 0xb
 1912 0106 3B       		.uleb128 0x3b
 1913 0107 0B       		.uleb128 0xb
 1914 0108 49       		.uleb128 0x49
 1915 0109 13       		.uleb128 0x13
 1916 010a 00       		.byte	0
 1917 010b 00       		.byte	0
 1918 010c 17       		.uleb128 0x17
 1919 010d 34       		.uleb128 0x34
 1920 010e 00       		.byte	0
 1921 010f 03       		.uleb128 0x3
 1922 0110 0E       		.uleb128 0xe
 1923 0111 3A       		.uleb128 0x3a
 1924 0112 0B       		.uleb128 0xb
 1925 0113 3B       		.uleb128 0x3b
 1926 0114 0B       		.uleb128 0xb
 1927 0115 49       		.uleb128 0x49
 1928 0116 13       		.uleb128 0x13
 1929 0117 00       		.byte	0
 1930 0118 00       		.byte	0
 1931 0119 18       		.uleb128 0x18
 1932 011a 0B       		.uleb128 0xb
 1933 011b 01       		.byte	0x1
 1934 011c 00       		.byte	0
ARM GAS  /tmp/ccj1d6Fx.s 			page 35


 1935 011d 00       		.byte	0
 1936 011e 19       		.uleb128 0x19
 1937 011f 2E       		.uleb128 0x2e
 1938 0120 01       		.byte	0x1
 1939 0121 3F       		.uleb128 0x3f
 1940 0122 19       		.uleb128 0x19
 1941 0123 03       		.uleb128 0x3
 1942 0124 0E       		.uleb128 0xe
 1943 0125 3A       		.uleb128 0x3a
 1944 0126 0B       		.uleb128 0xb
 1945 0127 3B       		.uleb128 0x3b
 1946 0128 0B       		.uleb128 0xb
 1947 0129 27       		.uleb128 0x27
 1948 012a 19       		.uleb128 0x19
 1949 012b 11       		.uleb128 0x11
 1950 012c 01       		.uleb128 0x1
 1951 012d 12       		.uleb128 0x12
 1952 012e 06       		.uleb128 0x6
 1953 012f 40       		.uleb128 0x40
 1954 0130 18       		.uleb128 0x18
 1955 0131 9742     		.uleb128 0x2117
 1956 0133 19       		.uleb128 0x19
 1957 0134 01       		.uleb128 0x1
 1958 0135 13       		.uleb128 0x13
 1959 0136 00       		.byte	0
 1960 0137 00       		.byte	0
 1961 0138 1A       		.uleb128 0x1a
 1962 0139 898201   		.uleb128 0x4109
 1963 013c 00       		.byte	0
 1964 013d 11       		.uleb128 0x11
 1965 013e 01       		.uleb128 0x1
 1966 013f 31       		.uleb128 0x31
 1967 0140 13       		.uleb128 0x13
 1968 0141 00       		.byte	0
 1969 0142 00       		.byte	0
 1970 0143 1B       		.uleb128 0x1b
 1971 0144 34       		.uleb128 0x34
 1972 0145 00       		.byte	0
 1973 0146 03       		.uleb128 0x3
 1974 0147 0E       		.uleb128 0xe
 1975 0148 3A       		.uleb128 0x3a
 1976 0149 0B       		.uleb128 0xb
 1977 014a 3B       		.uleb128 0x3b
 1978 014b 0B       		.uleb128 0xb
 1979 014c 49       		.uleb128 0x49
 1980 014d 13       		.uleb128 0x13
 1981 014e 02       		.uleb128 0x2
 1982 014f 17       		.uleb128 0x17
 1983 0150 00       		.byte	0
 1984 0151 00       		.byte	0
 1985 0152 1C       		.uleb128 0x1c
 1986 0153 0B       		.uleb128 0xb
 1987 0154 01       		.byte	0x1
 1988 0155 11       		.uleb128 0x11
 1989 0156 01       		.uleb128 0x1
 1990 0157 12       		.uleb128 0x12
 1991 0158 06       		.uleb128 0x6
ARM GAS  /tmp/ccj1d6Fx.s 			page 36


 1992 0159 00       		.byte	0
 1993 015a 00       		.byte	0
 1994 015b 1D       		.uleb128 0x1d
 1995 015c 34       		.uleb128 0x34
 1996 015d 00       		.byte	0
 1997 015e 03       		.uleb128 0x3
 1998 015f 08       		.uleb128 0x8
 1999 0160 3A       		.uleb128 0x3a
 2000 0161 0B       		.uleb128 0xb
 2001 0162 3B       		.uleb128 0x3b
 2002 0163 0B       		.uleb128 0xb
 2003 0164 49       		.uleb128 0x49
 2004 0165 13       		.uleb128 0x13
 2005 0166 02       		.uleb128 0x2
 2006 0167 18       		.uleb128 0x18
 2007 0168 00       		.byte	0
 2008 0169 00       		.byte	0
 2009 016a 1E       		.uleb128 0x1e
 2010 016b 898201   		.uleb128 0x4109
 2011 016e 01       		.byte	0x1
 2012 016f 11       		.uleb128 0x11
 2013 0170 01       		.uleb128 0x1
 2014 0171 31       		.uleb128 0x31
 2015 0172 13       		.uleb128 0x13
 2016 0173 01       		.uleb128 0x1
 2017 0174 13       		.uleb128 0x13
 2018 0175 00       		.byte	0
 2019 0176 00       		.byte	0
 2020 0177 1F       		.uleb128 0x1f
 2021 0178 8A8201   		.uleb128 0x410a
 2022 017b 00       		.byte	0
 2023 017c 02       		.uleb128 0x2
 2024 017d 18       		.uleb128 0x18
 2025 017e 9142     		.uleb128 0x2111
 2026 0180 18       		.uleb128 0x18
 2027 0181 00       		.byte	0
 2028 0182 00       		.byte	0
 2029 0183 20       		.uleb128 0x20
 2030 0184 898201   		.uleb128 0x4109
 2031 0187 01       		.byte	0x1
 2032 0188 11       		.uleb128 0x11
 2033 0189 01       		.uleb128 0x1
 2034 018a 9542     		.uleb128 0x2115
 2035 018c 19       		.uleb128 0x19
 2036 018d 31       		.uleb128 0x31
 2037 018e 13       		.uleb128 0x13
 2038 018f 00       		.byte	0
 2039 0190 00       		.byte	0
 2040 0191 21       		.uleb128 0x21
 2041 0192 2E       		.uleb128 0x2e
 2042 0193 01       		.byte	0x1
 2043 0194 31       		.uleb128 0x31
 2044 0195 13       		.uleb128 0x13
 2045 0196 11       		.uleb128 0x11
 2046 0197 01       		.uleb128 0x1
 2047 0198 12       		.uleb128 0x12
 2048 0199 06       		.uleb128 0x6
ARM GAS  /tmp/ccj1d6Fx.s 			page 37


 2049 019a 40       		.uleb128 0x40
 2050 019b 18       		.uleb128 0x18
 2051 019c 9742     		.uleb128 0x2117
 2052 019e 19       		.uleb128 0x19
 2053 019f 01       		.uleb128 0x1
 2054 01a0 13       		.uleb128 0x13
 2055 01a1 00       		.byte	0
 2056 01a2 00       		.byte	0
 2057 01a3 22       		.uleb128 0x22
 2058 01a4 0B       		.uleb128 0xb
 2059 01a5 01       		.byte	0x1
 2060 01a6 11       		.uleb128 0x11
 2061 01a7 01       		.uleb128 0x1
 2062 01a8 12       		.uleb128 0x12
 2063 01a9 06       		.uleb128 0x6
 2064 01aa 01       		.uleb128 0x1
 2065 01ab 13       		.uleb128 0x13
 2066 01ac 00       		.byte	0
 2067 01ad 00       		.byte	0
 2068 01ae 23       		.uleb128 0x23
 2069 01af 34       		.uleb128 0x34
 2070 01b0 00       		.byte	0
 2071 01b1 31       		.uleb128 0x31
 2072 01b2 13       		.uleb128 0x13
 2073 01b3 02       		.uleb128 0x2
 2074 01b4 18       		.uleb128 0x18
 2075 01b5 00       		.byte	0
 2076 01b6 00       		.byte	0
 2077 01b7 24       		.uleb128 0x24
 2078 01b8 0B       		.uleb128 0xb
 2079 01b9 01       		.byte	0x1
 2080 01ba 55       		.uleb128 0x55
 2081 01bb 17       		.uleb128 0x17
 2082 01bc 01       		.uleb128 0x1
 2083 01bd 13       		.uleb128 0x13
 2084 01be 00       		.byte	0
 2085 01bf 00       		.byte	0
 2086 01c0 25       		.uleb128 0x25
 2087 01c1 34       		.uleb128 0x34
 2088 01c2 00       		.byte	0
 2089 01c3 31       		.uleb128 0x31
 2090 01c4 13       		.uleb128 0x13
 2091 01c5 02       		.uleb128 0x2
 2092 01c6 17       		.uleb128 0x17
 2093 01c7 00       		.byte	0
 2094 01c8 00       		.byte	0
 2095 01c9 26       		.uleb128 0x26
 2096 01ca 898201   		.uleb128 0x4109
 2097 01cd 00       		.byte	0
 2098 01ce 11       		.uleb128 0x11
 2099 01cf 01       		.uleb128 0x1
 2100 01d0 9542     		.uleb128 0x2115
 2101 01d2 19       		.uleb128 0x19
 2102 01d3 31       		.uleb128 0x31
 2103 01d4 13       		.uleb128 0x13
 2104 01d5 00       		.byte	0
 2105 01d6 00       		.byte	0
ARM GAS  /tmp/ccj1d6Fx.s 			page 38


 2106 01d7 27       		.uleb128 0x27
 2107 01d8 05       		.uleb128 0x5
 2108 01d9 00       		.byte	0
 2109 01da 03       		.uleb128 0x3
 2110 01db 08       		.uleb128 0x8
 2111 01dc 3A       		.uleb128 0x3a
 2112 01dd 0B       		.uleb128 0xb
 2113 01de 3B       		.uleb128 0x3b
 2114 01df 0B       		.uleb128 0xb
 2115 01e0 49       		.uleb128 0x49
 2116 01e1 13       		.uleb128 0x13
 2117 01e2 02       		.uleb128 0x2
 2118 01e3 18       		.uleb128 0x18
 2119 01e4 00       		.byte	0
 2120 01e5 00       		.byte	0
 2121 01e6 28       		.uleb128 0x28
 2122 01e7 34       		.uleb128 0x34
 2123 01e8 00       		.byte	0
 2124 01e9 03       		.uleb128 0x3
 2125 01ea 0E       		.uleb128 0xe
 2126 01eb 3A       		.uleb128 0x3a
 2127 01ec 0B       		.uleb128 0xb
 2128 01ed 3B       		.uleb128 0x3b
 2129 01ee 0B       		.uleb128 0xb
 2130 01ef 49       		.uleb128 0x49
 2131 01f0 13       		.uleb128 0x13
 2132 01f1 3F       		.uleb128 0x3f
 2133 01f2 19       		.uleb128 0x19
 2134 01f3 3C       		.uleb128 0x3c
 2135 01f4 19       		.uleb128 0x19
 2136 01f5 00       		.byte	0
 2137 01f6 00       		.byte	0
 2138 01f7 29       		.uleb128 0x29
 2139 01f8 2E       		.uleb128 0x2e
 2140 01f9 00       		.byte	0
 2141 01fa 3F       		.uleb128 0x3f
 2142 01fb 19       		.uleb128 0x19
 2143 01fc 03       		.uleb128 0x3
 2144 01fd 0E       		.uleb128 0xe
 2145 01fe 3A       		.uleb128 0x3a
 2146 01ff 0B       		.uleb128 0xb
 2147 0200 3B       		.uleb128 0x3b
 2148 0201 0B       		.uleb128 0xb
 2149 0202 27       		.uleb128 0x27
 2150 0203 19       		.uleb128 0x19
 2151 0204 3C       		.uleb128 0x3c
 2152 0205 19       		.uleb128 0x19
 2153 0206 00       		.byte	0
 2154 0207 00       		.byte	0
 2155 0208 2A       		.uleb128 0x2a
 2156 0209 2E       		.uleb128 0x2e
 2157 020a 01       		.byte	0x1
 2158 020b 3F       		.uleb128 0x3f
 2159 020c 19       		.uleb128 0x19
 2160 020d 03       		.uleb128 0x3
 2161 020e 0E       		.uleb128 0xe
 2162 020f 3A       		.uleb128 0x3a
ARM GAS  /tmp/ccj1d6Fx.s 			page 39


 2163 0210 0B       		.uleb128 0xb
 2164 0211 3B       		.uleb128 0x3b
 2165 0212 05       		.uleb128 0x5
 2166 0213 27       		.uleb128 0x27
 2167 0214 19       		.uleb128 0x19
 2168 0215 3C       		.uleb128 0x3c
 2169 0216 19       		.uleb128 0x19
 2170 0217 01       		.uleb128 0x1
 2171 0218 13       		.uleb128 0x13
 2172 0219 00       		.byte	0
 2173 021a 00       		.byte	0
 2174 021b 2B       		.uleb128 0x2b
 2175 021c 05       		.uleb128 0x5
 2176 021d 00       		.byte	0
 2177 021e 49       		.uleb128 0x49
 2178 021f 13       		.uleb128 0x13
 2179 0220 00       		.byte	0
 2180 0221 00       		.byte	0
 2181 0222 00       		.byte	0
 2182              		.section	.debug_loc,"",%progbits
 2183              	.Ldebug_loc0:
 2184              	.LLST0:
 2185 0000 1E000000 		.4byte	.LVL1-.Ltext0
 2186 0004 20000000 		.4byte	.LVL2-.Ltext0
 2187 0008 0400     		.2byte	0x4
 2188 000a 73       		.byte	0x73
 2189 000b E800     		.sleb128 104
 2190 000d 9F       		.byte	0x9f
 2191 000e 20000000 		.4byte	.LVL2-.Ltext0
 2192 0012 26000000 		.4byte	.LVL3-.Ltext0
 2193 0016 0100     		.2byte	0x1
 2194 0018 53       		.byte	0x53
 2195 0019 00000000 		.4byte	0
 2196 001d 00000000 		.4byte	0
 2197              	.LLST1:
 2198 0021 78000000 		.4byte	.LVL7-.Ltext0
 2199 0025 8C000000 		.4byte	.LVL8-.Ltext0
 2200 0029 0400     		.2byte	0x4
 2201 002b 73       		.byte	0x73
 2202 002c 987F     		.sleb128 -104
 2203 002e 9F       		.byte	0x9f
 2204 002f 8C000000 		.4byte	.LVL8-.Ltext0
 2205 0033 94000000 		.4byte	.LVL9-.Ltext0
 2206 0037 0100     		.2byte	0x1
 2207 0039 52       		.byte	0x52
 2208 003a 94000000 		.4byte	.LVL9-.Ltext0
 2209 003e B0000000 		.4byte	.LVL10-.Ltext0
 2210 0042 0400     		.2byte	0x4
 2211 0044 73       		.byte	0x73
 2212 0045 987F     		.sleb128 -104
 2213 0047 9F       		.byte	0x9f
 2214 0048 B6000000 		.4byte	.LVL11-.Ltext0
 2215 004c E4000000 		.4byte	.LFE10-.Ltext0
 2216 0050 0400     		.2byte	0x4
 2217 0052 73       		.byte	0x73
 2218 0053 987F     		.sleb128 -104
 2219 0055 9F       		.byte	0x9f
ARM GAS  /tmp/ccj1d6Fx.s 			page 40


 2220 0056 00000000 		.4byte	0
 2221 005a 00000000 		.4byte	0
 2222              		.section	.debug_aranges,"",%progbits
 2223 0000 1C000000 		.4byte	0x1c
 2224 0004 0200     		.2byte	0x2
 2225 0006 00000000 		.4byte	.Ldebug_info0
 2226 000a 04       		.byte	0x4
 2227 000b 00       		.byte	0
 2228 000c 0000     		.2byte	0
 2229 000e 0000     		.2byte	0
 2230 0010 00000000 		.4byte	.Ltext0
 2231 0014 40010000 		.4byte	.Letext0-.Ltext0
 2232 0018 00000000 		.4byte	0
 2233 001c 00000000 		.4byte	0
 2234              		.section	.debug_ranges,"",%progbits
 2235              	.Ldebug_ranges0:
 2236 0000 70000000 		.4byte	.LBB16-.Ltext0
 2237 0004 B0000000 		.4byte	.LBE16-.Ltext0
 2238 0008 B6000000 		.4byte	.LBB17-.Ltext0
 2239 000c E4000000 		.4byte	.LBE17-.Ltext0
 2240 0010 00000000 		.4byte	0
 2241 0014 00000000 		.4byte	0
 2242              		.section	.debug_line,"",%progbits
 2243              	.Ldebug_line0:
 2244 0000 1D030000 		.section	.debug_str,"MS",%progbits,1
 2244      0200C002 
 2244      00000201 
 2244      FB0E0D00 
 2244      01010101 
 2245              	.LASF35:
 2246 0000 705F6D73 		.ascii	"p_msg\000"
 2246      6700
 2247              	.LASF84:
 2248 0006 7264796D 		.ascii	"rdymsg\000"
 2248      736700
 2249              	.LASF69:
 2250 000d 46504453 		.ascii	"FPDSCR\000"
 2250      435200
 2251              	.LASF5:
 2252 0014 5F5F7569 		.ascii	"__uint8_t\000"
 2252      6E74385F 
 2252      7400
 2253              	.LASF66:
 2254 001e 434D785F 		.ascii	"CMx_SCB\000"
 2254      53434200 
 2255              	.LASF99:
 2256 0026 63685379 		.ascii	"chSysTimerHandlerI\000"
 2256      7354696D 
 2256      65724861 
 2256      6E646C65 
 2256      724900
 2257              	.LASF93:
 2258 0039 53797354 		.ascii	"SysTickVector\000"
 2258      69636B56 
 2258      6563746F 
 2258      7200
 2259              	.LASF11:
ARM GAS  /tmp/ccj1d6Fx.s 			page 41


 2260 0047 6C6F6E67 		.ascii	"long long unsigned int\000"
 2260      206C6F6E 
 2260      6720756E 
 2260      7369676E 
 2260      65642069 
 2261              	.LASF51:
 2262 005e 43505549 		.ascii	"CPUID\000"
 2262      4400
 2263              	.LASF25:
 2264 0064 705F7072 		.ascii	"p_prio\000"
 2264      696F00
 2265              	.LASF10:
 2266 006b 6C6F6E67 		.ascii	"long long int\000"
 2266      206C6F6E 
 2266      6720696E 
 2266      7400
 2267              	.LASF1:
 2268 0079 7369676E 		.ascii	"signed char\000"
 2268      65642063 
 2268      68617200 
 2269              	.LASF81:
 2270 0085 6D5F7175 		.ascii	"m_queue\000"
 2270      65756500 
 2271              	.LASF18:
 2272 008d 74736C69 		.ascii	"tslices_t\000"
 2272      6365735F 
 2272      7400
 2273              	.LASF7:
 2274 0097 6C6F6E67 		.ascii	"long int\000"
 2274      20696E74 
 2274      00
 2275              	.LASF91:
 2276 00a0 53564361 		.ascii	"SVCallVector\000"
 2276      6C6C5665 
 2276      63746F72 
 2276      00
 2277              	.LASF17:
 2278 00ad 74737461 		.ascii	"tstate_t\000"
 2278      74655F74 
 2278      00
 2279              	.LASF27:
 2280 00b6 705F6E65 		.ascii	"p_newer\000"
 2280      77657200 
 2281              	.LASF61:
 2282 00be 42464152 		.ascii	"BFAR\000"
 2282      00
 2283              	.LASF85:
 2284 00c3 65786974 		.ascii	"exitcode\000"
 2284      636F6465 
 2284      00
 2285              	.LASF62:
 2286 00cc 41465352 		.ascii	"AFSR\000"
 2286      00
 2287              	.LASF8:
 2288 00d1 5F5F7569 		.ascii	"__uint32_t\000"
 2288      6E743332 
 2288      5F7400
ARM GAS  /tmp/ccj1d6Fx.s 			page 42


 2289              	.LASF97:
 2290 00dc 6E766963 		.ascii	"nvicSetSystemHandlerPriority\000"
 2290      53657453 
 2290      79737465 
 2290      6D48616E 
 2290      646C6572 
 2291              	.LASF41:
 2292 00f9 72656761 		.ascii	"regarm_t\000"
 2292      726D5F74 
 2292      00
 2293              	.LASF98:
 2294 0102 63685363 		.ascii	"chSchDoReschedule\000"
 2294      68446F52 
 2294      65736368 
 2294      6564756C 
 2294      6500
 2295              	.LASF46:
 2296 0114 72657365 		.ascii	"reserved\000"
 2296      72766564 
 2296      00
 2297              	.LASF0:
 2298 011d 756E7369 		.ascii	"unsigned int\000"
 2298      676E6564 
 2298      20696E74 
 2298      00
 2299              	.LASF43:
 2300 012a 6C725F74 		.ascii	"lr_thd\000"
 2300      686400
 2301              	.LASF42:
 2302 0131 65787463 		.ascii	"extctx\000"
 2302      747800
 2303              	.LASF94:
 2304 0138 5F706F72 		.ascii	"_port_switch\000"
 2304      745F7377 
 2304      69746368 
 2304      00
 2305              	.LASF9:
 2306 0145 6C6F6E67 		.ascii	"long unsigned int\000"
 2306      20756E73 
 2306      69676E65 
 2306      6420696E 
 2306      7400
 2307              	.LASF53:
 2308 0157 56544F52 		.ascii	"VTOR\000"
 2308      00
 2309              	.LASF90:
 2310 015c 5F706F72 		.ascii	"_port_switch_from_isr\000"
 2310      745F7377 
 2310      69746368 
 2310      5F66726F 
 2310      6D5F6973 
 2311              	.LASF4:
 2312 0172 73686F72 		.ascii	"short unsigned int\000"
 2312      7420756E 
 2312      7369676E 
 2312      65642069 
 2312      6E7400
ARM GAS  /tmp/ccj1d6Fx.s 			page 43


 2313              	.LASF52:
 2314 0185 49435352 		.ascii	"ICSR\000"
 2314      00
 2315              	.LASF20:
 2316 018a 6D73675F 		.ascii	"msg_t\000"
 2316      7400
 2317              	.LASF54:
 2318 0190 41495243 		.ascii	"AIRCR\000"
 2318      5200
 2319              	.LASF59:
 2320 0196 44465352 		.ascii	"DFSR\000"
 2320      00
 2321              	.LASF76:
 2322 019b 725F6E65 		.ascii	"r_newer\000"
 2322      77657200 
 2323              	.LASF60:
 2324 01a3 4D4D4641 		.ascii	"MMFAR\000"
 2324      5200
 2325              	.LASF96:
 2326 01a9 5F706F72 		.ascii	"_port_irq_epilogue\000"
 2326      745F6972 
 2326      715F6570 
 2326      696C6F67 
 2326      756500
 2327              	.LASF16:
 2328 01bc 746D6F64 		.ascii	"tmode_t\000"
 2328      655F7400 
 2329              	.LASF101:
 2330 01c4 2F686F6D 		.ascii	"/home/sbcu/Dropbox/pcb-layouts/axo-on-discovery-boa"
 2330      652F7362 
 2330      63752F44 
 2330      726F7062 
 2330      6F782F70 
 2331 01f7 72642F61 		.ascii	"rd/axoloti/platform_linux/../chibios/os/ports/GCC/A"
 2331      786F6C6F 
 2331      74692F70 
 2331      6C617466 
 2331      6F726D5F 
 2332 022a 524D434D 		.ascii	"RMCMx/chcore_v7m.c\000"
 2332      782F6368 
 2332      636F7265 
 2332      5F76376D 
 2332      2E6300
 2333              	.LASF40:
 2334 023d 54687265 		.ascii	"ThreadsList\000"
 2334      6164734C 
 2334      69737400 
 2335              	.LASF21:
 2336 0249 6576656E 		.ascii	"eventmask_t\000"
 2336      746D6173 
 2336      6B5F7400 
 2337              	.LASF80:
 2338 0255 4D757465 		.ascii	"Mutex\000"
 2338      7800
 2339              	.LASF67:
 2340 025b 46504343 		.ascii	"FPCCR\000"
 2340      5200
ARM GAS  /tmp/ccj1d6Fx.s 			page 44


 2341              	.LASF50:
 2342 0261 73697A65 		.ascii	"sizetype\000"
 2342      74797065 
 2342      00
 2343              	.LASF57:
 2344 026a 43465352 		.ascii	"CFSR\000"
 2344      00
 2345              	.LASF28:
 2346 026f 705F6F6C 		.ascii	"p_older\000"
 2346      64657200 
 2347              	.LASF75:
 2348 0277 725F6374 		.ascii	"r_ctx\000"
 2348      7800
 2349              	.LASF39:
 2350 027d 54687265 		.ascii	"ThreadsQueue\000"
 2350      61647351 
 2350      75657565 
 2350      00
 2351              	.LASF78:
 2352 028a 725F6375 		.ascii	"r_current\000"
 2352      7272656E 
 2352      7400
 2353              	.LASF77:
 2354 0294 725F6F6C 		.ascii	"r_older\000"
 2354      64657200 
 2355              	.LASF70:
 2356 029c 4D564652 		.ascii	"MVFR0\000"
 2356      3000
 2357              	.LASF71:
 2358 02a2 4D564652 		.ascii	"MVFR1\000"
 2358      3100
 2359              	.LASF89:
 2360 02a8 63747870 		.ascii	"ctxp\000"
 2360      00
 2361              	.LASF24:
 2362 02ad 705F7072 		.ascii	"p_prev\000"
 2362      657600
 2363              	.LASF19:
 2364 02b4 74707269 		.ascii	"tprio_t\000"
 2364      6F5F7400 
 2365              	.LASF15:
 2366 02bc 5F426F6F 		.ascii	"_Bool\000"
 2366      6C00
 2367              	.LASF13:
 2368 02c2 696E7433 		.ascii	"int32_t\000"
 2368      325F7400 
 2369              	.LASF2:
 2370 02ca 756E7369 		.ascii	"unsigned char\000"
 2370      676E6564 
 2370      20636861 
 2370      7200
 2371              	.LASF56:
 2372 02d8 53484353 		.ascii	"SHCSR\000"
 2372      5200
 2373              	.LASF37:
 2374 02de 705F6D74 		.ascii	"p_mtxlist\000"
 2374      786C6973 
ARM GAS  /tmp/ccj1d6Fx.s 			page 45


 2374      7400
 2375              	.LASF3:
 2376 02e8 73686F72 		.ascii	"short int\000"
 2376      7420696E 
 2376      7400
 2377              	.LASF30:
 2378 02f2 705F7374 		.ascii	"p_state\000"
 2378      61746500 
 2379              	.LASF72:
 2380 02fa 434D785F 		.ascii	"CMx_FPU\000"
 2380      46505500 
 2381              	.LASF32:
 2382 0302 705F7072 		.ascii	"p_preempt\000"
 2382      65656D70 
 2382      7400
 2383              	.LASF44:
 2384 030c 78707372 		.ascii	"xpsr\000"
 2384      00
 2385              	.LASF74:
 2386 0311 725F7072 		.ascii	"r_prio\000"
 2386      696F00
 2387              	.LASF87:
 2388 0318 65776D61 		.ascii	"ewmask\000"
 2388      736B00
 2389              	.LASF23:
 2390 031f 705F6E65 		.ascii	"p_next\000"
 2390      787400
 2391              	.LASF45:
 2392 0326 66707363 		.ascii	"fpscr\000"
 2392      7200
 2393              	.LASF31:
 2394 032c 705F666C 		.ascii	"p_flags\000"
 2394      61677300 
 2395              	.LASF68:
 2396 0334 46504341 		.ascii	"FPCAR\000"
 2396      5200
 2397              	.LASF22:
 2398 033a 54687265 		.ascii	"Thread\000"
 2398      616400
 2399              	.LASF36:
 2400 0341 705F6570 		.ascii	"p_epending\000"
 2400      656E6469 
 2400      6E6700
 2401              	.LASF14:
 2402 034c 75696E74 		.ascii	"uint32_t\000"
 2402      33325F74 
 2402      00
 2403              	.LASF73:
 2404 0355 725F7175 		.ascii	"r_queue\000"
 2404      65756500 
 2405              	.LASF64:
 2406 035d 756E7573 		.ascii	"unused1\000"
 2406      65643100 
 2407              	.LASF88:
 2408 0365 63686172 		.ascii	"char\000"
 2408      00
 2409              	.LASF49:
ARM GAS  /tmp/ccj1d6Fx.s 			page 46


 2410 036a 494F5245 		.ascii	"IOREG32\000"
 2410      47333200 
 2411              	.LASF83:
 2412 0372 6D5F6E65 		.ascii	"m_next\000"
 2412      787400
 2413              	.LASF38:
 2414 0379 705F7265 		.ascii	"p_realprio\000"
 2414      616C7072 
 2414      696F00
 2415              	.LASF6:
 2416 0384 5F5F696E 		.ascii	"__int32_t\000"
 2416      7433325F 
 2416      7400
 2417              	.LASF48:
 2418 038e 636F6E74 		.ascii	"context\000"
 2418      65787400 
 2419              	.LASF55:
 2420 0396 53485052 		.ascii	"SHPR\000"
 2420      00
 2421              	.LASF47:
 2422 039b 696E7463 		.ascii	"intctx\000"
 2422      747800
 2423              	.LASF34:
 2424 03a2 705F6D73 		.ascii	"p_msgqueue\000"
 2424      67717565 
 2424      756500
 2425              	.LASF95:
 2426 03ad 5F706F72 		.ascii	"_port_thread_start\000"
 2426      745F7468 
 2426      72656164 
 2426      5F737461 
 2426      727400
 2427              	.LASF29:
 2428 03c0 705F6E61 		.ascii	"p_name\000"
 2428      6D6500
 2429              	.LASF79:
 2430 03c7 52656164 		.ascii	"ReadyList\000"
 2430      794C6973 
 2430      7400
 2431              	.LASF63:
 2432 03d1 4D4D4652 		.ascii	"MMFR\000"
 2432      00
 2433              	.LASF102:
 2434 03d6 726C6973 		.ascii	"rlist\000"
 2434      7400
 2435              	.LASF12:
 2436 03dc 75696E74 		.ascii	"uint8_t\000"
 2436      385F7400 
 2437              	.LASF92:
 2438 03e4 5F706F72 		.ascii	"_port_init\000"
 2438      745F696E 
 2438      697400
 2439              	.LASF86:
 2440 03ef 77746F62 		.ascii	"wtobjp\000"
 2440      6A7000
 2441              	.LASF100:
 2442 03f6 474E5520 		.ascii	"GNU C 4.9.3 20150529 (release) [ARM/embedded-4_9-br"
ARM GAS  /tmp/ccj1d6Fx.s 			page 47


 2442      4320342E 
 2442      392E3320 
 2442      32303135 
 2442      30353239 
 2443 0429 616E6368 		.ascii	"anch revision 224288] -mcpu=cortex-m4 -mfloat-abi=h"
 2443      20726576 
 2443      6973696F 
 2443      6E203232 
 2443      34323838 
 2444 045c 61726420 		.ascii	"ard -mfpu=fpv4-sp-d16 -mno-thumb-interwork -mthumb "
 2444      2D6D6670 
 2444      753D6670 
 2444      76342D73 
 2444      702D6431 
 2445 048f 2D676764 		.ascii	"-ggdb -O2 -fomit-frame-pointer -falign-functions=16"
 2445      62202D4F 
 2445      32202D66 
 2445      6F6D6974 
 2445      2D667261 
 2446 04c2 202D666E 		.ascii	" -fno-math-errno -fsingle-precision-constant\000"
 2446      6F2D6D61 
 2446      74682D65 
 2446      72726E6F 
 2446      202D6673 
 2447              	.LASF65:
 2448 04ef 43504143 		.ascii	"CPACR\000"
 2448      5200
 2449              	.LASF58:
 2450 04f5 48465352 		.ascii	"HFSR\000"
 2450      00
 2451              	.LASF82:
 2452 04fa 6D5F6F77 		.ascii	"m_owner\000"
 2452      6E657200 
 2453              	.LASF26:
 2454 0502 705F6374 		.ascii	"p_ctx\000"
 2454      7800
 2455              	.LASF33:
 2456 0508 705F7761 		.ascii	"p_waiting\000"
 2456      6974696E 
 2456      6700
 2457              		.ident	"GCC: (GNU Tools for ARM Embedded Processors) 4.9.3 20150529 (release) [ARM/embedded-4_9-br
ARM GAS  /tmp/ccj1d6Fx.s 			page 48


DEFINED SYMBOLS
                            *ABS*:00000000 chcore_v7m.c
     /tmp/ccj1d6Fx.s:20     .text:00000000 $t
     /tmp/ccj1d6Fx.s:26     .text:00000000 _port_switch_from_isr
     /tmp/ccj1d6Fx.s:39     .text:00000004 _port_exit_from_isr
     /tmp/ccj1d6Fx.s:56     .text:00000010 SVCallVector
     /tmp/ccj1d6Fx.s:94     .text:0000002c $d
     /tmp/ccj1d6Fx.s:99     .text:00000030 $t
     /tmp/ccj1d6Fx.s:105    .text:00000030 _port_init
     /tmp/ccj1d6Fx.s:149    .text:00000058 $d
     /tmp/ccj1d6Fx.s:154    .text:00000060 $t
     /tmp/ccj1d6Fx.s:160    .text:00000060 _port_irq_epilogue
     /tmp/ccj1d6Fx.s:262    .text:000000d0 $d
     /tmp/ccj1d6Fx.s:272    .text:000000e4 $t
     /tmp/ccj1d6Fx.s:278    .text:000000f0 SysTickVector
     /tmp/ccj1d6Fx.s:324    .text:00000110 _port_switch
     /tmp/ccj1d6Fx.s:364    .text:00000130 _port_thread_start
                     .debug_frame:00000010 $d

UNDEFINED SYMBOLS
chSchDoReschedule
nvicSetSystemHandlerPriority
rlist
chSysTimerHandlerI
chThdExit
