ARM GAS  /tmp/ccD1vGjC.s 			page 1


   1              		.syntax unified
   2              		.cpu cortex-m4
   3              		.eabi_attribute 27, 1
   4              		.eabi_attribute 28, 1
   5              		.fpu fpv4-sp-d16
   6              		.eabi_attribute 20, 1
   7              		.eabi_attribute 21, 1
   8              		.eabi_attribute 23, 3
   9              		.eabi_attribute 24, 1
  10              		.eabi_attribute 25, 1
  11              		.eabi_attribute 26, 1
  12              		.eabi_attribute 30, 2
  13              		.eabi_attribute 34, 1
  14              		.eabi_attribute 18, 4
  15              		.thumb
  16              		.file	"chcore.c"
  17              		.text
  18              	.Ltext0:
  19              		.cfi_sections	.debug_frame
  20              		.align	2
  21              		.p2align 4,,15
  22              		.weak	port_halt
  23              		.thumb
  24              		.thumb_func
  25              		.type	port_halt, %function
  26              	port_halt:
  27              	.LFB7:
  28              		.file 1 "/d_drive/axoloti/platform_linux/../chibios/os/ports/GCC/ARMCMx/chcore.c"
  29              		.loc 1 46 0
  30              		.cfi_startproc
  31              		@ args = 0, pretend = 0, frame = 0
  32              		@ frame_needed = 0, uses_anonymous_args = 0
  33              		@ link register save eliminated.
  34              		.loc 1 48 0
  35              	@ 48 "/d_drive/axoloti/platform_linux/../chibios/os/ports/GCC/ARMCMx/chcore.c" 1
  36 0000 72B6     		cpsid   i
  37              	@ 0 "" 2
  38              		.thumb
  39              	.L2:
  40              		.loc 1 50 0 discriminator 1
  41 0002 FEE7     		b	.L2
  42              		.cfi_endproc
  43              	.LFE7:
  44              		.size	port_halt, .-port_halt
  45              	.Letext0:
  46              		.section	.debug_info,"",%progbits
  47              	.Ldebug_info0:
  48 0000 8A000000 		.4byte	0x8a
  49 0004 0400     		.2byte	0x4
  50 0006 00000000 		.4byte	.Ldebug_abbrev0
  51 000a 04       		.byte	0x4
  52 000b 01       		.uleb128 0x1
  53 000c 8C000000 		.4byte	.LASF12
  54 0010 01       		.byte	0x1
  55 0011 44000000 		.4byte	.LASF13
  56 0015 00000000 		.4byte	.Ltext0
  57 0019 04000000 		.4byte	.Letext0-.Ltext0
ARM GAS  /tmp/ccD1vGjC.s 			page 2


  58 001d 00000000 		.4byte	.Ldebug_line0
  59 0021 02       		.uleb128 0x2
  60 0022 04       		.byte	0x4
  61 0023 05       		.byte	0x5
  62 0024 696E7400 		.ascii	"int\000"
  63 0028 03       		.uleb128 0x3
  64 0029 04       		.byte	0x4
  65 002a 07       		.byte	0x7
  66 002b 0E000000 		.4byte	.LASF0
  67 002f 03       		.uleb128 0x3
  68 0030 01       		.byte	0x1
  69 0031 06       		.byte	0x6
  70 0032 BA010000 		.4byte	.LASF1
  71 0036 03       		.uleb128 0x3
  72 0037 01       		.byte	0x1
  73 0038 08       		.byte	0x8
  74 0039 85010000 		.4byte	.LASF2
  75 003d 03       		.uleb128 0x3
  76 003e 02       		.byte	0x2
  77 003f 05       		.byte	0x5
  78 0040 D0010000 		.4byte	.LASF3
  79 0044 03       		.uleb128 0x3
  80 0045 02       		.byte	0x2
  81 0046 07       		.byte	0x7
  82 0047 A7010000 		.4byte	.LASF4
  83 004b 03       		.uleb128 0x3
  84 004c 04       		.byte	0x4
  85 004d 05       		.byte	0x5
  86 004e 98010000 		.4byte	.LASF5
  87 0052 03       		.uleb128 0x3
  88 0053 04       		.byte	0x4
  89 0054 07       		.byte	0x7
  90 0055 1B000000 		.4byte	.LASF6
  91 0059 03       		.uleb128 0x3
  92 005a 08       		.byte	0x8
  93 005b 05       		.byte	0x5
  94 005c 00000000 		.4byte	.LASF7
  95 0060 03       		.uleb128 0x3
  96 0061 08       		.byte	0x8
  97 0062 07       		.byte	0x7
  98 0063 2D000000 		.4byte	.LASF8
  99 0067 03       		.uleb128 0x3
 100 0068 01       		.byte	0x1
 101 0069 02       		.byte	0x2
 102 006a A1010000 		.4byte	.LASF9
 103 006e 03       		.uleb128 0x3
 104 006f 04       		.byte	0x4
 105 0070 07       		.byte	0x7
 106 0071 DA010000 		.4byte	.LASF10
 107 0075 03       		.uleb128 0x3
 108 0076 01       		.byte	0x1
 109 0077 08       		.byte	0x8
 110 0078 93010000 		.4byte	.LASF11
 111 007c 04       		.uleb128 0x4
 112 007d C6010000 		.4byte	.LASF14
 113 0081 01       		.byte	0x1
 114 0082 2E       		.byte	0x2e
ARM GAS  /tmp/ccD1vGjC.s 			page 3


 115 0083 00000000 		.4byte	.LFB7
 116 0087 04000000 		.4byte	.LFE7-.LFB7
 117 008b 01       		.uleb128 0x1
 118 008c 9C       		.byte	0x9c
 119 008d 00       		.byte	0
 120              		.section	.debug_abbrev,"",%progbits
 121              	.Ldebug_abbrev0:
 122 0000 01       		.uleb128 0x1
 123 0001 11       		.uleb128 0x11
 124 0002 01       		.byte	0x1
 125 0003 25       		.uleb128 0x25
 126 0004 0E       		.uleb128 0xe
 127 0005 13       		.uleb128 0x13
 128 0006 0B       		.uleb128 0xb
 129 0007 03       		.uleb128 0x3
 130 0008 0E       		.uleb128 0xe
 131 0009 11       		.uleb128 0x11
 132 000a 01       		.uleb128 0x1
 133 000b 12       		.uleb128 0x12
 134 000c 06       		.uleb128 0x6
 135 000d 10       		.uleb128 0x10
 136 000e 17       		.uleb128 0x17
 137 000f 00       		.byte	0
 138 0010 00       		.byte	0
 139 0011 02       		.uleb128 0x2
 140 0012 24       		.uleb128 0x24
 141 0013 00       		.byte	0
 142 0014 0B       		.uleb128 0xb
 143 0015 0B       		.uleb128 0xb
 144 0016 3E       		.uleb128 0x3e
 145 0017 0B       		.uleb128 0xb
 146 0018 03       		.uleb128 0x3
 147 0019 08       		.uleb128 0x8
 148 001a 00       		.byte	0
 149 001b 00       		.byte	0
 150 001c 03       		.uleb128 0x3
 151 001d 24       		.uleb128 0x24
 152 001e 00       		.byte	0
 153 001f 0B       		.uleb128 0xb
 154 0020 0B       		.uleb128 0xb
 155 0021 3E       		.uleb128 0x3e
 156 0022 0B       		.uleb128 0xb
 157 0023 03       		.uleb128 0x3
 158 0024 0E       		.uleb128 0xe
 159 0025 00       		.byte	0
 160 0026 00       		.byte	0
 161 0027 04       		.uleb128 0x4
 162 0028 2E       		.uleb128 0x2e
 163 0029 00       		.byte	0
 164 002a 3F       		.uleb128 0x3f
 165 002b 19       		.uleb128 0x19
 166 002c 03       		.uleb128 0x3
 167 002d 0E       		.uleb128 0xe
 168 002e 3A       		.uleb128 0x3a
 169 002f 0B       		.uleb128 0xb
 170 0030 3B       		.uleb128 0x3b
 171 0031 0B       		.uleb128 0xb
ARM GAS  /tmp/ccD1vGjC.s 			page 4


 172 0032 27       		.uleb128 0x27
 173 0033 19       		.uleb128 0x19
 174 0034 11       		.uleb128 0x11
 175 0035 01       		.uleb128 0x1
 176 0036 12       		.uleb128 0x12
 177 0037 06       		.uleb128 0x6
 178 0038 40       		.uleb128 0x40
 179 0039 18       		.uleb128 0x18
 180 003a 9742     		.uleb128 0x2117
 181 003c 19       		.uleb128 0x19
 182 003d 00       		.byte	0
 183 003e 00       		.byte	0
 184 003f 00       		.byte	0
 185              		.section	.debug_aranges,"",%progbits
 186 0000 1C000000 		.4byte	0x1c
 187 0004 0200     		.2byte	0x2
 188 0006 00000000 		.4byte	.Ldebug_info0
 189 000a 04       		.byte	0x4
 190 000b 00       		.byte	0
 191 000c 0000     		.2byte	0
 192 000e 0000     		.2byte	0
 193 0010 00000000 		.4byte	.Ltext0
 194 0014 04000000 		.4byte	.Letext0-.Ltext0
 195 0018 00000000 		.4byte	0
 196 001c 00000000 		.4byte	0
 197              		.section	.debug_line,"",%progbits
 198              	.Ldebug_line0:
 199 0000 79000000 		.section	.debug_str,"MS",%progbits,1
 199      02005E00 
 199      00000201 
 199      FB0E0D00 
 199      01010101 
 200              	.LASF7:
 201 0000 6C6F6E67 		.ascii	"long long int\000"
 201      206C6F6E 
 201      6720696E 
 201      7400
 202              	.LASF0:
 203 000e 756E7369 		.ascii	"unsigned int\000"
 203      676E6564 
 203      20696E74 
 203      00
 204              	.LASF6:
 205 001b 6C6F6E67 		.ascii	"long unsigned int\000"
 205      20756E73 
 205      69676E65 
 205      6420696E 
 205      7400
 206              	.LASF8:
 207 002d 6C6F6E67 		.ascii	"long long unsigned int\000"
 207      206C6F6E 
 207      6720756E 
 207      7369676E 
 207      65642069 
 208              	.LASF13:
 209 0044 2F645F64 		.ascii	"/d_drive/axoloti/platform_linux/../chibios/os/ports"
 209      72697665 
ARM GAS  /tmp/ccD1vGjC.s 			page 5


 209      2F61786F 
 209      6C6F7469 
 209      2F706C61 
 210 0077 2F474343 		.ascii	"/GCC/ARMCMx/chcore.c\000"
 210      2F41524D 
 210      434D782F 
 210      6368636F 
 210      72652E63 
 211              	.LASF12:
 212 008c 474E5520 		.ascii	"GNU C 4.9.3 20150529 (release) [ARM/embedded-4_9-br"
 212      4320342E 
 212      392E3320 
 212      32303135 
 212      30353239 
 213 00bf 616E6368 		.ascii	"anch revision 224288] -mcpu=cortex-m4 -mfloat-abi=h"
 213      20726576 
 213      6973696F 
 213      6E203232 
 213      34323838 
 214 00f2 61726420 		.ascii	"ard -mfpu=fpv4-sp-d16 -mno-thumb-interwork -mthumb "
 214      2D6D6670 
 214      753D6670 
 214      76342D73 
 214      702D6431 
 215 0125 2D676764 		.ascii	"-ggdb -O2 -fomit-frame-pointer -falign-functions=16"
 215      62202D4F 
 215      32202D66 
 215      6F6D6974 
 215      2D667261 
 216 0158 202D666E 		.ascii	" -fno-math-errno -fsingle-precision-constant\000"
 216      6F2D6D61 
 216      74682D65 
 216      72726E6F 
 216      202D6673 
 217              	.LASF2:
 218 0185 756E7369 		.ascii	"unsigned char\000"
 218      676E6564 
 218      20636861 
 218      7200
 219              	.LASF11:
 220 0193 63686172 		.ascii	"char\000"
 220      00
 221              	.LASF5:
 222 0198 6C6F6E67 		.ascii	"long int\000"
 222      20696E74 
 222      00
 223              	.LASF9:
 224 01a1 5F426F6F 		.ascii	"_Bool\000"
 224      6C00
 225              	.LASF4:
 226 01a7 73686F72 		.ascii	"short unsigned int\000"
 226      7420756E 
 226      7369676E 
 226      65642069 
 226      6E7400
 227              	.LASF1:
 228 01ba 7369676E 		.ascii	"signed char\000"
ARM GAS  /tmp/ccD1vGjC.s 			page 6


 228      65642063 
 228      68617200 
 229              	.LASF14:
 230 01c6 706F7274 		.ascii	"port_halt\000"
 230      5F68616C 
 230      7400
 231              	.LASF3:
 232 01d0 73686F72 		.ascii	"short int\000"
 232      7420696E 
 232      7400
 233              	.LASF10:
 234 01da 73697A65 		.ascii	"sizetype\000"
 234      74797065 
 234      00
 235              		.ident	"GCC: (GNU Tools for ARM Embedded Processors) 4.9.3 20150529 (release) [ARM/embedded-4_9-br
ARM GAS  /tmp/ccD1vGjC.s 			page 7


DEFINED SYMBOLS
                            *ABS*:00000000 chcore.c
     /tmp/ccD1vGjC.s:20     .text:00000000 $t
     /tmp/ccD1vGjC.s:26     .text:00000000 port_halt
                     .debug_frame:00000010 $d

NO UNDEFINED SYMBOLS
