ARM GAS  /tmp/ccWt1xEo.s 			page 1


   1              		.syntax unified
   2              		.cpu cortex-m4
   3              		.eabi_attribute 27, 1
   4              		.eabi_attribute 28, 1
   5              		.fpu fpv4-sp-d16
   6              		.eabi_attribute 20, 1
   7              		.eabi_attribute 21, 1
   8              		.eabi_attribute 23, 3
   9              		.eabi_attribute 24, 1
  10              		.eabi_attribute 25, 1
  11              		.eabi_attribute 26, 1
  12              		.eabi_attribute 30, 2
  13              		.eabi_attribute 34, 1
  14              		.eabi_attribute 18, 4
  15              		.thumb
  16              		.file	"chheap.c"
  17              		.text
  18              	.Ltext0:
  19              		.cfi_sections	.debug_frame
  20              		.align	2
  21              		.p2align 4,,15
  22              		.global	_heap_init
  23              		.thumb
  24              		.thumb_func
  25              		.type	_heap_init, %function
  26              	_heap_init:
  27              	.LFB7:
  28              		.file 1 "/home/sbcu/Dropbox/pcb-layouts/axo-on-discovery-board/axoloti/platform_linux/../chibios/o
  29              		.loc 1 75 0
  30              		.cfi_startproc
  31              		@ args = 0, pretend = 0, frame = 0
  32              		@ frame_needed = 0, uses_anonymous_args = 0
  33              		@ link register save eliminated.
  34              		.loc 1 76 0
  35 0000 044B     		ldr	r3, .L2
  36 0002 054A     		ldr	r2, .L2+4
  37 0004 1A60     		str	r2, [r3]
  38              		.loc 1 80 0
  39 0006 03F11000 		add	r0, r3, #16
  40              		.loc 1 77 0
  41 000a 0022     		movs	r2, #0
  42 000c 9A60     		str	r2, [r3, #8]
  43              		.loc 1 78 0
  44 000e DA60     		str	r2, [r3, #12]
  45              		.loc 1 80 0
  46 0010 FFF7FEBF 		b	chMtxInit
  47              	.LVL0:
  48              	.L3:
  49              		.align	2
  50              	.L2:
  51 0014 00000000 		.word	.LANCHOR0
  52 0018 00000000 		.word	chCoreAlloc
  53              		.cfi_endproc
  54              	.LFE7:
  55              		.size	_heap_init, .-_heap_init
  56              		.align	2
  57 001c AFF30080 		.p2align 4,,15
ARM GAS  /tmp/ccWt1xEo.s 			page 2


  58              		.global	chHeapInit
  59              		.thumb
  60              		.thumb_func
  61              		.type	chHeapInit, %function
  62              	chHeapInit:
  63              	.LFB8:
  64              		.loc 1 99 0
  65              		.cfi_startproc
  66              		@ args = 0, pretend = 0, frame = 0
  67              		@ frame_needed = 0, uses_anonymous_args = 0
  68              		@ link register save eliminated.
  69              	.LVL1:
  70              		.loc 1 104 0
  71 0020 0023     		movs	r3, #0
  72              		.loc 1 108 0
  73 0022 083A     		subs	r2, r2, #8
  74              	.LVL2:
  75              		.loc 1 105 0
  76 0024 8160     		str	r1, [r0, #8]
  77              		.loc 1 104 0
  78 0026 0360     		str	r3, [r0]
  79              	.LVL3:
  80              		.loc 1 106 0
  81 0028 C360     		str	r3, [r0, #12]
  82              		.loc 1 110 0
  83 002a 1030     		adds	r0, r0, #16
  84              	.LVL4:
  85              		.loc 1 108 0
  86 002c 4A60     		str	r2, [r1, #4]
  87              		.loc 1 107 0
  88 002e 0B60     		str	r3, [r1]
  89              		.loc 1 110 0
  90 0030 FFF7FEBF 		b	chMtxInit
  91              	.LVL5:
  92              		.cfi_endproc
  93              	.LFE8:
  94              		.size	chHeapInit, .-chHeapInit
  95              		.align	2
  96 0034 AFF30080 		.p2align 4,,15
  96      AFF30080 
  96      AFF30080 
  97              		.global	chHeapAlloc
  98              		.thumb
  99              		.thumb_func
 100              		.type	chHeapAlloc, %function
 101              	chHeapAlloc:
 102              	.LFB9:
 103              		.loc 1 132 0
 104              		.cfi_startproc
 105              		@ args = 0, pretend = 0, frame = 0
 106              		@ frame_needed = 0, uses_anonymous_args = 0
 107              	.LVL6:
 108 0040 F8B5     		push	{r3, r4, r5, r6, r7, lr}
 109              		.cfi_def_cfa_offset 24
 110              		.cfi_offset 3, -24
 111              		.cfi_offset 4, -20
 112              		.cfi_offset 5, -16
ARM GAS  /tmp/ccWt1xEo.s 			page 3


 113              		.cfi_offset 6, -12
 114              		.cfi_offset 7, -8
 115              		.cfi_offset 14, -4
 116              		.loc 1 136 0
 117 0042 1E4E     		ldr	r6, .L21
 118 0044 0028     		cmp	r0, #0
 119 0046 18BF     		it	ne
 120 0048 0646     		movne	r6, r0
 121              	.LVL7:
 122              		.loc 1 138 0
 123 004a 0731     		adds	r1, r1, #7
 124              	.LVL8:
 125              		.loc 1 140 0
 126 004c 06F11000 		add	r0, r6, #16
 127              		.loc 1 138 0
 128 0050 21F00705 		bic	r5, r1, #7
 129              	.LVL9:
 130              		.loc 1 139 0
 131 0054 06F10804 		add	r4, r6, #8
 132              	.LVL10:
 133              		.loc 1 140 0
 134 0058 FFF7FEFF 		bl	chMtxLock
 135              	.LVL11:
 136              		.loc 1 142 0
 137 005c 03E0     		b	.L7
 138              	.LVL12:
 139              	.L11:
 140              		.loc 1 144 0
 141 005e 4368     		ldr	r3, [r0, #4]
 142 0060 9D42     		cmp	r5, r3
 143 0062 11D9     		bls	.L20
 144 0064 0446     		mov	r4, r0
 145              	.LVL13:
 146              	.L7:
 147              		.loc 1 142 0
 148 0066 2068     		ldr	r0, [r4]
 149              	.LVL14:
 150 0068 0028     		cmp	r0, #0
 151 006a F8D1     		bne	.L11
 152              		.loc 1 167 0
 153 006c FFF7FEFF 		bl	chMtxUnlock
 154              	.LVL15:
 155              		.loc 1 171 0
 156 0070 3368     		ldr	r3, [r6]
 157 0072 0BB3     		cbz	r3, .L13
 158              		.loc 1 172 0
 159 0074 05F10800 		add	r0, r5, #8
 160 0078 9847     		blx	r3
 161              	.LVL16:
 162              		.loc 1 173 0
 163 007a E8B1     		cbz	r0, .L13
 164              		.loc 1 174 0
 165 007c 0660     		str	r6, [r0]
 166              		.loc 1 175 0
 167 007e 4560     		str	r5, [r0, #4]
 168              		.loc 1 176 0
 169 0080 00F10804 		add	r4, r0, #8
ARM GAS  /tmp/ccWt1xEo.s 			page 4


 170              	.LVL17:
 171              	.L10:
 172              		.loc 1 181 0
 173 0084 2046     		mov	r0, r4
 174 0086 F8BD     		pop	{r3, r4, r5, r6, r7, pc}
 175              	.LVL18:
 176              	.L20:
 177              		.loc 1 145 0
 178 0088 05F10802 		add	r2, r5, #8
 179 008c 9A42     		cmp	r2, r3
 180 008e 08D9     		bls	.L8
 181              		.loc 1 149 0
 182 0090 0368     		ldr	r3, [r0]
 183 0092 2360     		str	r3, [r4]
 184              	.L9:
 185              		.loc 1 159 0
 186 0094 0446     		mov	r4, r0
 187              	.LVL19:
 188 0096 44F8086B 		str	r6, [r4], #8
 189              		.loc 1 161 0
 190 009a FFF7FEFF 		bl	chMtxUnlock
 191              	.LVL20:
 192              		.loc 1 181 0
 193 009e 2046     		mov	r0, r4
 194 00a0 F8BD     		pop	{r3, r4, r5, r6, r7, pc}
 195              	.LVL21:
 196              	.L8:
 197 00a2 6FF00701 		mvn	r1, #7
 198 00a6 491B     		subs	r1, r1, r5
 199              		.loc 1 153 0
 200 00a8 8718     		adds	r7, r0, r2
 201              	.LVL22:
 202              		.loc 1 155 0
 203 00aa 0B44     		add	r3, r3, r1
 204              		.loc 1 154 0
 205 00ac 0168     		ldr	r1, [r0]
 206 00ae 8150     		str	r1, [r0, r2]
 207              		.loc 1 155 0
 208 00b0 7B60     		str	r3, [r7, #4]
 209              		.loc 1 156 0
 210 00b2 2760     		str	r7, [r4]
 211              		.loc 1 157 0
 212 00b4 4560     		str	r5, [r0, #4]
 213 00b6 EDE7     		b	.L9
 214              	.LVL23:
 215              	.L13:
 216              		.loc 1 180 0
 217 00b8 0024     		movs	r4, #0
 218              	.LVL24:
 219 00ba E3E7     		b	.L10
 220              	.L22:
 221              		.align	2
 222              	.L21:
 223 00bc 00000000 		.word	.LANCHOR0
 224              		.cfi_endproc
 225              	.LFE9:
 226              		.size	chHeapAlloc, .-chHeapAlloc
ARM GAS  /tmp/ccWt1xEo.s 			page 5


 227              		.align	2
 228              		.p2align 4,,15
 229              		.global	chHeapFree
 230              		.thumb
 231              		.thumb_func
 232              		.type	chHeapFree, %function
 233              	chHeapFree:
 234              	.LFB10:
 235              		.loc 1 194 0
 236              		.cfi_startproc
 237              		@ args = 0, pretend = 0, frame = 0
 238              		@ frame_needed = 0, uses_anonymous_args = 0
 239              	.LVL25:
 240 00c0 70B5     		push	{r4, r5, r6, lr}
 241              		.cfi_def_cfa_offset 16
 242              		.cfi_offset 4, -16
 243              		.cfi_offset 5, -12
 244              		.cfi_offset 6, -8
 245              		.cfi_offset 14, -4
 246              		.loc 1 194 0
 247 00c2 0646     		mov	r6, r0
 248              		.loc 1 200 0
 249 00c4 A0F10804 		sub	r4, r0, #8
 250              	.LVL26:
 251              		.loc 1 201 0
 252 00c8 50F8080C 		ldr	r0, [r0, #-8]
 253              	.LVL27:
 254              		.loc 1 202 0
 255 00cc 00F10805 		add	r5, r0, #8
 256              	.LVL28:
 257              		.loc 1 203 0
 258 00d0 1030     		adds	r0, r0, #16
 259              	.LVL29:
 260 00d2 FFF7FEFF 		bl	chMtxLock
 261              	.LVL30:
 262              		.loc 1 202 0
 263 00d6 2B46     		mov	r3, r5
 264              	.LVL31:
 265              	.L30:
 266              		.loc 1 210 0
 267 00d8 AB42     		cmp	r3, r5
 268 00da 04D0     		beq	.L24
 269              	.L36:
 270              		.loc 1 210 0 is_stmt 0 discriminator 2
 271 00dc A342     		cmp	r3, r4
 272 00de 02D3     		bcc	.L24
 273 00e0 1B68     		ldr	r3, [r3]
 274              	.LVL32:
 275              		.loc 1 210 0
 276 00e2 AB42     		cmp	r3, r5
 277 00e4 FAD1     		bne	.L36
 278              	.L24:
 279              		.loc 1 211 0 is_stmt 1 discriminator 3
 280 00e6 1A68     		ldr	r2, [r3]
 281              		.loc 1 210 0 discriminator 3
 282 00e8 1AB1     		cbz	r2, .L26
 283              		.loc 1 211 0
ARM GAS  /tmp/ccWt1xEo.s 			page 6


 284 00ea 9442     		cmp	r4, r2
 285 00ec 01D3     		bcc	.L26
 286 00ee 1346     		mov	r3, r2
 287              	.LVL33:
 288              		.loc 1 229 0
 289 00f0 F2E7     		b	.L30
 290              	.LVL34:
 291              	.L26:
 292              		.loc 1 216 0
 293 00f2 56F8041C 		ldr	r1, [r6, #-4]
 294              		.loc 1 213 0
 295 00f6 46F8082C 		str	r2, [r6, #-8]
 296              		.loc 1 214 0
 297 00fa 1C60     		str	r4, [r3]
 298              		.loc 1 216 0
 299 00fc 01F10802 		add	r2, r1, #8
 300 0100 56F8085C 		ldr	r5, [r6, #-8]
 301              	.LVL35:
 302 0104 A018     		adds	r0, r4, r2
 303 0106 A842     		cmp	r0, r5
 304 0108 09D0     		beq	.L37
 305              		.loc 1 221 0
 306 010a 5968     		ldr	r1, [r3, #4]
 307 010c 01F10802 		add	r2, r1, #8
 308 0110 1A44     		add	r2, r2, r3
 309 0112 9442     		cmp	r4, r2
 310 0114 11D0     		beq	.L38
 311              	.L29:
 312              		.loc 1 233 0
 313 0116 BDE87040 		pop	{r4, r5, r6, lr}
 314              		.cfi_remember_state
 315              		.cfi_restore 14
 316              		.cfi_restore 6
 317              		.cfi_restore 5
 318              		.cfi_restore 4
 319              		.cfi_def_cfa_offset 0
 320              	.LVL36:
 321              		.loc 1 231 0
 322 011a FFF7FEBF 		b	chMtxUnlock
 323              	.LVL37:
 324              	.L37:
 325              		.cfi_restore_state
 326              		.loc 1 218 0
 327 011e 4068     		ldr	r0, [r0, #4]
 328              		.loc 1 219 0
 329 0120 A258     		ldr	r2, [r4, r2]
 330 0122 46F8082C 		str	r2, [r6, #-8]
 331              		.loc 1 218 0
 332 0126 0A18     		adds	r2, r1, r0
 333 0128 0832     		adds	r2, r2, #8
 334 012a 46F8042C 		str	r2, [r6, #-4]
 335              		.loc 1 221 0
 336 012e 5968     		ldr	r1, [r3, #4]
 337 0130 01F10802 		add	r2, r1, #8
 338 0134 1A44     		add	r2, r2, r3
 339 0136 9442     		cmp	r4, r2
 340 0138 EDD1     		bne	.L29
ARM GAS  /tmp/ccWt1xEo.s 			page 7


 341              	.L38:
 342              		.loc 1 224 0
 343 013a 16E90500 		ldmdb	r6, {r0, r2}
 344              		.loc 1 223 0
 345 013e 0A44     		add	r2, r2, r1
 346 0140 0832     		adds	r2, r2, #8
 347              		.loc 1 224 0
 348 0142 1860     		str	r0, [r3]
 349              		.loc 1 223 0
 350 0144 5A60     		str	r2, [r3, #4]
 351              		.loc 1 233 0
 352 0146 BDE87040 		pop	{r4, r5, r6, lr}
 353              		.cfi_restore 4
 354              		.cfi_restore 5
 355              		.cfi_restore 6
 356              		.cfi_restore 14
 357              		.cfi_def_cfa_offset 0
 358              	.LVL38:
 359              		.loc 1 231 0
 360 014a FFF7FEBF 		b	chMtxUnlock
 361              	.LVL39:
 362              		.cfi_endproc
 363              	.LFE10:
 364              		.size	chHeapFree, .-chHeapFree
 365 014e 00BF     		.align	2
 366              		.p2align 4,,15
 367              		.global	chHeapStatus
 368              		.thumb
 369              		.thumb_func
 370              		.type	chHeapStatus, %function
 371              	chHeapStatus:
 372              	.LFB11:
 373              		.loc 1 250 0
 374              		.cfi_startproc
 375              		@ args = 0, pretend = 0, frame = 0
 376              		@ frame_needed = 0, uses_anonymous_args = 0
 377              	.LVL40:
 378 0150 38B5     		push	{r3, r4, r5, lr}
 379              		.cfi_def_cfa_offset 16
 380              		.cfi_offset 3, -16
 381              		.cfi_offset 4, -12
 382              		.cfi_offset 5, -8
 383              		.cfi_offset 14, -4
 384              		.loc 1 255 0
 385 0152 0E4C     		ldr	r4, .L50
 386 0154 0028     		cmp	r0, #0
 387 0156 18BF     		it	ne
 388 0158 0446     		movne	r4, r0
 389              	.LVL41:
 390              		.loc 1 257 0
 391 015a 04F11000 		add	r0, r4, #16
 392              		.loc 1 250 0
 393 015e 0D46     		mov	r5, r1
 394              		.loc 1 257 0
 395 0160 FFF7FEFF 		bl	chMtxLock
 396              	.LVL42:
 397              		.loc 1 260 0
ARM GAS  /tmp/ccWt1xEo.s 			page 8


 398 0164 A368     		ldr	r3, [r4, #8]
 399 0166 6BB1     		cbz	r3, .L44
 400              		.loc 1 260 0 is_stmt 0 discriminator 3
 401 0168 0022     		movs	r2, #0
 402 016a 1446     		mov	r4, r2
 403              	.LVL43:
 404              	.L42:
 405              		.loc 1 261 0 is_stmt 1 discriminator 3
 406 016c 5868     		ldr	r0, [r3, #4]
 407              		.loc 1 260 0 discriminator 3
 408 016e 1B68     		ldr	r3, [r3]
 409 0170 0134     		adds	r4, r4, #1
 410              	.LVL44:
 411              		.loc 1 261 0 discriminator 3
 412 0172 0244     		add	r2, r2, r0
 413              	.LVL45:
 414              		.loc 1 260 0 discriminator 3
 415 0174 002B     		cmp	r3, #0
 416 0176 F9D1     		bne	.L42
 417              	.LVL46:
 418              	.L41:
 419              		.loc 1 262 0
 420 0178 05B1     		cbz	r5, .L43
 421              		.loc 1 263 0
 422 017a 2A60     		str	r2, [r5]
 423              	.L43:
 424              		.loc 1 265 0
 425 017c FFF7FEFF 		bl	chMtxUnlock
 426              	.LVL47:
 427              		.loc 1 267 0
 428 0180 2046     		mov	r0, r4
 429 0182 38BD     		pop	{r3, r4, r5, pc}
 430              	.LVL48:
 431              	.L44:
 432              		.loc 1 259 0
 433 0184 1A46     		mov	r2, r3
 434              		.loc 1 260 0
 435 0186 1C46     		mov	r4, r3
 436              	.LVL49:
 437 0188 F6E7     		b	.L41
 438              	.L51:
 439 018a 00BF     		.align	2
 440              	.L50:
 441 018c 00000000 		.word	.LANCHOR0
 442              		.cfi_endproc
 443              	.LFE11:
 444              		.size	chHeapStatus, .-chHeapStatus
 445              		.bss
 446              		.align	3
 447              		.set	.LANCHOR0,. + 0
 448              		.type	default_heap, %object
 449              		.size	default_heap, 32
 450              	default_heap:
 451 0000 00000000 		.space	32
 451      00000000 
 451      00000000 
 451      00000000 
ARM GAS  /tmp/ccWt1xEo.s 			page 9


 451      00000000 
 452              		.text
 453              	.Letext0:
 454              		.file 2 "/home/sbcu/Dropbox/pcb-layouts/axo-on-discovery-board/axoloti/platform_linux/lib/gcc/arm-
 455              		.file 3 "/home/sbcu/Dropbox/pcb-layouts/axo-on-discovery-board/axoloti/platform_linux/arm-none-eab
 456              		.file 4 "/home/sbcu/Dropbox/pcb-layouts/axo-on-discovery-board/axoloti/platform_linux/arm-none-eab
 457              		.file 5 "/home/sbcu/Dropbox/pcb-layouts/axo-on-discovery-board/axoloti/platform_linux/../chibios/o
 458              		.file 6 "/home/sbcu/Dropbox/pcb-layouts/axo-on-discovery-board/axoloti/platform_linux/../chibios/o
 459              		.file 7 "/home/sbcu/Dropbox/pcb-layouts/axo-on-discovery-board/axoloti/platform_linux/../chibios/o
 460              		.file 8 "/home/sbcu/Dropbox/pcb-layouts/axo-on-discovery-board/axoloti/platform_linux/../chibios/o
 461              		.file 9 "/home/sbcu/Dropbox/pcb-layouts/axo-on-discovery-board/axoloti/platform_linux/../chibios/o
 462              		.file 10 "/home/sbcu/Dropbox/pcb-layouts/axo-on-discovery-board/axoloti/platform_linux/../chibios/
 463              		.file 11 "/home/sbcu/Dropbox/pcb-layouts/axo-on-discovery-board/axoloti/platform_linux/../chibios/
 464              		.section	.debug_info,"",%progbits
 465              	.Ldebug_info0:
 466 0000 83070000 		.4byte	0x783
 467 0004 0400     		.2byte	0x4
 468 0006 00000000 		.4byte	.Ldebug_abbrev0
 469 000a 04       		.byte	0x4
 470 000b 01       		.uleb128 0x1
 471 000c 35030000 		.4byte	.LASF78
 472 0010 01       		.byte	0x1
 473 0011 1F020000 		.4byte	.LASF79
 474 0015 00000000 		.4byte	.Ltext0
 475 0019 90010000 		.4byte	.Letext0-.Ltext0
 476 001d 00000000 		.4byte	.Ldebug_line0
 477 0021 02       		.uleb128 0x2
 478 0022 04       		.byte	0x4
 479 0023 05       		.byte	0x5
 480 0024 696E7400 		.ascii	"int\000"
 481 0028 03       		.uleb128 0x3
 482 0029 06000000 		.4byte	.LASF2
 483 002d 02       		.byte	0x2
 484 002e D4       		.byte	0xd4
 485 002f 33000000 		.4byte	0x33
 486 0033 04       		.uleb128 0x4
 487 0034 04       		.byte	0x4
 488 0035 07       		.byte	0x7
 489 0036 F5000000 		.4byte	.LASF0
 490 003a 04       		.uleb128 0x4
 491 003b 01       		.byte	0x1
 492 003c 06       		.byte	0x6
 493 003d 89000000 		.4byte	.LASF1
 494 0041 03       		.uleb128 0x3
 495 0042 1D000000 		.4byte	.LASF3
 496 0046 03       		.byte	0x3
 497 0047 1D       		.byte	0x1d
 498 0048 4C000000 		.4byte	0x4c
 499 004c 04       		.uleb128 0x4
 500 004d 01       		.byte	0x1
 501 004e 08       		.byte	0x8
 502 004f BE010000 		.4byte	.LASF4
 503 0053 04       		.uleb128 0x4
 504 0054 02       		.byte	0x2
 505 0055 05       		.byte	0x5
 506 0056 E1010000 		.4byte	.LASF5
 507 005a 04       		.uleb128 0x4
ARM GAS  /tmp/ccWt1xEo.s 			page 10


 508 005b 02       		.byte	0x2
 509 005c 07       		.byte	0x7
 510 005d 19010000 		.4byte	.LASF6
 511 0061 03       		.uleb128 0x3
 512 0062 EB020000 		.4byte	.LASF7
 513 0066 03       		.byte	0x3
 514 0067 3F       		.byte	0x3f
 515 0068 6C000000 		.4byte	0x6c
 516 006c 04       		.uleb128 0x4
 517 006d 04       		.byte	0x4
 518 006e 05       		.byte	0x5
 519 006f B8000000 		.4byte	.LASF8
 520 0073 03       		.uleb128 0x3
 521 0074 DB000000 		.4byte	.LASF9
 522 0078 03       		.byte	0x3
 523 0079 41       		.byte	0x41
 524 007a 7E000000 		.4byte	0x7e
 525 007e 04       		.uleb128 0x4
 526 007f 04       		.byte	0x4
 527 0080 07       		.byte	0x7
 528 0081 02010000 		.4byte	.LASF10
 529 0085 04       		.uleb128 0x4
 530 0086 08       		.byte	0x8
 531 0087 05       		.byte	0x5
 532 0088 7B000000 		.4byte	.LASF11
 533 008c 03       		.uleb128 0x3
 534 008d 96010000 		.4byte	.LASF12
 535 0091 03       		.byte	0x3
 536 0092 5B       		.byte	0x5b
 537 0093 97000000 		.4byte	0x97
 538 0097 04       		.uleb128 0x4
 539 0098 08       		.byte	0x8
 540 0099 07       		.byte	0x7
 541 009a 34000000 		.4byte	.LASF13
 542 009e 03       		.uleb128 0x3
 543 009f 20030000 		.4byte	.LASF14
 544 00a3 04       		.byte	0x4
 545 00a4 14       		.byte	0x14
 546 00a5 41000000 		.4byte	0x41
 547 00a9 03       		.uleb128 0x3
 548 00aa B6010000 		.4byte	.LASF15
 549 00ae 04       		.byte	0x4
 550 00af 1F       		.byte	0x1f
 551 00b0 61000000 		.4byte	0x61
 552 00b4 03       		.uleb128 0x3
 553 00b5 AC020000 		.4byte	.LASF16
 554 00b9 04       		.byte	0x4
 555 00ba 20       		.byte	0x20
 556 00bb 73000000 		.4byte	0x73
 557 00bf 03       		.uleb128 0x3
 558 00c0 14000000 		.4byte	.LASF17
 559 00c4 04       		.byte	0x4
 560 00c5 26       		.byte	0x26
 561 00c6 8C000000 		.4byte	0x8c
 562 00ca 04       		.uleb128 0x4
 563 00cb 01       		.byte	0x1
 564 00cc 02       		.byte	0x2
ARM GAS  /tmp/ccWt1xEo.s 			page 11


 565 00cd B0010000 		.4byte	.LASF18
 566 00d1 03       		.uleb128 0x3
 567 00d2 32010000 		.4byte	.LASF19
 568 00d6 05       		.byte	0x5
 569 00d7 2C       		.byte	0x2c
 570 00d8 9E000000 		.4byte	0x9e
 571 00dc 03       		.uleb128 0x3
 572 00dd C1000000 		.4byte	.LASF20
 573 00e1 05       		.byte	0x5
 574 00e2 2D       		.byte	0x2d
 575 00e3 9E000000 		.4byte	0x9e
 576 00e7 03       		.uleb128 0x3
 577 00e8 AE000000 		.4byte	.LASF21
 578 00ec 05       		.byte	0x5
 579 00ed 2F       		.byte	0x2f
 580 00ee 9E000000 		.4byte	0x9e
 581 00f2 03       		.uleb128 0x3
 582 00f3 A8010000 		.4byte	.LASF22
 583 00f7 05       		.byte	0x5
 584 00f8 30       		.byte	0x30
 585 00f9 B4000000 		.4byte	0xb4
 586 00fd 03       		.uleb128 0x3
 587 00fe 2C010000 		.4byte	.LASF23
 588 0102 05       		.byte	0x5
 589 0103 31       		.byte	0x31
 590 0104 A9000000 		.4byte	0xa9
 591 0108 03       		.uleb128 0x3
 592 0109 46010000 		.4byte	.LASF24
 593 010d 05       		.byte	0x5
 594 010e 33       		.byte	0x33
 595 010f B4000000 		.4byte	0xb4
 596 0113 03       		.uleb128 0x3
 597 0114 8E020000 		.4byte	.LASF25
 598 0118 06       		.byte	0x6
 599 0119 2A       		.byte	0x2a
 600 011a 1E010000 		.4byte	0x11e
 601 011e 05       		.uleb128 0x5
 602 011f 8E020000 		.4byte	.LASF25
 603 0123 40       		.byte	0x40
 604 0124 07       		.byte	0x7
 605 0125 5E       		.byte	0x5e
 606 0126 F7010000 		.4byte	0x1f7
 607 012a 06       		.uleb128 0x6
 608 012b 10020000 		.4byte	.LASF26
 609 012f 07       		.byte	0x7
 610 0130 5F       		.byte	0x5f
 611 0131 18020000 		.4byte	0x218
 612 0135 00       		.byte	0
 613 0136 06       		.uleb128 0x6
 614 0137 A1010000 		.4byte	.LASF27
 615 013b 07       		.byte	0x7
 616 013c 61       		.byte	0x61
 617 013d 18020000 		.4byte	0x218
 618 0141 04       		.byte	0x4
 619 0142 06       		.uleb128 0x6
 620 0143 74000000 		.4byte	.LASF28
 621 0147 07       		.byte	0x7
ARM GAS  /tmp/ccWt1xEo.s 			page 12


 622 0148 63       		.byte	0x63
 623 0149 F2000000 		.4byte	0xf2
 624 014d 08       		.byte	0x8
 625 014e 06       		.uleb128 0x6
 626 014f 41040000 		.4byte	.LASF29
 627 0153 07       		.byte	0x7
 628 0154 64       		.byte	0x64
 629 0155 AD030000 		.4byte	0x3ad
 630 0159 0C       		.byte	0xc
 631 015a 06       		.uleb128 0x6
 632 015b CA000000 		.4byte	.LASF30
 633 015f 07       		.byte	0x7
 634 0160 66       		.byte	0x66
 635 0161 18020000 		.4byte	0x218
 636 0165 10       		.byte	0x10
 637 0166 06       		.uleb128 0x6
 638 0167 76010000 		.4byte	.LASF31
 639 016b 07       		.byte	0x7
 640 016c 67       		.byte	0x67
 641 016d 18020000 		.4byte	0x218
 642 0171 14       		.byte	0x14
 643 0172 06       		.uleb128 0x6
 644 0173 19030000 		.4byte	.LASF32
 645 0177 07       		.byte	0x7
 646 0178 6E       		.byte	0x6e
 647 0179 13050000 		.4byte	0x513
 648 017d 18       		.byte	0x18
 649 017e 06       		.uleb128 0x6
 650 017f EB010000 		.4byte	.LASF33
 651 0183 07       		.byte	0x7
 652 0184 79       		.byte	0x79
 653 0185 DC000000 		.4byte	0xdc
 654 0189 1C       		.byte	0x1c
 655 018a 06       		.uleb128 0x6
 656 018b 17020000 		.4byte	.LASF34
 657 018f 07       		.byte	0x7
 658 0190 7D       		.byte	0x7d
 659 0191 D1000000 		.4byte	0xd1
 660 0195 1D       		.byte	0x1d
 661 0196 06       		.uleb128 0x6
 662 0197 F3010000 		.4byte	.LASF35
 663 019b 07       		.byte	0x7
 664 019c 88       		.byte	0x88
 665 019d E7000000 		.4byte	0xe7
 666 01a1 1E       		.byte	0x1e
 667 01a2 07       		.uleb128 0x7
 668 01a3 705F7500 		.ascii	"p_u\000"
 669 01a7 07       		.byte	0x7
 670 01a8 B4       		.byte	0xb4
 671 01a9 DE040000 		.4byte	0x4de
 672 01ad 20       		.byte	0x20
 673 01ae 06       		.uleb128 0x6
 674 01af 47040000 		.4byte	.LASF36
 675 01b3 07       		.byte	0x7
 676 01b4 B9       		.byte	0xb9
 677 01b5 3E020000 		.4byte	0x23e
 678 01b9 24       		.byte	0x24
ARM GAS  /tmp/ccWt1xEo.s 			page 13


 679 01ba 06       		.uleb128 0x6
 680 01bb 04030000 		.4byte	.LASF37
 681 01bf 07       		.byte	0x7
 682 01c0 BF       		.byte	0xbf
 683 01c1 1E020000 		.4byte	0x21e
 684 01c5 28       		.byte	0x28
 685 01c6 06       		.uleb128 0x6
 686 01c7 00000000 		.4byte	.LASF38
 687 01cb 07       		.byte	0x7
 688 01cc C3       		.byte	0xc3
 689 01cd FD000000 		.4byte	0xfd
 690 01d1 30       		.byte	0x30
 691 01d2 06       		.uleb128 0x6
 692 01d3 A1020000 		.4byte	.LASF39
 693 01d7 07       		.byte	0x7
 694 01d8 C9       		.byte	0xc9
 695 01d9 08010000 		.4byte	0x108
 696 01dd 34       		.byte	0x34
 697 01de 06       		.uleb128 0x6
 698 01df D7010000 		.4byte	.LASF40
 699 01e3 07       		.byte	0x7
 700 01e4 D0       		.byte	0xd0
 701 01e5 25050000 		.4byte	0x525
 702 01e9 38       		.byte	0x38
 703 01ea 06       		.uleb128 0x6
 704 01eb E0020000 		.4byte	.LASF41
 705 01ef 07       		.byte	0x7
 706 01f0 D4       		.byte	0xd4
 707 01f1 F2000000 		.4byte	0xf2
 708 01f5 3C       		.byte	0x3c
 709 01f6 00       		.byte	0
 710 01f7 08       		.uleb128 0x8
 711 01f8 08       		.byte	0x8
 712 01f9 06       		.byte	0x6
 713 01fa 61       		.byte	0x61
 714 01fb 18020000 		.4byte	0x218
 715 01ff 06       		.uleb128 0x6
 716 0200 10020000 		.4byte	.LASF26
 717 0204 06       		.byte	0x6
 718 0205 62       		.byte	0x62
 719 0206 18020000 		.4byte	0x218
 720 020a 00       		.byte	0
 721 020b 06       		.uleb128 0x6
 722 020c A1010000 		.4byte	.LASF27
 723 0210 06       		.byte	0x6
 724 0211 64       		.byte	0x64
 725 0212 18020000 		.4byte	0x218
 726 0216 04       		.byte	0x4
 727 0217 00       		.byte	0
 728 0218 09       		.uleb128 0x9
 729 0219 04       		.byte	0x4
 730 021a 13010000 		.4byte	0x113
 731 021e 03       		.uleb128 0x3
 732 021f 7E010000 		.4byte	.LASF42
 733 0223 06       		.byte	0x6
 734 0224 66       		.byte	0x66
 735 0225 F7010000 		.4byte	0x1f7
ARM GAS  /tmp/ccWt1xEo.s 			page 14


 736 0229 08       		.uleb128 0x8
 737 022a 04       		.byte	0x4
 738 022b 06       		.byte	0x6
 739 022c 6B       		.byte	0x6b
 740 022d 3E020000 		.4byte	0x23e
 741 0231 06       		.uleb128 0x6
 742 0232 10020000 		.4byte	.LASF26
 743 0236 06       		.byte	0x6
 744 0237 6D       		.byte	0x6d
 745 0238 18020000 		.4byte	0x218
 746 023c 00       		.byte	0
 747 023d 00       		.byte	0
 748 023e 03       		.uleb128 0x3
 749 023f 3A010000 		.4byte	.LASF43
 750 0243 06       		.byte	0x6
 751 0244 70       		.byte	0x70
 752 0245 29020000 		.4byte	0x229
 753 0249 03       		.uleb128 0x3
 754 024a E6000000 		.4byte	.LASF44
 755 024e 08       		.byte	0x8
 756 024f E5       		.byte	0xe5
 757 0250 54020000 		.4byte	0x254
 758 0254 0A       		.uleb128 0xa
 759 0255 04       		.byte	0x4
 760 0256 03       		.uleb128 0x3
 761 0257 58010000 		.4byte	.LASF45
 762 025b 08       		.byte	0x8
 763 025c EB       		.byte	0xeb
 764 025d BF000000 		.4byte	0xbf
 765 0261 0B       		.uleb128 0xb
 766 0262 FD020000 		.4byte	.LASF46
 767 0266 64       		.byte	0x64
 768 0267 08       		.byte	0x8
 769 0268 0C01     		.2byte	0x10c
 770 026a AD030000 		.4byte	0x3ad
 771 026e 0C       		.uleb128 0xc
 772 026f 73313600 		.ascii	"s16\000"
 773 0273 08       		.byte	0x8
 774 0274 0E01     		.2byte	0x10e
 775 0276 49020000 		.4byte	0x249
 776 027a 00       		.byte	0
 777 027b 0C       		.uleb128 0xc
 778 027c 73313700 		.ascii	"s17\000"
 779 0280 08       		.byte	0x8
 780 0281 0F01     		.2byte	0x10f
 781 0283 49020000 		.4byte	0x249
 782 0287 04       		.byte	0x4
 783 0288 0C       		.uleb128 0xc
 784 0289 73313800 		.ascii	"s18\000"
 785 028d 08       		.byte	0x8
 786 028e 1001     		.2byte	0x110
 787 0290 49020000 		.4byte	0x249
 788 0294 08       		.byte	0x8
 789 0295 0C       		.uleb128 0xc
 790 0296 73313900 		.ascii	"s19\000"
 791 029a 08       		.byte	0x8
 792 029b 1101     		.2byte	0x111
ARM GAS  /tmp/ccWt1xEo.s 			page 15


 793 029d 49020000 		.4byte	0x249
 794 02a1 0C       		.byte	0xc
 795 02a2 0C       		.uleb128 0xc
 796 02a3 73323000 		.ascii	"s20\000"
 797 02a7 08       		.byte	0x8
 798 02a8 1201     		.2byte	0x112
 799 02aa 49020000 		.4byte	0x249
 800 02ae 10       		.byte	0x10
 801 02af 0C       		.uleb128 0xc
 802 02b0 73323100 		.ascii	"s21\000"
 803 02b4 08       		.byte	0x8
 804 02b5 1301     		.2byte	0x113
 805 02b7 49020000 		.4byte	0x249
 806 02bb 14       		.byte	0x14
 807 02bc 0C       		.uleb128 0xc
 808 02bd 73323200 		.ascii	"s22\000"
 809 02c1 08       		.byte	0x8
 810 02c2 1401     		.2byte	0x114
 811 02c4 49020000 		.4byte	0x249
 812 02c8 18       		.byte	0x18
 813 02c9 0C       		.uleb128 0xc
 814 02ca 73323300 		.ascii	"s23\000"
 815 02ce 08       		.byte	0x8
 816 02cf 1501     		.2byte	0x115
 817 02d1 49020000 		.4byte	0x249
 818 02d5 1C       		.byte	0x1c
 819 02d6 0C       		.uleb128 0xc
 820 02d7 73323400 		.ascii	"s24\000"
 821 02db 08       		.byte	0x8
 822 02dc 1601     		.2byte	0x116
 823 02de 49020000 		.4byte	0x249
 824 02e2 20       		.byte	0x20
 825 02e3 0C       		.uleb128 0xc
 826 02e4 73323500 		.ascii	"s25\000"
 827 02e8 08       		.byte	0x8
 828 02e9 1701     		.2byte	0x117
 829 02eb 49020000 		.4byte	0x249
 830 02ef 24       		.byte	0x24
 831 02f0 0C       		.uleb128 0xc
 832 02f1 73323600 		.ascii	"s26\000"
 833 02f5 08       		.byte	0x8
 834 02f6 1801     		.2byte	0x118
 835 02f8 49020000 		.4byte	0x249
 836 02fc 28       		.byte	0x28
 837 02fd 0C       		.uleb128 0xc
 838 02fe 73323700 		.ascii	"s27\000"
 839 0302 08       		.byte	0x8
 840 0303 1901     		.2byte	0x119
 841 0305 49020000 		.4byte	0x249
 842 0309 2C       		.byte	0x2c
 843 030a 0C       		.uleb128 0xc
 844 030b 73323800 		.ascii	"s28\000"
 845 030f 08       		.byte	0x8
 846 0310 1A01     		.2byte	0x11a
 847 0312 49020000 		.4byte	0x249
 848 0316 30       		.byte	0x30
 849 0317 0C       		.uleb128 0xc
ARM GAS  /tmp/ccWt1xEo.s 			page 16


 850 0318 73323900 		.ascii	"s29\000"
 851 031c 08       		.byte	0x8
 852 031d 1B01     		.2byte	0x11b
 853 031f 49020000 		.4byte	0x249
 854 0323 34       		.byte	0x34
 855 0324 0C       		.uleb128 0xc
 856 0325 73333000 		.ascii	"s30\000"
 857 0329 08       		.byte	0x8
 858 032a 1C01     		.2byte	0x11c
 859 032c 49020000 		.4byte	0x249
 860 0330 38       		.byte	0x38
 861 0331 0C       		.uleb128 0xc
 862 0332 73333100 		.ascii	"s31\000"
 863 0336 08       		.byte	0x8
 864 0337 1D01     		.2byte	0x11d
 865 0339 49020000 		.4byte	0x249
 866 033d 3C       		.byte	0x3c
 867 033e 0C       		.uleb128 0xc
 868 033f 723400   		.ascii	"r4\000"
 869 0342 08       		.byte	0x8
 870 0343 1F01     		.2byte	0x11f
 871 0345 49020000 		.4byte	0x249
 872 0349 40       		.byte	0x40
 873 034a 0C       		.uleb128 0xc
 874 034b 723500   		.ascii	"r5\000"
 875 034e 08       		.byte	0x8
 876 034f 2001     		.2byte	0x120
 877 0351 49020000 		.4byte	0x249
 878 0355 44       		.byte	0x44
 879 0356 0C       		.uleb128 0xc
 880 0357 723600   		.ascii	"r6\000"
 881 035a 08       		.byte	0x8
 882 035b 2101     		.2byte	0x121
 883 035d 49020000 		.4byte	0x249
 884 0361 48       		.byte	0x48
 885 0362 0C       		.uleb128 0xc
 886 0363 723700   		.ascii	"r7\000"
 887 0366 08       		.byte	0x8
 888 0367 2201     		.2byte	0x122
 889 0369 49020000 		.4byte	0x249
 890 036d 4C       		.byte	0x4c
 891 036e 0C       		.uleb128 0xc
 892 036f 723800   		.ascii	"r8\000"
 893 0372 08       		.byte	0x8
 894 0373 2301     		.2byte	0x123
 895 0375 49020000 		.4byte	0x249
 896 0379 50       		.byte	0x50
 897 037a 0C       		.uleb128 0xc
 898 037b 723900   		.ascii	"r9\000"
 899 037e 08       		.byte	0x8
 900 037f 2401     		.2byte	0x124
 901 0381 49020000 		.4byte	0x249
 902 0385 54       		.byte	0x54
 903 0386 0C       		.uleb128 0xc
 904 0387 72313000 		.ascii	"r10\000"
 905 038b 08       		.byte	0x8
 906 038c 2501     		.2byte	0x125
ARM GAS  /tmp/ccWt1xEo.s 			page 17


 907 038e 49020000 		.4byte	0x249
 908 0392 58       		.byte	0x58
 909 0393 0C       		.uleb128 0xc
 910 0394 72313100 		.ascii	"r11\000"
 911 0398 08       		.byte	0x8
 912 0399 2601     		.2byte	0x126
 913 039b 49020000 		.4byte	0x249
 914 039f 5C       		.byte	0x5c
 915 03a0 0C       		.uleb128 0xc
 916 03a1 6C7200   		.ascii	"lr\000"
 917 03a4 08       		.byte	0x8
 918 03a5 2701     		.2byte	0x127
 919 03a7 49020000 		.4byte	0x249
 920 03ab 60       		.byte	0x60
 921 03ac 00       		.byte	0
 922 03ad 0B       		.uleb128 0xb
 923 03ae F5020000 		.4byte	.LASF47
 924 03b2 04       		.byte	0x4
 925 03b3 08       		.byte	0x8
 926 03b4 3101     		.2byte	0x131
 927 03b6 C8030000 		.4byte	0x3c8
 928 03ba 0C       		.uleb128 0xc
 929 03bb 72313300 		.ascii	"r13\000"
 930 03bf 08       		.byte	0x8
 931 03c0 3201     		.2byte	0x132
 932 03c2 C8030000 		.4byte	0x3c8
 933 03c6 00       		.byte	0
 934 03c7 00       		.byte	0
 935 03c8 09       		.uleb128 0x9
 936 03c9 04       		.byte	0x4
 937 03ca 61020000 		.4byte	0x261
 938 03ce 04       		.uleb128 0x4
 939 03cf 04       		.byte	0x4
 940 03d0 07       		.byte	0x7
 941 03d1 63010000 		.4byte	.LASF48
 942 03d5 05       		.uleb128 0x5
 943 03d6 52010000 		.4byte	.LASF49
 944 03da 10       		.byte	0x10
 945 03db 09       		.byte	0x9
 946 03dc 2C       		.byte	0x2c
 947 03dd 06040000 		.4byte	0x406
 948 03e1 06       		.uleb128 0x6
 949 03e2 9B000000 		.4byte	.LASF50
 950 03e6 09       		.byte	0x9
 951 03e7 2D       		.byte	0x2d
 952 03e8 1E020000 		.4byte	0x21e
 953 03ec 00       		.byte	0
 954 03ed 06       		.uleb128 0x6
 955 03ee 39040000 		.4byte	.LASF51
 956 03f2 09       		.byte	0x9
 957 03f3 2F       		.byte	0x2f
 958 03f4 18020000 		.4byte	0x218
 959 03f8 08       		.byte	0x8
 960 03f9 06       		.uleb128 0x6
 961 03fa D9020000 		.4byte	.LASF52
 962 03fe 09       		.byte	0x9
 963 03ff 31       		.byte	0x31
ARM GAS  /tmp/ccWt1xEo.s 			page 18


 964 0400 06040000 		.4byte	0x406
 965 0404 0C       		.byte	0xc
 966 0405 00       		.byte	0
 967 0406 09       		.uleb128 0x9
 968 0407 04       		.byte	0x4
 969 0408 D5030000 		.4byte	0x3d5
 970 040c 03       		.uleb128 0x3
 971 040d 52010000 		.4byte	.LASF49
 972 0411 09       		.byte	0x9
 973 0412 33       		.byte	0x33
 974 0413 D5030000 		.4byte	0x3d5
 975 0417 03       		.uleb128 0x3
 976 0418 27000000 		.4byte	.LASF53
 977 041c 0A       		.byte	0xa
 978 041d 2C       		.byte	0x2c
 979 041e 22040000 		.4byte	0x422
 980 0422 09       		.uleb128 0x9
 981 0423 04       		.byte	0x4
 982 0424 28040000 		.4byte	0x428
 983 0428 0D       		.uleb128 0xd
 984 0429 54020000 		.4byte	0x254
 985 042d 37040000 		.4byte	0x437
 986 0431 0E       		.uleb128 0xe
 987 0432 28000000 		.4byte	0x28
 988 0436 00       		.byte	0
 989 0437 03       		.uleb128 0x3
 990 0438 8B010000 		.4byte	.LASF54
 991 043c 0B       		.byte	0xb
 992 043d 34       		.byte	0x34
 993 043e 42040000 		.4byte	0x442
 994 0442 05       		.uleb128 0x5
 995 0443 51040000 		.4byte	.LASF55
 996 0447 20       		.byte	0x20
 997 0448 0B       		.byte	0xb
 998 0449 47       		.byte	0x47
 999 044a 73040000 		.4byte	0x473
 1000 044e 06       		.uleb128 0x6
 1001 044f CC010000 		.4byte	.LASF56
 1002 0453 0B       		.byte	0xb
 1003 0454 48       		.byte	0x48
 1004 0455 17040000 		.4byte	0x417
 1005 0459 00       		.byte	0
 1006 045a 06       		.uleb128 0x6
 1007 045b 4B000000 		.4byte	.LASF57
 1008 045f 0B       		.byte	0xb
 1009 0460 4A       		.byte	0x4a
 1010 0461 92040000 		.4byte	0x492
 1011 0465 08       		.byte	0x8
 1012 0466 06       		.uleb128 0x6
 1013 0467 95000000 		.4byte	.LASF58
 1014 046b 0B       		.byte	0xb
 1015 046c 4C       		.byte	0x4c
 1016 046d 0C040000 		.4byte	0x40c
 1017 0471 10       		.byte	0x10
 1018 0472 00       		.byte	0
 1019 0473 0F       		.uleb128 0xf
 1020 0474 04       		.byte	0x4
ARM GAS  /tmp/ccWt1xEo.s 			page 19


 1021 0475 0B       		.byte	0xb
 1022 0476 3C       		.byte	0x3c
 1023 0477 92040000 		.4byte	0x492
 1024 047b 10       		.uleb128 0x10
 1025 047c 6F000000 		.4byte	.LASF59
 1026 0480 0B       		.byte	0xb
 1027 0481 3D       		.byte	0x3d
 1028 0482 B3040000 		.4byte	0x4b3
 1029 0486 10       		.uleb128 0x10
 1030 0487 B5020000 		.4byte	.LASF60
 1031 048b 0B       		.byte	0xb
 1032 048c 3E       		.byte	0x3e
 1033 048d B9040000 		.4byte	0x4b9
 1034 0491 00       		.byte	0
 1035 0492 11       		.uleb128 0x11
 1036 0493 FD010000 		.4byte	.LASF80
 1037 0497 08       		.byte	0x8
 1038 0498 0B       		.byte	0xb
 1039 0499 39       		.byte	0x39
 1040 049a B3040000 		.4byte	0x4b3
 1041 049e 10       		.uleb128 0x10
 1042 049f EF000000 		.4byte	.LASF61
 1043 04a3 0B       		.byte	0xb
 1044 04a4 3A       		.byte	0x3a
 1045 04a5 56020000 		.4byte	0x256
 1046 04a9 12       		.uleb128 0x12
 1047 04aa 6800     		.ascii	"h\000"
 1048 04ac 0B       		.byte	0xb
 1049 04ad 41       		.byte	0x41
 1050 04ae BF040000 		.4byte	0x4bf
 1051 04b2 00       		.byte	0
 1052 04b3 09       		.uleb128 0x9
 1053 04b4 04       		.byte	0x4
 1054 04b5 92040000 		.4byte	0x492
 1055 04b9 09       		.uleb128 0x9
 1056 04ba 04       		.byte	0x4
 1057 04bb 37040000 		.4byte	0x437
 1058 04bf 08       		.uleb128 0x8
 1059 04c0 08       		.byte	0x8
 1060 04c1 0B       		.byte	0xb
 1061 04c2 3B       		.byte	0x3b
 1062 04c3 DE040000 		.4byte	0x4de
 1063 04c7 07       		.uleb128 0x7
 1064 04c8 7500     		.ascii	"u\000"
 1065 04ca 0B       		.byte	0xb
 1066 04cb 3F       		.byte	0x3f
 1067 04cc 73040000 		.4byte	0x473
 1068 04d0 00       		.byte	0
 1069 04d1 06       		.uleb128 0x6
 1070 04d2 14010000 		.4byte	.LASF62
 1071 04d6 0B       		.byte	0xb
 1072 04d7 40       		.byte	0x40
 1073 04d8 28000000 		.4byte	0x28
 1074 04dc 04       		.byte	0x4
 1075 04dd 00       		.byte	0
 1076 04de 0F       		.uleb128 0xf
 1077 04df 04       		.byte	0x4
ARM GAS  /tmp/ccWt1xEo.s 			page 20


 1078 04e0 07       		.byte	0x7
 1079 04e1 96       		.byte	0x96
 1080 04e2 13050000 		.4byte	0x513
 1081 04e6 10       		.uleb128 0x10
 1082 04e7 0D000000 		.4byte	.LASF63
 1083 04eb 07       		.byte	0x7
 1084 04ec 9D       		.byte	0x9d
 1085 04ed FD000000 		.4byte	0xfd
 1086 04f1 10       		.uleb128 0x10
 1087 04f2 D2000000 		.4byte	.LASF64
 1088 04f6 07       		.byte	0x7
 1089 04f7 A4       		.byte	0xa4
 1090 04f8 FD000000 		.4byte	0xfd
 1091 04fc 10       		.uleb128 0x10
 1092 04fd 28030000 		.4byte	.LASF65
 1093 0501 07       		.byte	0x7
 1094 0502 AB       		.byte	0xab
 1095 0503 54020000 		.4byte	0x254
 1096 0507 10       		.uleb128 0x10
 1097 0508 09020000 		.4byte	.LASF66
 1098 050c 07       		.byte	0x7
 1099 050d B2       		.byte	0xb2
 1100 050e 08010000 		.4byte	0x108
 1101 0512 00       		.byte	0
 1102 0513 09       		.uleb128 0x9
 1103 0514 04       		.byte	0x4
 1104 0515 19050000 		.4byte	0x519
 1105 0519 13       		.uleb128 0x13
 1106 051a 1E050000 		.4byte	0x51e
 1107 051e 04       		.uleb128 0x4
 1108 051f 01       		.byte	0x1
 1109 0520 08       		.byte	0x8
 1110 0521 C7020000 		.4byte	.LASF67
 1111 0525 09       		.uleb128 0x9
 1112 0526 04       		.byte	0x4
 1113 0527 0C040000 		.4byte	0x40c
 1114 052b 14       		.uleb128 0x14
 1115 052c 2E040000 		.4byte	.LASF68
 1116 0530 01       		.byte	0x1
 1117 0531 4B       		.byte	0x4b
 1118 0532 00000000 		.4byte	.LFB7
 1119 0536 1C000000 		.4byte	.LFE7-.LFB7
 1120 053a 01       		.uleb128 0x1
 1121 053b 9C       		.byte	0x9c
 1122 053c 54050000 		.4byte	0x554
 1123 0540 15       		.uleb128 0x15
 1124 0541 14000000 		.4byte	.LVL0
 1125 0545 59070000 		.4byte	0x759
 1126 0549 16       		.uleb128 0x16
 1127 054a 01       		.uleb128 0x1
 1128 054b 50       		.byte	0x50
 1129 054c 05       		.uleb128 0x5
 1130 054d 03       		.byte	0x3
 1131 054e 10000000 		.4byte	.LANCHOR0+16
 1132 0552 00       		.byte	0
 1133 0553 00       		.byte	0
 1134 0554 14       		.uleb128 0x14
ARM GAS  /tmp/ccWt1xEo.s 			page 21


 1135 0555 64000000 		.4byte	.LASF69
 1136 0559 01       		.byte	0x1
 1137 055a 63       		.byte	0x63
 1138 055b 20000000 		.4byte	.LFB8
 1139 055f 14000000 		.4byte	.LFE8-.LFB8
 1140 0563 01       		.uleb128 0x1
 1141 0564 9C       		.byte	0x9c
 1142 0565 B8050000 		.4byte	0x5b8
 1143 0569 17       		.uleb128 0x17
 1144 056a 52000000 		.4byte	.LASF70
 1145 056e 01       		.byte	0x1
 1146 056f 63       		.byte	0x63
 1147 0570 B9040000 		.4byte	0x4b9
 1148 0574 00000000 		.4byte	.LLST0
 1149 0578 18       		.uleb128 0x18
 1150 0579 62756600 		.ascii	"buf\000"
 1151 057d 01       		.byte	0x1
 1152 057e 63       		.byte	0x63
 1153 057f 54020000 		.4byte	0x254
 1154 0583 2E000000 		.4byte	.LLST1
 1155 0587 17       		.uleb128 0x17
 1156 0588 14010000 		.4byte	.LASF62
 1157 058c 01       		.byte	0x1
 1158 058d 63       		.byte	0x63
 1159 058e 28000000 		.4byte	0x28
 1160 0592 4F000000 		.4byte	.LLST2
 1161 0596 19       		.uleb128 0x19
 1162 0597 687000   		.ascii	"hp\000"
 1163 059a 01       		.byte	0x1
 1164 059b 64       		.byte	0x64
 1165 059c B3040000 		.4byte	0x4b3
 1166 05a0 7D000000 		.4byte	.LLST3
 1167 05a4 15       		.uleb128 0x15
 1168 05a5 34000000 		.4byte	.LVL5
 1169 05a9 59070000 		.4byte	0x759
 1170 05ad 16       		.uleb128 0x16
 1171 05ae 01       		.uleb128 0x1
 1172 05af 50       		.byte	0x50
 1173 05b0 05       		.uleb128 0x5
 1174 05b1 F3       		.byte	0xf3
 1175 05b2 01       		.uleb128 0x1
 1176 05b3 50       		.byte	0x50
 1177 05b4 23       		.byte	0x23
 1178 05b5 10       		.uleb128 0x10
 1179 05b6 00       		.byte	0
 1180 05b7 00       		.byte	0
 1181 05b8 1A       		.uleb128 0x1a
 1182 05b9 95020000 		.4byte	.LASF72
 1183 05bd 01       		.byte	0x1
 1184 05be 84       		.byte	0x84
 1185 05bf 54020000 		.4byte	0x254
 1186 05c3 40000000 		.4byte	.LFB9
 1187 05c7 80000000 		.4byte	.LFE9-.LFB9
 1188 05cb 01       		.uleb128 0x1
 1189 05cc 9C       		.byte	0x9c
 1190 05cd 50060000 		.4byte	0x650
 1191 05d1 17       		.uleb128 0x17
ARM GAS  /tmp/ccWt1xEo.s 			page 22


 1192 05d2 52000000 		.4byte	.LASF70
 1193 05d6 01       		.byte	0x1
 1194 05d7 84       		.byte	0x84
 1195 05d8 B9040000 		.4byte	0x4b9
 1196 05dc 9E000000 		.4byte	.LLST4
 1197 05e0 17       		.uleb128 0x17
 1198 05e1 14010000 		.4byte	.LASF62
 1199 05e5 01       		.byte	0x1
 1200 05e6 84       		.byte	0x84
 1201 05e7 28000000 		.4byte	0x28
 1202 05eb BC000000 		.4byte	.LLST5
 1203 05ef 19       		.uleb128 0x19
 1204 05f0 717000   		.ascii	"qp\000"
 1205 05f3 01       		.byte	0x1
 1206 05f4 85       		.byte	0x85
 1207 05f5 B3040000 		.4byte	0x4b3
 1208 05f9 E7000000 		.4byte	.LLST6
 1209 05fd 19       		.uleb128 0x19
 1210 05fe 687000   		.ascii	"hp\000"
 1211 0601 01       		.byte	0x1
 1212 0602 85       		.byte	0x85
 1213 0603 B3040000 		.4byte	0x4b3
 1214 0607 10010000 		.4byte	.LLST7
 1215 060b 19       		.uleb128 0x19
 1216 060c 667000   		.ascii	"fp\000"
 1217 060f 01       		.byte	0x1
 1218 0610 85       		.byte	0x85
 1219 0611 B3040000 		.4byte	0x4b3
 1220 0615 5C010000 		.4byte	.LLST8
 1221 0619 1B       		.uleb128 0x1b
 1222 061a 5C000000 		.4byte	.LVL11
 1223 061e 6A070000 		.4byte	0x76a
 1224 0622 2D060000 		.4byte	0x62d
 1225 0626 16       		.uleb128 0x16
 1226 0627 01       		.uleb128 0x1
 1227 0628 50       		.byte	0x50
 1228 0629 02       		.uleb128 0x2
 1229 062a 76       		.byte	0x76
 1230 062b 10       		.sleb128 16
 1231 062c 00       		.byte	0
 1232 062d 1C       		.uleb128 0x1c
 1233 062e 70000000 		.4byte	.LVL15
 1234 0632 7B070000 		.4byte	0x77b
 1235 0636 1D       		.uleb128 0x1d
 1236 0637 7A000000 		.4byte	.LVL16
 1237 063b 46060000 		.4byte	0x646
 1238 063f 16       		.uleb128 0x16
 1239 0640 01       		.uleb128 0x1
 1240 0641 50       		.byte	0x50
 1241 0642 02       		.uleb128 0x2
 1242 0643 75       		.byte	0x75
 1243 0644 08       		.sleb128 8
 1244 0645 00       		.byte	0
 1245 0646 1C       		.uleb128 0x1c
 1246 0647 9E000000 		.4byte	.LVL20
 1247 064b 7B070000 		.4byte	0x77b
 1248 064f 00       		.byte	0
ARM GAS  /tmp/ccWt1xEo.s 			page 23


 1249 0650 14       		.uleb128 0x14
 1250 0651 A3000000 		.4byte	.LASF71
 1251 0655 01       		.byte	0x1
 1252 0656 C2       		.byte	0xc2
 1253 0657 C0000000 		.4byte	.LFB10
 1254 065b 8E000000 		.4byte	.LFE10-.LFB10
 1255 065f 01       		.uleb128 0x1
 1256 0660 9C       		.byte	0x9c
 1257 0661 C4060000 		.4byte	0x6c4
 1258 0665 18       		.uleb128 0x18
 1259 0666 7000     		.ascii	"p\000"
 1260 0668 01       		.byte	0x1
 1261 0669 C2       		.byte	0xc2
 1262 066a 54020000 		.4byte	0x254
 1263 066e 6F010000 		.4byte	.LLST9
 1264 0672 19       		.uleb128 0x19
 1265 0673 717000   		.ascii	"qp\000"
 1266 0676 01       		.byte	0x1
 1267 0677 C3       		.byte	0xc3
 1268 0678 B3040000 		.4byte	0x4b3
 1269 067c B4010000 		.4byte	.LLST10
 1270 0680 19       		.uleb128 0x19
 1271 0681 687000   		.ascii	"hp\000"
 1272 0684 01       		.byte	0x1
 1273 0685 C3       		.byte	0xc3
 1274 0686 B3040000 		.4byte	0x4b3
 1275 068a E8010000 		.4byte	.LLST11
 1276 068e 1E       		.uleb128 0x1e
 1277 068f 52000000 		.4byte	.LASF70
 1278 0693 01       		.byte	0x1
 1279 0694 C4       		.byte	0xc4
 1280 0695 B9040000 		.4byte	0x4b9
 1281 0699 26020000 		.4byte	.LLST12
 1282 069d 1B       		.uleb128 0x1b
 1283 069e D6000000 		.4byte	.LVL30
 1284 06a2 6A070000 		.4byte	0x76a
 1285 06a6 B1060000 		.4byte	0x6b1
 1286 06aa 16       		.uleb128 0x16
 1287 06ab 01       		.uleb128 0x1
 1288 06ac 50       		.byte	0x50
 1289 06ad 02       		.uleb128 0x2
 1290 06ae 75       		.byte	0x75
 1291 06af 08       		.sleb128 8
 1292 06b0 00       		.byte	0
 1293 06b1 1F       		.uleb128 0x1f
 1294 06b2 1E010000 		.4byte	.LVL37
 1295 06b6 7B070000 		.4byte	0x77b
 1296 06ba 1F       		.uleb128 0x1f
 1297 06bb 4E010000 		.4byte	.LVL39
 1298 06bf 7B070000 		.4byte	0x77b
 1299 06c3 00       		.byte	0
 1300 06c4 1A       		.uleb128 0x1a
 1301 06c5 CC020000 		.4byte	.LASF73
 1302 06c9 01       		.byte	0x1
 1303 06ca FA       		.byte	0xfa
 1304 06cb 28000000 		.4byte	0x28
 1305 06cf 50010000 		.4byte	.LFB11
ARM GAS  /tmp/ccWt1xEo.s 			page 24


 1306 06d3 40000000 		.4byte	.LFE11-.LFB11
 1307 06d7 01       		.uleb128 0x1
 1308 06d8 9C       		.byte	0x9c
 1309 06d9 42070000 		.4byte	0x742
 1310 06dd 17       		.uleb128 0x17
 1311 06de 52000000 		.4byte	.LASF70
 1312 06e2 01       		.byte	0x1
 1313 06e3 FA       		.byte	0xfa
 1314 06e4 B9040000 		.4byte	0x4b9
 1315 06e8 52020000 		.4byte	.LLST13
 1316 06ec 17       		.uleb128 0x17
 1317 06ed 2F030000 		.4byte	.LASF74
 1318 06f1 01       		.byte	0x1
 1319 06f2 FA       		.byte	0xfa
 1320 06f3 42070000 		.4byte	0x742
 1321 06f7 B5020000 		.4byte	.LLST14
 1322 06fb 19       		.uleb128 0x19
 1323 06fc 717000   		.ascii	"qp\000"
 1324 06ff 01       		.byte	0x1
 1325 0700 FB       		.byte	0xfb
 1326 0701 B3040000 		.4byte	0x4b3
 1327 0705 D3020000 		.4byte	.LLST15
 1328 0709 19       		.uleb128 0x19
 1329 070a 6E00     		.ascii	"n\000"
 1330 070c 01       		.byte	0x1
 1331 070d FC       		.byte	0xfc
 1332 070e 28000000 		.4byte	0x28
 1333 0712 33030000 		.4byte	.LLST16
 1334 0716 19       		.uleb128 0x19
 1335 0717 737A00   		.ascii	"sz\000"
 1336 071a 01       		.byte	0x1
 1337 071b FC       		.byte	0xfc
 1338 071c 28000000 		.4byte	0x28
 1339 0720 76030000 		.4byte	.LLST17
 1340 0724 1B       		.uleb128 0x1b
 1341 0725 64010000 		.4byte	.LVL42
 1342 0729 6A070000 		.4byte	0x76a
 1343 072d 38070000 		.4byte	0x738
 1344 0731 16       		.uleb128 0x16
 1345 0732 01       		.uleb128 0x1
 1346 0733 50       		.byte	0x50
 1347 0734 02       		.uleb128 0x2
 1348 0735 74       		.byte	0x74
 1349 0736 10       		.sleb128 16
 1350 0737 00       		.byte	0
 1351 0738 1C       		.uleb128 0x1c
 1352 0739 80010000 		.4byte	.LVL47
 1353 073d 7B070000 		.4byte	0x77b
 1354 0741 00       		.byte	0
 1355 0742 09       		.uleb128 0x9
 1356 0743 04       		.byte	0x4
 1357 0744 28000000 		.4byte	0x28
 1358 0748 20       		.uleb128 0x20
 1359 0749 BA020000 		.4byte	.LASF75
 1360 074d 01       		.byte	0x1
 1361 074e 44       		.byte	0x44
 1362 074f 37040000 		.4byte	0x437
ARM GAS  /tmp/ccWt1xEo.s 			page 25


 1363 0753 05       		.uleb128 0x5
 1364 0754 03       		.byte	0x3
 1365 0755 00000000 		.4byte	default_heap
 1366 0759 21       		.uleb128 0x21
 1367 075a 0F030000 		.4byte	.LASF76
 1368 075e 09       		.byte	0x9
 1369 075f 38       		.byte	0x38
 1370 0760 6A070000 		.4byte	0x76a
 1371 0764 0E       		.uleb128 0xe
 1372 0765 25050000 		.4byte	0x525
 1373 0769 00       		.byte	0
 1374 076a 21       		.uleb128 0x21
 1375 076b 6C010000 		.4byte	.LASF77
 1376 076f 09       		.byte	0x9
 1377 0770 39       		.byte	0x39
 1378 0771 7B070000 		.4byte	0x77b
 1379 0775 0E       		.uleb128 0xe
 1380 0776 25050000 		.4byte	0x525
 1381 077a 00       		.byte	0
 1382 077b 22       		.uleb128 0x22
 1383 077c 58000000 		.4byte	.LASF81
 1384 0780 09       		.byte	0x9
 1385 0781 3D       		.byte	0x3d
 1386 0782 25050000 		.4byte	0x525
 1387 0786 00       		.byte	0
 1388              		.section	.debug_abbrev,"",%progbits
 1389              	.Ldebug_abbrev0:
 1390 0000 01       		.uleb128 0x1
 1391 0001 11       		.uleb128 0x11
 1392 0002 01       		.byte	0x1
 1393 0003 25       		.uleb128 0x25
 1394 0004 0E       		.uleb128 0xe
 1395 0005 13       		.uleb128 0x13
 1396 0006 0B       		.uleb128 0xb
 1397 0007 03       		.uleb128 0x3
 1398 0008 0E       		.uleb128 0xe
 1399 0009 11       		.uleb128 0x11
 1400 000a 01       		.uleb128 0x1
 1401 000b 12       		.uleb128 0x12
 1402 000c 06       		.uleb128 0x6
 1403 000d 10       		.uleb128 0x10
 1404 000e 17       		.uleb128 0x17
 1405 000f 00       		.byte	0
 1406 0010 00       		.byte	0
 1407 0011 02       		.uleb128 0x2
 1408 0012 24       		.uleb128 0x24
 1409 0013 00       		.byte	0
 1410 0014 0B       		.uleb128 0xb
 1411 0015 0B       		.uleb128 0xb
 1412 0016 3E       		.uleb128 0x3e
 1413 0017 0B       		.uleb128 0xb
 1414 0018 03       		.uleb128 0x3
 1415 0019 08       		.uleb128 0x8
 1416 001a 00       		.byte	0
 1417 001b 00       		.byte	0
 1418 001c 03       		.uleb128 0x3
 1419 001d 16       		.uleb128 0x16
ARM GAS  /tmp/ccWt1xEo.s 			page 26


 1420 001e 00       		.byte	0
 1421 001f 03       		.uleb128 0x3
 1422 0020 0E       		.uleb128 0xe
 1423 0021 3A       		.uleb128 0x3a
 1424 0022 0B       		.uleb128 0xb
 1425 0023 3B       		.uleb128 0x3b
 1426 0024 0B       		.uleb128 0xb
 1427 0025 49       		.uleb128 0x49
 1428 0026 13       		.uleb128 0x13
 1429 0027 00       		.byte	0
 1430 0028 00       		.byte	0
 1431 0029 04       		.uleb128 0x4
 1432 002a 24       		.uleb128 0x24
 1433 002b 00       		.byte	0
 1434 002c 0B       		.uleb128 0xb
 1435 002d 0B       		.uleb128 0xb
 1436 002e 3E       		.uleb128 0x3e
 1437 002f 0B       		.uleb128 0xb
 1438 0030 03       		.uleb128 0x3
 1439 0031 0E       		.uleb128 0xe
 1440 0032 00       		.byte	0
 1441 0033 00       		.byte	0
 1442 0034 05       		.uleb128 0x5
 1443 0035 13       		.uleb128 0x13
 1444 0036 01       		.byte	0x1
 1445 0037 03       		.uleb128 0x3
 1446 0038 0E       		.uleb128 0xe
 1447 0039 0B       		.uleb128 0xb
 1448 003a 0B       		.uleb128 0xb
 1449 003b 3A       		.uleb128 0x3a
 1450 003c 0B       		.uleb128 0xb
 1451 003d 3B       		.uleb128 0x3b
 1452 003e 0B       		.uleb128 0xb
 1453 003f 01       		.uleb128 0x1
 1454 0040 13       		.uleb128 0x13
 1455 0041 00       		.byte	0
 1456 0042 00       		.byte	0
 1457 0043 06       		.uleb128 0x6
 1458 0044 0D       		.uleb128 0xd
 1459 0045 00       		.byte	0
 1460 0046 03       		.uleb128 0x3
 1461 0047 0E       		.uleb128 0xe
 1462 0048 3A       		.uleb128 0x3a
 1463 0049 0B       		.uleb128 0xb
 1464 004a 3B       		.uleb128 0x3b
 1465 004b 0B       		.uleb128 0xb
 1466 004c 49       		.uleb128 0x49
 1467 004d 13       		.uleb128 0x13
 1468 004e 38       		.uleb128 0x38
 1469 004f 0B       		.uleb128 0xb
 1470 0050 00       		.byte	0
 1471 0051 00       		.byte	0
 1472 0052 07       		.uleb128 0x7
 1473 0053 0D       		.uleb128 0xd
 1474 0054 00       		.byte	0
 1475 0055 03       		.uleb128 0x3
 1476 0056 08       		.uleb128 0x8
ARM GAS  /tmp/ccWt1xEo.s 			page 27


 1477 0057 3A       		.uleb128 0x3a
 1478 0058 0B       		.uleb128 0xb
 1479 0059 3B       		.uleb128 0x3b
 1480 005a 0B       		.uleb128 0xb
 1481 005b 49       		.uleb128 0x49
 1482 005c 13       		.uleb128 0x13
 1483 005d 38       		.uleb128 0x38
 1484 005e 0B       		.uleb128 0xb
 1485 005f 00       		.byte	0
 1486 0060 00       		.byte	0
 1487 0061 08       		.uleb128 0x8
 1488 0062 13       		.uleb128 0x13
 1489 0063 01       		.byte	0x1
 1490 0064 0B       		.uleb128 0xb
 1491 0065 0B       		.uleb128 0xb
 1492 0066 3A       		.uleb128 0x3a
 1493 0067 0B       		.uleb128 0xb
 1494 0068 3B       		.uleb128 0x3b
 1495 0069 0B       		.uleb128 0xb
 1496 006a 01       		.uleb128 0x1
 1497 006b 13       		.uleb128 0x13
 1498 006c 00       		.byte	0
 1499 006d 00       		.byte	0
 1500 006e 09       		.uleb128 0x9
 1501 006f 0F       		.uleb128 0xf
 1502 0070 00       		.byte	0
 1503 0071 0B       		.uleb128 0xb
 1504 0072 0B       		.uleb128 0xb
 1505 0073 49       		.uleb128 0x49
 1506 0074 13       		.uleb128 0x13
 1507 0075 00       		.byte	0
 1508 0076 00       		.byte	0
 1509 0077 0A       		.uleb128 0xa
 1510 0078 0F       		.uleb128 0xf
 1511 0079 00       		.byte	0
 1512 007a 0B       		.uleb128 0xb
 1513 007b 0B       		.uleb128 0xb
 1514 007c 00       		.byte	0
 1515 007d 00       		.byte	0
 1516 007e 0B       		.uleb128 0xb
 1517 007f 13       		.uleb128 0x13
 1518 0080 01       		.byte	0x1
 1519 0081 03       		.uleb128 0x3
 1520 0082 0E       		.uleb128 0xe
 1521 0083 0B       		.uleb128 0xb
 1522 0084 0B       		.uleb128 0xb
 1523 0085 3A       		.uleb128 0x3a
 1524 0086 0B       		.uleb128 0xb
 1525 0087 3B       		.uleb128 0x3b
 1526 0088 05       		.uleb128 0x5
 1527 0089 01       		.uleb128 0x1
 1528 008a 13       		.uleb128 0x13
 1529 008b 00       		.byte	0
 1530 008c 00       		.byte	0
 1531 008d 0C       		.uleb128 0xc
 1532 008e 0D       		.uleb128 0xd
 1533 008f 00       		.byte	0
ARM GAS  /tmp/ccWt1xEo.s 			page 28


 1534 0090 03       		.uleb128 0x3
 1535 0091 08       		.uleb128 0x8
 1536 0092 3A       		.uleb128 0x3a
 1537 0093 0B       		.uleb128 0xb
 1538 0094 3B       		.uleb128 0x3b
 1539 0095 05       		.uleb128 0x5
 1540 0096 49       		.uleb128 0x49
 1541 0097 13       		.uleb128 0x13
 1542 0098 38       		.uleb128 0x38
 1543 0099 0B       		.uleb128 0xb
 1544 009a 00       		.byte	0
 1545 009b 00       		.byte	0
 1546 009c 0D       		.uleb128 0xd
 1547 009d 15       		.uleb128 0x15
 1548 009e 01       		.byte	0x1
 1549 009f 27       		.uleb128 0x27
 1550 00a0 19       		.uleb128 0x19
 1551 00a1 49       		.uleb128 0x49
 1552 00a2 13       		.uleb128 0x13
 1553 00a3 01       		.uleb128 0x1
 1554 00a4 13       		.uleb128 0x13
 1555 00a5 00       		.byte	0
 1556 00a6 00       		.byte	0
 1557 00a7 0E       		.uleb128 0xe
 1558 00a8 05       		.uleb128 0x5
 1559 00a9 00       		.byte	0
 1560 00aa 49       		.uleb128 0x49
 1561 00ab 13       		.uleb128 0x13
 1562 00ac 00       		.byte	0
 1563 00ad 00       		.byte	0
 1564 00ae 0F       		.uleb128 0xf
 1565 00af 17       		.uleb128 0x17
 1566 00b0 01       		.byte	0x1
 1567 00b1 0B       		.uleb128 0xb
 1568 00b2 0B       		.uleb128 0xb
 1569 00b3 3A       		.uleb128 0x3a
 1570 00b4 0B       		.uleb128 0xb
 1571 00b5 3B       		.uleb128 0x3b
 1572 00b6 0B       		.uleb128 0xb
 1573 00b7 01       		.uleb128 0x1
 1574 00b8 13       		.uleb128 0x13
 1575 00b9 00       		.byte	0
 1576 00ba 00       		.byte	0
 1577 00bb 10       		.uleb128 0x10
 1578 00bc 0D       		.uleb128 0xd
 1579 00bd 00       		.byte	0
 1580 00be 03       		.uleb128 0x3
 1581 00bf 0E       		.uleb128 0xe
 1582 00c0 3A       		.uleb128 0x3a
 1583 00c1 0B       		.uleb128 0xb
 1584 00c2 3B       		.uleb128 0x3b
 1585 00c3 0B       		.uleb128 0xb
 1586 00c4 49       		.uleb128 0x49
 1587 00c5 13       		.uleb128 0x13
 1588 00c6 00       		.byte	0
 1589 00c7 00       		.byte	0
 1590 00c8 11       		.uleb128 0x11
ARM GAS  /tmp/ccWt1xEo.s 			page 29


 1591 00c9 17       		.uleb128 0x17
 1592 00ca 01       		.byte	0x1
 1593 00cb 03       		.uleb128 0x3
 1594 00cc 0E       		.uleb128 0xe
 1595 00cd 0B       		.uleb128 0xb
 1596 00ce 0B       		.uleb128 0xb
 1597 00cf 3A       		.uleb128 0x3a
 1598 00d0 0B       		.uleb128 0xb
 1599 00d1 3B       		.uleb128 0x3b
 1600 00d2 0B       		.uleb128 0xb
 1601 00d3 01       		.uleb128 0x1
 1602 00d4 13       		.uleb128 0x13
 1603 00d5 00       		.byte	0
 1604 00d6 00       		.byte	0
 1605 00d7 12       		.uleb128 0x12
 1606 00d8 0D       		.uleb128 0xd
 1607 00d9 00       		.byte	0
 1608 00da 03       		.uleb128 0x3
 1609 00db 08       		.uleb128 0x8
 1610 00dc 3A       		.uleb128 0x3a
 1611 00dd 0B       		.uleb128 0xb
 1612 00de 3B       		.uleb128 0x3b
 1613 00df 0B       		.uleb128 0xb
 1614 00e0 49       		.uleb128 0x49
 1615 00e1 13       		.uleb128 0x13
 1616 00e2 00       		.byte	0
 1617 00e3 00       		.byte	0
 1618 00e4 13       		.uleb128 0x13
 1619 00e5 26       		.uleb128 0x26
 1620 00e6 00       		.byte	0
 1621 00e7 49       		.uleb128 0x49
 1622 00e8 13       		.uleb128 0x13
 1623 00e9 00       		.byte	0
 1624 00ea 00       		.byte	0
 1625 00eb 14       		.uleb128 0x14
 1626 00ec 2E       		.uleb128 0x2e
 1627 00ed 01       		.byte	0x1
 1628 00ee 3F       		.uleb128 0x3f
 1629 00ef 19       		.uleb128 0x19
 1630 00f0 03       		.uleb128 0x3
 1631 00f1 0E       		.uleb128 0xe
 1632 00f2 3A       		.uleb128 0x3a
 1633 00f3 0B       		.uleb128 0xb
 1634 00f4 3B       		.uleb128 0x3b
 1635 00f5 0B       		.uleb128 0xb
 1636 00f6 27       		.uleb128 0x27
 1637 00f7 19       		.uleb128 0x19
 1638 00f8 11       		.uleb128 0x11
 1639 00f9 01       		.uleb128 0x1
 1640 00fa 12       		.uleb128 0x12
 1641 00fb 06       		.uleb128 0x6
 1642 00fc 40       		.uleb128 0x40
 1643 00fd 18       		.uleb128 0x18
 1644 00fe 9742     		.uleb128 0x2117
 1645 0100 19       		.uleb128 0x19
 1646 0101 01       		.uleb128 0x1
 1647 0102 13       		.uleb128 0x13
ARM GAS  /tmp/ccWt1xEo.s 			page 30


 1648 0103 00       		.byte	0
 1649 0104 00       		.byte	0
 1650 0105 15       		.uleb128 0x15
 1651 0106 898201   		.uleb128 0x4109
 1652 0109 01       		.byte	0x1
 1653 010a 11       		.uleb128 0x11
 1654 010b 01       		.uleb128 0x1
 1655 010c 9542     		.uleb128 0x2115
 1656 010e 19       		.uleb128 0x19
 1657 010f 31       		.uleb128 0x31
 1658 0110 13       		.uleb128 0x13
 1659 0111 00       		.byte	0
 1660 0112 00       		.byte	0
 1661 0113 16       		.uleb128 0x16
 1662 0114 8A8201   		.uleb128 0x410a
 1663 0117 00       		.byte	0
 1664 0118 02       		.uleb128 0x2
 1665 0119 18       		.uleb128 0x18
 1666 011a 9142     		.uleb128 0x2111
 1667 011c 18       		.uleb128 0x18
 1668 011d 00       		.byte	0
 1669 011e 00       		.byte	0
 1670 011f 17       		.uleb128 0x17
 1671 0120 05       		.uleb128 0x5
 1672 0121 00       		.byte	0
 1673 0122 03       		.uleb128 0x3
 1674 0123 0E       		.uleb128 0xe
 1675 0124 3A       		.uleb128 0x3a
 1676 0125 0B       		.uleb128 0xb
 1677 0126 3B       		.uleb128 0x3b
 1678 0127 0B       		.uleb128 0xb
 1679 0128 49       		.uleb128 0x49
 1680 0129 13       		.uleb128 0x13
 1681 012a 02       		.uleb128 0x2
 1682 012b 17       		.uleb128 0x17
 1683 012c 00       		.byte	0
 1684 012d 00       		.byte	0
 1685 012e 18       		.uleb128 0x18
 1686 012f 05       		.uleb128 0x5
 1687 0130 00       		.byte	0
 1688 0131 03       		.uleb128 0x3
 1689 0132 08       		.uleb128 0x8
 1690 0133 3A       		.uleb128 0x3a
 1691 0134 0B       		.uleb128 0xb
 1692 0135 3B       		.uleb128 0x3b
 1693 0136 0B       		.uleb128 0xb
 1694 0137 49       		.uleb128 0x49
 1695 0138 13       		.uleb128 0x13
 1696 0139 02       		.uleb128 0x2
 1697 013a 17       		.uleb128 0x17
 1698 013b 00       		.byte	0
 1699 013c 00       		.byte	0
 1700 013d 19       		.uleb128 0x19
 1701 013e 34       		.uleb128 0x34
 1702 013f 00       		.byte	0
 1703 0140 03       		.uleb128 0x3
 1704 0141 08       		.uleb128 0x8
ARM GAS  /tmp/ccWt1xEo.s 			page 31


 1705 0142 3A       		.uleb128 0x3a
 1706 0143 0B       		.uleb128 0xb
 1707 0144 3B       		.uleb128 0x3b
 1708 0145 0B       		.uleb128 0xb
 1709 0146 49       		.uleb128 0x49
 1710 0147 13       		.uleb128 0x13
 1711 0148 02       		.uleb128 0x2
 1712 0149 17       		.uleb128 0x17
 1713 014a 00       		.byte	0
 1714 014b 00       		.byte	0
 1715 014c 1A       		.uleb128 0x1a
 1716 014d 2E       		.uleb128 0x2e
 1717 014e 01       		.byte	0x1
 1718 014f 3F       		.uleb128 0x3f
 1719 0150 19       		.uleb128 0x19
 1720 0151 03       		.uleb128 0x3
 1721 0152 0E       		.uleb128 0xe
 1722 0153 3A       		.uleb128 0x3a
 1723 0154 0B       		.uleb128 0xb
 1724 0155 3B       		.uleb128 0x3b
 1725 0156 0B       		.uleb128 0xb
 1726 0157 27       		.uleb128 0x27
 1727 0158 19       		.uleb128 0x19
 1728 0159 49       		.uleb128 0x49
 1729 015a 13       		.uleb128 0x13
 1730 015b 11       		.uleb128 0x11
 1731 015c 01       		.uleb128 0x1
 1732 015d 12       		.uleb128 0x12
 1733 015e 06       		.uleb128 0x6
 1734 015f 40       		.uleb128 0x40
 1735 0160 18       		.uleb128 0x18
 1736 0161 9742     		.uleb128 0x2117
 1737 0163 19       		.uleb128 0x19
 1738 0164 01       		.uleb128 0x1
 1739 0165 13       		.uleb128 0x13
 1740 0166 00       		.byte	0
 1741 0167 00       		.byte	0
 1742 0168 1B       		.uleb128 0x1b
 1743 0169 898201   		.uleb128 0x4109
 1744 016c 01       		.byte	0x1
 1745 016d 11       		.uleb128 0x11
 1746 016e 01       		.uleb128 0x1
 1747 016f 31       		.uleb128 0x31
 1748 0170 13       		.uleb128 0x13
 1749 0171 01       		.uleb128 0x1
 1750 0172 13       		.uleb128 0x13
 1751 0173 00       		.byte	0
 1752 0174 00       		.byte	0
 1753 0175 1C       		.uleb128 0x1c
 1754 0176 898201   		.uleb128 0x4109
 1755 0179 00       		.byte	0
 1756 017a 11       		.uleb128 0x11
 1757 017b 01       		.uleb128 0x1
 1758 017c 31       		.uleb128 0x31
 1759 017d 13       		.uleb128 0x13
 1760 017e 00       		.byte	0
 1761 017f 00       		.byte	0
ARM GAS  /tmp/ccWt1xEo.s 			page 32


 1762 0180 1D       		.uleb128 0x1d
 1763 0181 898201   		.uleb128 0x4109
 1764 0184 01       		.byte	0x1
 1765 0185 11       		.uleb128 0x11
 1766 0186 01       		.uleb128 0x1
 1767 0187 01       		.uleb128 0x1
 1768 0188 13       		.uleb128 0x13
 1769 0189 00       		.byte	0
 1770 018a 00       		.byte	0
 1771 018b 1E       		.uleb128 0x1e
 1772 018c 34       		.uleb128 0x34
 1773 018d 00       		.byte	0
 1774 018e 03       		.uleb128 0x3
 1775 018f 0E       		.uleb128 0xe
 1776 0190 3A       		.uleb128 0x3a
 1777 0191 0B       		.uleb128 0xb
 1778 0192 3B       		.uleb128 0x3b
 1779 0193 0B       		.uleb128 0xb
 1780 0194 49       		.uleb128 0x49
 1781 0195 13       		.uleb128 0x13
 1782 0196 02       		.uleb128 0x2
 1783 0197 17       		.uleb128 0x17
 1784 0198 00       		.byte	0
 1785 0199 00       		.byte	0
 1786 019a 1F       		.uleb128 0x1f
 1787 019b 898201   		.uleb128 0x4109
 1788 019e 00       		.byte	0
 1789 019f 11       		.uleb128 0x11
 1790 01a0 01       		.uleb128 0x1
 1791 01a1 9542     		.uleb128 0x2115
 1792 01a3 19       		.uleb128 0x19
 1793 01a4 31       		.uleb128 0x31
 1794 01a5 13       		.uleb128 0x13
 1795 01a6 00       		.byte	0
 1796 01a7 00       		.byte	0
 1797 01a8 20       		.uleb128 0x20
 1798 01a9 34       		.uleb128 0x34
 1799 01aa 00       		.byte	0
 1800 01ab 03       		.uleb128 0x3
 1801 01ac 0E       		.uleb128 0xe
 1802 01ad 3A       		.uleb128 0x3a
 1803 01ae 0B       		.uleb128 0xb
 1804 01af 3B       		.uleb128 0x3b
 1805 01b0 0B       		.uleb128 0xb
 1806 01b1 49       		.uleb128 0x49
 1807 01b2 13       		.uleb128 0x13
 1808 01b3 02       		.uleb128 0x2
 1809 01b4 18       		.uleb128 0x18
 1810 01b5 00       		.byte	0
 1811 01b6 00       		.byte	0
 1812 01b7 21       		.uleb128 0x21
 1813 01b8 2E       		.uleb128 0x2e
 1814 01b9 01       		.byte	0x1
 1815 01ba 3F       		.uleb128 0x3f
 1816 01bb 19       		.uleb128 0x19
 1817 01bc 03       		.uleb128 0x3
 1818 01bd 0E       		.uleb128 0xe
ARM GAS  /tmp/ccWt1xEo.s 			page 33


 1819 01be 3A       		.uleb128 0x3a
 1820 01bf 0B       		.uleb128 0xb
 1821 01c0 3B       		.uleb128 0x3b
 1822 01c1 0B       		.uleb128 0xb
 1823 01c2 27       		.uleb128 0x27
 1824 01c3 19       		.uleb128 0x19
 1825 01c4 3C       		.uleb128 0x3c
 1826 01c5 19       		.uleb128 0x19
 1827 01c6 01       		.uleb128 0x1
 1828 01c7 13       		.uleb128 0x13
 1829 01c8 00       		.byte	0
 1830 01c9 00       		.byte	0
 1831 01ca 22       		.uleb128 0x22
 1832 01cb 2E       		.uleb128 0x2e
 1833 01cc 00       		.byte	0
 1834 01cd 3F       		.uleb128 0x3f
 1835 01ce 19       		.uleb128 0x19
 1836 01cf 03       		.uleb128 0x3
 1837 01d0 0E       		.uleb128 0xe
 1838 01d1 3A       		.uleb128 0x3a
 1839 01d2 0B       		.uleb128 0xb
 1840 01d3 3B       		.uleb128 0x3b
 1841 01d4 0B       		.uleb128 0xb
 1842 01d5 27       		.uleb128 0x27
 1843 01d6 19       		.uleb128 0x19
 1844 01d7 49       		.uleb128 0x49
 1845 01d8 13       		.uleb128 0x13
 1846 01d9 3C       		.uleb128 0x3c
 1847 01da 19       		.uleb128 0x19
 1848 01db 00       		.byte	0
 1849 01dc 00       		.byte	0
 1850 01dd 00       		.byte	0
 1851              		.section	.debug_loc,"",%progbits
 1852              	.Ldebug_loc0:
 1853              	.LLST0:
 1854 0000 20000000 		.4byte	.LVL1-.Ltext0
 1855 0004 2C000000 		.4byte	.LVL4-.Ltext0
 1856 0008 0100     		.2byte	0x1
 1857 000a 50       		.byte	0x50
 1858 000b 2C000000 		.4byte	.LVL4-.Ltext0
 1859 000f 33000000 		.4byte	.LVL5-1-.Ltext0
 1860 0013 0300     		.2byte	0x3
 1861 0015 70       		.byte	0x70
 1862 0016 70       		.sleb128 -16
 1863 0017 9F       		.byte	0x9f
 1864 0018 33000000 		.4byte	.LVL5-1-.Ltext0
 1865 001c 34000000 		.4byte	.LFE8-.Ltext0
 1866 0020 0400     		.2byte	0x4
 1867 0022 F3       		.byte	0xf3
 1868 0023 01       		.uleb128 0x1
 1869 0024 50       		.byte	0x50
 1870 0025 9F       		.byte	0x9f
 1871 0026 00000000 		.4byte	0
 1872 002a 00000000 		.4byte	0
 1873              	.LLST1:
 1874 002e 20000000 		.4byte	.LVL1-.Ltext0
 1875 0032 33000000 		.4byte	.LVL5-1-.Ltext0
ARM GAS  /tmp/ccWt1xEo.s 			page 34


 1876 0036 0100     		.2byte	0x1
 1877 0038 51       		.byte	0x51
 1878 0039 33000000 		.4byte	.LVL5-1-.Ltext0
 1879 003d 34000000 		.4byte	.LFE8-.Ltext0
 1880 0041 0400     		.2byte	0x4
 1881 0043 F3       		.byte	0xf3
 1882 0044 01       		.uleb128 0x1
 1883 0045 51       		.byte	0x51
 1884 0046 9F       		.byte	0x9f
 1885 0047 00000000 		.4byte	0
 1886 004b 00000000 		.4byte	0
 1887              	.LLST2:
 1888 004f 20000000 		.4byte	.LVL1-.Ltext0
 1889 0053 24000000 		.4byte	.LVL2-.Ltext0
 1890 0057 0100     		.2byte	0x1
 1891 0059 52       		.byte	0x52
 1892 005a 24000000 		.4byte	.LVL2-.Ltext0
 1893 005e 33000000 		.4byte	.LVL5-1-.Ltext0
 1894 0062 0300     		.2byte	0x3
 1895 0064 72       		.byte	0x72
 1896 0065 08       		.sleb128 8
 1897 0066 9F       		.byte	0x9f
 1898 0067 33000000 		.4byte	.LVL5-1-.Ltext0
 1899 006b 34000000 		.4byte	.LFE8-.Ltext0
 1900 006f 0400     		.2byte	0x4
 1901 0071 F3       		.byte	0xf3
 1902 0072 01       		.uleb128 0x1
 1903 0073 52       		.byte	0x52
 1904 0074 9F       		.byte	0x9f
 1905 0075 00000000 		.4byte	0
 1906 0079 00000000 		.4byte	0
 1907              	.LLST3:
 1908 007d 28000000 		.4byte	.LVL3-.Ltext0
 1909 0081 33000000 		.4byte	.LVL5-1-.Ltext0
 1910 0085 0100     		.2byte	0x1
 1911 0087 51       		.byte	0x51
 1912 0088 33000000 		.4byte	.LVL5-1-.Ltext0
 1913 008c 34000000 		.4byte	.LFE8-.Ltext0
 1914 0090 0400     		.2byte	0x4
 1915 0092 F3       		.byte	0xf3
 1916 0093 01       		.uleb128 0x1
 1917 0094 51       		.byte	0x51
 1918 0095 9F       		.byte	0x9f
 1919 0096 00000000 		.4byte	0
 1920 009a 00000000 		.4byte	0
 1921              	.LLST4:
 1922 009e 40000000 		.4byte	.LVL6-.Ltext0
 1923 00a2 4A000000 		.4byte	.LVL7-.Ltext0
 1924 00a6 0100     		.2byte	0x1
 1925 00a8 50       		.byte	0x50
 1926 00a9 4A000000 		.4byte	.LVL7-.Ltext0
 1927 00ad C0000000 		.4byte	.LFE9-.Ltext0
 1928 00b1 0100     		.2byte	0x1
 1929 00b3 56       		.byte	0x56
 1930 00b4 00000000 		.4byte	0
 1931 00b8 00000000 		.4byte	0
 1932              	.LLST5:
ARM GAS  /tmp/ccWt1xEo.s 			page 35


 1933 00bc 40000000 		.4byte	.LVL6-.Ltext0
 1934 00c0 4C000000 		.4byte	.LVL8-.Ltext0
 1935 00c4 0100     		.2byte	0x1
 1936 00c6 51       		.byte	0x51
 1937 00c7 4C000000 		.4byte	.LVL8-.Ltext0
 1938 00cb 54000000 		.4byte	.LVL9-.Ltext0
 1939 00cf 0300     		.2byte	0x3
 1940 00d1 71       		.byte	0x71
 1941 00d2 79       		.sleb128 -7
 1942 00d3 9F       		.byte	0x9f
 1943 00d4 54000000 		.4byte	.LVL9-.Ltext0
 1944 00d8 C0000000 		.4byte	.LFE9-.Ltext0
 1945 00dc 0100     		.2byte	0x1
 1946 00de 55       		.byte	0x55
 1947 00df 00000000 		.4byte	0
 1948 00e3 00000000 		.4byte	0
 1949              	.LLST6:
 1950 00e7 58000000 		.4byte	.LVL10-.Ltext0
 1951 00eb 84000000 		.4byte	.LVL17-.Ltext0
 1952 00ef 0100     		.2byte	0x1
 1953 00f1 54       		.byte	0x54
 1954 00f2 88000000 		.4byte	.LVL18-.Ltext0
 1955 00f6 96000000 		.4byte	.LVL19-.Ltext0
 1956 00fa 0100     		.2byte	0x1
 1957 00fc 54       		.byte	0x54
 1958 00fd A2000000 		.4byte	.LVL21-.Ltext0
 1959 0101 BA000000 		.4byte	.LVL24-.Ltext0
 1960 0105 0100     		.2byte	0x1
 1961 0107 54       		.byte	0x54
 1962 0108 00000000 		.4byte	0
 1963 010c 00000000 		.4byte	0
 1964              	.LLST7:
 1965 0110 5E000000 		.4byte	.LVL12-.Ltext0
 1966 0114 66000000 		.4byte	.LVL13-.Ltext0
 1967 0118 0100     		.2byte	0x1
 1968 011a 50       		.byte	0x50
 1969 011b 68000000 		.4byte	.LVL14-.Ltext0
 1970 011f 6F000000 		.4byte	.LVL15-1-.Ltext0
 1971 0123 0100     		.2byte	0x1
 1972 0125 50       		.byte	0x50
 1973 0126 7A000000 		.4byte	.LVL16-.Ltext0
 1974 012a 84000000 		.4byte	.LVL17-.Ltext0
 1975 012e 0100     		.2byte	0x1
 1976 0130 50       		.byte	0x50
 1977 0131 88000000 		.4byte	.LVL18-.Ltext0
 1978 0135 9D000000 		.4byte	.LVL20-1-.Ltext0
 1979 0139 0100     		.2byte	0x1
 1980 013b 50       		.byte	0x50
 1981 013c 9D000000 		.4byte	.LVL20-1-.Ltext0
 1982 0140 A2000000 		.4byte	.LVL21-.Ltext0
 1983 0144 0300     		.2byte	0x3
 1984 0146 74       		.byte	0x74
 1985 0147 78       		.sleb128 -8
 1986 0148 9F       		.byte	0x9f
 1987 0149 A2000000 		.4byte	.LVL21-.Ltext0
 1988 014d B8000000 		.4byte	.LVL23-.Ltext0
 1989 0151 0100     		.2byte	0x1
ARM GAS  /tmp/ccWt1xEo.s 			page 36


 1990 0153 50       		.byte	0x50
 1991 0154 00000000 		.4byte	0
 1992 0158 00000000 		.4byte	0
 1993              	.LLST8:
 1994 015c AA000000 		.4byte	.LVL22-.Ltext0
 1995 0160 B8000000 		.4byte	.LVL23-.Ltext0
 1996 0164 0100     		.2byte	0x1
 1997 0166 57       		.byte	0x57
 1998 0167 00000000 		.4byte	0
 1999 016b 00000000 		.4byte	0
 2000              	.LLST9:
 2001 016f C0000000 		.4byte	.LVL25-.Ltext0
 2002 0173 CC000000 		.4byte	.LVL27-.Ltext0
 2003 0177 0100     		.2byte	0x1
 2004 0179 50       		.byte	0x50
 2005 017a CC000000 		.4byte	.LVL27-.Ltext0
 2006 017e 1A010000 		.4byte	.LVL36-.Ltext0
 2007 0182 0100     		.2byte	0x1
 2008 0184 56       		.byte	0x56
 2009 0185 1A010000 		.4byte	.LVL36-.Ltext0
 2010 0189 1E010000 		.4byte	.LVL37-.Ltext0
 2011 018d 0400     		.2byte	0x4
 2012 018f F3       		.byte	0xf3
 2013 0190 01       		.uleb128 0x1
 2014 0191 50       		.byte	0x50
 2015 0192 9F       		.byte	0x9f
 2016 0193 1E010000 		.4byte	.LVL37-.Ltext0
 2017 0197 4A010000 		.4byte	.LVL38-.Ltext0
 2018 019b 0100     		.2byte	0x1
 2019 019d 56       		.byte	0x56
 2020 019e 4A010000 		.4byte	.LVL38-.Ltext0
 2021 01a2 4E010000 		.4byte	.LFE10-.Ltext0
 2022 01a6 0400     		.2byte	0x4
 2023 01a8 F3       		.byte	0xf3
 2024 01a9 01       		.uleb128 0x1
 2025 01aa 50       		.byte	0x50
 2026 01ab 9F       		.byte	0x9f
 2027 01ac 00000000 		.4byte	0
 2028 01b0 00000000 		.4byte	0
 2029              	.LLST10:
 2030 01b4 D0000000 		.4byte	.LVL28-.Ltext0
 2031 01b8 D8000000 		.4byte	.LVL31-.Ltext0
 2032 01bc 0100     		.2byte	0x1
 2033 01be 55       		.byte	0x55
 2034 01bf D8000000 		.4byte	.LVL31-.Ltext0
 2035 01c3 F0000000 		.4byte	.LVL33-.Ltext0
 2036 01c7 0100     		.2byte	0x1
 2037 01c9 53       		.byte	0x53
 2038 01ca F2000000 		.4byte	.LVL34-.Ltext0
 2039 01ce 1D010000 		.4byte	.LVL37-1-.Ltext0
 2040 01d2 0100     		.2byte	0x1
 2041 01d4 53       		.byte	0x53
 2042 01d5 1E010000 		.4byte	.LVL37-.Ltext0
 2043 01d9 4D010000 		.4byte	.LVL39-1-.Ltext0
 2044 01dd 0100     		.2byte	0x1
 2045 01df 53       		.byte	0x53
 2046 01e0 00000000 		.4byte	0
ARM GAS  /tmp/ccWt1xEo.s 			page 37


 2047 01e4 00000000 		.4byte	0
 2048              	.LLST11:
 2049 01e8 C8000000 		.4byte	.LVL26-.Ltext0
 2050 01ec 1A010000 		.4byte	.LVL36-.Ltext0
 2051 01f0 0100     		.2byte	0x1
 2052 01f2 54       		.byte	0x54
 2053 01f3 1A010000 		.4byte	.LVL36-.Ltext0
 2054 01f7 1E010000 		.4byte	.LVL37-.Ltext0
 2055 01fb 0600     		.2byte	0x6
 2056 01fd F3       		.byte	0xf3
 2057 01fe 01       		.uleb128 0x1
 2058 01ff 50       		.byte	0x50
 2059 0200 38       		.byte	0x38
 2060 0201 1C       		.byte	0x1c
 2061 0202 9F       		.byte	0x9f
 2062 0203 1E010000 		.4byte	.LVL37-.Ltext0
 2063 0207 4A010000 		.4byte	.LVL38-.Ltext0
 2064 020b 0100     		.2byte	0x1
 2065 020d 54       		.byte	0x54
 2066 020e 4A010000 		.4byte	.LVL38-.Ltext0
 2067 0212 4E010000 		.4byte	.LFE10-.Ltext0
 2068 0216 0600     		.2byte	0x6
 2069 0218 F3       		.byte	0xf3
 2070 0219 01       		.uleb128 0x1
 2071 021a 50       		.byte	0x50
 2072 021b 38       		.byte	0x38
 2073 021c 1C       		.byte	0x1c
 2074 021d 9F       		.byte	0x9f
 2075 021e 00000000 		.4byte	0
 2076 0222 00000000 		.4byte	0
 2077              	.LLST12:
 2078 0226 CC000000 		.4byte	.LVL27-.Ltext0
 2079 022a D2000000 		.4byte	.LVL29-.Ltext0
 2080 022e 0100     		.2byte	0x1
 2081 0230 50       		.byte	0x50
 2082 0231 D2000000 		.4byte	.LVL29-.Ltext0
 2083 0235 D5000000 		.4byte	.LVL30-1-.Ltext0
 2084 0239 0200     		.2byte	0x2
 2085 023b 74       		.byte	0x74
 2086 023c 00       		.sleb128 0
 2087 023d D5000000 		.4byte	.LVL30-1-.Ltext0
 2088 0241 04010000 		.4byte	.LVL35-.Ltext0
 2089 0245 0300     		.2byte	0x3
 2090 0247 75       		.byte	0x75
 2091 0248 78       		.sleb128 -8
 2092 0249 9F       		.byte	0x9f
 2093 024a 00000000 		.4byte	0
 2094 024e 00000000 		.4byte	0
 2095              	.LLST13:
 2096 0252 50010000 		.4byte	.LVL40-.Ltext0
 2097 0256 5A010000 		.4byte	.LVL41-.Ltext0
 2098 025a 0100     		.2byte	0x1
 2099 025c 50       		.byte	0x50
 2100 025d 5A010000 		.4byte	.LVL41-.Ltext0
 2101 0261 6C010000 		.4byte	.LVL43-.Ltext0
 2102 0265 0100     		.2byte	0x1
 2103 0267 54       		.byte	0x54
ARM GAS  /tmp/ccWt1xEo.s 			page 38


 2104 0268 6C010000 		.4byte	.LVL43-.Ltext0
 2105 026c 84010000 		.4byte	.LVL48-.Ltext0
 2106 0270 1300     		.2byte	0x13
 2107 0272 F3       		.byte	0xf3
 2108 0273 01       		.uleb128 0x1
 2109 0274 50       		.byte	0x50
 2110 0275 03       		.byte	0x3
 2111 0276 00000000 		.4byte	.LANCHOR0
 2112 027a F3       		.byte	0xf3
 2113 027b 01       		.uleb128 0x1
 2114 027c 50       		.byte	0x50
 2115 027d 30       		.byte	0x30
 2116 027e 2E       		.byte	0x2e
 2117 027f 28       		.byte	0x28
 2118 0280 0100     		.2byte	0x1
 2119 0282 16       		.byte	0x16
 2120 0283 13       		.byte	0x13
 2121 0284 9F       		.byte	0x9f
 2122 0285 84010000 		.4byte	.LVL48-.Ltext0
 2123 0289 88010000 		.4byte	.LVL49-.Ltext0
 2124 028d 0100     		.2byte	0x1
 2125 028f 54       		.byte	0x54
 2126 0290 88010000 		.4byte	.LVL49-.Ltext0
 2127 0294 90010000 		.4byte	.LFE11-.Ltext0
 2128 0298 1300     		.2byte	0x13
 2129 029a F3       		.byte	0xf3
 2130 029b 01       		.uleb128 0x1
 2131 029c 50       		.byte	0x50
 2132 029d 03       		.byte	0x3
 2133 029e 00000000 		.4byte	.LANCHOR0
 2134 02a2 F3       		.byte	0xf3
 2135 02a3 01       		.uleb128 0x1
 2136 02a4 50       		.byte	0x50
 2137 02a5 30       		.byte	0x30
 2138 02a6 2E       		.byte	0x2e
 2139 02a7 28       		.byte	0x28
 2140 02a8 0100     		.2byte	0x1
 2141 02aa 16       		.byte	0x16
 2142 02ab 13       		.byte	0x13
 2143 02ac 9F       		.byte	0x9f
 2144 02ad 00000000 		.4byte	0
 2145 02b1 00000000 		.4byte	0
 2146              	.LLST14:
 2147 02b5 50010000 		.4byte	.LVL40-.Ltext0
 2148 02b9 63010000 		.4byte	.LVL42-1-.Ltext0
 2149 02bd 0100     		.2byte	0x1
 2150 02bf 51       		.byte	0x51
 2151 02c0 63010000 		.4byte	.LVL42-1-.Ltext0
 2152 02c4 90010000 		.4byte	.LFE11-.Ltext0
 2153 02c8 0100     		.2byte	0x1
 2154 02ca 55       		.byte	0x55
 2155 02cb 00000000 		.4byte	0
 2156 02cf 00000000 		.4byte	0
 2157              	.LLST15:
 2158 02d3 64010000 		.4byte	.LVL42-.Ltext0
 2159 02d7 6C010000 		.4byte	.LVL43-.Ltext0
 2160 02db 0300     		.2byte	0x3
ARM GAS  /tmp/ccWt1xEo.s 			page 39


 2161 02dd 74       		.byte	0x74
 2162 02de 08       		.sleb128 8
 2163 02df 9F       		.byte	0x9f
 2164 02e0 6C010000 		.4byte	.LVL43-.Ltext0
 2165 02e4 74010000 		.4byte	.LVL45-.Ltext0
 2166 02e8 1500     		.2byte	0x15
 2167 02ea F3       		.byte	0xf3
 2168 02eb 01       		.uleb128 0x1
 2169 02ec 50       		.byte	0x50
 2170 02ed 03       		.byte	0x3
 2171 02ee 00000000 		.4byte	.LANCHOR0
 2172 02f2 F3       		.byte	0xf3
 2173 02f3 01       		.uleb128 0x1
 2174 02f4 50       		.byte	0x50
 2175 02f5 30       		.byte	0x30
 2176 02f6 2E       		.byte	0x2e
 2177 02f7 28       		.byte	0x28
 2178 02f8 0100     		.2byte	0x1
 2179 02fa 16       		.byte	0x16
 2180 02fb 13       		.byte	0x13
 2181 02fc 23       		.byte	0x23
 2182 02fd 08       		.uleb128 0x8
 2183 02fe 9F       		.byte	0x9f
 2184 02ff 84010000 		.4byte	.LVL48-.Ltext0
 2185 0303 88010000 		.4byte	.LVL49-.Ltext0
 2186 0307 0300     		.2byte	0x3
 2187 0309 74       		.byte	0x74
 2188 030a 08       		.sleb128 8
 2189 030b 9F       		.byte	0x9f
 2190 030c 88010000 		.4byte	.LVL49-.Ltext0
 2191 0310 90010000 		.4byte	.LFE11-.Ltext0
 2192 0314 1500     		.2byte	0x15
 2193 0316 F3       		.byte	0xf3
 2194 0317 01       		.uleb128 0x1
 2195 0318 50       		.byte	0x50
 2196 0319 03       		.byte	0x3
 2197 031a 00000000 		.4byte	.LANCHOR0
 2198 031e F3       		.byte	0xf3
 2199 031f 01       		.uleb128 0x1
 2200 0320 50       		.byte	0x50
 2201 0321 30       		.byte	0x30
 2202 0322 2E       		.byte	0x2e
 2203 0323 28       		.byte	0x28
 2204 0324 0100     		.2byte	0x1
 2205 0326 16       		.byte	0x16
 2206 0327 13       		.byte	0x13
 2207 0328 23       		.byte	0x23
 2208 0329 08       		.uleb128 0x8
 2209 032a 9F       		.byte	0x9f
 2210 032b 00000000 		.4byte	0
 2211 032f 00000000 		.4byte	0
 2212              	.LLST16:
 2213 0333 64010000 		.4byte	.LVL42-.Ltext0
 2214 0337 6C010000 		.4byte	.LVL43-.Ltext0
 2215 033b 0200     		.2byte	0x2
 2216 033d 30       		.byte	0x30
 2217 033e 9F       		.byte	0x9f
ARM GAS  /tmp/ccWt1xEo.s 			page 40


 2218 033f 6C010000 		.4byte	.LVL43-.Ltext0
 2219 0343 72010000 		.4byte	.LVL44-.Ltext0
 2220 0347 0100     		.2byte	0x1
 2221 0349 54       		.byte	0x54
 2222 034a 72010000 		.4byte	.LVL44-.Ltext0
 2223 034e 74010000 		.4byte	.LVL45-.Ltext0
 2224 0352 0300     		.2byte	0x3
 2225 0354 74       		.byte	0x74
 2226 0355 7F       		.sleb128 -1
 2227 0356 9F       		.byte	0x9f
 2228 0357 74010000 		.4byte	.LVL45-.Ltext0
 2229 035b 78010000 		.4byte	.LVL46-.Ltext0
 2230 035f 0100     		.2byte	0x1
 2231 0361 54       		.byte	0x54
 2232 0362 84010000 		.4byte	.LVL48-.Ltext0
 2233 0366 90010000 		.4byte	.LFE11-.Ltext0
 2234 036a 0200     		.2byte	0x2
 2235 036c 30       		.byte	0x30
 2236 036d 9F       		.byte	0x9f
 2237 036e 00000000 		.4byte	0
 2238 0372 00000000 		.4byte	0
 2239              	.LLST17:
 2240 0376 64010000 		.4byte	.LVL42-.Ltext0
 2241 037a 6C010000 		.4byte	.LVL43-.Ltext0
 2242 037e 0200     		.2byte	0x2
 2243 0380 30       		.byte	0x30
 2244 0381 9F       		.byte	0x9f
 2245 0382 6C010000 		.4byte	.LVL43-.Ltext0
 2246 0386 78010000 		.4byte	.LVL46-.Ltext0
 2247 038a 0100     		.2byte	0x1
 2248 038c 52       		.byte	0x52
 2249 038d 84010000 		.4byte	.LVL48-.Ltext0
 2250 0391 90010000 		.4byte	.LFE11-.Ltext0
 2251 0395 0200     		.2byte	0x2
 2252 0397 30       		.byte	0x30
 2253 0398 9F       		.byte	0x9f
 2254 0399 00000000 		.4byte	0
 2255 039d 00000000 		.4byte	0
 2256              		.section	.debug_aranges,"",%progbits
 2257 0000 1C000000 		.4byte	0x1c
 2258 0004 0200     		.2byte	0x2
 2259 0006 00000000 		.4byte	.Ldebug_info0
 2260 000a 04       		.byte	0x4
 2261 000b 00       		.byte	0
 2262 000c 0000     		.2byte	0
 2263 000e 0000     		.2byte	0
 2264 0010 00000000 		.4byte	.Ltext0
 2265 0014 90010000 		.4byte	.Letext0-.Ltext0
 2266 0018 00000000 		.4byte	0
 2267 001c 00000000 		.4byte	0
 2268              		.section	.debug_line,"",%progbits
 2269              	.Ldebug_line0:
 2270 0000 E3030000 		.section	.debug_str,"MS",%progbits,1
 2270      02002A03 
 2270      00000201 
 2270      FB0E0D00 
 2270      01010101 
ARM GAS  /tmp/ccWt1xEo.s 			page 41


 2271              	.LASF38:
 2272 0000 705F6D73 		.ascii	"p_msg\000"
 2272      6700
 2273              	.LASF2:
 2274 0006 73697A65 		.ascii	"size_t\000"
 2274      5F7400
 2275              	.LASF63:
 2276 000d 7264796D 		.ascii	"rdymsg\000"
 2276      736700
 2277              	.LASF17:
 2278 0014 75696E74 		.ascii	"uint64_t\000"
 2278      36345F74 
 2278      00
 2279              	.LASF3:
 2280 001d 5F5F7569 		.ascii	"__uint8_t\000"
 2280      6E74385F 
 2280      7400
 2281              	.LASF53:
 2282 0027 6D656D67 		.ascii	"memgetfunc_t\000"
 2282      65746675 
 2282      6E635F74 
 2282      00
 2283              	.LASF13:
 2284 0034 6C6F6E67 		.ascii	"long long unsigned int\000"
 2284      206C6F6E 
 2284      6720756E 
 2284      7369676E 
 2284      65642069 
 2285              	.LASF57:
 2286 004b 685F6672 		.ascii	"h_free\000"
 2286      656500
 2287              	.LASF70:
 2288 0052 68656170 		.ascii	"heapp\000"
 2288      7000
 2289              	.LASF81:
 2290 0058 63684D74 		.ascii	"chMtxUnlock\000"
 2290      78556E6C 
 2290      6F636B00 
 2291              	.LASF69:
 2292 0064 63684865 		.ascii	"chHeapInit\000"
 2292      6170496E 
 2292      697400
 2293              	.LASF59:
 2294 006f 6E657874 		.ascii	"next\000"
 2294      00
 2295              	.LASF28:
 2296 0074 705F7072 		.ascii	"p_prio\000"
 2296      696F00
 2297              	.LASF11:
 2298 007b 6C6F6E67 		.ascii	"long long int\000"
 2298      206C6F6E 
 2298      6720696E 
 2298      7400
 2299              	.LASF1:
 2300 0089 7369676E 		.ascii	"signed char\000"
 2300      65642063 
 2300      68617200 
ARM GAS  /tmp/ccWt1xEo.s 			page 42


 2301              	.LASF58:
 2302 0095 685F6D74 		.ascii	"h_mtx\000"
 2302      7800
 2303              	.LASF50:
 2304 009b 6D5F7175 		.ascii	"m_queue\000"
 2304      65756500 
 2305              	.LASF71:
 2306 00a3 63684865 		.ascii	"chHeapFree\000"
 2306      61704672 
 2306      656500
 2307              	.LASF21:
 2308 00ae 74736C69 		.ascii	"tslices_t\000"
 2308      6365735F 
 2308      7400
 2309              	.LASF8:
 2310 00b8 6C6F6E67 		.ascii	"long int\000"
 2310      20696E74 
 2310      00
 2311              	.LASF20:
 2312 00c1 74737461 		.ascii	"tstate_t\000"
 2312      74655F74 
 2312      00
 2313              	.LASF30:
 2314 00ca 705F6E65 		.ascii	"p_newer\000"
 2314      77657200 
 2315              	.LASF64:
 2316 00d2 65786974 		.ascii	"exitcode\000"
 2316      636F6465 
 2316      00
 2317              	.LASF9:
 2318 00db 5F5F7569 		.ascii	"__uint32_t\000"
 2318      6E743332 
 2318      5F7400
 2319              	.LASF44:
 2320 00e6 72656761 		.ascii	"regarm_t\000"
 2320      726D5F74 
 2320      00
 2321              	.LASF61:
 2322 00ef 616C6967 		.ascii	"align\000"
 2322      6E00
 2323              	.LASF0:
 2324 00f5 756E7369 		.ascii	"unsigned int\000"
 2324      676E6564 
 2324      20696E74 
 2324      00
 2325              	.LASF10:
 2326 0102 6C6F6E67 		.ascii	"long unsigned int\000"
 2326      20756E73 
 2326      69676E65 
 2326      6420696E 
 2326      7400
 2327              	.LASF62:
 2328 0114 73697A65 		.ascii	"size\000"
 2328      00
 2329              	.LASF6:
 2330 0119 73686F72 		.ascii	"short unsigned int\000"
 2330      7420756E 
ARM GAS  /tmp/ccWt1xEo.s 			page 43


 2330      7369676E 
 2330      65642069 
 2330      6E7400
 2331              	.LASF23:
 2332 012c 6D73675F 		.ascii	"msg_t\000"
 2332      7400
 2333              	.LASF19:
 2334 0132 746D6F64 		.ascii	"tmode_t\000"
 2334      655F7400 
 2335              	.LASF43:
 2336 013a 54687265 		.ascii	"ThreadsList\000"
 2336      6164734C 
 2336      69737400 
 2337              	.LASF24:
 2338 0146 6576656E 		.ascii	"eventmask_t\000"
 2338      746D6173 
 2338      6B5F7400 
 2339              	.LASF49:
 2340 0152 4D757465 		.ascii	"Mutex\000"
 2340      7800
 2341              	.LASF45:
 2342 0158 73746B61 		.ascii	"stkalign_t\000"
 2342      6C69676E 
 2342      5F7400
 2343              	.LASF48:
 2344 0163 73697A65 		.ascii	"sizetype\000"
 2344      74797065 
 2344      00
 2345              	.LASF77:
 2346 016c 63684D74 		.ascii	"chMtxLock\000"
 2346      784C6F63 
 2346      6B00
 2347              	.LASF31:
 2348 0176 705F6F6C 		.ascii	"p_older\000"
 2348      64657200 
 2349              	.LASF42:
 2350 017e 54687265 		.ascii	"ThreadsQueue\000"
 2350      61647351 
 2350      75657565 
 2350      00
 2351              	.LASF54:
 2352 018b 4D656D6F 		.ascii	"MemoryHeap\000"
 2352      72794865 
 2352      617000
 2353              	.LASF12:
 2354 0196 5F5F7569 		.ascii	"__uint64_t\000"
 2354      6E743634 
 2354      5F7400
 2355              	.LASF27:
 2356 01a1 705F7072 		.ascii	"p_prev\000"
 2356      657600
 2357              	.LASF22:
 2358 01a8 74707269 		.ascii	"tprio_t\000"
 2358      6F5F7400 
 2359              	.LASF18:
 2360 01b0 5F426F6F 		.ascii	"_Bool\000"
 2360      6C00
ARM GAS  /tmp/ccWt1xEo.s 			page 44


 2361              	.LASF15:
 2362 01b6 696E7433 		.ascii	"int32_t\000"
 2362      325F7400 
 2363              	.LASF4:
 2364 01be 756E7369 		.ascii	"unsigned char\000"
 2364      676E6564 
 2364      20636861 
 2364      7200
 2365              	.LASF56:
 2366 01cc 685F7072 		.ascii	"h_provider\000"
 2366      6F766964 
 2366      657200
 2367              	.LASF40:
 2368 01d7 705F6D74 		.ascii	"p_mtxlist\000"
 2368      786C6973 
 2368      7400
 2369              	.LASF5:
 2370 01e1 73686F72 		.ascii	"short int\000"
 2370      7420696E 
 2370      7400
 2371              	.LASF33:
 2372 01eb 705F7374 		.ascii	"p_state\000"
 2372      61746500 
 2373              	.LASF35:
 2374 01f3 705F7072 		.ascii	"p_preempt\000"
 2374      65656D70 
 2374      7400
 2375              	.LASF80:
 2376 01fd 68656170 		.ascii	"heap_header\000"
 2376      5F686561 
 2376      64657200 
 2377              	.LASF66:
 2378 0209 65776D61 		.ascii	"ewmask\000"
 2378      736B00
 2379              	.LASF26:
 2380 0210 705F6E65 		.ascii	"p_next\000"
 2380      787400
 2381              	.LASF34:
 2382 0217 705F666C 		.ascii	"p_flags\000"
 2382      61677300 
 2383              	.LASF79:
 2384 021f 2F686F6D 		.ascii	"/home/sbcu/Dropbox/pcb-layouts/axo-on-discovery-boa"
 2384      652F7362 
 2384      63752F44 
 2384      726F7062 
 2384      6F782F70 
 2385 0252 72642F61 		.ascii	"rd/axoloti/platform_linux/../chibios/os/kernel/src/"
 2385      786F6C6F 
 2385      74692F70 
 2385      6C617466 
 2385      6F726D5F 
 2386 0285 63686865 		.ascii	"chheap.c\000"
 2386      61702E63 
 2386      00
 2387              	.LASF25:
 2388 028e 54687265 		.ascii	"Thread\000"
 2388      616400
ARM GAS  /tmp/ccWt1xEo.s 			page 45


 2389              	.LASF72:
 2390 0295 63684865 		.ascii	"chHeapAlloc\000"
 2390      6170416C 
 2390      6C6F6300 
 2391              	.LASF39:
 2392 02a1 705F6570 		.ascii	"p_epending\000"
 2392      656E6469 
 2392      6E6700
 2393              	.LASF16:
 2394 02ac 75696E74 		.ascii	"uint32_t\000"
 2394      33325F74 
 2394      00
 2395              	.LASF60:
 2396 02b5 68656170 		.ascii	"heap\000"
 2396      00
 2397              	.LASF75:
 2398 02ba 64656661 		.ascii	"default_heap\000"
 2398      756C745F 
 2398      68656170 
 2398      00
 2399              	.LASF67:
 2400 02c7 63686172 		.ascii	"char\000"
 2400      00
 2401              	.LASF73:
 2402 02cc 63684865 		.ascii	"chHeapStatus\000"
 2402      61705374 
 2402      61747573 
 2402      00
 2403              	.LASF52:
 2404 02d9 6D5F6E65 		.ascii	"m_next\000"
 2404      787400
 2405              	.LASF41:
 2406 02e0 705F7265 		.ascii	"p_realprio\000"
 2406      616C7072 
 2406      696F00
 2407              	.LASF7:
 2408 02eb 5F5F696E 		.ascii	"__int32_t\000"
 2408      7433325F 
 2408      7400
 2409              	.LASF47:
 2410 02f5 636F6E74 		.ascii	"context\000"
 2410      65787400 
 2411              	.LASF46:
 2412 02fd 696E7463 		.ascii	"intctx\000"
 2412      747800
 2413              	.LASF37:
 2414 0304 705F6D73 		.ascii	"p_msgqueue\000"
 2414      67717565 
 2414      756500
 2415              	.LASF76:
 2416 030f 63684D74 		.ascii	"chMtxInit\000"
 2416      78496E69 
 2416      7400
 2417              	.LASF32:
 2418 0319 705F6E61 		.ascii	"p_name\000"
 2418      6D6500
 2419              	.LASF14:
ARM GAS  /tmp/ccWt1xEo.s 			page 46


 2420 0320 75696E74 		.ascii	"uint8_t\000"
 2420      385F7400 
 2421              	.LASF65:
 2422 0328 77746F62 		.ascii	"wtobjp\000"
 2422      6A7000
 2423              	.LASF74:
 2424 032f 73697A65 		.ascii	"sizep\000"
 2424      7000
 2425              	.LASF78:
 2426 0335 474E5520 		.ascii	"GNU C 4.9.3 20150529 (release) [ARM/embedded-4_9-br"
 2426      4320342E 
 2426      392E3320 
 2426      32303135 
 2426      30353239 
 2427 0368 616E6368 		.ascii	"anch revision 224288] -mcpu=cortex-m4 -mfloat-abi=h"
 2427      20726576 
 2427      6973696F 
 2427      6E203232 
 2427      34323838 
 2428 039b 61726420 		.ascii	"ard -mfpu=fpv4-sp-d16 -mno-thumb-interwork -mthumb "
 2428      2D6D6670 
 2428      753D6670 
 2428      76342D73 
 2428      702D6431 
 2429 03ce 2D676764 		.ascii	"-ggdb -O2 -fomit-frame-pointer -falign-functions=16"
 2429      62202D4F 
 2429      32202D66 
 2429      6F6D6974 
 2429      2D667261 
 2430 0401 202D666E 		.ascii	" -fno-math-errno -fsingle-precision-constant\000"
 2430      6F2D6D61 
 2430      74682D65 
 2430      72726E6F 
 2430      202D6673 
 2431              	.LASF68:
 2432 042e 5F686561 		.ascii	"_heap_init\000"
 2432      705F696E 
 2432      697400
 2433              	.LASF51:
 2434 0439 6D5F6F77 		.ascii	"m_owner\000"
 2434      6E657200 
 2435              	.LASF29:
 2436 0441 705F6374 		.ascii	"p_ctx\000"
 2436      7800
 2437              	.LASF36:
 2438 0447 705F7761 		.ascii	"p_waiting\000"
 2438      6974696E 
 2438      6700
 2439              	.LASF55:
 2440 0451 6D656D6F 		.ascii	"memory_heap\000"
 2440      72795F68 
 2440      65617000 
 2441              		.ident	"GCC: (GNU Tools for ARM Embedded Processors) 4.9.3 20150529 (release) [ARM/embedded-4_9-br
ARM GAS  /tmp/ccWt1xEo.s 			page 47


DEFINED SYMBOLS
                            *ABS*:00000000 chheap.c
     /tmp/ccWt1xEo.s:20     .text:00000000 $t
     /tmp/ccWt1xEo.s:26     .text:00000000 _heap_init
     /tmp/ccWt1xEo.s:51     .text:00000014 $d
     /tmp/ccWt1xEo.s:56     .text:0000001c $t
     /tmp/ccWt1xEo.s:62     .text:00000020 chHeapInit
     /tmp/ccWt1xEo.s:101    .text:00000040 chHeapAlloc
     /tmp/ccWt1xEo.s:223    .text:000000bc $d
     /tmp/ccWt1xEo.s:227    .text:000000c0 $t
     /tmp/ccWt1xEo.s:233    .text:000000c0 chHeapFree
     /tmp/ccWt1xEo.s:371    .text:00000150 chHeapStatus
     /tmp/ccWt1xEo.s:441    .text:0000018c $d
     /tmp/ccWt1xEo.s:446    .bss:00000000 $d
     /tmp/ccWt1xEo.s:450    .bss:00000000 default_heap
                     .debug_frame:00000010 $d

UNDEFINED SYMBOLS
chMtxInit
chCoreAlloc
chMtxLock
chMtxUnlock
