ARM GAS  /tmp/ccnszjMb.s 			page 1


   1              		.syntax unified
   2              		.cpu cortex-m4
   3              		.eabi_attribute 27, 1
   4              		.eabi_attribute 28, 1
   5              		.fpu fpv4-sp-d16
   6              		.eabi_attribute 20, 1
   7              		.eabi_attribute 21, 1
   8              		.eabi_attribute 23, 3
   9              		.eabi_attribute 24, 1
  10              		.eabi_attribute 25, 1
  11              		.eabi_attribute 26, 1
  12              		.eabi_attribute 30, 2
  13              		.eabi_attribute 34, 1
  14              		.eabi_attribute 18, 4
  15              		.thumb
  16              		.file	"chmboxes.c"
  17              		.text
  18              	.Ltext0:
  19              		.cfi_sections	.debug_frame
  20              	.Letext0:
  21              		.section	.debug_info,"",%progbits
  22              	.Ldebug_info0:
  23 0000 71000000 		.4byte	0x71
  24 0004 0400     		.2byte	0x4
  25 0006 00000000 		.4byte	.Ldebug_abbrev0
  26 000a 04       		.byte	0x4
  27 000b 01       		.uleb128 0x1
  28 000c 56000000 		.4byte	.LASF12
  29 0010 01       		.byte	0x1
  30 0011 66010000 		.4byte	.LASF13
  31 0015 00000000 		.4byte	.Ldebug_line0
  32 0019 02       		.uleb128 0x2
  33 001a 04       		.byte	0x4
  34 001b 05       		.byte	0x5
  35 001c 696E7400 		.ascii	"int\000"
  36 0020 03       		.uleb128 0x3
  37 0021 04       		.byte	0x4
  38 0022 07       		.byte	0x7
  39 0023 00000000 		.4byte	.LASF0
  40 0027 03       		.uleb128 0x3
  41 0028 01       		.byte	0x1
  42 0029 06       		.byte	0x6
  43 002a 2D000000 		.4byte	.LASF1
  44 002e 03       		.uleb128 0x3
  45 002f 01       		.byte	0x1
  46 0030 08       		.byte	0x8
  47 0031 1F000000 		.4byte	.LASF2
  48 0035 03       		.uleb128 0x3
  49 0036 02       		.byte	0x2
  50 0037 05       		.byte	0x5
  51 0038 4C000000 		.4byte	.LASF3
  52 003c 03       		.uleb128 0x3
  53 003d 02       		.byte	0x2
  54 003e 07       		.byte	0x7
  55 003f 39000000 		.4byte	.LASF4
  56 0043 03       		.uleb128 0x3
  57 0044 04       		.byte	0x4
ARM GAS  /tmp/ccnszjMb.s 			page 2


  58 0045 05       		.byte	0x5
  59 0046 DD010000 		.4byte	.LASF5
  60 004a 03       		.uleb128 0x3
  61 004b 04       		.byte	0x4
  62 004c 07       		.byte	0x7
  63 004d 0D000000 		.4byte	.LASF6
  64 0051 03       		.uleb128 0x3
  65 0052 08       		.byte	0x8
  66 0053 05       		.byte	0x5
  67 0054 F4010000 		.4byte	.LASF7
  68 0058 03       		.uleb128 0x3
  69 0059 08       		.byte	0x8
  70 005a 07       		.byte	0x7
  71 005b 4F010000 		.4byte	.LASF8
  72 005f 03       		.uleb128 0x3
  73 0060 01       		.byte	0x1
  74 0061 02       		.byte	0x2
  75 0062 D7010000 		.4byte	.LASF9
  76 0066 03       		.uleb128 0x3
  77 0067 04       		.byte	0x4
  78 0068 07       		.byte	0x7
  79 0069 E6010000 		.4byte	.LASF10
  80 006d 03       		.uleb128 0x3
  81 006e 01       		.byte	0x1
  82 006f 08       		.byte	0x8
  83 0070 EF010000 		.4byte	.LASF11
  84 0074 00       		.byte	0
  85              		.section	.debug_abbrev,"",%progbits
  86              	.Ldebug_abbrev0:
  87 0000 01       		.uleb128 0x1
  88 0001 11       		.uleb128 0x11
  89 0002 01       		.byte	0x1
  90 0003 25       		.uleb128 0x25
  91 0004 0E       		.uleb128 0xe
  92 0005 13       		.uleb128 0x13
  93 0006 0B       		.uleb128 0xb
  94 0007 03       		.uleb128 0x3
  95 0008 0E       		.uleb128 0xe
  96 0009 10       		.uleb128 0x10
  97 000a 17       		.uleb128 0x17
  98 000b 00       		.byte	0
  99 000c 00       		.byte	0
 100 000d 02       		.uleb128 0x2
 101 000e 24       		.uleb128 0x24
 102 000f 00       		.byte	0
 103 0010 0B       		.uleb128 0xb
 104 0011 0B       		.uleb128 0xb
 105 0012 3E       		.uleb128 0x3e
 106 0013 0B       		.uleb128 0xb
 107 0014 03       		.uleb128 0x3
 108 0015 08       		.uleb128 0x8
 109 0016 00       		.byte	0
 110 0017 00       		.byte	0
 111 0018 03       		.uleb128 0x3
 112 0019 24       		.uleb128 0x24
 113 001a 00       		.byte	0
 114 001b 0B       		.uleb128 0xb
ARM GAS  /tmp/ccnszjMb.s 			page 3


 115 001c 0B       		.uleb128 0xb
 116 001d 3E       		.uleb128 0x3e
 117 001e 0B       		.uleb128 0xb
 118 001f 03       		.uleb128 0x3
 119 0020 0E       		.uleb128 0xe
 120 0021 00       		.byte	0
 121 0022 00       		.byte	0
 122 0023 00       		.byte	0
 123              		.section	.debug_aranges,"",%progbits
 124 0000 14000000 		.4byte	0x14
 125 0004 0200     		.2byte	0x2
 126 0006 00000000 		.4byte	.Ldebug_info0
 127 000a 04       		.byte	0x4
 128 000b 00       		.byte	0
 129 000c 0000     		.2byte	0
 130 000e 0000     		.2byte	0
 131 0010 00000000 		.4byte	0
 132 0014 00000000 		.4byte	0
 133              		.section	.debug_line,"",%progbits
 134              	.Ldebug_line0:
 135 0000 19000000 		.section	.debug_str,"MS",%progbits,1
 135      02001300 
 135      00000201 
 135      FB0E0D00 
 135      01010101 
 136              	.LASF0:
 137 0000 756E7369 		.ascii	"unsigned int\000"
 137      676E6564 
 137      20696E74 
 137      00
 138              	.LASF6:
 139 000d 6C6F6E67 		.ascii	"long unsigned int\000"
 139      20756E73 
 139      69676E65 
 139      6420696E 
 139      7400
 140              	.LASF2:
 141 001f 756E7369 		.ascii	"unsigned char\000"
 141      676E6564 
 141      20636861 
 141      7200
 142              	.LASF1:
 143 002d 7369676E 		.ascii	"signed char\000"
 143      65642063 
 143      68617200 
 144              	.LASF4:
 145 0039 73686F72 		.ascii	"short unsigned int\000"
 145      7420756E 
 145      7369676E 
 145      65642069 
 145      6E7400
 146              	.LASF3:
 147 004c 73686F72 		.ascii	"short int\000"
 147      7420696E 
 147      7400
 148              	.LASF12:
 149 0056 474E5520 		.ascii	"GNU C 4.9.3 20150529 (release) [ARM/embedded-4_9-br"
ARM GAS  /tmp/ccnszjMb.s 			page 4


 149      4320342E 
 149      392E3320 
 149      32303135 
 149      30353239 
 150 0089 616E6368 		.ascii	"anch revision 224288] -mcpu=cortex-m4 -mfloat-abi=h"
 150      20726576 
 150      6973696F 
 150      6E203232 
 150      34323838 
 151 00bc 61726420 		.ascii	"ard -mfpu=fpv4-sp-d16 -mno-thumb-interwork -mthumb "
 151      2D6D6670 
 151      753D6670 
 151      76342D73 
 151      702D6431 
 152 00ef 2D676764 		.ascii	"-ggdb -O2 -fomit-frame-pointer -falign-functions=16"
 152      62202D4F 
 152      32202D66 
 152      6F6D6974 
 152      2D667261 
 153 0122 202D666E 		.ascii	" -fno-math-errno -fsingle-precision-constant\000"
 153      6F2D6D61 
 153      74682D65 
 153      72726E6F 
 153      202D6673 
 154              	.LASF8:
 155 014f 6C6F6E67 		.ascii	"long long unsigned int\000"
 155      206C6F6E 
 155      6720756E 
 155      7369676E 
 155      65642069 
 156              	.LASF13:
 157 0166 2F686F6D 		.ascii	"/home/sbcu/Dropbox/pcb-layouts/axo-on-discovery-boa"
 157      652F7362 
 157      63752F44 
 157      726F7062 
 157      6F782F70 
 158 0199 72642F61 		.ascii	"rd/axoloti/platform_linux/../chibios/os/kernel/src/"
 158      786F6C6F 
 158      74692F70 
 158      6C617466 
 158      6F726D5F 
 159 01cc 63686D62 		.ascii	"chmboxes.c\000"
 159      6F786573 
 159      2E6300
 160              	.LASF9:
 161 01d7 5F426F6F 		.ascii	"_Bool\000"
 161      6C00
 162              	.LASF5:
 163 01dd 6C6F6E67 		.ascii	"long int\000"
 163      20696E74 
 163      00
 164              	.LASF10:
 165 01e6 73697A65 		.ascii	"sizetype\000"
 165      74797065 
 165      00
 166              	.LASF11:
 167 01ef 63686172 		.ascii	"char\000"
ARM GAS  /tmp/ccnszjMb.s 			page 5


 167      00
 168              	.LASF7:
 169 01f4 6C6F6E67 		.ascii	"long long int\000"
 169      206C6F6E 
 169      6720696E 
 169      7400
 170              		.ident	"GCC: (GNU Tools for ARM Embedded Processors) 4.9.3 20150529 (release) [ARM/embedded-4_9-br
ARM GAS  /tmp/ccnszjMb.s 			page 6


DEFINED SYMBOLS
                            *ABS*:00000000 chmboxes.c

NO UNDEFINED SYMBOLS
