ARM GAS  /tmp/ccr3Eqb7.s 			page 1


   1              		.syntax unified
   2              		.cpu cortex-m4
   3              		.eabi_attribute 27, 1
   4              		.eabi_attribute 28, 1
   5              		.fpu fpv4-sp-d16
   6              		.eabi_attribute 20, 1
   7              		.eabi_attribute 21, 1
   8              		.eabi_attribute 23, 3
   9              		.eabi_attribute 24, 1
  10              		.eabi_attribute 25, 1
  11              		.eabi_attribute 26, 1
  12              		.eabi_attribute 30, 2
  13              		.eabi_attribute 34, 1
  14              		.eabi_attribute 18, 4
  15              		.thumb
  16              		.file	"chmsg.c"
  17              		.text
  18              	.Ltext0:
  19              		.cfi_sections	.debug_frame
  20              		.align	2
  21              		.p2align 4,,15
  22              		.global	chMsgSend
  23              		.thumb
  24              		.thumb_func
  25              		.type	chMsgSend, %function
  26              	chMsgSend:
  27              	.LFB7:
  28              		.file 1 "/d_drive/axoloti/platform_linux/../chibios/os/kernel/src/chmsg.c"
  29              		.loc 1 75 0
  30              		.cfi_startproc
  31              		@ args = 0, pretend = 0, frame = 0
  32              		@ frame_needed = 0, uses_anonymous_args = 0
  33              	.LVL0:
  34              		.loc 1 76 0
  35 0000 0E4B     		ldr	r3, .L6
  36              		.loc 1 75 0
  37 0002 70B5     		push	{r4, r5, r6, lr}
  38              		.cfi_def_cfa_offset 16
  39              		.cfi_offset 4, -16
  40              		.cfi_offset 5, -12
  41              		.cfi_offset 6, -8
  42              		.cfi_offset 14, -4
  43              		.loc 1 76 0
  44 0004 9C69     		ldr	r4, [r3, #24]
  45              	.LVL1:
  46              	.LBB10:
  47              		.loc 1 80 0
  48 0006 2023     		movs	r3, #32
  49              	@ 80 "/d_drive/axoloti/platform_linux/../chibios/os/kernel/src/chmsg.c" 1
  50 0008 83F31188 		msr     BASEPRI, r3
  51              	@ 0 "" 2
  52              		.thumb
  53              	.LBE10:
  54              		.loc 1 82 0
  55 000c 00F12805 		add	r5, r0, #40
  56              		.loc 1 84 0
  57 0010 067F     		ldrb	r6, [r0, #28]	@ zero_extendqisi2
ARM GAS  /tmp/ccr3Eqb7.s 			page 2


  58              		.loc 1 82 0
  59 0012 2562     		str	r5, [r4, #32]
  60              	.LVL2:
  61              	.LBB11:
  62              	.LBB12:
  63              		.file 2 "/d_drive/axoloti/platform_linux/../chibios/os/kernel/include/chinline.h"
  64              		.loc 2 55 0
  65 0014 C36A     		ldr	r3, [r0, #44]
  66 0016 6360     		str	r3, [r4, #4]
  67              	.LBE12:
  68              	.LBE11:
  69              		.loc 1 84 0
  70 0018 0C2E     		cmp	r6, #12
  71              		.loc 1 81 0
  72 001a 2163     		str	r1, [r4, #48]
  73              	.LBB14:
  74              	.LBB13:
  75              		.loc 2 54 0
  76 001c 2560     		str	r5, [r4]
  77              		.loc 2 56 0
  78 001e C462     		str	r4, [r0, #44]
  79 0020 1C60     		str	r4, [r3]
  80              	.LBE13:
  81              	.LBE14:
  82              		.loc 1 84 0
  83 0022 07D0     		beq	.L5
  84              	.LVL3:
  85              	.L2:
  86              		.loc 1 86 0
  87 0024 0A20     		movs	r0, #10
  88 0026 FFF7FEFF 		bl	chSchGoSleepS
  89              	.LVL4:
  90              		.loc 1 87 0
  91 002a 206A     		ldr	r0, [r4, #32]
  92              	.LVL5:
  93              	.LBB15:
  94              		.loc 1 88 0
  95 002c 0023     		movs	r3, #0
  96              	@ 88 "/d_drive/axoloti/platform_linux/../chibios/os/kernel/src/chmsg.c" 1
  97 002e 83F31188 		msr     BASEPRI, r3
  98              	@ 0 "" 2
  99              		.thumb
 100              	.LBE15:
 101              		.loc 1 90 0
 102 0032 70BD     		pop	{r4, r5, r6, pc}
 103              	.LVL6:
 104              	.L5:
 105              		.loc 1 85 0
 106 0034 FFF7FEFF 		bl	chSchReadyI
 107              	.LVL7:
 108 0038 F4E7     		b	.L2
 109              	.L7:
 110 003a 00BF     		.align	2
 111              	.L6:
 112 003c 00000000 		.word	rlist
 113              		.cfi_endproc
 114              	.LFE7:
ARM GAS  /tmp/ccr3Eqb7.s 			page 3


 115              		.size	chMsgSend, .-chMsgSend
 116              		.align	2
 117              		.p2align 4,,15
 118              		.global	chMsgWait
 119              		.thumb
 120              		.thumb_func
 121              		.type	chMsgWait, %function
 122              	chMsgWait:
 123              	.LFB8:
 124              		.loc 1 106 0
 125              		.cfi_startproc
 126              		@ args = 0, pretend = 0, frame = 0
 127              		@ frame_needed = 0, uses_anonymous_args = 0
 128 0040 10B5     		push	{r4, lr}
 129              		.cfi_def_cfa_offset 8
 130              		.cfi_offset 4, -8
 131              		.cfi_offset 14, -4
 132              	.LBB16:
 133              		.loc 1 109 0
 134 0042 2023     		movs	r3, #32
 135              	@ 109 "/d_drive/axoloti/platform_linux/../chibios/os/kernel/src/chmsg.c" 1
 136 0044 83F31188 		msr     BASEPRI, r3
 137              	@ 0 "" 2
 138              		.thumb
 139              	.LBE16:
 140              		.loc 1 110 0
 141 0048 0B4C     		ldr	r4, .L12
 142 004a A269     		ldr	r2, [r4, #24]
 143 004c 1346     		mov	r3, r2
 144 004e 53F8280F 		ldr	r0, [r3, #40]!
 145 0052 9842     		cmp	r0, r3
 146 0054 08D0     		beq	.L11
 147              	.L9:
 148              	.LVL8:
 149              	.LBB17:
 150              	.LBB18:
 151              		.loc 2 62 0
 152 0056 0168     		ldr	r1, [r0]
 153 0058 9162     		str	r1, [r2, #40]
 154              	.LBE18:
 155              	.LBE17:
 156              		.loc 1 113 0
 157 005a 0B22     		movs	r2, #11
 158              	.LBB20:
 159              	.LBB19:
 160              		.loc 2 62 0
 161 005c 4B60     		str	r3, [r1, #4]
 162              	.LBE19:
 163              	.LBE20:
 164              	.LBB21:
 165              		.loc 1 114 0
 166 005e 0023     		movs	r3, #0
 167              	.LVL9:
 168              	.LBE21:
 169              		.loc 1 113 0
 170 0060 0277     		strb	r2, [r0, #28]
 171              	.LBB22:
ARM GAS  /tmp/ccr3Eqb7.s 			page 4


 172              		.loc 1 114 0
 173              	@ 114 "/d_drive/axoloti/platform_linux/../chibios/os/kernel/src/chmsg.c" 1
 174 0062 83F31188 		msr     BASEPRI, r3
 175              	@ 0 "" 2
 176              		.thumb
 177              	.LBE22:
 178              		.loc 1 116 0
 179 0066 10BD     		pop	{r4, pc}
 180              	.LVL10:
 181              	.L11:
 182              		.loc 1 111 0
 183 0068 0C20     		movs	r0, #12
 184 006a FFF7FEFF 		bl	chSchGoSleepS
 185              	.LVL11:
 186 006e A269     		ldr	r2, [r4, #24]
 187 0070 906A     		ldr	r0, [r2, #40]
 188 0072 02F12803 		add	r3, r2, #40
 189 0076 EEE7     		b	.L9
 190              	.L13:
 191              		.align	2
 192              	.L12:
 193 0078 00000000 		.word	rlist
 194              		.cfi_endproc
 195              	.LFE8:
 196              		.size	chMsgWait, .-chMsgWait
 197              		.align	2
 198 007c AFF30080 		.p2align 4,,15
 199              		.global	chMsgRelease
 200              		.thumb
 201              		.thumb_func
 202              		.type	chMsgRelease, %function
 203              	chMsgRelease:
 204              	.LFB9:
 205              		.loc 1 128 0
 206              		.cfi_startproc
 207              		@ args = 0, pretend = 0, frame = 0
 208              		@ frame_needed = 0, uses_anonymous_args = 0
 209              	.LVL12:
 210 0080 08B5     		push	{r3, lr}
 211              		.cfi_def_cfa_offset 8
 212              		.cfi_offset 3, -8
 213              		.cfi_offset 14, -4
 214              	.LBB23:
 215              		.loc 1 130 0
 216 0082 2023     		movs	r3, #32
 217              	@ 130 "/d_drive/axoloti/platform_linux/../chibios/os/kernel/src/chmsg.c" 1
 218 0084 83F31188 		msr     BASEPRI, r3
 219              	@ 0 "" 2
 220              		.thumb
 221              	.LBE23:
 222              		.loc 1 133 0
 223 0088 FFF7FEFF 		bl	chSchWakeupS
 224              	.LVL13:
 225              	.LBB24:
 226              		.loc 1 134 0
 227 008c 0023     		movs	r3, #0
 228              	@ 134 "/d_drive/axoloti/platform_linux/../chibios/os/kernel/src/chmsg.c" 1
ARM GAS  /tmp/ccr3Eqb7.s 			page 5


 229 008e 83F31188 		msr     BASEPRI, r3
 230              	@ 0 "" 2
 231              		.thumb
 232 0092 08BD     		pop	{r3, pc}
 233              	.LBE24:
 234              		.cfi_endproc
 235              	.LFE9:
 236              		.size	chMsgRelease, .-chMsgRelease
 237              	.Letext0:
 238              		.file 3 "/d_drive/axoloti/platform_linux/arm-none-eabi/include/machine/_default_types.h"
 239              		.file 4 "/d_drive/axoloti/platform_linux/arm-none-eabi/include/sys/_stdint.h"
 240              		.file 5 "/d_drive/axoloti/platform_linux/../chibios/os/ports/GCC/ARMCMx/chtypes.h"
 241              		.file 6 "/d_drive/axoloti/platform_linux/../chibios/os/kernel/include/chlists.h"
 242              		.file 7 "/d_drive/axoloti/platform_linux/../chibios/os/kernel/include/chthreads.h"
 243              		.file 8 "/d_drive/axoloti/platform_linux/../chibios/os/ports/GCC/ARMCMx/chcore_v7m.h"
 244              		.file 9 "/d_drive/axoloti/platform_linux/../chibios/os/kernel/include/chschd.h"
 245              		.file 10 "/d_drive/axoloti/platform_linux/../chibios/os/kernel/include/chmtx.h"
 246              		.section	.debug_info,"",%progbits
 247              	.Ldebug_info0:
 248 0000 EC060000 		.4byte	0x6ec
 249 0004 0400     		.2byte	0x4
 250 0006 00000000 		.4byte	.Ldebug_abbrev0
 251 000a 04       		.byte	0x4
 252 000b 01       		.uleb128 0x1
 253 000c C8020000 		.4byte	.LASF63
 254 0010 01       		.byte	0x1
 255 0011 06000000 		.4byte	.LASF64
 256 0015 00000000 		.4byte	.Ltext0
 257 0019 94000000 		.4byte	.Letext0-.Ltext0
 258 001d 00000000 		.4byte	.Ldebug_line0
 259 0021 02       		.uleb128 0x2
 260 0022 04       		.byte	0x4
 261 0023 05       		.byte	0x5
 262 0024 696E7400 		.ascii	"int\000"
 263 0028 03       		.uleb128 0x3
 264 0029 04       		.byte	0x4
 265 002a 07       		.byte	0x7
 266 002b F0000000 		.4byte	.LASF0
 267 002f 03       		.uleb128 0x3
 268 0030 01       		.byte	0x1
 269 0031 06       		.byte	0x6
 270 0032 91000000 		.4byte	.LASF1
 271 0036 04       		.uleb128 0x4
 272 0037 5B000000 		.4byte	.LASF5
 273 003b 03       		.byte	0x3
 274 003c 1D       		.byte	0x1d
 275 003d 41000000 		.4byte	0x41
 276 0041 03       		.uleb128 0x3
 277 0042 01       		.byte	0x1
 278 0043 08       		.byte	0x8
 279 0044 A9010000 		.4byte	.LASF2
 280 0048 03       		.uleb128 0x3
 281 0049 02       		.byte	0x2
 282 004a 05       		.byte	0x5
 283 004b C1010000 		.4byte	.LASF3
 284 004f 03       		.uleb128 0x3
 285 0050 02       		.byte	0x2
ARM GAS  /tmp/ccr3Eqb7.s 			page 6


 286 0051 07       		.byte	0x7
 287 0052 0F010000 		.4byte	.LASF4
 288 0056 04       		.uleb128 0x4
 289 0057 67020000 		.4byte	.LASF6
 290 005b 03       		.byte	0x3
 291 005c 3F       		.byte	0x3f
 292 005d 61000000 		.4byte	0x61
 293 0061 03       		.uleb128 0x3
 294 0062 04       		.byte	0x4
 295 0063 05       		.byte	0x5
 296 0064 AF000000 		.4byte	.LASF7
 297 0068 04       		.uleb128 0x4
 298 0069 DC000000 		.4byte	.LASF8
 299 006d 03       		.byte	0x3
 300 006e 41       		.byte	0x41
 301 006f 73000000 		.4byte	0x73
 302 0073 03       		.uleb128 0x3
 303 0074 04       		.byte	0x4
 304 0075 07       		.byte	0x7
 305 0076 FD000000 		.4byte	.LASF9
 306 007a 03       		.uleb128 0x3
 307 007b 08       		.byte	0x8
 308 007c 05       		.byte	0x5
 309 007d 83000000 		.4byte	.LASF10
 310 0081 03       		.uleb128 0x3
 311 0082 08       		.byte	0x8
 312 0083 07       		.byte	0x7
 313 0084 65000000 		.4byte	.LASF11
 314 0088 04       		.uleb128 0x4
 315 0089 B9020000 		.4byte	.LASF12
 316 008d 04       		.byte	0x4
 317 008e 14       		.byte	0x14
 318 008f 36000000 		.4byte	0x36
 319 0093 04       		.uleb128 0x4
 320 0094 A1010000 		.4byte	.LASF13
 321 0098 04       		.byte	0x4
 322 0099 1F       		.byte	0x1f
 323 009a 56000000 		.4byte	0x56
 324 009e 04       		.uleb128 0x4
 325 009f 27020000 		.4byte	.LASF14
 326 00a3 04       		.byte	0x4
 327 00a4 20       		.byte	0x20
 328 00a5 68000000 		.4byte	0x68
 329 00a9 03       		.uleb128 0x3
 330 00aa 01       		.byte	0x1
 331 00ab 02       		.byte	0x2
 332 00ac 9B010000 		.4byte	.LASF15
 333 00b0 04       		.uleb128 0x4
 334 00b1 30010000 		.4byte	.LASF16
 335 00b5 05       		.byte	0x5
 336 00b6 2C       		.byte	0x2c
 337 00b7 88000000 		.4byte	0x88
 338 00bb 04       		.uleb128 0x4
 339 00bc C2000000 		.4byte	.LASF17
 340 00c0 05       		.byte	0x5
 341 00c1 2D       		.byte	0x2d
 342 00c2 88000000 		.4byte	0x88
ARM GAS  /tmp/ccr3Eqb7.s 			page 7


 343 00c6 04       		.uleb128 0x4
 344 00c7 A5000000 		.4byte	.LASF18
 345 00cb 05       		.byte	0x5
 346 00cc 2F       		.byte	0x2f
 347 00cd 88000000 		.4byte	0x88
 348 00d1 04       		.uleb128 0x4
 349 00d2 93010000 		.4byte	.LASF19
 350 00d6 05       		.byte	0x5
 351 00d7 30       		.byte	0x30
 352 00d8 9E000000 		.4byte	0x9e
 353 00dc 04       		.uleb128 0x4
 354 00dd 22010000 		.4byte	.LASF20
 355 00e1 05       		.byte	0x5
 356 00e2 31       		.byte	0x31
 357 00e3 93000000 		.4byte	0x93
 358 00e7 04       		.uleb128 0x4
 359 00e8 44010000 		.4byte	.LASF21
 360 00ec 05       		.byte	0x5
 361 00ed 33       		.byte	0x33
 362 00ee 9E000000 		.4byte	0x9e
 363 00f2 04       		.uleb128 0x4
 364 00f3 FA010000 		.4byte	.LASF22
 365 00f7 06       		.byte	0x6
 366 00f8 2A       		.byte	0x2a
 367 00f9 FD000000 		.4byte	0xfd
 368 00fd 05       		.uleb128 0x5
 369 00fe FA010000 		.4byte	.LASF22
 370 0102 40       		.byte	0x40
 371 0103 07       		.byte	0x7
 372 0104 5E       		.byte	0x5e
 373 0105 D6010000 		.4byte	0x1d6
 374 0109 06       		.uleb128 0x6
 375 010a EB010000 		.4byte	.LASF23
 376 010e 07       		.byte	0x7
 377 010f 5F       		.byte	0x5f
 378 0110 F7010000 		.4byte	0x1f7
 379 0114 00       		.byte	0
 380 0115 06       		.uleb128 0x6
 381 0116 8C010000 		.4byte	.LASF24
 382 011a 07       		.byte	0x7
 383 011b 61       		.byte	0x61
 384 011c F7010000 		.4byte	0x1f7
 385 0120 04       		.byte	0x4
 386 0121 06       		.uleb128 0x6
 387 0122 7C000000 		.4byte	.LASF25
 388 0126 07       		.byte	0x7
 389 0127 63       		.byte	0x63
 390 0128 D1000000 		.4byte	0xd1
 391 012c 08       		.byte	0x8
 392 012d 06       		.uleb128 0x6
 393 012e C9030000 		.4byte	.LASF26
 394 0132 07       		.byte	0x7
 395 0133 64       		.byte	0x64
 396 0134 81030000 		.4byte	0x381
 397 0138 0C       		.byte	0xc
 398 0139 06       		.uleb128 0x6
 399 013a CB000000 		.4byte	.LASF27
ARM GAS  /tmp/ccr3Eqb7.s 			page 8


 400 013e 07       		.byte	0x7
 401 013f 66       		.byte	0x66
 402 0140 F7010000 		.4byte	0x1f7
 403 0144 10       		.byte	0x10
 404 0145 06       		.uleb128 0x6
 405 0146 5F010000 		.4byte	.LASF28
 406 014a 07       		.byte	0x7
 407 014b 67       		.byte	0x67
 408 014c F7010000 		.4byte	0x1f7
 409 0150 14       		.byte	0x14
 410 0151 06       		.uleb128 0x6
 411 0152 A2020000 		.4byte	.LASF29
 412 0156 07       		.byte	0x7
 413 0157 6E       		.byte	0x6e
 414 0158 7C040000 		.4byte	0x47c
 415 015c 18       		.byte	0x18
 416 015d 06       		.uleb128 0x6
 417 015e CB010000 		.4byte	.LASF30
 418 0162 07       		.byte	0x7
 419 0163 79       		.byte	0x79
 420 0164 BB000000 		.4byte	0xbb
 421 0168 1C       		.byte	0x1c
 422 0169 06       		.uleb128 0x6
 423 016a F2010000 		.4byte	.LASF31
 424 016e 07       		.byte	0x7
 425 016f 7D       		.byte	0x7d
 426 0170 B0000000 		.4byte	0xb0
 427 0174 1D       		.byte	0x1d
 428 0175 06       		.uleb128 0x6
 429 0176 D3010000 		.4byte	.LASF32
 430 017a 07       		.byte	0x7
 431 017b 88       		.byte	0x88
 432 017c C6000000 		.4byte	0xc6
 433 0180 1E       		.byte	0x1e
 434 0181 07       		.uleb128 0x7
 435 0182 705F7500 		.ascii	"p_u\000"
 436 0186 07       		.byte	0x7
 437 0187 B4       		.byte	0xb4
 438 0188 47040000 		.4byte	0x447
 439 018c 20       		.byte	0x20
 440 018d 06       		.uleb128 0x6
 441 018e CF030000 		.4byte	.LASF33
 442 0192 07       		.byte	0x7
 443 0193 B9       		.byte	0xb9
 444 0194 1D020000 		.4byte	0x21d
 445 0198 24       		.byte	0x24
 446 0199 06       		.uleb128 0x6
 447 019a 80020000 		.4byte	.LASF34
 448 019e 07       		.byte	0x7
 449 019f BF       		.byte	0xbf
 450 01a0 FD010000 		.4byte	0x1fd
 451 01a4 28       		.byte	0x28
 452 01a5 06       		.uleb128 0x6
 453 01a6 00000000 		.4byte	.LASF35
 454 01aa 07       		.byte	0x7
 455 01ab C3       		.byte	0xc3
 456 01ac DC000000 		.4byte	0xdc
ARM GAS  /tmp/ccr3Eqb7.s 			page 9


 457 01b0 30       		.byte	0x30
 458 01b1 06       		.uleb128 0x6
 459 01b2 1C020000 		.4byte	.LASF36
 460 01b6 07       		.byte	0x7
 461 01b7 C9       		.byte	0xc9
 462 01b8 E7000000 		.4byte	0xe7
 463 01bc 34       		.byte	0x34
 464 01bd 06       		.uleb128 0x6
 465 01be B7010000 		.4byte	.LASF37
 466 01c2 07       		.byte	0x7
 467 01c3 D0       		.byte	0xd0
 468 01c4 8E040000 		.4byte	0x48e
 469 01c8 38       		.byte	0x38
 470 01c9 06       		.uleb128 0x6
 471 01ca 5C020000 		.4byte	.LASF38
 472 01ce 07       		.byte	0x7
 473 01cf D4       		.byte	0xd4
 474 01d0 D1000000 		.4byte	0xd1
 475 01d4 3C       		.byte	0x3c
 476 01d5 00       		.byte	0
 477 01d6 08       		.uleb128 0x8
 478 01d7 08       		.byte	0x8
 479 01d8 06       		.byte	0x6
 480 01d9 61       		.byte	0x61
 481 01da F7010000 		.4byte	0x1f7
 482 01de 06       		.uleb128 0x6
 483 01df EB010000 		.4byte	.LASF23
 484 01e3 06       		.byte	0x6
 485 01e4 62       		.byte	0x62
 486 01e5 F7010000 		.4byte	0x1f7
 487 01e9 00       		.byte	0
 488 01ea 06       		.uleb128 0x6
 489 01eb 8C010000 		.4byte	.LASF24
 490 01ef 06       		.byte	0x6
 491 01f0 64       		.byte	0x64
 492 01f1 F7010000 		.4byte	0x1f7
 493 01f5 04       		.byte	0x4
 494 01f6 00       		.byte	0
 495 01f7 09       		.uleb128 0x9
 496 01f8 04       		.byte	0x4
 497 01f9 F2000000 		.4byte	0xf2
 498 01fd 04       		.uleb128 0x4
 499 01fe 6D010000 		.4byte	.LASF39
 500 0202 06       		.byte	0x6
 501 0203 66       		.byte	0x66
 502 0204 D6010000 		.4byte	0x1d6
 503 0208 08       		.uleb128 0x8
 504 0209 04       		.byte	0x4
 505 020a 06       		.byte	0x6
 506 020b 6B       		.byte	0x6b
 507 020c 1D020000 		.4byte	0x21d
 508 0210 06       		.uleb128 0x6
 509 0211 EB010000 		.4byte	.LASF23
 510 0215 06       		.byte	0x6
 511 0216 6D       		.byte	0x6d
 512 0217 F7010000 		.4byte	0x1f7
 513 021b 00       		.byte	0
ARM GAS  /tmp/ccr3Eqb7.s 			page 10


 514 021c 00       		.byte	0
 515 021d 04       		.uleb128 0x4
 516 021e 38010000 		.4byte	.LASF40
 517 0222 06       		.byte	0x6
 518 0223 70       		.byte	0x70
 519 0224 08020000 		.4byte	0x208
 520 0228 04       		.uleb128 0x4
 521 0229 E7000000 		.4byte	.LASF41
 522 022d 08       		.byte	0x8
 523 022e E5       		.byte	0xe5
 524 022f 33020000 		.4byte	0x233
 525 0233 0A       		.uleb128 0xa
 526 0234 04       		.byte	0x4
 527 0235 0B       		.uleb128 0xb
 528 0236 79020000 		.4byte	.LASF42
 529 023a 64       		.byte	0x64
 530 023b 08       		.byte	0x8
 531 023c 0C01     		.2byte	0x10c
 532 023e 81030000 		.4byte	0x381
 533 0242 0C       		.uleb128 0xc
 534 0243 73313600 		.ascii	"s16\000"
 535 0247 08       		.byte	0x8
 536 0248 0E01     		.2byte	0x10e
 537 024a 28020000 		.4byte	0x228
 538 024e 00       		.byte	0
 539 024f 0C       		.uleb128 0xc
 540 0250 73313700 		.ascii	"s17\000"
 541 0254 08       		.byte	0x8
 542 0255 0F01     		.2byte	0x10f
 543 0257 28020000 		.4byte	0x228
 544 025b 04       		.byte	0x4
 545 025c 0C       		.uleb128 0xc
 546 025d 73313800 		.ascii	"s18\000"
 547 0261 08       		.byte	0x8
 548 0262 1001     		.2byte	0x110
 549 0264 28020000 		.4byte	0x228
 550 0268 08       		.byte	0x8
 551 0269 0C       		.uleb128 0xc
 552 026a 73313900 		.ascii	"s19\000"
 553 026e 08       		.byte	0x8
 554 026f 1101     		.2byte	0x111
 555 0271 28020000 		.4byte	0x228
 556 0275 0C       		.byte	0xc
 557 0276 0C       		.uleb128 0xc
 558 0277 73323000 		.ascii	"s20\000"
 559 027b 08       		.byte	0x8
 560 027c 1201     		.2byte	0x112
 561 027e 28020000 		.4byte	0x228
 562 0282 10       		.byte	0x10
 563 0283 0C       		.uleb128 0xc
 564 0284 73323100 		.ascii	"s21\000"
 565 0288 08       		.byte	0x8
 566 0289 1301     		.2byte	0x113
 567 028b 28020000 		.4byte	0x228
 568 028f 14       		.byte	0x14
 569 0290 0C       		.uleb128 0xc
 570 0291 73323200 		.ascii	"s22\000"
ARM GAS  /tmp/ccr3Eqb7.s 			page 11


 571 0295 08       		.byte	0x8
 572 0296 1401     		.2byte	0x114
 573 0298 28020000 		.4byte	0x228
 574 029c 18       		.byte	0x18
 575 029d 0C       		.uleb128 0xc
 576 029e 73323300 		.ascii	"s23\000"
 577 02a2 08       		.byte	0x8
 578 02a3 1501     		.2byte	0x115
 579 02a5 28020000 		.4byte	0x228
 580 02a9 1C       		.byte	0x1c
 581 02aa 0C       		.uleb128 0xc
 582 02ab 73323400 		.ascii	"s24\000"
 583 02af 08       		.byte	0x8
 584 02b0 1601     		.2byte	0x116
 585 02b2 28020000 		.4byte	0x228
 586 02b6 20       		.byte	0x20
 587 02b7 0C       		.uleb128 0xc
 588 02b8 73323500 		.ascii	"s25\000"
 589 02bc 08       		.byte	0x8
 590 02bd 1701     		.2byte	0x117
 591 02bf 28020000 		.4byte	0x228
 592 02c3 24       		.byte	0x24
 593 02c4 0C       		.uleb128 0xc
 594 02c5 73323600 		.ascii	"s26\000"
 595 02c9 08       		.byte	0x8
 596 02ca 1801     		.2byte	0x118
 597 02cc 28020000 		.4byte	0x228
 598 02d0 28       		.byte	0x28
 599 02d1 0C       		.uleb128 0xc
 600 02d2 73323700 		.ascii	"s27\000"
 601 02d6 08       		.byte	0x8
 602 02d7 1901     		.2byte	0x119
 603 02d9 28020000 		.4byte	0x228
 604 02dd 2C       		.byte	0x2c
 605 02de 0C       		.uleb128 0xc
 606 02df 73323800 		.ascii	"s28\000"
 607 02e3 08       		.byte	0x8
 608 02e4 1A01     		.2byte	0x11a
 609 02e6 28020000 		.4byte	0x228
 610 02ea 30       		.byte	0x30
 611 02eb 0C       		.uleb128 0xc
 612 02ec 73323900 		.ascii	"s29\000"
 613 02f0 08       		.byte	0x8
 614 02f1 1B01     		.2byte	0x11b
 615 02f3 28020000 		.4byte	0x228
 616 02f7 34       		.byte	0x34
 617 02f8 0C       		.uleb128 0xc
 618 02f9 73333000 		.ascii	"s30\000"
 619 02fd 08       		.byte	0x8
 620 02fe 1C01     		.2byte	0x11c
 621 0300 28020000 		.4byte	0x228
 622 0304 38       		.byte	0x38
 623 0305 0C       		.uleb128 0xc
 624 0306 73333100 		.ascii	"s31\000"
 625 030a 08       		.byte	0x8
 626 030b 1D01     		.2byte	0x11d
 627 030d 28020000 		.4byte	0x228
ARM GAS  /tmp/ccr3Eqb7.s 			page 12


 628 0311 3C       		.byte	0x3c
 629 0312 0C       		.uleb128 0xc
 630 0313 723400   		.ascii	"r4\000"
 631 0316 08       		.byte	0x8
 632 0317 1F01     		.2byte	0x11f
 633 0319 28020000 		.4byte	0x228
 634 031d 40       		.byte	0x40
 635 031e 0C       		.uleb128 0xc
 636 031f 723500   		.ascii	"r5\000"
 637 0322 08       		.byte	0x8
 638 0323 2001     		.2byte	0x120
 639 0325 28020000 		.4byte	0x228
 640 0329 44       		.byte	0x44
 641 032a 0C       		.uleb128 0xc
 642 032b 723600   		.ascii	"r6\000"
 643 032e 08       		.byte	0x8
 644 032f 2101     		.2byte	0x121
 645 0331 28020000 		.4byte	0x228
 646 0335 48       		.byte	0x48
 647 0336 0C       		.uleb128 0xc
 648 0337 723700   		.ascii	"r7\000"
 649 033a 08       		.byte	0x8
 650 033b 2201     		.2byte	0x122
 651 033d 28020000 		.4byte	0x228
 652 0341 4C       		.byte	0x4c
 653 0342 0C       		.uleb128 0xc
 654 0343 723800   		.ascii	"r8\000"
 655 0346 08       		.byte	0x8
 656 0347 2301     		.2byte	0x123
 657 0349 28020000 		.4byte	0x228
 658 034d 50       		.byte	0x50
 659 034e 0C       		.uleb128 0xc
 660 034f 723900   		.ascii	"r9\000"
 661 0352 08       		.byte	0x8
 662 0353 2401     		.2byte	0x124
 663 0355 28020000 		.4byte	0x228
 664 0359 54       		.byte	0x54
 665 035a 0C       		.uleb128 0xc
 666 035b 72313000 		.ascii	"r10\000"
 667 035f 08       		.byte	0x8
 668 0360 2501     		.2byte	0x125
 669 0362 28020000 		.4byte	0x228
 670 0366 58       		.byte	0x58
 671 0367 0C       		.uleb128 0xc
 672 0368 72313100 		.ascii	"r11\000"
 673 036c 08       		.byte	0x8
 674 036d 2601     		.2byte	0x126
 675 036f 28020000 		.4byte	0x228
 676 0373 5C       		.byte	0x5c
 677 0374 0C       		.uleb128 0xc
 678 0375 6C7200   		.ascii	"lr\000"
 679 0378 08       		.byte	0x8
 680 0379 2701     		.2byte	0x127
 681 037b 28020000 		.4byte	0x228
 682 037f 60       		.byte	0x60
 683 0380 00       		.byte	0
 684 0381 0B       		.uleb128 0xb
ARM GAS  /tmp/ccr3Eqb7.s 			page 13


 685 0382 71020000 		.4byte	.LASF43
 686 0386 04       		.byte	0x4
 687 0387 08       		.byte	0x8
 688 0388 3101     		.2byte	0x131
 689 038a 9C030000 		.4byte	0x39c
 690 038e 0C       		.uleb128 0xc
 691 038f 72313300 		.ascii	"r13\000"
 692 0393 08       		.byte	0x8
 693 0394 3201     		.2byte	0x132
 694 0396 9C030000 		.4byte	0x39c
 695 039a 00       		.byte	0
 696 039b 00       		.byte	0
 697 039c 09       		.uleb128 0x9
 698 039d 04       		.byte	0x4
 699 039e 35020000 		.4byte	0x235
 700 03a2 03       		.uleb128 0x3
 701 03a3 04       		.byte	0x4
 702 03a4 07       		.byte	0x7
 703 03a5 56010000 		.4byte	.LASF44
 704 03a9 08       		.uleb128 0x8
 705 03aa 1C       		.byte	0x1c
 706 03ab 09       		.byte	0x9
 707 03ac 5E       		.byte	0x5e
 708 03ad FA030000 		.4byte	0x3fa
 709 03b1 06       		.uleb128 0x6
 710 03b2 30020000 		.4byte	.LASF45
 711 03b6 09       		.byte	0x9
 712 03b7 5F       		.byte	0x5f
 713 03b8 FD010000 		.4byte	0x1fd
 714 03bc 00       		.byte	0
 715 03bd 06       		.uleb128 0x6
 716 03be DD010000 		.4byte	.LASF46
 717 03c2 09       		.byte	0x9
 718 03c3 60       		.byte	0x60
 719 03c4 D1000000 		.4byte	0xd1
 720 03c8 08       		.byte	0x8
 721 03c9 06       		.uleb128 0x6
 722 03ca 67010000 		.4byte	.LASF47
 723 03ce 09       		.byte	0x9
 724 03cf 62       		.byte	0x62
 725 03d0 81030000 		.4byte	0x381
 726 03d4 0C       		.byte	0xc
 727 03d5 06       		.uleb128 0x6
 728 03d6 28010000 		.4byte	.LASF48
 729 03da 09       		.byte	0x9
 730 03db 65       		.byte	0x65
 731 03dc F7010000 		.4byte	0x1f7
 732 03e0 10       		.byte	0x10
 733 03e1 06       		.uleb128 0x6
 734 03e2 84010000 		.4byte	.LASF49
 735 03e6 09       		.byte	0x9
 736 03e7 66       		.byte	0x66
 737 03e8 F7010000 		.4byte	0x1f7
 738 03ec 14       		.byte	0x14
 739 03ed 06       		.uleb128 0x6
 740 03ee 7A010000 		.4byte	.LASF50
 741 03f2 09       		.byte	0x9
ARM GAS  /tmp/ccr3Eqb7.s 			page 14


 742 03f3 69       		.byte	0x69
 743 03f4 F7010000 		.4byte	0x1f7
 744 03f8 18       		.byte	0x18
 745 03f9 00       		.byte	0
 746 03fa 04       		.uleb128 0x4
 747 03fb A9020000 		.4byte	.LASF51
 748 03ff 09       		.byte	0x9
 749 0400 6B       		.byte	0x6b
 750 0401 A9030000 		.4byte	0x3a9
 751 0405 05       		.uleb128 0x5
 752 0406 50010000 		.4byte	.LASF52
 753 040a 10       		.byte	0x10
 754 040b 0A       		.byte	0xa
 755 040c 2C       		.byte	0x2c
 756 040d 36040000 		.4byte	0x436
 757 0411 06       		.uleb128 0x6
 758 0412 9D000000 		.4byte	.LASF53
 759 0416 0A       		.byte	0xa
 760 0417 2D       		.byte	0x2d
 761 0418 FD010000 		.4byte	0x1fd
 762 041c 00       		.byte	0
 763 041d 06       		.uleb128 0x6
 764 041e C1030000 		.4byte	.LASF54
 765 0422 0A       		.byte	0xa
 766 0423 2F       		.byte	0x2f
 767 0424 F7010000 		.4byte	0x1f7
 768 0428 08       		.byte	0x8
 769 0429 06       		.uleb128 0x6
 770 042a 55020000 		.4byte	.LASF55
 771 042e 0A       		.byte	0xa
 772 042f 31       		.byte	0x31
 773 0430 36040000 		.4byte	0x436
 774 0434 0C       		.byte	0xc
 775 0435 00       		.byte	0
 776 0436 09       		.uleb128 0x9
 777 0437 04       		.byte	0x4
 778 0438 05040000 		.4byte	0x405
 779 043c 04       		.uleb128 0x4
 780 043d 50010000 		.4byte	.LASF52
 781 0441 0A       		.byte	0xa
 782 0442 33       		.byte	0x33
 783 0443 05040000 		.4byte	0x405
 784 0447 0D       		.uleb128 0xd
 785 0448 04       		.byte	0x4
 786 0449 07       		.byte	0x7
 787 044a 96       		.byte	0x96
 788 044b 7C040000 		.4byte	0x47c
 789 044f 0E       		.uleb128 0xe
 790 0450 54000000 		.4byte	.LASF56
 791 0454 07       		.byte	0x7
 792 0455 9D       		.byte	0x9d
 793 0456 DC000000 		.4byte	0xdc
 794 045a 0E       		.uleb128 0xe
 795 045b D3000000 		.4byte	.LASF57
 796 045f 07       		.byte	0x7
 797 0460 A4       		.byte	0xa4
 798 0461 DC000000 		.4byte	0xdc
ARM GAS  /tmp/ccr3Eqb7.s 			page 15


 799 0465 0E       		.uleb128 0xe
 800 0466 C1020000 		.4byte	.LASF58
 801 046a 07       		.byte	0x7
 802 046b AB       		.byte	0xab
 803 046c 33020000 		.4byte	0x233
 804 0470 0E       		.uleb128 0xe
 805 0471 E4010000 		.4byte	.LASF59
 806 0475 07       		.byte	0x7
 807 0476 B2       		.byte	0xb2
 808 0477 E7000000 		.4byte	0xe7
 809 047b 00       		.byte	0
 810 047c 09       		.uleb128 0x9
 811 047d 04       		.byte	0x4
 812 047e 82040000 		.4byte	0x482
 813 0482 0F       		.uleb128 0xf
 814 0483 87040000 		.4byte	0x487
 815 0487 03       		.uleb128 0x3
 816 0488 01       		.byte	0x1
 817 0489 08       		.byte	0x8
 818 048a 38020000 		.4byte	.LASF60
 819 048e 09       		.uleb128 0x9
 820 048f 04       		.byte	0x4
 821 0490 3C040000 		.4byte	0x43c
 822 0494 10       		.uleb128 0x10
 823 0495 47000000 		.4byte	.LASF65
 824 0499 02       		.byte	0x2
 825 049a 34       		.byte	0x34
 826 049b 03       		.byte	0x3
 827 049c B6040000 		.4byte	0x4b6
 828 04a0 11       		.uleb128 0x11
 829 04a1 747000   		.ascii	"tp\000"
 830 04a4 02       		.byte	0x2
 831 04a5 34       		.byte	0x34
 832 04a6 F7010000 		.4byte	0x1f7
 833 04aa 11       		.uleb128 0x11
 834 04ab 74717000 		.ascii	"tqp\000"
 835 04af 02       		.byte	0x2
 836 04b0 34       		.byte	0x34
 837 04b1 B6040000 		.4byte	0x4b6
 838 04b5 00       		.byte	0
 839 04b6 09       		.uleb128 0x9
 840 04b7 04       		.byte	0x4
 841 04b8 FD010000 		.4byte	0x1fd
 842 04bc 12       		.uleb128 0x12
 843 04bd 3D020000 		.4byte	.LASF66
 844 04c1 02       		.byte	0x2
 845 04c2 3B       		.byte	0x3b
 846 04c3 F7010000 		.4byte	0x1f7
 847 04c7 03       		.byte	0x3
 848 04c8 E2040000 		.4byte	0x4e2
 849 04cc 11       		.uleb128 0x11
 850 04cd 74717000 		.ascii	"tqp\000"
 851 04d1 02       		.byte	0x2
 852 04d2 3B       		.byte	0x3b
 853 04d3 B6040000 		.4byte	0x4b6
 854 04d7 13       		.uleb128 0x13
 855 04d8 747000   		.ascii	"tp\000"
ARM GAS  /tmp/ccr3Eqb7.s 			page 16


 856 04db 02       		.byte	0x2
 857 04dc 3C       		.byte	0x3c
 858 04dd F7010000 		.4byte	0x1f7
 859 04e1 00       		.byte	0
 860 04e2 14       		.uleb128 0x14
 861 04e3 B8000000 		.4byte	.LASF61
 862 04e7 01       		.byte	0x1
 863 04e8 4B       		.byte	0x4b
 864 04e9 DC000000 		.4byte	0xdc
 865 04ed 00000000 		.4byte	.LFB7
 866 04f1 40000000 		.4byte	.LFE7-.LFB7
 867 04f5 01       		.uleb128 0x1
 868 04f6 9C       		.byte	0x9c
 869 04f7 9A050000 		.4byte	0x59a
 870 04fb 15       		.uleb128 0x15
 871 04fc 747000   		.ascii	"tp\000"
 872 04ff 01       		.byte	0x1
 873 0500 4B       		.byte	0x4b
 874 0501 F7010000 		.4byte	0x1f7
 875 0505 00000000 		.4byte	.LLST0
 876 0509 15       		.uleb128 0x15
 877 050a 6D736700 		.ascii	"msg\000"
 878 050e 01       		.byte	0x1
 879 050f 4B       		.byte	0x4b
 880 0510 DC000000 		.4byte	0xdc
 881 0514 38000000 		.4byte	.LLST1
 882 0518 16       		.uleb128 0x16
 883 0519 63747000 		.ascii	"ctp\000"
 884 051d 01       		.byte	0x1
 885 051e 4C       		.byte	0x4c
 886 051f F7010000 		.4byte	0x1f7
 887 0523 01       		.uleb128 0x1
 888 0524 54       		.byte	0x54
 889 0525 17       		.uleb128 0x17
 890 0526 06000000 		.4byte	.LBB10
 891 052a 06000000 		.4byte	.LBE10-.LBB10
 892 052e 40050000 		.4byte	0x540
 893 0532 16       		.uleb128 0x16
 894 0533 746D7000 		.ascii	"tmp\000"
 895 0537 01       		.byte	0x1
 896 0538 50       		.byte	0x50
 897 0539 9E000000 		.4byte	0x9e
 898 053d 01       		.uleb128 0x1
 899 053e 53       		.byte	0x53
 900 053f 00       		.byte	0
 901 0540 18       		.uleb128 0x18
 902 0541 94040000 		.4byte	0x494
 903 0545 14000000 		.4byte	.LBB11
 904 0549 00000000 		.4byte	.Ldebug_ranges0+0
 905 054d 01       		.byte	0x1
 906 054e 53       		.byte	0x53
 907 054f 62050000 		.4byte	0x562
 908 0553 19       		.uleb128 0x19
 909 0554 AA040000 		.4byte	0x4aa
 910 0558 01       		.uleb128 0x1
 911 0559 55       		.byte	0x55
 912 055a 19       		.uleb128 0x19
ARM GAS  /tmp/ccr3Eqb7.s 			page 17


 913 055b A0040000 		.4byte	0x4a0
 914 055f 01       		.uleb128 0x1
 915 0560 54       		.byte	0x54
 916 0561 00       		.byte	0
 917 0562 17       		.uleb128 0x17
 918 0563 2C000000 		.4byte	.LBB15
 919 0567 06000000 		.4byte	.LBE15-.LBB15
 920 056b 7D050000 		.4byte	0x57d
 921 056f 16       		.uleb128 0x16
 922 0570 746D7000 		.ascii	"tmp\000"
 923 0574 01       		.byte	0x1
 924 0575 58       		.byte	0x58
 925 0576 9E000000 		.4byte	0x9e
 926 057a 01       		.uleb128 0x1
 927 057b 53       		.byte	0x53
 928 057c 00       		.byte	0
 929 057d 1A       		.uleb128 0x1a
 930 057e 2A000000 		.4byte	.LVL4
 931 0582 B7060000 		.4byte	0x6b7
 932 0586 90050000 		.4byte	0x590
 933 058a 1B       		.uleb128 0x1b
 934 058b 01       		.uleb128 0x1
 935 058c 50       		.byte	0x50
 936 058d 01       		.uleb128 0x1
 937 058e 3A       		.byte	0x3a
 938 058f 00       		.byte	0
 939 0590 1C       		.uleb128 0x1c
 940 0591 38000000 		.4byte	.LVL7
 941 0595 C8060000 		.4byte	0x6c8
 942 0599 00       		.byte	0
 943 059a 14       		.uleb128 0x14
 944 059b 98020000 		.4byte	.LASF62
 945 059f 01       		.byte	0x1
 946 05a0 6A       		.byte	0x6a
 947 05a1 F7010000 		.4byte	0x1f7
 948 05a5 40000000 		.4byte	.LFB8
 949 05a9 3C000000 		.4byte	.LFE8-.LFB8
 950 05ad 01       		.uleb128 0x1
 951 05ae 9C       		.byte	0x9c
 952 05af 2B060000 		.4byte	0x62b
 953 05b3 13       		.uleb128 0x13
 954 05b4 747000   		.ascii	"tp\000"
 955 05b7 01       		.byte	0x1
 956 05b8 6B       		.byte	0x6b
 957 05b9 F7010000 		.4byte	0x1f7
 958 05bd 17       		.uleb128 0x17
 959 05be 42000000 		.4byte	.LBB16
 960 05c2 06000000 		.4byte	.LBE16-.LBB16
 961 05c6 D8050000 		.4byte	0x5d8
 962 05ca 16       		.uleb128 0x16
 963 05cb 746D7000 		.ascii	"tmp\000"
 964 05cf 01       		.byte	0x1
 965 05d0 6D       		.byte	0x6d
 966 05d1 9E000000 		.4byte	0x9e
 967 05d5 01       		.uleb128 0x1
 968 05d6 53       		.byte	0x53
 969 05d7 00       		.byte	0
ARM GAS  /tmp/ccr3Eqb7.s 			page 18


 970 05d8 18       		.uleb128 0x18
 971 05d9 BC040000 		.4byte	0x4bc
 972 05dd 56000000 		.4byte	.LBB17
 973 05e1 18000000 		.4byte	.Ldebug_ranges0+0x18
 974 05e5 01       		.byte	0x1
 975 05e6 70       		.byte	0x70
 976 05e7 04060000 		.4byte	0x604
 977 05eb 1D       		.uleb128 0x1d
 978 05ec CC040000 		.4byte	0x4cc
 979 05f0 7D000000 		.4byte	.LLST2
 980 05f4 1E       		.uleb128 0x1e
 981 05f5 18000000 		.4byte	.Ldebug_ranges0+0x18
 982 05f9 1F       		.uleb128 0x1f
 983 05fa D7040000 		.4byte	0x4d7
 984 05fe 9C000000 		.4byte	.LLST3
 985 0602 00       		.byte	0
 986 0603 00       		.byte	0
 987 0604 20       		.uleb128 0x20
 988 0605 30000000 		.4byte	.Ldebug_ranges0+0x30
 989 0609 1B060000 		.4byte	0x61b
 990 060d 16       		.uleb128 0x16
 991 060e 746D7000 		.ascii	"tmp\000"
 992 0612 01       		.byte	0x1
 993 0613 72       		.byte	0x72
 994 0614 9E000000 		.4byte	0x9e
 995 0618 01       		.uleb128 0x1
 996 0619 53       		.byte	0x53
 997 061a 00       		.byte	0
 998 061b 21       		.uleb128 0x21
 999 061c 6E000000 		.4byte	.LVL11
 1000 0620 B7060000 		.4byte	0x6b7
 1001 0624 1B       		.uleb128 0x1b
 1002 0625 01       		.uleb128 0x1
 1003 0626 50       		.byte	0x50
 1004 0627 01       		.uleb128 0x1
 1005 0628 3C       		.byte	0x3c
 1006 0629 00       		.byte	0
 1007 062a 00       		.byte	0
 1008 062b 22       		.uleb128 0x22
 1009 062c 01020000 		.4byte	.LASF67
 1010 0630 01       		.byte	0x1
 1011 0631 80       		.byte	0x80
 1012 0632 80000000 		.4byte	.LFB9
 1013 0636 14000000 		.4byte	.LFE9-.LFB9
 1014 063a 01       		.uleb128 0x1
 1015 063b 9C       		.byte	0x9c
 1016 063c AC060000 		.4byte	0x6ac
 1017 0640 15       		.uleb128 0x15
 1018 0641 747000   		.ascii	"tp\000"
 1019 0644 01       		.byte	0x1
 1020 0645 80       		.byte	0x80
 1021 0646 F7010000 		.4byte	0x1f7
 1022 064a AF000000 		.4byte	.LLST4
 1023 064e 15       		.uleb128 0x15
 1024 064f 6D736700 		.ascii	"msg\000"
 1025 0653 01       		.byte	0x1
 1026 0654 80       		.byte	0x80
ARM GAS  /tmp/ccr3Eqb7.s 			page 19


 1027 0655 DC000000 		.4byte	0xdc
 1028 0659 D0000000 		.4byte	.LLST5
 1029 065d 17       		.uleb128 0x17
 1030 065e 82000000 		.4byte	.LBB23
 1031 0662 06000000 		.4byte	.LBE23-.LBB23
 1032 0666 78060000 		.4byte	0x678
 1033 066a 16       		.uleb128 0x16
 1034 066b 746D7000 		.ascii	"tmp\000"
 1035 066f 01       		.byte	0x1
 1036 0670 82       		.byte	0x82
 1037 0671 9E000000 		.4byte	0x9e
 1038 0675 01       		.uleb128 0x1
 1039 0676 53       		.byte	0x53
 1040 0677 00       		.byte	0
 1041 0678 17       		.uleb128 0x17
 1042 0679 8C000000 		.4byte	.LBB24
 1043 067d 08000000 		.4byte	.LBE24-.LBB24
 1044 0681 93060000 		.4byte	0x693
 1045 0685 16       		.uleb128 0x16
 1046 0686 746D7000 		.ascii	"tmp\000"
 1047 068a 01       		.byte	0x1
 1048 068b 86       		.byte	0x86
 1049 068c 9E000000 		.4byte	0x9e
 1050 0690 01       		.uleb128 0x1
 1051 0691 53       		.byte	0x53
 1052 0692 00       		.byte	0
 1053 0693 21       		.uleb128 0x21
 1054 0694 8C000000 		.4byte	.LVL13
 1055 0698 DD060000 		.4byte	0x6dd
 1056 069c 1B       		.uleb128 0x1b
 1057 069d 01       		.uleb128 0x1
 1058 069e 51       		.byte	0x51
 1059 069f 03       		.uleb128 0x3
 1060 06a0 F3       		.byte	0xf3
 1061 06a1 01       		.uleb128 0x1
 1062 06a2 51       		.byte	0x51
 1063 06a3 1B       		.uleb128 0x1b
 1064 06a4 01       		.uleb128 0x1
 1065 06a5 50       		.byte	0x50
 1066 06a6 03       		.uleb128 0x3
 1067 06a7 F3       		.byte	0xf3
 1068 06a8 01       		.uleb128 0x1
 1069 06a9 50       		.byte	0x50
 1070 06aa 00       		.byte	0
 1071 06ab 00       		.byte	0
 1072 06ac 23       		.uleb128 0x23
 1073 06ad B3020000 		.4byte	.LASF68
 1074 06b1 09       		.byte	0x9
 1075 06b2 6F       		.byte	0x6f
 1076 06b3 FA030000 		.4byte	0x3fa
 1077 06b7 24       		.uleb128 0x24
 1078 06b8 0E020000 		.4byte	.LASF69
 1079 06bc 09       		.byte	0x9
 1080 06bd 93       		.byte	0x93
 1081 06be C8060000 		.4byte	0x6c8
 1082 06c2 25       		.uleb128 0x25
 1083 06c3 BB000000 		.4byte	0xbb
ARM GAS  /tmp/ccr3Eqb7.s 			page 20


 1084 06c7 00       		.byte	0
 1085 06c8 26       		.uleb128 0x26
 1086 06c9 49020000 		.4byte	.LASF70
 1087 06cd 09       		.byte	0x9
 1088 06ce 90       		.byte	0x90
 1089 06cf F7010000 		.4byte	0x1f7
 1090 06d3 DD060000 		.4byte	0x6dd
 1091 06d7 25       		.uleb128 0x25
 1092 06d8 F7010000 		.4byte	0x1f7
 1093 06dc 00       		.byte	0
 1094 06dd 27       		.uleb128 0x27
 1095 06de 8B020000 		.4byte	.LASF71
 1096 06e2 09       		.byte	0x9
 1097 06e3 99       		.byte	0x99
 1098 06e4 25       		.uleb128 0x25
 1099 06e5 F7010000 		.4byte	0x1f7
 1100 06e9 25       		.uleb128 0x25
 1101 06ea DC000000 		.4byte	0xdc
 1102 06ee 00       		.byte	0
 1103 06ef 00       		.byte	0
 1104              		.section	.debug_abbrev,"",%progbits
 1105              	.Ldebug_abbrev0:
 1106 0000 01       		.uleb128 0x1
 1107 0001 11       		.uleb128 0x11
 1108 0002 01       		.byte	0x1
 1109 0003 25       		.uleb128 0x25
 1110 0004 0E       		.uleb128 0xe
 1111 0005 13       		.uleb128 0x13
 1112 0006 0B       		.uleb128 0xb
 1113 0007 03       		.uleb128 0x3
 1114 0008 0E       		.uleb128 0xe
 1115 0009 11       		.uleb128 0x11
 1116 000a 01       		.uleb128 0x1
 1117 000b 12       		.uleb128 0x12
 1118 000c 06       		.uleb128 0x6
 1119 000d 10       		.uleb128 0x10
 1120 000e 17       		.uleb128 0x17
 1121 000f 00       		.byte	0
 1122 0010 00       		.byte	0
 1123 0011 02       		.uleb128 0x2
 1124 0012 24       		.uleb128 0x24
 1125 0013 00       		.byte	0
 1126 0014 0B       		.uleb128 0xb
 1127 0015 0B       		.uleb128 0xb
 1128 0016 3E       		.uleb128 0x3e
 1129 0017 0B       		.uleb128 0xb
 1130 0018 03       		.uleb128 0x3
 1131 0019 08       		.uleb128 0x8
 1132 001a 00       		.byte	0
 1133 001b 00       		.byte	0
 1134 001c 03       		.uleb128 0x3
 1135 001d 24       		.uleb128 0x24
 1136 001e 00       		.byte	0
 1137 001f 0B       		.uleb128 0xb
 1138 0020 0B       		.uleb128 0xb
 1139 0021 3E       		.uleb128 0x3e
 1140 0022 0B       		.uleb128 0xb
ARM GAS  /tmp/ccr3Eqb7.s 			page 21


 1141 0023 03       		.uleb128 0x3
 1142 0024 0E       		.uleb128 0xe
 1143 0025 00       		.byte	0
 1144 0026 00       		.byte	0
 1145 0027 04       		.uleb128 0x4
 1146 0028 16       		.uleb128 0x16
 1147 0029 00       		.byte	0
 1148 002a 03       		.uleb128 0x3
 1149 002b 0E       		.uleb128 0xe
 1150 002c 3A       		.uleb128 0x3a
 1151 002d 0B       		.uleb128 0xb
 1152 002e 3B       		.uleb128 0x3b
 1153 002f 0B       		.uleb128 0xb
 1154 0030 49       		.uleb128 0x49
 1155 0031 13       		.uleb128 0x13
 1156 0032 00       		.byte	0
 1157 0033 00       		.byte	0
 1158 0034 05       		.uleb128 0x5
 1159 0035 13       		.uleb128 0x13
 1160 0036 01       		.byte	0x1
 1161 0037 03       		.uleb128 0x3
 1162 0038 0E       		.uleb128 0xe
 1163 0039 0B       		.uleb128 0xb
 1164 003a 0B       		.uleb128 0xb
 1165 003b 3A       		.uleb128 0x3a
 1166 003c 0B       		.uleb128 0xb
 1167 003d 3B       		.uleb128 0x3b
 1168 003e 0B       		.uleb128 0xb
 1169 003f 01       		.uleb128 0x1
 1170 0040 13       		.uleb128 0x13
 1171 0041 00       		.byte	0
 1172 0042 00       		.byte	0
 1173 0043 06       		.uleb128 0x6
 1174 0044 0D       		.uleb128 0xd
 1175 0045 00       		.byte	0
 1176 0046 03       		.uleb128 0x3
 1177 0047 0E       		.uleb128 0xe
 1178 0048 3A       		.uleb128 0x3a
 1179 0049 0B       		.uleb128 0xb
 1180 004a 3B       		.uleb128 0x3b
 1181 004b 0B       		.uleb128 0xb
 1182 004c 49       		.uleb128 0x49
 1183 004d 13       		.uleb128 0x13
 1184 004e 38       		.uleb128 0x38
 1185 004f 0B       		.uleb128 0xb
 1186 0050 00       		.byte	0
 1187 0051 00       		.byte	0
 1188 0052 07       		.uleb128 0x7
 1189 0053 0D       		.uleb128 0xd
 1190 0054 00       		.byte	0
 1191 0055 03       		.uleb128 0x3
 1192 0056 08       		.uleb128 0x8
 1193 0057 3A       		.uleb128 0x3a
 1194 0058 0B       		.uleb128 0xb
 1195 0059 3B       		.uleb128 0x3b
 1196 005a 0B       		.uleb128 0xb
 1197 005b 49       		.uleb128 0x49
ARM GAS  /tmp/ccr3Eqb7.s 			page 22


 1198 005c 13       		.uleb128 0x13
 1199 005d 38       		.uleb128 0x38
 1200 005e 0B       		.uleb128 0xb
 1201 005f 00       		.byte	0
 1202 0060 00       		.byte	0
 1203 0061 08       		.uleb128 0x8
 1204 0062 13       		.uleb128 0x13
 1205 0063 01       		.byte	0x1
 1206 0064 0B       		.uleb128 0xb
 1207 0065 0B       		.uleb128 0xb
 1208 0066 3A       		.uleb128 0x3a
 1209 0067 0B       		.uleb128 0xb
 1210 0068 3B       		.uleb128 0x3b
 1211 0069 0B       		.uleb128 0xb
 1212 006a 01       		.uleb128 0x1
 1213 006b 13       		.uleb128 0x13
 1214 006c 00       		.byte	0
 1215 006d 00       		.byte	0
 1216 006e 09       		.uleb128 0x9
 1217 006f 0F       		.uleb128 0xf
 1218 0070 00       		.byte	0
 1219 0071 0B       		.uleb128 0xb
 1220 0072 0B       		.uleb128 0xb
 1221 0073 49       		.uleb128 0x49
 1222 0074 13       		.uleb128 0x13
 1223 0075 00       		.byte	0
 1224 0076 00       		.byte	0
 1225 0077 0A       		.uleb128 0xa
 1226 0078 0F       		.uleb128 0xf
 1227 0079 00       		.byte	0
 1228 007a 0B       		.uleb128 0xb
 1229 007b 0B       		.uleb128 0xb
 1230 007c 00       		.byte	0
 1231 007d 00       		.byte	0
 1232 007e 0B       		.uleb128 0xb
 1233 007f 13       		.uleb128 0x13
 1234 0080 01       		.byte	0x1
 1235 0081 03       		.uleb128 0x3
 1236 0082 0E       		.uleb128 0xe
 1237 0083 0B       		.uleb128 0xb
 1238 0084 0B       		.uleb128 0xb
 1239 0085 3A       		.uleb128 0x3a
 1240 0086 0B       		.uleb128 0xb
 1241 0087 3B       		.uleb128 0x3b
 1242 0088 05       		.uleb128 0x5
 1243 0089 01       		.uleb128 0x1
 1244 008a 13       		.uleb128 0x13
 1245 008b 00       		.byte	0
 1246 008c 00       		.byte	0
 1247 008d 0C       		.uleb128 0xc
 1248 008e 0D       		.uleb128 0xd
 1249 008f 00       		.byte	0
 1250 0090 03       		.uleb128 0x3
 1251 0091 08       		.uleb128 0x8
 1252 0092 3A       		.uleb128 0x3a
 1253 0093 0B       		.uleb128 0xb
 1254 0094 3B       		.uleb128 0x3b
ARM GAS  /tmp/ccr3Eqb7.s 			page 23


 1255 0095 05       		.uleb128 0x5
 1256 0096 49       		.uleb128 0x49
 1257 0097 13       		.uleb128 0x13
 1258 0098 38       		.uleb128 0x38
 1259 0099 0B       		.uleb128 0xb
 1260 009a 00       		.byte	0
 1261 009b 00       		.byte	0
 1262 009c 0D       		.uleb128 0xd
 1263 009d 17       		.uleb128 0x17
 1264 009e 01       		.byte	0x1
 1265 009f 0B       		.uleb128 0xb
 1266 00a0 0B       		.uleb128 0xb
 1267 00a1 3A       		.uleb128 0x3a
 1268 00a2 0B       		.uleb128 0xb
 1269 00a3 3B       		.uleb128 0x3b
 1270 00a4 0B       		.uleb128 0xb
 1271 00a5 01       		.uleb128 0x1
 1272 00a6 13       		.uleb128 0x13
 1273 00a7 00       		.byte	0
 1274 00a8 00       		.byte	0
 1275 00a9 0E       		.uleb128 0xe
 1276 00aa 0D       		.uleb128 0xd
 1277 00ab 00       		.byte	0
 1278 00ac 03       		.uleb128 0x3
 1279 00ad 0E       		.uleb128 0xe
 1280 00ae 3A       		.uleb128 0x3a
 1281 00af 0B       		.uleb128 0xb
 1282 00b0 3B       		.uleb128 0x3b
 1283 00b1 0B       		.uleb128 0xb
 1284 00b2 49       		.uleb128 0x49
 1285 00b3 13       		.uleb128 0x13
 1286 00b4 00       		.byte	0
 1287 00b5 00       		.byte	0
 1288 00b6 0F       		.uleb128 0xf
 1289 00b7 26       		.uleb128 0x26
 1290 00b8 00       		.byte	0
 1291 00b9 49       		.uleb128 0x49
 1292 00ba 13       		.uleb128 0x13
 1293 00bb 00       		.byte	0
 1294 00bc 00       		.byte	0
 1295 00bd 10       		.uleb128 0x10
 1296 00be 2E       		.uleb128 0x2e
 1297 00bf 01       		.byte	0x1
 1298 00c0 03       		.uleb128 0x3
 1299 00c1 0E       		.uleb128 0xe
 1300 00c2 3A       		.uleb128 0x3a
 1301 00c3 0B       		.uleb128 0xb
 1302 00c4 3B       		.uleb128 0x3b
 1303 00c5 0B       		.uleb128 0xb
 1304 00c6 27       		.uleb128 0x27
 1305 00c7 19       		.uleb128 0x19
 1306 00c8 20       		.uleb128 0x20
 1307 00c9 0B       		.uleb128 0xb
 1308 00ca 01       		.uleb128 0x1
 1309 00cb 13       		.uleb128 0x13
 1310 00cc 00       		.byte	0
 1311 00cd 00       		.byte	0
ARM GAS  /tmp/ccr3Eqb7.s 			page 24


 1312 00ce 11       		.uleb128 0x11
 1313 00cf 05       		.uleb128 0x5
 1314 00d0 00       		.byte	0
 1315 00d1 03       		.uleb128 0x3
 1316 00d2 08       		.uleb128 0x8
 1317 00d3 3A       		.uleb128 0x3a
 1318 00d4 0B       		.uleb128 0xb
 1319 00d5 3B       		.uleb128 0x3b
 1320 00d6 0B       		.uleb128 0xb
 1321 00d7 49       		.uleb128 0x49
 1322 00d8 13       		.uleb128 0x13
 1323 00d9 00       		.byte	0
 1324 00da 00       		.byte	0
 1325 00db 12       		.uleb128 0x12
 1326 00dc 2E       		.uleb128 0x2e
 1327 00dd 01       		.byte	0x1
 1328 00de 03       		.uleb128 0x3
 1329 00df 0E       		.uleb128 0xe
 1330 00e0 3A       		.uleb128 0x3a
 1331 00e1 0B       		.uleb128 0xb
 1332 00e2 3B       		.uleb128 0x3b
 1333 00e3 0B       		.uleb128 0xb
 1334 00e4 27       		.uleb128 0x27
 1335 00e5 19       		.uleb128 0x19
 1336 00e6 49       		.uleb128 0x49
 1337 00e7 13       		.uleb128 0x13
 1338 00e8 20       		.uleb128 0x20
 1339 00e9 0B       		.uleb128 0xb
 1340 00ea 01       		.uleb128 0x1
 1341 00eb 13       		.uleb128 0x13
 1342 00ec 00       		.byte	0
 1343 00ed 00       		.byte	0
 1344 00ee 13       		.uleb128 0x13
 1345 00ef 34       		.uleb128 0x34
 1346 00f0 00       		.byte	0
 1347 00f1 03       		.uleb128 0x3
 1348 00f2 08       		.uleb128 0x8
 1349 00f3 3A       		.uleb128 0x3a
 1350 00f4 0B       		.uleb128 0xb
 1351 00f5 3B       		.uleb128 0x3b
 1352 00f6 0B       		.uleb128 0xb
 1353 00f7 49       		.uleb128 0x49
 1354 00f8 13       		.uleb128 0x13
 1355 00f9 00       		.byte	0
 1356 00fa 00       		.byte	0
 1357 00fb 14       		.uleb128 0x14
 1358 00fc 2E       		.uleb128 0x2e
 1359 00fd 01       		.byte	0x1
 1360 00fe 3F       		.uleb128 0x3f
 1361 00ff 19       		.uleb128 0x19
 1362 0100 03       		.uleb128 0x3
 1363 0101 0E       		.uleb128 0xe
 1364 0102 3A       		.uleb128 0x3a
 1365 0103 0B       		.uleb128 0xb
 1366 0104 3B       		.uleb128 0x3b
 1367 0105 0B       		.uleb128 0xb
 1368 0106 27       		.uleb128 0x27
ARM GAS  /tmp/ccr3Eqb7.s 			page 25


 1369 0107 19       		.uleb128 0x19
 1370 0108 49       		.uleb128 0x49
 1371 0109 13       		.uleb128 0x13
 1372 010a 11       		.uleb128 0x11
 1373 010b 01       		.uleb128 0x1
 1374 010c 12       		.uleb128 0x12
 1375 010d 06       		.uleb128 0x6
 1376 010e 40       		.uleb128 0x40
 1377 010f 18       		.uleb128 0x18
 1378 0110 9742     		.uleb128 0x2117
 1379 0112 19       		.uleb128 0x19
 1380 0113 01       		.uleb128 0x1
 1381 0114 13       		.uleb128 0x13
 1382 0115 00       		.byte	0
 1383 0116 00       		.byte	0
 1384 0117 15       		.uleb128 0x15
 1385 0118 05       		.uleb128 0x5
 1386 0119 00       		.byte	0
 1387 011a 03       		.uleb128 0x3
 1388 011b 08       		.uleb128 0x8
 1389 011c 3A       		.uleb128 0x3a
 1390 011d 0B       		.uleb128 0xb
 1391 011e 3B       		.uleb128 0x3b
 1392 011f 0B       		.uleb128 0xb
 1393 0120 49       		.uleb128 0x49
 1394 0121 13       		.uleb128 0x13
 1395 0122 02       		.uleb128 0x2
 1396 0123 17       		.uleb128 0x17
 1397 0124 00       		.byte	0
 1398 0125 00       		.byte	0
 1399 0126 16       		.uleb128 0x16
 1400 0127 34       		.uleb128 0x34
 1401 0128 00       		.byte	0
 1402 0129 03       		.uleb128 0x3
 1403 012a 08       		.uleb128 0x8
 1404 012b 3A       		.uleb128 0x3a
 1405 012c 0B       		.uleb128 0xb
 1406 012d 3B       		.uleb128 0x3b
 1407 012e 0B       		.uleb128 0xb
 1408 012f 49       		.uleb128 0x49
 1409 0130 13       		.uleb128 0x13
 1410 0131 02       		.uleb128 0x2
 1411 0132 18       		.uleb128 0x18
 1412 0133 00       		.byte	0
 1413 0134 00       		.byte	0
 1414 0135 17       		.uleb128 0x17
 1415 0136 0B       		.uleb128 0xb
 1416 0137 01       		.byte	0x1
 1417 0138 11       		.uleb128 0x11
 1418 0139 01       		.uleb128 0x1
 1419 013a 12       		.uleb128 0x12
 1420 013b 06       		.uleb128 0x6
 1421 013c 01       		.uleb128 0x1
 1422 013d 13       		.uleb128 0x13
 1423 013e 00       		.byte	0
 1424 013f 00       		.byte	0
 1425 0140 18       		.uleb128 0x18
ARM GAS  /tmp/ccr3Eqb7.s 			page 26


 1426 0141 1D       		.uleb128 0x1d
 1427 0142 01       		.byte	0x1
 1428 0143 31       		.uleb128 0x31
 1429 0144 13       		.uleb128 0x13
 1430 0145 52       		.uleb128 0x52
 1431 0146 01       		.uleb128 0x1
 1432 0147 55       		.uleb128 0x55
 1433 0148 17       		.uleb128 0x17
 1434 0149 58       		.uleb128 0x58
 1435 014a 0B       		.uleb128 0xb
 1436 014b 59       		.uleb128 0x59
 1437 014c 0B       		.uleb128 0xb
 1438 014d 01       		.uleb128 0x1
 1439 014e 13       		.uleb128 0x13
 1440 014f 00       		.byte	0
 1441 0150 00       		.byte	0
 1442 0151 19       		.uleb128 0x19
 1443 0152 05       		.uleb128 0x5
 1444 0153 00       		.byte	0
 1445 0154 31       		.uleb128 0x31
 1446 0155 13       		.uleb128 0x13
 1447 0156 02       		.uleb128 0x2
 1448 0157 18       		.uleb128 0x18
 1449 0158 00       		.byte	0
 1450 0159 00       		.byte	0
 1451 015a 1A       		.uleb128 0x1a
 1452 015b 898201   		.uleb128 0x4109
 1453 015e 01       		.byte	0x1
 1454 015f 11       		.uleb128 0x11
 1455 0160 01       		.uleb128 0x1
 1456 0161 31       		.uleb128 0x31
 1457 0162 13       		.uleb128 0x13
 1458 0163 01       		.uleb128 0x1
 1459 0164 13       		.uleb128 0x13
 1460 0165 00       		.byte	0
 1461 0166 00       		.byte	0
 1462 0167 1B       		.uleb128 0x1b
 1463 0168 8A8201   		.uleb128 0x410a
 1464 016b 00       		.byte	0
 1465 016c 02       		.uleb128 0x2
 1466 016d 18       		.uleb128 0x18
 1467 016e 9142     		.uleb128 0x2111
 1468 0170 18       		.uleb128 0x18
 1469 0171 00       		.byte	0
 1470 0172 00       		.byte	0
 1471 0173 1C       		.uleb128 0x1c
 1472 0174 898201   		.uleb128 0x4109
 1473 0177 00       		.byte	0
 1474 0178 11       		.uleb128 0x11
 1475 0179 01       		.uleb128 0x1
 1476 017a 31       		.uleb128 0x31
 1477 017b 13       		.uleb128 0x13
 1478 017c 00       		.byte	0
 1479 017d 00       		.byte	0
 1480 017e 1D       		.uleb128 0x1d
 1481 017f 05       		.uleb128 0x5
 1482 0180 00       		.byte	0
ARM GAS  /tmp/ccr3Eqb7.s 			page 27


 1483 0181 31       		.uleb128 0x31
 1484 0182 13       		.uleb128 0x13
 1485 0183 02       		.uleb128 0x2
 1486 0184 17       		.uleb128 0x17
 1487 0185 00       		.byte	0
 1488 0186 00       		.byte	0
 1489 0187 1E       		.uleb128 0x1e
 1490 0188 0B       		.uleb128 0xb
 1491 0189 01       		.byte	0x1
 1492 018a 55       		.uleb128 0x55
 1493 018b 17       		.uleb128 0x17
 1494 018c 00       		.byte	0
 1495 018d 00       		.byte	0
 1496 018e 1F       		.uleb128 0x1f
 1497 018f 34       		.uleb128 0x34
 1498 0190 00       		.byte	0
 1499 0191 31       		.uleb128 0x31
 1500 0192 13       		.uleb128 0x13
 1501 0193 02       		.uleb128 0x2
 1502 0194 17       		.uleb128 0x17
 1503 0195 00       		.byte	0
 1504 0196 00       		.byte	0
 1505 0197 20       		.uleb128 0x20
 1506 0198 0B       		.uleb128 0xb
 1507 0199 01       		.byte	0x1
 1508 019a 55       		.uleb128 0x55
 1509 019b 17       		.uleb128 0x17
 1510 019c 01       		.uleb128 0x1
 1511 019d 13       		.uleb128 0x13
 1512 019e 00       		.byte	0
 1513 019f 00       		.byte	0
 1514 01a0 21       		.uleb128 0x21
 1515 01a1 898201   		.uleb128 0x4109
 1516 01a4 01       		.byte	0x1
 1517 01a5 11       		.uleb128 0x11
 1518 01a6 01       		.uleb128 0x1
 1519 01a7 31       		.uleb128 0x31
 1520 01a8 13       		.uleb128 0x13
 1521 01a9 00       		.byte	0
 1522 01aa 00       		.byte	0
 1523 01ab 22       		.uleb128 0x22
 1524 01ac 2E       		.uleb128 0x2e
 1525 01ad 01       		.byte	0x1
 1526 01ae 3F       		.uleb128 0x3f
 1527 01af 19       		.uleb128 0x19
 1528 01b0 03       		.uleb128 0x3
 1529 01b1 0E       		.uleb128 0xe
 1530 01b2 3A       		.uleb128 0x3a
 1531 01b3 0B       		.uleb128 0xb
 1532 01b4 3B       		.uleb128 0x3b
 1533 01b5 0B       		.uleb128 0xb
 1534 01b6 27       		.uleb128 0x27
 1535 01b7 19       		.uleb128 0x19
 1536 01b8 11       		.uleb128 0x11
 1537 01b9 01       		.uleb128 0x1
 1538 01ba 12       		.uleb128 0x12
 1539 01bb 06       		.uleb128 0x6
ARM GAS  /tmp/ccr3Eqb7.s 			page 28


 1540 01bc 40       		.uleb128 0x40
 1541 01bd 18       		.uleb128 0x18
 1542 01be 9742     		.uleb128 0x2117
 1543 01c0 19       		.uleb128 0x19
 1544 01c1 01       		.uleb128 0x1
 1545 01c2 13       		.uleb128 0x13
 1546 01c3 00       		.byte	0
 1547 01c4 00       		.byte	0
 1548 01c5 23       		.uleb128 0x23
 1549 01c6 34       		.uleb128 0x34
 1550 01c7 00       		.byte	0
 1551 01c8 03       		.uleb128 0x3
 1552 01c9 0E       		.uleb128 0xe
 1553 01ca 3A       		.uleb128 0x3a
 1554 01cb 0B       		.uleb128 0xb
 1555 01cc 3B       		.uleb128 0x3b
 1556 01cd 0B       		.uleb128 0xb
 1557 01ce 49       		.uleb128 0x49
 1558 01cf 13       		.uleb128 0x13
 1559 01d0 3F       		.uleb128 0x3f
 1560 01d1 19       		.uleb128 0x19
 1561 01d2 3C       		.uleb128 0x3c
 1562 01d3 19       		.uleb128 0x19
 1563 01d4 00       		.byte	0
 1564 01d5 00       		.byte	0
 1565 01d6 24       		.uleb128 0x24
 1566 01d7 2E       		.uleb128 0x2e
 1567 01d8 01       		.byte	0x1
 1568 01d9 3F       		.uleb128 0x3f
 1569 01da 19       		.uleb128 0x19
 1570 01db 03       		.uleb128 0x3
 1571 01dc 0E       		.uleb128 0xe
 1572 01dd 3A       		.uleb128 0x3a
 1573 01de 0B       		.uleb128 0xb
 1574 01df 3B       		.uleb128 0x3b
 1575 01e0 0B       		.uleb128 0xb
 1576 01e1 27       		.uleb128 0x27
 1577 01e2 19       		.uleb128 0x19
 1578 01e3 3C       		.uleb128 0x3c
 1579 01e4 19       		.uleb128 0x19
 1580 01e5 01       		.uleb128 0x1
 1581 01e6 13       		.uleb128 0x13
 1582 01e7 00       		.byte	0
 1583 01e8 00       		.byte	0
 1584 01e9 25       		.uleb128 0x25
 1585 01ea 05       		.uleb128 0x5
 1586 01eb 00       		.byte	0
 1587 01ec 49       		.uleb128 0x49
 1588 01ed 13       		.uleb128 0x13
 1589 01ee 00       		.byte	0
 1590 01ef 00       		.byte	0
 1591 01f0 26       		.uleb128 0x26
 1592 01f1 2E       		.uleb128 0x2e
 1593 01f2 01       		.byte	0x1
 1594 01f3 3F       		.uleb128 0x3f
 1595 01f4 19       		.uleb128 0x19
 1596 01f5 03       		.uleb128 0x3
ARM GAS  /tmp/ccr3Eqb7.s 			page 29


 1597 01f6 0E       		.uleb128 0xe
 1598 01f7 3A       		.uleb128 0x3a
 1599 01f8 0B       		.uleb128 0xb
 1600 01f9 3B       		.uleb128 0x3b
 1601 01fa 0B       		.uleb128 0xb
 1602 01fb 27       		.uleb128 0x27
 1603 01fc 19       		.uleb128 0x19
 1604 01fd 49       		.uleb128 0x49
 1605 01fe 13       		.uleb128 0x13
 1606 01ff 3C       		.uleb128 0x3c
 1607 0200 19       		.uleb128 0x19
 1608 0201 01       		.uleb128 0x1
 1609 0202 13       		.uleb128 0x13
 1610 0203 00       		.byte	0
 1611 0204 00       		.byte	0
 1612 0205 27       		.uleb128 0x27
 1613 0206 2E       		.uleb128 0x2e
 1614 0207 01       		.byte	0x1
 1615 0208 3F       		.uleb128 0x3f
 1616 0209 19       		.uleb128 0x19
 1617 020a 03       		.uleb128 0x3
 1618 020b 0E       		.uleb128 0xe
 1619 020c 3A       		.uleb128 0x3a
 1620 020d 0B       		.uleb128 0xb
 1621 020e 3B       		.uleb128 0x3b
 1622 020f 0B       		.uleb128 0xb
 1623 0210 27       		.uleb128 0x27
 1624 0211 19       		.uleb128 0x19
 1625 0212 3C       		.uleb128 0x3c
 1626 0213 19       		.uleb128 0x19
 1627 0214 00       		.byte	0
 1628 0215 00       		.byte	0
 1629 0216 00       		.byte	0
 1630              		.section	.debug_loc,"",%progbits
 1631              	.Ldebug_loc0:
 1632              	.LLST0:
 1633 0000 00000000 		.4byte	.LVL0-.Ltext0
 1634 0004 24000000 		.4byte	.LVL3-.Ltext0
 1635 0008 0100     		.2byte	0x1
 1636 000a 50       		.byte	0x50
 1637 000b 24000000 		.4byte	.LVL3-.Ltext0
 1638 000f 34000000 		.4byte	.LVL6-.Ltext0
 1639 0013 0300     		.2byte	0x3
 1640 0015 75       		.byte	0x75
 1641 0016 58       		.sleb128 -40
 1642 0017 9F       		.byte	0x9f
 1643 0018 34000000 		.4byte	.LVL6-.Ltext0
 1644 001c 37000000 		.4byte	.LVL7-1-.Ltext0
 1645 0020 0100     		.2byte	0x1
 1646 0022 50       		.byte	0x50
 1647 0023 37000000 		.4byte	.LVL7-1-.Ltext0
 1648 0027 40000000 		.4byte	.LFE7-.Ltext0
 1649 002b 0300     		.2byte	0x3
 1650 002d 75       		.byte	0x75
 1651 002e 58       		.sleb128 -40
 1652 002f 9F       		.byte	0x9f
 1653 0030 00000000 		.4byte	0
ARM GAS  /tmp/ccr3Eqb7.s 			page 30


 1654 0034 00000000 		.4byte	0
 1655              	.LLST1:
 1656 0038 00000000 		.4byte	.LVL0-.Ltext0
 1657 003c 24000000 		.4byte	.LVL3-.Ltext0
 1658 0040 0100     		.2byte	0x1
 1659 0042 51       		.byte	0x51
 1660 0043 24000000 		.4byte	.LVL3-.Ltext0
 1661 0047 2C000000 		.4byte	.LVL5-.Ltext0
 1662 004b 0400     		.2byte	0x4
 1663 004d F3       		.byte	0xf3
 1664 004e 01       		.uleb128 0x1
 1665 004f 51       		.byte	0x51
 1666 0050 9F       		.byte	0x9f
 1667 0051 2C000000 		.4byte	.LVL5-.Ltext0
 1668 0055 34000000 		.4byte	.LVL6-.Ltext0
 1669 0059 0100     		.2byte	0x1
 1670 005b 50       		.byte	0x50
 1671 005c 34000000 		.4byte	.LVL6-.Ltext0
 1672 0060 37000000 		.4byte	.LVL7-1-.Ltext0
 1673 0064 0100     		.2byte	0x1
 1674 0066 51       		.byte	0x51
 1675 0067 37000000 		.4byte	.LVL7-1-.Ltext0
 1676 006b 40000000 		.4byte	.LFE7-.Ltext0
 1677 006f 0400     		.2byte	0x4
 1678 0071 F3       		.byte	0xf3
 1679 0072 01       		.uleb128 0x1
 1680 0073 51       		.byte	0x51
 1681 0074 9F       		.byte	0x9f
 1682 0075 00000000 		.4byte	0
 1683 0079 00000000 		.4byte	0
 1684              	.LLST2:
 1685 007d 56000000 		.4byte	.LVL8-.Ltext0
 1686 0081 60000000 		.4byte	.LVL9-.Ltext0
 1687 0085 0100     		.2byte	0x1
 1688 0087 53       		.byte	0x53
 1689 0088 60000000 		.4byte	.LVL9-.Ltext0
 1690 008c 68000000 		.4byte	.LVL10-.Ltext0
 1691 0090 0200     		.2byte	0x2
 1692 0092 71       		.byte	0x71
 1693 0093 04       		.sleb128 4
 1694 0094 00000000 		.4byte	0
 1695 0098 00000000 		.4byte	0
 1696              	.LLST3:
 1697 009c 56000000 		.4byte	.LVL8-.Ltext0
 1698 00a0 68000000 		.4byte	.LVL10-.Ltext0
 1699 00a4 0100     		.2byte	0x1
 1700 00a6 50       		.byte	0x50
 1701 00a7 00000000 		.4byte	0
 1702 00ab 00000000 		.4byte	0
 1703              	.LLST4:
 1704 00af 80000000 		.4byte	.LVL12-.Ltext0
 1705 00b3 8B000000 		.4byte	.LVL13-1-.Ltext0
 1706 00b7 0100     		.2byte	0x1
 1707 00b9 50       		.byte	0x50
 1708 00ba 8B000000 		.4byte	.LVL13-1-.Ltext0
 1709 00be 94000000 		.4byte	.LFE9-.Ltext0
 1710 00c2 0400     		.2byte	0x4
ARM GAS  /tmp/ccr3Eqb7.s 			page 31


 1711 00c4 F3       		.byte	0xf3
 1712 00c5 01       		.uleb128 0x1
 1713 00c6 50       		.byte	0x50
 1714 00c7 9F       		.byte	0x9f
 1715 00c8 00000000 		.4byte	0
 1716 00cc 00000000 		.4byte	0
 1717              	.LLST5:
 1718 00d0 80000000 		.4byte	.LVL12-.Ltext0
 1719 00d4 8B000000 		.4byte	.LVL13-1-.Ltext0
 1720 00d8 0100     		.2byte	0x1
 1721 00da 51       		.byte	0x51
 1722 00db 8B000000 		.4byte	.LVL13-1-.Ltext0
 1723 00df 94000000 		.4byte	.LFE9-.Ltext0
 1724 00e3 0400     		.2byte	0x4
 1725 00e5 F3       		.byte	0xf3
 1726 00e6 01       		.uleb128 0x1
 1727 00e7 51       		.byte	0x51
 1728 00e8 9F       		.byte	0x9f
 1729 00e9 00000000 		.4byte	0
 1730 00ed 00000000 		.4byte	0
 1731              		.section	.debug_aranges,"",%progbits
 1732 0000 1C000000 		.4byte	0x1c
 1733 0004 0200     		.2byte	0x2
 1734 0006 00000000 		.4byte	.Ldebug_info0
 1735 000a 04       		.byte	0x4
 1736 000b 00       		.byte	0
 1737 000c 0000     		.2byte	0
 1738 000e 0000     		.2byte	0
 1739 0010 00000000 		.4byte	.Ltext0
 1740 0014 94000000 		.4byte	.Letext0-.Ltext0
 1741 0018 00000000 		.4byte	0
 1742 001c 00000000 		.4byte	0
 1743              		.section	.debug_ranges,"",%progbits
 1744              	.Ldebug_ranges0:
 1745 0000 14000000 		.4byte	.LBB11-.Ltext0
 1746 0004 18000000 		.4byte	.LBE11-.Ltext0
 1747 0008 1C000000 		.4byte	.LBB14-.Ltext0
 1748 000c 22000000 		.4byte	.LBE14-.Ltext0
 1749 0010 00000000 		.4byte	0
 1750 0014 00000000 		.4byte	0
 1751 0018 56000000 		.4byte	.LBB17-.Ltext0
 1752 001c 5A000000 		.4byte	.LBE17-.Ltext0
 1753 0020 5C000000 		.4byte	.LBB20-.Ltext0
 1754 0024 5E000000 		.4byte	.LBE20-.Ltext0
 1755 0028 00000000 		.4byte	0
 1756 002c 00000000 		.4byte	0
 1757 0030 5E000000 		.4byte	.LBB21-.Ltext0
 1758 0034 60000000 		.4byte	.LBE21-.Ltext0
 1759 0038 62000000 		.4byte	.LBB22-.Ltext0
 1760 003c 66000000 		.4byte	.LBE22-.Ltext0
 1761 0040 00000000 		.4byte	0
 1762 0044 00000000 		.4byte	0
 1763              		.section	.debug_line,"",%progbits
 1764              	.Ldebug_line0:
 1765 0000 25020000 		.section	.debug_str,"MS",%progbits,1
 1765      0200CA01 
 1765      00000201 
ARM GAS  /tmp/ccr3Eqb7.s 			page 32


 1765      FB0E0D00 
 1765      01010101 
 1766              	.LASF35:
 1767 0000 705F6D73 		.ascii	"p_msg\000"
 1767      6700
 1768              	.LASF64:
 1769 0006 2F645F64 		.ascii	"/d_drive/axoloti/platform_linux/../chibios/os/kerne"
 1769      72697665 
 1769      2F61786F 
 1769      6C6F7469 
 1769      2F706C61 
 1770 0039 6C2F7372 		.ascii	"l/src/chmsg.c\000"
 1770      632F6368 
 1770      6D73672E 
 1770      6300
 1771              	.LASF65:
 1772 0047 71756575 		.ascii	"queue_insert\000"
 1772      655F696E 
 1772      73657274 
 1772      00
 1773              	.LASF56:
 1774 0054 7264796D 		.ascii	"rdymsg\000"
 1774      736700
 1775              	.LASF5:
 1776 005b 5F5F7569 		.ascii	"__uint8_t\000"
 1776      6E74385F 
 1776      7400
 1777              	.LASF11:
 1778 0065 6C6F6E67 		.ascii	"long long unsigned int\000"
 1778      206C6F6E 
 1778      6720756E 
 1778      7369676E 
 1778      65642069 
 1779              	.LASF25:
 1780 007c 705F7072 		.ascii	"p_prio\000"
 1780      696F00
 1781              	.LASF10:
 1782 0083 6C6F6E67 		.ascii	"long long int\000"
 1782      206C6F6E 
 1782      6720696E 
 1782      7400
 1783              	.LASF1:
 1784 0091 7369676E 		.ascii	"signed char\000"
 1784      65642063 
 1784      68617200 
 1785              	.LASF53:
 1786 009d 6D5F7175 		.ascii	"m_queue\000"
 1786      65756500 
 1787              	.LASF18:
 1788 00a5 74736C69 		.ascii	"tslices_t\000"
 1788      6365735F 
 1788      7400
 1789              	.LASF7:
 1790 00af 6C6F6E67 		.ascii	"long int\000"
 1790      20696E74 
 1790      00
 1791              	.LASF61:
ARM GAS  /tmp/ccr3Eqb7.s 			page 33


 1792 00b8 63684D73 		.ascii	"chMsgSend\000"
 1792      6753656E 
 1792      6400
 1793              	.LASF17:
 1794 00c2 74737461 		.ascii	"tstate_t\000"
 1794      74655F74 
 1794      00
 1795              	.LASF27:
 1796 00cb 705F6E65 		.ascii	"p_newer\000"
 1796      77657200 
 1797              	.LASF57:
 1798 00d3 65786974 		.ascii	"exitcode\000"
 1798      636F6465 
 1798      00
 1799              	.LASF8:
 1800 00dc 5F5F7569 		.ascii	"__uint32_t\000"
 1800      6E743332 
 1800      5F7400
 1801              	.LASF41:
 1802 00e7 72656761 		.ascii	"regarm_t\000"
 1802      726D5F74 
 1802      00
 1803              	.LASF0:
 1804 00f0 756E7369 		.ascii	"unsigned int\000"
 1804      676E6564 
 1804      20696E74 
 1804      00
 1805              	.LASF9:
 1806 00fd 6C6F6E67 		.ascii	"long unsigned int\000"
 1806      20756E73 
 1806      69676E65 
 1806      6420696E 
 1806      7400
 1807              	.LASF4:
 1808 010f 73686F72 		.ascii	"short unsigned int\000"
 1808      7420756E 
 1808      7369676E 
 1808      65642069 
 1808      6E7400
 1809              	.LASF20:
 1810 0122 6D73675F 		.ascii	"msg_t\000"
 1810      7400
 1811              	.LASF48:
 1812 0128 725F6E65 		.ascii	"r_newer\000"
 1812      77657200 
 1813              	.LASF16:
 1814 0130 746D6F64 		.ascii	"tmode_t\000"
 1814      655F7400 
 1815              	.LASF40:
 1816 0138 54687265 		.ascii	"ThreadsList\000"
 1816      6164734C 
 1816      69737400 
 1817              	.LASF21:
 1818 0144 6576656E 		.ascii	"eventmask_t\000"
 1818      746D6173 
 1818      6B5F7400 
 1819              	.LASF52:
ARM GAS  /tmp/ccr3Eqb7.s 			page 34


 1820 0150 4D757465 		.ascii	"Mutex\000"
 1820      7800
 1821              	.LASF44:
 1822 0156 73697A65 		.ascii	"sizetype\000"
 1822      74797065 
 1822      00
 1823              	.LASF28:
 1824 015f 705F6F6C 		.ascii	"p_older\000"
 1824      64657200 
 1825              	.LASF47:
 1826 0167 725F6374 		.ascii	"r_ctx\000"
 1826      7800
 1827              	.LASF39:
 1828 016d 54687265 		.ascii	"ThreadsQueue\000"
 1828      61647351 
 1828      75657565 
 1828      00
 1829              	.LASF50:
 1830 017a 725F6375 		.ascii	"r_current\000"
 1830      7272656E 
 1830      7400
 1831              	.LASF49:
 1832 0184 725F6F6C 		.ascii	"r_older\000"
 1832      64657200 
 1833              	.LASF24:
 1834 018c 705F7072 		.ascii	"p_prev\000"
 1834      657600
 1835              	.LASF19:
 1836 0193 74707269 		.ascii	"tprio_t\000"
 1836      6F5F7400 
 1837              	.LASF15:
 1838 019b 5F426F6F 		.ascii	"_Bool\000"
 1838      6C00
 1839              	.LASF13:
 1840 01a1 696E7433 		.ascii	"int32_t\000"
 1840      325F7400 
 1841              	.LASF2:
 1842 01a9 756E7369 		.ascii	"unsigned char\000"
 1842      676E6564 
 1842      20636861 
 1842      7200
 1843              	.LASF37:
 1844 01b7 705F6D74 		.ascii	"p_mtxlist\000"
 1844      786C6973 
 1844      7400
 1845              	.LASF3:
 1846 01c1 73686F72 		.ascii	"short int\000"
 1846      7420696E 
 1846      7400
 1847              	.LASF30:
 1848 01cb 705F7374 		.ascii	"p_state\000"
 1848      61746500 
 1849              	.LASF32:
 1850 01d3 705F7072 		.ascii	"p_preempt\000"
 1850      65656D70 
 1850      7400
 1851              	.LASF46:
ARM GAS  /tmp/ccr3Eqb7.s 			page 35


 1852 01dd 725F7072 		.ascii	"r_prio\000"
 1852      696F00
 1853              	.LASF59:
 1854 01e4 65776D61 		.ascii	"ewmask\000"
 1854      736B00
 1855              	.LASF23:
 1856 01eb 705F6E65 		.ascii	"p_next\000"
 1856      787400
 1857              	.LASF31:
 1858 01f2 705F666C 		.ascii	"p_flags\000"
 1858      61677300 
 1859              	.LASF22:
 1860 01fa 54687265 		.ascii	"Thread\000"
 1860      616400
 1861              	.LASF67:
 1862 0201 63684D73 		.ascii	"chMsgRelease\000"
 1862      6752656C 
 1862      65617365 
 1862      00
 1863              	.LASF69:
 1864 020e 63685363 		.ascii	"chSchGoSleepS\000"
 1864      68476F53 
 1864      6C656570 
 1864      5300
 1865              	.LASF36:
 1866 021c 705F6570 		.ascii	"p_epending\000"
 1866      656E6469 
 1866      6E6700
 1867              	.LASF14:
 1868 0227 75696E74 		.ascii	"uint32_t\000"
 1868      33325F74 
 1868      00
 1869              	.LASF45:
 1870 0230 725F7175 		.ascii	"r_queue\000"
 1870      65756500 
 1871              	.LASF60:
 1872 0238 63686172 		.ascii	"char\000"
 1872      00
 1873              	.LASF66:
 1874 023d 6669666F 		.ascii	"fifo_remove\000"
 1874      5F72656D 
 1874      6F766500 
 1875              	.LASF70:
 1876 0249 63685363 		.ascii	"chSchReadyI\000"
 1876      68526561 
 1876      64794900 
 1877              	.LASF55:
 1878 0255 6D5F6E65 		.ascii	"m_next\000"
 1878      787400
 1879              	.LASF38:
 1880 025c 705F7265 		.ascii	"p_realprio\000"
 1880      616C7072 
 1880      696F00
 1881              	.LASF6:
 1882 0267 5F5F696E 		.ascii	"__int32_t\000"
 1882      7433325F 
 1882      7400
ARM GAS  /tmp/ccr3Eqb7.s 			page 36


 1883              	.LASF43:
 1884 0271 636F6E74 		.ascii	"context\000"
 1884      65787400 
 1885              	.LASF42:
 1886 0279 696E7463 		.ascii	"intctx\000"
 1886      747800
 1887              	.LASF34:
 1888 0280 705F6D73 		.ascii	"p_msgqueue\000"
 1888      67717565 
 1888      756500
 1889              	.LASF71:
 1890 028b 63685363 		.ascii	"chSchWakeupS\000"
 1890      6857616B 
 1890      65757053 
 1890      00
 1891              	.LASF62:
 1892 0298 63684D73 		.ascii	"chMsgWait\000"
 1892      67576169 
 1892      7400
 1893              	.LASF29:
 1894 02a2 705F6E61 		.ascii	"p_name\000"
 1894      6D6500
 1895              	.LASF51:
 1896 02a9 52656164 		.ascii	"ReadyList\000"
 1896      794C6973 
 1896      7400
 1897              	.LASF68:
 1898 02b3 726C6973 		.ascii	"rlist\000"
 1898      7400
 1899              	.LASF12:
 1900 02b9 75696E74 		.ascii	"uint8_t\000"
 1900      385F7400 
 1901              	.LASF58:
 1902 02c1 77746F62 		.ascii	"wtobjp\000"
 1902      6A7000
 1903              	.LASF63:
 1904 02c8 474E5520 		.ascii	"GNU C 4.9.3 20150529 (release) [ARM/embedded-4_9-br"
 1904      4320342E 
 1904      392E3320 
 1904      32303135 
 1904      30353239 
 1905 02fb 616E6368 		.ascii	"anch revision 224288] -mcpu=cortex-m4 -mfloat-abi=h"
 1905      20726576 
 1905      6973696F 
 1905      6E203232 
 1905      34323838 
 1906 032e 61726420 		.ascii	"ard -mfpu=fpv4-sp-d16 -mno-thumb-interwork -mthumb "
 1906      2D6D6670 
 1906      753D6670 
 1906      76342D73 
 1906      702D6431 
 1907 0361 2D676764 		.ascii	"-ggdb -O2 -fomit-frame-pointer -falign-functions=16"
 1907      62202D4F 
 1907      32202D66 
 1907      6F6D6974 
 1907      2D667261 
 1908 0394 202D666E 		.ascii	" -fno-math-errno -fsingle-precision-constant\000"
ARM GAS  /tmp/ccr3Eqb7.s 			page 37


 1908      6F2D6D61 
 1908      74682D65 
 1908      72726E6F 
 1908      202D6673 
 1909              	.LASF54:
 1910 03c1 6D5F6F77 		.ascii	"m_owner\000"
 1910      6E657200 
 1911              	.LASF26:
 1912 03c9 705F6374 		.ascii	"p_ctx\000"
 1912      7800
 1913              	.LASF33:
 1914 03cf 705F7761 		.ascii	"p_waiting\000"
 1914      6974696E 
 1914      6700
 1915              		.ident	"GCC: (GNU Tools for ARM Embedded Processors) 4.9.3 20150529 (release) [ARM/embedded-4_9-br
ARM GAS  /tmp/ccr3Eqb7.s 			page 38


DEFINED SYMBOLS
                            *ABS*:00000000 chmsg.c
     /tmp/ccr3Eqb7.s:20     .text:00000000 $t
     /tmp/ccr3Eqb7.s:26     .text:00000000 chMsgSend
     /tmp/ccr3Eqb7.s:112    .text:0000003c $d
     /tmp/ccr3Eqb7.s:116    .text:00000040 $t
     /tmp/ccr3Eqb7.s:122    .text:00000040 chMsgWait
     /tmp/ccr3Eqb7.s:193    .text:00000078 $d
     /tmp/ccr3Eqb7.s:197    .text:0000007c $t
     /tmp/ccr3Eqb7.s:203    .text:00000080 chMsgRelease
                     .debug_frame:00000010 $d

UNDEFINED SYMBOLS
chSchGoSleepS
chSchReadyI
rlist
chSchWakeupS
