ARM GAS  /tmp/ccf3UwoW.s 			page 1


   1              		.syntax unified
   2              		.cpu cortex-m4
   3              		.eabi_attribute 27, 1
   4              		.eabi_attribute 28, 1
   5              		.fpu fpv4-sp-d16
   6              		.eabi_attribute 20, 1
   7              		.eabi_attribute 21, 1
   8              		.eabi_attribute 23, 3
   9              		.eabi_attribute 24, 1
  10              		.eabi_attribute 25, 1
  11              		.eabi_attribute 26, 1
  12              		.eabi_attribute 30, 2
  13              		.eabi_attribute 34, 1
  14              		.eabi_attribute 18, 4
  15              		.thumb
  16              		.file	"chregistry.c"
  17              		.text
  18              	.Ltext0:
  19              		.cfi_sections	.debug_frame
  20              		.align	2
  21              		.p2align 4,,15
  22              		.global	chRegFirstThread
  23              		.thumb
  24              		.thumb_func
  25              		.type	chRegFirstThread, %function
  26              	chRegFirstThread:
  27              	.LFB7:
  28              		.file 1 "/d_drive/axoloti/platform_linux/../chibios/os/kernel/src/chregistry.c"
  29              		.loc 1 117 0
  30              		.cfi_startproc
  31              		@ args = 0, pretend = 0, frame = 0
  32              		@ frame_needed = 0, uses_anonymous_args = 0
  33              		@ link register save eliminated.
  34              	.LBB2:
  35              		.loc 1 120 0
  36 0000 2023     		movs	r3, #32
  37              	@ 120 "/d_drive/axoloti/platform_linux/../chibios/os/kernel/src/chregistry.c" 1
  38 0002 83F31188 		msr     BASEPRI, r3
  39              	@ 0 "" 2
  40              		.thumb
  41              	.LBE2:
  42              		.loc 1 121 0
  43 0006 034A     		ldr	r2, .L2
  44              	.LBB3:
  45              		.loc 1 125 0
  46 0008 0023     		movs	r3, #0
  47              	.LBE3:
  48              		.loc 1 121 0
  49 000a 1069     		ldr	r0, [r2, #16]
  50              	.LVL0:
  51              	.LBB4:
  52              		.loc 1 125 0
  53              	@ 125 "/d_drive/axoloti/platform_linux/../chibios/os/kernel/src/chregistry.c" 1
  54 000c 83F31188 		msr     BASEPRI, r3
  55              	@ 0 "" 2
  56              		.thumb
  57              	.LBE4:
ARM GAS  /tmp/ccf3UwoW.s 			page 2


  58              		.loc 1 127 0
  59 0010 7047     		bx	lr
  60              	.L3:
  61 0012 00BF     		.align	2
  62              	.L2:
  63 0014 00000000 		.word	rlist
  64              		.cfi_endproc
  65              	.LFE7:
  66              		.size	chRegFirstThread, .-chRegFirstThread
  67              		.align	2
  68 0018 AFF30080 		.p2align 4,,15
  68      AFF30080 
  69              		.global	chRegNextThread
  70              		.thumb
  71              		.thumb_func
  72              		.type	chRegNextThread, %function
  73              	chRegNextThread:
  74              	.LFB8:
  75              		.loc 1 140 0
  76              		.cfi_startproc
  77              		@ args = 0, pretend = 0, frame = 0
  78              		@ frame_needed = 0, uses_anonymous_args = 0
  79              		@ link register save eliminated.
  80              	.LVL1:
  81              	.LBB5:
  82              		.loc 1 143 0
  83 0020 2023     		movs	r3, #32
  84              	@ 143 "/d_drive/axoloti/platform_linux/../chibios/os/kernel/src/chregistry.c" 1
  85 0022 83F31188 		msr     BASEPRI, r3
  86              	@ 0 "" 2
  87              		.thumb
  88              	.LBE5:
  89              		.loc 1 145 0
  90 0026 044A     		ldr	r2, .L6
  91              		.loc 1 144 0
  92 0028 0069     		ldr	r0, [r0, #16]
  93              	.LVL2:
  94              	.LBB6:
  95              		.loc 1 154 0
  96 002a 0023     		movs	r3, #0
  97              	.LBE6:
  98              		.loc 1 146 0
  99 002c 9042     		cmp	r0, r2
 100 002e 08BF     		it	eq
 101 0030 1846     		moveq	r0, r3
 102              	.LVL3:
 103              	.LBB7:
 104              		.loc 1 154 0
 105              	@ 154 "/d_drive/axoloti/platform_linux/../chibios/os/kernel/src/chregistry.c" 1
 106 0032 83F31188 		msr     BASEPRI, r3
 107              	@ 0 "" 2
 108              		.thumb
 109              	.LBE7:
 110              		.loc 1 159 0
 111 0036 7047     		bx	lr
 112              	.L7:
 113              		.align	2
ARM GAS  /tmp/ccf3UwoW.s 			page 3


 114              	.L6:
 115 0038 00000000 		.word	rlist
 116              		.cfi_endproc
 117              	.LFE8:
 118              		.size	chRegNextThread, .-chRegNextThread
 119              		.global	ch_debug
 120              		.section	.rodata
 121              		.align	2
 122              		.type	ch_debug, %object
 123              		.size	ch_debug, 22
 124              	ch_debug:
 125 0000 6D61696E 		.ascii	"main"
 126 0004 00       		.byte	0
 127 0005 16       		.byte	22
 128 0006 8911     		.short	4489
 129 0008 04       		.byte	4
 130 0009 04       		.byte	4
 131 000a 40       		.byte	64
 132 000b 08       		.byte	8
 133 000c 0C       		.byte	12
 134 000d 10       		.byte	16
 135 000e 14       		.byte	20
 136 000f 18       		.byte	24
 137 0010 00       		.byte	0
 138 0011 1C       		.byte	28
 139 0012 1D       		.byte	29
 140 0013 00       		.byte	0
 141 0014 1E       		.byte	30
 142 0015 00       		.byte	0
 143              		.text
 144              	.Letext0:
 145              		.file 2 "/d_drive/axoloti/platform_linux/lib/gcc/arm-none-eabi/4.9.3/include/stddef.h"
 146              		.file 3 "/d_drive/axoloti/platform_linux/arm-none-eabi/include/machine/_default_types.h"
 147              		.file 4 "/d_drive/axoloti/platform_linux/arm-none-eabi/include/sys/_stdint.h"
 148              		.file 5 "/d_drive/axoloti/platform_linux/../chibios/os/ports/GCC/ARMCMx/chtypes.h"
 149              		.file 6 "/d_drive/axoloti/platform_linux/../chibios/os/kernel/include/chlists.h"
 150              		.file 7 "/d_drive/axoloti/platform_linux/../chibios/os/kernel/include/chthreads.h"
 151              		.file 8 "/d_drive/axoloti/platform_linux/../chibios/os/ports/GCC/ARMCMx/chcore_v7m.h"
 152              		.file 9 "/d_drive/axoloti/platform_linux/../chibios/os/kernel/include/chschd.h"
 153              		.file 10 "/d_drive/axoloti/platform_linux/../chibios/os/kernel/include/chmtx.h"
 154              		.file 11 "/d_drive/axoloti/platform_linux/../chibios/os/kernel/include/chregistry.h"
 155              		.section	.debug_info,"",%progbits
 156              	.Ldebug_info0:
 157 0000 86060000 		.4byte	0x686
 158 0004 0400     		.2byte	0x4
 159 0006 00000000 		.4byte	.Ldebug_abbrev0
 160 000a 04       		.byte	0x4
 161 000b 01       		.uleb128 0x1
 162 000c 8C030000 		.4byte	.LASF87
 163 0010 01       		.byte	0x1
 164 0011 30010000 		.4byte	.LASF88
 165 0015 00000000 		.4byte	.Ltext0
 166 0019 3C000000 		.4byte	.Letext0-.Ltext0
 167 001d 00000000 		.4byte	.Ldebug_line0
 168 0021 02       		.uleb128 0x2
 169 0022 04       		.byte	0x4
 170 0023 05       		.byte	0x5
ARM GAS  /tmp/ccf3UwoW.s 			page 4


 171 0024 696E7400 		.ascii	"int\000"
 172 0028 03       		.uleb128 0x3
 173 0029 13000000 		.4byte	.LASF2
 174 002d 02       		.byte	0x2
 175 002e D4       		.byte	0xd4
 176 002f 33000000 		.4byte	0x33
 177 0033 04       		.uleb128 0x4
 178 0034 04       		.byte	0x4
 179 0035 07       		.byte	0x7
 180 0036 08010000 		.4byte	.LASF0
 181 003a 04       		.uleb128 0x4
 182 003b 01       		.byte	0x1
 183 003c 06       		.byte	0x6
 184 003d 83000000 		.4byte	.LASF1
 185 0041 03       		.uleb128 0x3
 186 0042 21000000 		.4byte	.LASF3
 187 0046 03       		.byte	0x3
 188 0047 1D       		.byte	0x1d
 189 0048 4C000000 		.4byte	0x4c
 190 004c 04       		.uleb128 0x4
 191 004d 01       		.byte	0x1
 192 004e 08       		.byte	0x8
 193 004f 5D020000 		.4byte	.LASF4
 194 0053 04       		.uleb128 0x4
 195 0054 02       		.byte	0x2
 196 0055 05       		.byte	0x5
 197 0056 75020000 		.4byte	.LASF5
 198 005a 03       		.uleb128 0x3
 199 005b 1A030000 		.4byte	.LASF6
 200 005f 03       		.byte	0x3
 201 0060 2B       		.byte	0x2b
 202 0061 65000000 		.4byte	0x65
 203 0065 04       		.uleb128 0x4
 204 0066 02       		.byte	0x2
 205 0067 07       		.byte	0x7
 206 0068 84010000 		.4byte	.LASF7
 207 006c 03       		.uleb128 0x3
 208 006d 37030000 		.4byte	.LASF8
 209 0071 03       		.byte	0x3
 210 0072 3F       		.byte	0x3f
 211 0073 77000000 		.4byte	0x77
 212 0077 04       		.uleb128 0x4
 213 0078 04       		.byte	0x4
 214 0079 05       		.byte	0x5
 215 007a BE000000 		.4byte	.LASF9
 216 007e 03       		.uleb128 0x3
 217 007f F4000000 		.4byte	.LASF10
 218 0083 03       		.byte	0x3
 219 0084 41       		.byte	0x41
 220 0085 89000000 		.4byte	0x89
 221 0089 04       		.uleb128 0x4
 222 008a 04       		.byte	0x4
 223 008b 07       		.byte	0x7
 224 008c 15010000 		.4byte	.LASF11
 225 0090 04       		.uleb128 0x4
 226 0091 08       		.byte	0x8
 227 0092 05       		.byte	0x5
ARM GAS  /tmp/ccf3UwoW.s 			page 5


 228 0093 75000000 		.4byte	.LASF12
 229 0097 04       		.uleb128 0x4
 230 0098 08       		.byte	0x8
 231 0099 07       		.byte	0x7
 232 009a 39000000 		.4byte	.LASF13
 233 009e 03       		.uleb128 0x3
 234 009f 7D030000 		.4byte	.LASF14
 235 00a3 04       		.byte	0x4
 236 00a4 14       		.byte	0x14
 237 00a5 41000000 		.4byte	0x41
 238 00a9 03       		.uleb128 0x3
 239 00aa D0000000 		.4byte	.LASF15
 240 00ae 04       		.byte	0x4
 241 00af 1A       		.byte	0x1a
 242 00b0 5A000000 		.4byte	0x5a
 243 00b4 03       		.uleb128 0x3
 244 00b5 55020000 		.4byte	.LASF16
 245 00b9 04       		.byte	0x4
 246 00ba 1F       		.byte	0x1f
 247 00bb 6C000000 		.4byte	0x6c
 248 00bf 03       		.uleb128 0x3
 249 00c0 E8020000 		.4byte	.LASF17
 250 00c4 04       		.byte	0x4
 251 00c5 20       		.byte	0x20
 252 00c6 7E000000 		.4byte	0x7e
 253 00ca 04       		.uleb128 0x4
 254 00cb 01       		.byte	0x1
 255 00cc 02       		.byte	0x2
 256 00cd 4F020000 		.4byte	.LASF18
 257 00d1 03       		.uleb128 0x3
 258 00d2 A5010000 		.4byte	.LASF19
 259 00d6 05       		.byte	0x5
 260 00d7 2C       		.byte	0x2c
 261 00d8 9E000000 		.4byte	0x9e
 262 00dc 03       		.uleb128 0x3
 263 00dd C7000000 		.4byte	.LASF20
 264 00e1 05       		.byte	0x5
 265 00e2 2D       		.byte	0x2d
 266 00e3 9E000000 		.4byte	0x9e
 267 00e7 03       		.uleb128 0x3
 268 00e8 B4000000 		.4byte	.LASF21
 269 00ec 05       		.byte	0x5
 270 00ed 2F       		.byte	0x2f
 271 00ee 9E000000 		.4byte	0x9e
 272 00f2 03       		.uleb128 0x3
 273 00f3 47020000 		.4byte	.LASF22
 274 00f7 05       		.byte	0x5
 275 00f8 30       		.byte	0x30
 276 00f9 BF000000 		.4byte	0xbf
 277 00fd 03       		.uleb128 0x3
 278 00fe 97010000 		.4byte	.LASF23
 279 0102 05       		.byte	0x5
 280 0103 31       		.byte	0x31
 281 0104 B4000000 		.4byte	0xb4
 282 0108 03       		.uleb128 0x3
 283 0109 B9010000 		.4byte	.LASF24
 284 010d 05       		.byte	0x5
ARM GAS  /tmp/ccf3UwoW.s 			page 6


 285 010e 33       		.byte	0x33
 286 010f BF000000 		.4byte	0xbf
 287 0113 03       		.uleb128 0x3
 288 0114 C9020000 		.4byte	.LASF25
 289 0118 06       		.byte	0x6
 290 0119 2A       		.byte	0x2a
 291 011a 1E010000 		.4byte	0x11e
 292 011e 05       		.uleb128 0x5
 293 011f C9020000 		.4byte	.LASF25
 294 0123 40       		.byte	0x40
 295 0124 07       		.byte	0x7
 296 0125 5E       		.byte	0x5e
 297 0126 F7010000 		.4byte	0x1f7
 298 012a 06       		.uleb128 0x6
 299 012b AB020000 		.4byte	.LASF26
 300 012f 07       		.byte	0x7
 301 0130 5F       		.byte	0x5f
 302 0131 18020000 		.4byte	0x218
 303 0135 00       		.byte	0
 304 0136 06       		.uleb128 0x6
 305 0137 40020000 		.4byte	.LASF27
 306 013b 07       		.byte	0x7
 307 013c 61       		.byte	0x61
 308 013d 18020000 		.4byte	0x218
 309 0141 04       		.byte	0x4
 310 0142 06       		.uleb128 0x6
 311 0143 61000000 		.4byte	.LASF28
 312 0147 07       		.byte	0x7
 313 0148 63       		.byte	0x63
 314 0149 F2000000 		.4byte	0xf2
 315 014d 08       		.byte	0x8
 316 014e 06       		.uleb128 0x6
 317 014f 98040000 		.4byte	.LASF29
 318 0153 07       		.byte	0x7
 319 0154 64       		.byte	0x64
 320 0155 A2030000 		.4byte	0x3a2
 321 0159 0C       		.byte	0xc
 322 015a 06       		.uleb128 0x6
 323 015b E3000000 		.4byte	.LASF30
 324 015f 07       		.byte	0x7
 325 0160 66       		.byte	0x66
 326 0161 18020000 		.4byte	0x218
 327 0165 10       		.byte	0x10
 328 0166 06       		.uleb128 0x6
 329 0167 00020000 		.4byte	.LASF31
 330 016b 07       		.byte	0x7
 331 016c 67       		.byte	0x67
 332 016d 18020000 		.4byte	0x218
 333 0171 14       		.byte	0x14
 334 0172 06       		.uleb128 0x6
 335 0173 66030000 		.4byte	.LASF32
 336 0177 07       		.byte	0x7
 337 0178 6E       		.byte	0x6e
 338 0179 9D040000 		.4byte	0x49d
 339 017d 18       		.byte	0x18
 340 017e 06       		.uleb128 0x6
 341 017f 7F020000 		.4byte	.LASF33
ARM GAS  /tmp/ccf3UwoW.s 			page 7


 342 0183 07       		.byte	0x7
 343 0184 79       		.byte	0x79
 344 0185 DC000000 		.4byte	0xdc
 345 0189 1C       		.byte	0x1c
 346 018a 06       		.uleb128 0x6
 347 018b C1020000 		.4byte	.LASF34
 348 018f 07       		.byte	0x7
 349 0190 7D       		.byte	0x7d
 350 0191 D1000000 		.4byte	0xd1
 351 0195 1D       		.byte	0x1d
 352 0196 06       		.uleb128 0x6
 353 0197 87020000 		.4byte	.LASF35
 354 019b 07       		.byte	0x7
 355 019c 88       		.byte	0x88
 356 019d E7000000 		.4byte	0xe7
 357 01a1 1E       		.byte	0x1e
 358 01a2 07       		.uleb128 0x7
 359 01a3 705F7500 		.ascii	"p_u\000"
 360 01a7 07       		.byte	0x7
 361 01a8 B4       		.byte	0xb4
 362 01a9 68040000 		.4byte	0x468
 363 01ad 20       		.byte	0x20
 364 01ae 06       		.uleb128 0x6
 365 01af 9E040000 		.4byte	.LASF36
 366 01b3 07       		.byte	0x7
 367 01b4 B9       		.byte	0xb9
 368 01b5 3E020000 		.4byte	0x23e
 369 01b9 24       		.byte	0x24
 370 01ba 06       		.uleb128 0x6
 371 01bb 50030000 		.4byte	.LASF37
 372 01bf 07       		.byte	0x7
 373 01c0 BF       		.byte	0xbf
 374 01c1 1E020000 		.4byte	0x21e
 375 01c5 28       		.byte	0x28
 376 01c6 06       		.uleb128 0x6
 377 01c7 0D000000 		.4byte	.LASF38
 378 01cb 07       		.byte	0x7
 379 01cc C3       		.byte	0xc3
 380 01cd FD000000 		.4byte	0xfd
 381 01d1 30       		.byte	0x30
 382 01d2 06       		.uleb128 0x6
 383 01d3 DD020000 		.4byte	.LASF39
 384 01d7 07       		.byte	0x7
 385 01d8 C9       		.byte	0xc9
 386 01d9 08010000 		.4byte	0x108
 387 01dd 34       		.byte	0x34
 388 01de 06       		.uleb128 0x6
 389 01df 6B020000 		.4byte	.LASF40
 390 01e3 07       		.byte	0x7
 391 01e4 D0       		.byte	0xd0
 392 01e5 AF040000 		.4byte	0x4af
 393 01e9 38       		.byte	0x38
 394 01ea 06       		.uleb128 0x6
 395 01eb 2C030000 		.4byte	.LASF41
 396 01ef 07       		.byte	0x7
 397 01f0 D4       		.byte	0xd4
 398 01f1 F2000000 		.4byte	0xf2
ARM GAS  /tmp/ccf3UwoW.s 			page 8


 399 01f5 3C       		.byte	0x3c
 400 01f6 00       		.byte	0
 401 01f7 08       		.uleb128 0x8
 402 01f8 08       		.byte	0x8
 403 01f9 06       		.byte	0x6
 404 01fa 61       		.byte	0x61
 405 01fb 18020000 		.4byte	0x218
 406 01ff 06       		.uleb128 0x6
 407 0200 AB020000 		.4byte	.LASF26
 408 0204 06       		.byte	0x6
 409 0205 62       		.byte	0x62
 410 0206 18020000 		.4byte	0x218
 411 020a 00       		.byte	0
 412 020b 06       		.uleb128 0x6
 413 020c 40020000 		.4byte	.LASF27
 414 0210 06       		.byte	0x6
 415 0211 64       		.byte	0x64
 416 0212 18020000 		.4byte	0x218
 417 0216 04       		.byte	0x4
 418 0217 00       		.byte	0
 419 0218 09       		.uleb128 0x9
 420 0219 04       		.byte	0x4
 421 021a 13010000 		.4byte	0x113
 422 021e 03       		.uleb128 0x3
 423 021f 0E020000 		.4byte	.LASF42
 424 0223 06       		.byte	0x6
 425 0224 66       		.byte	0x66
 426 0225 F7010000 		.4byte	0x1f7
 427 0229 08       		.uleb128 0x8
 428 022a 04       		.byte	0x4
 429 022b 06       		.byte	0x6
 430 022c 6B       		.byte	0x6b
 431 022d 3E020000 		.4byte	0x23e
 432 0231 06       		.uleb128 0x6
 433 0232 AB020000 		.4byte	.LASF26
 434 0236 06       		.byte	0x6
 435 0237 6D       		.byte	0x6d
 436 0238 18020000 		.4byte	0x218
 437 023c 00       		.byte	0
 438 023d 00       		.byte	0
 439 023e 03       		.uleb128 0x3
 440 023f AD010000 		.4byte	.LASF43
 441 0243 06       		.byte	0x6
 442 0244 70       		.byte	0x70
 443 0245 29020000 		.4byte	0x229
 444 0249 03       		.uleb128 0x3
 445 024a FF000000 		.4byte	.LASF44
 446 024e 08       		.byte	0x8
 447 024f E5       		.byte	0xe5
 448 0250 54020000 		.4byte	0x254
 449 0254 0A       		.uleb128 0xa
 450 0255 04       		.byte	0x4
 451 0256 0B       		.uleb128 0xb
 452 0257 49030000 		.4byte	.LASF45
 453 025b 64       		.byte	0x64
 454 025c 08       		.byte	0x8
 455 025d 0C01     		.2byte	0x10c
ARM GAS  /tmp/ccf3UwoW.s 			page 9


 456 025f A2030000 		.4byte	0x3a2
 457 0263 0C       		.uleb128 0xc
 458 0264 73313600 		.ascii	"s16\000"
 459 0268 08       		.byte	0x8
 460 0269 0E01     		.2byte	0x10e
 461 026b 49020000 		.4byte	0x249
 462 026f 00       		.byte	0
 463 0270 0C       		.uleb128 0xc
 464 0271 73313700 		.ascii	"s17\000"
 465 0275 08       		.byte	0x8
 466 0276 0F01     		.2byte	0x10f
 467 0278 49020000 		.4byte	0x249
 468 027c 04       		.byte	0x4
 469 027d 0C       		.uleb128 0xc
 470 027e 73313800 		.ascii	"s18\000"
 471 0282 08       		.byte	0x8
 472 0283 1001     		.2byte	0x110
 473 0285 49020000 		.4byte	0x249
 474 0289 08       		.byte	0x8
 475 028a 0C       		.uleb128 0xc
 476 028b 73313900 		.ascii	"s19\000"
 477 028f 08       		.byte	0x8
 478 0290 1101     		.2byte	0x111
 479 0292 49020000 		.4byte	0x249
 480 0296 0C       		.byte	0xc
 481 0297 0C       		.uleb128 0xc
 482 0298 73323000 		.ascii	"s20\000"
 483 029c 08       		.byte	0x8
 484 029d 1201     		.2byte	0x112
 485 029f 49020000 		.4byte	0x249
 486 02a3 10       		.byte	0x10
 487 02a4 0C       		.uleb128 0xc
 488 02a5 73323100 		.ascii	"s21\000"
 489 02a9 08       		.byte	0x8
 490 02aa 1301     		.2byte	0x113
 491 02ac 49020000 		.4byte	0x249
 492 02b0 14       		.byte	0x14
 493 02b1 0C       		.uleb128 0xc
 494 02b2 73323200 		.ascii	"s22\000"
 495 02b6 08       		.byte	0x8
 496 02b7 1401     		.2byte	0x114
 497 02b9 49020000 		.4byte	0x249
 498 02bd 18       		.byte	0x18
 499 02be 0C       		.uleb128 0xc
 500 02bf 73323300 		.ascii	"s23\000"
 501 02c3 08       		.byte	0x8
 502 02c4 1501     		.2byte	0x115
 503 02c6 49020000 		.4byte	0x249
 504 02ca 1C       		.byte	0x1c
 505 02cb 0C       		.uleb128 0xc
 506 02cc 73323400 		.ascii	"s24\000"
 507 02d0 08       		.byte	0x8
 508 02d1 1601     		.2byte	0x116
 509 02d3 49020000 		.4byte	0x249
 510 02d7 20       		.byte	0x20
 511 02d8 0C       		.uleb128 0xc
 512 02d9 73323500 		.ascii	"s25\000"
ARM GAS  /tmp/ccf3UwoW.s 			page 10


 513 02dd 08       		.byte	0x8
 514 02de 1701     		.2byte	0x117
 515 02e0 49020000 		.4byte	0x249
 516 02e4 24       		.byte	0x24
 517 02e5 0C       		.uleb128 0xc
 518 02e6 73323600 		.ascii	"s26\000"
 519 02ea 08       		.byte	0x8
 520 02eb 1801     		.2byte	0x118
 521 02ed 49020000 		.4byte	0x249
 522 02f1 28       		.byte	0x28
 523 02f2 0C       		.uleb128 0xc
 524 02f3 73323700 		.ascii	"s27\000"
 525 02f7 08       		.byte	0x8
 526 02f8 1901     		.2byte	0x119
 527 02fa 49020000 		.4byte	0x249
 528 02fe 2C       		.byte	0x2c
 529 02ff 0C       		.uleb128 0xc
 530 0300 73323800 		.ascii	"s28\000"
 531 0304 08       		.byte	0x8
 532 0305 1A01     		.2byte	0x11a
 533 0307 49020000 		.4byte	0x249
 534 030b 30       		.byte	0x30
 535 030c 0C       		.uleb128 0xc
 536 030d 73323900 		.ascii	"s29\000"
 537 0311 08       		.byte	0x8
 538 0312 1B01     		.2byte	0x11b
 539 0314 49020000 		.4byte	0x249
 540 0318 34       		.byte	0x34
 541 0319 0C       		.uleb128 0xc
 542 031a 73333000 		.ascii	"s30\000"
 543 031e 08       		.byte	0x8
 544 031f 1C01     		.2byte	0x11c
 545 0321 49020000 		.4byte	0x249
 546 0325 38       		.byte	0x38
 547 0326 0C       		.uleb128 0xc
 548 0327 73333100 		.ascii	"s31\000"
 549 032b 08       		.byte	0x8
 550 032c 1D01     		.2byte	0x11d
 551 032e 49020000 		.4byte	0x249
 552 0332 3C       		.byte	0x3c
 553 0333 0C       		.uleb128 0xc
 554 0334 723400   		.ascii	"r4\000"
 555 0337 08       		.byte	0x8
 556 0338 1F01     		.2byte	0x11f
 557 033a 49020000 		.4byte	0x249
 558 033e 40       		.byte	0x40
 559 033f 0C       		.uleb128 0xc
 560 0340 723500   		.ascii	"r5\000"
 561 0343 08       		.byte	0x8
 562 0344 2001     		.2byte	0x120
 563 0346 49020000 		.4byte	0x249
 564 034a 44       		.byte	0x44
 565 034b 0C       		.uleb128 0xc
 566 034c 723600   		.ascii	"r6\000"
 567 034f 08       		.byte	0x8
 568 0350 2101     		.2byte	0x121
 569 0352 49020000 		.4byte	0x249
ARM GAS  /tmp/ccf3UwoW.s 			page 11


 570 0356 48       		.byte	0x48
 571 0357 0C       		.uleb128 0xc
 572 0358 723700   		.ascii	"r7\000"
 573 035b 08       		.byte	0x8
 574 035c 2201     		.2byte	0x122
 575 035e 49020000 		.4byte	0x249
 576 0362 4C       		.byte	0x4c
 577 0363 0C       		.uleb128 0xc
 578 0364 723800   		.ascii	"r8\000"
 579 0367 08       		.byte	0x8
 580 0368 2301     		.2byte	0x123
 581 036a 49020000 		.4byte	0x249
 582 036e 50       		.byte	0x50
 583 036f 0C       		.uleb128 0xc
 584 0370 723900   		.ascii	"r9\000"
 585 0373 08       		.byte	0x8
 586 0374 2401     		.2byte	0x124
 587 0376 49020000 		.4byte	0x249
 588 037a 54       		.byte	0x54
 589 037b 0C       		.uleb128 0xc
 590 037c 72313000 		.ascii	"r10\000"
 591 0380 08       		.byte	0x8
 592 0381 2501     		.2byte	0x125
 593 0383 49020000 		.4byte	0x249
 594 0387 58       		.byte	0x58
 595 0388 0C       		.uleb128 0xc
 596 0389 72313100 		.ascii	"r11\000"
 597 038d 08       		.byte	0x8
 598 038e 2601     		.2byte	0x126
 599 0390 49020000 		.4byte	0x249
 600 0394 5C       		.byte	0x5c
 601 0395 0C       		.uleb128 0xc
 602 0396 6C7200   		.ascii	"lr\000"
 603 0399 08       		.byte	0x8
 604 039a 2701     		.2byte	0x127
 605 039c 49020000 		.4byte	0x249
 606 03a0 60       		.byte	0x60
 607 03a1 00       		.byte	0
 608 03a2 0B       		.uleb128 0xb
 609 03a3 41030000 		.4byte	.LASF46
 610 03a7 04       		.byte	0x4
 611 03a8 08       		.byte	0x8
 612 03a9 3101     		.2byte	0x131
 613 03ab BD030000 		.4byte	0x3bd
 614 03af 0C       		.uleb128 0xc
 615 03b0 72313300 		.ascii	"r13\000"
 616 03b4 08       		.byte	0x8
 617 03b5 3201     		.2byte	0x132
 618 03b7 BD030000 		.4byte	0x3bd
 619 03bb 00       		.byte	0
 620 03bc 00       		.byte	0
 621 03bd 09       		.uleb128 0x9
 622 03be 04       		.byte	0x4
 623 03bf 56020000 		.4byte	0x256
 624 03c3 04       		.uleb128 0x4
 625 03c4 04       		.byte	0x4
 626 03c5 07       		.byte	0x7
ARM GAS  /tmp/ccf3UwoW.s 			page 12


 627 03c6 DF010000 		.4byte	.LASF47
 628 03ca 08       		.uleb128 0x8
 629 03cb 1C       		.byte	0x1c
 630 03cc 09       		.byte	0x9
 631 03cd 5E       		.byte	0x5e
 632 03ce 1B040000 		.4byte	0x41b
 633 03d2 06       		.uleb128 0x6
 634 03d3 FD020000 		.4byte	.LASF48
 635 03d7 09       		.byte	0x9
 636 03d8 5F       		.byte	0x5f
 637 03d9 1E020000 		.4byte	0x21e
 638 03dd 00       		.byte	0
 639 03de 06       		.uleb128 0x6
 640 03df 9D020000 		.4byte	.LASF49
 641 03e3 09       		.byte	0x9
 642 03e4 60       		.byte	0x60
 643 03e5 F2000000 		.4byte	0xf2
 644 03e9 08       		.byte	0x8
 645 03ea 06       		.uleb128 0x6
 646 03eb 08020000 		.4byte	.LASF50
 647 03ef 09       		.byte	0x9
 648 03f0 62       		.byte	0x62
 649 03f1 A2030000 		.4byte	0x3a2
 650 03f5 0C       		.byte	0xc
 651 03f6 06       		.uleb128 0x6
 652 03f7 9D010000 		.4byte	.LASF51
 653 03fb 09       		.byte	0x9
 654 03fc 65       		.byte	0x65
 655 03fd 18020000 		.4byte	0x218
 656 0401 10       		.byte	0x10
 657 0402 06       		.uleb128 0x6
 658 0403 2D020000 		.4byte	.LASF52
 659 0407 09       		.byte	0x9
 660 0408 66       		.byte	0x66
 661 0409 18020000 		.4byte	0x218
 662 040d 14       		.byte	0x14
 663 040e 06       		.uleb128 0x6
 664 040f 23020000 		.4byte	.LASF53
 665 0413 09       		.byte	0x9
 666 0414 69       		.byte	0x69
 667 0415 18020000 		.4byte	0x218
 668 0419 18       		.byte	0x18
 669 041a 00       		.byte	0
 670 041b 03       		.uleb128 0x3
 671 041c 6D030000 		.4byte	.LASF54
 672 0420 09       		.byte	0x9
 673 0421 6B       		.byte	0x6b
 674 0422 CA030000 		.4byte	0x3ca
 675 0426 05       		.uleb128 0x5
 676 0427 C5010000 		.4byte	.LASF55
 677 042b 10       		.byte	0x10
 678 042c 0A       		.byte	0xa
 679 042d 2C       		.byte	0x2c
 680 042e 57040000 		.4byte	0x457
 681 0432 06       		.uleb128 0x6
 682 0433 AC000000 		.4byte	.LASF56
 683 0437 0A       		.byte	0xa
ARM GAS  /tmp/ccf3UwoW.s 			page 13


 684 0438 2D       		.byte	0x2d
 685 0439 1E020000 		.4byte	0x21e
 686 043d 00       		.byte	0
 687 043e 06       		.uleb128 0x6
 688 043f 90040000 		.4byte	.LASF57
 689 0443 0A       		.byte	0xa
 690 0444 2F       		.byte	0x2f
 691 0445 18020000 		.4byte	0x218
 692 0449 08       		.byte	0x8
 693 044a 06       		.uleb128 0x6
 694 044b 25030000 		.4byte	.LASF58
 695 044f 0A       		.byte	0xa
 696 0450 31       		.byte	0x31
 697 0451 57040000 		.4byte	0x457
 698 0455 0C       		.byte	0xc
 699 0456 00       		.byte	0
 700 0457 09       		.uleb128 0x9
 701 0458 04       		.byte	0x4
 702 0459 26040000 		.4byte	0x426
 703 045d 03       		.uleb128 0x3
 704 045e C5010000 		.4byte	.LASF55
 705 0462 0A       		.byte	0xa
 706 0463 33       		.byte	0x33
 707 0464 26040000 		.4byte	0x426
 708 0468 0D       		.uleb128 0xd
 709 0469 04       		.byte	0x4
 710 046a 07       		.byte	0x7
 711 046b 96       		.byte	0x96
 712 046c 9D040000 		.4byte	0x49d
 713 0470 0E       		.uleb128 0xe
 714 0471 1A000000 		.4byte	.LASF59
 715 0475 07       		.byte	0x7
 716 0476 9D       		.byte	0x9d
 717 0477 FD000000 		.4byte	0xfd
 718 047b 0E       		.uleb128 0xe
 719 047c EB000000 		.4byte	.LASF60
 720 0480 07       		.byte	0x7
 721 0481 A4       		.byte	0xa4
 722 0482 FD000000 		.4byte	0xfd
 723 0486 0E       		.uleb128 0xe
 724 0487 85030000 		.4byte	.LASF61
 725 048b 07       		.byte	0x7
 726 048c AB       		.byte	0xab
 727 048d 54020000 		.4byte	0x254
 728 0491 0E       		.uleb128 0xe
 729 0492 A4020000 		.4byte	.LASF62
 730 0496 07       		.byte	0x7
 731 0497 B2       		.byte	0xb2
 732 0498 08010000 		.4byte	0x108
 733 049c 00       		.byte	0
 734 049d 09       		.uleb128 0x9
 735 049e 04       		.byte	0x4
 736 049f A3040000 		.4byte	0x4a3
 737 04a3 0F       		.uleb128 0xf
 738 04a4 A8040000 		.4byte	0x4a8
 739 04a8 04       		.uleb128 0x4
 740 04a9 01       		.byte	0x1
ARM GAS  /tmp/ccf3UwoW.s 			page 14


 741 04aa 08       		.byte	0x8
 742 04ab 05030000 		.4byte	.LASF63
 743 04af 09       		.uleb128 0x9
 744 04b0 04       		.byte	0x4
 745 04b1 5D040000 		.4byte	0x45d
 746 04b5 08       		.uleb128 0x8
 747 04b6 16       		.byte	0x16
 748 04b7 0B       		.byte	0xb
 749 04b8 2C       		.byte	0x2c
 750 04b9 96050000 		.4byte	0x596
 751 04bd 06       		.uleb128 0x6
 752 04be 76010000 		.4byte	.LASF64
 753 04c2 0B       		.byte	0xb
 754 04c3 2D       		.byte	0x2d
 755 04c4 96050000 		.4byte	0x596
 756 04c8 00       		.byte	0
 757 04c9 06       		.uleb128 0x6
 758 04ca CB010000 		.4byte	.LASF65
 759 04ce 0B       		.byte	0xb
 760 04cf 2E       		.byte	0x2e
 761 04d0 9E000000 		.4byte	0x9e
 762 04d4 04       		.byte	0x4
 763 04d5 06       		.uleb128 0x6
 764 04d6 1B020000 		.4byte	.LASF66
 765 04da 0B       		.byte	0xb
 766 04db 2F       		.byte	0x2f
 767 04dc 9E000000 		.4byte	0x9e
 768 04e0 05       		.byte	0x5
 769 04e1 06       		.uleb128 0x6
 770 04e2 85040000 		.4byte	.LASF67
 771 04e6 0B       		.byte	0xb
 772 04e7 30       		.byte	0x30
 773 04e8 A9000000 		.4byte	0xa9
 774 04ec 06       		.byte	0x6
 775 04ed 06       		.uleb128 0x6
 776 04ee 35020000 		.4byte	.LASF68
 777 04f2 0B       		.byte	0xb
 778 04f3 31       		.byte	0x31
 779 04f4 9E000000 		.4byte	0x9e
 780 04f8 08       		.byte	0x8
 781 04f9 06       		.uleb128 0x6
 782 04fa E8010000 		.4byte	.LASF69
 783 04fe 0B       		.byte	0xb
 784 04ff 32       		.byte	0x32
 785 0500 9E000000 		.4byte	0x9e
 786 0504 09       		.byte	0x9
 787 0505 06       		.uleb128 0x6
 788 0506 2B000000 		.4byte	.LASF70
 789 050a 0B       		.byte	0xb
 790 050b 33       		.byte	0x33
 791 050c 9E000000 		.4byte	0x9e
 792 0510 0A       		.byte	0xa
 793 0511 06       		.uleb128 0x6
 794 0512 F1020000 		.4byte	.LASF71
 795 0516 0B       		.byte	0xb
 796 0517 34       		.byte	0x34
 797 0518 9E000000 		.4byte	0x9e
ARM GAS  /tmp/ccf3UwoW.s 			page 15


 798 051c 0B       		.byte	0xb
 799 051d 06       		.uleb128 0x6
 800 051e 5B030000 		.4byte	.LASF72
 801 0522 0B       		.byte	0xb
 802 0523 35       		.byte	0x35
 803 0524 9E000000 		.4byte	0x9e
 804 0528 0C       		.byte	0xc
 805 0529 06       		.uleb128 0x6
 806 052a D0020000 		.4byte	.LASF73
 807 052e 0B       		.byte	0xb
 808 052f 36       		.byte	0x36
 809 0530 9E000000 		.4byte	0x9e
 810 0534 0D       		.byte	0xd
 811 0535 06       		.uleb128 0x6
 812 0536 00000000 		.4byte	.LASF74
 813 053a 0B       		.byte	0xb
 814 053b 37       		.byte	0x37
 815 053c 9E000000 		.4byte	0x9e
 816 0540 0E       		.byte	0xe
 817 0541 06       		.uleb128 0x6
 818 0542 F4010000 		.4byte	.LASF75
 819 0546 0B       		.byte	0xb
 820 0547 38       		.byte	0x38
 821 0548 9E000000 		.4byte	0x9e
 822 054c 0F       		.byte	0xf
 823 054d 06       		.uleb128 0x6
 824 054e 8F000000 		.4byte	.LASF76
 825 0552 0B       		.byte	0xb
 826 0553 39       		.byte	0x39
 827 0554 9E000000 		.4byte	0x9e
 828 0558 10       		.byte	0x10
 829 0559 06       		.uleb128 0x6
 830 055a 68000000 		.4byte	.LASF77
 831 055e 0B       		.byte	0xb
 832 055f 3B       		.byte	0x3b
 833 0560 9E000000 		.4byte	0x9e
 834 0564 11       		.byte	0x11
 835 0565 06       		.uleb128 0x6
 836 0566 9F000000 		.4byte	.LASF78
 837 056a 0B       		.byte	0xb
 838 056b 3C       		.byte	0x3c
 839 056c 9E000000 		.4byte	0x9e
 840 0570 12       		.byte	0x12
 841 0571 06       		.uleb128 0x6
 842 0572 D3010000 		.4byte	.LASF79
 843 0576 0B       		.byte	0xb
 844 0577 3D       		.byte	0x3d
 845 0578 9E000000 		.4byte	0x9e
 846 057c 13       		.byte	0x13
 847 057d 06       		.uleb128 0x6
 848 057e B2020000 		.4byte	.LASF80
 849 0582 0B       		.byte	0xb
 850 0583 3E       		.byte	0x3e
 851 0584 9E000000 		.4byte	0x9e
 852 0588 14       		.byte	0x14
 853 0589 06       		.uleb128 0x6
 854 058a 91020000 		.4byte	.LASF81
ARM GAS  /tmp/ccf3UwoW.s 			page 16


 855 058e 0B       		.byte	0xb
 856 058f 40       		.byte	0x40
 857 0590 9E000000 		.4byte	0x9e
 858 0594 15       		.byte	0x15
 859 0595 00       		.byte	0
 860 0596 10       		.uleb128 0x10
 861 0597 A8040000 		.4byte	0x4a8
 862 059b A6050000 		.4byte	0x5a6
 863 059f 11       		.uleb128 0x11
 864 05a0 C3030000 		.4byte	0x3c3
 865 05a4 03       		.byte	0x3
 866 05a5 00       		.byte	0
 867 05a6 03       		.uleb128 0x3
 868 05a7 D9000000 		.4byte	.LASF82
 869 05ab 0B       		.byte	0xb
 870 05ac 41       		.byte	0x41
 871 05ad B5040000 		.4byte	0x4b5
 872 05b1 12       		.uleb128 0x12
 873 05b2 50000000 		.4byte	.LASF83
 874 05b6 01       		.byte	0x1
 875 05b7 75       		.byte	0x75
 876 05b8 18020000 		.4byte	0x218
 877 05bc 00000000 		.4byte	.LFB7
 878 05c0 18000000 		.4byte	.LFE7-.LFB7
 879 05c4 01       		.uleb128 0x1
 880 05c5 9C       		.byte	0x9c
 881 05c6 05060000 		.4byte	0x605
 882 05ca 13       		.uleb128 0x13
 883 05cb 747000   		.ascii	"tp\000"
 884 05ce 01       		.byte	0x1
 885 05cf 76       		.byte	0x76
 886 05d0 18020000 		.4byte	0x218
 887 05d4 01       		.uleb128 0x1
 888 05d5 50       		.byte	0x50
 889 05d6 14       		.uleb128 0x14
 890 05d7 00000000 		.4byte	.LBB2
 891 05db 06000000 		.4byte	.LBE2-.LBB2
 892 05df F1050000 		.4byte	0x5f1
 893 05e3 13       		.uleb128 0x13
 894 05e4 746D7000 		.ascii	"tmp\000"
 895 05e8 01       		.byte	0x1
 896 05e9 78       		.byte	0x78
 897 05ea BF000000 		.4byte	0xbf
 898 05ee 01       		.uleb128 0x1
 899 05ef 53       		.byte	0x53
 900 05f0 00       		.byte	0
 901 05f1 15       		.uleb128 0x15
 902 05f2 00000000 		.4byte	.Ldebug_ranges0+0
 903 05f6 13       		.uleb128 0x13
 904 05f7 746D7000 		.ascii	"tmp\000"
 905 05fb 01       		.byte	0x1
 906 05fc 7D       		.byte	0x7d
 907 05fd BF000000 		.4byte	0xbf
 908 0601 01       		.uleb128 0x1
 909 0602 53       		.byte	0x53
 910 0603 00       		.byte	0
 911 0604 00       		.byte	0
ARM GAS  /tmp/ccf3UwoW.s 			page 17


 912 0605 12       		.uleb128 0x12
 913 0606 0A030000 		.4byte	.LASF84
 914 060a 01       		.byte	0x1
 915 060b 8C       		.byte	0x8c
 916 060c 18020000 		.4byte	0x218
 917 0610 20000000 		.4byte	.LFB8
 918 0614 1C000000 		.4byte	.LFE8-.LFB8
 919 0618 01       		.uleb128 0x1
 920 0619 9C       		.byte	0x9c
 921 061a 68060000 		.4byte	0x668
 922 061e 16       		.uleb128 0x16
 923 061f 747000   		.ascii	"tp\000"
 924 0622 01       		.byte	0x1
 925 0623 8C       		.byte	0x8c
 926 0624 18020000 		.4byte	0x218
 927 0628 00000000 		.4byte	.LLST0
 928 062c 13       		.uleb128 0x13
 929 062d 6E747000 		.ascii	"ntp\000"
 930 0631 01       		.byte	0x1
 931 0632 8D       		.byte	0x8d
 932 0633 18020000 		.4byte	0x218
 933 0637 01       		.uleb128 0x1
 934 0638 50       		.byte	0x50
 935 0639 14       		.uleb128 0x14
 936 063a 20000000 		.4byte	.LBB5
 937 063e 06000000 		.4byte	.LBE5-.LBB5
 938 0642 54060000 		.4byte	0x654
 939 0646 13       		.uleb128 0x13
 940 0647 746D7000 		.ascii	"tmp\000"
 941 064b 01       		.byte	0x1
 942 064c 8F       		.byte	0x8f
 943 064d BF000000 		.4byte	0xbf
 944 0651 01       		.uleb128 0x1
 945 0652 53       		.byte	0x53
 946 0653 00       		.byte	0
 947 0654 15       		.uleb128 0x15
 948 0655 18000000 		.4byte	.Ldebug_ranges0+0x18
 949 0659 13       		.uleb128 0x13
 950 065a 746D7000 		.ascii	"tmp\000"
 951 065e 01       		.byte	0x1
 952 065f 9A       		.byte	0x9a
 953 0660 BF000000 		.4byte	0xbf
 954 0664 01       		.uleb128 0x1
 955 0665 53       		.byte	0x53
 956 0666 00       		.byte	0
 957 0667 00       		.byte	0
 958 0668 17       		.uleb128 0x17
 959 0669 77030000 		.4byte	.LASF85
 960 066d 09       		.byte	0x9
 961 066e 6F       		.byte	0x6f
 962 066f 1B040000 		.4byte	0x41b
 963 0673 18       		.uleb128 0x18
 964 0674 27010000 		.4byte	.LASF86
 965 0678 01       		.byte	0x1
 966 0679 42       		.byte	0x42
 967 067a 84060000 		.4byte	0x684
 968 067e 05       		.uleb128 0x5
ARM GAS  /tmp/ccf3UwoW.s 			page 18


 969 067f 03       		.byte	0x3
 970 0680 00000000 		.4byte	ch_debug
 971 0684 0F       		.uleb128 0xf
 972 0685 A6050000 		.4byte	0x5a6
 973 0689 00       		.byte	0
 974              		.section	.debug_abbrev,"",%progbits
 975              	.Ldebug_abbrev0:
 976 0000 01       		.uleb128 0x1
 977 0001 11       		.uleb128 0x11
 978 0002 01       		.byte	0x1
 979 0003 25       		.uleb128 0x25
 980 0004 0E       		.uleb128 0xe
 981 0005 13       		.uleb128 0x13
 982 0006 0B       		.uleb128 0xb
 983 0007 03       		.uleb128 0x3
 984 0008 0E       		.uleb128 0xe
 985 0009 11       		.uleb128 0x11
 986 000a 01       		.uleb128 0x1
 987 000b 12       		.uleb128 0x12
 988 000c 06       		.uleb128 0x6
 989 000d 10       		.uleb128 0x10
 990 000e 17       		.uleb128 0x17
 991 000f 00       		.byte	0
 992 0010 00       		.byte	0
 993 0011 02       		.uleb128 0x2
 994 0012 24       		.uleb128 0x24
 995 0013 00       		.byte	0
 996 0014 0B       		.uleb128 0xb
 997 0015 0B       		.uleb128 0xb
 998 0016 3E       		.uleb128 0x3e
 999 0017 0B       		.uleb128 0xb
 1000 0018 03       		.uleb128 0x3
 1001 0019 08       		.uleb128 0x8
 1002 001a 00       		.byte	0
 1003 001b 00       		.byte	0
 1004 001c 03       		.uleb128 0x3
 1005 001d 16       		.uleb128 0x16
 1006 001e 00       		.byte	0
 1007 001f 03       		.uleb128 0x3
 1008 0020 0E       		.uleb128 0xe
 1009 0021 3A       		.uleb128 0x3a
 1010 0022 0B       		.uleb128 0xb
 1011 0023 3B       		.uleb128 0x3b
 1012 0024 0B       		.uleb128 0xb
 1013 0025 49       		.uleb128 0x49
 1014 0026 13       		.uleb128 0x13
 1015 0027 00       		.byte	0
 1016 0028 00       		.byte	0
 1017 0029 04       		.uleb128 0x4
 1018 002a 24       		.uleb128 0x24
 1019 002b 00       		.byte	0
 1020 002c 0B       		.uleb128 0xb
 1021 002d 0B       		.uleb128 0xb
 1022 002e 3E       		.uleb128 0x3e
 1023 002f 0B       		.uleb128 0xb
 1024 0030 03       		.uleb128 0x3
 1025 0031 0E       		.uleb128 0xe
ARM GAS  /tmp/ccf3UwoW.s 			page 19


 1026 0032 00       		.byte	0
 1027 0033 00       		.byte	0
 1028 0034 05       		.uleb128 0x5
 1029 0035 13       		.uleb128 0x13
 1030 0036 01       		.byte	0x1
 1031 0037 03       		.uleb128 0x3
 1032 0038 0E       		.uleb128 0xe
 1033 0039 0B       		.uleb128 0xb
 1034 003a 0B       		.uleb128 0xb
 1035 003b 3A       		.uleb128 0x3a
 1036 003c 0B       		.uleb128 0xb
 1037 003d 3B       		.uleb128 0x3b
 1038 003e 0B       		.uleb128 0xb
 1039 003f 01       		.uleb128 0x1
 1040 0040 13       		.uleb128 0x13
 1041 0041 00       		.byte	0
 1042 0042 00       		.byte	0
 1043 0043 06       		.uleb128 0x6
 1044 0044 0D       		.uleb128 0xd
 1045 0045 00       		.byte	0
 1046 0046 03       		.uleb128 0x3
 1047 0047 0E       		.uleb128 0xe
 1048 0048 3A       		.uleb128 0x3a
 1049 0049 0B       		.uleb128 0xb
 1050 004a 3B       		.uleb128 0x3b
 1051 004b 0B       		.uleb128 0xb
 1052 004c 49       		.uleb128 0x49
 1053 004d 13       		.uleb128 0x13
 1054 004e 38       		.uleb128 0x38
 1055 004f 0B       		.uleb128 0xb
 1056 0050 00       		.byte	0
 1057 0051 00       		.byte	0
 1058 0052 07       		.uleb128 0x7
 1059 0053 0D       		.uleb128 0xd
 1060 0054 00       		.byte	0
 1061 0055 03       		.uleb128 0x3
 1062 0056 08       		.uleb128 0x8
 1063 0057 3A       		.uleb128 0x3a
 1064 0058 0B       		.uleb128 0xb
 1065 0059 3B       		.uleb128 0x3b
 1066 005a 0B       		.uleb128 0xb
 1067 005b 49       		.uleb128 0x49
 1068 005c 13       		.uleb128 0x13
 1069 005d 38       		.uleb128 0x38
 1070 005e 0B       		.uleb128 0xb
 1071 005f 00       		.byte	0
 1072 0060 00       		.byte	0
 1073 0061 08       		.uleb128 0x8
 1074 0062 13       		.uleb128 0x13
 1075 0063 01       		.byte	0x1
 1076 0064 0B       		.uleb128 0xb
 1077 0065 0B       		.uleb128 0xb
 1078 0066 3A       		.uleb128 0x3a
 1079 0067 0B       		.uleb128 0xb
 1080 0068 3B       		.uleb128 0x3b
 1081 0069 0B       		.uleb128 0xb
 1082 006a 01       		.uleb128 0x1
ARM GAS  /tmp/ccf3UwoW.s 			page 20


 1083 006b 13       		.uleb128 0x13
 1084 006c 00       		.byte	0
 1085 006d 00       		.byte	0
 1086 006e 09       		.uleb128 0x9
 1087 006f 0F       		.uleb128 0xf
 1088 0070 00       		.byte	0
 1089 0071 0B       		.uleb128 0xb
 1090 0072 0B       		.uleb128 0xb
 1091 0073 49       		.uleb128 0x49
 1092 0074 13       		.uleb128 0x13
 1093 0075 00       		.byte	0
 1094 0076 00       		.byte	0
 1095 0077 0A       		.uleb128 0xa
 1096 0078 0F       		.uleb128 0xf
 1097 0079 00       		.byte	0
 1098 007a 0B       		.uleb128 0xb
 1099 007b 0B       		.uleb128 0xb
 1100 007c 00       		.byte	0
 1101 007d 00       		.byte	0
 1102 007e 0B       		.uleb128 0xb
 1103 007f 13       		.uleb128 0x13
 1104 0080 01       		.byte	0x1
 1105 0081 03       		.uleb128 0x3
 1106 0082 0E       		.uleb128 0xe
 1107 0083 0B       		.uleb128 0xb
 1108 0084 0B       		.uleb128 0xb
 1109 0085 3A       		.uleb128 0x3a
 1110 0086 0B       		.uleb128 0xb
 1111 0087 3B       		.uleb128 0x3b
 1112 0088 05       		.uleb128 0x5
 1113 0089 01       		.uleb128 0x1
 1114 008a 13       		.uleb128 0x13
 1115 008b 00       		.byte	0
 1116 008c 00       		.byte	0
 1117 008d 0C       		.uleb128 0xc
 1118 008e 0D       		.uleb128 0xd
 1119 008f 00       		.byte	0
 1120 0090 03       		.uleb128 0x3
 1121 0091 08       		.uleb128 0x8
 1122 0092 3A       		.uleb128 0x3a
 1123 0093 0B       		.uleb128 0xb
 1124 0094 3B       		.uleb128 0x3b
 1125 0095 05       		.uleb128 0x5
 1126 0096 49       		.uleb128 0x49
 1127 0097 13       		.uleb128 0x13
 1128 0098 38       		.uleb128 0x38
 1129 0099 0B       		.uleb128 0xb
 1130 009a 00       		.byte	0
 1131 009b 00       		.byte	0
 1132 009c 0D       		.uleb128 0xd
 1133 009d 17       		.uleb128 0x17
 1134 009e 01       		.byte	0x1
 1135 009f 0B       		.uleb128 0xb
 1136 00a0 0B       		.uleb128 0xb
 1137 00a1 3A       		.uleb128 0x3a
 1138 00a2 0B       		.uleb128 0xb
 1139 00a3 3B       		.uleb128 0x3b
ARM GAS  /tmp/ccf3UwoW.s 			page 21


 1140 00a4 0B       		.uleb128 0xb
 1141 00a5 01       		.uleb128 0x1
 1142 00a6 13       		.uleb128 0x13
 1143 00a7 00       		.byte	0
 1144 00a8 00       		.byte	0
 1145 00a9 0E       		.uleb128 0xe
 1146 00aa 0D       		.uleb128 0xd
 1147 00ab 00       		.byte	0
 1148 00ac 03       		.uleb128 0x3
 1149 00ad 0E       		.uleb128 0xe
 1150 00ae 3A       		.uleb128 0x3a
 1151 00af 0B       		.uleb128 0xb
 1152 00b0 3B       		.uleb128 0x3b
 1153 00b1 0B       		.uleb128 0xb
 1154 00b2 49       		.uleb128 0x49
 1155 00b3 13       		.uleb128 0x13
 1156 00b4 00       		.byte	0
 1157 00b5 00       		.byte	0
 1158 00b6 0F       		.uleb128 0xf
 1159 00b7 26       		.uleb128 0x26
 1160 00b8 00       		.byte	0
 1161 00b9 49       		.uleb128 0x49
 1162 00ba 13       		.uleb128 0x13
 1163 00bb 00       		.byte	0
 1164 00bc 00       		.byte	0
 1165 00bd 10       		.uleb128 0x10
 1166 00be 01       		.uleb128 0x1
 1167 00bf 01       		.byte	0x1
 1168 00c0 49       		.uleb128 0x49
 1169 00c1 13       		.uleb128 0x13
 1170 00c2 01       		.uleb128 0x1
 1171 00c3 13       		.uleb128 0x13
 1172 00c4 00       		.byte	0
 1173 00c5 00       		.byte	0
 1174 00c6 11       		.uleb128 0x11
 1175 00c7 21       		.uleb128 0x21
 1176 00c8 00       		.byte	0
 1177 00c9 49       		.uleb128 0x49
 1178 00ca 13       		.uleb128 0x13
 1179 00cb 2F       		.uleb128 0x2f
 1180 00cc 0B       		.uleb128 0xb
 1181 00cd 00       		.byte	0
 1182 00ce 00       		.byte	0
 1183 00cf 12       		.uleb128 0x12
 1184 00d0 2E       		.uleb128 0x2e
 1185 00d1 01       		.byte	0x1
 1186 00d2 3F       		.uleb128 0x3f
 1187 00d3 19       		.uleb128 0x19
 1188 00d4 03       		.uleb128 0x3
 1189 00d5 0E       		.uleb128 0xe
 1190 00d6 3A       		.uleb128 0x3a
 1191 00d7 0B       		.uleb128 0xb
 1192 00d8 3B       		.uleb128 0x3b
 1193 00d9 0B       		.uleb128 0xb
 1194 00da 27       		.uleb128 0x27
 1195 00db 19       		.uleb128 0x19
 1196 00dc 49       		.uleb128 0x49
ARM GAS  /tmp/ccf3UwoW.s 			page 22


 1197 00dd 13       		.uleb128 0x13
 1198 00de 11       		.uleb128 0x11
 1199 00df 01       		.uleb128 0x1
 1200 00e0 12       		.uleb128 0x12
 1201 00e1 06       		.uleb128 0x6
 1202 00e2 40       		.uleb128 0x40
 1203 00e3 18       		.uleb128 0x18
 1204 00e4 9742     		.uleb128 0x2117
 1205 00e6 19       		.uleb128 0x19
 1206 00e7 01       		.uleb128 0x1
 1207 00e8 13       		.uleb128 0x13
 1208 00e9 00       		.byte	0
 1209 00ea 00       		.byte	0
 1210 00eb 13       		.uleb128 0x13
 1211 00ec 34       		.uleb128 0x34
 1212 00ed 00       		.byte	0
 1213 00ee 03       		.uleb128 0x3
 1214 00ef 08       		.uleb128 0x8
 1215 00f0 3A       		.uleb128 0x3a
 1216 00f1 0B       		.uleb128 0xb
 1217 00f2 3B       		.uleb128 0x3b
 1218 00f3 0B       		.uleb128 0xb
 1219 00f4 49       		.uleb128 0x49
 1220 00f5 13       		.uleb128 0x13
 1221 00f6 02       		.uleb128 0x2
 1222 00f7 18       		.uleb128 0x18
 1223 00f8 00       		.byte	0
 1224 00f9 00       		.byte	0
 1225 00fa 14       		.uleb128 0x14
 1226 00fb 0B       		.uleb128 0xb
 1227 00fc 01       		.byte	0x1
 1228 00fd 11       		.uleb128 0x11
 1229 00fe 01       		.uleb128 0x1
 1230 00ff 12       		.uleb128 0x12
 1231 0100 06       		.uleb128 0x6
 1232 0101 01       		.uleb128 0x1
 1233 0102 13       		.uleb128 0x13
 1234 0103 00       		.byte	0
 1235 0104 00       		.byte	0
 1236 0105 15       		.uleb128 0x15
 1237 0106 0B       		.uleb128 0xb
 1238 0107 01       		.byte	0x1
 1239 0108 55       		.uleb128 0x55
 1240 0109 17       		.uleb128 0x17
 1241 010a 00       		.byte	0
 1242 010b 00       		.byte	0
 1243 010c 16       		.uleb128 0x16
 1244 010d 05       		.uleb128 0x5
 1245 010e 00       		.byte	0
 1246 010f 03       		.uleb128 0x3
 1247 0110 08       		.uleb128 0x8
 1248 0111 3A       		.uleb128 0x3a
 1249 0112 0B       		.uleb128 0xb
 1250 0113 3B       		.uleb128 0x3b
 1251 0114 0B       		.uleb128 0xb
 1252 0115 49       		.uleb128 0x49
 1253 0116 13       		.uleb128 0x13
ARM GAS  /tmp/ccf3UwoW.s 			page 23


 1254 0117 02       		.uleb128 0x2
 1255 0118 17       		.uleb128 0x17
 1256 0119 00       		.byte	0
 1257 011a 00       		.byte	0
 1258 011b 17       		.uleb128 0x17
 1259 011c 34       		.uleb128 0x34
 1260 011d 00       		.byte	0
 1261 011e 03       		.uleb128 0x3
 1262 011f 0E       		.uleb128 0xe
 1263 0120 3A       		.uleb128 0x3a
 1264 0121 0B       		.uleb128 0xb
 1265 0122 3B       		.uleb128 0x3b
 1266 0123 0B       		.uleb128 0xb
 1267 0124 49       		.uleb128 0x49
 1268 0125 13       		.uleb128 0x13
 1269 0126 3F       		.uleb128 0x3f
 1270 0127 19       		.uleb128 0x19
 1271 0128 3C       		.uleb128 0x3c
 1272 0129 19       		.uleb128 0x19
 1273 012a 00       		.byte	0
 1274 012b 00       		.byte	0
 1275 012c 18       		.uleb128 0x18
 1276 012d 34       		.uleb128 0x34
 1277 012e 00       		.byte	0
 1278 012f 03       		.uleb128 0x3
 1279 0130 0E       		.uleb128 0xe
 1280 0131 3A       		.uleb128 0x3a
 1281 0132 0B       		.uleb128 0xb
 1282 0133 3B       		.uleb128 0x3b
 1283 0134 0B       		.uleb128 0xb
 1284 0135 49       		.uleb128 0x49
 1285 0136 13       		.uleb128 0x13
 1286 0137 3F       		.uleb128 0x3f
 1287 0138 19       		.uleb128 0x19
 1288 0139 02       		.uleb128 0x2
 1289 013a 18       		.uleb128 0x18
 1290 013b 00       		.byte	0
 1291 013c 00       		.byte	0
 1292 013d 00       		.byte	0
 1293              		.section	.debug_loc,"",%progbits
 1294              	.Ldebug_loc0:
 1295              	.LLST0:
 1296 0000 20000000 		.4byte	.LVL1-.Ltext0
 1297 0004 2A000000 		.4byte	.LVL2-.Ltext0
 1298 0008 0100     		.2byte	0x1
 1299 000a 50       		.byte	0x50
 1300 000b 2A000000 		.4byte	.LVL2-.Ltext0
 1301 000f 3C000000 		.4byte	.LFE8-.Ltext0
 1302 0013 0400     		.2byte	0x4
 1303 0015 F3       		.byte	0xf3
 1304 0016 01       		.uleb128 0x1
 1305 0017 50       		.byte	0x50
 1306 0018 9F       		.byte	0x9f
 1307 0019 00000000 		.4byte	0
 1308 001d 00000000 		.4byte	0
 1309              		.section	.debug_aranges,"",%progbits
 1310 0000 1C000000 		.4byte	0x1c
ARM GAS  /tmp/ccf3UwoW.s 			page 24


 1311 0004 0200     		.2byte	0x2
 1312 0006 00000000 		.4byte	.Ldebug_info0
 1313 000a 04       		.byte	0x4
 1314 000b 00       		.byte	0
 1315 000c 0000     		.2byte	0
 1316 000e 0000     		.2byte	0
 1317 0010 00000000 		.4byte	.Ltext0
 1318 0014 3C000000 		.4byte	.Letext0-.Ltext0
 1319 0018 00000000 		.4byte	0
 1320 001c 00000000 		.4byte	0
 1321              		.section	.debug_ranges,"",%progbits
 1322              	.Ldebug_ranges0:
 1323 0000 08000000 		.4byte	.LBB3-.Ltext0
 1324 0004 0A000000 		.4byte	.LBE3-.Ltext0
 1325 0008 0C000000 		.4byte	.LBB4-.Ltext0
 1326 000c 10000000 		.4byte	.LBE4-.Ltext0
 1327 0010 00000000 		.4byte	0
 1328 0014 00000000 		.4byte	0
 1329 0018 2A000000 		.4byte	.LBB6-.Ltext0
 1330 001c 2C000000 		.4byte	.LBE6-.Ltext0
 1331 0020 32000000 		.4byte	.LBB7-.Ltext0
 1332 0024 36000000 		.4byte	.LBE7-.Ltext0
 1333 0028 00000000 		.4byte	0
 1334 002c 00000000 		.4byte	0
 1335              		.section	.debug_line,"",%progbits
 1336              	.Ldebug_line0:
 1337 0000 4B020000 		.section	.debug_str,"MS",%progbits,1
 1337      02002102 
 1337      00000201 
 1337      FB0E0D00 
 1337      01010101 
 1338              	.LASF74:
 1339 0000 63665F6F 		.ascii	"cf_off_older\000"
 1339      66665F6F 
 1339      6C646572 
 1339      00
 1340              	.LASF38:
 1341 000d 705F6D73 		.ascii	"p_msg\000"
 1341      6700
 1342              	.LASF2:
 1343 0013 73697A65 		.ascii	"size_t\000"
 1343      5F7400
 1344              	.LASF59:
 1345 001a 7264796D 		.ascii	"rdymsg\000"
 1345      736700
 1346              	.LASF3:
 1347 0021 5F5F7569 		.ascii	"__uint8_t\000"
 1347      6E74385F 
 1347      7400
 1348              	.LASF70:
 1349 002b 63685F74 		.ascii	"ch_threadsize\000"
 1349      68726561 
 1349      6473697A 
 1349      6500
 1350              	.LASF13:
 1351 0039 6C6F6E67 		.ascii	"long long unsigned int\000"
 1351      206C6F6E 
ARM GAS  /tmp/ccf3UwoW.s 			page 25


 1351      6720756E 
 1351      7369676E 
 1351      65642069 
 1352              	.LASF83:
 1353 0050 63685265 		.ascii	"chRegFirstThread\000"
 1353      67466972 
 1353      73745468 
 1353      72656164 
 1353      00
 1354              	.LASF28:
 1355 0061 705F7072 		.ascii	"p_prio\000"
 1355      696F00
 1356              	.LASF77:
 1357 0068 63665F6F 		.ascii	"cf_off_state\000"
 1357      66665F73 
 1357      74617465 
 1357      00
 1358              	.LASF12:
 1359 0075 6C6F6E67 		.ascii	"long long int\000"
 1359      206C6F6E 
 1359      6720696E 
 1359      7400
 1360              	.LASF1:
 1361 0083 7369676E 		.ascii	"signed char\000"
 1361      65642063 
 1361      68617200 
 1362              	.LASF76:
 1363 008f 63665F6F 		.ascii	"cf_off_stklimit\000"
 1363      66665F73 
 1363      746B6C69 
 1363      6D697400 
 1364              	.LASF78:
 1365 009f 63665F6F 		.ascii	"cf_off_flags\000"
 1365      66665F66 
 1365      6C616773 
 1365      00
 1366              	.LASF56:
 1367 00ac 6D5F7175 		.ascii	"m_queue\000"
 1367      65756500 
 1368              	.LASF21:
 1369 00b4 74736C69 		.ascii	"tslices_t\000"
 1369      6365735F 
 1369      7400
 1370              	.LASF9:
 1371 00be 6C6F6E67 		.ascii	"long int\000"
 1371      20696E74 
 1371      00
 1372              	.LASF20:
 1373 00c7 74737461 		.ascii	"tstate_t\000"
 1373      74655F74 
 1373      00
 1374              	.LASF15:
 1375 00d0 75696E74 		.ascii	"uint16_t\000"
 1375      31365F74 
 1375      00
 1376              	.LASF82:
 1377 00d9 63686465 		.ascii	"chdebug_t\000"
ARM GAS  /tmp/ccf3UwoW.s 			page 26


 1377      6275675F 
 1377      7400
 1378              	.LASF30:
 1379 00e3 705F6E65 		.ascii	"p_newer\000"
 1379      77657200 
 1380              	.LASF60:
 1381 00eb 65786974 		.ascii	"exitcode\000"
 1381      636F6465 
 1381      00
 1382              	.LASF10:
 1383 00f4 5F5F7569 		.ascii	"__uint32_t\000"
 1383      6E743332 
 1383      5F7400
 1384              	.LASF44:
 1385 00ff 72656761 		.ascii	"regarm_t\000"
 1385      726D5F74 
 1385      00
 1386              	.LASF0:
 1387 0108 756E7369 		.ascii	"unsigned int\000"
 1387      676E6564 
 1387      20696E74 
 1387      00
 1388              	.LASF11:
 1389 0115 6C6F6E67 		.ascii	"long unsigned int\000"
 1389      20756E73 
 1389      69676E65 
 1389      6420696E 
 1389      7400
 1390              	.LASF86:
 1391 0127 63685F64 		.ascii	"ch_debug\000"
 1391      65627567 
 1391      00
 1392              	.LASF88:
 1393 0130 2F645F64 		.ascii	"/d_drive/axoloti/platform_linux/../chibios/os/kerne"
 1393      72697665 
 1393      2F61786F 
 1393      6C6F7469 
 1393      2F706C61 
 1394 0163 6C2F7372 		.ascii	"l/src/chregistry.c\000"
 1394      632F6368 
 1394      72656769 
 1394      73747279 
 1394      2E6300
 1395              	.LASF64:
 1396 0176 63685F69 		.ascii	"ch_identifier\000"
 1396      64656E74 
 1396      69666965 
 1396      7200
 1397              	.LASF7:
 1398 0184 73686F72 		.ascii	"short unsigned int\000"
 1398      7420756E 
 1398      7369676E 
 1398      65642069 
 1398      6E7400
 1399              	.LASF23:
 1400 0197 6D73675F 		.ascii	"msg_t\000"
 1400      7400
ARM GAS  /tmp/ccf3UwoW.s 			page 27


 1401              	.LASF51:
 1402 019d 725F6E65 		.ascii	"r_newer\000"
 1402      77657200 
 1403              	.LASF19:
 1404 01a5 746D6F64 		.ascii	"tmode_t\000"
 1404      655F7400 
 1405              	.LASF43:
 1406 01ad 54687265 		.ascii	"ThreadsList\000"
 1406      6164734C 
 1406      69737400 
 1407              	.LASF24:
 1408 01b9 6576656E 		.ascii	"eventmask_t\000"
 1408      746D6173 
 1408      6B5F7400 
 1409              	.LASF55:
 1410 01c5 4D757465 		.ascii	"Mutex\000"
 1410      7800
 1411              	.LASF65:
 1412 01cb 63685F7A 		.ascii	"ch_zero\000"
 1412      65726F00 
 1413              	.LASF79:
 1414 01d3 63665F6F 		.ascii	"cf_off_refs\000"
 1414      66665F72 
 1414      65667300 
 1415              	.LASF47:
 1416 01df 73697A65 		.ascii	"sizetype\000"
 1416      74797065 
 1416      00
 1417              	.LASF69:
 1418 01e8 63685F74 		.ascii	"ch_timesize\000"
 1418      696D6573 
 1418      697A6500 
 1419              	.LASF75:
 1420 01f4 63665F6F 		.ascii	"cf_off_name\000"
 1420      66665F6E 
 1420      616D6500 
 1421              	.LASF31:
 1422 0200 705F6F6C 		.ascii	"p_older\000"
 1422      64657200 
 1423              	.LASF50:
 1424 0208 725F6374 		.ascii	"r_ctx\000"
 1424      7800
 1425              	.LASF42:
 1426 020e 54687265 		.ascii	"ThreadsQueue\000"
 1426      61647351 
 1426      75657565 
 1426      00
 1427              	.LASF66:
 1428 021b 63685F73 		.ascii	"ch_size\000"
 1428      697A6500 
 1429              	.LASF53:
 1430 0223 725F6375 		.ascii	"r_current\000"
 1430      7272656E 
 1430      7400
 1431              	.LASF52:
 1432 022d 725F6F6C 		.ascii	"r_older\000"
 1432      64657200 
ARM GAS  /tmp/ccf3UwoW.s 			page 28


 1433              	.LASF68:
 1434 0235 63685F70 		.ascii	"ch_ptrsize\000"
 1434      74727369 
 1434      7A6500
 1435              	.LASF27:
 1436 0240 705F7072 		.ascii	"p_prev\000"
 1436      657600
 1437              	.LASF22:
 1438 0247 74707269 		.ascii	"tprio_t\000"
 1438      6F5F7400 
 1439              	.LASF18:
 1440 024f 5F426F6F 		.ascii	"_Bool\000"
 1440      6C00
 1441              	.LASF16:
 1442 0255 696E7433 		.ascii	"int32_t\000"
 1442      325F7400 
 1443              	.LASF4:
 1444 025d 756E7369 		.ascii	"unsigned char\000"
 1444      676E6564 
 1444      20636861 
 1444      7200
 1445              	.LASF40:
 1446 026b 705F6D74 		.ascii	"p_mtxlist\000"
 1446      786C6973 
 1446      7400
 1447              	.LASF5:
 1448 0275 73686F72 		.ascii	"short int\000"
 1448      7420696E 
 1448      7400
 1449              	.LASF33:
 1450 027f 705F7374 		.ascii	"p_state\000"
 1450      61746500 
 1451              	.LASF35:
 1452 0287 705F7072 		.ascii	"p_preempt\000"
 1452      65656D70 
 1452      7400
 1453              	.LASF81:
 1454 0291 63665F6F 		.ascii	"cf_off_time\000"
 1454      66665F74 
 1454      696D6500 
 1455              	.LASF49:
 1456 029d 725F7072 		.ascii	"r_prio\000"
 1456      696F00
 1457              	.LASF62:
 1458 02a4 65776D61 		.ascii	"ewmask\000"
 1458      736B00
 1459              	.LASF26:
 1460 02ab 705F6E65 		.ascii	"p_next\000"
 1460      787400
 1461              	.LASF80:
 1462 02b2 63665F6F 		.ascii	"cf_off_preempt\000"
 1462      66665F70 
 1462      7265656D 
 1462      707400
 1463              	.LASF34:
 1464 02c1 705F666C 		.ascii	"p_flags\000"
 1464      61677300 
ARM GAS  /tmp/ccf3UwoW.s 			page 29


 1465              	.LASF25:
 1466 02c9 54687265 		.ascii	"Thread\000"
 1466      616400
 1467              	.LASF73:
 1468 02d0 63665F6F 		.ascii	"cf_off_newer\000"
 1468      66665F6E 
 1468      65776572 
 1468      00
 1469              	.LASF39:
 1470 02dd 705F6570 		.ascii	"p_epending\000"
 1470      656E6469 
 1470      6E6700
 1471              	.LASF17:
 1472 02e8 75696E74 		.ascii	"uint32_t\000"
 1472      33325F74 
 1472      00
 1473              	.LASF71:
 1474 02f1 63665F6F 		.ascii	"cf_off_prio\000"
 1474      66665F70 
 1474      72696F00 
 1475              	.LASF48:
 1476 02fd 725F7175 		.ascii	"r_queue\000"
 1476      65756500 
 1477              	.LASF63:
 1478 0305 63686172 		.ascii	"char\000"
 1478      00
 1479              	.LASF84:
 1480 030a 63685265 		.ascii	"chRegNextThread\000"
 1480      674E6578 
 1480      74546872 
 1480      65616400 
 1481              	.LASF6:
 1482 031a 5F5F7569 		.ascii	"__uint16_t\000"
 1482      6E743136 
 1482      5F7400
 1483              	.LASF58:
 1484 0325 6D5F6E65 		.ascii	"m_next\000"
 1484      787400
 1485              	.LASF41:
 1486 032c 705F7265 		.ascii	"p_realprio\000"
 1486      616C7072 
 1486      696F00
 1487              	.LASF8:
 1488 0337 5F5F696E 		.ascii	"__int32_t\000"
 1488      7433325F 
 1488      7400
 1489              	.LASF46:
 1490 0341 636F6E74 		.ascii	"context\000"
 1490      65787400 
 1491              	.LASF45:
 1492 0349 696E7463 		.ascii	"intctx\000"
 1492      747800
 1493              	.LASF37:
 1494 0350 705F6D73 		.ascii	"p_msgqueue\000"
 1494      67717565 
 1494      756500
 1495              	.LASF72:
ARM GAS  /tmp/ccf3UwoW.s 			page 30


 1496 035b 63665F6F 		.ascii	"cf_off_ctx\000"
 1496      66665F63 
 1496      747800
 1497              	.LASF32:
 1498 0366 705F6E61 		.ascii	"p_name\000"
 1498      6D6500
 1499              	.LASF54:
 1500 036d 52656164 		.ascii	"ReadyList\000"
 1500      794C6973 
 1500      7400
 1501              	.LASF85:
 1502 0377 726C6973 		.ascii	"rlist\000"
 1502      7400
 1503              	.LASF14:
 1504 037d 75696E74 		.ascii	"uint8_t\000"
 1504      385F7400 
 1505              	.LASF61:
 1506 0385 77746F62 		.ascii	"wtobjp\000"
 1506      6A7000
 1507              	.LASF87:
 1508 038c 474E5520 		.ascii	"GNU C 4.9.3 20150529 (release) [ARM/embedded-4_9-br"
 1508      4320342E 
 1508      392E3320 
 1508      32303135 
 1508      30353239 
 1509 03bf 616E6368 		.ascii	"anch revision 224288] -mcpu=cortex-m4 -mfloat-abi=h"
 1509      20726576 
 1509      6973696F 
 1509      6E203232 
 1509      34323838 
 1510 03f2 61726420 		.ascii	"ard -mfpu=fpv4-sp-d16 -mno-thumb-interwork -mthumb "
 1510      2D6D6670 
 1510      753D6670 
 1510      76342D73 
 1510      702D6431 
 1511 0425 2D676764 		.ascii	"-ggdb -O2 -fomit-frame-pointer -falign-functions=16"
 1511      62202D4F 
 1511      32202D66 
 1511      6F6D6974 
 1511      2D667261 
 1512 0458 202D666E 		.ascii	" -fno-math-errno -fsingle-precision-constant\000"
 1512      6F2D6D61 
 1512      74682D65 
 1512      72726E6F 
 1512      202D6673 
 1513              	.LASF67:
 1514 0485 63685F76 		.ascii	"ch_version\000"
 1514      65727369 
 1514      6F6E00
 1515              	.LASF57:
 1516 0490 6D5F6F77 		.ascii	"m_owner\000"
 1516      6E657200 
 1517              	.LASF29:
 1518 0498 705F6374 		.ascii	"p_ctx\000"
 1518      7800
 1519              	.LASF36:
 1520 049e 705F7761 		.ascii	"p_waiting\000"
ARM GAS  /tmp/ccf3UwoW.s 			page 31


 1520      6974696E 
 1520      6700
 1521              		.ident	"GCC: (GNU Tools for ARM Embedded Processors) 4.9.3 20150529 (release) [ARM/embedded-4_9-br
ARM GAS  /tmp/ccf3UwoW.s 			page 32


DEFINED SYMBOLS
                            *ABS*:00000000 chregistry.c
     /tmp/ccf3UwoW.s:20     .text:00000000 $t
     /tmp/ccf3UwoW.s:26     .text:00000000 chRegFirstThread
     /tmp/ccf3UwoW.s:63     .text:00000014 $d
     /tmp/ccf3UwoW.s:67     .text:00000018 $t
     /tmp/ccf3UwoW.s:73     .text:00000020 chRegNextThread
     /tmp/ccf3UwoW.s:115    .text:00000038 $d
     /tmp/ccf3UwoW.s:124    .rodata:00000000 ch_debug
     /tmp/ccf3UwoW.s:121    .rodata:00000000 $d
                     .debug_frame:00000010 $d

UNDEFINED SYMBOLS
rlist
