ARM GAS  /tmp/cckJNi2V.s 			page 1


   1              		.syntax unified
   2              		.cpu cortex-m4
   3              		.eabi_attribute 27, 1
   4              		.eabi_attribute 28, 1
   5              		.fpu fpv4-sp-d16
   6              		.eabi_attribute 20, 1
   7              		.eabi_attribute 21, 1
   8              		.eabi_attribute 23, 3
   9              		.eabi_attribute 24, 1
  10              		.eabi_attribute 25, 1
  11              		.eabi_attribute 26, 1
  12              		.eabi_attribute 30, 2
  13              		.eabi_attribute 34, 1
  14              		.eabi_attribute 18, 4
  15              		.thumb
  16              		.file	"chsys.c"
  17              		.text
  18              	.Ltext0:
  19              		.cfi_sections	.debug_frame
  20              		.align	2
  21              		.p2align 4,,15
  22              		.global	_idle_thread
  23              		.thumb
  24              		.thumb_func
  25              		.type	_idle_thread, %function
  26              	_idle_thread:
  27              	.LFB7:
  28              		.file 1 "/home/sbcu/Dropbox/pcb-layouts/axo-on-discovery-board/axoloti/platform_linux/../chibios/o
  29              		.loc 1 61 0
  30              		.cfi_startproc
  31              		@ Volatile: function does not return.
  32              		@ args = 0, pretend = 0, frame = 0
  33              		@ frame_needed = 0, uses_anonymous_args = 0
  34              		@ link register save eliminated.
  35              	.LVL0:
  36              		.loc 1 64 0
  37 0000 024B     		ldr	r3, .L4
  38 0002 034A     		ldr	r2, .L4+4
  39 0004 9B69     		ldr	r3, [r3, #24]
  40 0006 9A61     		str	r2, [r3, #24]
  41              	.L2:
  42              		.loc 1 68 0 discriminator 1
  43 0008 FEE7     		b	.L2
  44              	.L5:
  45 000a 00BF     		.align	2
  46              	.L4:
  47 000c 00000000 		.word	rlist
  48 0010 00000000 		.word	.LC0
  49              		.cfi_endproc
  50              	.LFE7:
  51              		.size	_idle_thread, .-_idle_thread
  52              		.align	2
  53 0014 AFF30080 		.p2align 4,,15
  53      AFF30080 
  53      AFF30080 
  54              		.global	chSysInit
  55              		.thumb
ARM GAS  /tmp/cckJNi2V.s 			page 2


  56              		.thumb_func
  57              		.type	chSysInit, %function
  58              	chSysInit:
  59              	.LFB8:
  60              		.loc 1 84 0
  61              		.cfi_startproc
  62              		@ args = 0, pretend = 0, frame = 0
  63              		@ frame_needed = 0, uses_anonymous_args = 0
  64 0020 00B5     		push	{lr}
  65              		.cfi_def_cfa_offset 4
  66              		.cfi_offset 14, -4
  67 0022 83B0     		sub	sp, sp, #12
  68              		.cfi_def_cfa_offset 16
  69              		.loc 1 90 0
  70 0024 FFF7FEFF 		bl	_port_init
  71              	.LVL1:
  72              		.loc 1 91 0
  73 0028 FFF7FEFF 		bl	_scheduler_init
  74              	.LVL2:
  75              		.loc 1 92 0
  76 002c FFF7FEFF 		bl	_vt_init
  77              	.LVL3:
  78              		.loc 1 94 0
  79 0030 FFF7FEFF 		bl	_core_init
  80              	.LVL4:
  81              		.loc 1 97 0
  82 0034 FFF7FEFF 		bl	_heap_init
  83              	.LVL5:
  84              		.loc 1 104 0
  85 0038 4021     		movs	r1, #64
  86 003a 0C48     		ldr	r0, .L8
  87 003c FFF7FEFF 		bl	_thread_init
  88              	.LVL6:
  89 0040 0B49     		ldr	r1, .L8+4
  90              		.loc 1 105 0
  91 0042 0122     		movs	r2, #1
  92              		.loc 1 104 0
  93 0044 8861     		str	r0, [r1, #24]
  94              		.loc 1 105 0
  95 0046 0277     		strb	r2, [r0, #28]
  96              	.LBB2:
  97              		.loc 1 111 0
  98 0048 0023     		movs	r3, #0
  99              	@ 111 "/home/sbcu/Dropbox/pcb-layouts/axo-on-discovery-board/axoloti/platform_linux/../chibios/os/k
 100 004a 83F31188 		msr     BASEPRI, r3                    
 101 004e 62B6     		cpsie   i
 102              	@ 0 "" 2
 103              		.thumb
 104              	.LBE2:
 105              		.loc 1 115 0
 106 0050 8969     		ldr	r1, [r1, #24]
 107 0052 0848     		ldr	r0, .L8+8
 108 0054 8861     		str	r0, [r1, #24]
 109              		.loc 1 121 0
 110 0056 0093     		str	r3, [sp]
 111 0058 4FF4B071 		mov	r1, #352
 112 005c 064B     		ldr	r3, .L8+12
ARM GAS  /tmp/cckJNi2V.s 			page 3


 113 005e 0748     		ldr	r0, .L8+16
 114 0060 FFF7FEFF 		bl	chThdCreateStatic
 115              	.LVL7:
 116              		.loc 1 124 0
 117 0064 03B0     		add	sp, sp, #12
 118              		.cfi_def_cfa_offset 4
 119              		@ sp needed
 120 0066 5DF804FB 		ldr	pc, [sp], #4
 121              	.L9:
 122 006a 00BF     		.align	2
 123              	.L8:
 124 006c 00000000 		.word	.LANCHOR0
 125 0070 00000000 		.word	rlist
 126 0074 00000000 		.word	ch_debug
 127 0078 00000000 		.word	_idle_thread
 128 007c 00000000 		.word	_idle_thread_wa
 129              		.cfi_endproc
 130              	.LFE8:
 131              		.size	chSysInit, .-chSysInit
 132              		.align	2
 133              		.p2align 4,,15
 134              		.global	chSysTimerHandlerI
 135              		.thumb
 136              		.thumb_func
 137              		.type	chSysTimerHandlerI, %function
 138              	chSysTimerHandlerI:
 139              	.LFB9:
 140              		.loc 1 137 0
 141              		.cfi_startproc
 142              		@ args = 0, pretend = 0, frame = 0
 143              		@ frame_needed = 0, uses_anonymous_args = 0
 144 0080 70B5     		push	{r4, r5, r6, lr}
 145              		.cfi_def_cfa_offset 16
 146              		.cfi_offset 4, -16
 147              		.cfi_offset 5, -12
 148              		.cfi_offset 6, -8
 149              		.cfi_offset 14, -4
 150              		.loc 1 143 0
 151 0082 114B     		ldr	r3, .L21
 152 0084 9A69     		ldr	r2, [r3, #24]
 153 0086 937F     		ldrb	r3, [r2, #30]	@ zero_extendqisi2
 154 0088 0BB1     		cbz	r3, .L11
 155              		.loc 1 145 0
 156 008a 013B     		subs	r3, r3, #1
 157 008c 9377     		strb	r3, [r2, #30]
 158              	.L11:
 159              		.loc 1 150 0
 160 008e 0F4C     		ldr	r4, .L21+4
 161 0090 E368     		ldr	r3, [r4, #12]
 162 0092 2268     		ldr	r2, [r4]
 163 0094 0133     		adds	r3, r3, #1
 164 0096 A242     		cmp	r2, r4
 165 0098 E360     		str	r3, [r4, #12]
 166 009a 14D0     		beq	.L10
 167              	.LBB3:
 168              		.loc 1 150 0 is_stmt 0 discriminator 1
 169 009c 9668     		ldr	r6, [r2, #8]
ARM GAS  /tmp/cckJNi2V.s 			page 4


 170 009e 013E     		subs	r6, r6, #1
 171 00a0 9660     		str	r6, [r2, #8]
 172              	.LVL8:
 173 00a2 86B9     		cbnz	r6, .L10
 174              	.L14:
 175              	.LBB4:
 176              		.loc 1 150 0 discriminator 4
 177 00a4 1168     		ldr	r1, [r2]
 178 00a6 D568     		ldr	r5, [r2, #12]
 179              	.LVL9:
 180 00a8 2160     		str	r1, [r4]
 181 00aa D660     		str	r6, [r2, #12]
 182              	.LBB5:
 183 00ac 0023     		movs	r3, #0
 184              	.LBE5:
 185 00ae 4C60     		str	r4, [r1, #4]
 186              	.LBB6:
 187              	@ 150 "/home/sbcu/Dropbox/pcb-layouts/axo-on-discovery-board/axoloti/platform_linux/../chibios/os/k
 188 00b0 83F31188 		msr     BASEPRI, r3
 189              	@ 0 "" 2
 190              		.thumb
 191              	.LBE6:
 192 00b4 1069     		ldr	r0, [r2, #16]
 193 00b6 A847     		blx	r5
 194              	.LVL10:
 195              	.LBB7:
 196 00b8 2023     		movs	r3, #32
 197              	@ 150 "/home/sbcu/Dropbox/pcb-layouts/axo-on-discovery-board/axoloti/platform_linux/../chibios/os/k
 198 00ba 83F31188 		msr     BASEPRI, r3
 199              	@ 0 "" 2
 200              		.thumb
 201              	.LBE7:
 202              	.LBE4:
 203 00be 2268     		ldr	r2, [r4]
 204              	.LVL11:
 205 00c0 9368     		ldr	r3, [r2, #8]
 206 00c2 002B     		cmp	r3, #0
 207 00c4 EED0     		beq	.L14
 208              	.LVL12:
 209              	.L10:
 210 00c6 70BD     		pop	{r4, r5, r6, pc}
 211              	.L22:
 212              		.align	2
 213              	.L21:
 214 00c8 00000000 		.word	rlist
 215 00cc 00000000 		.word	vtlist
 216              	.LBE3:
 217              		.cfi_endproc
 218              	.LFE9:
 219              		.size	chSysTimerHandlerI, .-chSysTimerHandlerI
 220              		.comm	_idle_thread_wa,352,8
 221              		.section	.rodata.str1.4,"aMS",%progbits,1
 222              		.align	2
 223              	.LC0:
 224 0000 69646C65 		.ascii	"idle\000"
 224      00
 225              		.bss
ARM GAS  /tmp/cckJNi2V.s 			page 5


 226              		.align	2
 227              		.set	.LANCHOR0,. + 0
 228              		.type	mainthread.4737, %object
 229              		.size	mainthread.4737, 64
 230              	mainthread.4737:
 231 0000 00000000 		.space	64
 231      00000000 
 231      00000000 
 231      00000000 
 231      00000000 
 232              		.text
 233              	.Letext0:
 234              		.file 2 "/home/sbcu/Dropbox/pcb-layouts/axo-on-discovery-board/axoloti/platform_linux/lib/gcc/arm-
 235              		.file 3 "/home/sbcu/Dropbox/pcb-layouts/axo-on-discovery-board/axoloti/platform_linux/arm-none-eab
 236              		.file 4 "/home/sbcu/Dropbox/pcb-layouts/axo-on-discovery-board/axoloti/platform_linux/arm-none-eab
 237              		.file 5 "/home/sbcu/Dropbox/pcb-layouts/axo-on-discovery-board/axoloti/platform_linux/../chibios/o
 238              		.file 6 "/home/sbcu/Dropbox/pcb-layouts/axo-on-discovery-board/axoloti/platform_linux/../chibios/o
 239              		.file 7 "/home/sbcu/Dropbox/pcb-layouts/axo-on-discovery-board/axoloti/platform_linux/../chibios/o
 240              		.file 8 "/home/sbcu/Dropbox/pcb-layouts/axo-on-discovery-board/axoloti/platform_linux/../chibios/o
 241              		.file 9 "/home/sbcu/Dropbox/pcb-layouts/axo-on-discovery-board/axoloti/platform_linux/../chibios/o
 242              		.file 10 "/home/sbcu/Dropbox/pcb-layouts/axo-on-discovery-board/axoloti/platform_linux/../chibios/
 243              		.file 11 "/home/sbcu/Dropbox/pcb-layouts/axo-on-discovery-board/axoloti/platform_linux/../chibios/
 244              		.file 12 "/home/sbcu/Dropbox/pcb-layouts/axo-on-discovery-board/axoloti/platform_linux/../chibios/
 245              		.file 13 "/home/sbcu/Dropbox/pcb-layouts/axo-on-discovery-board/axoloti/platform_linux/../chibios/
 246              		.file 14 "/home/sbcu/Dropbox/pcb-layouts/axo-on-discovery-board/axoloti/platform_linux/../chibios/
 247              		.section	.debug_info,"",%progbits
 248              	.Ldebug_info0:
 249 0000 C1080000 		.4byte	0x8c1
 250 0004 0400     		.2byte	0x4
 251 0006 00000000 		.4byte	.Ldebug_abbrev0
 252 000a 04       		.byte	0x4
 253 000b 01       		.uleb128 0x1
 254 000c A6040000 		.4byte	.LASF110
 255 0010 01       		.byte	0x1
 256 0011 64000000 		.4byte	.LASF111
 257 0015 00000000 		.4byte	.Ltext0
 258 0019 D0000000 		.4byte	.Letext0-.Ltext0
 259 001d 00000000 		.4byte	.Ldebug_line0
 260 0021 02       		.uleb128 0x2
 261 0022 04       		.byte	0x4
 262 0023 05       		.byte	0x5
 263 0024 696E7400 		.ascii	"int\000"
 264 0028 03       		.uleb128 0x3
 265 0029 1B000000 		.4byte	.LASF2
 266 002d 02       		.byte	0x2
 267 002e D4       		.byte	0xd4
 268 002f 33000000 		.4byte	0x33
 269 0033 04       		.uleb128 0x4
 270 0034 04       		.byte	0x4
 271 0035 07       		.byte	0x7
 272 0036 D8010000 		.4byte	.LASF0
 273 003a 04       		.uleb128 0x4
 274 003b 01       		.byte	0x1
 275 003c 06       		.byte	0x6
 276 003d 26010000 		.4byte	.LASF1
 277 0041 03       		.uleb128 0x3
 278 0042 32000000 		.4byte	.LASF3
ARM GAS  /tmp/cckJNi2V.s 			page 6


 279 0046 03       		.byte	0x3
 280 0047 1D       		.byte	0x1d
 281 0048 4C000000 		.4byte	0x4c
 282 004c 04       		.uleb128 0x4
 283 004d 01       		.byte	0x1
 284 004e 08       		.byte	0x8
 285 004f 57030000 		.4byte	.LASF4
 286 0053 04       		.uleb128 0x4
 287 0054 02       		.byte	0x2
 288 0055 05       		.byte	0x5
 289 0056 7A030000 		.4byte	.LASF5
 290 005a 03       		.uleb128 0x3
 291 005b 0F040000 		.4byte	.LASF6
 292 005f 03       		.byte	0x3
 293 0060 2B       		.byte	0x2b
 294 0061 65000000 		.4byte	0x65
 295 0065 04       		.uleb128 0x4
 296 0066 02       		.byte	0x2
 297 0067 07       		.byte	0x7
 298 0068 39020000 		.4byte	.LASF7
 299 006c 03       		.uleb128 0x3
 300 006d 36040000 		.4byte	.LASF8
 301 0071 03       		.byte	0x3
 302 0072 3F       		.byte	0x3f
 303 0073 77000000 		.4byte	0x77
 304 0077 04       		.uleb128 0x4
 305 0078 04       		.byte	0x4
 306 0079 05       		.byte	0x5
 307 007a 61010000 		.4byte	.LASF9
 308 007e 03       		.uleb128 0x3
 309 007f A7010000 		.4byte	.LASF10
 310 0083 03       		.byte	0x3
 311 0084 41       		.byte	0x41
 312 0085 89000000 		.4byte	0x89
 313 0089 04       		.uleb128 0x4
 314 008a 04       		.byte	0x4
 315 008b 07       		.byte	0x7
 316 008c FA010000 		.4byte	.LASF11
 317 0090 04       		.uleb128 0x4
 318 0091 08       		.byte	0x8
 319 0092 05       		.byte	0x5
 320 0093 18010000 		.4byte	.LASF12
 321 0097 03       		.uleb128 0x3
 322 0098 24030000 		.4byte	.LASF13
 323 009c 03       		.byte	0x3
 324 009d 5B       		.byte	0x5b
 325 009e A2000000 		.4byte	0xa2
 326 00a2 04       		.uleb128 0x4
 327 00a3 08       		.byte	0x8
 328 00a4 07       		.byte	0x7
 329 00a5 D2000000 		.4byte	.LASF14
 330 00a9 03       		.uleb128 0x3
 331 00aa 8C040000 		.4byte	.LASF15
 332 00ae 04       		.byte	0x4
 333 00af 14       		.byte	0x14
 334 00b0 41000000 		.4byte	0x41
 335 00b4 03       		.uleb128 0x3
ARM GAS  /tmp/cckJNi2V.s 			page 7


 336 00b5 73010000 		.4byte	.LASF16
 337 00b9 04       		.byte	0x4
 338 00ba 1A       		.byte	0x1a
 339 00bb 5A000000 		.4byte	0x5a
 340 00bf 03       		.uleb128 0x3
 341 00c0 4F030000 		.4byte	.LASF17
 342 00c4 04       		.byte	0x4
 343 00c5 1F       		.byte	0x1f
 344 00c6 6C000000 		.4byte	0x6c
 345 00ca 03       		.uleb128 0x3
 346 00cb ED030000 		.4byte	.LASF18
 347 00cf 04       		.byte	0x4
 348 00d0 20       		.byte	0x20
 349 00d1 7E000000 		.4byte	0x7e
 350 00d5 03       		.uleb128 0x3
 351 00d6 29000000 		.4byte	.LASF19
 352 00da 04       		.byte	0x4
 353 00db 26       		.byte	0x26
 354 00dc 97000000 		.4byte	0x97
 355 00e0 04       		.uleb128 0x4
 356 00e1 01       		.byte	0x1
 357 00e2 02       		.byte	0x2
 358 00e3 49030000 		.4byte	.LASF20
 359 00e7 03       		.uleb128 0x3
 360 00e8 5A020000 		.4byte	.LASF21
 361 00ec 05       		.byte	0x5
 362 00ed 2C       		.byte	0x2c
 363 00ee A9000000 		.4byte	0xa9
 364 00f2 03       		.uleb128 0x3
 365 00f3 6A010000 		.4byte	.LASF22
 366 00f7 05       		.byte	0x5
 367 00f8 2D       		.byte	0x2d
 368 00f9 A9000000 		.4byte	0xa9
 369 00fd 03       		.uleb128 0x3
 370 00fe 57010000 		.4byte	.LASF23
 371 0102 05       		.byte	0x5
 372 0103 2F       		.byte	0x2f
 373 0104 A9000000 		.4byte	0xa9
 374 0108 03       		.uleb128 0x3
 375 0109 41030000 		.4byte	.LASF24
 376 010d 05       		.byte	0x5
 377 010e 30       		.byte	0x30
 378 010f CA000000 		.4byte	0xca
 379 0113 03       		.uleb128 0x3
 380 0114 4C020000 		.4byte	.LASF25
 381 0118 05       		.byte	0x5
 382 0119 31       		.byte	0x31
 383 011a BF000000 		.4byte	0xbf
 384 011e 03       		.uleb128 0x3
 385 011f 6E020000 		.4byte	.LASF26
 386 0123 05       		.byte	0x5
 387 0124 33       		.byte	0x33
 388 0125 CA000000 		.4byte	0xca
 389 0129 03       		.uleb128 0x3
 390 012a 21040000 		.4byte	.LASF27
 391 012e 05       		.byte	0x5
 392 012f 35       		.byte	0x35
ARM GAS  /tmp/cckJNi2V.s 			page 8


 393 0130 CA000000 		.4byte	0xca
 394 0134 03       		.uleb128 0x3
 395 0135 CE030000 		.4byte	.LASF28
 396 0139 06       		.byte	0x6
 397 013a 2A       		.byte	0x2a
 398 013b 3F010000 		.4byte	0x13f
 399 013f 05       		.uleb128 0x5
 400 0140 CE030000 		.4byte	.LASF28
 401 0144 40       		.byte	0x40
 402 0145 07       		.byte	0x7
 403 0146 5E       		.byte	0x5e
 404 0147 18020000 		.4byte	0x218
 405 014b 06       		.uleb128 0x6
 406 014c B0030000 		.4byte	.LASF29
 407 0150 07       		.byte	0x7
 408 0151 5F       		.byte	0x5f
 409 0152 39020000 		.4byte	0x239
 410 0156 00       		.byte	0
 411 0157 06       		.uleb128 0x6
 412 0158 3A030000 		.4byte	.LASF30
 413 015c 07       		.byte	0x7
 414 015d 61       		.byte	0x61
 415 015e 39020000 		.4byte	0x239
 416 0162 04       		.byte	0x4
 417 0163 06       		.uleb128 0x6
 418 0164 F4000000 		.4byte	.LASF31
 419 0168 07       		.byte	0x7
 420 0169 63       		.byte	0x63
 421 016a 08010000 		.4byte	0x108
 422 016e 08       		.byte	0x8
 423 016f 06       		.uleb128 0x6
 424 0170 C4050000 		.4byte	.LASF32
 425 0174 07       		.byte	0x7
 426 0175 64       		.byte	0x64
 427 0176 CE030000 		.4byte	0x3ce
 428 017a 0C       		.byte	0xc
 429 017b 06       		.uleb128 0x6
 430 017c 86010000 		.4byte	.LASF33
 431 0180 07       		.byte	0x7
 432 0181 66       		.byte	0x66
 433 0182 39020000 		.4byte	0x239
 434 0186 10       		.byte	0x10
 435 0187 06       		.uleb128 0x6
 436 0188 E2020000 		.4byte	.LASF34
 437 018c 07       		.byte	0x7
 438 018d 67       		.byte	0x67
 439 018e 39020000 		.4byte	0x239
 440 0192 14       		.byte	0x14
 441 0193 06       		.uleb128 0x6
 442 0194 75040000 		.4byte	.LASF35
 443 0198 07       		.byte	0x7
 444 0199 6E       		.byte	0x6e
 445 019a 88050000 		.4byte	0x588
 446 019e 18       		.byte	0x18
 447 019f 06       		.uleb128 0x6
 448 01a0 84030000 		.4byte	.LASF36
 449 01a4 07       		.byte	0x7
ARM GAS  /tmp/cckJNi2V.s 			page 9


 450 01a5 79       		.byte	0x79
 451 01a6 F2000000 		.4byte	0xf2
 452 01aa 1C       		.byte	0x1c
 453 01ab 06       		.uleb128 0x6
 454 01ac C6030000 		.4byte	.LASF37
 455 01b0 07       		.byte	0x7
 456 01b1 7D       		.byte	0x7d
 457 01b2 E7000000 		.4byte	0xe7
 458 01b6 1D       		.byte	0x1d
 459 01b7 06       		.uleb128 0x6
 460 01b8 8C030000 		.4byte	.LASF38
 461 01bc 07       		.byte	0x7
 462 01bd 88       		.byte	0x88
 463 01be FD000000 		.4byte	0xfd
 464 01c2 1E       		.byte	0x1e
 465 01c3 07       		.uleb128 0x7
 466 01c4 705F7500 		.ascii	"p_u\000"
 467 01c8 07       		.byte	0x7
 468 01c9 B4       		.byte	0xb4
 469 01ca 53050000 		.4byte	0x553
 470 01ce 20       		.byte	0x20
 471 01cf 06       		.uleb128 0x6
 472 01d0 CA050000 		.4byte	.LASF39
 473 01d4 07       		.byte	0x7
 474 01d5 B9       		.byte	0xb9
 475 01d6 5F020000 		.4byte	0x25f
 476 01da 24       		.byte	0x24
 477 01db 06       		.uleb128 0x6
 478 01dc 58040000 		.4byte	.LASF40
 479 01e0 07       		.byte	0x7
 480 01e1 BF       		.byte	0xbf
 481 01e2 3F020000 		.4byte	0x23f
 482 01e6 28       		.byte	0x28
 483 01e7 06       		.uleb128 0x6
 484 01e8 15000000 		.4byte	.LASF41
 485 01ec 07       		.byte	0x7
 486 01ed C3       		.byte	0xc3
 487 01ee 13010000 		.4byte	0x113
 488 01f2 30       		.byte	0x30
 489 01f3 06       		.uleb128 0x6
 490 01f4 E2030000 		.4byte	.LASF42
 491 01f8 07       		.byte	0x7
 492 01f9 C9       		.byte	0xc9
 493 01fa 1E010000 		.4byte	0x11e
 494 01fe 34       		.byte	0x34
 495 01ff 06       		.uleb128 0x6
 496 0200 70030000 		.4byte	.LASF43
 497 0204 07       		.byte	0x7
 498 0205 D0       		.byte	0xd0
 499 0206 9A050000 		.4byte	0x59a
 500 020a 38       		.byte	0x38
 501 020b 06       		.uleb128 0x6
 502 020c 2B040000 		.4byte	.LASF44
 503 0210 07       		.byte	0x7
 504 0211 D4       		.byte	0xd4
 505 0212 08010000 		.4byte	0x108
 506 0216 3C       		.byte	0x3c
ARM GAS  /tmp/cckJNi2V.s 			page 10


 507 0217 00       		.byte	0
 508 0218 08       		.uleb128 0x8
 509 0219 08       		.byte	0x8
 510 021a 06       		.byte	0x6
 511 021b 61       		.byte	0x61
 512 021c 39020000 		.4byte	0x239
 513 0220 06       		.uleb128 0x6
 514 0221 B0030000 		.4byte	.LASF29
 515 0225 06       		.byte	0x6
 516 0226 62       		.byte	0x62
 517 0227 39020000 		.4byte	0x239
 518 022b 00       		.byte	0
 519 022c 06       		.uleb128 0x6
 520 022d 3A030000 		.4byte	.LASF30
 521 0231 06       		.byte	0x6
 522 0232 64       		.byte	0x64
 523 0233 39020000 		.4byte	0x239
 524 0237 04       		.byte	0x4
 525 0238 00       		.byte	0
 526 0239 09       		.uleb128 0x9
 527 023a 04       		.byte	0x4
 528 023b 34010000 		.4byte	0x134
 529 023f 03       		.uleb128 0x3
 530 0240 F0020000 		.4byte	.LASF45
 531 0244 06       		.byte	0x6
 532 0245 66       		.byte	0x66
 533 0246 18020000 		.4byte	0x218
 534 024a 08       		.uleb128 0x8
 535 024b 04       		.byte	0x4
 536 024c 06       		.byte	0x6
 537 024d 6B       		.byte	0x6b
 538 024e 5F020000 		.4byte	0x25f
 539 0252 06       		.uleb128 0x6
 540 0253 B0030000 		.4byte	.LASF29
 541 0257 06       		.byte	0x6
 542 0258 6D       		.byte	0x6d
 543 0259 39020000 		.4byte	0x239
 544 025d 00       		.byte	0
 545 025e 00       		.byte	0
 546 025f 03       		.uleb128 0x3
 547 0260 62020000 		.4byte	.LASF46
 548 0264 06       		.byte	0x6
 549 0265 70       		.byte	0x70
 550 0266 4A020000 		.4byte	0x24a
 551 026a 03       		.uleb128 0x3
 552 026b B2010000 		.4byte	.LASF47
 553 026f 08       		.byte	0x8
 554 0270 E5       		.byte	0xe5
 555 0271 75020000 		.4byte	0x275
 556 0275 0A       		.uleb128 0xa
 557 0276 04       		.byte	0x4
 558 0277 03       		.uleb128 0x3
 559 0278 80020000 		.4byte	.LASF48
 560 027c 08       		.byte	0x8
 561 027d EB       		.byte	0xeb
 562 027e D5000000 		.4byte	0xd5
 563 0282 0B       		.uleb128 0xb
ARM GAS  /tmp/cckJNi2V.s 			page 11


 564 0283 51040000 		.4byte	.LASF49
 565 0287 64       		.byte	0x64
 566 0288 08       		.byte	0x8
 567 0289 0C01     		.2byte	0x10c
 568 028b CE030000 		.4byte	0x3ce
 569 028f 0C       		.uleb128 0xc
 570 0290 73313600 		.ascii	"s16\000"
 571 0294 08       		.byte	0x8
 572 0295 0E01     		.2byte	0x10e
 573 0297 6A020000 		.4byte	0x26a
 574 029b 00       		.byte	0
 575 029c 0C       		.uleb128 0xc
 576 029d 73313700 		.ascii	"s17\000"
 577 02a1 08       		.byte	0x8
 578 02a2 0F01     		.2byte	0x10f
 579 02a4 6A020000 		.4byte	0x26a
 580 02a8 04       		.byte	0x4
 581 02a9 0C       		.uleb128 0xc
 582 02aa 73313800 		.ascii	"s18\000"
 583 02ae 08       		.byte	0x8
 584 02af 1001     		.2byte	0x110
 585 02b1 6A020000 		.4byte	0x26a
 586 02b5 08       		.byte	0x8
 587 02b6 0C       		.uleb128 0xc
 588 02b7 73313900 		.ascii	"s19\000"
 589 02bb 08       		.byte	0x8
 590 02bc 1101     		.2byte	0x111
 591 02be 6A020000 		.4byte	0x26a
 592 02c2 0C       		.byte	0xc
 593 02c3 0C       		.uleb128 0xc
 594 02c4 73323000 		.ascii	"s20\000"
 595 02c8 08       		.byte	0x8
 596 02c9 1201     		.2byte	0x112
 597 02cb 6A020000 		.4byte	0x26a
 598 02cf 10       		.byte	0x10
 599 02d0 0C       		.uleb128 0xc
 600 02d1 73323100 		.ascii	"s21\000"
 601 02d5 08       		.byte	0x8
 602 02d6 1301     		.2byte	0x113
 603 02d8 6A020000 		.4byte	0x26a
 604 02dc 14       		.byte	0x14
 605 02dd 0C       		.uleb128 0xc
 606 02de 73323200 		.ascii	"s22\000"
 607 02e2 08       		.byte	0x8
 608 02e3 1401     		.2byte	0x114
 609 02e5 6A020000 		.4byte	0x26a
 610 02e9 18       		.byte	0x18
 611 02ea 0C       		.uleb128 0xc
 612 02eb 73323300 		.ascii	"s23\000"
 613 02ef 08       		.byte	0x8
 614 02f0 1501     		.2byte	0x115
 615 02f2 6A020000 		.4byte	0x26a
 616 02f6 1C       		.byte	0x1c
 617 02f7 0C       		.uleb128 0xc
 618 02f8 73323400 		.ascii	"s24\000"
 619 02fc 08       		.byte	0x8
 620 02fd 1601     		.2byte	0x116
ARM GAS  /tmp/cckJNi2V.s 			page 12


 621 02ff 6A020000 		.4byte	0x26a
 622 0303 20       		.byte	0x20
 623 0304 0C       		.uleb128 0xc
 624 0305 73323500 		.ascii	"s25\000"
 625 0309 08       		.byte	0x8
 626 030a 1701     		.2byte	0x117
 627 030c 6A020000 		.4byte	0x26a
 628 0310 24       		.byte	0x24
 629 0311 0C       		.uleb128 0xc
 630 0312 73323600 		.ascii	"s26\000"
 631 0316 08       		.byte	0x8
 632 0317 1801     		.2byte	0x118
 633 0319 6A020000 		.4byte	0x26a
 634 031d 28       		.byte	0x28
 635 031e 0C       		.uleb128 0xc
 636 031f 73323700 		.ascii	"s27\000"
 637 0323 08       		.byte	0x8
 638 0324 1901     		.2byte	0x119
 639 0326 6A020000 		.4byte	0x26a
 640 032a 2C       		.byte	0x2c
 641 032b 0C       		.uleb128 0xc
 642 032c 73323800 		.ascii	"s28\000"
 643 0330 08       		.byte	0x8
 644 0331 1A01     		.2byte	0x11a
 645 0333 6A020000 		.4byte	0x26a
 646 0337 30       		.byte	0x30
 647 0338 0C       		.uleb128 0xc
 648 0339 73323900 		.ascii	"s29\000"
 649 033d 08       		.byte	0x8
 650 033e 1B01     		.2byte	0x11b
 651 0340 6A020000 		.4byte	0x26a
 652 0344 34       		.byte	0x34
 653 0345 0C       		.uleb128 0xc
 654 0346 73333000 		.ascii	"s30\000"
 655 034a 08       		.byte	0x8
 656 034b 1C01     		.2byte	0x11c
 657 034d 6A020000 		.4byte	0x26a
 658 0351 38       		.byte	0x38
 659 0352 0C       		.uleb128 0xc
 660 0353 73333100 		.ascii	"s31\000"
 661 0357 08       		.byte	0x8
 662 0358 1D01     		.2byte	0x11d
 663 035a 6A020000 		.4byte	0x26a
 664 035e 3C       		.byte	0x3c
 665 035f 0C       		.uleb128 0xc
 666 0360 723400   		.ascii	"r4\000"
 667 0363 08       		.byte	0x8
 668 0364 1F01     		.2byte	0x11f
 669 0366 6A020000 		.4byte	0x26a
 670 036a 40       		.byte	0x40
 671 036b 0C       		.uleb128 0xc
 672 036c 723500   		.ascii	"r5\000"
 673 036f 08       		.byte	0x8
 674 0370 2001     		.2byte	0x120
 675 0372 6A020000 		.4byte	0x26a
 676 0376 44       		.byte	0x44
 677 0377 0C       		.uleb128 0xc
ARM GAS  /tmp/cckJNi2V.s 			page 13


 678 0378 723600   		.ascii	"r6\000"
 679 037b 08       		.byte	0x8
 680 037c 2101     		.2byte	0x121
 681 037e 6A020000 		.4byte	0x26a
 682 0382 48       		.byte	0x48
 683 0383 0C       		.uleb128 0xc
 684 0384 723700   		.ascii	"r7\000"
 685 0387 08       		.byte	0x8
 686 0388 2201     		.2byte	0x122
 687 038a 6A020000 		.4byte	0x26a
 688 038e 4C       		.byte	0x4c
 689 038f 0C       		.uleb128 0xc
 690 0390 723800   		.ascii	"r8\000"
 691 0393 08       		.byte	0x8
 692 0394 2301     		.2byte	0x123
 693 0396 6A020000 		.4byte	0x26a
 694 039a 50       		.byte	0x50
 695 039b 0C       		.uleb128 0xc
 696 039c 723900   		.ascii	"r9\000"
 697 039f 08       		.byte	0x8
 698 03a0 2401     		.2byte	0x124
 699 03a2 6A020000 		.4byte	0x26a
 700 03a6 54       		.byte	0x54
 701 03a7 0C       		.uleb128 0xc
 702 03a8 72313000 		.ascii	"r10\000"
 703 03ac 08       		.byte	0x8
 704 03ad 2501     		.2byte	0x125
 705 03af 6A020000 		.4byte	0x26a
 706 03b3 58       		.byte	0x58
 707 03b4 0C       		.uleb128 0xc
 708 03b5 72313100 		.ascii	"r11\000"
 709 03b9 08       		.byte	0x8
 710 03ba 2601     		.2byte	0x126
 711 03bc 6A020000 		.4byte	0x26a
 712 03c0 5C       		.byte	0x5c
 713 03c1 0C       		.uleb128 0xc
 714 03c2 6C7200   		.ascii	"lr\000"
 715 03c5 08       		.byte	0x8
 716 03c6 2701     		.2byte	0x127
 717 03c8 6A020000 		.4byte	0x26a
 718 03cc 60       		.byte	0x60
 719 03cd 00       		.byte	0
 720 03ce 0B       		.uleb128 0xb
 721 03cf 49040000 		.4byte	.LASF50
 722 03d3 04       		.byte	0x4
 723 03d4 08       		.byte	0x8
 724 03d5 3101     		.2byte	0x131
 725 03d7 E9030000 		.4byte	0x3e9
 726 03db 0C       		.uleb128 0xc
 727 03dc 72313300 		.ascii	"r13\000"
 728 03e0 08       		.byte	0x8
 729 03e1 3201     		.2byte	0x132
 730 03e3 E9030000 		.4byte	0x3e9
 731 03e7 00       		.byte	0
 732 03e8 00       		.byte	0
 733 03e9 09       		.uleb128 0x9
 734 03ea 04       		.byte	0x4
ARM GAS  /tmp/cckJNi2V.s 			page 14


 735 03eb 82020000 		.4byte	0x282
 736 03ef 04       		.uleb128 0x4
 737 03f0 04       		.byte	0x4
 738 03f1 07       		.byte	0x7
 739 03f2 B9020000 		.4byte	.LASF51
 740 03f6 03       		.uleb128 0x3
 741 03f7 15020000 		.4byte	.LASF52
 742 03fb 09       		.byte	0x9
 743 03fc 58       		.byte	0x58
 744 03fd 01040000 		.4byte	0x401
 745 0401 09       		.uleb128 0x9
 746 0402 04       		.byte	0x4
 747 0403 07040000 		.4byte	0x407
 748 0407 0D       		.uleb128 0xd
 749 0408 12040000 		.4byte	0x412
 750 040c 0E       		.uleb128 0xe
 751 040d 75020000 		.4byte	0x275
 752 0411 00       		.byte	0
 753 0412 03       		.uleb128 0x3
 754 0413 2C020000 		.4byte	.LASF53
 755 0417 09       		.byte	0x9
 756 0418 5D       		.byte	0x5d
 757 0419 1D040000 		.4byte	0x41d
 758 041d 05       		.uleb128 0x5
 759 041e 2C020000 		.4byte	.LASF53
 760 0422 14       		.byte	0x14
 761 0423 09       		.byte	0x9
 762 0424 64       		.byte	0x64
 763 0425 66040000 		.4byte	0x466
 764 0429 06       		.uleb128 0x6
 765 042a F2010000 		.4byte	.LASF54
 766 042e 09       		.byte	0x9
 767 042f 65       		.byte	0x65
 768 0430 66040000 		.4byte	0x466
 769 0434 00       		.byte	0
 770 0435 06       		.uleb128 0x6
 771 0436 BB010000 		.4byte	.LASF55
 772 043a 09       		.byte	0x9
 773 043b 67       		.byte	0x67
 774 043c 66040000 		.4byte	0x466
 775 0440 04       		.byte	0x4
 776 0441 06       		.uleb128 0x6
 777 0442 B1020000 		.4byte	.LASF56
 778 0446 09       		.byte	0x9
 779 0447 69       		.byte	0x69
 780 0448 29010000 		.4byte	0x129
 781 044c 08       		.byte	0x8
 782 044d 06       		.uleb128 0x6
 783 044e C2020000 		.4byte	.LASF57
 784 0452 09       		.byte	0x9
 785 0453 6A       		.byte	0x6a
 786 0454 F6030000 		.4byte	0x3f6
 787 0458 0C       		.byte	0xc
 788 0459 06       		.uleb128 0x6
 789 045a 63040000 		.4byte	.LASF58
 790 045e 09       		.byte	0x9
 791 045f 6C       		.byte	0x6c
ARM GAS  /tmp/cckJNi2V.s 			page 15


 792 0460 75020000 		.4byte	0x275
 793 0464 10       		.byte	0x10
 794 0465 00       		.byte	0
 795 0466 09       		.uleb128 0x9
 796 0467 04       		.byte	0x4
 797 0468 12040000 		.4byte	0x412
 798 046c 08       		.uleb128 0x8
 799 046d 10       		.byte	0x10
 800 046e 09       		.byte	0x9
 801 046f 76       		.byte	0x76
 802 0470 A5040000 		.4byte	0x4a5
 803 0474 06       		.uleb128 0x6
 804 0475 F2010000 		.4byte	.LASF54
 805 0479 09       		.byte	0x9
 806 047a 77       		.byte	0x77
 807 047b 66040000 		.4byte	0x466
 808 047f 00       		.byte	0
 809 0480 06       		.uleb128 0x6
 810 0481 BB010000 		.4byte	.LASF55
 811 0485 09       		.byte	0x9
 812 0486 79       		.byte	0x79
 813 0487 66040000 		.4byte	0x466
 814 048b 04       		.byte	0x4
 815 048c 06       		.uleb128 0x6
 816 048d B1020000 		.4byte	.LASF56
 817 0491 09       		.byte	0x9
 818 0492 7B       		.byte	0x7b
 819 0493 29010000 		.4byte	0x129
 820 0497 08       		.byte	0x8
 821 0498 06       		.uleb128 0x6
 822 0499 9F050000 		.4byte	.LASF59
 823 049d 09       		.byte	0x9
 824 049e 7C       		.byte	0x7c
 825 049f A5040000 		.4byte	0x4a5
 826 04a3 0C       		.byte	0xc
 827 04a4 00       		.byte	0
 828 04a5 0F       		.uleb128 0xf
 829 04a6 29010000 		.4byte	0x129
 830 04aa 03       		.uleb128 0x3
 831 04ab B5050000 		.4byte	.LASF60
 832 04af 09       		.byte	0x9
 833 04b0 7D       		.byte	0x7d
 834 04b1 6C040000 		.4byte	0x46c
 835 04b5 08       		.uleb128 0x8
 836 04b6 1C       		.byte	0x1c
 837 04b7 0A       		.byte	0xa
 838 04b8 5E       		.byte	0x5e
 839 04b9 06050000 		.4byte	0x506
 840 04bd 06       		.uleb128 0x6
 841 04be 02040000 		.4byte	.LASF61
 842 04c2 0A       		.byte	0xa
 843 04c3 5F       		.byte	0x5f
 844 04c4 3F020000 		.4byte	0x23f
 845 04c8 00       		.byte	0
 846 04c9 06       		.uleb128 0x6
 847 04ca A2030000 		.4byte	.LASF62
 848 04ce 0A       		.byte	0xa
ARM GAS  /tmp/cckJNi2V.s 			page 16


 849 04cf 60       		.byte	0x60
 850 04d0 08010000 		.4byte	0x108
 851 04d4 08       		.byte	0x8
 852 04d5 06       		.uleb128 0x6
 853 04d6 EA020000 		.4byte	.LASF63
 854 04da 0A       		.byte	0xa
 855 04db 62       		.byte	0x62
 856 04dc CE030000 		.4byte	0x3ce
 857 04e0 0C       		.byte	0xc
 858 04e1 06       		.uleb128 0x6
 859 04e2 52020000 		.4byte	.LASF64
 860 04e6 0A       		.byte	0xa
 861 04e7 65       		.byte	0x65
 862 04e8 39020000 		.4byte	0x239
 863 04ec 10       		.byte	0x10
 864 04ed 06       		.uleb128 0x6
 865 04ee 0F030000 		.4byte	.LASF65
 866 04f2 0A       		.byte	0xa
 867 04f3 66       		.byte	0x66
 868 04f4 39020000 		.4byte	0x239
 869 04f8 14       		.byte	0x14
 870 04f9 06       		.uleb128 0x6
 871 04fa 05030000 		.4byte	.LASF66
 872 04fe 0A       		.byte	0xa
 873 04ff 69       		.byte	0x69
 874 0500 39020000 		.4byte	0x239
 875 0504 18       		.byte	0x18
 876 0505 00       		.byte	0
 877 0506 03       		.uleb128 0x3
 878 0507 7C040000 		.4byte	.LASF67
 879 050b 0A       		.byte	0xa
 880 050c 6B       		.byte	0x6b
 881 050d B5040000 		.4byte	0x4b5
 882 0511 05       		.uleb128 0x5
 883 0512 7A020000 		.4byte	.LASF68
 884 0516 10       		.byte	0x10
 885 0517 0B       		.byte	0xb
 886 0518 2C       		.byte	0x2c
 887 0519 42050000 		.4byte	0x542
 888 051d 06       		.uleb128 0x6
 889 051e 4F010000 		.4byte	.LASF69
 890 0522 0B       		.byte	0xb
 891 0523 2D       		.byte	0x2d
 892 0524 3F020000 		.4byte	0x23f
 893 0528 00       		.byte	0
 894 0529 06       		.uleb128 0x6
 895 052a BC050000 		.4byte	.LASF70
 896 052e 0B       		.byte	0xb
 897 052f 2F       		.byte	0x2f
 898 0530 39020000 		.4byte	0x239
 899 0534 08       		.byte	0x8
 900 0535 06       		.uleb128 0x6
 901 0536 1A040000 		.4byte	.LASF71
 902 053a 0B       		.byte	0xb
 903 053b 31       		.byte	0x31
 904 053c 42050000 		.4byte	0x542
 905 0540 0C       		.byte	0xc
ARM GAS  /tmp/cckJNi2V.s 			page 17


 906 0541 00       		.byte	0
 907 0542 09       		.uleb128 0x9
 908 0543 04       		.byte	0x4
 909 0544 11050000 		.4byte	0x511
 910 0548 03       		.uleb128 0x3
 911 0549 7A020000 		.4byte	.LASF68
 912 054d 0B       		.byte	0xb
 913 054e 33       		.byte	0x33
 914 054f 11050000 		.4byte	0x511
 915 0553 10       		.uleb128 0x10
 916 0554 04       		.byte	0x4
 917 0555 07       		.byte	0x7
 918 0556 96       		.byte	0x96
 919 0557 88050000 		.4byte	0x588
 920 055b 11       		.uleb128 0x11
 921 055c 22000000 		.4byte	.LASF72
 922 0560 07       		.byte	0x7
 923 0561 9D       		.byte	0x9d
 924 0562 13010000 		.4byte	0x113
 925 0566 11       		.uleb128 0x11
 926 0567 9E010000 		.4byte	.LASF73
 927 056b 07       		.byte	0x7
 928 056c A4       		.byte	0xa4
 929 056d 13010000 		.4byte	0x113
 930 0571 11       		.uleb128 0x11
 931 0572 9F040000 		.4byte	.LASF74
 932 0576 07       		.byte	0x7
 933 0577 AB       		.byte	0xab
 934 0578 75020000 		.4byte	0x275
 935 057c 11       		.uleb128 0x11
 936 057d A9030000 		.4byte	.LASF75
 937 0581 07       		.byte	0x7
 938 0582 B2       		.byte	0xb2
 939 0583 1E010000 		.4byte	0x11e
 940 0587 00       		.byte	0
 941 0588 09       		.uleb128 0x9
 942 0589 04       		.byte	0x4
 943 058a 8E050000 		.4byte	0x58e
 944 058e 12       		.uleb128 0x12
 945 058f 93050000 		.4byte	0x593
 946 0593 04       		.uleb128 0x4
 947 0594 01       		.byte	0x1
 948 0595 08       		.byte	0x8
 949 0596 0A040000 		.4byte	.LASF76
 950 059a 09       		.uleb128 0x9
 951 059b 04       		.byte	0x4
 952 059c 48050000 		.4byte	0x548
 953 05a0 03       		.uleb128 0x3
 954 05a1 00000000 		.4byte	.LASF77
 955 05a5 07       		.byte	0x7
 956 05a6 E5       		.byte	0xe5
 957 05a7 AB050000 		.4byte	0x5ab
 958 05ab 09       		.uleb128 0x9
 959 05ac 04       		.byte	0x4
 960 05ad B1050000 		.4byte	0x5b1
 961 05b1 13       		.uleb128 0x13
 962 05b2 13010000 		.4byte	0x113
ARM GAS  /tmp/cckJNi2V.s 			page 18


 963 05b6 C0050000 		.4byte	0x5c0
 964 05ba 0E       		.uleb128 0xe
 965 05bb 75020000 		.4byte	0x275
 966 05bf 00       		.byte	0
 967 05c0 08       		.uleb128 0x8
 968 05c1 16       		.byte	0x16
 969 05c2 0C       		.byte	0xc
 970 05c3 2C       		.byte	0x2c
 971 05c4 A1060000 		.4byte	0x6a1
 972 05c8 06       		.uleb128 0x6
 973 05c9 1E020000 		.4byte	.LASF78
 974 05cd 0C       		.byte	0xc
 975 05ce 2D       		.byte	0x2d
 976 05cf A1060000 		.4byte	0x6a1
 977 05d3 00       		.byte	0
 978 05d4 06       		.uleb128 0x6
 979 05d5 9D020000 		.4byte	.LASF79
 980 05d9 0C       		.byte	0xc
 981 05da 2E       		.byte	0x2e
 982 05db A9000000 		.4byte	0xa9
 983 05df 04       		.byte	0x4
 984 05e0 06       		.uleb128 0x6
 985 05e1 FD020000 		.4byte	.LASF80
 986 05e5 0C       		.byte	0xc
 987 05e6 2F       		.byte	0x2f
 988 05e7 A9000000 		.4byte	0xa9
 989 05eb 05       		.byte	0x5
 990 05ec 06       		.uleb128 0x6
 991 05ed AA050000 		.4byte	.LASF81
 992 05f1 0C       		.byte	0xc
 993 05f2 30       		.byte	0x30
 994 05f3 B4000000 		.4byte	0xb4
 995 05f7 06       		.byte	0x6
 996 05f8 06       		.uleb128 0x6
 997 05f9 2F030000 		.4byte	.LASF82
 998 05fd 0C       		.byte	0xc
 999 05fe 31       		.byte	0x31
 1000 05ff A9000000 		.4byte	0xa9
 1001 0603 08       		.byte	0x8
 1002 0604 06       		.uleb128 0x6
 1003 0605 CA020000 		.4byte	.LASF83
 1004 0609 0C       		.byte	0xc
 1005 060a 32       		.byte	0x32
 1006 060b A9000000 		.4byte	0xa9
 1007 060f 09       		.byte	0x9
 1008 0610 06       		.uleb128 0x6
 1009 0611 3C000000 		.4byte	.LASF84
 1010 0615 0C       		.byte	0xc
 1011 0616 33       		.byte	0x33
 1012 0617 A9000000 		.4byte	0xa9
 1013 061b 0A       		.byte	0xa
 1014 061c 06       		.uleb128 0x6
 1015 061d F6030000 		.4byte	.LASF85
 1016 0621 0C       		.byte	0xc
 1017 0622 34       		.byte	0x34
 1018 0623 A9000000 		.4byte	0xa9
 1019 0627 0B       		.byte	0xb
ARM GAS  /tmp/cckJNi2V.s 			page 19


 1020 0628 06       		.uleb128 0x6
 1021 0629 6A040000 		.4byte	.LASF86
 1022 062d 0C       		.byte	0xc
 1023 062e 35       		.byte	0x35
 1024 062f A9000000 		.4byte	0xa9
 1025 0633 0C       		.byte	0xc
 1026 0634 06       		.uleb128 0x6
 1027 0635 D5030000 		.4byte	.LASF87
 1028 0639 0C       		.byte	0xc
 1029 063a 36       		.byte	0x36
 1030 063b A9000000 		.4byte	0xa9
 1031 063f 0D       		.byte	0xd
 1032 0640 06       		.uleb128 0x6
 1033 0641 08000000 		.4byte	.LASF88
 1034 0645 0C       		.byte	0xc
 1035 0646 37       		.byte	0x37
 1036 0647 A9000000 		.4byte	0xa9
 1037 064b 0E       		.byte	0xe
 1038 064c 06       		.uleb128 0x6
 1039 064d D6020000 		.4byte	.LASF89
 1040 0651 0C       		.byte	0xc
 1041 0652 38       		.byte	0x38
 1042 0653 A9000000 		.4byte	0xa9
 1043 0657 0F       		.byte	0xf
 1044 0658 06       		.uleb128 0x6
 1045 0659 32010000 		.4byte	.LASF90
 1046 065d 0C       		.byte	0xc
 1047 065e 39       		.byte	0x39
 1048 065f A9000000 		.4byte	0xa9
 1049 0663 10       		.byte	0x10
 1050 0664 06       		.uleb128 0x6
 1051 0665 FB000000 		.4byte	.LASF91
 1052 0669 0C       		.byte	0xc
 1053 066a 3B       		.byte	0x3b
 1054 066b A9000000 		.4byte	0xa9
 1055 066f 11       		.byte	0x11
 1056 0670 06       		.uleb128 0x6
 1057 0671 42010000 		.4byte	.LASF92
 1058 0675 0C       		.byte	0xc
 1059 0676 3C       		.byte	0x3c
 1060 0677 A9000000 		.4byte	0xa9
 1061 067b 12       		.byte	0x12
 1062 067c 06       		.uleb128 0x6
 1063 067d A5020000 		.4byte	.LASF93
 1064 0681 0C       		.byte	0xc
 1065 0682 3D       		.byte	0x3d
 1066 0683 A9000000 		.4byte	0xa9
 1067 0687 13       		.byte	0x13
 1068 0688 06       		.uleb128 0x6
 1069 0689 B7030000 		.4byte	.LASF94
 1070 068d 0C       		.byte	0xc
 1071 068e 3E       		.byte	0x3e
 1072 068f A9000000 		.4byte	0xa9
 1073 0693 14       		.byte	0x14
 1074 0694 06       		.uleb128 0x6
 1075 0695 96030000 		.4byte	.LASF95
 1076 0699 0C       		.byte	0xc
ARM GAS  /tmp/cckJNi2V.s 			page 20


 1077 069a 40       		.byte	0x40
 1078 069b A9000000 		.4byte	0xa9
 1079 069f 15       		.byte	0x15
 1080 06a0 00       		.byte	0
 1081 06a1 14       		.uleb128 0x14
 1082 06a2 93050000 		.4byte	0x593
 1083 06a6 B1060000 		.4byte	0x6b1
 1084 06aa 15       		.uleb128 0x15
 1085 06ab EF030000 		.4byte	0x3ef
 1086 06af 03       		.byte	0x3
 1087 06b0 00       		.byte	0
 1088 06b1 03       		.uleb128 0x3
 1089 06b2 7C010000 		.4byte	.LASF96
 1090 06b6 0C       		.byte	0xc
 1091 06b7 41       		.byte	0x41
 1092 06b8 C0050000 		.4byte	0x5c0
 1093 06bc 16       		.uleb128 0x16
 1094 06bd 17030000 		.4byte	.LASF97
 1095 06c1 01       		.byte	0x1
 1096 06c2 3D       		.byte	0x3d
 1097 06c3 00000000 		.4byte	.LFB7
 1098 06c7 14000000 		.4byte	.LFE7-.LFB7
 1099 06cb 01       		.uleb128 0x1
 1100 06cc 9C       		.byte	0x9c
 1101 06cd DD060000 		.4byte	0x6dd
 1102 06d1 17       		.uleb128 0x17
 1103 06d2 7000     		.ascii	"p\000"
 1104 06d4 01       		.byte	0x1
 1105 06d5 3D       		.byte	0x3d
 1106 06d6 75020000 		.4byte	0x275
 1107 06da 01       		.uleb128 0x1
 1108 06db 50       		.byte	0x50
 1109 06dc 00       		.byte	0
 1110 06dd 16       		.uleb128 0x16
 1111 06de C3010000 		.4byte	.LASF98
 1112 06e2 01       		.byte	0x1
 1113 06e3 54       		.byte	0x54
 1114 06e4 20000000 		.4byte	.LFB8
 1115 06e8 60000000 		.4byte	.LFE8-.LFB8
 1116 06ec 01       		.uleb128 0x1
 1117 06ed 9C       		.byte	0x9c
 1118 06ee 97070000 		.4byte	0x797
 1119 06f2 18       		.uleb128 0x18
 1120 06f3 E9000000 		.4byte	.LASF99
 1121 06f7 01       		.byte	0x1
 1122 06f8 55       		.byte	0x55
 1123 06f9 34010000 		.4byte	0x134
 1124 06fd 05       		.uleb128 0x5
 1125 06fe 03       		.byte	0x3
 1126 06ff 00000000 		.4byte	mainthread.4737
 1127 0703 19       		.uleb128 0x19
 1128 0704 48000000 		.4byte	.LBB2
 1129 0708 08000000 		.4byte	.LBE2-.LBB2
 1130 070c 1E070000 		.4byte	0x71e
 1131 0710 1A       		.uleb128 0x1a
 1132 0711 746D7000 		.ascii	"tmp\000"
 1133 0715 01       		.byte	0x1
ARM GAS  /tmp/cckJNi2V.s 			page 21


 1134 0716 6F       		.byte	0x6f
 1135 0717 CA000000 		.4byte	0xca
 1136 071b 01       		.uleb128 0x1
 1137 071c 53       		.byte	0x53
 1138 071d 00       		.byte	0
 1139 071e 1B       		.uleb128 0x1b
 1140 071f 28000000 		.4byte	.LVL1
 1141 0723 5F080000 		.4byte	0x85f
 1142 0727 1B       		.uleb128 0x1b
 1143 0728 2C000000 		.4byte	.LVL2
 1144 072c 67080000 		.4byte	0x867
 1145 0730 1B       		.uleb128 0x1b
 1146 0731 30000000 		.4byte	.LVL3
 1147 0735 6E080000 		.4byte	0x86e
 1148 0739 1B       		.uleb128 0x1b
 1149 073a 34000000 		.4byte	.LVL4
 1150 073e 75080000 		.4byte	0x875
 1151 0742 1B       		.uleb128 0x1b
 1152 0743 38000000 		.4byte	.LVL5
 1153 0747 7C080000 		.4byte	0x87c
 1154 074b 1C       		.uleb128 0x1c
 1155 074c 40000000 		.4byte	.LVL6
 1156 0750 83080000 		.4byte	0x883
 1157 0754 68070000 		.4byte	0x768
 1158 0758 1D       		.uleb128 0x1d
 1159 0759 01       		.uleb128 0x1
 1160 075a 51       		.byte	0x51
 1161 075b 02       		.uleb128 0x2
 1162 075c 08       		.byte	0x8
 1163 075d 40       		.byte	0x40
 1164 075e 1D       		.uleb128 0x1d
 1165 075f 01       		.uleb128 0x1
 1166 0760 50       		.byte	0x50
 1167 0761 05       		.uleb128 0x5
 1168 0762 03       		.byte	0x3
 1169 0763 00000000 		.4byte	.LANCHOR0
 1170 0767 00       		.byte	0
 1171 0768 1E       		.uleb128 0x1e
 1172 0769 64000000 		.4byte	.LVL7
 1173 076d 9E080000 		.4byte	0x89e
 1174 0771 1D       		.uleb128 0x1d
 1175 0772 01       		.uleb128 0x1
 1176 0773 53       		.byte	0x53
 1177 0774 05       		.uleb128 0x5
 1178 0775 03       		.byte	0x3
 1179 0776 00000000 		.4byte	_idle_thread
 1180 077a 1D       		.uleb128 0x1d
 1181 077b 01       		.uleb128 0x1
 1182 077c 52       		.byte	0x52
 1183 077d 01       		.uleb128 0x1
 1184 077e 31       		.byte	0x31
 1185 077f 1D       		.uleb128 0x1d
 1186 0780 01       		.uleb128 0x1
 1187 0781 51       		.byte	0x51
 1188 0782 03       		.uleb128 0x3
 1189 0783 0A       		.byte	0xa
 1190 0784 6001     		.2byte	0x160
ARM GAS  /tmp/cckJNi2V.s 			page 22


 1191 0786 1D       		.uleb128 0x1d
 1192 0787 01       		.uleb128 0x1
 1193 0788 50       		.byte	0x50
 1194 0789 05       		.uleb128 0x5
 1195 078a 03       		.byte	0x3
 1196 078b 00000000 		.4byte	_idle_thread_wa
 1197 078f 1D       		.uleb128 0x1d
 1198 0790 02       		.uleb128 0x2
 1199 0791 7D       		.byte	0x7d
 1200 0792 00       		.sleb128 0
 1201 0793 01       		.uleb128 0x1
 1202 0794 30       		.byte	0x30
 1203 0795 00       		.byte	0
 1204 0796 00       		.byte	0
 1205 0797 16       		.uleb128 0x16
 1206 0798 51000000 		.4byte	.LASF100
 1207 079c 01       		.byte	0x1
 1208 079d 89       		.byte	0x89
 1209 079e 80000000 		.4byte	.LFB9
 1210 07a2 50000000 		.4byte	.LFE9-.LFB9
 1211 07a6 01       		.uleb128 0x1
 1212 07a7 9C       		.byte	0x9c
 1213 07a8 18080000 		.4byte	0x818
 1214 07ac 1F       		.uleb128 0x1f
 1215 07ad 9C000000 		.4byte	.LBB3
 1216 07b1 34000000 		.4byte	.LBE3-.LBB3
 1217 07b5 20       		.uleb128 0x20
 1218 07b6 76747000 		.ascii	"vtp\000"
 1219 07ba 01       		.byte	0x1
 1220 07bb 96       		.byte	0x96
 1221 07bc 66040000 		.4byte	0x466
 1222 07c0 00000000 		.4byte	.LLST0
 1223 07c4 1F       		.uleb128 0x1f
 1224 07c5 A4000000 		.4byte	.LBB4
 1225 07c9 1A000000 		.4byte	.LBE4-.LBB4
 1226 07cd 20       		.uleb128 0x20
 1227 07ce 666E00   		.ascii	"fn\000"
 1228 07d1 01       		.byte	0x1
 1229 07d2 96       		.byte	0x96
 1230 07d3 F6030000 		.4byte	0x3f6
 1231 07d7 1E000000 		.4byte	.LLST1
 1232 07db 21       		.uleb128 0x21
 1233 07dc 00000000 		.4byte	.Ldebug_ranges0+0
 1234 07e0 F2070000 		.4byte	0x7f2
 1235 07e4 1A       		.uleb128 0x1a
 1236 07e5 746D7000 		.ascii	"tmp\000"
 1237 07e9 01       		.byte	0x1
 1238 07ea 96       		.byte	0x96
 1239 07eb CA000000 		.4byte	0xca
 1240 07ef 01       		.uleb128 0x1
 1241 07f0 53       		.byte	0x53
 1242 07f1 00       		.byte	0
 1243 07f2 19       		.uleb128 0x19
 1244 07f3 B8000000 		.4byte	.LBB7
 1245 07f7 06000000 		.4byte	.LBE7-.LBB7
 1246 07fb 0D080000 		.4byte	0x80d
 1247 07ff 1A       		.uleb128 0x1a
ARM GAS  /tmp/cckJNi2V.s 			page 23


 1248 0800 746D7000 		.ascii	"tmp\000"
 1249 0804 01       		.byte	0x1
 1250 0805 96       		.byte	0x96
 1251 0806 CA000000 		.4byte	0xca
 1252 080a 01       		.uleb128 0x1
 1253 080b 53       		.byte	0x53
 1254 080c 00       		.byte	0
 1255 080d 22       		.uleb128 0x22
 1256 080e B8000000 		.4byte	.LVL10
 1257 0812 02       		.uleb128 0x2
 1258 0813 75       		.byte	0x75
 1259 0814 00       		.sleb128 0
 1260 0815 00       		.byte	0
 1261 0816 00       		.byte	0
 1262 0817 00       		.byte	0
 1263 0818 23       		.uleb128 0x23
 1264 0819 4A000000 		.4byte	.LASF101
 1265 081d 09       		.byte	0x9
 1266 081e F5       		.byte	0xf5
 1267 081f AA040000 		.4byte	0x4aa
 1268 0823 23       		.uleb128 0x23
 1269 0824 86040000 		.4byte	.LASF102
 1270 0828 0A       		.byte	0xa
 1271 0829 6F       		.byte	0x6f
 1272 082a 06050000 		.4byte	0x506
 1273 082e 23       		.uleb128 0x23
 1274 082f 0C020000 		.4byte	.LASF103
 1275 0833 0C       		.byte	0xc
 1276 0834 7E       		.byte	0x7e
 1277 0835 39080000 		.4byte	0x839
 1278 0839 12       		.uleb128 0x12
 1279 083a B1060000 		.4byte	0x6b1
 1280 083e 14       		.uleb128 0x14
 1281 083f 77020000 		.4byte	0x277
 1282 0843 4E080000 		.4byte	0x84e
 1283 0847 15       		.uleb128 0x15
 1284 0848 EF030000 		.4byte	0x3ef
 1285 084c 2B       		.byte	0x2b
 1286 084d 00       		.byte	0
 1287 084e 24       		.uleb128 0x24
 1288 084f 8E010000 		.4byte	.LASF104
 1289 0853 01       		.byte	0x1
 1290 0854 31       		.byte	0x31
 1291 0855 3E080000 		.4byte	0x83e
 1292 0859 05       		.uleb128 0x5
 1293 085a 03       		.byte	0x3
 1294 085b 00000000 		.4byte	_idle_thread_wa
 1295 085f 25       		.uleb128 0x25
 1296 0860 94040000 		.4byte	.LASF105
 1297 0864 08       		.byte	0x8
 1298 0865 0202     		.2byte	0x202
 1299 0867 26       		.uleb128 0x26
 1300 0868 08010000 		.4byte	.LASF106
 1301 086c 0A       		.byte	0xa
 1302 086d 8E       		.byte	0x8e
 1303 086e 26       		.uleb128 0x26
 1304 086f 40040000 		.4byte	.LASF107
ARM GAS  /tmp/cckJNi2V.s 			page 24


 1305 0873 09       		.byte	0x9
 1306 0874 FD       		.byte	0xfd
 1307 0875 26       		.uleb128 0x26
 1308 0876 65030000 		.4byte	.LASF108
 1309 087a 0D       		.byte	0xd
 1310 087b 51       		.byte	0x51
 1311 087c 26       		.uleb128 0x26
 1312 087d CD010000 		.4byte	.LASF109
 1313 0881 0E       		.byte	0xe
 1314 0882 55       		.byte	0x55
 1315 0883 27       		.uleb128 0x27
 1316 0884 E5010000 		.4byte	.LASF112
 1317 0888 07       		.byte	0x7
 1318 0889 6A01     		.2byte	0x16a
 1319 088b 39020000 		.4byte	0x239
 1320 088f 9E080000 		.4byte	0x89e
 1321 0893 0E       		.uleb128 0xe
 1322 0894 39020000 		.4byte	0x239
 1323 0898 0E       		.uleb128 0xe
 1324 0899 08010000 		.4byte	0x108
 1325 089d 00       		.byte	0
 1326 089e 28       		.uleb128 0x28
 1327 089f 8B020000 		.4byte	.LASF113
 1328 08a3 07       		.byte	0x7
 1329 08a4 7001     		.2byte	0x170
 1330 08a6 39020000 		.4byte	0x239
 1331 08aa 0E       		.uleb128 0xe
 1332 08ab 75020000 		.4byte	0x275
 1333 08af 0E       		.uleb128 0xe
 1334 08b0 28000000 		.4byte	0x28
 1335 08b4 0E       		.uleb128 0xe
 1336 08b5 08010000 		.4byte	0x108
 1337 08b9 0E       		.uleb128 0xe
 1338 08ba A0050000 		.4byte	0x5a0
 1339 08be 0E       		.uleb128 0xe
 1340 08bf 75020000 		.4byte	0x275
 1341 08c3 00       		.byte	0
 1342 08c4 00       		.byte	0
 1343              		.section	.debug_abbrev,"",%progbits
 1344              	.Ldebug_abbrev0:
 1345 0000 01       		.uleb128 0x1
 1346 0001 11       		.uleb128 0x11
 1347 0002 01       		.byte	0x1
 1348 0003 25       		.uleb128 0x25
 1349 0004 0E       		.uleb128 0xe
 1350 0005 13       		.uleb128 0x13
 1351 0006 0B       		.uleb128 0xb
 1352 0007 03       		.uleb128 0x3
 1353 0008 0E       		.uleb128 0xe
 1354 0009 11       		.uleb128 0x11
 1355 000a 01       		.uleb128 0x1
 1356 000b 12       		.uleb128 0x12
 1357 000c 06       		.uleb128 0x6
 1358 000d 10       		.uleb128 0x10
 1359 000e 17       		.uleb128 0x17
 1360 000f 00       		.byte	0
 1361 0010 00       		.byte	0
ARM GAS  /tmp/cckJNi2V.s 			page 25


 1362 0011 02       		.uleb128 0x2
 1363 0012 24       		.uleb128 0x24
 1364 0013 00       		.byte	0
 1365 0014 0B       		.uleb128 0xb
 1366 0015 0B       		.uleb128 0xb
 1367 0016 3E       		.uleb128 0x3e
 1368 0017 0B       		.uleb128 0xb
 1369 0018 03       		.uleb128 0x3
 1370 0019 08       		.uleb128 0x8
 1371 001a 00       		.byte	0
 1372 001b 00       		.byte	0
 1373 001c 03       		.uleb128 0x3
 1374 001d 16       		.uleb128 0x16
 1375 001e 00       		.byte	0
 1376 001f 03       		.uleb128 0x3
 1377 0020 0E       		.uleb128 0xe
 1378 0021 3A       		.uleb128 0x3a
 1379 0022 0B       		.uleb128 0xb
 1380 0023 3B       		.uleb128 0x3b
 1381 0024 0B       		.uleb128 0xb
 1382 0025 49       		.uleb128 0x49
 1383 0026 13       		.uleb128 0x13
 1384 0027 00       		.byte	0
 1385 0028 00       		.byte	0
 1386 0029 04       		.uleb128 0x4
 1387 002a 24       		.uleb128 0x24
 1388 002b 00       		.byte	0
 1389 002c 0B       		.uleb128 0xb
 1390 002d 0B       		.uleb128 0xb
 1391 002e 3E       		.uleb128 0x3e
 1392 002f 0B       		.uleb128 0xb
 1393 0030 03       		.uleb128 0x3
 1394 0031 0E       		.uleb128 0xe
 1395 0032 00       		.byte	0
 1396 0033 00       		.byte	0
 1397 0034 05       		.uleb128 0x5
 1398 0035 13       		.uleb128 0x13
 1399 0036 01       		.byte	0x1
 1400 0037 03       		.uleb128 0x3
 1401 0038 0E       		.uleb128 0xe
 1402 0039 0B       		.uleb128 0xb
 1403 003a 0B       		.uleb128 0xb
 1404 003b 3A       		.uleb128 0x3a
 1405 003c 0B       		.uleb128 0xb
 1406 003d 3B       		.uleb128 0x3b
 1407 003e 0B       		.uleb128 0xb
 1408 003f 01       		.uleb128 0x1
 1409 0040 13       		.uleb128 0x13
 1410 0041 00       		.byte	0
 1411 0042 00       		.byte	0
 1412 0043 06       		.uleb128 0x6
 1413 0044 0D       		.uleb128 0xd
 1414 0045 00       		.byte	0
 1415 0046 03       		.uleb128 0x3
 1416 0047 0E       		.uleb128 0xe
 1417 0048 3A       		.uleb128 0x3a
 1418 0049 0B       		.uleb128 0xb
ARM GAS  /tmp/cckJNi2V.s 			page 26


 1419 004a 3B       		.uleb128 0x3b
 1420 004b 0B       		.uleb128 0xb
 1421 004c 49       		.uleb128 0x49
 1422 004d 13       		.uleb128 0x13
 1423 004e 38       		.uleb128 0x38
 1424 004f 0B       		.uleb128 0xb
 1425 0050 00       		.byte	0
 1426 0051 00       		.byte	0
 1427 0052 07       		.uleb128 0x7
 1428 0053 0D       		.uleb128 0xd
 1429 0054 00       		.byte	0
 1430 0055 03       		.uleb128 0x3
 1431 0056 08       		.uleb128 0x8
 1432 0057 3A       		.uleb128 0x3a
 1433 0058 0B       		.uleb128 0xb
 1434 0059 3B       		.uleb128 0x3b
 1435 005a 0B       		.uleb128 0xb
 1436 005b 49       		.uleb128 0x49
 1437 005c 13       		.uleb128 0x13
 1438 005d 38       		.uleb128 0x38
 1439 005e 0B       		.uleb128 0xb
 1440 005f 00       		.byte	0
 1441 0060 00       		.byte	0
 1442 0061 08       		.uleb128 0x8
 1443 0062 13       		.uleb128 0x13
 1444 0063 01       		.byte	0x1
 1445 0064 0B       		.uleb128 0xb
 1446 0065 0B       		.uleb128 0xb
 1447 0066 3A       		.uleb128 0x3a
 1448 0067 0B       		.uleb128 0xb
 1449 0068 3B       		.uleb128 0x3b
 1450 0069 0B       		.uleb128 0xb
 1451 006a 01       		.uleb128 0x1
 1452 006b 13       		.uleb128 0x13
 1453 006c 00       		.byte	0
 1454 006d 00       		.byte	0
 1455 006e 09       		.uleb128 0x9
 1456 006f 0F       		.uleb128 0xf
 1457 0070 00       		.byte	0
 1458 0071 0B       		.uleb128 0xb
 1459 0072 0B       		.uleb128 0xb
 1460 0073 49       		.uleb128 0x49
 1461 0074 13       		.uleb128 0x13
 1462 0075 00       		.byte	0
 1463 0076 00       		.byte	0
 1464 0077 0A       		.uleb128 0xa
 1465 0078 0F       		.uleb128 0xf
 1466 0079 00       		.byte	0
 1467 007a 0B       		.uleb128 0xb
 1468 007b 0B       		.uleb128 0xb
 1469 007c 00       		.byte	0
 1470 007d 00       		.byte	0
 1471 007e 0B       		.uleb128 0xb
 1472 007f 13       		.uleb128 0x13
 1473 0080 01       		.byte	0x1
 1474 0081 03       		.uleb128 0x3
 1475 0082 0E       		.uleb128 0xe
ARM GAS  /tmp/cckJNi2V.s 			page 27


 1476 0083 0B       		.uleb128 0xb
 1477 0084 0B       		.uleb128 0xb
 1478 0085 3A       		.uleb128 0x3a
 1479 0086 0B       		.uleb128 0xb
 1480 0087 3B       		.uleb128 0x3b
 1481 0088 05       		.uleb128 0x5
 1482 0089 01       		.uleb128 0x1
 1483 008a 13       		.uleb128 0x13
 1484 008b 00       		.byte	0
 1485 008c 00       		.byte	0
 1486 008d 0C       		.uleb128 0xc
 1487 008e 0D       		.uleb128 0xd
 1488 008f 00       		.byte	0
 1489 0090 03       		.uleb128 0x3
 1490 0091 08       		.uleb128 0x8
 1491 0092 3A       		.uleb128 0x3a
 1492 0093 0B       		.uleb128 0xb
 1493 0094 3B       		.uleb128 0x3b
 1494 0095 05       		.uleb128 0x5
 1495 0096 49       		.uleb128 0x49
 1496 0097 13       		.uleb128 0x13
 1497 0098 38       		.uleb128 0x38
 1498 0099 0B       		.uleb128 0xb
 1499 009a 00       		.byte	0
 1500 009b 00       		.byte	0
 1501 009c 0D       		.uleb128 0xd
 1502 009d 15       		.uleb128 0x15
 1503 009e 01       		.byte	0x1
 1504 009f 27       		.uleb128 0x27
 1505 00a0 19       		.uleb128 0x19
 1506 00a1 01       		.uleb128 0x1
 1507 00a2 13       		.uleb128 0x13
 1508 00a3 00       		.byte	0
 1509 00a4 00       		.byte	0
 1510 00a5 0E       		.uleb128 0xe
 1511 00a6 05       		.uleb128 0x5
 1512 00a7 00       		.byte	0
 1513 00a8 49       		.uleb128 0x49
 1514 00a9 13       		.uleb128 0x13
 1515 00aa 00       		.byte	0
 1516 00ab 00       		.byte	0
 1517 00ac 0F       		.uleb128 0xf
 1518 00ad 35       		.uleb128 0x35
 1519 00ae 00       		.byte	0
 1520 00af 49       		.uleb128 0x49
 1521 00b0 13       		.uleb128 0x13
 1522 00b1 00       		.byte	0
 1523 00b2 00       		.byte	0
 1524 00b3 10       		.uleb128 0x10
 1525 00b4 17       		.uleb128 0x17
 1526 00b5 01       		.byte	0x1
 1527 00b6 0B       		.uleb128 0xb
 1528 00b7 0B       		.uleb128 0xb
 1529 00b8 3A       		.uleb128 0x3a
 1530 00b9 0B       		.uleb128 0xb
 1531 00ba 3B       		.uleb128 0x3b
 1532 00bb 0B       		.uleb128 0xb
ARM GAS  /tmp/cckJNi2V.s 			page 28


 1533 00bc 01       		.uleb128 0x1
 1534 00bd 13       		.uleb128 0x13
 1535 00be 00       		.byte	0
 1536 00bf 00       		.byte	0
 1537 00c0 11       		.uleb128 0x11
 1538 00c1 0D       		.uleb128 0xd
 1539 00c2 00       		.byte	0
 1540 00c3 03       		.uleb128 0x3
 1541 00c4 0E       		.uleb128 0xe
 1542 00c5 3A       		.uleb128 0x3a
 1543 00c6 0B       		.uleb128 0xb
 1544 00c7 3B       		.uleb128 0x3b
 1545 00c8 0B       		.uleb128 0xb
 1546 00c9 49       		.uleb128 0x49
 1547 00ca 13       		.uleb128 0x13
 1548 00cb 00       		.byte	0
 1549 00cc 00       		.byte	0
 1550 00cd 12       		.uleb128 0x12
 1551 00ce 26       		.uleb128 0x26
 1552 00cf 00       		.byte	0
 1553 00d0 49       		.uleb128 0x49
 1554 00d1 13       		.uleb128 0x13
 1555 00d2 00       		.byte	0
 1556 00d3 00       		.byte	0
 1557 00d4 13       		.uleb128 0x13
 1558 00d5 15       		.uleb128 0x15
 1559 00d6 01       		.byte	0x1
 1560 00d7 27       		.uleb128 0x27
 1561 00d8 19       		.uleb128 0x19
 1562 00d9 49       		.uleb128 0x49
 1563 00da 13       		.uleb128 0x13
 1564 00db 01       		.uleb128 0x1
 1565 00dc 13       		.uleb128 0x13
 1566 00dd 00       		.byte	0
 1567 00de 00       		.byte	0
 1568 00df 14       		.uleb128 0x14
 1569 00e0 01       		.uleb128 0x1
 1570 00e1 01       		.byte	0x1
 1571 00e2 49       		.uleb128 0x49
 1572 00e3 13       		.uleb128 0x13
 1573 00e4 01       		.uleb128 0x1
 1574 00e5 13       		.uleb128 0x13
 1575 00e6 00       		.byte	0
 1576 00e7 00       		.byte	0
 1577 00e8 15       		.uleb128 0x15
 1578 00e9 21       		.uleb128 0x21
 1579 00ea 00       		.byte	0
 1580 00eb 49       		.uleb128 0x49
 1581 00ec 13       		.uleb128 0x13
 1582 00ed 2F       		.uleb128 0x2f
 1583 00ee 0B       		.uleb128 0xb
 1584 00ef 00       		.byte	0
 1585 00f0 00       		.byte	0
 1586 00f1 16       		.uleb128 0x16
 1587 00f2 2E       		.uleb128 0x2e
 1588 00f3 01       		.byte	0x1
 1589 00f4 3F       		.uleb128 0x3f
ARM GAS  /tmp/cckJNi2V.s 			page 29


 1590 00f5 19       		.uleb128 0x19
 1591 00f6 03       		.uleb128 0x3
 1592 00f7 0E       		.uleb128 0xe
 1593 00f8 3A       		.uleb128 0x3a
 1594 00f9 0B       		.uleb128 0xb
 1595 00fa 3B       		.uleb128 0x3b
 1596 00fb 0B       		.uleb128 0xb
 1597 00fc 27       		.uleb128 0x27
 1598 00fd 19       		.uleb128 0x19
 1599 00fe 11       		.uleb128 0x11
 1600 00ff 01       		.uleb128 0x1
 1601 0100 12       		.uleb128 0x12
 1602 0101 06       		.uleb128 0x6
 1603 0102 40       		.uleb128 0x40
 1604 0103 18       		.uleb128 0x18
 1605 0104 9742     		.uleb128 0x2117
 1606 0106 19       		.uleb128 0x19
 1607 0107 01       		.uleb128 0x1
 1608 0108 13       		.uleb128 0x13
 1609 0109 00       		.byte	0
 1610 010a 00       		.byte	0
 1611 010b 17       		.uleb128 0x17
 1612 010c 05       		.uleb128 0x5
 1613 010d 00       		.byte	0
 1614 010e 03       		.uleb128 0x3
 1615 010f 08       		.uleb128 0x8
 1616 0110 3A       		.uleb128 0x3a
 1617 0111 0B       		.uleb128 0xb
 1618 0112 3B       		.uleb128 0x3b
 1619 0113 0B       		.uleb128 0xb
 1620 0114 49       		.uleb128 0x49
 1621 0115 13       		.uleb128 0x13
 1622 0116 02       		.uleb128 0x2
 1623 0117 18       		.uleb128 0x18
 1624 0118 00       		.byte	0
 1625 0119 00       		.byte	0
 1626 011a 18       		.uleb128 0x18
 1627 011b 34       		.uleb128 0x34
 1628 011c 00       		.byte	0
 1629 011d 03       		.uleb128 0x3
 1630 011e 0E       		.uleb128 0xe
 1631 011f 3A       		.uleb128 0x3a
 1632 0120 0B       		.uleb128 0xb
 1633 0121 3B       		.uleb128 0x3b
 1634 0122 0B       		.uleb128 0xb
 1635 0123 49       		.uleb128 0x49
 1636 0124 13       		.uleb128 0x13
 1637 0125 02       		.uleb128 0x2
 1638 0126 18       		.uleb128 0x18
 1639 0127 00       		.byte	0
 1640 0128 00       		.byte	0
 1641 0129 19       		.uleb128 0x19
 1642 012a 0B       		.uleb128 0xb
 1643 012b 01       		.byte	0x1
 1644 012c 11       		.uleb128 0x11
 1645 012d 01       		.uleb128 0x1
 1646 012e 12       		.uleb128 0x12
ARM GAS  /tmp/cckJNi2V.s 			page 30


 1647 012f 06       		.uleb128 0x6
 1648 0130 01       		.uleb128 0x1
 1649 0131 13       		.uleb128 0x13
 1650 0132 00       		.byte	0
 1651 0133 00       		.byte	0
 1652 0134 1A       		.uleb128 0x1a
 1653 0135 34       		.uleb128 0x34
 1654 0136 00       		.byte	0
 1655 0137 03       		.uleb128 0x3
 1656 0138 08       		.uleb128 0x8
 1657 0139 3A       		.uleb128 0x3a
 1658 013a 0B       		.uleb128 0xb
 1659 013b 3B       		.uleb128 0x3b
 1660 013c 0B       		.uleb128 0xb
 1661 013d 49       		.uleb128 0x49
 1662 013e 13       		.uleb128 0x13
 1663 013f 02       		.uleb128 0x2
 1664 0140 18       		.uleb128 0x18
 1665 0141 00       		.byte	0
 1666 0142 00       		.byte	0
 1667 0143 1B       		.uleb128 0x1b
 1668 0144 898201   		.uleb128 0x4109
 1669 0147 00       		.byte	0
 1670 0148 11       		.uleb128 0x11
 1671 0149 01       		.uleb128 0x1
 1672 014a 31       		.uleb128 0x31
 1673 014b 13       		.uleb128 0x13
 1674 014c 00       		.byte	0
 1675 014d 00       		.byte	0
 1676 014e 1C       		.uleb128 0x1c
 1677 014f 898201   		.uleb128 0x4109
 1678 0152 01       		.byte	0x1
 1679 0153 11       		.uleb128 0x11
 1680 0154 01       		.uleb128 0x1
 1681 0155 31       		.uleb128 0x31
 1682 0156 13       		.uleb128 0x13
 1683 0157 01       		.uleb128 0x1
 1684 0158 13       		.uleb128 0x13
 1685 0159 00       		.byte	0
 1686 015a 00       		.byte	0
 1687 015b 1D       		.uleb128 0x1d
 1688 015c 8A8201   		.uleb128 0x410a
 1689 015f 00       		.byte	0
 1690 0160 02       		.uleb128 0x2
 1691 0161 18       		.uleb128 0x18
 1692 0162 9142     		.uleb128 0x2111
 1693 0164 18       		.uleb128 0x18
 1694 0165 00       		.byte	0
 1695 0166 00       		.byte	0
 1696 0167 1E       		.uleb128 0x1e
 1697 0168 898201   		.uleb128 0x4109
 1698 016b 01       		.byte	0x1
 1699 016c 11       		.uleb128 0x11
 1700 016d 01       		.uleb128 0x1
 1701 016e 31       		.uleb128 0x31
 1702 016f 13       		.uleb128 0x13
 1703 0170 00       		.byte	0
ARM GAS  /tmp/cckJNi2V.s 			page 31


 1704 0171 00       		.byte	0
 1705 0172 1F       		.uleb128 0x1f
 1706 0173 0B       		.uleb128 0xb
 1707 0174 01       		.byte	0x1
 1708 0175 11       		.uleb128 0x11
 1709 0176 01       		.uleb128 0x1
 1710 0177 12       		.uleb128 0x12
 1711 0178 06       		.uleb128 0x6
 1712 0179 00       		.byte	0
 1713 017a 00       		.byte	0
 1714 017b 20       		.uleb128 0x20
 1715 017c 34       		.uleb128 0x34
 1716 017d 00       		.byte	0
 1717 017e 03       		.uleb128 0x3
 1718 017f 08       		.uleb128 0x8
 1719 0180 3A       		.uleb128 0x3a
 1720 0181 0B       		.uleb128 0xb
 1721 0182 3B       		.uleb128 0x3b
 1722 0183 0B       		.uleb128 0xb
 1723 0184 49       		.uleb128 0x49
 1724 0185 13       		.uleb128 0x13
 1725 0186 02       		.uleb128 0x2
 1726 0187 17       		.uleb128 0x17
 1727 0188 00       		.byte	0
 1728 0189 00       		.byte	0
 1729 018a 21       		.uleb128 0x21
 1730 018b 0B       		.uleb128 0xb
 1731 018c 01       		.byte	0x1
 1732 018d 55       		.uleb128 0x55
 1733 018e 17       		.uleb128 0x17
 1734 018f 01       		.uleb128 0x1
 1735 0190 13       		.uleb128 0x13
 1736 0191 00       		.byte	0
 1737 0192 00       		.byte	0
 1738 0193 22       		.uleb128 0x22
 1739 0194 898201   		.uleb128 0x4109
 1740 0197 00       		.byte	0
 1741 0198 11       		.uleb128 0x11
 1742 0199 01       		.uleb128 0x1
 1743 019a 9342     		.uleb128 0x2113
 1744 019c 18       		.uleb128 0x18
 1745 019d 00       		.byte	0
 1746 019e 00       		.byte	0
 1747 019f 23       		.uleb128 0x23
 1748 01a0 34       		.uleb128 0x34
 1749 01a1 00       		.byte	0
 1750 01a2 03       		.uleb128 0x3
 1751 01a3 0E       		.uleb128 0xe
 1752 01a4 3A       		.uleb128 0x3a
 1753 01a5 0B       		.uleb128 0xb
 1754 01a6 3B       		.uleb128 0x3b
 1755 01a7 0B       		.uleb128 0xb
 1756 01a8 49       		.uleb128 0x49
 1757 01a9 13       		.uleb128 0x13
 1758 01aa 3F       		.uleb128 0x3f
 1759 01ab 19       		.uleb128 0x19
 1760 01ac 3C       		.uleb128 0x3c
ARM GAS  /tmp/cckJNi2V.s 			page 32


 1761 01ad 19       		.uleb128 0x19
 1762 01ae 00       		.byte	0
 1763 01af 00       		.byte	0
 1764 01b0 24       		.uleb128 0x24
 1765 01b1 34       		.uleb128 0x34
 1766 01b2 00       		.byte	0
 1767 01b3 03       		.uleb128 0x3
 1768 01b4 0E       		.uleb128 0xe
 1769 01b5 3A       		.uleb128 0x3a
 1770 01b6 0B       		.uleb128 0xb
 1771 01b7 3B       		.uleb128 0x3b
 1772 01b8 0B       		.uleb128 0xb
 1773 01b9 49       		.uleb128 0x49
 1774 01ba 13       		.uleb128 0x13
 1775 01bb 3F       		.uleb128 0x3f
 1776 01bc 19       		.uleb128 0x19
 1777 01bd 02       		.uleb128 0x2
 1778 01be 18       		.uleb128 0x18
 1779 01bf 00       		.byte	0
 1780 01c0 00       		.byte	0
 1781 01c1 25       		.uleb128 0x25
 1782 01c2 2E       		.uleb128 0x2e
 1783 01c3 00       		.byte	0
 1784 01c4 3F       		.uleb128 0x3f
 1785 01c5 19       		.uleb128 0x19
 1786 01c6 03       		.uleb128 0x3
 1787 01c7 0E       		.uleb128 0xe
 1788 01c8 3A       		.uleb128 0x3a
 1789 01c9 0B       		.uleb128 0xb
 1790 01ca 3B       		.uleb128 0x3b
 1791 01cb 05       		.uleb128 0x5
 1792 01cc 27       		.uleb128 0x27
 1793 01cd 19       		.uleb128 0x19
 1794 01ce 3C       		.uleb128 0x3c
 1795 01cf 19       		.uleb128 0x19
 1796 01d0 00       		.byte	0
 1797 01d1 00       		.byte	0
 1798 01d2 26       		.uleb128 0x26
 1799 01d3 2E       		.uleb128 0x2e
 1800 01d4 00       		.byte	0
 1801 01d5 3F       		.uleb128 0x3f
 1802 01d6 19       		.uleb128 0x19
 1803 01d7 03       		.uleb128 0x3
 1804 01d8 0E       		.uleb128 0xe
 1805 01d9 3A       		.uleb128 0x3a
 1806 01da 0B       		.uleb128 0xb
 1807 01db 3B       		.uleb128 0x3b
 1808 01dc 0B       		.uleb128 0xb
 1809 01dd 27       		.uleb128 0x27
 1810 01de 19       		.uleb128 0x19
 1811 01df 3C       		.uleb128 0x3c
 1812 01e0 19       		.uleb128 0x19
 1813 01e1 00       		.byte	0
 1814 01e2 00       		.byte	0
 1815 01e3 27       		.uleb128 0x27
 1816 01e4 2E       		.uleb128 0x2e
 1817 01e5 01       		.byte	0x1
ARM GAS  /tmp/cckJNi2V.s 			page 33


 1818 01e6 3F       		.uleb128 0x3f
 1819 01e7 19       		.uleb128 0x19
 1820 01e8 03       		.uleb128 0x3
 1821 01e9 0E       		.uleb128 0xe
 1822 01ea 3A       		.uleb128 0x3a
 1823 01eb 0B       		.uleb128 0xb
 1824 01ec 3B       		.uleb128 0x3b
 1825 01ed 05       		.uleb128 0x5
 1826 01ee 27       		.uleb128 0x27
 1827 01ef 19       		.uleb128 0x19
 1828 01f0 49       		.uleb128 0x49
 1829 01f1 13       		.uleb128 0x13
 1830 01f2 3C       		.uleb128 0x3c
 1831 01f3 19       		.uleb128 0x19
 1832 01f4 01       		.uleb128 0x1
 1833 01f5 13       		.uleb128 0x13
 1834 01f6 00       		.byte	0
 1835 01f7 00       		.byte	0
 1836 01f8 28       		.uleb128 0x28
 1837 01f9 2E       		.uleb128 0x2e
 1838 01fa 01       		.byte	0x1
 1839 01fb 3F       		.uleb128 0x3f
 1840 01fc 19       		.uleb128 0x19
 1841 01fd 03       		.uleb128 0x3
 1842 01fe 0E       		.uleb128 0xe
 1843 01ff 3A       		.uleb128 0x3a
 1844 0200 0B       		.uleb128 0xb
 1845 0201 3B       		.uleb128 0x3b
 1846 0202 05       		.uleb128 0x5
 1847 0203 27       		.uleb128 0x27
 1848 0204 19       		.uleb128 0x19
 1849 0205 49       		.uleb128 0x49
 1850 0206 13       		.uleb128 0x13
 1851 0207 3C       		.uleb128 0x3c
 1852 0208 19       		.uleb128 0x19
 1853 0209 00       		.byte	0
 1854 020a 00       		.byte	0
 1855 020b 00       		.byte	0
 1856              		.section	.debug_loc,"",%progbits
 1857              	.Ldebug_loc0:
 1858              	.LLST0:
 1859 0000 A2000000 		.4byte	.LVL8-.Ltext0
 1860 0004 B7000000 		.4byte	.LVL10-1-.Ltext0
 1861 0008 0100     		.2byte	0x1
 1862 000a 52       		.byte	0x52
 1863 000b C0000000 		.4byte	.LVL11-.Ltext0
 1864 000f C6000000 		.4byte	.LVL12-.Ltext0
 1865 0013 0100     		.2byte	0x1
 1866 0015 52       		.byte	0x52
 1867 0016 00000000 		.4byte	0
 1868 001a 00000000 		.4byte	0
 1869              	.LLST1:
 1870 001e A8000000 		.4byte	.LVL9-.Ltext0
 1871 0022 C6000000 		.4byte	.LVL12-.Ltext0
 1872 0026 0100     		.2byte	0x1
 1873 0028 55       		.byte	0x55
 1874 0029 00000000 		.4byte	0
ARM GAS  /tmp/cckJNi2V.s 			page 34


 1875 002d 00000000 		.4byte	0
 1876              		.section	.debug_aranges,"",%progbits
 1877 0000 1C000000 		.4byte	0x1c
 1878 0004 0200     		.2byte	0x2
 1879 0006 00000000 		.4byte	.Ldebug_info0
 1880 000a 04       		.byte	0x4
 1881 000b 00       		.byte	0
 1882 000c 0000     		.2byte	0
 1883 000e 0000     		.2byte	0
 1884 0010 00000000 		.4byte	.Ltext0
 1885 0014 D0000000 		.4byte	.Letext0-.Ltext0
 1886 0018 00000000 		.4byte	0
 1887 001c 00000000 		.4byte	0
 1888              		.section	.debug_ranges,"",%progbits
 1889              	.Ldebug_ranges0:
 1890 0000 AC000000 		.4byte	.LBB5-.Ltext0
 1891 0004 AE000000 		.4byte	.LBE5-.Ltext0
 1892 0008 B0000000 		.4byte	.LBB6-.Ltext0
 1893 000c B4000000 		.4byte	.LBE6-.Ltext0
 1894 0010 00000000 		.4byte	0
 1895 0014 00000000 		.4byte	0
 1896              		.section	.debug_line,"",%progbits
 1897              	.Ldebug_line0:
 1898 0000 8B030000 		.section	.debug_str,"MS",%progbits,1
 1898      02004F03 
 1898      00000201 
 1898      FB0E0D00 
 1898      01010101 
 1899              	.LASF77:
 1900 0000 7466756E 		.ascii	"tfunc_t\000"
 1900      635F7400 
 1901              	.LASF88:
 1902 0008 63665F6F 		.ascii	"cf_off_older\000"
 1902      66665F6F 
 1902      6C646572 
 1902      00
 1903              	.LASF41:
 1904 0015 705F6D73 		.ascii	"p_msg\000"
 1904      6700
 1905              	.LASF2:
 1906 001b 73697A65 		.ascii	"size_t\000"
 1906      5F7400
 1907              	.LASF72:
 1908 0022 7264796D 		.ascii	"rdymsg\000"
 1908      736700
 1909              	.LASF19:
 1910 0029 75696E74 		.ascii	"uint64_t\000"
 1910      36345F74 
 1910      00
 1911              	.LASF3:
 1912 0032 5F5F7569 		.ascii	"__uint8_t\000"
 1912      6E74385F 
 1912      7400
 1913              	.LASF84:
 1914 003c 63685F74 		.ascii	"ch_threadsize\000"
 1914      68726561 
 1914      6473697A 
ARM GAS  /tmp/cckJNi2V.s 			page 35


 1914      6500
 1915              	.LASF101:
 1916 004a 76746C69 		.ascii	"vtlist\000"
 1916      737400
 1917              	.LASF100:
 1918 0051 63685379 		.ascii	"chSysTimerHandlerI\000"
 1918      7354696D 
 1918      65724861 
 1918      6E646C65 
 1918      724900
 1919              	.LASF111:
 1920 0064 2F686F6D 		.ascii	"/home/sbcu/Dropbox/pcb-layouts/axo-on-discovery-boa"
 1920      652F7362 
 1920      63752F44 
 1920      726F7062 
 1920      6F782F70 
 1921 0097 72642F61 		.ascii	"rd/axoloti/platform_linux/../chibios/os/kernel/src/"
 1921      786F6C6F 
 1921      74692F70 
 1921      6C617466 
 1921      6F726D5F 
 1922 00ca 63687379 		.ascii	"chsys.c\000"
 1922      732E6300 
 1923              	.LASF14:
 1924 00d2 6C6F6E67 		.ascii	"long long unsigned int\000"
 1924      206C6F6E 
 1924      6720756E 
 1924      7369676E 
 1924      65642069 
 1925              	.LASF99:
 1926 00e9 6D61696E 		.ascii	"mainthread\000"
 1926      74687265 
 1926      616400
 1927              	.LASF31:
 1928 00f4 705F7072 		.ascii	"p_prio\000"
 1928      696F00
 1929              	.LASF91:
 1930 00fb 63665F6F 		.ascii	"cf_off_state\000"
 1930      66665F73 
 1930      74617465 
 1930      00
 1931              	.LASF106:
 1932 0108 5F736368 		.ascii	"_scheduler_init\000"
 1932      6564756C 
 1932      65725F69 
 1932      6E697400 
 1933              	.LASF12:
 1934 0118 6C6F6E67 		.ascii	"long long int\000"
 1934      206C6F6E 
 1934      6720696E 
 1934      7400
 1935              	.LASF1:
 1936 0126 7369676E 		.ascii	"signed char\000"
 1936      65642063 
 1936      68617200 
 1937              	.LASF90:
 1938 0132 63665F6F 		.ascii	"cf_off_stklimit\000"
ARM GAS  /tmp/cckJNi2V.s 			page 36


 1938      66665F73 
 1938      746B6C69 
 1938      6D697400 
 1939              	.LASF92:
 1940 0142 63665F6F 		.ascii	"cf_off_flags\000"
 1940      66665F66 
 1940      6C616773 
 1940      00
 1941              	.LASF69:
 1942 014f 6D5F7175 		.ascii	"m_queue\000"
 1942      65756500 
 1943              	.LASF23:
 1944 0157 74736C69 		.ascii	"tslices_t\000"
 1944      6365735F 
 1944      7400
 1945              	.LASF9:
 1946 0161 6C6F6E67 		.ascii	"long int\000"
 1946      20696E74 
 1946      00
 1947              	.LASF22:
 1948 016a 74737461 		.ascii	"tstate_t\000"
 1948      74655F74 
 1948      00
 1949              	.LASF16:
 1950 0173 75696E74 		.ascii	"uint16_t\000"
 1950      31365F74 
 1950      00
 1951              	.LASF96:
 1952 017c 63686465 		.ascii	"chdebug_t\000"
 1952      6275675F 
 1952      7400
 1953              	.LASF33:
 1954 0186 705F6E65 		.ascii	"p_newer\000"
 1954      77657200 
 1955              	.LASF104:
 1956 018e 5F69646C 		.ascii	"_idle_thread_wa\000"
 1956      655F7468 
 1956      72656164 
 1956      5F776100 
 1957              	.LASF73:
 1958 019e 65786974 		.ascii	"exitcode\000"
 1958      636F6465 
 1958      00
 1959              	.LASF10:
 1960 01a7 5F5F7569 		.ascii	"__uint32_t\000"
 1960      6E743332 
 1960      5F7400
 1961              	.LASF47:
 1962 01b2 72656761 		.ascii	"regarm_t\000"
 1962      726D5F74 
 1962      00
 1963              	.LASF55:
 1964 01bb 76745F70 		.ascii	"vt_prev\000"
 1964      72657600 
 1965              	.LASF98:
 1966 01c3 63685379 		.ascii	"chSysInit\000"
 1966      73496E69 
ARM GAS  /tmp/cckJNi2V.s 			page 37


 1966      7400
 1967              	.LASF109:
 1968 01cd 5F686561 		.ascii	"_heap_init\000"
 1968      705F696E 
 1968      697400
 1969              	.LASF0:
 1970 01d8 756E7369 		.ascii	"unsigned int\000"
 1970      676E6564 
 1970      20696E74 
 1970      00
 1971              	.LASF112:
 1972 01e5 5F746872 		.ascii	"_thread_init\000"
 1972      6561645F 
 1972      696E6974 
 1972      00
 1973              	.LASF54:
 1974 01f2 76745F6E 		.ascii	"vt_next\000"
 1974      65787400 
 1975              	.LASF11:
 1976 01fa 6C6F6E67 		.ascii	"long unsigned int\000"
 1976      20756E73 
 1976      69676E65 
 1976      6420696E 
 1976      7400
 1977              	.LASF103:
 1978 020c 63685F64 		.ascii	"ch_debug\000"
 1978      65627567 
 1978      00
 1979              	.LASF52:
 1980 0215 76746675 		.ascii	"vtfunc_t\000"
 1980      6E635F74 
 1980      00
 1981              	.LASF78:
 1982 021e 63685F69 		.ascii	"ch_identifier\000"
 1982      64656E74 
 1982      69666965 
 1982      7200
 1983              	.LASF53:
 1984 022c 56697274 		.ascii	"VirtualTimer\000"
 1984      75616C54 
 1984      696D6572 
 1984      00
 1985              	.LASF7:
 1986 0239 73686F72 		.ascii	"short unsigned int\000"
 1986      7420756E 
 1986      7369676E 
 1986      65642069 
 1986      6E7400
 1987              	.LASF25:
 1988 024c 6D73675F 		.ascii	"msg_t\000"
 1988      7400
 1989              	.LASF64:
 1990 0252 725F6E65 		.ascii	"r_newer\000"
 1990      77657200 
 1991              	.LASF21:
 1992 025a 746D6F64 		.ascii	"tmode_t\000"
 1992      655F7400 
ARM GAS  /tmp/cckJNi2V.s 			page 38


 1993              	.LASF46:
 1994 0262 54687265 		.ascii	"ThreadsList\000"
 1994      6164734C 
 1994      69737400 
 1995              	.LASF26:
 1996 026e 6576656E 		.ascii	"eventmask_t\000"
 1996      746D6173 
 1996      6B5F7400 
 1997              	.LASF68:
 1998 027a 4D757465 		.ascii	"Mutex\000"
 1998      7800
 1999              	.LASF48:
 2000 0280 73746B61 		.ascii	"stkalign_t\000"
 2000      6C69676E 
 2000      5F7400
 2001              	.LASF113:
 2002 028b 63685468 		.ascii	"chThdCreateStatic\000"
 2002      64437265 
 2002      61746553 
 2002      74617469 
 2002      6300
 2003              	.LASF79:
 2004 029d 63685F7A 		.ascii	"ch_zero\000"
 2004      65726F00 
 2005              	.LASF93:
 2006 02a5 63665F6F 		.ascii	"cf_off_refs\000"
 2006      66665F72 
 2006      65667300 
 2007              	.LASF56:
 2008 02b1 76745F74 		.ascii	"vt_time\000"
 2008      696D6500 
 2009              	.LASF51:
 2010 02b9 73697A65 		.ascii	"sizetype\000"
 2010      74797065 
 2010      00
 2011              	.LASF57:
 2012 02c2 76745F66 		.ascii	"vt_func\000"
 2012      756E6300 
 2013              	.LASF83:
 2014 02ca 63685F74 		.ascii	"ch_timesize\000"
 2014      696D6573 
 2014      697A6500 
 2015              	.LASF89:
 2016 02d6 63665F6F 		.ascii	"cf_off_name\000"
 2016      66665F6E 
 2016      616D6500 
 2017              	.LASF34:
 2018 02e2 705F6F6C 		.ascii	"p_older\000"
 2018      64657200 
 2019              	.LASF63:
 2020 02ea 725F6374 		.ascii	"r_ctx\000"
 2020      7800
 2021              	.LASF45:
 2022 02f0 54687265 		.ascii	"ThreadsQueue\000"
 2022      61647351 
 2022      75657565 
 2022      00
ARM GAS  /tmp/cckJNi2V.s 			page 39


 2023              	.LASF80:
 2024 02fd 63685F73 		.ascii	"ch_size\000"
 2024      697A6500 
 2025              	.LASF66:
 2026 0305 725F6375 		.ascii	"r_current\000"
 2026      7272656E 
 2026      7400
 2027              	.LASF65:
 2028 030f 725F6F6C 		.ascii	"r_older\000"
 2028      64657200 
 2029              	.LASF97:
 2030 0317 5F69646C 		.ascii	"_idle_thread\000"
 2030      655F7468 
 2030      72656164 
 2030      00
 2031              	.LASF13:
 2032 0324 5F5F7569 		.ascii	"__uint64_t\000"
 2032      6E743634 
 2032      5F7400
 2033              	.LASF82:
 2034 032f 63685F70 		.ascii	"ch_ptrsize\000"
 2034      74727369 
 2034      7A6500
 2035              	.LASF30:
 2036 033a 705F7072 		.ascii	"p_prev\000"
 2036      657600
 2037              	.LASF24:
 2038 0341 74707269 		.ascii	"tprio_t\000"
 2038      6F5F7400 
 2039              	.LASF20:
 2040 0349 5F426F6F 		.ascii	"_Bool\000"
 2040      6C00
 2041              	.LASF17:
 2042 034f 696E7433 		.ascii	"int32_t\000"
 2042      325F7400 
 2043              	.LASF4:
 2044 0357 756E7369 		.ascii	"unsigned char\000"
 2044      676E6564 
 2044      20636861 
 2044      7200
 2045              	.LASF108:
 2046 0365 5F636F72 		.ascii	"_core_init\000"
 2046      655F696E 
 2046      697400
 2047              	.LASF43:
 2048 0370 705F6D74 		.ascii	"p_mtxlist\000"
 2048      786C6973 
 2048      7400
 2049              	.LASF5:
 2050 037a 73686F72 		.ascii	"short int\000"
 2050      7420696E 
 2050      7400
 2051              	.LASF36:
 2052 0384 705F7374 		.ascii	"p_state\000"
 2052      61746500 
 2053              	.LASF38:
 2054 038c 705F7072 		.ascii	"p_preempt\000"
ARM GAS  /tmp/cckJNi2V.s 			page 40


 2054      65656D70 
 2054      7400
 2055              	.LASF95:
 2056 0396 63665F6F 		.ascii	"cf_off_time\000"
 2056      66665F74 
 2056      696D6500 
 2057              	.LASF62:
 2058 03a2 725F7072 		.ascii	"r_prio\000"
 2058      696F00
 2059              	.LASF75:
 2060 03a9 65776D61 		.ascii	"ewmask\000"
 2060      736B00
 2061              	.LASF29:
 2062 03b0 705F6E65 		.ascii	"p_next\000"
 2062      787400
 2063              	.LASF94:
 2064 03b7 63665F6F 		.ascii	"cf_off_preempt\000"
 2064      66665F70 
 2064      7265656D 
 2064      707400
 2065              	.LASF37:
 2066 03c6 705F666C 		.ascii	"p_flags\000"
 2066      61677300 
 2067              	.LASF28:
 2068 03ce 54687265 		.ascii	"Thread\000"
 2068      616400
 2069              	.LASF87:
 2070 03d5 63665F6F 		.ascii	"cf_off_newer\000"
 2070      66665F6E 
 2070      65776572 
 2070      00
 2071              	.LASF42:
 2072 03e2 705F6570 		.ascii	"p_epending\000"
 2072      656E6469 
 2072      6E6700
 2073              	.LASF18:
 2074 03ed 75696E74 		.ascii	"uint32_t\000"
 2074      33325F74 
 2074      00
 2075              	.LASF85:
 2076 03f6 63665F6F 		.ascii	"cf_off_prio\000"
 2076      66665F70 
 2076      72696F00 
 2077              	.LASF61:
 2078 0402 725F7175 		.ascii	"r_queue\000"
 2078      65756500 
 2079              	.LASF76:
 2080 040a 63686172 		.ascii	"char\000"
 2080      00
 2081              	.LASF6:
 2082 040f 5F5F7569 		.ascii	"__uint16_t\000"
 2082      6E743136 
 2082      5F7400
 2083              	.LASF71:
 2084 041a 6D5F6E65 		.ascii	"m_next\000"
 2084      787400
 2085              	.LASF27:
ARM GAS  /tmp/cckJNi2V.s 			page 41


 2086 0421 73797374 		.ascii	"systime_t\000"
 2086      696D655F 
 2086      7400
 2087              	.LASF44:
 2088 042b 705F7265 		.ascii	"p_realprio\000"
 2088      616C7072 
 2088      696F00
 2089              	.LASF8:
 2090 0436 5F5F696E 		.ascii	"__int32_t\000"
 2090      7433325F 
 2090      7400
 2091              	.LASF107:
 2092 0440 5F76745F 		.ascii	"_vt_init\000"
 2092      696E6974 
 2092      00
 2093              	.LASF50:
 2094 0449 636F6E74 		.ascii	"context\000"
 2094      65787400 
 2095              	.LASF49:
 2096 0451 696E7463 		.ascii	"intctx\000"
 2096      747800
 2097              	.LASF40:
 2098 0458 705F6D73 		.ascii	"p_msgqueue\000"
 2098      67717565 
 2098      756500
 2099              	.LASF58:
 2100 0463 76745F70 		.ascii	"vt_par\000"
 2100      617200
 2101              	.LASF86:
 2102 046a 63665F6F 		.ascii	"cf_off_ctx\000"
 2102      66665F63 
 2102      747800
 2103              	.LASF35:
 2104 0475 705F6E61 		.ascii	"p_name\000"
 2104      6D6500
 2105              	.LASF67:
 2106 047c 52656164 		.ascii	"ReadyList\000"
 2106      794C6973 
 2106      7400
 2107              	.LASF102:
 2108 0486 726C6973 		.ascii	"rlist\000"
 2108      7400
 2109              	.LASF15:
 2110 048c 75696E74 		.ascii	"uint8_t\000"
 2110      385F7400 
 2111              	.LASF105:
 2112 0494 5F706F72 		.ascii	"_port_init\000"
 2112      745F696E 
 2112      697400
 2113              	.LASF74:
 2114 049f 77746F62 		.ascii	"wtobjp\000"
 2114      6A7000
 2115              	.LASF110:
 2116 04a6 474E5520 		.ascii	"GNU C 4.9.3 20150529 (release) [ARM/embedded-4_9-br"
 2116      4320342E 
 2116      392E3320 
 2116      32303135 
ARM GAS  /tmp/cckJNi2V.s 			page 42


 2116      30353239 
 2117 04d9 616E6368 		.ascii	"anch revision 224288] -mcpu=cortex-m4 -mfloat-abi=h"
 2117      20726576 
 2117      6973696F 
 2117      6E203232 
 2117      34323838 
 2118 050c 61726420 		.ascii	"ard -mfpu=fpv4-sp-d16 -mno-thumb-interwork -mthumb "
 2118      2D6D6670 
 2118      753D6670 
 2118      76342D73 
 2118      702D6431 
 2119 053f 2D676764 		.ascii	"-ggdb -O2 -fomit-frame-pointer -falign-functions=16"
 2119      62202D4F 
 2119      32202D66 
 2119      6F6D6974 
 2119      2D667261 
 2120 0572 202D666E 		.ascii	" -fno-math-errno -fsingle-precision-constant\000"
 2120      6F2D6D61 
 2120      74682D65 
 2120      72726E6F 
 2120      202D6673 
 2121              	.LASF59:
 2122 059f 76745F73 		.ascii	"vt_systime\000"
 2122      79737469 
 2122      6D6500
 2123              	.LASF81:
 2124 05aa 63685F76 		.ascii	"ch_version\000"
 2124      65727369 
 2124      6F6E00
 2125              	.LASF60:
 2126 05b5 56544C69 		.ascii	"VTList\000"
 2126      737400
 2127              	.LASF70:
 2128 05bc 6D5F6F77 		.ascii	"m_owner\000"
 2128      6E657200 
 2129              	.LASF32:
 2130 05c4 705F6374 		.ascii	"p_ctx\000"
 2130      7800
 2131              	.LASF39:
 2132 05ca 705F7761 		.ascii	"p_waiting\000"
 2132      6974696E 
 2132      6700
 2133              		.ident	"GCC: (GNU Tools for ARM Embedded Processors) 4.9.3 20150529 (release) [ARM/embedded-4_9-br
ARM GAS  /tmp/cckJNi2V.s 			page 43


DEFINED SYMBOLS
                            *ABS*:00000000 chsys.c
     /tmp/cckJNi2V.s:20     .text:00000000 $t
     /tmp/cckJNi2V.s:26     .text:00000000 _idle_thread
     /tmp/cckJNi2V.s:47     .text:0000000c $d
     /tmp/cckJNi2V.s:52     .text:00000014 $t
     /tmp/cckJNi2V.s:58     .text:00000020 chSysInit
     /tmp/cckJNi2V.s:124    .text:0000006c $d
                            *COM*:00000160 _idle_thread_wa
     /tmp/cckJNi2V.s:132    .text:00000080 $t
     /tmp/cckJNi2V.s:138    .text:00000080 chSysTimerHandlerI
     /tmp/cckJNi2V.s:214    .text:000000c8 $d
     /tmp/cckJNi2V.s:222    .rodata.str1.4:00000000 $d
     /tmp/cckJNi2V.s:226    .bss:00000000 $d
     /tmp/cckJNi2V.s:230    .bss:00000000 mainthread.4737
                     .debug_frame:00000010 $d

UNDEFINED SYMBOLS
rlist
_port_init
_scheduler_init
_vt_init
_core_init
_heap_init
_thread_init
chThdCreateStatic
ch_debug
vtlist
