ARM GAS  /tmp/ccgQLREO.s 			page 1


   1              		.syntax unified
   2              		.cpu cortex-m4
   3              		.eabi_attribute 27, 1
   4              		.eabi_attribute 28, 1
   5              		.fpu fpv4-sp-d16
   6              		.eabi_attribute 20, 1
   7              		.eabi_attribute 21, 1
   8              		.eabi_attribute 23, 3
   9              		.eabi_attribute 24, 1
  10              		.eabi_attribute 25, 1
  11              		.eabi_attribute 26, 1
  12              		.eabi_attribute 30, 2
  13              		.eabi_attribute 34, 1
  14              		.eabi_attribute 18, 4
  15              		.thumb
  16              		.file	"fatfs_syscall.c"
  17              		.text
  18              	.Ltext0:
  19              		.cfi_sections	.debug_frame
  20              		.align	2
  21              		.p2align 4,,15
  22              		.global	ff_cre_syncobj
  23              		.thumb
  24              		.thumb_func
  25              		.type	ff_cre_syncobj, %function
  26              	ff_cre_syncobj:
  27              	.LFB7:
  28              		.file 1 "/home/sbcu/Dropbox/pcb-layouts/axo-on-discovery-board/axoloti/platform_linux/../chibios/o
  29              		.loc 1 34 0
  30              		.cfi_startproc
  31              		@ args = 0, pretend = 0, frame = 0
  32              		@ frame_needed = 0, uses_anonymous_args = 0
  33              	.LVL0:
  34 0000 08B5     		push	{r3, lr}
  35              		.cfi_def_cfa_offset 8
  36              		.cfi_offset 3, -8
  37              		.cfi_offset 14, -4
  38              		.loc 1 36 0
  39 0002 054B     		ldr	r3, .L3
  40 0004 00EB4000 		add	r0, r0, r0, lsl #1
  41              	.LVL1:
  42 0008 03EB8000 		add	r0, r3, r0, lsl #2
  43 000c 0860     		str	r0, [r1]
  44              		.loc 1 37 0
  45 000e 0121     		movs	r1, #1
  46              	.LVL2:
  47 0010 FFF7FEFF 		bl	chSemInit
  48              	.LVL3:
  49              		.loc 1 39 0
  50 0014 0120     		movs	r0, #1
  51 0016 08BD     		pop	{r3, pc}
  52              	.L4:
  53              		.align	2
  54              	.L3:
  55 0018 00000000 		.word	.LANCHOR0
  56              		.cfi_endproc
  57              	.LFE7:
ARM GAS  /tmp/ccgQLREO.s 			page 2


  58              		.size	ff_cre_syncobj, .-ff_cre_syncobj
  59              		.align	2
  60 001c AFF30080 		.p2align 4,,15
  61              		.global	ff_del_syncobj
  62              		.thumb
  63              		.thumb_func
  64              		.type	ff_del_syncobj, %function
  65              	ff_del_syncobj:
  66              	.LFB8:
  67              		.loc 1 44 0
  68              		.cfi_startproc
  69              		@ args = 0, pretend = 0, frame = 0
  70              		@ frame_needed = 0, uses_anonymous_args = 0
  71              	.LVL4:
  72 0020 08B5     		push	{r3, lr}
  73              		.cfi_def_cfa_offset 8
  74              		.cfi_offset 3, -8
  75              		.cfi_offset 14, -4
  76              		.loc 1 46 0
  77 0022 0021     		movs	r1, #0
  78 0024 FFF7FEFF 		bl	chSemReset
  79              	.LVL5:
  80              		.loc 1 48 0
  81 0028 0120     		movs	r0, #1
  82 002a 08BD     		pop	{r3, pc}
  83              		.cfi_endproc
  84              	.LFE8:
  85              		.size	ff_del_syncobj, .-ff_del_syncobj
  86              		.align	2
  87 002c AFF30080 		.p2align 4,,15
  88              		.global	ff_req_grant
  89              		.thumb
  90              		.thumb_func
  91              		.type	ff_req_grant, %function
  92              	ff_req_grant:
  93              	.LFB9:
  94              		.loc 1 53 0
  95              		.cfi_startproc
  96              		@ args = 0, pretend = 0, frame = 0
  97              		@ frame_needed = 0, uses_anonymous_args = 0
  98              	.LVL6:
  99 0030 08B5     		push	{r3, lr}
 100              		.cfi_def_cfa_offset 8
 101              		.cfi_offset 3, -8
 102              		.cfi_offset 14, -4
 103              		.loc 1 55 0
 104 0032 4FF47A71 		mov	r1, #1000
 105 0036 FFF7FEFF 		bl	chSemWaitTimeout
 106              	.LVL7:
 107              		.loc 1 57 0
 108 003a B0FA80F0 		clz	r0, r0
 109              	.LVL8:
 110 003e 4009     		lsrs	r0, r0, #5
 111 0040 08BD     		pop	{r3, pc}
 112              		.cfi_endproc
 113              	.LFE9:
 114              		.size	ff_req_grant, .-ff_req_grant
ARM GAS  /tmp/ccgQLREO.s 			page 3


 115 0042 00BF     		.align	2
 116 0044 AFF30080 		.p2align 4,,15
 116      AFF30080 
 116      AFF30080 
 117              		.global	ff_rel_grant
 118              		.thumb
 119              		.thumb_func
 120              		.type	ff_rel_grant, %function
 121              	ff_rel_grant:
 122              	.LFB10:
 123              		.loc 1 62 0
 124              		.cfi_startproc
 125              		@ args = 0, pretend = 0, frame = 0
 126              		@ frame_needed = 0, uses_anonymous_args = 0
 127              		@ link register save eliminated.
 128              	.LVL9:
 129              		.loc 1 64 0
 130 0050 FFF7FEBF 		b	chSemSignal
 131              	.LVL10:
 132              		.cfi_endproc
 133              	.LFE10:
 134              		.size	ff_rel_grant, .-ff_rel_grant
 135              		.bss
 136              		.align	2
 137              		.set	.LANCHOR0,. + 0
 138              		.type	ff_sem, %object
 139              		.size	ff_sem, 12
 140              	ff_sem:
 141 0000 00000000 		.space	12
 141      00000000 
 141      00000000 
 142              		.text
 143              	.Letext0:
 144              		.file 2 "/home/sbcu/Dropbox/pcb-layouts/axo-on-discovery-board/axoloti/platform_linux/arm-none-eab
 145              		.file 3 "/home/sbcu/Dropbox/pcb-layouts/axo-on-discovery-board/axoloti/platform_linux/arm-none-eab
 146              		.file 4 "/home/sbcu/Dropbox/pcb-layouts/axo-on-discovery-board/axoloti/platform_linux/../chibios/o
 147              		.file 5 "/home/sbcu/Dropbox/pcb-layouts/axo-on-discovery-board/axoloti/platform_linux/../chibios/o
 148              		.file 6 "/home/sbcu/Dropbox/pcb-layouts/axo-on-discovery-board/axoloti/platform_linux/../chibios/o
 149              		.file 7 "/home/sbcu/Dropbox/pcb-layouts/axo-on-discovery-board/axoloti/platform_linux/../chibios/o
 150              		.file 8 "/home/sbcu/Dropbox/pcb-layouts/axo-on-discovery-board/axoloti/platform_linux/../chibios/o
 151              		.file 9 "/home/sbcu/Dropbox/pcb-layouts/axo-on-discovery-board/axoloti/platform_linux/../chibios/o
 152              		.file 10 "/home/sbcu/Dropbox/pcb-layouts/axo-on-discovery-board/axoloti/platform_linux/../chibios/
 153              		.section	.debug_info,"",%progbits
 154              	.Ldebug_info0:
 155 0000 12060000 		.4byte	0x612
 156 0004 0400     		.2byte	0x4
 157 0006 00000000 		.4byte	.Ldebug_abbrev0
 158 000a 04       		.byte	0x4
 159 000b 01       		.uleb128 0x1
 160 000c A1010000 		.4byte	.LASF67
 161 0010 01       		.byte	0x1
 162 0011 E3020000 		.4byte	.LASF68
 163 0015 00000000 		.4byte	.Ltext0
 164 0019 54000000 		.4byte	.Letext0-.Ltext0
 165 001d 00000000 		.4byte	.Ldebug_line0
 166 0021 02       		.uleb128 0x2
 167 0022 04       		.byte	0x4
ARM GAS  /tmp/ccgQLREO.s 			page 4


 168 0023 05       		.byte	0x5
 169 0024 696E7400 		.ascii	"int\000"
 170 0028 03       		.uleb128 0x3
 171 0029 04       		.byte	0x4
 172 002a 07       		.byte	0x7
 173 002b 37010000 		.4byte	.LASF0
 174 002f 03       		.uleb128 0x3
 175 0030 01       		.byte	0x1
 176 0031 06       		.byte	0x6
 177 0032 03010000 		.4byte	.LASF1
 178 0036 04       		.uleb128 0x4
 179 0037 D6000000 		.4byte	.LASF5
 180 003b 02       		.byte	0x2
 181 003c 1D       		.byte	0x1d
 182 003d 41000000 		.4byte	0x41
 183 0041 03       		.uleb128 0x3
 184 0042 01       		.byte	0x1
 185 0043 08       		.byte	0x8
 186 0044 EE000000 		.4byte	.LASF2
 187 0048 03       		.uleb128 0x3
 188 0049 02       		.byte	0x2
 189 004a 05       		.byte	0x5
 190 004b 1E000000 		.4byte	.LASF3
 191 004f 03       		.uleb128 0x3
 192 0050 02       		.byte	0x2
 193 0051 07       		.byte	0x7
 194 0052 62010000 		.4byte	.LASF4
 195 0056 04       		.uleb128 0x4
 196 0057 9E030000 		.4byte	.LASF6
 197 005b 02       		.byte	0x2
 198 005c 3F       		.byte	0x3f
 199 005d 61000000 		.4byte	0x61
 200 0061 03       		.uleb128 0x3
 201 0062 04       		.byte	0x4
 202 0063 05       		.byte	0x5
 203 0064 BF000000 		.4byte	.LASF7
 204 0068 04       		.uleb128 0x4
 205 0069 86030000 		.4byte	.LASF8
 206 006d 02       		.byte	0x2
 207 006e 41       		.byte	0x41
 208 006f 73000000 		.4byte	0x73
 209 0073 03       		.uleb128 0x3
 210 0074 04       		.byte	0x4
 211 0075 07       		.byte	0x7
 212 0076 74030000 		.4byte	.LASF9
 213 007a 03       		.uleb128 0x3
 214 007b 08       		.byte	0x8
 215 007c 05       		.byte	0x5
 216 007d 97000000 		.4byte	.LASF10
 217 0081 03       		.uleb128 0x3
 218 0082 08       		.byte	0x8
 219 0083 07       		.byte	0x7
 220 0084 17010000 		.4byte	.LASF11
 221 0088 04       		.uleb128 0x4
 222 0089 7D000000 		.4byte	.LASF12
 223 008d 03       		.byte	0x3
 224 008e 14       		.byte	0x14
ARM GAS  /tmp/ccgQLREO.s 			page 5


 225 008f 36000000 		.4byte	0x36
 226 0093 04       		.uleb128 0x4
 227 0094 00000000 		.4byte	.LASF13
 228 0098 03       		.byte	0x3
 229 0099 1F       		.byte	0x1f
 230 009a 56000000 		.4byte	0x56
 231 009e 04       		.uleb128 0x4
 232 009f 2E010000 		.4byte	.LASF14
 233 00a3 03       		.byte	0x3
 234 00a4 20       		.byte	0x20
 235 00a5 68000000 		.4byte	0x68
 236 00a9 03       		.uleb128 0x3
 237 00aa 01       		.byte	0x1
 238 00ab 02       		.byte	0x2
 239 00ac C4020000 		.4byte	.LASF15
 240 00b0 04       		.uleb128 0x4
 241 00b1 8F000000 		.4byte	.LASF16
 242 00b5 04       		.byte	0x4
 243 00b6 2C       		.byte	0x2c
 244 00b7 88000000 		.4byte	0x88
 245 00bb 04       		.uleb128 0x4
 246 00bc AF030000 		.4byte	.LASF17
 247 00c0 04       		.byte	0x4
 248 00c1 2D       		.byte	0x2d
 249 00c2 88000000 		.4byte	0x88
 250 00c6 04       		.uleb128 0x4
 251 00c7 51010000 		.4byte	.LASF18
 252 00cb 04       		.byte	0x4
 253 00cc 2F       		.byte	0x2f
 254 00cd 88000000 		.4byte	0x88
 255 00d1 04       		.uleb128 0x4
 256 00d2 AC000000 		.4byte	.LASF19
 257 00d6 04       		.byte	0x4
 258 00d7 30       		.byte	0x30
 259 00d8 9E000000 		.4byte	0x9e
 260 00dc 04       		.uleb128 0x4
 261 00dd 17040000 		.4byte	.LASF20
 262 00e1 04       		.byte	0x4
 263 00e2 31       		.byte	0x31
 264 00e3 93000000 		.4byte	0x93
 265 00e7 04       		.uleb128 0x4
 266 00e8 43000000 		.4byte	.LASF21
 267 00ec 04       		.byte	0x4
 268 00ed 33       		.byte	0x33
 269 00ee 9E000000 		.4byte	0x9e
 270 00f2 04       		.uleb128 0x4
 271 00f3 92010000 		.4byte	.LASF22
 272 00f7 04       		.byte	0x4
 273 00f8 35       		.byte	0x35
 274 00f9 9E000000 		.4byte	0x9e
 275 00fd 04       		.uleb128 0x4
 276 00fe AA020000 		.4byte	.LASF23
 277 0102 04       		.byte	0x4
 278 0103 36       		.byte	0x36
 279 0104 93000000 		.4byte	0x93
 280 0108 04       		.uleb128 0x4
 281 0109 B8030000 		.4byte	.LASF24
ARM GAS  /tmp/ccgQLREO.s 			page 6


 282 010d 05       		.byte	0x5
 283 010e 2A       		.byte	0x2a
 284 010f 13010000 		.4byte	0x113
 285 0113 05       		.uleb128 0x5
 286 0114 B8030000 		.4byte	.LASF24
 287 0118 40       		.byte	0x40
 288 0119 06       		.byte	0x6
 289 011a 5E       		.byte	0x5e
 290 011b EC010000 		.4byte	0x1ec
 291 011f 06       		.uleb128 0x6
 292 0120 66000000 		.4byte	.LASF25
 293 0124 06       		.byte	0x6
 294 0125 5F       		.byte	0x5f
 295 0126 0D020000 		.4byte	0x20d
 296 012a 00       		.byte	0
 297 012b 06       		.uleb128 0x6
 298 012c 33000000 		.4byte	.LASF26
 299 0130 06       		.byte	0x6
 300 0131 61       		.byte	0x61
 301 0132 0D020000 		.4byte	0x20d
 302 0136 04       		.byte	0x4
 303 0137 06       		.uleb128 0x6
 304 0138 5A000000 		.4byte	.LASF27
 305 013c 06       		.byte	0x6
 306 013d 63       		.byte	0x63
 307 013e D1000000 		.4byte	0xd1
 308 0142 08       		.byte	0x8
 309 0143 06       		.uleb128 0x6
 310 0144 F6030000 		.4byte	.LASF28
 311 0148 06       		.byte	0x6
 312 0149 64       		.byte	0x64
 313 014a 97030000 		.4byte	0x397
 314 014e 0C       		.byte	0xc
 315 014f 06       		.uleb128 0x6
 316 0150 0F010000 		.4byte	.LASF29
 317 0154 06       		.byte	0x6
 318 0155 66       		.byte	0x66
 319 0156 0D020000 		.4byte	0x20d
 320 015a 10       		.byte	0x10
 321 015b 06       		.uleb128 0x6
 322 015c CE030000 		.4byte	.LASF30
 323 0160 06       		.byte	0x6
 324 0161 67       		.byte	0x67
 325 0162 0D020000 		.4byte	0x20d
 326 0166 14       		.byte	0x14
 327 0167 06       		.uleb128 0x6
 328 0168 A5000000 		.4byte	.LASF31
 329 016c 06       		.byte	0x6
 330 016d 6E       		.byte	0x6e
 331 016e 66040000 		.4byte	0x466
 332 0172 18       		.byte	0x18
 333 0173 06       		.uleb128 0x6
 334 0174 A2020000 		.4byte	.LASF32
 335 0178 06       		.byte	0x6
 336 0179 79       		.byte	0x79
 337 017a BB000000 		.4byte	0xbb
 338 017e 1C       		.byte	0x1c
ARM GAS  /tmp/ccgQLREO.s 			page 7


 339 017f 06       		.uleb128 0x6
 340 0180 75010000 		.4byte	.LASF33
 341 0184 06       		.byte	0x6
 342 0185 7D       		.byte	0x7d
 343 0186 B0000000 		.4byte	0xb0
 344 018a 1D       		.byte	0x1d
 345 018b 06       		.uleb128 0x6
 346 018c 7D010000 		.4byte	.LASF34
 347 0190 06       		.byte	0x6
 348 0191 88       		.byte	0x88
 349 0192 C6000000 		.4byte	0xc6
 350 0196 1E       		.byte	0x1e
 351 0197 07       		.uleb128 0x7
 352 0198 705F7500 		.ascii	"p_u\000"
 353 019c 06       		.byte	0x6
 354 019d B4       		.byte	0xb4
 355 019e 31040000 		.4byte	0x431
 356 01a2 20       		.byte	0x20
 357 01a3 06       		.uleb128 0x6
 358 01a4 CA020000 		.4byte	.LASF35
 359 01a8 06       		.byte	0x6
 360 01a9 B9       		.byte	0xb9
 361 01aa 33020000 		.4byte	0x233
 362 01ae 24       		.byte	0x24
 363 01af 06       		.uleb128 0x6
 364 01b0 4F000000 		.4byte	.LASF36
 365 01b4 06       		.byte	0x6
 366 01b5 BF       		.byte	0xbf
 367 01b6 13020000 		.4byte	0x213
 368 01ba 28       		.byte	0x28
 369 01bb 06       		.uleb128 0x6
 370 01bc E8000000 		.4byte	.LASF37
 371 01c0 06       		.byte	0x6
 372 01c1 C3       		.byte	0xc3
 373 01c2 DC000000 		.4byte	0xdc
 374 01c6 30       		.byte	0x30
 375 01c7 06       		.uleb128 0x6
 376 01c8 28000000 		.4byte	.LASF38
 377 01cc 06       		.byte	0x6
 378 01cd C9       		.byte	0xc9
 379 01ce E7000000 		.4byte	0xe7
 380 01d2 34       		.byte	0x34
 381 01d3 06       		.uleb128 0x6
 382 01d4 D4020000 		.4byte	.LASF39
 383 01d8 06       		.byte	0x6
 384 01d9 D0       		.byte	0xd0
 385 01da 78040000 		.4byte	0x478
 386 01de 38       		.byte	0x38
 387 01df 06       		.uleb128 0x6
 388 01e0 87010000 		.4byte	.LASF40
 389 01e4 06       		.byte	0x6
 390 01e5 D4       		.byte	0xd4
 391 01e6 D1000000 		.4byte	0xd1
 392 01ea 3C       		.byte	0x3c
 393 01eb 00       		.byte	0
 394 01ec 08       		.uleb128 0x8
 395 01ed 08       		.byte	0x8
ARM GAS  /tmp/ccgQLREO.s 			page 8


 396 01ee 05       		.byte	0x5
 397 01ef 61       		.byte	0x61
 398 01f0 0D020000 		.4byte	0x20d
 399 01f4 06       		.uleb128 0x6
 400 01f5 66000000 		.4byte	.LASF25
 401 01f9 05       		.byte	0x5
 402 01fa 62       		.byte	0x62
 403 01fb 0D020000 		.4byte	0x20d
 404 01ff 00       		.byte	0
 405 0200 06       		.uleb128 0x6
 406 0201 33000000 		.4byte	.LASF26
 407 0205 05       		.byte	0x5
 408 0206 64       		.byte	0x64
 409 0207 0D020000 		.4byte	0x20d
 410 020b 04       		.byte	0x4
 411 020c 00       		.byte	0
 412 020d 09       		.uleb128 0x9
 413 020e 04       		.byte	0x4
 414 020f 08010000 		.4byte	0x108
 415 0213 04       		.uleb128 0x4
 416 0214 B7020000 		.4byte	.LASF41
 417 0218 05       		.byte	0x5
 418 0219 66       		.byte	0x66
 419 021a EC010000 		.4byte	0x1ec
 420 021e 08       		.uleb128 0x8
 421 021f 04       		.byte	0x4
 422 0220 05       		.byte	0x5
 423 0221 6B       		.byte	0x6b
 424 0222 33020000 		.4byte	0x233
 425 0226 06       		.uleb128 0x6
 426 0227 66000000 		.4byte	.LASF25
 427 022b 05       		.byte	0x5
 428 022c 6D       		.byte	0x6d
 429 022d 0D020000 		.4byte	0x20d
 430 0231 00       		.byte	0
 431 0232 00       		.byte	0
 432 0233 04       		.uleb128 0x4
 433 0234 12000000 		.4byte	.LASF42
 434 0238 05       		.byte	0x5
 435 0239 70       		.byte	0x70
 436 023a 1E020000 		.4byte	0x21e
 437 023e 04       		.uleb128 0x4
 438 023f 74000000 		.4byte	.LASF43
 439 0243 07       		.byte	0x7
 440 0244 E5       		.byte	0xe5
 441 0245 49020000 		.4byte	0x249
 442 0249 0A       		.uleb128 0xa
 443 024a 04       		.byte	0x4
 444 024b 0B       		.uleb128 0xb
 445 024c B0020000 		.4byte	.LASF44
 446 0250 64       		.byte	0x64
 447 0251 07       		.byte	0x7
 448 0252 0C01     		.2byte	0x10c
 449 0254 97030000 		.4byte	0x397
 450 0258 0C       		.uleb128 0xc
 451 0259 73313600 		.ascii	"s16\000"
 452 025d 07       		.byte	0x7
ARM GAS  /tmp/ccgQLREO.s 			page 9


 453 025e 0E01     		.2byte	0x10e
 454 0260 3E020000 		.4byte	0x23e
 455 0264 00       		.byte	0
 456 0265 0C       		.uleb128 0xc
 457 0266 73313700 		.ascii	"s17\000"
 458 026a 07       		.byte	0x7
 459 026b 0F01     		.2byte	0x10f
 460 026d 3E020000 		.4byte	0x23e
 461 0271 04       		.byte	0x4
 462 0272 0C       		.uleb128 0xc
 463 0273 73313800 		.ascii	"s18\000"
 464 0277 07       		.byte	0x7
 465 0278 1001     		.2byte	0x110
 466 027a 3E020000 		.4byte	0x23e
 467 027e 08       		.byte	0x8
 468 027f 0C       		.uleb128 0xc
 469 0280 73313900 		.ascii	"s19\000"
 470 0284 07       		.byte	0x7
 471 0285 1101     		.2byte	0x111
 472 0287 3E020000 		.4byte	0x23e
 473 028b 0C       		.byte	0xc
 474 028c 0C       		.uleb128 0xc
 475 028d 73323000 		.ascii	"s20\000"
 476 0291 07       		.byte	0x7
 477 0292 1201     		.2byte	0x112
 478 0294 3E020000 		.4byte	0x23e
 479 0298 10       		.byte	0x10
 480 0299 0C       		.uleb128 0xc
 481 029a 73323100 		.ascii	"s21\000"
 482 029e 07       		.byte	0x7
 483 029f 1301     		.2byte	0x113
 484 02a1 3E020000 		.4byte	0x23e
 485 02a5 14       		.byte	0x14
 486 02a6 0C       		.uleb128 0xc
 487 02a7 73323200 		.ascii	"s22\000"
 488 02ab 07       		.byte	0x7
 489 02ac 1401     		.2byte	0x114
 490 02ae 3E020000 		.4byte	0x23e
 491 02b2 18       		.byte	0x18
 492 02b3 0C       		.uleb128 0xc
 493 02b4 73323300 		.ascii	"s23\000"
 494 02b8 07       		.byte	0x7
 495 02b9 1501     		.2byte	0x115
 496 02bb 3E020000 		.4byte	0x23e
 497 02bf 1C       		.byte	0x1c
 498 02c0 0C       		.uleb128 0xc
 499 02c1 73323400 		.ascii	"s24\000"
 500 02c5 07       		.byte	0x7
 501 02c6 1601     		.2byte	0x116
 502 02c8 3E020000 		.4byte	0x23e
 503 02cc 20       		.byte	0x20
 504 02cd 0C       		.uleb128 0xc
 505 02ce 73323500 		.ascii	"s25\000"
 506 02d2 07       		.byte	0x7
 507 02d3 1701     		.2byte	0x117
 508 02d5 3E020000 		.4byte	0x23e
 509 02d9 24       		.byte	0x24
ARM GAS  /tmp/ccgQLREO.s 			page 10


 510 02da 0C       		.uleb128 0xc
 511 02db 73323600 		.ascii	"s26\000"
 512 02df 07       		.byte	0x7
 513 02e0 1801     		.2byte	0x118
 514 02e2 3E020000 		.4byte	0x23e
 515 02e6 28       		.byte	0x28
 516 02e7 0C       		.uleb128 0xc
 517 02e8 73323700 		.ascii	"s27\000"
 518 02ec 07       		.byte	0x7
 519 02ed 1901     		.2byte	0x119
 520 02ef 3E020000 		.4byte	0x23e
 521 02f3 2C       		.byte	0x2c
 522 02f4 0C       		.uleb128 0xc
 523 02f5 73323800 		.ascii	"s28\000"
 524 02f9 07       		.byte	0x7
 525 02fa 1A01     		.2byte	0x11a
 526 02fc 3E020000 		.4byte	0x23e
 527 0300 30       		.byte	0x30
 528 0301 0C       		.uleb128 0xc
 529 0302 73323900 		.ascii	"s29\000"
 530 0306 07       		.byte	0x7
 531 0307 1B01     		.2byte	0x11b
 532 0309 3E020000 		.4byte	0x23e
 533 030d 34       		.byte	0x34
 534 030e 0C       		.uleb128 0xc
 535 030f 73333000 		.ascii	"s30\000"
 536 0313 07       		.byte	0x7
 537 0314 1C01     		.2byte	0x11c
 538 0316 3E020000 		.4byte	0x23e
 539 031a 38       		.byte	0x38
 540 031b 0C       		.uleb128 0xc
 541 031c 73333100 		.ascii	"s31\000"
 542 0320 07       		.byte	0x7
 543 0321 1D01     		.2byte	0x11d
 544 0323 3E020000 		.4byte	0x23e
 545 0327 3C       		.byte	0x3c
 546 0328 0C       		.uleb128 0xc
 547 0329 723400   		.ascii	"r4\000"
 548 032c 07       		.byte	0x7
 549 032d 1F01     		.2byte	0x11f
 550 032f 3E020000 		.4byte	0x23e
 551 0333 40       		.byte	0x40
 552 0334 0C       		.uleb128 0xc
 553 0335 723500   		.ascii	"r5\000"
 554 0338 07       		.byte	0x7
 555 0339 2001     		.2byte	0x120
 556 033b 3E020000 		.4byte	0x23e
 557 033f 44       		.byte	0x44
 558 0340 0C       		.uleb128 0xc
 559 0341 723600   		.ascii	"r6\000"
 560 0344 07       		.byte	0x7
 561 0345 2101     		.2byte	0x121
 562 0347 3E020000 		.4byte	0x23e
 563 034b 48       		.byte	0x48
 564 034c 0C       		.uleb128 0xc
 565 034d 723700   		.ascii	"r7\000"
 566 0350 07       		.byte	0x7
ARM GAS  /tmp/ccgQLREO.s 			page 11


 567 0351 2201     		.2byte	0x122
 568 0353 3E020000 		.4byte	0x23e
 569 0357 4C       		.byte	0x4c
 570 0358 0C       		.uleb128 0xc
 571 0359 723800   		.ascii	"r8\000"
 572 035c 07       		.byte	0x7
 573 035d 2301     		.2byte	0x123
 574 035f 3E020000 		.4byte	0x23e
 575 0363 50       		.byte	0x50
 576 0364 0C       		.uleb128 0xc
 577 0365 723900   		.ascii	"r9\000"
 578 0368 07       		.byte	0x7
 579 0369 2401     		.2byte	0x124
 580 036b 3E020000 		.4byte	0x23e
 581 036f 54       		.byte	0x54
 582 0370 0C       		.uleb128 0xc
 583 0371 72313000 		.ascii	"r10\000"
 584 0375 07       		.byte	0x7
 585 0376 2501     		.2byte	0x125
 586 0378 3E020000 		.4byte	0x23e
 587 037c 58       		.byte	0x58
 588 037d 0C       		.uleb128 0xc
 589 037e 72313100 		.ascii	"r11\000"
 590 0382 07       		.byte	0x7
 591 0383 2601     		.2byte	0x126
 592 0385 3E020000 		.4byte	0x23e
 593 0389 5C       		.byte	0x5c
 594 038a 0C       		.uleb128 0xc
 595 038b 6C7200   		.ascii	"lr\000"
 596 038e 07       		.byte	0x7
 597 038f 2701     		.2byte	0x127
 598 0391 3E020000 		.4byte	0x23e
 599 0395 60       		.byte	0x60
 600 0396 00       		.byte	0
 601 0397 0B       		.uleb128 0xb
 602 0398 E0000000 		.4byte	.LASF45
 603 039c 04       		.byte	0x4
 604 039d 07       		.byte	0x7
 605 039e 3101     		.2byte	0x131
 606 03a0 B2030000 		.4byte	0x3b2
 607 03a4 0C       		.uleb128 0xc
 608 03a5 72313300 		.ascii	"r13\000"
 609 03a9 07       		.byte	0x7
 610 03aa 3201     		.2byte	0x132
 611 03ac B2030000 		.4byte	0x3b2
 612 03b0 00       		.byte	0
 613 03b1 00       		.byte	0
 614 03b2 09       		.uleb128 0x9
 615 03b3 04       		.byte	0x4
 616 03b4 4B020000 		.4byte	0x24b
 617 03b8 03       		.uleb128 0x3
 618 03b9 04       		.byte	0x4
 619 03ba 07       		.byte	0x7
 620 03bb 3A000000 		.4byte	.LASF46
 621 03bf 05       		.uleb128 0x5
 622 03c0 08000000 		.4byte	.LASF47
 623 03c4 0C       		.byte	0xc
ARM GAS  /tmp/ccgQLREO.s 			page 12


 624 03c5 08       		.byte	0x8
 625 03c6 2C       		.byte	0x2c
 626 03c7 E4030000 		.4byte	0x3e4
 627 03cb 06       		.uleb128 0x6
 628 03cc 9A020000 		.4byte	.LASF48
 629 03d0 08       		.byte	0x8
 630 03d1 2D       		.byte	0x2d
 631 03d2 13020000 		.4byte	0x213
 632 03d6 00       		.byte	0
 633 03d7 06       		.uleb128 0x6
 634 03d8 C8030000 		.4byte	.LASF49
 635 03dc 08       		.byte	0x8
 636 03dd 2F       		.byte	0x2f
 637 03de FD000000 		.4byte	0xfd
 638 03e2 08       		.byte	0x8
 639 03e3 00       		.byte	0
 640 03e4 04       		.uleb128 0x4
 641 03e5 08000000 		.4byte	.LASF47
 642 03e9 08       		.byte	0x8
 643 03ea 30       		.byte	0x30
 644 03eb BF030000 		.4byte	0x3bf
 645 03ef 05       		.uleb128 0x5
 646 03f0 C8000000 		.4byte	.LASF50
 647 03f4 10       		.byte	0x10
 648 03f5 09       		.byte	0x9
 649 03f6 2C       		.byte	0x2c
 650 03f7 20040000 		.4byte	0x420
 651 03fb 06       		.uleb128 0x6
 652 03fc CE000000 		.4byte	.LASF51
 653 0400 09       		.byte	0x9
 654 0401 2D       		.byte	0x2d
 655 0402 13020000 		.4byte	0x213
 656 0406 00       		.byte	0
 657 0407 06       		.uleb128 0x6
 658 0408 FC030000 		.4byte	.LASF52
 659 040c 09       		.byte	0x9
 660 040d 2F       		.byte	0x2f
 661 040e 0D020000 		.4byte	0x20d
 662 0412 08       		.byte	0x8
 663 0413 06       		.uleb128 0x6
 664 0414 6D000000 		.4byte	.LASF53
 665 0418 09       		.byte	0x9
 666 0419 31       		.byte	0x31
 667 041a 20040000 		.4byte	0x420
 668 041e 0C       		.byte	0xc
 669 041f 00       		.byte	0
 670 0420 09       		.uleb128 0x9
 671 0421 04       		.byte	0x4
 672 0422 EF030000 		.4byte	0x3ef
 673 0426 04       		.uleb128 0x4
 674 0427 C8000000 		.4byte	.LASF50
 675 042b 09       		.byte	0x9
 676 042c 33       		.byte	0x33
 677 042d EF030000 		.4byte	0x3ef
 678 0431 0D       		.uleb128 0xd
 679 0432 04       		.byte	0x4
 680 0433 06       		.byte	0x6
ARM GAS  /tmp/ccgQLREO.s 			page 13


 681 0434 96       		.byte	0x96
 682 0435 66040000 		.4byte	0x466
 683 0439 0E       		.uleb128 0xe
 684 043a 10040000 		.4byte	.LASF54
 685 043e 06       		.byte	0x6
 686 043f 9D       		.byte	0x9d
 687 0440 DC000000 		.4byte	0xdc
 688 0444 0E       		.uleb128 0xe
 689 0445 BF030000 		.4byte	.LASF55
 690 0449 06       		.byte	0x6
 691 044a A4       		.byte	0xa4
 692 044b DC000000 		.4byte	0xdc
 693 044f 0E       		.uleb128 0xe
 694 0450 A8030000 		.4byte	.LASF56
 695 0454 06       		.byte	0x6
 696 0455 AB       		.byte	0xab
 697 0456 49020000 		.4byte	0x249
 698 045a 0E       		.uleb128 0xe
 699 045b FC000000 		.4byte	.LASF57
 700 045f 06       		.byte	0x6
 701 0460 B2       		.byte	0xb2
 702 0461 E7000000 		.4byte	0xe7
 703 0465 00       		.byte	0
 704 0466 09       		.uleb128 0x9
 705 0467 04       		.byte	0x4
 706 0468 6C040000 		.4byte	0x46c
 707 046c 0F       		.uleb128 0xf
 708 046d 71040000 		.4byte	0x471
 709 0471 03       		.uleb128 0x3
 710 0472 01       		.byte	0x1
 711 0473 08       		.byte	0x8
 712 0474 9C010000 		.4byte	.LASF58
 713 0478 09       		.uleb128 0x9
 714 0479 04       		.byte	0x4
 715 047a 26040000 		.4byte	0x426
 716 047e 04       		.uleb128 0x4
 717 047f 61000000 		.4byte	.LASF59
 718 0483 0A       		.byte	0xa
 719 0484 16       		.byte	0x16
 720 0485 41000000 		.4byte	0x41
 721 0489 09       		.uleb128 0x9
 722 048a 04       		.byte	0x4
 723 048b E4030000 		.4byte	0x3e4
 724 048f 10       		.uleb128 0x10
 725 0490 65030000 		.4byte	.LASF61
 726 0494 01       		.byte	0x1
 727 0495 22       		.byte	0x22
 728 0496 21000000 		.4byte	0x21
 729 049a 00000000 		.4byte	.LFB7
 730 049e 1C000000 		.4byte	.LFE7-.LFB7
 731 04a2 01       		.uleb128 0x1
 732 04a3 9C       		.byte	0x9c
 733 04a4 D6040000 		.4byte	0x4d6
 734 04a8 11       		.uleb128 0x11
 735 04a9 766F6C00 		.ascii	"vol\000"
 736 04ad 01       		.byte	0x1
 737 04ae 22       		.byte	0x22
ARM GAS  /tmp/ccgQLREO.s 			page 14


 738 04af 7E040000 		.4byte	0x47e
 739 04b3 00000000 		.4byte	.LLST0
 740 04b7 12       		.uleb128 0x12
 741 04b8 DE020000 		.4byte	.LASF60
 742 04bc 01       		.byte	0x1
 743 04bd 22       		.byte	0x22
 744 04be D6040000 		.4byte	0x4d6
 745 04c2 21000000 		.4byte	.LLST1
 746 04c6 13       		.uleb128 0x13
 747 04c7 14000000 		.4byte	.LVL3
 748 04cb C2050000 		.4byte	0x5c2
 749 04cf 14       		.uleb128 0x14
 750 04d0 01       		.uleb128 0x1
 751 04d1 51       		.byte	0x51
 752 04d2 01       		.uleb128 0x1
 753 04d3 31       		.byte	0x31
 754 04d4 00       		.byte	0
 755 04d5 00       		.byte	0
 756 04d6 09       		.uleb128 0x9
 757 04d7 04       		.byte	0x4
 758 04d8 89040000 		.4byte	0x489
 759 04dc 10       		.uleb128 0x10
 760 04dd D6030000 		.4byte	.LASF62
 761 04e1 01       		.byte	0x1
 762 04e2 2C       		.byte	0x2c
 763 04e3 21000000 		.4byte	0x21
 764 04e7 20000000 		.4byte	.LFB8
 765 04eb 0C000000 		.4byte	.LFE8-.LFB8
 766 04ef 01       		.uleb128 0x1
 767 04f0 9C       		.byte	0x9c
 768 04f1 1B050000 		.4byte	0x51b
 769 04f5 12       		.uleb128 0x12
 770 04f6 DE020000 		.4byte	.LASF60
 771 04fa 01       		.byte	0x1
 772 04fb 2C       		.byte	0x2c
 773 04fc 89040000 		.4byte	0x489
 774 0500 42000000 		.4byte	.LLST2
 775 0504 13       		.uleb128 0x13
 776 0505 28000000 		.4byte	.LVL5
 777 0509 D8050000 		.4byte	0x5d8
 778 050d 14       		.uleb128 0x14
 779 050e 01       		.uleb128 0x1
 780 050f 51       		.byte	0x51
 781 0510 01       		.uleb128 0x1
 782 0511 30       		.byte	0x30
 783 0512 14       		.uleb128 0x14
 784 0513 01       		.uleb128 0x1
 785 0514 50       		.byte	0x50
 786 0515 03       		.uleb128 0x3
 787 0516 F3       		.byte	0xf3
 788 0517 01       		.uleb128 0x1
 789 0518 50       		.byte	0x50
 790 0519 00       		.byte	0
 791 051a 00       		.byte	0
 792 051b 10       		.uleb128 0x10
 793 051c 91030000 		.4byte	.LASF63
 794 0520 01       		.byte	0x1
ARM GAS  /tmp/ccgQLREO.s 			page 15


 795 0521 35       		.byte	0x35
 796 0522 21000000 		.4byte	0x21
 797 0526 30000000 		.4byte	.LFB9
 798 052a 12000000 		.4byte	.LFE9-.LFB9
 799 052e 01       		.uleb128 0x1
 800 052f 9C       		.byte	0x9c
 801 0530 6B050000 		.4byte	0x56b
 802 0534 12       		.uleb128 0x12
 803 0535 DE020000 		.4byte	.LASF60
 804 0539 01       		.byte	0x1
 805 053a 35       		.byte	0x35
 806 053b 89040000 		.4byte	0x489
 807 053f 63000000 		.4byte	.LLST3
 808 0543 15       		.uleb128 0x15
 809 0544 6D736700 		.ascii	"msg\000"
 810 0548 01       		.byte	0x1
 811 0549 37       		.byte	0x37
 812 054a DC000000 		.4byte	0xdc
 813 054e 84000000 		.4byte	.LLST4
 814 0552 13       		.uleb128 0x13
 815 0553 3A000000 		.4byte	.LVL7
 816 0557 EE050000 		.4byte	0x5ee
 817 055b 14       		.uleb128 0x14
 818 055c 01       		.uleb128 0x1
 819 055d 51       		.byte	0x51
 820 055e 03       		.uleb128 0x3
 821 055f 0A       		.byte	0xa
 822 0560 E803     		.2byte	0x3e8
 823 0562 14       		.uleb128 0x14
 824 0563 01       		.uleb128 0x1
 825 0564 50       		.byte	0x50
 826 0565 03       		.uleb128 0x3
 827 0566 F3       		.byte	0xf3
 828 0567 01       		.uleb128 0x1
 829 0568 50       		.byte	0x50
 830 0569 00       		.byte	0
 831 056a 00       		.byte	0
 832 056b 16       		.uleb128 0x16
 833 056c 44010000 		.4byte	.LASF69
 834 0570 01       		.byte	0x1
 835 0571 3E       		.byte	0x3e
 836 0572 50000000 		.4byte	.LFB10
 837 0576 04000000 		.4byte	.LFE10-.LFB10
 838 057a 01       		.uleb128 0x1
 839 057b 9C       		.byte	0x9c
 840 057c A1050000 		.4byte	0x5a1
 841 0580 12       		.uleb128 0x12
 842 0581 DE020000 		.4byte	.LASF60
 843 0585 01       		.byte	0x1
 844 0586 3E       		.byte	0x3e
 845 0587 89040000 		.4byte	0x489
 846 058b 97000000 		.4byte	.LLST5
 847 058f 17       		.uleb128 0x17
 848 0590 54000000 		.4byte	.LVL10
 849 0594 08060000 		.4byte	0x608
 850 0598 14       		.uleb128 0x14
 851 0599 01       		.uleb128 0x1
ARM GAS  /tmp/ccgQLREO.s 			page 16


 852 059a 50       		.byte	0x50
 853 059b 03       		.uleb128 0x3
 854 059c F3       		.byte	0xf3
 855 059d 01       		.uleb128 0x1
 856 059e 50       		.byte	0x50
 857 059f 00       		.byte	0
 858 05a0 00       		.byte	0
 859 05a1 18       		.uleb128 0x18
 860 05a2 E4030000 		.4byte	0x3e4
 861 05a6 B1050000 		.4byte	0x5b1
 862 05aa 19       		.uleb128 0x19
 863 05ab B8030000 		.4byte	0x3b8
 864 05af 00       		.byte	0
 865 05b0 00       		.byte	0
 866 05b1 1A       		.uleb128 0x1a
 867 05b2 5B010000 		.4byte	.LASF64
 868 05b6 01       		.byte	0x1
 869 05b7 1D       		.byte	0x1d
 870 05b8 A1050000 		.4byte	0x5a1
 871 05bc 05       		.uleb128 0x5
 872 05bd 03       		.byte	0x3
 873 05be 00000000 		.4byte	ff_sem
 874 05c2 1B       		.uleb128 0x1b
 875 05c3 85000000 		.4byte	.LASF65
 876 05c7 08       		.byte	0x8
 877 05c8 35       		.byte	0x35
 878 05c9 D8050000 		.4byte	0x5d8
 879 05cd 1C       		.uleb128 0x1c
 880 05ce 89040000 		.4byte	0x489
 881 05d2 1C       		.uleb128 0x1c
 882 05d3 FD000000 		.4byte	0xfd
 883 05d7 00       		.byte	0
 884 05d8 1B       		.uleb128 0x1b
 885 05d9 B4000000 		.4byte	.LASF66
 886 05dd 08       		.byte	0x8
 887 05de 36       		.byte	0x36
 888 05df EE050000 		.4byte	0x5ee
 889 05e3 1C       		.uleb128 0x1c
 890 05e4 89040000 		.4byte	0x489
 891 05e8 1C       		.uleb128 0x1c
 892 05e9 FD000000 		.4byte	0xfd
 893 05ed 00       		.byte	0
 894 05ee 1D       		.uleb128 0x1d
 895 05ef E5030000 		.4byte	.LASF70
 896 05f3 08       		.byte	0x8
 897 05f4 3A       		.byte	0x3a
 898 05f5 DC000000 		.4byte	0xdc
 899 05f9 08060000 		.4byte	0x608
 900 05fd 1C       		.uleb128 0x1c
 901 05fe 89040000 		.4byte	0x489
 902 0602 1C       		.uleb128 0x1c
 903 0603 F2000000 		.4byte	0xf2
 904 0607 00       		.byte	0
 905 0608 1E       		.uleb128 0x1e
 906 0609 04040000 		.4byte	.LASF71
 907 060d 08       		.byte	0x8
 908 060e 3C       		.byte	0x3c
ARM GAS  /tmp/ccgQLREO.s 			page 17


 909 060f 1C       		.uleb128 0x1c
 910 0610 89040000 		.4byte	0x489
 911 0614 00       		.byte	0
 912 0615 00       		.byte	0
 913              		.section	.debug_abbrev,"",%progbits
 914              	.Ldebug_abbrev0:
 915 0000 01       		.uleb128 0x1
 916 0001 11       		.uleb128 0x11
 917 0002 01       		.byte	0x1
 918 0003 25       		.uleb128 0x25
 919 0004 0E       		.uleb128 0xe
 920 0005 13       		.uleb128 0x13
 921 0006 0B       		.uleb128 0xb
 922 0007 03       		.uleb128 0x3
 923 0008 0E       		.uleb128 0xe
 924 0009 11       		.uleb128 0x11
 925 000a 01       		.uleb128 0x1
 926 000b 12       		.uleb128 0x12
 927 000c 06       		.uleb128 0x6
 928 000d 10       		.uleb128 0x10
 929 000e 17       		.uleb128 0x17
 930 000f 00       		.byte	0
 931 0010 00       		.byte	0
 932 0011 02       		.uleb128 0x2
 933 0012 24       		.uleb128 0x24
 934 0013 00       		.byte	0
 935 0014 0B       		.uleb128 0xb
 936 0015 0B       		.uleb128 0xb
 937 0016 3E       		.uleb128 0x3e
 938 0017 0B       		.uleb128 0xb
 939 0018 03       		.uleb128 0x3
 940 0019 08       		.uleb128 0x8
 941 001a 00       		.byte	0
 942 001b 00       		.byte	0
 943 001c 03       		.uleb128 0x3
 944 001d 24       		.uleb128 0x24
 945 001e 00       		.byte	0
 946 001f 0B       		.uleb128 0xb
 947 0020 0B       		.uleb128 0xb
 948 0021 3E       		.uleb128 0x3e
 949 0022 0B       		.uleb128 0xb
 950 0023 03       		.uleb128 0x3
 951 0024 0E       		.uleb128 0xe
 952 0025 00       		.byte	0
 953 0026 00       		.byte	0
 954 0027 04       		.uleb128 0x4
 955 0028 16       		.uleb128 0x16
 956 0029 00       		.byte	0
 957 002a 03       		.uleb128 0x3
 958 002b 0E       		.uleb128 0xe
 959 002c 3A       		.uleb128 0x3a
 960 002d 0B       		.uleb128 0xb
 961 002e 3B       		.uleb128 0x3b
 962 002f 0B       		.uleb128 0xb
 963 0030 49       		.uleb128 0x49
 964 0031 13       		.uleb128 0x13
 965 0032 00       		.byte	0
ARM GAS  /tmp/ccgQLREO.s 			page 18


 966 0033 00       		.byte	0
 967 0034 05       		.uleb128 0x5
 968 0035 13       		.uleb128 0x13
 969 0036 01       		.byte	0x1
 970 0037 03       		.uleb128 0x3
 971 0038 0E       		.uleb128 0xe
 972 0039 0B       		.uleb128 0xb
 973 003a 0B       		.uleb128 0xb
 974 003b 3A       		.uleb128 0x3a
 975 003c 0B       		.uleb128 0xb
 976 003d 3B       		.uleb128 0x3b
 977 003e 0B       		.uleb128 0xb
 978 003f 01       		.uleb128 0x1
 979 0040 13       		.uleb128 0x13
 980 0041 00       		.byte	0
 981 0042 00       		.byte	0
 982 0043 06       		.uleb128 0x6
 983 0044 0D       		.uleb128 0xd
 984 0045 00       		.byte	0
 985 0046 03       		.uleb128 0x3
 986 0047 0E       		.uleb128 0xe
 987 0048 3A       		.uleb128 0x3a
 988 0049 0B       		.uleb128 0xb
 989 004a 3B       		.uleb128 0x3b
 990 004b 0B       		.uleb128 0xb
 991 004c 49       		.uleb128 0x49
 992 004d 13       		.uleb128 0x13
 993 004e 38       		.uleb128 0x38
 994 004f 0B       		.uleb128 0xb
 995 0050 00       		.byte	0
 996 0051 00       		.byte	0
 997 0052 07       		.uleb128 0x7
 998 0053 0D       		.uleb128 0xd
 999 0054 00       		.byte	0
 1000 0055 03       		.uleb128 0x3
 1001 0056 08       		.uleb128 0x8
 1002 0057 3A       		.uleb128 0x3a
 1003 0058 0B       		.uleb128 0xb
 1004 0059 3B       		.uleb128 0x3b
 1005 005a 0B       		.uleb128 0xb
 1006 005b 49       		.uleb128 0x49
 1007 005c 13       		.uleb128 0x13
 1008 005d 38       		.uleb128 0x38
 1009 005e 0B       		.uleb128 0xb
 1010 005f 00       		.byte	0
 1011 0060 00       		.byte	0
 1012 0061 08       		.uleb128 0x8
 1013 0062 13       		.uleb128 0x13
 1014 0063 01       		.byte	0x1
 1015 0064 0B       		.uleb128 0xb
 1016 0065 0B       		.uleb128 0xb
 1017 0066 3A       		.uleb128 0x3a
 1018 0067 0B       		.uleb128 0xb
 1019 0068 3B       		.uleb128 0x3b
 1020 0069 0B       		.uleb128 0xb
 1021 006a 01       		.uleb128 0x1
 1022 006b 13       		.uleb128 0x13
ARM GAS  /tmp/ccgQLREO.s 			page 19


 1023 006c 00       		.byte	0
 1024 006d 00       		.byte	0
 1025 006e 09       		.uleb128 0x9
 1026 006f 0F       		.uleb128 0xf
 1027 0070 00       		.byte	0
 1028 0071 0B       		.uleb128 0xb
 1029 0072 0B       		.uleb128 0xb
 1030 0073 49       		.uleb128 0x49
 1031 0074 13       		.uleb128 0x13
 1032 0075 00       		.byte	0
 1033 0076 00       		.byte	0
 1034 0077 0A       		.uleb128 0xa
 1035 0078 0F       		.uleb128 0xf
 1036 0079 00       		.byte	0
 1037 007a 0B       		.uleb128 0xb
 1038 007b 0B       		.uleb128 0xb
 1039 007c 00       		.byte	0
 1040 007d 00       		.byte	0
 1041 007e 0B       		.uleb128 0xb
 1042 007f 13       		.uleb128 0x13
 1043 0080 01       		.byte	0x1
 1044 0081 03       		.uleb128 0x3
 1045 0082 0E       		.uleb128 0xe
 1046 0083 0B       		.uleb128 0xb
 1047 0084 0B       		.uleb128 0xb
 1048 0085 3A       		.uleb128 0x3a
 1049 0086 0B       		.uleb128 0xb
 1050 0087 3B       		.uleb128 0x3b
 1051 0088 05       		.uleb128 0x5
 1052 0089 01       		.uleb128 0x1
 1053 008a 13       		.uleb128 0x13
 1054 008b 00       		.byte	0
 1055 008c 00       		.byte	0
 1056 008d 0C       		.uleb128 0xc
 1057 008e 0D       		.uleb128 0xd
 1058 008f 00       		.byte	0
 1059 0090 03       		.uleb128 0x3
 1060 0091 08       		.uleb128 0x8
 1061 0092 3A       		.uleb128 0x3a
 1062 0093 0B       		.uleb128 0xb
 1063 0094 3B       		.uleb128 0x3b
 1064 0095 05       		.uleb128 0x5
 1065 0096 49       		.uleb128 0x49
 1066 0097 13       		.uleb128 0x13
 1067 0098 38       		.uleb128 0x38
 1068 0099 0B       		.uleb128 0xb
 1069 009a 00       		.byte	0
 1070 009b 00       		.byte	0
 1071 009c 0D       		.uleb128 0xd
 1072 009d 17       		.uleb128 0x17
 1073 009e 01       		.byte	0x1
 1074 009f 0B       		.uleb128 0xb
 1075 00a0 0B       		.uleb128 0xb
 1076 00a1 3A       		.uleb128 0x3a
 1077 00a2 0B       		.uleb128 0xb
 1078 00a3 3B       		.uleb128 0x3b
 1079 00a4 0B       		.uleb128 0xb
ARM GAS  /tmp/ccgQLREO.s 			page 20


 1080 00a5 01       		.uleb128 0x1
 1081 00a6 13       		.uleb128 0x13
 1082 00a7 00       		.byte	0
 1083 00a8 00       		.byte	0
 1084 00a9 0E       		.uleb128 0xe
 1085 00aa 0D       		.uleb128 0xd
 1086 00ab 00       		.byte	0
 1087 00ac 03       		.uleb128 0x3
 1088 00ad 0E       		.uleb128 0xe
 1089 00ae 3A       		.uleb128 0x3a
 1090 00af 0B       		.uleb128 0xb
 1091 00b0 3B       		.uleb128 0x3b
 1092 00b1 0B       		.uleb128 0xb
 1093 00b2 49       		.uleb128 0x49
 1094 00b3 13       		.uleb128 0x13
 1095 00b4 00       		.byte	0
 1096 00b5 00       		.byte	0
 1097 00b6 0F       		.uleb128 0xf
 1098 00b7 26       		.uleb128 0x26
 1099 00b8 00       		.byte	0
 1100 00b9 49       		.uleb128 0x49
 1101 00ba 13       		.uleb128 0x13
 1102 00bb 00       		.byte	0
 1103 00bc 00       		.byte	0
 1104 00bd 10       		.uleb128 0x10
 1105 00be 2E       		.uleb128 0x2e
 1106 00bf 01       		.byte	0x1
 1107 00c0 3F       		.uleb128 0x3f
 1108 00c1 19       		.uleb128 0x19
 1109 00c2 03       		.uleb128 0x3
 1110 00c3 0E       		.uleb128 0xe
 1111 00c4 3A       		.uleb128 0x3a
 1112 00c5 0B       		.uleb128 0xb
 1113 00c6 3B       		.uleb128 0x3b
 1114 00c7 0B       		.uleb128 0xb
 1115 00c8 27       		.uleb128 0x27
 1116 00c9 19       		.uleb128 0x19
 1117 00ca 49       		.uleb128 0x49
 1118 00cb 13       		.uleb128 0x13
 1119 00cc 11       		.uleb128 0x11
 1120 00cd 01       		.uleb128 0x1
 1121 00ce 12       		.uleb128 0x12
 1122 00cf 06       		.uleb128 0x6
 1123 00d0 40       		.uleb128 0x40
 1124 00d1 18       		.uleb128 0x18
 1125 00d2 9742     		.uleb128 0x2117
 1126 00d4 19       		.uleb128 0x19
 1127 00d5 01       		.uleb128 0x1
 1128 00d6 13       		.uleb128 0x13
 1129 00d7 00       		.byte	0
 1130 00d8 00       		.byte	0
 1131 00d9 11       		.uleb128 0x11
 1132 00da 05       		.uleb128 0x5
 1133 00db 00       		.byte	0
 1134 00dc 03       		.uleb128 0x3
 1135 00dd 08       		.uleb128 0x8
 1136 00de 3A       		.uleb128 0x3a
ARM GAS  /tmp/ccgQLREO.s 			page 21


 1137 00df 0B       		.uleb128 0xb
 1138 00e0 3B       		.uleb128 0x3b
 1139 00e1 0B       		.uleb128 0xb
 1140 00e2 49       		.uleb128 0x49
 1141 00e3 13       		.uleb128 0x13
 1142 00e4 02       		.uleb128 0x2
 1143 00e5 17       		.uleb128 0x17
 1144 00e6 00       		.byte	0
 1145 00e7 00       		.byte	0
 1146 00e8 12       		.uleb128 0x12
 1147 00e9 05       		.uleb128 0x5
 1148 00ea 00       		.byte	0
 1149 00eb 03       		.uleb128 0x3
 1150 00ec 0E       		.uleb128 0xe
 1151 00ed 3A       		.uleb128 0x3a
 1152 00ee 0B       		.uleb128 0xb
 1153 00ef 3B       		.uleb128 0x3b
 1154 00f0 0B       		.uleb128 0xb
 1155 00f1 49       		.uleb128 0x49
 1156 00f2 13       		.uleb128 0x13
 1157 00f3 02       		.uleb128 0x2
 1158 00f4 17       		.uleb128 0x17
 1159 00f5 00       		.byte	0
 1160 00f6 00       		.byte	0
 1161 00f7 13       		.uleb128 0x13
 1162 00f8 898201   		.uleb128 0x4109
 1163 00fb 01       		.byte	0x1
 1164 00fc 11       		.uleb128 0x11
 1165 00fd 01       		.uleb128 0x1
 1166 00fe 31       		.uleb128 0x31
 1167 00ff 13       		.uleb128 0x13
 1168 0100 00       		.byte	0
 1169 0101 00       		.byte	0
 1170 0102 14       		.uleb128 0x14
 1171 0103 8A8201   		.uleb128 0x410a
 1172 0106 00       		.byte	0
 1173 0107 02       		.uleb128 0x2
 1174 0108 18       		.uleb128 0x18
 1175 0109 9142     		.uleb128 0x2111
 1176 010b 18       		.uleb128 0x18
 1177 010c 00       		.byte	0
 1178 010d 00       		.byte	0
 1179 010e 15       		.uleb128 0x15
 1180 010f 34       		.uleb128 0x34
 1181 0110 00       		.byte	0
 1182 0111 03       		.uleb128 0x3
 1183 0112 08       		.uleb128 0x8
 1184 0113 3A       		.uleb128 0x3a
 1185 0114 0B       		.uleb128 0xb
 1186 0115 3B       		.uleb128 0x3b
 1187 0116 0B       		.uleb128 0xb
 1188 0117 49       		.uleb128 0x49
 1189 0118 13       		.uleb128 0x13
 1190 0119 02       		.uleb128 0x2
 1191 011a 17       		.uleb128 0x17
 1192 011b 00       		.byte	0
 1193 011c 00       		.byte	0
ARM GAS  /tmp/ccgQLREO.s 			page 22


 1194 011d 16       		.uleb128 0x16
 1195 011e 2E       		.uleb128 0x2e
 1196 011f 01       		.byte	0x1
 1197 0120 3F       		.uleb128 0x3f
 1198 0121 19       		.uleb128 0x19
 1199 0122 03       		.uleb128 0x3
 1200 0123 0E       		.uleb128 0xe
 1201 0124 3A       		.uleb128 0x3a
 1202 0125 0B       		.uleb128 0xb
 1203 0126 3B       		.uleb128 0x3b
 1204 0127 0B       		.uleb128 0xb
 1205 0128 27       		.uleb128 0x27
 1206 0129 19       		.uleb128 0x19
 1207 012a 11       		.uleb128 0x11
 1208 012b 01       		.uleb128 0x1
 1209 012c 12       		.uleb128 0x12
 1210 012d 06       		.uleb128 0x6
 1211 012e 40       		.uleb128 0x40
 1212 012f 18       		.uleb128 0x18
 1213 0130 9742     		.uleb128 0x2117
 1214 0132 19       		.uleb128 0x19
 1215 0133 01       		.uleb128 0x1
 1216 0134 13       		.uleb128 0x13
 1217 0135 00       		.byte	0
 1218 0136 00       		.byte	0
 1219 0137 17       		.uleb128 0x17
 1220 0138 898201   		.uleb128 0x4109
 1221 013b 01       		.byte	0x1
 1222 013c 11       		.uleb128 0x11
 1223 013d 01       		.uleb128 0x1
 1224 013e 9542     		.uleb128 0x2115
 1225 0140 19       		.uleb128 0x19
 1226 0141 31       		.uleb128 0x31
 1227 0142 13       		.uleb128 0x13
 1228 0143 00       		.byte	0
 1229 0144 00       		.byte	0
 1230 0145 18       		.uleb128 0x18
 1231 0146 01       		.uleb128 0x1
 1232 0147 01       		.byte	0x1
 1233 0148 49       		.uleb128 0x49
 1234 0149 13       		.uleb128 0x13
 1235 014a 01       		.uleb128 0x1
 1236 014b 13       		.uleb128 0x13
 1237 014c 00       		.byte	0
 1238 014d 00       		.byte	0
 1239 014e 19       		.uleb128 0x19
 1240 014f 21       		.uleb128 0x21
 1241 0150 00       		.byte	0
 1242 0151 49       		.uleb128 0x49
 1243 0152 13       		.uleb128 0x13
 1244 0153 2F       		.uleb128 0x2f
 1245 0154 0B       		.uleb128 0xb
 1246 0155 00       		.byte	0
 1247 0156 00       		.byte	0
 1248 0157 1A       		.uleb128 0x1a
 1249 0158 34       		.uleb128 0x34
 1250 0159 00       		.byte	0
ARM GAS  /tmp/ccgQLREO.s 			page 23


 1251 015a 03       		.uleb128 0x3
 1252 015b 0E       		.uleb128 0xe
 1253 015c 3A       		.uleb128 0x3a
 1254 015d 0B       		.uleb128 0xb
 1255 015e 3B       		.uleb128 0x3b
 1256 015f 0B       		.uleb128 0xb
 1257 0160 49       		.uleb128 0x49
 1258 0161 13       		.uleb128 0x13
 1259 0162 02       		.uleb128 0x2
 1260 0163 18       		.uleb128 0x18
 1261 0164 00       		.byte	0
 1262 0165 00       		.byte	0
 1263 0166 1B       		.uleb128 0x1b
 1264 0167 2E       		.uleb128 0x2e
 1265 0168 01       		.byte	0x1
 1266 0169 3F       		.uleb128 0x3f
 1267 016a 19       		.uleb128 0x19
 1268 016b 03       		.uleb128 0x3
 1269 016c 0E       		.uleb128 0xe
 1270 016d 3A       		.uleb128 0x3a
 1271 016e 0B       		.uleb128 0xb
 1272 016f 3B       		.uleb128 0x3b
 1273 0170 0B       		.uleb128 0xb
 1274 0171 27       		.uleb128 0x27
 1275 0172 19       		.uleb128 0x19
 1276 0173 3C       		.uleb128 0x3c
 1277 0174 19       		.uleb128 0x19
 1278 0175 01       		.uleb128 0x1
 1279 0176 13       		.uleb128 0x13
 1280 0177 00       		.byte	0
 1281 0178 00       		.byte	0
 1282 0179 1C       		.uleb128 0x1c
 1283 017a 05       		.uleb128 0x5
 1284 017b 00       		.byte	0
 1285 017c 49       		.uleb128 0x49
 1286 017d 13       		.uleb128 0x13
 1287 017e 00       		.byte	0
 1288 017f 00       		.byte	0
 1289 0180 1D       		.uleb128 0x1d
 1290 0181 2E       		.uleb128 0x2e
 1291 0182 01       		.byte	0x1
 1292 0183 3F       		.uleb128 0x3f
 1293 0184 19       		.uleb128 0x19
 1294 0185 03       		.uleb128 0x3
 1295 0186 0E       		.uleb128 0xe
 1296 0187 3A       		.uleb128 0x3a
 1297 0188 0B       		.uleb128 0xb
 1298 0189 3B       		.uleb128 0x3b
 1299 018a 0B       		.uleb128 0xb
 1300 018b 27       		.uleb128 0x27
 1301 018c 19       		.uleb128 0x19
 1302 018d 49       		.uleb128 0x49
 1303 018e 13       		.uleb128 0x13
 1304 018f 3C       		.uleb128 0x3c
 1305 0190 19       		.uleb128 0x19
 1306 0191 01       		.uleb128 0x1
 1307 0192 13       		.uleb128 0x13
ARM GAS  /tmp/ccgQLREO.s 			page 24


 1308 0193 00       		.byte	0
 1309 0194 00       		.byte	0
 1310 0195 1E       		.uleb128 0x1e
 1311 0196 2E       		.uleb128 0x2e
 1312 0197 01       		.byte	0x1
 1313 0198 3F       		.uleb128 0x3f
 1314 0199 19       		.uleb128 0x19
 1315 019a 03       		.uleb128 0x3
 1316 019b 0E       		.uleb128 0xe
 1317 019c 3A       		.uleb128 0x3a
 1318 019d 0B       		.uleb128 0xb
 1319 019e 3B       		.uleb128 0x3b
 1320 019f 0B       		.uleb128 0xb
 1321 01a0 27       		.uleb128 0x27
 1322 01a1 19       		.uleb128 0x19
 1323 01a2 3C       		.uleb128 0x3c
 1324 01a3 19       		.uleb128 0x19
 1325 01a4 00       		.byte	0
 1326 01a5 00       		.byte	0
 1327 01a6 00       		.byte	0
 1328              		.section	.debug_loc,"",%progbits
 1329              	.Ldebug_loc0:
 1330              	.LLST0:
 1331 0000 00000000 		.4byte	.LVL0-.Ltext0
 1332 0004 08000000 		.4byte	.LVL1-.Ltext0
 1333 0008 0100     		.2byte	0x1
 1334 000a 50       		.byte	0x50
 1335 000b 08000000 		.4byte	.LVL1-.Ltext0
 1336 000f 1C000000 		.4byte	.LFE7-.Ltext0
 1337 0013 0400     		.2byte	0x4
 1338 0015 F3       		.byte	0xf3
 1339 0016 01       		.uleb128 0x1
 1340 0017 50       		.byte	0x50
 1341 0018 9F       		.byte	0x9f
 1342 0019 00000000 		.4byte	0
 1343 001d 00000000 		.4byte	0
 1344              	.LLST1:
 1345 0021 00000000 		.4byte	.LVL0-.Ltext0
 1346 0025 10000000 		.4byte	.LVL2-.Ltext0
 1347 0029 0100     		.2byte	0x1
 1348 002b 51       		.byte	0x51
 1349 002c 10000000 		.4byte	.LVL2-.Ltext0
 1350 0030 1C000000 		.4byte	.LFE7-.Ltext0
 1351 0034 0400     		.2byte	0x4
 1352 0036 F3       		.byte	0xf3
 1353 0037 01       		.uleb128 0x1
 1354 0038 51       		.byte	0x51
 1355 0039 9F       		.byte	0x9f
 1356 003a 00000000 		.4byte	0
 1357 003e 00000000 		.4byte	0
 1358              	.LLST2:
 1359 0042 20000000 		.4byte	.LVL4-.Ltext0
 1360 0046 27000000 		.4byte	.LVL5-1-.Ltext0
 1361 004a 0100     		.2byte	0x1
 1362 004c 50       		.byte	0x50
 1363 004d 27000000 		.4byte	.LVL5-1-.Ltext0
 1364 0051 2C000000 		.4byte	.LFE8-.Ltext0
ARM GAS  /tmp/ccgQLREO.s 			page 25


 1365 0055 0400     		.2byte	0x4
 1366 0057 F3       		.byte	0xf3
 1367 0058 01       		.uleb128 0x1
 1368 0059 50       		.byte	0x50
 1369 005a 9F       		.byte	0x9f
 1370 005b 00000000 		.4byte	0
 1371 005f 00000000 		.4byte	0
 1372              	.LLST3:
 1373 0063 30000000 		.4byte	.LVL6-.Ltext0
 1374 0067 39000000 		.4byte	.LVL7-1-.Ltext0
 1375 006b 0100     		.2byte	0x1
 1376 006d 50       		.byte	0x50
 1377 006e 39000000 		.4byte	.LVL7-1-.Ltext0
 1378 0072 42000000 		.4byte	.LFE9-.Ltext0
 1379 0076 0400     		.2byte	0x4
 1380 0078 F3       		.byte	0xf3
 1381 0079 01       		.uleb128 0x1
 1382 007a 50       		.byte	0x50
 1383 007b 9F       		.byte	0x9f
 1384 007c 00000000 		.4byte	0
 1385 0080 00000000 		.4byte	0
 1386              	.LLST4:
 1387 0084 3A000000 		.4byte	.LVL7-.Ltext0
 1388 0088 3E000000 		.4byte	.LVL8-.Ltext0
 1389 008c 0100     		.2byte	0x1
 1390 008e 50       		.byte	0x50
 1391 008f 00000000 		.4byte	0
 1392 0093 00000000 		.4byte	0
 1393              	.LLST5:
 1394 0097 50000000 		.4byte	.LVL9-.Ltext0
 1395 009b 53000000 		.4byte	.LVL10-1-.Ltext0
 1396 009f 0100     		.2byte	0x1
 1397 00a1 50       		.byte	0x50
 1398 00a2 53000000 		.4byte	.LVL10-1-.Ltext0
 1399 00a6 54000000 		.4byte	.LFE10-.Ltext0
 1400 00aa 0400     		.2byte	0x4
 1401 00ac F3       		.byte	0xf3
 1402 00ad 01       		.uleb128 0x1
 1403 00ae 50       		.byte	0x50
 1404 00af 9F       		.byte	0x9f
 1405 00b0 00000000 		.4byte	0
 1406 00b4 00000000 		.4byte	0
 1407              		.section	.debug_aranges,"",%progbits
 1408 0000 1C000000 		.4byte	0x1c
 1409 0004 0200     		.2byte	0x2
 1410 0006 00000000 		.4byte	.Ldebug_info0
 1411 000a 04       		.byte	0x4
 1412 000b 00       		.byte	0
 1413 000c 0000     		.2byte	0
 1414 000e 0000     		.2byte	0
 1415 0010 00000000 		.4byte	.Ltext0
 1416 0014 54000000 		.4byte	.Letext0-.Ltext0
 1417 0018 00000000 		.4byte	0
 1418 001c 00000000 		.4byte	0
 1419              		.section	.debug_line,"",%progbits
 1420              	.Ldebug_line0:
 1421 0000 43030000 		.section	.debug_str,"MS",%progbits,1
ARM GAS  /tmp/ccgQLREO.s 			page 26


 1421      02002303 
 1421      00000201 
 1421      FB0E0D00 
 1421      01010101 
 1422              	.LASF13:
 1423 0000 696E7433 		.ascii	"int32_t\000"
 1423      325F7400 
 1424              	.LASF47:
 1425 0008 53656D61 		.ascii	"Semaphore\000"
 1425      70686F72 
 1425      6500
 1426              	.LASF42:
 1427 0012 54687265 		.ascii	"ThreadsList\000"
 1427      6164734C 
 1427      69737400 
 1428              	.LASF3:
 1429 001e 73686F72 		.ascii	"short int\000"
 1429      7420696E 
 1429      7400
 1430              	.LASF38:
 1431 0028 705F6570 		.ascii	"p_epending\000"
 1431      656E6469 
 1431      6E6700
 1432              	.LASF26:
 1433 0033 705F7072 		.ascii	"p_prev\000"
 1433      657600
 1434              	.LASF46:
 1435 003a 73697A65 		.ascii	"sizetype\000"
 1435      74797065 
 1435      00
 1436              	.LASF21:
 1437 0043 6576656E 		.ascii	"eventmask_t\000"
 1437      746D6173 
 1437      6B5F7400 
 1438              	.LASF36:
 1439 004f 705F6D73 		.ascii	"p_msgqueue\000"
 1439      67717565 
 1439      756500
 1440              	.LASF27:
 1441 005a 705F7072 		.ascii	"p_prio\000"
 1441      696F00
 1442              	.LASF59:
 1443 0061 42595445 		.ascii	"BYTE\000"
 1443      00
 1444              	.LASF25:
 1445 0066 705F6E65 		.ascii	"p_next\000"
 1445      787400
 1446              	.LASF53:
 1447 006d 6D5F6E65 		.ascii	"m_next\000"
 1447      787400
 1448              	.LASF43:
 1449 0074 72656761 		.ascii	"regarm_t\000"
 1449      726D5F74 
 1449      00
 1450              	.LASF12:
 1451 007d 75696E74 		.ascii	"uint8_t\000"
 1451      385F7400 
ARM GAS  /tmp/ccgQLREO.s 			page 27


 1452              	.LASF65:
 1453 0085 63685365 		.ascii	"chSemInit\000"
 1453      6D496E69 
 1453      7400
 1454              	.LASF16:
 1455 008f 746D6F64 		.ascii	"tmode_t\000"
 1455      655F7400 
 1456              	.LASF10:
 1457 0097 6C6F6E67 		.ascii	"long long int\000"
 1457      206C6F6E 
 1457      6720696E 
 1457      7400
 1458              	.LASF31:
 1459 00a5 705F6E61 		.ascii	"p_name\000"
 1459      6D6500
 1460              	.LASF19:
 1461 00ac 74707269 		.ascii	"tprio_t\000"
 1461      6F5F7400 
 1462              	.LASF66:
 1463 00b4 63685365 		.ascii	"chSemReset\000"
 1463      6D526573 
 1463      657400
 1464              	.LASF7:
 1465 00bf 6C6F6E67 		.ascii	"long int\000"
 1465      20696E74 
 1465      00
 1466              	.LASF50:
 1467 00c8 4D757465 		.ascii	"Mutex\000"
 1467      7800
 1468              	.LASF51:
 1469 00ce 6D5F7175 		.ascii	"m_queue\000"
 1469      65756500 
 1470              	.LASF5:
 1471 00d6 5F5F7569 		.ascii	"__uint8_t\000"
 1471      6E74385F 
 1471      7400
 1472              	.LASF45:
 1473 00e0 636F6E74 		.ascii	"context\000"
 1473      65787400 
 1474              	.LASF37:
 1475 00e8 705F6D73 		.ascii	"p_msg\000"
 1475      6700
 1476              	.LASF2:
 1477 00ee 756E7369 		.ascii	"unsigned char\000"
 1477      676E6564 
 1477      20636861 
 1477      7200
 1478              	.LASF57:
 1479 00fc 65776D61 		.ascii	"ewmask\000"
 1479      736B00
 1480              	.LASF1:
 1481 0103 7369676E 		.ascii	"signed char\000"
 1481      65642063 
 1481      68617200 
 1482              	.LASF29:
 1483 010f 705F6E65 		.ascii	"p_newer\000"
 1483      77657200 
ARM GAS  /tmp/ccgQLREO.s 			page 28


 1484              	.LASF11:
 1485 0117 6C6F6E67 		.ascii	"long long unsigned int\000"
 1485      206C6F6E 
 1485      6720756E 
 1485      7369676E 
 1485      65642069 
 1486              	.LASF14:
 1487 012e 75696E74 		.ascii	"uint32_t\000"
 1487      33325F74 
 1487      00
 1488              	.LASF0:
 1489 0137 756E7369 		.ascii	"unsigned int\000"
 1489      676E6564 
 1489      20696E74 
 1489      00
 1490              	.LASF69:
 1491 0144 66665F72 		.ascii	"ff_rel_grant\000"
 1491      656C5F67 
 1491      72616E74 
 1491      00
 1492              	.LASF18:
 1493 0151 74736C69 		.ascii	"tslices_t\000"
 1493      6365735F 
 1493      7400
 1494              	.LASF64:
 1495 015b 66665F73 		.ascii	"ff_sem\000"
 1495      656D00
 1496              	.LASF4:
 1497 0162 73686F72 		.ascii	"short unsigned int\000"
 1497      7420756E 
 1497      7369676E 
 1497      65642069 
 1497      6E7400
 1498              	.LASF33:
 1499 0175 705F666C 		.ascii	"p_flags\000"
 1499      61677300 
 1500              	.LASF34:
 1501 017d 705F7072 		.ascii	"p_preempt\000"
 1501      65656D70 
 1501      7400
 1502              	.LASF40:
 1503 0187 705F7265 		.ascii	"p_realprio\000"
 1503      616C7072 
 1503      696F00
 1504              	.LASF22:
 1505 0192 73797374 		.ascii	"systime_t\000"
 1505      696D655F 
 1505      7400
 1506              	.LASF58:
 1507 019c 63686172 		.ascii	"char\000"
 1507      00
 1508              	.LASF67:
 1509 01a1 474E5520 		.ascii	"GNU C 4.9.3 20150529 (release) [ARM/embedded-4_9-br"
 1509      4320342E 
 1509      392E3320 
 1509      32303135 
 1509      30353239 
ARM GAS  /tmp/ccgQLREO.s 			page 29


 1510 01d4 616E6368 		.ascii	"anch revision 224288] -mcpu=cortex-m4 -mfloat-abi=h"
 1510      20726576 
 1510      6973696F 
 1510      6E203232 
 1510      34323838 
 1511 0207 61726420 		.ascii	"ard -mfpu=fpv4-sp-d16 -mno-thumb-interwork -mthumb "
 1511      2D6D6670 
 1511      753D6670 
 1511      76342D73 
 1511      702D6431 
 1512 023a 2D676764 		.ascii	"-ggdb -O2 -fomit-frame-pointer -falign-functions=16"
 1512      62202D4F 
 1512      32202D66 
 1512      6F6D6974 
 1512      2D667261 
 1513 026d 202D666E 		.ascii	" -fno-math-errno -fsingle-precision-constant\000"
 1513      6F2D6D61 
 1513      74682D65 
 1513      72726E6F 
 1513      202D6673 
 1514              	.LASF48:
 1515 029a 735F7175 		.ascii	"s_queue\000"
 1515      65756500 
 1516              	.LASF32:
 1517 02a2 705F7374 		.ascii	"p_state\000"
 1517      61746500 
 1518              	.LASF23:
 1519 02aa 636E745F 		.ascii	"cnt_t\000"
 1519      7400
 1520              	.LASF44:
 1521 02b0 696E7463 		.ascii	"intctx\000"
 1521      747800
 1522              	.LASF41:
 1523 02b7 54687265 		.ascii	"ThreadsQueue\000"
 1523      61647351 
 1523      75657565 
 1523      00
 1524              	.LASF15:
 1525 02c4 5F426F6F 		.ascii	"_Bool\000"
 1525      6C00
 1526              	.LASF35:
 1527 02ca 705F7761 		.ascii	"p_waiting\000"
 1527      6974696E 
 1527      6700
 1528              	.LASF39:
 1529 02d4 705F6D74 		.ascii	"p_mtxlist\000"
 1529      786C6973 
 1529      7400
 1530              	.LASF60:
 1531 02de 736F626A 		.ascii	"sobj\000"
 1531      00
 1532              	.LASF68:
 1533 02e3 2F686F6D 		.ascii	"/home/sbcu/Dropbox/pcb-layouts/axo-on-discovery-boa"
 1533      652F7362 
 1533      63752F44 
 1533      726F7062 
 1533      6F782F70 
ARM GAS  /tmp/ccgQLREO.s 			page 30


 1534 0316 72642F61 		.ascii	"rd/axoloti/platform_linux/../chibios/os/various/fat"
 1534      786F6C6F 
 1534      74692F70 
 1534      6C617466 
 1534      6F726D5F 
 1535 0349 66735F62 		.ascii	"fs_bindings/fatfs_syscall.c\000"
 1535      696E6469 
 1535      6E67732F 
 1535      66617466 
 1535      735F7379 
 1536              	.LASF61:
 1537 0365 66665F63 		.ascii	"ff_cre_syncobj\000"
 1537      72655F73 
 1537      796E636F 
 1537      626A00
 1538              	.LASF9:
 1539 0374 6C6F6E67 		.ascii	"long unsigned int\000"
 1539      20756E73 
 1539      69676E65 
 1539      6420696E 
 1539      7400
 1540              	.LASF8:
 1541 0386 5F5F7569 		.ascii	"__uint32_t\000"
 1541      6E743332 
 1541      5F7400
 1542              	.LASF63:
 1543 0391 66665F72 		.ascii	"ff_req_grant\000"
 1543      65715F67 
 1543      72616E74 
 1543      00
 1544              	.LASF6:
 1545 039e 5F5F696E 		.ascii	"__int32_t\000"
 1545      7433325F 
 1545      7400
 1546              	.LASF56:
 1547 03a8 77746F62 		.ascii	"wtobjp\000"
 1547      6A7000
 1548              	.LASF17:
 1549 03af 74737461 		.ascii	"tstate_t\000"
 1549      74655F74 
 1549      00
 1550              	.LASF24:
 1551 03b8 54687265 		.ascii	"Thread\000"
 1551      616400
 1552              	.LASF55:
 1553 03bf 65786974 		.ascii	"exitcode\000"
 1553      636F6465 
 1553      00
 1554              	.LASF49:
 1555 03c8 735F636E 		.ascii	"s_cnt\000"
 1555      7400
 1556              	.LASF30:
 1557 03ce 705F6F6C 		.ascii	"p_older\000"
 1557      64657200 
 1558              	.LASF62:
 1559 03d6 66665F64 		.ascii	"ff_del_syncobj\000"
 1559      656C5F73 
ARM GAS  /tmp/ccgQLREO.s 			page 31


 1559      796E636F 
 1559      626A00
 1560              	.LASF70:
 1561 03e5 63685365 		.ascii	"chSemWaitTimeout\000"
 1561      6D576169 
 1561      7454696D 
 1561      656F7574 
 1561      00
 1562              	.LASF28:
 1563 03f6 705F6374 		.ascii	"p_ctx\000"
 1563      7800
 1564              	.LASF52:
 1565 03fc 6D5F6F77 		.ascii	"m_owner\000"
 1565      6E657200 
 1566              	.LASF71:
 1567 0404 63685365 		.ascii	"chSemSignal\000"
 1567      6D536967 
 1567      6E616C00 
 1568              	.LASF54:
 1569 0410 7264796D 		.ascii	"rdymsg\000"
 1569      736700
 1570              	.LASF20:
 1571 0417 6D73675F 		.ascii	"msg_t\000"
 1571      7400
 1572              		.ident	"GCC: (GNU Tools for ARM Embedded Processors) 4.9.3 20150529 (release) [ARM/embedded-4_9-br
ARM GAS  /tmp/ccgQLREO.s 			page 32


DEFINED SYMBOLS
                            *ABS*:00000000 fatfs_syscall.c
     /tmp/ccgQLREO.s:20     .text:00000000 $t
     /tmp/ccgQLREO.s:26     .text:00000000 ff_cre_syncobj
     /tmp/ccgQLREO.s:55     .text:00000018 $d
     /tmp/ccgQLREO.s:59     .text:0000001c $t
     /tmp/ccgQLREO.s:65     .text:00000020 ff_del_syncobj
     /tmp/ccgQLREO.s:92     .text:00000030 ff_req_grant
     /tmp/ccgQLREO.s:121    .text:00000050 ff_rel_grant
     /tmp/ccgQLREO.s:136    .bss:00000000 $d
     /tmp/ccgQLREO.s:140    .bss:00000000 ff_sem
                     .debug_frame:00000010 $d

UNDEFINED SYMBOLS
chSemInit
chSemReset
chSemWaitTimeout
chSemSignal
