ARM GAS  /tmp/ccuWlm2Q.s 			page 1


   1              		.syntax unified
   2              		.cpu cortex-m4
   3              		.eabi_attribute 27, 1
   4              		.eabi_attribute 28, 1
   5              		.fpu fpv4-sp-d16
   6              		.eabi_attribute 20, 1
   7              		.eabi_attribute 21, 1
   8              		.eabi_attribute 23, 3
   9              		.eabi_attribute 24, 1
  10              		.eabi_attribute 25, 1
  11              		.eabi_attribute 26, 1
  12              		.eabi_attribute 30, 2
  13              		.eabi_attribute 34, 1
  14              		.eabi_attribute 18, 4
  15              		.thumb
  16              		.file	"hal_lld.c"
  17              		.text
  18              	.Ltext0:
  19              		.cfi_sections	.debug_frame
  20              		.align	2
  21              		.p2align 4,,15
  22              		.global	hal_lld_init
  23              		.thumb
  24              		.thumb_func
  25              		.type	hal_lld_init, %function
  26              	hal_lld_init:
  27              	.LFB131:
  28              		.file 1 "/home/sbcu/Dropbox/pcb-layouts/axo-on-discovery-board/axoloti/platform_linux/../chibios/o
  29              		.loc 1 111 0
  30              		.cfi_startproc
  31              		@ args = 0, pretend = 0, frame = 0
  32              		@ frame_needed = 0, uses_anonymous_args = 0
  33              		.loc 1 115 0
  34 0000 204B     		ldr	r3, .L8
  35              		.loc 1 121 0
  36 0002 2149     		ldr	r1, .L8+4
  37              		.loc 1 115 0
  38 0004 1A69     		ldr	r2, [r3, #16]
  39 0006 4FF0FF30 		mov	r0, #-1
  40 000a 0022     		movs	r2, #0
  41              		.loc 1 111 0
  42 000c F0B5     		push	{r4, r5, r6, r7, lr}
  43              		.cfi_def_cfa_offset 20
  44              		.cfi_offset 4, -20
  45              		.cfi_offset 5, -16
  46              		.cfi_offset 6, -12
  47              		.cfi_offset 7, -8
  48              		.cfi_offset 14, -4
  49              		.loc 1 115 0
  50 000e 1861     		str	r0, [r3, #16]
  51 0010 1A61     		str	r2, [r3, #16]
  52              		.loc 1 116 0
  53 0012 5C69     		ldr	r4, [r3, #20]
  54 0014 5861     		str	r0, [r3, #20]
  55 0016 5A61     		str	r2, [r3, #20]
  56              		.loc 1 117 0
  57 0018 1C6A     		ldr	r4, [r3, #32]
ARM GAS  /tmp/ccuWlm2Q.s 			page 2


  58              		.loc 1 128 0
  59 001a 1C4F     		ldr	r7, .L8+8
  60              		.loc 1 121 0
  61 001c DFF878E0 		ldr	lr, .L8+20
  62              		.loc 1 129 0
  63 0020 1B4E     		ldr	r6, .L8+12
  64              	.LBB4:
  65              	.LBB5:
  66              		.loc 1 54 0
  67 0022 1C4D     		ldr	r5, .L8+16
  68              	.LBE5:
  69              	.LBE4:
  70              		.loc 1 117 0
  71 0024 64F08054 		orn	r4, r4, #268435456
  72 0028 1C62     		str	r4, [r3, #32]
  73 002a 1A62     		str	r2, [r3, #32]
  74              		.loc 1 123 0
  75 002c 0724     		movs	r4, #7
  76              		.loc 1 118 0
  77 002e D3F824C0 		ldr	ip, [r3, #36]
  78 0032 5862     		str	r0, [r3, #36]
  79 0034 5A62     		str	r2, [r3, #36]
  80              		.loc 1 121 0
  81 0036 C1F804E0 		str	lr, [r1, #4]
  82              		.loc 1 122 0
  83 003a 8A60     		str	r2, [r1, #8]
  84              		.loc 1 123 0
  85 003c 0C60     		str	r4, [r1]
  86              		.loc 1 128 0
  87 003e F968     		ldr	r1, [r7, #12]
  88 0040 41F08071 		orr	r1, r1, #16777216
  89 0044 F960     		str	r1, [r7, #12]
  90              		.loc 1 129 0
  91 0046 3168     		ldr	r1, [r6]
  92 0048 41F00101 		orr	r1, r1, #1
  93 004c 3160     		str	r1, [r6]
  94              		.loc 1 132 0
  95 004e 196C     		ldr	r1, [r3, #64]
  96 0050 41F08051 		orr	r1, r1, #268435456
  97 0054 1964     		str	r1, [r3, #64]
  98              	.LBB7:
  99              	.LBB6:
 100              		.loc 1 54 0
 101 0056 2968     		ldr	r1, [r5]
 102 0058 41F48071 		orr	r1, r1, #256
 103 005c 2960     		str	r1, [r5]
 104              		.loc 1 57 0
 105 005e 196F     		ldr	r1, [r3, #112]
 106 0060 01F44071 		and	r1, r1, #768
 107 0064 B1F5007F 		cmp	r1, #512
 108 0068 03D0     		beq	.L2
 109              		.loc 1 59 0
 110 006a 4FF48031 		mov	r1, #65536
 111 006e 1967     		str	r1, [r3, #112]
 112              		.loc 1 60 0
 113 0070 1A67     		str	r2, [r3, #112]
 114              	.L2:
ARM GAS  /tmp/ccuWlm2Q.s 			page 3


 115              		.loc 1 94 0
 116 0072 084A     		ldr	r2, .L8+16
 117 0074 5368     		ldr	r3, [r2, #4]
 118 0076 23F40073 		bic	r3, r3, #512
 119 007a 5360     		str	r3, [r2, #4]
 120              	.LBE6:
 121              	.LBE7:
 122              		.loc 1 145 0
 123 007c BDE8F040 		pop	{r4, r5, r6, r7, lr}
 124              		.cfi_restore 14
 125              		.cfi_restore 7
 126              		.cfi_restore 6
 127              		.cfi_restore 5
 128              		.cfi_restore 4
 129              		.cfi_def_cfa_offset 0
 130              		.loc 1 138 0
 131 0080 FFF7FEBF 		b	dmaInit
 132              	.LVL0:
 133              	.L9:
 134              		.align	2
 135              	.L8:
 136 0084 00380240 		.word	1073887232
 137 0088 10E000E0 		.word	-536813552
 138 008c F0ED00E0 		.word	-536810000
 139 0090 001000E0 		.word	-536866816
 140 0094 00700040 		.word	1073770496
 141 0098 3F900200 		.word	167999
 142              		.cfi_endproc
 143              	.LFE131:
 144              		.size	hal_lld_init, .-hal_lld_init
 145              		.align	2
 146 009c AFF30080 		.p2align 4,,15
 147              		.global	stm32_clock_init
 148              		.thumb
 149              		.thumb_func
 150              		.type	stm32_clock_init, %function
 151              	stm32_clock_init:
 152              	.LFB132:
 153              		.loc 1 154 0
 154              		.cfi_startproc
 155              		@ args = 0, pretend = 0, frame = 0
 156              		@ frame_needed = 0, uses_anonymous_args = 0
 157              		@ link register save eliminated.
 158              		.loc 1 158 0
 159 00a0 3249     		ldr	r1, .L34
 160              		.loc 1 162 0
 161 00a2 334B     		ldr	r3, .L34+4
 162              		.loc 1 158 0
 163 00a4 4FF08050 		mov	r0, #268435456
 164              		.loc 1 162 0
 165 00a8 4FF44042 		mov	r2, #49152
 166              		.loc 1 158 0
 167 00ac 0864     		str	r0, [r1, #64]
 168              		.loc 1 162 0
 169 00ae 1A60     		str	r2, [r3]
 170              		.loc 1 169 0
 171 00b0 0B68     		ldr	r3, [r1]
ARM GAS  /tmp/ccuWlm2Q.s 			page 4


 172 00b2 43F00103 		orr	r3, r3, #1
 173 00b6 0B60     		str	r3, [r1]
 174              	.L11:
 175              		.loc 1 170 0 discriminator 1
 176 00b8 0A68     		ldr	r2, [r1]
 177 00ba 2C4B     		ldr	r3, .L34
 178 00bc 9007     		lsls	r0, r2, #30
 179 00be FBD5     		bpl	.L11
 180              		.loc 1 176 0
 181 00c0 9A68     		ldr	r2, [r3, #8]
 182 00c2 22F00302 		bic	r2, r2, #3
 183 00c6 9A60     		str	r2, [r3, #8]
 184              		.loc 1 177 0
 185 00c8 9A68     		ldr	r2, [r3, #8]
 186 00ca 9A60     		str	r2, [r3, #8]
 187              		.loc 1 178 0
 188 00cc 1946     		mov	r1, r3
 189              	.L12:
 190              		.loc 1 178 0 is_stmt 0 discriminator 1
 191 00ce 8B68     		ldr	r3, [r1, #8]
 192 00d0 264A     		ldr	r2, .L34
 193 00d2 13F00C03 		ands	r3, r3, #12
 194 00d6 FAD1     		bne	.L12
 195              		.loc 1 182 0 is_stmt 1
 196 00d8 1168     		ldr	r1, [r2]
 197 00da 01F0F901 		and	r1, r1, #249
 198 00de 1160     		str	r1, [r2]
 199              		.loc 1 183 0
 200 00e0 9360     		str	r3, [r2, #8]
 201              		.loc 1 192 0
 202 00e2 1368     		ldr	r3, [r2]
 203 00e4 43F48033 		orr	r3, r3, #65536
 204 00e8 1360     		str	r3, [r2]
 205              	.L13:
 206              		.loc 1 194 0 discriminator 1
 207 00ea 1168     		ldr	r1, [r2]
 208 00ec 1F4B     		ldr	r3, .L34
 209 00ee 8903     		lsls	r1, r1, #14
 210 00f0 FBD5     		bpl	.L13
 211              		.loc 1 200 0
 212 00f2 5A6F     		ldr	r2, [r3, #116]
 213 00f4 42F00102 		orr	r2, r2, #1
 214 00f8 5A67     		str	r2, [r3, #116]
 215              	.L14:
 216              		.loc 1 201 0 discriminator 1
 217 00fa 5A6F     		ldr	r2, [r3, #116]
 218 00fc 1B49     		ldr	r1, .L34
 219 00fe 9207     		lsls	r2, r2, #30
 220 0100 FBD5     		bpl	.L14
 221              		.loc 1 207 0
 222 0102 1C4B     		ldr	r3, .L34+8
 223 0104 4B60     		str	r3, [r1, #4]
 224              		.loc 1 209 0
 225 0106 0B68     		ldr	r3, [r1]
 226              		.loc 1 213 0
 227 0108 194A     		ldr	r2, .L34+4
 228              		.loc 1 209 0
ARM GAS  /tmp/ccuWlm2Q.s 			page 5


 229 010a 43F08073 		orr	r3, r3, #16777216
 230 010e 0B60     		str	r3, [r1]
 231              	.L15:
 232              		.loc 1 213 0 discriminator 1
 233 0110 5368     		ldr	r3, [r2, #4]
 234 0112 5B04     		lsls	r3, r3, #17
 235 0114 FCD5     		bpl	.L15
 236              		.loc 1 229 0 discriminator 1
 237 0116 1549     		ldr	r1, .L34
 238              	.L27:
 239 0118 0A68     		ldr	r2, [r1]
 240 011a 144B     		ldr	r3, .L34
 241 011c 9001     		lsls	r0, r2, #6
 242 011e FBD5     		bpl	.L27
 243              		.loc 1 235 0
 244 0120 154A     		ldr	r2, .L34+12
 245 0122 C3F88420 		str	r2, [r3, #132]
 246              		.loc 1 236 0
 247 0126 1A68     		ldr	r2, [r3]
 248 0128 42F08062 		orr	r2, r2, #67108864
 249 012c 1A60     		str	r2, [r3]
 250              		.loc 1 239 0
 251 012e 1A46     		mov	r2, r3
 252              	.L17:
 253              		.loc 1 239 0 is_stmt 0 discriminator 1
 254 0130 1168     		ldr	r1, [r2]
 255 0132 0E4B     		ldr	r3, .L34
 256 0134 0901     		lsls	r1, r1, #4
 257 0136 FBD5     		bpl	.L17
 258              		.loc 1 257 0 is_stmt 1
 259 0138 104A     		ldr	r2, .L34+16
 260              		.loc 1 244 0
 261 013a 1149     		ldr	r1, .L34+20
 262 013c 9960     		str	r1, [r3, #8]
 263              		.loc 1 257 0
 264 013e 40F20571 		movw	r1, #1797
 265 0142 1160     		str	r1, [r2]
 266              		.loc 1 263 0
 267 0144 9A68     		ldr	r2, [r3, #8]
 268 0146 42F00202 		orr	r2, r2, #2
 269 014a 9A60     		str	r2, [r3, #8]
 270              		.loc 1 264 0
 271 014c 1A46     		mov	r2, r3
 272              	.L18:
 273              		.loc 1 264 0 is_stmt 0 discriminator 1
 274 014e 9368     		ldr	r3, [r2, #8]
 275 0150 0649     		ldr	r1, .L34
 276 0152 03F00C03 		and	r3, r3, #12
 277 0156 082B     		cmp	r3, #8
 278 0158 F9D1     		bne	.L18
 279              		.loc 1 271 0 is_stmt 1
 280 015a 4B6C     		ldr	r3, [r1, #68]
 281 015c 43F48043 		orr	r3, r3, #16384
 282 0160 4B64     		str	r3, [r1, #68]
 283 0162 4B6E     		ldr	r3, [r1, #100]
 284 0164 43F48043 		orr	r3, r3, #16384
 285 0168 4B66     		str	r3, [r1, #100]
ARM GAS  /tmp/ccuWlm2Q.s 			page 6


 286 016a 7047     		bx	lr
 287              	.L35:
 288              		.align	2
 289              	.L34:
 290 016c 00380240 		.word	1073887232
 291 0170 00700040 		.word	1073770496
 292 0174 08544007 		.word	121656328
 293 0178 80400030 		.word	805322880
 294 017c 003C0240 		.word	1073888256
 295 0180 00944838 		.word	944280576
 296              		.cfi_endproc
 297              	.LFE132:
 298              		.size	stm32_clock_init, .-stm32_clock_init
 299              	.Letext0:
 300              		.file 2 "/home/sbcu/Dropbox/pcb-layouts/axo-on-discovery-board/axoloti/platform_linux/arm-none-eab
 301              		.file 3 "/home/sbcu/Dropbox/pcb-layouts/axo-on-discovery-board/axoloti/platform_linux/arm-none-eab
 302              		.file 4 "/home/sbcu/Dropbox/pcb-layouts/axo-on-discovery-board/axoloti/platform_linux/../chibios/o
 303              		.file 5 "/home/sbcu/Dropbox/pcb-layouts/axo-on-discovery-board/axoloti/platform_linux/../CMSIS//In
 304              		.file 6 "/home/sbcu/Dropbox/pcb-layouts/axo-on-discovery-board/axoloti/platform_linux/../chibios/o
 305              		.file 7 "/home/sbcu/Dropbox/pcb-layouts/axo-on-discovery-board/axoloti/platform_linux/../chibios/o
 306              		.section	.debug_info,"",%progbits
 307              	.Ldebug_info0:
 308 0000 8D040000 		.4byte	0x48d
 309 0004 0400     		.2byte	0x4
 310 0006 00000000 		.4byte	.Ldebug_abbrev0
 311 000a 04       		.byte	0x4
 312 000b 01       		.uleb128 0x1
 313 000c 3E020000 		.4byte	.LASF70
 314 0010 01       		.byte	0x1
 315 0011 08040000 		.4byte	.LASF71
 316 0015 51000000 		.4byte	.LASF72
 317 0019 00000000 		.4byte	.Ltext0
 318 001d 84010000 		.4byte	.Letext0-.Ltext0
 319 0021 00000000 		.4byte	.Ldebug_line0
 320 0025 02       		.uleb128 0x2
 321 0026 04       		.byte	0x4
 322 0027 05       		.byte	0x5
 323 0028 696E7400 		.ascii	"int\000"
 324 002c 03       		.uleb128 0x3
 325 002d 04       		.byte	0x4
 326 002e 07       		.byte	0x7
 327 002f D7010000 		.4byte	.LASF0
 328 0033 03       		.uleb128 0x3
 329 0034 01       		.byte	0x1
 330 0035 06       		.byte	0x6
 331 0036 AB010000 		.4byte	.LASF1
 332 003a 03       		.uleb128 0x3
 333 003b 01       		.byte	0x1
 334 003c 08       		.byte	0x8
 335 003d 95010000 		.4byte	.LASF2
 336 0041 03       		.uleb128 0x3
 337 0042 02       		.byte	0x2
 338 0043 05       		.byte	0x5
 339 0044 21000000 		.4byte	.LASF3
 340 0048 03       		.uleb128 0x3
 341 0049 02       		.byte	0x2
 342 004a 07       		.byte	0x7
ARM GAS  /tmp/ccuWlm2Q.s 			page 7


 343 004b 1C020000 		.4byte	.LASF4
 344 004f 04       		.uleb128 0x4
 345 0050 BB030000 		.4byte	.LASF6
 346 0054 02       		.byte	0x2
 347 0055 3F       		.byte	0x3f
 348 0056 5A000000 		.4byte	0x5a
 349 005a 03       		.uleb128 0x3
 350 005b 04       		.byte	0x4
 351 005c 05       		.byte	0x5
 352 005d 4B010000 		.4byte	.LASF5
 353 0061 04       		.uleb128 0x4
 354 0062 A4000000 		.4byte	.LASF7
 355 0066 02       		.byte	0x2
 356 0067 41       		.byte	0x41
 357 0068 6C000000 		.4byte	0x6c
 358 006c 03       		.uleb128 0x3
 359 006d 04       		.byte	0x4
 360 006e 07       		.byte	0x7
 361 006f ED010000 		.4byte	.LASF8
 362 0073 03       		.uleb128 0x3
 363 0074 08       		.byte	0x8
 364 0075 05       		.byte	0x5
 365 0076 2A010000 		.4byte	.LASF9
 366 007a 03       		.uleb128 0x3
 367 007b 08       		.byte	0x8
 368 007c 07       		.byte	0x7
 369 007d B7010000 		.4byte	.LASF10
 370 0081 04       		.uleb128 0x4
 371 0082 3F030000 		.4byte	.LASF11
 372 0086 03       		.byte	0x3
 373 0087 1F       		.byte	0x1f
 374 0088 4F000000 		.4byte	0x4f
 375 008c 04       		.uleb128 0x4
 376 008d CE010000 		.4byte	.LASF12
 377 0091 03       		.byte	0x3
 378 0092 20       		.byte	0x20
 379 0093 61000000 		.4byte	0x61
 380 0097 03       		.uleb128 0x3
 381 0098 01       		.byte	0x1
 382 0099 02       		.byte	0x2
 383 009a 47030000 		.4byte	.LASF13
 384 009e 04       		.uleb128 0x4
 385 009f 1A010000 		.4byte	.LASF14
 386 00a3 04       		.byte	0x4
 387 00a4 3A       		.byte	0x3a
 388 00a5 A9000000 		.4byte	0xa9
 389 00a9 05       		.uleb128 0x5
 390 00aa 8C000000 		.4byte	0x8c
 391 00ae 03       		.uleb128 0x3
 392 00af 04       		.byte	0x4
 393 00b0 07       		.byte	0x7
 394 00b1 2B000000 		.4byte	.LASF15
 395 00b5 06       		.uleb128 0x6
 396 00b6 10       		.byte	0x10
 397 00b7 04       		.byte	0x4
 398 00b8 F1       		.byte	0xf1
 399 00b9 EE000000 		.4byte	0xee
ARM GAS  /tmp/ccuWlm2Q.s 			page 8


 400 00bd 07       		.uleb128 0x7
 401 00be 45010000 		.4byte	.LASF16
 402 00c2 04       		.byte	0x4
 403 00c3 F2       		.byte	0xf2
 404 00c4 9E000000 		.4byte	0x9e
 405 00c8 00       		.byte	0
 406 00c9 07       		.uleb128 0x7
 407 00ca EB000000 		.4byte	.LASF17
 408 00ce 04       		.byte	0x4
 409 00cf F3       		.byte	0xf3
 410 00d0 9E000000 		.4byte	0x9e
 411 00d4 04       		.byte	0x4
 412 00d5 07       		.uleb128 0x7
 413 00d6 0C010000 		.4byte	.LASF18
 414 00da 04       		.byte	0x4
 415 00db F4       		.byte	0xf4
 416 00dc 9E000000 		.4byte	0x9e
 417 00e0 08       		.byte	0x8
 418 00e1 07       		.uleb128 0x7
 419 00e2 1B000000 		.4byte	.LASF19
 420 00e6 04       		.byte	0x4
 421 00e7 F5       		.byte	0xf5
 422 00e8 9E000000 		.4byte	0x9e
 423 00ec 0C       		.byte	0xc
 424 00ed 00       		.byte	0
 425 00ee 04       		.uleb128 0x4
 426 00ef 37030000 		.4byte	.LASF20
 427 00f3 04       		.byte	0x4
 428 00f4 F6       		.byte	0xf6
 429 00f5 B5000000 		.4byte	0xb5
 430 00f9 08       		.uleb128 0x8
 431 00fa 20       		.byte	0x20
 432 00fb 04       		.byte	0x4
 433 00fc 0601     		.2byte	0x106
 434 00fe 6B010000 		.4byte	0x16b
 435 0102 09       		.uleb128 0x9
 436 0103 BF000000 		.4byte	.LASF21
 437 0107 04       		.byte	0x4
 438 0108 0701     		.2byte	0x107
 439 010a 9E000000 		.4byte	0x9e
 440 010e 00       		.byte	0
 441 010f 09       		.uleb128 0x9
 442 0110 38010000 		.4byte	.LASF22
 443 0114 04       		.byte	0x4
 444 0115 0801     		.2byte	0x108
 445 0117 9E000000 		.4byte	0x9e
 446 011b 04       		.byte	0x4
 447 011c 09       		.uleb128 0x9
 448 011d D2000000 		.4byte	.LASF23
 449 0121 04       		.byte	0x4
 450 0122 0901     		.2byte	0x109
 451 0124 9E000000 		.4byte	0x9e
 452 0128 08       		.byte	0x8
 453 0129 09       		.uleb128 0x9
 454 012a 8E010000 		.4byte	.LASF24
 455 012e 04       		.byte	0x4
 456 012f 0A01     		.2byte	0x10a
ARM GAS  /tmp/ccuWlm2Q.s 			page 9


 457 0131 9E000000 		.4byte	0x9e
 458 0135 0C       		.byte	0xc
 459 0136 09       		.uleb128 0x9
 460 0137 B2030000 		.4byte	.LASF25
 461 013b 04       		.byte	0x4
 462 013c 0B01     		.2byte	0x10b
 463 013e 9E000000 		.4byte	0x9e
 464 0142 10       		.byte	0x10
 465 0143 09       		.uleb128 0x9
 466 0144 C5030000 		.4byte	.LASF26
 467 0148 04       		.byte	0x4
 468 0149 0C01     		.2byte	0x10c
 469 014b 9E000000 		.4byte	0x9e
 470 014f 14       		.byte	0x14
 471 0150 09       		.uleb128 0x9
 472 0151 3E000000 		.4byte	.LASF27
 473 0155 04       		.byte	0x4
 474 0156 0D01     		.2byte	0x10d
 475 0158 9E000000 		.4byte	0x9e
 476 015c 18       		.byte	0x18
 477 015d 09       		.uleb128 0x9
 478 015e 39000000 		.4byte	.LASF28
 479 0162 04       		.byte	0x4
 480 0163 0E01     		.2byte	0x10e
 481 0165 9E000000 		.4byte	0x9e
 482 0169 1C       		.byte	0x1c
 483 016a 00       		.byte	0
 484 016b 0A       		.uleb128 0xa
 485 016c 14020000 		.4byte	.LASF29
 486 0170 04       		.byte	0x4
 487 0171 0F01     		.2byte	0x10f
 488 0173 F9000000 		.4byte	0xf9
 489 0177 03       		.uleb128 0x3
 490 0178 01       		.byte	0x1
 491 0179 08       		.byte	0x8
 492 017a 39020000 		.4byte	.LASF30
 493 017e 0B       		.uleb128 0xb
 494 017f A9000000 		.4byte	0xa9
 495 0183 0C       		.uleb128 0xc
 496 0184 8C000000 		.4byte	0x8c
 497 0188 93010000 		.4byte	0x193
 498 018c 0D       		.uleb128 0xd
 499 018d AE000000 		.4byte	0xae
 500 0191 01       		.byte	0x1
 501 0192 00       		.byte	0
 502 0193 08       		.uleb128 0x8
 503 0194 10       		.byte	0x10
 504 0195 05       		.byte	0x5
 505 0196 F502     		.2byte	0x2f5
 506 0198 D1010000 		.4byte	0x1d1
 507 019c 09       		.uleb128 0x9
 508 019d BF000000 		.4byte	.LASF21
 509 01a1 05       		.byte	0x5
 510 01a2 F702     		.2byte	0x2f7
 511 01a4 A9000000 		.4byte	0xa9
 512 01a8 00       		.byte	0
 513 01a9 09       		.uleb128 0x9
ARM GAS  /tmp/ccuWlm2Q.s 			page 10


 514 01aa CC030000 		.4byte	.LASF31
 515 01ae 05       		.byte	0x5
 516 01af F802     		.2byte	0x2f8
 517 01b1 A9000000 		.4byte	0xa9
 518 01b5 04       		.byte	0x4
 519 01b6 0E       		.uleb128 0xe
 520 01b7 56414C00 		.ascii	"VAL\000"
 521 01bb 05       		.byte	0x5
 522 01bc F902     		.2byte	0x2f9
 523 01be A9000000 		.4byte	0xa9
 524 01c2 08       		.byte	0x8
 525 01c3 09       		.uleb128 0x9
 526 01c4 3F010000 		.4byte	.LASF32
 527 01c8 05       		.byte	0x5
 528 01c9 FA02     		.2byte	0x2fa
 529 01cb 7E010000 		.4byte	0x17e
 530 01cf 0C       		.byte	0xc
 531 01d0 00       		.byte	0
 532 01d1 0A       		.uleb128 0xa
 533 01d2 A5030000 		.4byte	.LASF33
 534 01d6 05       		.byte	0x5
 535 01d7 FB02     		.2byte	0x2fb
 536 01d9 93010000 		.4byte	0x193
 537 01dd 05       		.uleb128 0x5
 538 01de 81000000 		.4byte	0x81
 539 01e2 08       		.uleb128 0x8
 540 01e3 1C       		.byte	0x1c
 541 01e4 06       		.byte	0x6
 542 01e5 3E03     		.2byte	0x33e
 543 01e7 45020000 		.4byte	0x245
 544 01eb 0E       		.uleb128 0xe
 545 01ec 41435200 		.ascii	"ACR\000"
 546 01f0 06       		.byte	0x6
 547 01f1 4003     		.2byte	0x340
 548 01f3 A9000000 		.4byte	0xa9
 549 01f7 00       		.byte	0
 550 01f8 09       		.uleb128 0x9
 551 01f9 89010000 		.4byte	.LASF34
 552 01fd 06       		.byte	0x6
 553 01fe 4103     		.2byte	0x341
 554 0200 A9000000 		.4byte	0xa9
 555 0204 04       		.byte	0x4
 556 0205 09       		.uleb128 0x9
 557 0206 22010000 		.4byte	.LASF35
 558 020a 06       		.byte	0x6
 559 020b 4203     		.2byte	0x342
 560 020d A9000000 		.4byte	0xa9
 561 0211 08       		.byte	0x8
 562 0212 0E       		.uleb128 0xe
 563 0213 535200   		.ascii	"SR\000"
 564 0216 06       		.byte	0x6
 565 0217 4303     		.2byte	0x343
 566 0219 A9000000 		.4byte	0xa9
 567 021d 0C       		.byte	0xc
 568 021e 0E       		.uleb128 0xe
 569 021f 435200   		.ascii	"CR\000"
 570 0222 06       		.byte	0x6
ARM GAS  /tmp/ccuWlm2Q.s 			page 11


 571 0223 4403     		.2byte	0x344
 572 0225 A9000000 		.4byte	0xa9
 573 0229 10       		.byte	0x10
 574 022a 09       		.uleb128 0x9
 575 022b 85040000 		.4byte	.LASF36
 576 022f 06       		.byte	0x6
 577 0230 4503     		.2byte	0x345
 578 0232 A9000000 		.4byte	0xa9
 579 0236 14       		.byte	0x14
 580 0237 09       		.uleb128 0x9
 581 0238 7A010000 		.4byte	.LASF37
 582 023c 06       		.byte	0x6
 583 023d 4603     		.2byte	0x346
 584 023f A9000000 		.4byte	0xa9
 585 0243 18       		.byte	0x18
 586 0244 00       		.byte	0
 587 0245 0A       		.uleb128 0xa
 588 0246 E2030000 		.4byte	.LASF38
 589 024a 06       		.byte	0x6
 590 024b 4703     		.2byte	0x347
 591 024d E2010000 		.4byte	0x1e2
 592 0251 08       		.uleb128 0x8
 593 0252 08       		.byte	0x8
 594 0253 06       		.byte	0x6
 595 0254 4E04     		.2byte	0x44e
 596 0256 74020000 		.4byte	0x274
 597 025a 0E       		.uleb128 0xe
 598 025b 435200   		.ascii	"CR\000"
 599 025e 06       		.byte	0x6
 600 025f 5004     		.2byte	0x450
 601 0261 A9000000 		.4byte	0xa9
 602 0265 00       		.byte	0
 603 0266 0E       		.uleb128 0xe
 604 0267 43535200 		.ascii	"CSR\000"
 605 026b 06       		.byte	0x6
 606 026c 5104     		.2byte	0x451
 607 026e A9000000 		.4byte	0xa9
 608 0272 04       		.byte	0x4
 609 0273 00       		.byte	0
 610 0274 0A       		.uleb128 0xa
 611 0275 98000000 		.4byte	.LASF39
 612 0279 06       		.byte	0x6
 613 027a 5204     		.2byte	0x452
 614 027c 51020000 		.4byte	0x251
 615 0280 08       		.uleb128 0x8
 616 0281 90       		.byte	0x90
 617 0282 06       		.byte	0x6
 618 0283 5804     		.2byte	0x458
 619 0285 29040000 		.4byte	0x429
 620 0289 0E       		.uleb128 0xe
 621 028a 435200   		.ascii	"CR\000"
 622 028d 06       		.byte	0x6
 623 028e 5A04     		.2byte	0x45a
 624 0290 A9000000 		.4byte	0xa9
 625 0294 00       		.byte	0
 626 0295 09       		.uleb128 0x9
 627 0296 0C020000 		.4byte	.LASF40
ARM GAS  /tmp/ccuWlm2Q.s 			page 12


 628 029a 06       		.byte	0x6
 629 029b 5B04     		.2byte	0x45b
 630 029d A9000000 		.4byte	0xa9
 631 02a1 04       		.byte	0x4
 632 02a2 09       		.uleb128 0x9
 633 02a3 CD000000 		.4byte	.LASF41
 634 02a7 06       		.byte	0x6
 635 02a8 5C04     		.2byte	0x45c
 636 02aa A9000000 		.4byte	0xa9
 637 02ae 08       		.byte	0x8
 638 02af 0E       		.uleb128 0xe
 639 02b0 43495200 		.ascii	"CIR\000"
 640 02b4 06       		.byte	0x6
 641 02b5 5D04     		.2byte	0x45d
 642 02b7 A9000000 		.4byte	0xa9
 643 02bb 0C       		.byte	0xc
 644 02bc 09       		.uleb128 0x9
 645 02bd C4000000 		.4byte	.LASF42
 646 02c1 06       		.byte	0x6
 647 02c2 5E04     		.2byte	0x45e
 648 02c4 A9000000 		.4byte	0xa9
 649 02c8 10       		.byte	0x10
 650 02c9 09       		.uleb128 0x9
 651 02ca E4010000 		.4byte	.LASF43
 652 02ce 06       		.byte	0x6
 653 02cf 5F04     		.2byte	0x45f
 654 02d1 A9000000 		.4byte	0xa9
 655 02d5 14       		.byte	0x14
 656 02d6 09       		.uleb128 0x9
 657 02d7 D9030000 		.4byte	.LASF44
 658 02db 06       		.byte	0x6
 659 02dc 6004     		.2byte	0x460
 660 02de A9000000 		.4byte	0xa9
 661 02e2 18       		.byte	0x18
 662 02e3 09       		.uleb128 0x9
 663 02e4 5F030000 		.4byte	.LASF45
 664 02e8 06       		.byte	0x6
 665 02e9 6104     		.2byte	0x461
 666 02eb 8C000000 		.4byte	0x8c
 667 02ef 1C       		.byte	0x1c
 668 02f0 09       		.uleb128 0x9
 669 02f1 0A000000 		.4byte	.LASF46
 670 02f5 06       		.byte	0x6
 671 02f6 6204     		.2byte	0x462
 672 02f8 A9000000 		.4byte	0xa9
 673 02fc 20       		.byte	0x20
 674 02fd 09       		.uleb128 0x9
 675 02fe 60010000 		.4byte	.LASF47
 676 0302 06       		.byte	0x6
 677 0303 6304     		.2byte	0x463
 678 0305 A9000000 		.4byte	0xa9
 679 0309 24       		.byte	0x24
 680 030a 09       		.uleb128 0x9
 681 030b 69030000 		.4byte	.LASF48
 682 030f 06       		.byte	0x6
 683 0310 6404     		.2byte	0x464
 684 0312 83010000 		.4byte	0x183
ARM GAS  /tmp/ccuWlm2Q.s 			page 13


 685 0316 28       		.byte	0x28
 686 0317 09       		.uleb128 0x9
 687 0318 D1030000 		.4byte	.LASF49
 688 031c 06       		.byte	0x6
 689 031d 6504     		.2byte	0x465
 690 031f A9000000 		.4byte	0xa9
 691 0323 30       		.byte	0x30
 692 0324 09       		.uleb128 0x9
 693 0325 13000000 		.4byte	.LASF50
 694 0329 06       		.byte	0x6
 695 032a 6604     		.2byte	0x466
 696 032c A9000000 		.4byte	0xa9
 697 0330 34       		.byte	0x34
 698 0331 09       		.uleb128 0x9
 699 0332 81010000 		.4byte	.LASF51
 700 0336 06       		.byte	0x6
 701 0337 6704     		.2byte	0x467
 702 0339 A9000000 		.4byte	0xa9
 703 033d 38       		.byte	0x38
 704 033e 09       		.uleb128 0x9
 705 033f 73030000 		.4byte	.LASF52
 706 0343 06       		.byte	0x6
 707 0344 6804     		.2byte	0x468
 708 0346 8C000000 		.4byte	0x8c
 709 034a 3C       		.byte	0x3c
 710 034b 09       		.uleb128 0x9
 711 034c E3000000 		.4byte	.LASF53
 712 0350 06       		.byte	0x6
 713 0351 6904     		.2byte	0x469
 714 0353 A9000000 		.4byte	0xa9
 715 0357 40       		.byte	0x40
 716 0358 09       		.uleb128 0x9
 717 0359 A3010000 		.4byte	.LASF54
 718 035d 06       		.byte	0x6
 719 035e 6A04     		.2byte	0x46a
 720 0360 A9000000 		.4byte	0xa9
 721 0364 44       		.byte	0x44
 722 0365 09       		.uleb128 0x9
 723 0366 7D030000 		.4byte	.LASF55
 724 036a 06       		.byte	0x6
 725 036b 6B04     		.2byte	0x46b
 726 036d 83010000 		.4byte	0x183
 727 0371 48       		.byte	0x48
 728 0372 09       		.uleb128 0x9
 729 0373 00000000 		.4byte	.LASF56
 730 0377 06       		.byte	0x6
 731 0378 6C04     		.2byte	0x46c
 732 037a A9000000 		.4byte	0xa9
 733 037e 50       		.byte	0x50
 734 037f 09       		.uleb128 0x9
 735 0380 4D030000 		.4byte	.LASF57
 736 0384 06       		.byte	0x6
 737 0385 6D04     		.2byte	0x46d
 738 0387 A9000000 		.4byte	0xa9
 739 038b 54       		.byte	0x54
 740 038c 09       		.uleb128 0x9
 741 038d D9000000 		.4byte	.LASF58
ARM GAS  /tmp/ccuWlm2Q.s 			page 14


 742 0391 06       		.byte	0x6
 743 0392 6E04     		.2byte	0x46e
 744 0394 A9000000 		.4byte	0xa9
 745 0398 58       		.byte	0x58
 746 0399 09       		.uleb128 0x9
 747 039a 87030000 		.4byte	.LASF59
 748 039e 06       		.byte	0x6
 749 039f 6F04     		.2byte	0x46f
 750 03a1 8C000000 		.4byte	0x8c
 751 03a5 5C       		.byte	0x5c
 752 03a6 09       		.uleb128 0x9
 753 03a7 2F020000 		.4byte	.LASF60
 754 03ab 06       		.byte	0x6
 755 03ac 7004     		.2byte	0x470
 756 03ae A9000000 		.4byte	0xa9
 757 03b2 60       		.byte	0x60
 758 03b3 09       		.uleb128 0x9
 759 03b4 AF000000 		.4byte	.LASF61
 760 03b8 06       		.byte	0x6
 761 03b9 7104     		.2byte	0x471
 762 03bb A9000000 		.4byte	0xa9
 763 03bf 64       		.byte	0x64
 764 03c0 09       		.uleb128 0x9
 765 03c1 91030000 		.4byte	.LASF62
 766 03c5 06       		.byte	0x6
 767 03c6 7204     		.2byte	0x472
 768 03c8 83010000 		.4byte	0x183
 769 03cc 68       		.byte	0x68
 770 03cd 09       		.uleb128 0x9
 771 03ce 34000000 		.4byte	.LASF63
 772 03d2 06       		.byte	0x6
 773 03d3 7304     		.2byte	0x473
 774 03d5 A9000000 		.4byte	0xa9
 775 03d9 70       		.byte	0x70
 776 03da 0E       		.uleb128 0xe
 777 03db 43535200 		.ascii	"CSR\000"
 778 03df 06       		.byte	0x6
 779 03e0 7404     		.2byte	0x474
 780 03e2 A9000000 		.4byte	0xa9
 781 03e6 74       		.byte	0x74
 782 03e7 09       		.uleb128 0x9
 783 03e8 9B030000 		.4byte	.LASF64
 784 03ec 06       		.byte	0x6
 785 03ed 7504     		.2byte	0x475
 786 03ef 83010000 		.4byte	0x183
 787 03f3 78       		.byte	0x78
 788 03f4 09       		.uleb128 0x9
 789 03f5 B9000000 		.4byte	.LASF65
 790 03f9 06       		.byte	0x6
 791 03fa 7604     		.2byte	0x476
 792 03fc A9000000 		.4byte	0xa9
 793 0400 80       		.byte	0x80
 794 0401 09       		.uleb128 0x9
 795 0402 46000000 		.4byte	.LASF66
 796 0406 06       		.byte	0x6
 797 0407 7704     		.2byte	0x477
 798 0409 A9000000 		.4byte	0xa9
ARM GAS  /tmp/ccuWlm2Q.s 			page 15


 799 040d 84       		.byte	0x84
 800 040e 09       		.uleb128 0x9
 801 040f FD030000 		.4byte	.LASF67
 802 0413 06       		.byte	0x6
 803 0414 7804     		.2byte	0x478
 804 0416 A9000000 		.4byte	0xa9
 805 041a 88       		.byte	0x88
 806 041b 09       		.uleb128 0x9
 807 041c 12010000 		.4byte	.LASF68
 808 0420 06       		.byte	0x6
 809 0421 7904     		.2byte	0x479
 810 0423 A9000000 		.4byte	0xa9
 811 0427 8C       		.byte	0x8c
 812 0428 00       		.byte	0
 813 0429 0A       		.uleb128 0xa
 814 042a 54010000 		.4byte	.LASF69
 815 042e 06       		.byte	0x6
 816 042f 7B04     		.2byte	0x47b
 817 0431 80020000 		.4byte	0x280
 818 0435 0F       		.uleb128 0xf
 819 0436 F1000000 		.4byte	.LASF73
 820 043a 01       		.byte	0x1
 821 043b 33       		.byte	0x33
 822 043c 01       		.byte	0x1
 823 043d 10       		.uleb128 0x10
 824 043e FF010000 		.4byte	.LASF74
 825 0442 01       		.byte	0x1
 826 0443 6F       		.byte	0x6f
 827 0444 00000000 		.4byte	.LFB131
 828 0448 9C000000 		.4byte	.LFE131-.LFB131
 829 044c 01       		.uleb128 0x1
 830 044d 9C       		.byte	0x9c
 831 044e 6B040000 		.4byte	0x46b
 832 0452 11       		.uleb128 0x11
 833 0453 35040000 		.4byte	0x435
 834 0457 22000000 		.4byte	.LBB4
 835 045b 00000000 		.4byte	.Ldebug_ranges0+0
 836 045f 01       		.byte	0x1
 837 0460 87       		.byte	0x87
 838 0461 12       		.uleb128 0x12
 839 0462 84000000 		.4byte	.LVL0
 840 0466 88040000 		.4byte	0x488
 841 046a 00       		.byte	0
 842 046b 13       		.uleb128 0x13
 843 046c 69010000 		.4byte	.LASF75
 844 0470 01       		.byte	0x1
 845 0471 9A       		.byte	0x9a
 846 0472 A0000000 		.4byte	.LFB132
 847 0476 E4000000 		.4byte	.LFE132-.LFB132
 848 047a 01       		.uleb128 0x1
 849 047b 9C       		.byte	0x9c
 850 047c 14       		.uleb128 0x14
 851 047d F0030000 		.4byte	.LASF76
 852 0481 05       		.byte	0x5
 853 0482 DF07     		.2byte	0x7df
 854 0484 DD010000 		.4byte	0x1dd
 855 0488 15       		.uleb128 0x15
ARM GAS  /tmp/ccuWlm2Q.s 			page 16


 856 0489 57030000 		.4byte	.LASF77
 857 048d 07       		.byte	0x7
 858 048e C101     		.2byte	0x1c1
 859 0490 00       		.byte	0
 860              		.section	.debug_abbrev,"",%progbits
 861              	.Ldebug_abbrev0:
 862 0000 01       		.uleb128 0x1
 863 0001 11       		.uleb128 0x11
 864 0002 01       		.byte	0x1
 865 0003 25       		.uleb128 0x25
 866 0004 0E       		.uleb128 0xe
 867 0005 13       		.uleb128 0x13
 868 0006 0B       		.uleb128 0xb
 869 0007 03       		.uleb128 0x3
 870 0008 0E       		.uleb128 0xe
 871 0009 1B       		.uleb128 0x1b
 872 000a 0E       		.uleb128 0xe
 873 000b 11       		.uleb128 0x11
 874 000c 01       		.uleb128 0x1
 875 000d 12       		.uleb128 0x12
 876 000e 06       		.uleb128 0x6
 877 000f 10       		.uleb128 0x10
 878 0010 17       		.uleb128 0x17
 879 0011 00       		.byte	0
 880 0012 00       		.byte	0
 881 0013 02       		.uleb128 0x2
 882 0014 24       		.uleb128 0x24
 883 0015 00       		.byte	0
 884 0016 0B       		.uleb128 0xb
 885 0017 0B       		.uleb128 0xb
 886 0018 3E       		.uleb128 0x3e
 887 0019 0B       		.uleb128 0xb
 888 001a 03       		.uleb128 0x3
 889 001b 08       		.uleb128 0x8
 890 001c 00       		.byte	0
 891 001d 00       		.byte	0
 892 001e 03       		.uleb128 0x3
 893 001f 24       		.uleb128 0x24
 894 0020 00       		.byte	0
 895 0021 0B       		.uleb128 0xb
 896 0022 0B       		.uleb128 0xb
 897 0023 3E       		.uleb128 0x3e
 898 0024 0B       		.uleb128 0xb
 899 0025 03       		.uleb128 0x3
 900 0026 0E       		.uleb128 0xe
 901 0027 00       		.byte	0
 902 0028 00       		.byte	0
 903 0029 04       		.uleb128 0x4
 904 002a 16       		.uleb128 0x16
 905 002b 00       		.byte	0
 906 002c 03       		.uleb128 0x3
 907 002d 0E       		.uleb128 0xe
 908 002e 3A       		.uleb128 0x3a
 909 002f 0B       		.uleb128 0xb
 910 0030 3B       		.uleb128 0x3b
 911 0031 0B       		.uleb128 0xb
 912 0032 49       		.uleb128 0x49
ARM GAS  /tmp/ccuWlm2Q.s 			page 17


 913 0033 13       		.uleb128 0x13
 914 0034 00       		.byte	0
 915 0035 00       		.byte	0
 916 0036 05       		.uleb128 0x5
 917 0037 35       		.uleb128 0x35
 918 0038 00       		.byte	0
 919 0039 49       		.uleb128 0x49
 920 003a 13       		.uleb128 0x13
 921 003b 00       		.byte	0
 922 003c 00       		.byte	0
 923 003d 06       		.uleb128 0x6
 924 003e 13       		.uleb128 0x13
 925 003f 01       		.byte	0x1
 926 0040 0B       		.uleb128 0xb
 927 0041 0B       		.uleb128 0xb
 928 0042 3A       		.uleb128 0x3a
 929 0043 0B       		.uleb128 0xb
 930 0044 3B       		.uleb128 0x3b
 931 0045 0B       		.uleb128 0xb
 932 0046 01       		.uleb128 0x1
 933 0047 13       		.uleb128 0x13
 934 0048 00       		.byte	0
 935 0049 00       		.byte	0
 936 004a 07       		.uleb128 0x7
 937 004b 0D       		.uleb128 0xd
 938 004c 00       		.byte	0
 939 004d 03       		.uleb128 0x3
 940 004e 0E       		.uleb128 0xe
 941 004f 3A       		.uleb128 0x3a
 942 0050 0B       		.uleb128 0xb
 943 0051 3B       		.uleb128 0x3b
 944 0052 0B       		.uleb128 0xb
 945 0053 49       		.uleb128 0x49
 946 0054 13       		.uleb128 0x13
 947 0055 38       		.uleb128 0x38
 948 0056 0B       		.uleb128 0xb
 949 0057 00       		.byte	0
 950 0058 00       		.byte	0
 951 0059 08       		.uleb128 0x8
 952 005a 13       		.uleb128 0x13
 953 005b 01       		.byte	0x1
 954 005c 0B       		.uleb128 0xb
 955 005d 0B       		.uleb128 0xb
 956 005e 3A       		.uleb128 0x3a
 957 005f 0B       		.uleb128 0xb
 958 0060 3B       		.uleb128 0x3b
 959 0061 05       		.uleb128 0x5
 960 0062 01       		.uleb128 0x1
 961 0063 13       		.uleb128 0x13
 962 0064 00       		.byte	0
 963 0065 00       		.byte	0
 964 0066 09       		.uleb128 0x9
 965 0067 0D       		.uleb128 0xd
 966 0068 00       		.byte	0
 967 0069 03       		.uleb128 0x3
 968 006a 0E       		.uleb128 0xe
 969 006b 3A       		.uleb128 0x3a
ARM GAS  /tmp/ccuWlm2Q.s 			page 18


 970 006c 0B       		.uleb128 0xb
 971 006d 3B       		.uleb128 0x3b
 972 006e 05       		.uleb128 0x5
 973 006f 49       		.uleb128 0x49
 974 0070 13       		.uleb128 0x13
 975 0071 38       		.uleb128 0x38
 976 0072 0B       		.uleb128 0xb
 977 0073 00       		.byte	0
 978 0074 00       		.byte	0
 979 0075 0A       		.uleb128 0xa
 980 0076 16       		.uleb128 0x16
 981 0077 00       		.byte	0
 982 0078 03       		.uleb128 0x3
 983 0079 0E       		.uleb128 0xe
 984 007a 3A       		.uleb128 0x3a
 985 007b 0B       		.uleb128 0xb
 986 007c 3B       		.uleb128 0x3b
 987 007d 05       		.uleb128 0x5
 988 007e 49       		.uleb128 0x49
 989 007f 13       		.uleb128 0x13
 990 0080 00       		.byte	0
 991 0081 00       		.byte	0
 992 0082 0B       		.uleb128 0xb
 993 0083 26       		.uleb128 0x26
 994 0084 00       		.byte	0
 995 0085 49       		.uleb128 0x49
 996 0086 13       		.uleb128 0x13
 997 0087 00       		.byte	0
 998 0088 00       		.byte	0
 999 0089 0C       		.uleb128 0xc
 1000 008a 01       		.uleb128 0x1
 1001 008b 01       		.byte	0x1
 1002 008c 49       		.uleb128 0x49
 1003 008d 13       		.uleb128 0x13
 1004 008e 01       		.uleb128 0x1
 1005 008f 13       		.uleb128 0x13
 1006 0090 00       		.byte	0
 1007 0091 00       		.byte	0
 1008 0092 0D       		.uleb128 0xd
 1009 0093 21       		.uleb128 0x21
 1010 0094 00       		.byte	0
 1011 0095 49       		.uleb128 0x49
 1012 0096 13       		.uleb128 0x13
 1013 0097 2F       		.uleb128 0x2f
 1014 0098 0B       		.uleb128 0xb
 1015 0099 00       		.byte	0
 1016 009a 00       		.byte	0
 1017 009b 0E       		.uleb128 0xe
 1018 009c 0D       		.uleb128 0xd
 1019 009d 00       		.byte	0
 1020 009e 03       		.uleb128 0x3
 1021 009f 08       		.uleb128 0x8
 1022 00a0 3A       		.uleb128 0x3a
 1023 00a1 0B       		.uleb128 0xb
 1024 00a2 3B       		.uleb128 0x3b
 1025 00a3 05       		.uleb128 0x5
 1026 00a4 49       		.uleb128 0x49
ARM GAS  /tmp/ccuWlm2Q.s 			page 19


 1027 00a5 13       		.uleb128 0x13
 1028 00a6 38       		.uleb128 0x38
 1029 00a7 0B       		.uleb128 0xb
 1030 00a8 00       		.byte	0
 1031 00a9 00       		.byte	0
 1032 00aa 0F       		.uleb128 0xf
 1033 00ab 2E       		.uleb128 0x2e
 1034 00ac 00       		.byte	0
 1035 00ad 03       		.uleb128 0x3
 1036 00ae 0E       		.uleb128 0xe
 1037 00af 3A       		.uleb128 0x3a
 1038 00b0 0B       		.uleb128 0xb
 1039 00b1 3B       		.uleb128 0x3b
 1040 00b2 0B       		.uleb128 0xb
 1041 00b3 27       		.uleb128 0x27
 1042 00b4 19       		.uleb128 0x19
 1043 00b5 20       		.uleb128 0x20
 1044 00b6 0B       		.uleb128 0xb
 1045 00b7 00       		.byte	0
 1046 00b8 00       		.byte	0
 1047 00b9 10       		.uleb128 0x10
 1048 00ba 2E       		.uleb128 0x2e
 1049 00bb 01       		.byte	0x1
 1050 00bc 3F       		.uleb128 0x3f
 1051 00bd 19       		.uleb128 0x19
 1052 00be 03       		.uleb128 0x3
 1053 00bf 0E       		.uleb128 0xe
 1054 00c0 3A       		.uleb128 0x3a
 1055 00c1 0B       		.uleb128 0xb
 1056 00c2 3B       		.uleb128 0x3b
 1057 00c3 0B       		.uleb128 0xb
 1058 00c4 27       		.uleb128 0x27
 1059 00c5 19       		.uleb128 0x19
 1060 00c6 11       		.uleb128 0x11
 1061 00c7 01       		.uleb128 0x1
 1062 00c8 12       		.uleb128 0x12
 1063 00c9 06       		.uleb128 0x6
 1064 00ca 40       		.uleb128 0x40
 1065 00cb 18       		.uleb128 0x18
 1066 00cc 9742     		.uleb128 0x2117
 1067 00ce 19       		.uleb128 0x19
 1068 00cf 01       		.uleb128 0x1
 1069 00d0 13       		.uleb128 0x13
 1070 00d1 00       		.byte	0
 1071 00d2 00       		.byte	0
 1072 00d3 11       		.uleb128 0x11
 1073 00d4 1D       		.uleb128 0x1d
 1074 00d5 00       		.byte	0
 1075 00d6 31       		.uleb128 0x31
 1076 00d7 13       		.uleb128 0x13
 1077 00d8 52       		.uleb128 0x52
 1078 00d9 01       		.uleb128 0x1
 1079 00da 55       		.uleb128 0x55
 1080 00db 17       		.uleb128 0x17
 1081 00dc 58       		.uleb128 0x58
 1082 00dd 0B       		.uleb128 0xb
 1083 00de 59       		.uleb128 0x59
ARM GAS  /tmp/ccuWlm2Q.s 			page 20


 1084 00df 0B       		.uleb128 0xb
 1085 00e0 00       		.byte	0
 1086 00e1 00       		.byte	0
 1087 00e2 12       		.uleb128 0x12
 1088 00e3 898201   		.uleb128 0x4109
 1089 00e6 00       		.byte	0
 1090 00e7 11       		.uleb128 0x11
 1091 00e8 01       		.uleb128 0x1
 1092 00e9 9542     		.uleb128 0x2115
 1093 00eb 19       		.uleb128 0x19
 1094 00ec 31       		.uleb128 0x31
 1095 00ed 13       		.uleb128 0x13
 1096 00ee 00       		.byte	0
 1097 00ef 00       		.byte	0
 1098 00f0 13       		.uleb128 0x13
 1099 00f1 2E       		.uleb128 0x2e
 1100 00f2 00       		.byte	0
 1101 00f3 3F       		.uleb128 0x3f
 1102 00f4 19       		.uleb128 0x19
 1103 00f5 03       		.uleb128 0x3
 1104 00f6 0E       		.uleb128 0xe
 1105 00f7 3A       		.uleb128 0x3a
 1106 00f8 0B       		.uleb128 0xb
 1107 00f9 3B       		.uleb128 0x3b
 1108 00fa 0B       		.uleb128 0xb
 1109 00fb 27       		.uleb128 0x27
 1110 00fc 19       		.uleb128 0x19
 1111 00fd 11       		.uleb128 0x11
 1112 00fe 01       		.uleb128 0x1
 1113 00ff 12       		.uleb128 0x12
 1114 0100 06       		.uleb128 0x6
 1115 0101 40       		.uleb128 0x40
 1116 0102 18       		.uleb128 0x18
 1117 0103 9742     		.uleb128 0x2117
 1118 0105 19       		.uleb128 0x19
 1119 0106 00       		.byte	0
 1120 0107 00       		.byte	0
 1121 0108 14       		.uleb128 0x14
 1122 0109 34       		.uleb128 0x34
 1123 010a 00       		.byte	0
 1124 010b 03       		.uleb128 0x3
 1125 010c 0E       		.uleb128 0xe
 1126 010d 3A       		.uleb128 0x3a
 1127 010e 0B       		.uleb128 0xb
 1128 010f 3B       		.uleb128 0x3b
 1129 0110 05       		.uleb128 0x5
 1130 0111 49       		.uleb128 0x49
 1131 0112 13       		.uleb128 0x13
 1132 0113 3F       		.uleb128 0x3f
 1133 0114 19       		.uleb128 0x19
 1134 0115 3C       		.uleb128 0x3c
 1135 0116 19       		.uleb128 0x19
 1136 0117 00       		.byte	0
 1137 0118 00       		.byte	0
 1138 0119 15       		.uleb128 0x15
 1139 011a 2E       		.uleb128 0x2e
 1140 011b 00       		.byte	0
ARM GAS  /tmp/ccuWlm2Q.s 			page 21


 1141 011c 3F       		.uleb128 0x3f
 1142 011d 19       		.uleb128 0x19
 1143 011e 03       		.uleb128 0x3
 1144 011f 0E       		.uleb128 0xe
 1145 0120 3A       		.uleb128 0x3a
 1146 0121 0B       		.uleb128 0xb
 1147 0122 3B       		.uleb128 0x3b
 1148 0123 05       		.uleb128 0x5
 1149 0124 27       		.uleb128 0x27
 1150 0125 19       		.uleb128 0x19
 1151 0126 3C       		.uleb128 0x3c
 1152 0127 19       		.uleb128 0x19
 1153 0128 00       		.byte	0
 1154 0129 00       		.byte	0
 1155 012a 00       		.byte	0
 1156              		.section	.debug_aranges,"",%progbits
 1157 0000 1C000000 		.4byte	0x1c
 1158 0004 0200     		.2byte	0x2
 1159 0006 00000000 		.4byte	.Ldebug_info0
 1160 000a 04       		.byte	0x4
 1161 000b 00       		.byte	0
 1162 000c 0000     		.2byte	0
 1163 000e 0000     		.2byte	0
 1164 0010 00000000 		.4byte	.Ltext0
 1165 0014 84010000 		.4byte	.Letext0-.Ltext0
 1166 0018 00000000 		.4byte	0
 1167 001c 00000000 		.4byte	0
 1168              		.section	.debug_ranges,"",%progbits
 1169              	.Ldebug_ranges0:
 1170 0000 22000000 		.4byte	.LBB4-.Ltext0
 1171 0004 24000000 		.4byte	.LBE4-.Ltext0
 1172 0008 56000000 		.4byte	.LBB7-.Ltext0
 1173 000c 7C000000 		.4byte	.LBE7-.Ltext0
 1174 0010 00000000 		.4byte	0
 1175 0014 00000000 		.4byte	0
 1176              		.section	.debug_line,"",%progbits
 1177              	.Ldebug_line0:
 1178 0000 25030000 		.section	.debug_str,"MS",%progbits,1
 1178      02008A02 
 1178      00000201 
 1178      FB0E0D00 
 1178      01010101 
 1179              	.LASF56:
 1180 0000 41484231 		.ascii	"AHB1LPENR\000"
 1180      4C50454E 
 1180      5200
 1181              	.LASF46:
 1182 000a 41504231 		.ascii	"APB1RSTR\000"
 1182      52535452 
 1182      00
 1183              	.LASF50:
 1184 0013 41484232 		.ascii	"AHB2ENR\000"
 1184      454E5200 
 1185              	.LASF19:
 1186 001b 44454D43 		.ascii	"DEMCR\000"
 1186      5200
 1187              	.LASF3:
ARM GAS  /tmp/ccuWlm2Q.s 			page 22


 1188 0021 73686F72 		.ascii	"short int\000"
 1188      7420696E 
 1188      7400
 1189              	.LASF15:
 1190 002b 73697A65 		.ascii	"sizetype\000"
 1190      74797065 
 1190      00
 1191              	.LASF63:
 1192 0034 42444352 		.ascii	"BDCR\000"
 1192      00
 1193              	.LASF28:
 1194 0039 50435352 		.ascii	"PCSR\000"
 1194      00
 1195              	.LASF27:
 1196 003e 464F4C44 		.ascii	"FOLDCNT\000"
 1196      434E5400 
 1197              	.LASF66:
 1198 0046 504C4C49 		.ascii	"PLLI2SCFGR\000"
 1198      32534346 
 1198      475200
 1199              	.LASF72:
 1200 0051 2F686F6D 		.ascii	"/home/sbcu/Dropbox/pcb-layouts/axo-on-discovery-boa"
 1200      652F7362 
 1200      63752F44 
 1200      726F7062 
 1200      6F782F70 
 1201 0084 72642F61 		.ascii	"rd/axoloti/firmware\000"
 1201      786F6C6F 
 1201      74692F66 
 1201      69726D77 
 1201      61726500 
 1202              	.LASF39:
 1203 0098 5057525F 		.ascii	"PWR_TypeDef\000"
 1203      54797065 
 1203      44656600 
 1204              	.LASF7:
 1205 00a4 5F5F7569 		.ascii	"__uint32_t\000"
 1205      6E743332 
 1205      5F7400
 1206              	.LASF61:
 1207 00af 41504232 		.ascii	"APB2LPENR\000"
 1207      4C50454E 
 1207      5200
 1208              	.LASF65:
 1209 00b9 53534347 		.ascii	"SSCGR\000"
 1209      5200
 1210              	.LASF21:
 1211 00bf 4354524C 		.ascii	"CTRL\000"
 1211      00
 1212              	.LASF42:
 1213 00c4 41484231 		.ascii	"AHB1RSTR\000"
 1213      52535452 
 1213      00
 1214              	.LASF41:
 1215 00cd 43464752 		.ascii	"CFGR\000"
 1215      00
 1216              	.LASF23:
ARM GAS  /tmp/ccuWlm2Q.s 			page 23


 1217 00d2 43504943 		.ascii	"CPICNT\000"
 1217      4E5400
 1218              	.LASF58:
 1219 00d9 41484233 		.ascii	"AHB3LPENR\000"
 1219      4C50454E 
 1219      5200
 1220              	.LASF53:
 1221 00e3 41504231 		.ascii	"APB1ENR\000"
 1221      454E5200 
 1222              	.LASF17:
 1223 00eb 44435253 		.ascii	"DCRSR\000"
 1223      5200
 1224              	.LASF73:
 1225 00f1 68616C5F 		.ascii	"hal_lld_backup_domain_init\000"
 1225      6C6C645F 
 1225      6261636B 
 1225      75705F64 
 1225      6F6D6169 
 1226              	.LASF18:
 1227 010c 44435244 		.ascii	"DCRDR\000"
 1227      5200
 1228              	.LASF68:
 1229 0112 44434B43 		.ascii	"DCKCFGR\000"
 1229      46475200 
 1230              	.LASF14:
 1231 011a 494F5245 		.ascii	"IOREG32\000"
 1231      47333200 
 1232              	.LASF35:
 1233 0122 4F50544B 		.ascii	"OPTKEYR\000"
 1233      45595200 
 1234              	.LASF9:
 1235 012a 6C6F6E67 		.ascii	"long long int\000"
 1235      206C6F6E 
 1235      6720696E 
 1235      7400
 1236              	.LASF22:
 1237 0138 43594343 		.ascii	"CYCCNT\000"
 1237      4E5400
 1238              	.LASF32:
 1239 013f 43414C49 		.ascii	"CALIB\000"
 1239      4200
 1240              	.LASF16:
 1241 0145 44484353 		.ascii	"DHCSR\000"
 1241      5200
 1242              	.LASF5:
 1243 014b 6C6F6E67 		.ascii	"long int\000"
 1243      20696E74 
 1243      00
 1244              	.LASF69:
 1245 0154 5243435F 		.ascii	"RCC_TypeDef\000"
 1245      54797065 
 1245      44656600 
 1246              	.LASF47:
 1247 0160 41504232 		.ascii	"APB2RSTR\000"
 1247      52535452 
 1247      00
 1248              	.LASF75:
ARM GAS  /tmp/ccuWlm2Q.s 			page 24


 1249 0169 73746D33 		.ascii	"stm32_clock_init\000"
 1249      325F636C 
 1249      6F636B5F 
 1249      696E6974 
 1249      00
 1250              	.LASF37:
 1251 017a 4F505443 		.ascii	"OPTCR1\000"
 1251      523100
 1252              	.LASF51:
 1253 0181 41484233 		.ascii	"AHB3ENR\000"
 1253      454E5200 
 1254              	.LASF34:
 1255 0189 4B455952 		.ascii	"KEYR\000"
 1255      00
 1256              	.LASF24:
 1257 018e 45584343 		.ascii	"EXCCNT\000"
 1257      4E5400
 1258              	.LASF2:
 1259 0195 756E7369 		.ascii	"unsigned char\000"
 1259      676E6564 
 1259      20636861 
 1259      7200
 1260              	.LASF54:
 1261 01a3 41504232 		.ascii	"APB2ENR\000"
 1261      454E5200 
 1262              	.LASF1:
 1263 01ab 7369676E 		.ascii	"signed char\000"
 1263      65642063 
 1263      68617200 
 1264              	.LASF10:
 1265 01b7 6C6F6E67 		.ascii	"long long unsigned int\000"
 1265      206C6F6E 
 1265      6720756E 
 1265      7369676E 
 1265      65642069 
 1266              	.LASF12:
 1267 01ce 75696E74 		.ascii	"uint32_t\000"
 1267      33325F74 
 1267      00
 1268              	.LASF0:
 1269 01d7 756E7369 		.ascii	"unsigned int\000"
 1269      676E6564 
 1269      20696E74 
 1269      00
 1270              	.LASF43:
 1271 01e4 41484232 		.ascii	"AHB2RSTR\000"
 1271      52535452 
 1271      00
 1272              	.LASF8:
 1273 01ed 6C6F6E67 		.ascii	"long unsigned int\000"
 1273      20756E73 
 1273      69676E65 
 1273      6420696E 
 1273      7400
 1274              	.LASF74:
 1275 01ff 68616C5F 		.ascii	"hal_lld_init\000"
 1275      6C6C645F 
ARM GAS  /tmp/ccuWlm2Q.s 			page 25


 1275      696E6974 
 1275      00
 1276              	.LASF40:
 1277 020c 504C4C43 		.ascii	"PLLCFGR\000"
 1277      46475200 
 1278              	.LASF29:
 1279 0214 434D785F 		.ascii	"CMx_DWT\000"
 1279      44575400 
 1280              	.LASF4:
 1281 021c 73686F72 		.ascii	"short unsigned int\000"
 1281      7420756E 
 1281      7369676E 
 1281      65642069 
 1281      6E7400
 1282              	.LASF60:
 1283 022f 41504231 		.ascii	"APB1LPENR\000"
 1283      4C50454E 
 1283      5200
 1284              	.LASF30:
 1285 0239 63686172 		.ascii	"char\000"
 1285      00
 1286              	.LASF70:
 1287 023e 474E5520 		.ascii	"GNU C 4.9.3 20150529 (release) [ARM/embedded-4_9-br"
 1287      4320342E 
 1287      392E3320 
 1287      32303135 
 1287      30353239 
 1288 0271 616E6368 		.ascii	"anch revision 224288] -mcpu=cortex-m4 -mfloat-abi=h"
 1288      20726576 
 1288      6973696F 
 1288      6E203232 
 1288      34323838 
 1289 02a4 61726420 		.ascii	"ard -mfpu=fpv4-sp-d16 -mno-thumb-interwork -mthumb "
 1289      2D6D6670 
 1289      753D6670 
 1289      76342D73 
 1289      702D6431 
 1290 02d7 2D676764 		.ascii	"-ggdb -O2 -fomit-frame-pointer -falign-functions=16"
 1290      62202D4F 
 1290      32202D66 
 1290      6F6D6974 
 1290      2D667261 
 1291 030a 202D666E 		.ascii	" -fno-math-errno -fsingle-precision-constant\000"
 1291      6F2D6D61 
 1291      74682D65 
 1291      72726E6F 
 1291      202D6673 
 1292              	.LASF20:
 1293 0337 434D785F 		.ascii	"CMx_SCS\000"
 1293      53435300 
 1294              	.LASF11:
 1295 033f 696E7433 		.ascii	"int32_t\000"
 1295      325F7400 
 1296              	.LASF13:
 1297 0347 5F426F6F 		.ascii	"_Bool\000"
 1297      6C00
 1298              	.LASF57:
ARM GAS  /tmp/ccuWlm2Q.s 			page 26


 1299 034d 41484232 		.ascii	"AHB2LPENR\000"
 1299      4C50454E 
 1299      5200
 1300              	.LASF77:
 1301 0357 646D6149 		.ascii	"dmaInit\000"
 1301      6E697400 
 1302              	.LASF45:
 1303 035f 52455345 		.ascii	"RESERVED0\000"
 1303      52564544 
 1303      3000
 1304              	.LASF48:
 1305 0369 52455345 		.ascii	"RESERVED1\000"
 1305      52564544 
 1305      3100
 1306              	.LASF52:
 1307 0373 52455345 		.ascii	"RESERVED2\000"
 1307      52564544 
 1307      3200
 1308              	.LASF55:
 1309 037d 52455345 		.ascii	"RESERVED3\000"
 1309      52564544 
 1309      3300
 1310              	.LASF59:
 1311 0387 52455345 		.ascii	"RESERVED4\000"
 1311      52564544 
 1311      3400
 1312              	.LASF62:
 1313 0391 52455345 		.ascii	"RESERVED5\000"
 1313      52564544 
 1313      3500
 1314              	.LASF64:
 1315 039b 52455345 		.ascii	"RESERVED6\000"
 1315      52564544 
 1315      3600
 1316              	.LASF33:
 1317 03a5 53797354 		.ascii	"SysTick_Type\000"
 1317      69636B5F 
 1317      54797065 
 1317      00
 1318              	.LASF25:
 1319 03b2 534C4545 		.ascii	"SLEEPCNT\000"
 1319      50434E54 
 1319      00
 1320              	.LASF6:
 1321 03bb 5F5F696E 		.ascii	"__int32_t\000"
 1321      7433325F 
 1321      7400
 1322              	.LASF26:
 1323 03c5 4C535543 		.ascii	"LSUCNT\000"
 1323      4E5400
 1324              	.LASF31:
 1325 03cc 4C4F4144 		.ascii	"LOAD\000"
 1325      00
 1326              	.LASF49:
 1327 03d1 41484231 		.ascii	"AHB1ENR\000"
 1327      454E5200 
 1328              	.LASF44:
ARM GAS  /tmp/ccuWlm2Q.s 			page 27


 1329 03d9 41484233 		.ascii	"AHB3RSTR\000"
 1329      52535452 
 1329      00
 1330              	.LASF38:
 1331 03e2 464C4153 		.ascii	"FLASH_TypeDef\000"
 1331      485F5479 
 1331      70654465 
 1331      6600
 1332              	.LASF76:
 1333 03f0 49544D5F 		.ascii	"ITM_RxBuffer\000"
 1333      52784275 
 1333      66666572 
 1333      00
 1334              	.LASF67:
 1335 03fd 504C4C53 		.ascii	"PLLSAICFGR\000"
 1335      41494346 
 1335      475200
 1336              	.LASF71:
 1337 0408 2F686F6D 		.ascii	"/home/sbcu/Dropbox/pcb-layouts/axo-on-discovery-boa"
 1337      652F7362 
 1337      63752F44 
 1337      726F7062 
 1337      6F782F70 
 1338 043b 72642F61 		.ascii	"rd/axoloti/platform_linux/../chibios/os/hal/platfor"
 1338      786F6C6F 
 1338      74692F70 
 1338      6C617466 
 1338      6F726D5F 
 1339 046e 6D732F53 		.ascii	"ms/STM32F4xx/hal_lld.c\000"
 1339      544D3332 
 1339      46347878 
 1339      2F68616C 
 1339      5F6C6C64 
 1340              	.LASF36:
 1341 0485 4F505443 		.ascii	"OPTCR\000"
 1341      5200
 1342              		.ident	"GCC: (GNU Tools for ARM Embedded Processors) 4.9.3 20150529 (release) [ARM/embedded-4_9-br
ARM GAS  /tmp/ccuWlm2Q.s 			page 28


DEFINED SYMBOLS
                            *ABS*:00000000 hal_lld.c
     /tmp/ccuWlm2Q.s:20     .text:00000000 $t
     /tmp/ccuWlm2Q.s:26     .text:00000000 hal_lld_init
     /tmp/ccuWlm2Q.s:136    .text:00000084 $d
     /tmp/ccuWlm2Q.s:145    .text:0000009c $t
     /tmp/ccuWlm2Q.s:151    .text:000000a0 stm32_clock_init
     /tmp/ccuWlm2Q.s:290    .text:0000016c $d
                     .debug_frame:00000010 $d

UNDEFINED SYMBOLS
dmaInit
