ARM GAS  /tmp/ccMywM6R.s 			page 1


   1              		.syntax unified
   2              		.cpu cortex-m4
   3              		.eabi_attribute 27, 1
   4              		.eabi_attribute 28, 1
   5              		.fpu fpv4-sp-d16
   6              		.eabi_attribute 20, 1
   7              		.eabi_attribute 21, 1
   8              		.eabi_attribute 23, 3
   9              		.eabi_attribute 24, 1
  10              		.eabi_attribute 25, 1
  11              		.eabi_attribute 26, 1
  12              		.eabi_attribute 30, 2
  13              		.eabi_attribute 34, 1
  14              		.eabi_attribute 18, 4
  15              		.thumb
  16              		.file	"memstreams.c"
  17              		.text
  18              	.Ltext0:
  19              		.cfi_sections	.debug_frame
  20              		.align	2
  21              		.p2align 4,,15
  22              		.thumb
  23              		.thumb_func
  24              		.type	put, %function
  25              	put:
  26              	.LFB9:
  27              		.file 1 "/d_drive/axoloti/platform_linux/../chibios/os/various/memstreams.c"
  28              		.loc 1 66 0
  29              		.cfi_startproc
  30              		@ args = 0, pretend = 0, frame = 0
  31              		@ frame_needed = 0, uses_anonymous_args = 0
  32              		@ link register save eliminated.
  33              	.LVL0:
  34              		.loc 1 69 0
  35 0000 C368     		ldr	r3, [r0, #12]
  36 0002 8268     		ldr	r2, [r0, #8]
  37 0004 9A42     		cmp	r2, r3
  38 0006 06D0     		beq	.L3
  39              		.loc 1 71 0
  40 0008 4268     		ldr	r2, [r0, #4]
  41 000a D154     		strb	r1, [r2, r3]
  42              		.loc 1 72 0
  43 000c C368     		ldr	r3, [r0, #12]
  44 000e 0133     		adds	r3, r3, #1
  45 0010 C360     		str	r3, [r0, #12]
  46              		.loc 1 73 0
  47 0012 0020     		movs	r0, #0
  48              	.LVL1:
  49 0014 7047     		bx	lr
  50              	.LVL2:
  51              	.L3:
  52              		.loc 1 70 0
  53 0016 6FF00100 		mvn	r0, #1
  54              	.LVL3:
  55              		.loc 1 74 0
  56 001a 7047     		bx	lr
  57              		.cfi_endproc
ARM GAS  /tmp/ccMywM6R.s 			page 2


  58              	.LFE9:
  59              		.size	put, .-put
  60              		.align	2
  61 001c AFF30080 		.p2align 4,,15
  62              		.thumb
  63              		.thumb_func
  64              		.type	get, %function
  65              	get:
  66              	.LFB10:
  67              		.loc 1 76 0
  68              		.cfi_startproc
  69              		@ args = 0, pretend = 0, frame = 0
  70              		@ frame_needed = 0, uses_anonymous_args = 0
  71              		@ link register save eliminated.
  72              	.LVL4:
  73              		.loc 1 80 0
  74 0020 0369     		ldr	r3, [r0, #16]
  75 0022 C168     		ldr	r1, [r0, #12]
  76 0024 9942     		cmp	r1, r3
  77              		.loc 1 76 0
  78 0026 0246     		mov	r2, r0
  79              	.LVL5:
  80              		.loc 1 80 0
  81 0028 04D0     		beq	.L7
  82              		.loc 1 82 0
  83 002a 4168     		ldr	r1, [r0, #4]
  84 002c C85C     		ldrb	r0, [r1, r3]	@ zero_extendqisi2
  85              	.LVL6:
  86              		.loc 1 83 0
  87 002e 0133     		adds	r3, r3, #1
  88 0030 1361     		str	r3, [r2, #16]
  89              		.loc 1 84 0
  90 0032 7047     		bx	lr
  91              	.LVL7:
  92              	.L7:
  93              		.loc 1 81 0
  94 0034 6FF00100 		mvn	r0, #1
  95              	.LVL8:
  96              		.loc 1 85 0
  97 0038 7047     		bx	lr
  98              		.cfi_endproc
  99              	.LFE10:
 100              		.size	get, .-get
 101 003a 00BF     		.align	2
 102 003c AFF30080 		.p2align 4,,15
 103              		.thumb
 104              		.thumb_func
 105              		.type	reads, %function
 106              	reads:
 107              	.LFB8:
 108              		.loc 1 56 0
 109              		.cfi_startproc
 110              		@ args = 0, pretend = 0, frame = 0
 111              		@ frame_needed = 0, uses_anonymous_args = 0
 112              	.LVL9:
 113 0040 38B5     		push	{r3, r4, r5, lr}
 114              		.cfi_def_cfa_offset 16
ARM GAS  /tmp/ccMywM6R.s 			page 3


 115              		.cfi_offset 3, -16
 116              		.cfi_offset 4, -12
 117              		.cfi_offset 5, -8
 118              		.cfi_offset 14, -4
 119              		.loc 1 56 0
 120 0042 0546     		mov	r5, r0
 121              	.LVL10:
 122              		.loc 1 61 0
 123 0044 0846     		mov	r0, r1
 124              	.LVL11:
 125              		.loc 1 59 0
 126 0046 2B69     		ldr	r3, [r5, #16]
 127 0048 EC68     		ldr	r4, [r5, #12]
 128              		.loc 1 61 0
 129 004a 6968     		ldr	r1, [r5, #4]
 130              	.LVL12:
 131              		.loc 1 59 0
 132 004c E41A     		subs	r4, r4, r3
 133 004e 9442     		cmp	r4, r2
 134 0050 28BF     		it	cs
 135 0052 1446     		movcs	r4, r2
 136              	.LVL13:
 137              		.loc 1 61 0
 138 0054 1944     		add	r1, r1, r3
 139 0056 2246     		mov	r2, r4
 140 0058 FFF7FEFF 		bl	memcpy
 141              	.LVL14:
 142              		.loc 1 62 0
 143 005c 2B69     		ldr	r3, [r5, #16]
 144 005e 2344     		add	r3, r3, r4
 145 0060 2B61     		str	r3, [r5, #16]
 146              		.loc 1 64 0
 147 0062 2046     		mov	r0, r4
 148 0064 38BD     		pop	{r3, r4, r5, pc}
 149              		.cfi_endproc
 150              	.LFE8:
 151              		.size	reads, .-reads
 152 0066 00BF     		.align	2
 153 0068 AFF30080 		.p2align 4,,15
 153      AFF30080 
 154              		.thumb
 155              		.thumb_func
 156              		.type	writes, %function
 157              	writes:
 158              	.LFB7:
 159              		.loc 1 46 0
 160              		.cfi_startproc
 161              		@ args = 0, pretend = 0, frame = 0
 162              		@ frame_needed = 0, uses_anonymous_args = 0
 163              	.LVL15:
 164 0070 38B5     		push	{r3, r4, r5, lr}
 165              		.cfi_def_cfa_offset 16
 166              		.cfi_offset 3, -16
 167              		.cfi_offset 4, -12
 168              		.cfi_offset 5, -8
 169              		.cfi_offset 14, -4
 170              		.loc 1 49 0
ARM GAS  /tmp/ccMywM6R.s 			page 4


 171 0072 C368     		ldr	r3, [r0, #12]
 172 0074 8468     		ldr	r4, [r0, #8]
 173 0076 E41A     		subs	r4, r4, r3
 174              		.loc 1 46 0
 175 0078 0546     		mov	r5, r0
 176              	.LVL16:
 177 007a 9442     		cmp	r4, r2
 178              		.loc 1 51 0
 179 007c 4068     		ldr	r0, [r0, #4]
 180              	.LVL17:
 181 007e 28BF     		it	cs
 182 0080 1446     		movcs	r4, r2
 183              	.LVL18:
 184 0082 1844     		add	r0, r0, r3
 185 0084 2246     		mov	r2, r4
 186 0086 FFF7FEFF 		bl	memcpy
 187              	.LVL19:
 188              		.loc 1 52 0
 189 008a EB68     		ldr	r3, [r5, #12]
 190 008c 2344     		add	r3, r3, r4
 191 008e EB60     		str	r3, [r5, #12]
 192              		.loc 1 54 0
 193 0090 2046     		mov	r0, r4
 194 0092 38BD     		pop	{r3, r4, r5, pc}
 195              		.cfi_endproc
 196              	.LFE7:
 197              		.size	writes, .-writes
 198              		.align	2
 199 0094 AFF30080 		.p2align 4,,15
 199      AFF30080 
 199      AFF30080 
 200              		.global	msObjectInit
 201              		.thumb
 202              		.thumb_func
 203              		.type	msObjectInit, %function
 204              	msObjectInit:
 205              	.LFB11:
 206              		.loc 1 104 0
 207              		.cfi_startproc
 208              		@ args = 0, pretend = 0, frame = 0
 209              		@ frame_needed = 0, uses_anonymous_args = 0
 210              		@ link register save eliminated.
 211              	.LVL20:
 212 00a0 10B4     		push	{r4}
 213              		.cfi_def_cfa_offset 4
 214              		.cfi_offset 4, -4
 215              		.loc 1 107 0
 216 00a2 4160     		str	r1, [r0, #4]
 217              		.loc 1 106 0
 218 00a4 044C     		ldr	r4, .L14
 219 00a6 0460     		str	r4, [r0]
 220              		.loc 1 110 0
 221 00a8 0021     		movs	r1, #0
 222              	.LVL21:
 223              		.loc 1 108 0
 224 00aa 8260     		str	r2, [r0, #8]
 225              		.loc 1 109 0
ARM GAS  /tmp/ccMywM6R.s 			page 5


 226 00ac C360     		str	r3, [r0, #12]
 227              		.loc 1 110 0
 228 00ae 0161     		str	r1, [r0, #16]
 229              		.loc 1 111 0
 230 00b0 5DF8044B 		ldr	r4, [sp], #4
 231              		.cfi_restore 4
 232              		.cfi_def_cfa_offset 0
 233 00b4 7047     		bx	lr
 234              	.L15:
 235 00b6 00BF     		.align	2
 236              	.L14:
 237 00b8 00000000 		.word	.LANCHOR0
 238              		.cfi_endproc
 239              	.LFE11:
 240              		.size	msObjectInit, .-msObjectInit
 241              		.section	.rodata
 242              		.align	2
 243              		.set	.LANCHOR0,. + 0
 244              		.type	vmt, %object
 245              		.size	vmt, 16
 246              	vmt:
 247 0000 00000000 		.word	writes
 248 0004 00000000 		.word	reads
 249 0008 00000000 		.word	put
 250 000c 00000000 		.word	get
 251              		.text
 252              	.Letext0:
 253              		.file 2 "/d_drive/axoloti/platform_linux/lib/gcc/arm-none-eabi/4.9.3/include/stddef.h"
 254              		.file 3 "/d_drive/axoloti/platform_linux/arm-none-eabi/include/machine/_default_types.h"
 255              		.file 4 "/d_drive/axoloti/platform_linux/arm-none-eabi/include/sys/_stdint.h"
 256              		.file 5 "/d_drive/axoloti/platform_linux/../chibios/os/ports/GCC/ARMCMx/chtypes.h"
 257              		.file 6 "/d_drive/axoloti/platform_linux/../chibios/os/various/memstreams.h"
 258              		.section	.debug_info,"",%progbits
 259              	.Ldebug_info0:
 260 0000 B2030000 		.4byte	0x3b2
 261 0004 0400     		.2byte	0x4
 262 0006 00000000 		.4byte	.Ldebug_abbrev0
 263 000a 04       		.byte	0x4
 264 000b 01       		.uleb128 0x1
 265 000c 00000000 		.4byte	.LASF26
 266 0010 01       		.byte	0x1
 267 0011 1B020000 		.4byte	.LASF27
 268 0015 00000000 		.4byte	.Ltext0
 269 0019 BC000000 		.4byte	.Letext0-.Ltext0
 270 001d 00000000 		.4byte	.Ldebug_line0
 271 0021 02       		.uleb128 0x2
 272 0022 04       		.byte	0x4
 273 0023 05       		.byte	0x5
 274 0024 696E7400 		.ascii	"int\000"
 275 0028 03       		.uleb128 0x3
 276 0029 03010000 		.4byte	.LASF2
 277 002d 02       		.byte	0x2
 278 002e D4       		.byte	0xd4
 279 002f 33000000 		.4byte	0x33
 280 0033 04       		.uleb128 0x4
 281 0034 04       		.byte	0x4
 282 0035 07       		.byte	0x7
ARM GAS  /tmp/ccMywM6R.s 			page 6


 283 0036 85010000 		.4byte	.LASF0
 284 003a 04       		.uleb128 0x4
 285 003b 01       		.byte	0x1
 286 003c 06       		.byte	0x6
 287 003d 1B010000 		.4byte	.LASF1
 288 0041 03       		.uleb128 0x3
 289 0042 F9000000 		.4byte	.LASF3
 290 0046 03       		.byte	0x3
 291 0047 1D       		.byte	0x1d
 292 0048 4C000000 		.4byte	0x4c
 293 004c 04       		.uleb128 0x4
 294 004d 01       		.byte	0x1
 295 004e 08       		.byte	0x8
 296 004f 53010000 		.4byte	.LASF4
 297 0053 04       		.uleb128 0x4
 298 0054 02       		.byte	0x2
 299 0055 05       		.byte	0x5
 300 0056 E2010000 		.4byte	.LASF5
 301 005a 04       		.uleb128 0x4
 302 005b 02       		.byte	0x2
 303 005c 07       		.byte	0x7
 304 005d 2D010000 		.4byte	.LASF6
 305 0061 03       		.uleb128 0x3
 306 0062 0A010000 		.4byte	.LASF7
 307 0066 03       		.byte	0x3
 308 0067 3F       		.byte	0x3f
 309 0068 6C000000 		.4byte	0x6c
 310 006c 04       		.uleb128 0x4
 311 006d 04       		.byte	0x4
 312 006e 05       		.byte	0x5
 313 006f FA010000 		.4byte	.LASF8
 314 0073 04       		.uleb128 0x4
 315 0074 04       		.byte	0x4
 316 0075 07       		.byte	0x7
 317 0076 73010000 		.4byte	.LASF9
 318 007a 04       		.uleb128 0x4
 319 007b 08       		.byte	0x8
 320 007c 05       		.byte	0x5
 321 007d C8010000 		.4byte	.LASF10
 322 0081 04       		.uleb128 0x4
 323 0082 08       		.byte	0x8
 324 0083 07       		.byte	0x7
 325 0084 92010000 		.4byte	.LASF11
 326 0088 04       		.uleb128 0x4
 327 0089 04       		.byte	0x4
 328 008a 07       		.byte	0x7
 329 008b BF010000 		.4byte	.LASF12
 330 008f 05       		.uleb128 0x5
 331 0090 04       		.byte	0x4
 332 0091 04       		.uleb128 0x4
 333 0092 01       		.byte	0x1
 334 0093 08       		.byte	0x8
 335 0094 D6010000 		.4byte	.LASF13
 336 0098 03       		.uleb128 0x3
 337 0099 A9010000 		.4byte	.LASF14
 338 009d 04       		.byte	0x4
 339 009e 14       		.byte	0x14
ARM GAS  /tmp/ccMywM6R.s 			page 7


 340 009f 41000000 		.4byte	0x41
 341 00a3 03       		.uleb128 0x3
 342 00a4 B7010000 		.4byte	.LASF15
 343 00a8 04       		.byte	0x4
 344 00a9 1F       		.byte	0x1f
 345 00aa 61000000 		.4byte	0x61
 346 00ae 04       		.uleb128 0x4
 347 00af 01       		.byte	0x1
 348 00b0 02       		.byte	0x2
 349 00b1 15020000 		.4byte	.LASF16
 350 00b5 03       		.uleb128 0x3
 351 00b6 B1010000 		.4byte	.LASF17
 352 00ba 05       		.byte	0x5
 353 00bb 31       		.byte	0x31
 354 00bc A3000000 		.4byte	0xa3
 355 00c0 06       		.uleb128 0x6
 356 00c1 04       		.byte	0x4
 357 00c2 C6000000 		.4byte	0xc6
 358 00c6 07       		.uleb128 0x7
 359 00c7 B5000000 		.4byte	0xb5
 360 00cb D5000000 		.4byte	0xd5
 361 00cf 08       		.uleb128 0x8
 362 00d0 8F000000 		.4byte	0x8f
 363 00d4 00       		.byte	0
 364 00d5 06       		.uleb128 0x6
 365 00d6 04       		.byte	0x4
 366 00d7 98000000 		.4byte	0x98
 367 00db 07       		.uleb128 0x7
 368 00dc 28000000 		.4byte	0x28
 369 00e0 F4000000 		.4byte	0xf4
 370 00e4 08       		.uleb128 0x8
 371 00e5 8F000000 		.4byte	0x8f
 372 00e9 08       		.uleb128 0x8
 373 00ea F4000000 		.4byte	0xf4
 374 00ee 08       		.uleb128 0x8
 375 00ef 28000000 		.4byte	0x28
 376 00f3 00       		.byte	0
 377 00f4 06       		.uleb128 0x6
 378 00f5 04       		.byte	0x4
 379 00f6 FA000000 		.4byte	0xfa
 380 00fa 09       		.uleb128 0x9
 381 00fb 98000000 		.4byte	0x98
 382 00ff 06       		.uleb128 0x6
 383 0100 04       		.byte	0x4
 384 0101 DB000000 		.4byte	0xdb
 385 0105 07       		.uleb128 0x7
 386 0106 28000000 		.4byte	0x28
 387 010a 1E010000 		.4byte	0x11e
 388 010e 08       		.uleb128 0x8
 389 010f 8F000000 		.4byte	0x8f
 390 0113 08       		.uleb128 0x8
 391 0114 D5000000 		.4byte	0xd5
 392 0118 08       		.uleb128 0x8
 393 0119 28000000 		.4byte	0x28
 394 011d 00       		.byte	0
 395 011e 06       		.uleb128 0x6
 396 011f 04       		.byte	0x4
ARM GAS  /tmp/ccMywM6R.s 			page 8


 397 0120 05010000 		.4byte	0x105
 398 0124 07       		.uleb128 0x7
 399 0125 B5000000 		.4byte	0xb5
 400 0129 38010000 		.4byte	0x138
 401 012d 08       		.uleb128 0x8
 402 012e 8F000000 		.4byte	0x8f
 403 0132 08       		.uleb128 0x8
 404 0133 98000000 		.4byte	0x98
 405 0137 00       		.byte	0
 406 0138 06       		.uleb128 0x6
 407 0139 04       		.byte	0x4
 408 013a 24010000 		.4byte	0x124
 409 013e 0A       		.uleb128 0xa
 410 013f 46010000 		.4byte	.LASF28
 411 0143 10       		.byte	0x10
 412 0144 06       		.byte	0x6
 413 0145 3D       		.byte	0x3d
 414 0146 7B010000 		.4byte	0x17b
 415 014a 0B       		.uleb128 0xb
 416 014b 40010000 		.4byte	.LASF18
 417 014f 06       		.byte	0x6
 418 0150 3E       		.byte	0x3e
 419 0151 FF000000 		.4byte	0xff
 420 0155 00       		.byte	0
 421 0156 0B       		.uleb128 0xb
 422 0157 6E010000 		.4byte	.LASF19
 423 015b 06       		.byte	0x6
 424 015c 3E       		.byte	0x3e
 425 015d 1E010000 		.4byte	0x11e
 426 0161 04       		.byte	0x4
 427 0162 0C       		.uleb128 0xc
 428 0163 70757400 		.ascii	"put\000"
 429 0167 06       		.byte	0x6
 430 0168 3E       		.byte	0x3e
 431 0169 38010000 		.4byte	0x138
 432 016d 08       		.byte	0x8
 433 016e 0C       		.uleb128 0xc
 434 016f 67657400 		.ascii	"get\000"
 435 0173 06       		.byte	0x6
 436 0174 3E       		.byte	0x3e
 437 0175 C0000000 		.4byte	0xc0
 438 0179 0C       		.byte	0xc
 439 017a 00       		.byte	0
 440 017b 0D       		.uleb128 0xd
 441 017c 14       		.byte	0x14
 442 017d 06       		.byte	0x6
 443 017e 46       		.byte	0x46
 444 017f C0010000 		.4byte	0x1c0
 445 0183 0C       		.uleb128 0xc
 446 0184 766D7400 		.ascii	"vmt\000"
 447 0188 06       		.byte	0x6
 448 0189 48       		.byte	0x48
 449 018a C0010000 		.4byte	0x1c0
 450 018e 00       		.byte	0
 451 018f 0B       		.uleb128 0xb
 452 0190 EC010000 		.4byte	.LASF20
 453 0194 06       		.byte	0x6
ARM GAS  /tmp/ccMywM6R.s 			page 9


 454 0195 49       		.byte	0x49
 455 0196 D5000000 		.4byte	0xd5
 456 019a 04       		.byte	0x4
 457 019b 0B       		.uleb128 0xb
 458 019c 10020000 		.4byte	.LASF21
 459 01a0 06       		.byte	0x6
 460 01a1 49       		.byte	0x49
 461 01a2 28000000 		.4byte	0x28
 462 01a6 08       		.byte	0x8
 463 01a7 0C       		.uleb128 0xc
 464 01a8 656F7300 		.ascii	"eos\000"
 465 01ac 06       		.byte	0x6
 466 01ad 49       		.byte	0x49
 467 01ae 28000000 		.4byte	0x28
 468 01b2 0C       		.byte	0xc
 469 01b3 0B       		.uleb128 0xb
 470 01b4 DB010000 		.4byte	.LASF22
 471 01b8 06       		.byte	0x6
 472 01b9 49       		.byte	0x49
 473 01ba 28000000 		.4byte	0x28
 474 01be 10       		.byte	0x10
 475 01bf 00       		.byte	0
 476 01c0 06       		.uleb128 0x6
 477 01c1 04       		.byte	0x4
 478 01c2 C6010000 		.4byte	0x1c6
 479 01c6 09       		.uleb128 0x9
 480 01c7 3E010000 		.4byte	0x13e
 481 01cb 03       		.uleb128 0x3
 482 01cc 03020000 		.4byte	.LASF23
 483 01d0 06       		.byte	0x6
 484 01d1 4A       		.byte	0x4a
 485 01d2 7B010000 		.4byte	0x17b
 486 01d6 0E       		.uleb128 0xe
 487 01d7 70757400 		.ascii	"put\000"
 488 01db 01       		.byte	0x1
 489 01dc 42       		.byte	0x42
 490 01dd B5000000 		.4byte	0xb5
 491 01e1 00000000 		.4byte	.LFB9
 492 01e5 1C000000 		.4byte	.LFE9-.LFB9
 493 01e9 01       		.uleb128 0x1
 494 01ea 9C       		.byte	0x9c
 495 01eb 18020000 		.4byte	0x218
 496 01ef 0F       		.uleb128 0xf
 497 01f0 697000   		.ascii	"ip\000"
 498 01f3 01       		.byte	0x1
 499 01f4 42       		.byte	0x42
 500 01f5 8F000000 		.4byte	0x8f
 501 01f9 00000000 		.4byte	.LLST0
 502 01fd 10       		.uleb128 0x10
 503 01fe 6200     		.ascii	"b\000"
 504 0200 01       		.byte	0x1
 505 0201 42       		.byte	0x42
 506 0202 98000000 		.4byte	0x98
 507 0206 01       		.uleb128 0x1
 508 0207 51       		.byte	0x51
 509 0208 11       		.uleb128 0x11
 510 0209 6D737000 		.ascii	"msp\000"
ARM GAS  /tmp/ccMywM6R.s 			page 10


 511 020d 01       		.byte	0x1
 512 020e 43       		.byte	0x43
 513 020f 18020000 		.4byte	0x218
 514 0213 00000000 		.4byte	.LLST0
 515 0217 00       		.byte	0
 516 0218 06       		.uleb128 0x6
 517 0219 04       		.byte	0x4
 518 021a CB010000 		.4byte	0x1cb
 519 021e 0E       		.uleb128 0xe
 520 021f 67657400 		.ascii	"get\000"
 521 0223 01       		.byte	0x1
 522 0224 4C       		.byte	0x4c
 523 0225 B5000000 		.4byte	0xb5
 524 0229 20000000 		.4byte	.LFB10
 525 022d 1A000000 		.4byte	.LFE10-.LFB10
 526 0231 01       		.uleb128 0x1
 527 0232 9C       		.byte	0x9c
 528 0233 62020000 		.4byte	0x262
 529 0237 0F       		.uleb128 0xf
 530 0238 697000   		.ascii	"ip\000"
 531 023b 01       		.byte	0x1
 532 023c 4C       		.byte	0x4c
 533 023d 8F000000 		.4byte	0x8f
 534 0241 3A000000 		.4byte	.LLST2
 535 0245 11       		.uleb128 0x11
 536 0246 6200     		.ascii	"b\000"
 537 0248 01       		.byte	0x1
 538 0249 4D       		.byte	0x4d
 539 024a 98000000 		.4byte	0x98
 540 024e 6E000000 		.4byte	.LLST3
 541 0252 11       		.uleb128 0x11
 542 0253 6D737000 		.ascii	"msp\000"
 543 0257 01       		.byte	0x1
 544 0258 4E       		.byte	0x4e
 545 0259 18020000 		.4byte	0x218
 546 025d 81000000 		.4byte	.LLST4
 547 0261 00       		.byte	0
 548 0262 12       		.uleb128 0x12
 549 0263 27010000 		.4byte	.LASF24
 550 0267 01       		.byte	0x1
 551 0268 38       		.byte	0x38
 552 0269 28000000 		.4byte	0x28
 553 026d 40000000 		.4byte	.LFB8
 554 0271 26000000 		.4byte	.LFE8-.LFB8
 555 0275 01       		.uleb128 0x1
 556 0276 9C       		.byte	0x9c
 557 0277 CB020000 		.4byte	0x2cb
 558 027b 0F       		.uleb128 0xf
 559 027c 697000   		.ascii	"ip\000"
 560 027f 01       		.byte	0x1
 561 0280 38       		.byte	0x38
 562 0281 8F000000 		.4byte	0x8f
 563 0285 B5000000 		.4byte	.LLST5
 564 0289 0F       		.uleb128 0xf
 565 028a 627000   		.ascii	"bp\000"
 566 028d 01       		.byte	0x1
 567 028e 38       		.byte	0x38
ARM GAS  /tmp/ccMywM6R.s 			page 11


 568 028f D5000000 		.4byte	0xd5
 569 0293 D3000000 		.4byte	.LLST6
 570 0297 0F       		.uleb128 0xf
 571 0298 6E00     		.ascii	"n\000"
 572 029a 01       		.byte	0x1
 573 029b 38       		.byte	0x38
 574 029c 28000000 		.4byte	0x28
 575 02a0 FF000000 		.4byte	.LLST7
 576 02a4 11       		.uleb128 0x11
 577 02a5 6D737000 		.ascii	"msp\000"
 578 02a9 01       		.byte	0x1
 579 02aa 39       		.byte	0x39
 580 02ab 18020000 		.4byte	0x218
 581 02af 1D010000 		.4byte	.LLST8
 582 02b3 13       		.uleb128 0x13
 583 02b4 5C000000 		.4byte	.LVL14
 584 02b8 91030000 		.4byte	0x391
 585 02bc 14       		.uleb128 0x14
 586 02bd 01       		.uleb128 0x1
 587 02be 52       		.byte	0x52
 588 02bf 02       		.uleb128 0x2
 589 02c0 74       		.byte	0x74
 590 02c1 00       		.sleb128 0
 591 02c2 14       		.uleb128 0x14
 592 02c3 01       		.uleb128 0x1
 593 02c4 50       		.byte	0x50
 594 02c5 03       		.uleb128 0x3
 595 02c6 F3       		.byte	0xf3
 596 02c7 01       		.uleb128 0x1
 597 02c8 51       		.byte	0x51
 598 02c9 00       		.byte	0
 599 02ca 00       		.byte	0
 600 02cb 12       		.uleb128 0x12
 601 02cc 14010000 		.4byte	.LASF25
 602 02d0 01       		.byte	0x1
 603 02d1 2E       		.byte	0x2e
 604 02d2 28000000 		.4byte	0x28
 605 02d6 70000000 		.4byte	.LFB7
 606 02da 24000000 		.4byte	.LFE7-.LFB7
 607 02de 01       		.uleb128 0x1
 608 02df 9C       		.byte	0x9c
 609 02e0 34030000 		.4byte	0x334
 610 02e4 0F       		.uleb128 0xf
 611 02e5 697000   		.ascii	"ip\000"
 612 02e8 01       		.byte	0x1
 613 02e9 2E       		.byte	0x2e
 614 02ea 8F000000 		.4byte	0x8f
 615 02ee 3B010000 		.4byte	.LLST9
 616 02f2 0F       		.uleb128 0xf
 617 02f3 627000   		.ascii	"bp\000"
 618 02f6 01       		.byte	0x1
 619 02f7 2E       		.byte	0x2e
 620 02f8 F4000000 		.4byte	0xf4
 621 02fc 59010000 		.4byte	.LLST10
 622 0300 0F       		.uleb128 0xf
 623 0301 6E00     		.ascii	"n\000"
 624 0303 01       		.byte	0x1
ARM GAS  /tmp/ccMywM6R.s 			page 12


 625 0304 2E       		.byte	0x2e
 626 0305 28000000 		.4byte	0x28
 627 0309 7A010000 		.4byte	.LLST11
 628 030d 11       		.uleb128 0x11
 629 030e 6D737000 		.ascii	"msp\000"
 630 0312 01       		.byte	0x1
 631 0313 2F       		.byte	0x2f
 632 0314 18020000 		.4byte	0x218
 633 0318 98010000 		.4byte	.LLST12
 634 031c 13       		.uleb128 0x13
 635 031d 8A000000 		.4byte	.LVL19
 636 0321 91030000 		.4byte	0x391
 637 0325 14       		.uleb128 0x14
 638 0326 01       		.uleb128 0x1
 639 0327 52       		.byte	0x52
 640 0328 02       		.uleb128 0x2
 641 0329 74       		.byte	0x74
 642 032a 00       		.sleb128 0
 643 032b 14       		.uleb128 0x14
 644 032c 01       		.uleb128 0x1
 645 032d 51       		.byte	0x51
 646 032e 03       		.uleb128 0x3
 647 032f F3       		.byte	0xf3
 648 0330 01       		.uleb128 0x1
 649 0331 51       		.byte	0x51
 650 0332 00       		.byte	0
 651 0333 00       		.byte	0
 652 0334 15       		.uleb128 0x15
 653 0335 61010000 		.4byte	.LASF29
 654 0339 01       		.byte	0x1
 655 033a 67       		.byte	0x67
 656 033b A0000000 		.4byte	.LFB11
 657 033f 1C000000 		.4byte	.LFE11-.LFB11
 658 0343 01       		.uleb128 0x1
 659 0344 9C       		.byte	0x9c
 660 0345 80030000 		.4byte	0x380
 661 0349 10       		.uleb128 0x10
 662 034a 6D737000 		.ascii	"msp\000"
 663 034e 01       		.byte	0x1
 664 034f 67       		.byte	0x67
 665 0350 18020000 		.4byte	0x218
 666 0354 01       		.uleb128 0x1
 667 0355 50       		.byte	0x50
 668 0356 16       		.uleb128 0x16
 669 0357 EC010000 		.4byte	.LASF20
 670 035b 01       		.byte	0x1
 671 035c 67       		.byte	0x67
 672 035d D5000000 		.4byte	0xd5
 673 0361 B6010000 		.4byte	.LLST13
 674 0365 17       		.uleb128 0x17
 675 0366 10020000 		.4byte	.LASF21
 676 036a 01       		.byte	0x1
 677 036b 68       		.byte	0x68
 678 036c 28000000 		.4byte	0x28
 679 0370 01       		.uleb128 0x1
 680 0371 52       		.byte	0x52
 681 0372 10       		.uleb128 0x10
ARM GAS  /tmp/ccMywM6R.s 			page 13


 682 0373 656F7300 		.ascii	"eos\000"
 683 0377 01       		.byte	0x1
 684 0378 68       		.byte	0x68
 685 0379 28000000 		.4byte	0x28
 686 037d 01       		.uleb128 0x1
 687 037e 53       		.byte	0x53
 688 037f 00       		.byte	0
 689 0380 18       		.uleb128 0x18
 690 0381 766D7400 		.ascii	"vmt\000"
 691 0385 01       		.byte	0x1
 692 0386 57       		.byte	0x57
 693 0387 C6010000 		.4byte	0x1c6
 694 038b 05       		.uleb128 0x5
 695 038c 03       		.byte	0x3
 696 038d 00000000 		.4byte	vmt
 697 0391 19       		.uleb128 0x19
 698 0392 F3010000 		.4byte	.LASF30
 699 0396 8F000000 		.4byte	0x8f
 700 039a AE030000 		.4byte	0x3ae
 701 039e 08       		.uleb128 0x8
 702 039f 8F000000 		.4byte	0x8f
 703 03a3 08       		.uleb128 0x8
 704 03a4 AE030000 		.4byte	0x3ae
 705 03a8 08       		.uleb128 0x8
 706 03a9 88000000 		.4byte	0x88
 707 03ad 00       		.byte	0
 708 03ae 06       		.uleb128 0x6
 709 03af 04       		.byte	0x4
 710 03b0 B4030000 		.4byte	0x3b4
 711 03b4 1A       		.uleb128 0x1a
 712 03b5 00       		.byte	0
 713              		.section	.debug_abbrev,"",%progbits
 714              	.Ldebug_abbrev0:
 715 0000 01       		.uleb128 0x1
 716 0001 11       		.uleb128 0x11
 717 0002 01       		.byte	0x1
 718 0003 25       		.uleb128 0x25
 719 0004 0E       		.uleb128 0xe
 720 0005 13       		.uleb128 0x13
 721 0006 0B       		.uleb128 0xb
 722 0007 03       		.uleb128 0x3
 723 0008 0E       		.uleb128 0xe
 724 0009 11       		.uleb128 0x11
 725 000a 01       		.uleb128 0x1
 726 000b 12       		.uleb128 0x12
 727 000c 06       		.uleb128 0x6
 728 000d 10       		.uleb128 0x10
 729 000e 17       		.uleb128 0x17
 730 000f 00       		.byte	0
 731 0010 00       		.byte	0
 732 0011 02       		.uleb128 0x2
 733 0012 24       		.uleb128 0x24
 734 0013 00       		.byte	0
 735 0014 0B       		.uleb128 0xb
 736 0015 0B       		.uleb128 0xb
 737 0016 3E       		.uleb128 0x3e
 738 0017 0B       		.uleb128 0xb
ARM GAS  /tmp/ccMywM6R.s 			page 14


 739 0018 03       		.uleb128 0x3
 740 0019 08       		.uleb128 0x8
 741 001a 00       		.byte	0
 742 001b 00       		.byte	0
 743 001c 03       		.uleb128 0x3
 744 001d 16       		.uleb128 0x16
 745 001e 00       		.byte	0
 746 001f 03       		.uleb128 0x3
 747 0020 0E       		.uleb128 0xe
 748 0021 3A       		.uleb128 0x3a
 749 0022 0B       		.uleb128 0xb
 750 0023 3B       		.uleb128 0x3b
 751 0024 0B       		.uleb128 0xb
 752 0025 49       		.uleb128 0x49
 753 0026 13       		.uleb128 0x13
 754 0027 00       		.byte	0
 755 0028 00       		.byte	0
 756 0029 04       		.uleb128 0x4
 757 002a 24       		.uleb128 0x24
 758 002b 00       		.byte	0
 759 002c 0B       		.uleb128 0xb
 760 002d 0B       		.uleb128 0xb
 761 002e 3E       		.uleb128 0x3e
 762 002f 0B       		.uleb128 0xb
 763 0030 03       		.uleb128 0x3
 764 0031 0E       		.uleb128 0xe
 765 0032 00       		.byte	0
 766 0033 00       		.byte	0
 767 0034 05       		.uleb128 0x5
 768 0035 0F       		.uleb128 0xf
 769 0036 00       		.byte	0
 770 0037 0B       		.uleb128 0xb
 771 0038 0B       		.uleb128 0xb
 772 0039 00       		.byte	0
 773 003a 00       		.byte	0
 774 003b 06       		.uleb128 0x6
 775 003c 0F       		.uleb128 0xf
 776 003d 00       		.byte	0
 777 003e 0B       		.uleb128 0xb
 778 003f 0B       		.uleb128 0xb
 779 0040 49       		.uleb128 0x49
 780 0041 13       		.uleb128 0x13
 781 0042 00       		.byte	0
 782 0043 00       		.byte	0
 783 0044 07       		.uleb128 0x7
 784 0045 15       		.uleb128 0x15
 785 0046 01       		.byte	0x1
 786 0047 27       		.uleb128 0x27
 787 0048 19       		.uleb128 0x19
 788 0049 49       		.uleb128 0x49
 789 004a 13       		.uleb128 0x13
 790 004b 01       		.uleb128 0x1
 791 004c 13       		.uleb128 0x13
 792 004d 00       		.byte	0
 793 004e 00       		.byte	0
 794 004f 08       		.uleb128 0x8
 795 0050 05       		.uleb128 0x5
ARM GAS  /tmp/ccMywM6R.s 			page 15


 796 0051 00       		.byte	0
 797 0052 49       		.uleb128 0x49
 798 0053 13       		.uleb128 0x13
 799 0054 00       		.byte	0
 800 0055 00       		.byte	0
 801 0056 09       		.uleb128 0x9
 802 0057 26       		.uleb128 0x26
 803 0058 00       		.byte	0
 804 0059 49       		.uleb128 0x49
 805 005a 13       		.uleb128 0x13
 806 005b 00       		.byte	0
 807 005c 00       		.byte	0
 808 005d 0A       		.uleb128 0xa
 809 005e 13       		.uleb128 0x13
 810 005f 01       		.byte	0x1
 811 0060 03       		.uleb128 0x3
 812 0061 0E       		.uleb128 0xe
 813 0062 0B       		.uleb128 0xb
 814 0063 0B       		.uleb128 0xb
 815 0064 3A       		.uleb128 0x3a
 816 0065 0B       		.uleb128 0xb
 817 0066 3B       		.uleb128 0x3b
 818 0067 0B       		.uleb128 0xb
 819 0068 01       		.uleb128 0x1
 820 0069 13       		.uleb128 0x13
 821 006a 00       		.byte	0
 822 006b 00       		.byte	0
 823 006c 0B       		.uleb128 0xb
 824 006d 0D       		.uleb128 0xd
 825 006e 00       		.byte	0
 826 006f 03       		.uleb128 0x3
 827 0070 0E       		.uleb128 0xe
 828 0071 3A       		.uleb128 0x3a
 829 0072 0B       		.uleb128 0xb
 830 0073 3B       		.uleb128 0x3b
 831 0074 0B       		.uleb128 0xb
 832 0075 49       		.uleb128 0x49
 833 0076 13       		.uleb128 0x13
 834 0077 38       		.uleb128 0x38
 835 0078 0B       		.uleb128 0xb
 836 0079 00       		.byte	0
 837 007a 00       		.byte	0
 838 007b 0C       		.uleb128 0xc
 839 007c 0D       		.uleb128 0xd
 840 007d 00       		.byte	0
 841 007e 03       		.uleb128 0x3
 842 007f 08       		.uleb128 0x8
 843 0080 3A       		.uleb128 0x3a
 844 0081 0B       		.uleb128 0xb
 845 0082 3B       		.uleb128 0x3b
 846 0083 0B       		.uleb128 0xb
 847 0084 49       		.uleb128 0x49
 848 0085 13       		.uleb128 0x13
 849 0086 38       		.uleb128 0x38
 850 0087 0B       		.uleb128 0xb
 851 0088 00       		.byte	0
 852 0089 00       		.byte	0
ARM GAS  /tmp/ccMywM6R.s 			page 16


 853 008a 0D       		.uleb128 0xd
 854 008b 13       		.uleb128 0x13
 855 008c 01       		.byte	0x1
 856 008d 0B       		.uleb128 0xb
 857 008e 0B       		.uleb128 0xb
 858 008f 3A       		.uleb128 0x3a
 859 0090 0B       		.uleb128 0xb
 860 0091 3B       		.uleb128 0x3b
 861 0092 0B       		.uleb128 0xb
 862 0093 01       		.uleb128 0x1
 863 0094 13       		.uleb128 0x13
 864 0095 00       		.byte	0
 865 0096 00       		.byte	0
 866 0097 0E       		.uleb128 0xe
 867 0098 2E       		.uleb128 0x2e
 868 0099 01       		.byte	0x1
 869 009a 03       		.uleb128 0x3
 870 009b 08       		.uleb128 0x8
 871 009c 3A       		.uleb128 0x3a
 872 009d 0B       		.uleb128 0xb
 873 009e 3B       		.uleb128 0x3b
 874 009f 0B       		.uleb128 0xb
 875 00a0 27       		.uleb128 0x27
 876 00a1 19       		.uleb128 0x19
 877 00a2 49       		.uleb128 0x49
 878 00a3 13       		.uleb128 0x13
 879 00a4 11       		.uleb128 0x11
 880 00a5 01       		.uleb128 0x1
 881 00a6 12       		.uleb128 0x12
 882 00a7 06       		.uleb128 0x6
 883 00a8 40       		.uleb128 0x40
 884 00a9 18       		.uleb128 0x18
 885 00aa 9742     		.uleb128 0x2117
 886 00ac 19       		.uleb128 0x19
 887 00ad 01       		.uleb128 0x1
 888 00ae 13       		.uleb128 0x13
 889 00af 00       		.byte	0
 890 00b0 00       		.byte	0
 891 00b1 0F       		.uleb128 0xf
 892 00b2 05       		.uleb128 0x5
 893 00b3 00       		.byte	0
 894 00b4 03       		.uleb128 0x3
 895 00b5 08       		.uleb128 0x8
 896 00b6 3A       		.uleb128 0x3a
 897 00b7 0B       		.uleb128 0xb
 898 00b8 3B       		.uleb128 0x3b
 899 00b9 0B       		.uleb128 0xb
 900 00ba 49       		.uleb128 0x49
 901 00bb 13       		.uleb128 0x13
 902 00bc 02       		.uleb128 0x2
 903 00bd 17       		.uleb128 0x17
 904 00be 00       		.byte	0
 905 00bf 00       		.byte	0
 906 00c0 10       		.uleb128 0x10
 907 00c1 05       		.uleb128 0x5
 908 00c2 00       		.byte	0
 909 00c3 03       		.uleb128 0x3
ARM GAS  /tmp/ccMywM6R.s 			page 17


 910 00c4 08       		.uleb128 0x8
 911 00c5 3A       		.uleb128 0x3a
 912 00c6 0B       		.uleb128 0xb
 913 00c7 3B       		.uleb128 0x3b
 914 00c8 0B       		.uleb128 0xb
 915 00c9 49       		.uleb128 0x49
 916 00ca 13       		.uleb128 0x13
 917 00cb 02       		.uleb128 0x2
 918 00cc 18       		.uleb128 0x18
 919 00cd 00       		.byte	0
 920 00ce 00       		.byte	0
 921 00cf 11       		.uleb128 0x11
 922 00d0 34       		.uleb128 0x34
 923 00d1 00       		.byte	0
 924 00d2 03       		.uleb128 0x3
 925 00d3 08       		.uleb128 0x8
 926 00d4 3A       		.uleb128 0x3a
 927 00d5 0B       		.uleb128 0xb
 928 00d6 3B       		.uleb128 0x3b
 929 00d7 0B       		.uleb128 0xb
 930 00d8 49       		.uleb128 0x49
 931 00d9 13       		.uleb128 0x13
 932 00da 02       		.uleb128 0x2
 933 00db 17       		.uleb128 0x17
 934 00dc 00       		.byte	0
 935 00dd 00       		.byte	0
 936 00de 12       		.uleb128 0x12
 937 00df 2E       		.uleb128 0x2e
 938 00e0 01       		.byte	0x1
 939 00e1 03       		.uleb128 0x3
 940 00e2 0E       		.uleb128 0xe
 941 00e3 3A       		.uleb128 0x3a
 942 00e4 0B       		.uleb128 0xb
 943 00e5 3B       		.uleb128 0x3b
 944 00e6 0B       		.uleb128 0xb
 945 00e7 27       		.uleb128 0x27
 946 00e8 19       		.uleb128 0x19
 947 00e9 49       		.uleb128 0x49
 948 00ea 13       		.uleb128 0x13
 949 00eb 11       		.uleb128 0x11
 950 00ec 01       		.uleb128 0x1
 951 00ed 12       		.uleb128 0x12
 952 00ee 06       		.uleb128 0x6
 953 00ef 40       		.uleb128 0x40
 954 00f0 18       		.uleb128 0x18
 955 00f1 9742     		.uleb128 0x2117
 956 00f3 19       		.uleb128 0x19
 957 00f4 01       		.uleb128 0x1
 958 00f5 13       		.uleb128 0x13
 959 00f6 00       		.byte	0
 960 00f7 00       		.byte	0
 961 00f8 13       		.uleb128 0x13
 962 00f9 898201   		.uleb128 0x4109
 963 00fc 01       		.byte	0x1
 964 00fd 11       		.uleb128 0x11
 965 00fe 01       		.uleb128 0x1
 966 00ff 31       		.uleb128 0x31
ARM GAS  /tmp/ccMywM6R.s 			page 18


 967 0100 13       		.uleb128 0x13
 968 0101 00       		.byte	0
 969 0102 00       		.byte	0
 970 0103 14       		.uleb128 0x14
 971 0104 8A8201   		.uleb128 0x410a
 972 0107 00       		.byte	0
 973 0108 02       		.uleb128 0x2
 974 0109 18       		.uleb128 0x18
 975 010a 9142     		.uleb128 0x2111
 976 010c 18       		.uleb128 0x18
 977 010d 00       		.byte	0
 978 010e 00       		.byte	0
 979 010f 15       		.uleb128 0x15
 980 0110 2E       		.uleb128 0x2e
 981 0111 01       		.byte	0x1
 982 0112 3F       		.uleb128 0x3f
 983 0113 19       		.uleb128 0x19
 984 0114 03       		.uleb128 0x3
 985 0115 0E       		.uleb128 0xe
 986 0116 3A       		.uleb128 0x3a
 987 0117 0B       		.uleb128 0xb
 988 0118 3B       		.uleb128 0x3b
 989 0119 0B       		.uleb128 0xb
 990 011a 27       		.uleb128 0x27
 991 011b 19       		.uleb128 0x19
 992 011c 11       		.uleb128 0x11
 993 011d 01       		.uleb128 0x1
 994 011e 12       		.uleb128 0x12
 995 011f 06       		.uleb128 0x6
 996 0120 40       		.uleb128 0x40
 997 0121 18       		.uleb128 0x18
 998 0122 9742     		.uleb128 0x2117
 999 0124 19       		.uleb128 0x19
 1000 0125 01       		.uleb128 0x1
 1001 0126 13       		.uleb128 0x13
 1002 0127 00       		.byte	0
 1003 0128 00       		.byte	0
 1004 0129 16       		.uleb128 0x16
 1005 012a 05       		.uleb128 0x5
 1006 012b 00       		.byte	0
 1007 012c 03       		.uleb128 0x3
 1008 012d 0E       		.uleb128 0xe
 1009 012e 3A       		.uleb128 0x3a
 1010 012f 0B       		.uleb128 0xb
 1011 0130 3B       		.uleb128 0x3b
 1012 0131 0B       		.uleb128 0xb
 1013 0132 49       		.uleb128 0x49
 1014 0133 13       		.uleb128 0x13
 1015 0134 02       		.uleb128 0x2
 1016 0135 17       		.uleb128 0x17
 1017 0136 00       		.byte	0
 1018 0137 00       		.byte	0
 1019 0138 17       		.uleb128 0x17
 1020 0139 05       		.uleb128 0x5
 1021 013a 00       		.byte	0
 1022 013b 03       		.uleb128 0x3
 1023 013c 0E       		.uleb128 0xe
ARM GAS  /tmp/ccMywM6R.s 			page 19


 1024 013d 3A       		.uleb128 0x3a
 1025 013e 0B       		.uleb128 0xb
 1026 013f 3B       		.uleb128 0x3b
 1027 0140 0B       		.uleb128 0xb
 1028 0141 49       		.uleb128 0x49
 1029 0142 13       		.uleb128 0x13
 1030 0143 02       		.uleb128 0x2
 1031 0144 18       		.uleb128 0x18
 1032 0145 00       		.byte	0
 1033 0146 00       		.byte	0
 1034 0147 18       		.uleb128 0x18
 1035 0148 34       		.uleb128 0x34
 1036 0149 00       		.byte	0
 1037 014a 03       		.uleb128 0x3
 1038 014b 08       		.uleb128 0x8
 1039 014c 3A       		.uleb128 0x3a
 1040 014d 0B       		.uleb128 0xb
 1041 014e 3B       		.uleb128 0x3b
 1042 014f 0B       		.uleb128 0xb
 1043 0150 49       		.uleb128 0x49
 1044 0151 13       		.uleb128 0x13
 1045 0152 02       		.uleb128 0x2
 1046 0153 18       		.uleb128 0x18
 1047 0154 00       		.byte	0
 1048 0155 00       		.byte	0
 1049 0156 19       		.uleb128 0x19
 1050 0157 2E       		.uleb128 0x2e
 1051 0158 01       		.byte	0x1
 1052 0159 3F       		.uleb128 0x3f
 1053 015a 19       		.uleb128 0x19
 1054 015b 03       		.uleb128 0x3
 1055 015c 0E       		.uleb128 0xe
 1056 015d 27       		.uleb128 0x27
 1057 015e 19       		.uleb128 0x19
 1058 015f 49       		.uleb128 0x49
 1059 0160 13       		.uleb128 0x13
 1060 0161 34       		.uleb128 0x34
 1061 0162 19       		.uleb128 0x19
 1062 0163 3C       		.uleb128 0x3c
 1063 0164 19       		.uleb128 0x19
 1064 0165 01       		.uleb128 0x1
 1065 0166 13       		.uleb128 0x13
 1066 0167 00       		.byte	0
 1067 0168 00       		.byte	0
 1068 0169 1A       		.uleb128 0x1a
 1069 016a 26       		.uleb128 0x26
 1070 016b 00       		.byte	0
 1071 016c 00       		.byte	0
 1072 016d 00       		.byte	0
 1073 016e 00       		.byte	0
 1074              		.section	.debug_loc,"",%progbits
 1075              	.Ldebug_loc0:
 1076              	.LLST0:
 1077 0000 00000000 		.4byte	.LVL0-.Ltext0
 1078 0004 14000000 		.4byte	.LVL1-.Ltext0
 1079 0008 0100     		.2byte	0x1
 1080 000a 50       		.byte	0x50
ARM GAS  /tmp/ccMywM6R.s 			page 20


 1081 000b 14000000 		.4byte	.LVL1-.Ltext0
 1082 000f 16000000 		.4byte	.LVL2-.Ltext0
 1083 0013 0400     		.2byte	0x4
 1084 0015 F3       		.byte	0xf3
 1085 0016 01       		.uleb128 0x1
 1086 0017 50       		.byte	0x50
 1087 0018 9F       		.byte	0x9f
 1088 0019 16000000 		.4byte	.LVL2-.Ltext0
 1089 001d 1A000000 		.4byte	.LVL3-.Ltext0
 1090 0021 0100     		.2byte	0x1
 1091 0023 50       		.byte	0x50
 1092 0024 1A000000 		.4byte	.LVL3-.Ltext0
 1093 0028 1C000000 		.4byte	.LFE9-.Ltext0
 1094 002c 0400     		.2byte	0x4
 1095 002e F3       		.byte	0xf3
 1096 002f 01       		.uleb128 0x1
 1097 0030 50       		.byte	0x50
 1098 0031 9F       		.byte	0x9f
 1099 0032 00000000 		.4byte	0
 1100 0036 00000000 		.4byte	0
 1101              	.LLST2:
 1102 003a 20000000 		.4byte	.LVL4-.Ltext0
 1103 003e 2E000000 		.4byte	.LVL6-.Ltext0
 1104 0042 0100     		.2byte	0x1
 1105 0044 50       		.byte	0x50
 1106 0045 2E000000 		.4byte	.LVL6-.Ltext0
 1107 0049 34000000 		.4byte	.LVL7-.Ltext0
 1108 004d 0100     		.2byte	0x1
 1109 004f 52       		.byte	0x52
 1110 0050 34000000 		.4byte	.LVL7-.Ltext0
 1111 0054 38000000 		.4byte	.LVL8-.Ltext0
 1112 0058 0100     		.2byte	0x1
 1113 005a 50       		.byte	0x50
 1114 005b 38000000 		.4byte	.LVL8-.Ltext0
 1115 005f 3A000000 		.4byte	.LFE10-.Ltext0
 1116 0063 0100     		.2byte	0x1
 1117 0065 52       		.byte	0x52
 1118 0066 00000000 		.4byte	0
 1119 006a 00000000 		.4byte	0
 1120              	.LLST3:
 1121 006e 2E000000 		.4byte	.LVL6-.Ltext0
 1122 0072 34000000 		.4byte	.LVL7-.Ltext0
 1123 0076 0100     		.2byte	0x1
 1124 0078 50       		.byte	0x50
 1125 0079 00000000 		.4byte	0
 1126 007d 00000000 		.4byte	0
 1127              	.LLST4:
 1128 0081 28000000 		.4byte	.LVL5-.Ltext0
 1129 0085 2E000000 		.4byte	.LVL6-.Ltext0
 1130 0089 0100     		.2byte	0x1
 1131 008b 50       		.byte	0x50
 1132 008c 2E000000 		.4byte	.LVL6-.Ltext0
 1133 0090 34000000 		.4byte	.LVL7-.Ltext0
 1134 0094 0100     		.2byte	0x1
 1135 0096 52       		.byte	0x52
 1136 0097 34000000 		.4byte	.LVL7-.Ltext0
 1137 009b 38000000 		.4byte	.LVL8-.Ltext0
ARM GAS  /tmp/ccMywM6R.s 			page 21


 1138 009f 0100     		.2byte	0x1
 1139 00a1 50       		.byte	0x50
 1140 00a2 38000000 		.4byte	.LVL8-.Ltext0
 1141 00a6 3A000000 		.4byte	.LFE10-.Ltext0
 1142 00aa 0100     		.2byte	0x1
 1143 00ac 52       		.byte	0x52
 1144 00ad 00000000 		.4byte	0
 1145 00b1 00000000 		.4byte	0
 1146              	.LLST5:
 1147 00b5 40000000 		.4byte	.LVL9-.Ltext0
 1148 00b9 46000000 		.4byte	.LVL11-.Ltext0
 1149 00bd 0100     		.2byte	0x1
 1150 00bf 50       		.byte	0x50
 1151 00c0 46000000 		.4byte	.LVL11-.Ltext0
 1152 00c4 66000000 		.4byte	.LFE8-.Ltext0
 1153 00c8 0100     		.2byte	0x1
 1154 00ca 55       		.byte	0x55
 1155 00cb 00000000 		.4byte	0
 1156 00cf 00000000 		.4byte	0
 1157              	.LLST6:
 1158 00d3 40000000 		.4byte	.LVL9-.Ltext0
 1159 00d7 4C000000 		.4byte	.LVL12-.Ltext0
 1160 00db 0100     		.2byte	0x1
 1161 00dd 51       		.byte	0x51
 1162 00de 4C000000 		.4byte	.LVL12-.Ltext0
 1163 00e2 5B000000 		.4byte	.LVL14-1-.Ltext0
 1164 00e6 0100     		.2byte	0x1
 1165 00e8 50       		.byte	0x50
 1166 00e9 5B000000 		.4byte	.LVL14-1-.Ltext0
 1167 00ed 66000000 		.4byte	.LFE8-.Ltext0
 1168 00f1 0400     		.2byte	0x4
 1169 00f3 F3       		.byte	0xf3
 1170 00f4 01       		.uleb128 0x1
 1171 00f5 51       		.byte	0x51
 1172 00f6 9F       		.byte	0x9f
 1173 00f7 00000000 		.4byte	0
 1174 00fb 00000000 		.4byte	0
 1175              	.LLST7:
 1176 00ff 40000000 		.4byte	.LVL9-.Ltext0
 1177 0103 54000000 		.4byte	.LVL13-.Ltext0
 1178 0107 0100     		.2byte	0x1
 1179 0109 52       		.byte	0x52
 1180 010a 54000000 		.4byte	.LVL13-.Ltext0
 1181 010e 66000000 		.4byte	.LFE8-.Ltext0
 1182 0112 0100     		.2byte	0x1
 1183 0114 54       		.byte	0x54
 1184 0115 00000000 		.4byte	0
 1185 0119 00000000 		.4byte	0
 1186              	.LLST8:
 1187 011d 44000000 		.4byte	.LVL10-.Ltext0
 1188 0121 46000000 		.4byte	.LVL11-.Ltext0
 1189 0125 0100     		.2byte	0x1
 1190 0127 50       		.byte	0x50
 1191 0128 46000000 		.4byte	.LVL11-.Ltext0
 1192 012c 66000000 		.4byte	.LFE8-.Ltext0
 1193 0130 0100     		.2byte	0x1
 1194 0132 55       		.byte	0x55
ARM GAS  /tmp/ccMywM6R.s 			page 22


 1195 0133 00000000 		.4byte	0
 1196 0137 00000000 		.4byte	0
 1197              	.LLST9:
 1198 013b 70000000 		.4byte	.LVL15-.Ltext0
 1199 013f 7E000000 		.4byte	.LVL17-.Ltext0
 1200 0143 0100     		.2byte	0x1
 1201 0145 50       		.byte	0x50
 1202 0146 7E000000 		.4byte	.LVL17-.Ltext0
 1203 014a 94000000 		.4byte	.LFE7-.Ltext0
 1204 014e 0100     		.2byte	0x1
 1205 0150 55       		.byte	0x55
 1206 0151 00000000 		.4byte	0
 1207 0155 00000000 		.4byte	0
 1208              	.LLST10:
 1209 0159 70000000 		.4byte	.LVL15-.Ltext0
 1210 015d 89000000 		.4byte	.LVL19-1-.Ltext0
 1211 0161 0100     		.2byte	0x1
 1212 0163 51       		.byte	0x51
 1213 0164 89000000 		.4byte	.LVL19-1-.Ltext0
 1214 0168 94000000 		.4byte	.LFE7-.Ltext0
 1215 016c 0400     		.2byte	0x4
 1216 016e F3       		.byte	0xf3
 1217 016f 01       		.uleb128 0x1
 1218 0170 51       		.byte	0x51
 1219 0171 9F       		.byte	0x9f
 1220 0172 00000000 		.4byte	0
 1221 0176 00000000 		.4byte	0
 1222              	.LLST11:
 1223 017a 70000000 		.4byte	.LVL15-.Ltext0
 1224 017e 82000000 		.4byte	.LVL18-.Ltext0
 1225 0182 0100     		.2byte	0x1
 1226 0184 52       		.byte	0x52
 1227 0185 82000000 		.4byte	.LVL18-.Ltext0
 1228 0189 94000000 		.4byte	.LFE7-.Ltext0
 1229 018d 0100     		.2byte	0x1
 1230 018f 54       		.byte	0x54
 1231 0190 00000000 		.4byte	0
 1232 0194 00000000 		.4byte	0
 1233              	.LLST12:
 1234 0198 7A000000 		.4byte	.LVL16-.Ltext0
 1235 019c 7E000000 		.4byte	.LVL17-.Ltext0
 1236 01a0 0100     		.2byte	0x1
 1237 01a2 50       		.byte	0x50
 1238 01a3 7E000000 		.4byte	.LVL17-.Ltext0
 1239 01a7 94000000 		.4byte	.LFE7-.Ltext0
 1240 01ab 0100     		.2byte	0x1
 1241 01ad 55       		.byte	0x55
 1242 01ae 00000000 		.4byte	0
 1243 01b2 00000000 		.4byte	0
 1244              	.LLST13:
 1245 01b6 A0000000 		.4byte	.LVL20-.Ltext0
 1246 01ba AA000000 		.4byte	.LVL21-.Ltext0
 1247 01be 0100     		.2byte	0x1
 1248 01c0 51       		.byte	0x51
 1249 01c1 AA000000 		.4byte	.LVL21-.Ltext0
 1250 01c5 BC000000 		.4byte	.LFE11-.Ltext0
 1251 01c9 0200     		.2byte	0x2
ARM GAS  /tmp/ccMywM6R.s 			page 23


 1252 01cb 70       		.byte	0x70
 1253 01cc 04       		.sleb128 4
 1254 01cd 00000000 		.4byte	0
 1255 01d1 00000000 		.4byte	0
 1256              		.section	.debug_aranges,"",%progbits
 1257 0000 1C000000 		.4byte	0x1c
 1258 0004 0200     		.2byte	0x2
 1259 0006 00000000 		.4byte	.Ldebug_info0
 1260 000a 04       		.byte	0x4
 1261 000b 00       		.byte	0
 1262 000c 0000     		.2byte	0
 1263 000e 0000     		.2byte	0
 1264 0010 00000000 		.4byte	.Ltext0
 1265 0014 BC000000 		.4byte	.Letext0-.Ltext0
 1266 0018 00000000 		.4byte	0
 1267 001c 00000000 		.4byte	0
 1268              		.section	.debug_line,"",%progbits
 1269              	.Ldebug_line0:
 1270 0000 E0010000 		.section	.debug_str,"MS",%progbits,1
 1270      02009E01 
 1270      00000201 
 1270      FB0E0D00 
 1270      01010101 
 1271              	.LASF26:
 1272 0000 474E5520 		.ascii	"GNU C 4.9.3 20150529 (release) [ARM/embedded-4_9-br"
 1272      4320342E 
 1272      392E3320 
 1272      32303135 
 1272      30353239 
 1273 0033 616E6368 		.ascii	"anch revision 224288] -mcpu=cortex-m4 -mfloat-abi=h"
 1273      20726576 
 1273      6973696F 
 1273      6E203232 
 1273      34323838 
 1274 0066 61726420 		.ascii	"ard -mfpu=fpv4-sp-d16 -mno-thumb-interwork -mthumb "
 1274      2D6D6670 
 1274      753D6670 
 1274      76342D73 
 1274      702D6431 
 1275 0099 2D676764 		.ascii	"-ggdb -O2 -fomit-frame-pointer -falign-functions=16"
 1275      62202D4F 
 1275      32202D66 
 1275      6F6D6974 
 1275      2D667261 
 1276 00cc 202D666E 		.ascii	" -fno-math-errno -fsingle-precision-constant\000"
 1276      6F2D6D61 
 1276      74682D65 
 1276      72726E6F 
 1276      202D6673 
 1277              	.LASF3:
 1278 00f9 5F5F7569 		.ascii	"__uint8_t\000"
 1278      6E74385F 
 1278      7400
 1279              	.LASF2:
 1280 0103 73697A65 		.ascii	"size_t\000"
 1280      5F7400
 1281              	.LASF7:
ARM GAS  /tmp/ccMywM6R.s 			page 24


 1282 010a 5F5F696E 		.ascii	"__int32_t\000"
 1282      7433325F 
 1282      7400
 1283              	.LASF25:
 1284 0114 77726974 		.ascii	"writes\000"
 1284      657300
 1285              	.LASF1:
 1286 011b 7369676E 		.ascii	"signed char\000"
 1286      65642063 
 1286      68617200 
 1287              	.LASF24:
 1288 0127 72656164 		.ascii	"reads\000"
 1288      7300
 1289              	.LASF6:
 1290 012d 73686F72 		.ascii	"short unsigned int\000"
 1290      7420756E 
 1290      7369676E 
 1290      65642069 
 1290      6E7400
 1291              	.LASF18:
 1292 0140 77726974 		.ascii	"write\000"
 1292      6500
 1293              	.LASF28:
 1294 0146 4D656D53 		.ascii	"MemStreamVMT\000"
 1294      74726561 
 1294      6D564D54 
 1294      00
 1295              	.LASF4:
 1296 0153 756E7369 		.ascii	"unsigned char\000"
 1296      676E6564 
 1296      20636861 
 1296      7200
 1297              	.LASF29:
 1298 0161 6D734F62 		.ascii	"msObjectInit\000"
 1298      6A656374 
 1298      496E6974 
 1298      00
 1299              	.LASF19:
 1300 016e 72656164 		.ascii	"read\000"
 1300      00
 1301              	.LASF9:
 1302 0173 6C6F6E67 		.ascii	"long unsigned int\000"
 1302      20756E73 
 1302      69676E65 
 1302      6420696E 
 1302      7400
 1303              	.LASF0:
 1304 0185 756E7369 		.ascii	"unsigned int\000"
 1304      676E6564 
 1304      20696E74 
 1304      00
 1305              	.LASF11:
 1306 0192 6C6F6E67 		.ascii	"long long unsigned int\000"
 1306      206C6F6E 
 1306      6720756E 
 1306      7369676E 
 1306      65642069 
ARM GAS  /tmp/ccMywM6R.s 			page 25


 1307              	.LASF14:
 1308 01a9 75696E74 		.ascii	"uint8_t\000"
 1308      385F7400 
 1309              	.LASF17:
 1310 01b1 6D73675F 		.ascii	"msg_t\000"
 1310      7400
 1311              	.LASF15:
 1312 01b7 696E7433 		.ascii	"int32_t\000"
 1312      325F7400 
 1313              	.LASF12:
 1314 01bf 73697A65 		.ascii	"sizetype\000"
 1314      74797065 
 1314      00
 1315              	.LASF10:
 1316 01c8 6C6F6E67 		.ascii	"long long int\000"
 1316      206C6F6E 
 1316      6720696E 
 1316      7400
 1317              	.LASF13:
 1318 01d6 63686172 		.ascii	"char\000"
 1318      00
 1319              	.LASF22:
 1320 01db 6F666673 		.ascii	"offset\000"
 1320      657400
 1321              	.LASF5:
 1322 01e2 73686F72 		.ascii	"short int\000"
 1322      7420696E 
 1322      7400
 1323              	.LASF20:
 1324 01ec 62756666 		.ascii	"buffer\000"
 1324      657200
 1325              	.LASF30:
 1326 01f3 6D656D63 		.ascii	"memcpy\000"
 1326      707900
 1327              	.LASF8:
 1328 01fa 6C6F6E67 		.ascii	"long int\000"
 1328      20696E74 
 1328      00
 1329              	.LASF23:
 1330 0203 4D656D6F 		.ascii	"MemoryStream\000"
 1330      72795374 
 1330      7265616D 
 1330      00
 1331              	.LASF21:
 1332 0210 73697A65 		.ascii	"size\000"
 1332      00
 1333              	.LASF16:
 1334 0215 5F426F6F 		.ascii	"_Bool\000"
 1334      6C00
 1335              	.LASF27:
 1336 021b 2F645F64 		.ascii	"/d_drive/axoloti/platform_linux/../chibios/os/vario"
 1336      72697665 
 1336      2F61786F 
 1336      6C6F7469 
 1336      2F706C61 
 1337 024e 75732F6D 		.ascii	"us/memstreams.c\000"
 1337      656D7374 
ARM GAS  /tmp/ccMywM6R.s 			page 26


 1337      7265616D 
 1337      732E6300 
 1338              		.ident	"GCC: (GNU Tools for ARM Embedded Processors) 4.9.3 20150529 (release) [ARM/embedded-4_9-br
ARM GAS  /tmp/ccMywM6R.s 			page 27


DEFINED SYMBOLS
                            *ABS*:00000000 memstreams.c
     /tmp/ccMywM6R.s:20     .text:00000000 $t
     /tmp/ccMywM6R.s:25     .text:00000000 put
     /tmp/ccMywM6R.s:65     .text:00000020 get
     /tmp/ccMywM6R.s:106    .text:00000040 reads
     /tmp/ccMywM6R.s:157    .text:00000070 writes
     /tmp/ccMywM6R.s:204    .text:000000a0 msObjectInit
     /tmp/ccMywM6R.s:237    .text:000000b8 $d
     /tmp/ccMywM6R.s:242    .rodata:00000000 $d
     /tmp/ccMywM6R.s:246    .rodata:00000000 vmt
                     .debug_frame:00000010 $d

UNDEFINED SYMBOLS
memcpy
