ARM GAS  /tmp/cc040t2f.s 			page 1


   1              		.syntax unified
   2              		.cpu cortex-m4
   3              		.eabi_attribute 27, 1
   4              		.eabi_attribute 28, 1
   5              		.fpu fpv4-sp-d16
   6              		.eabi_attribute 20, 1
   7              		.eabi_attribute 21, 1
   8              		.eabi_attribute 23, 3
   9              		.eabi_attribute 24, 1
  10              		.eabi_attribute 25, 1
  11              		.eabi_attribute 26, 1
  12              		.eabi_attribute 30, 2
  13              		.eabi_attribute 34, 1
  14              		.eabi_attribute 18, 4
  15              		.thumb
  16              		.file	"mu_law.cpp"
  17              		.text
  18              	.Ltext0:
  19              		.cfi_sections	.debug_frame
  20              		.global	_ZN6clouds8lut_ulawE
  21              		.data
  22              		.align	2
  23              		.type	_ZN6clouds8lut_ulawE, %object
  24              		.size	_ZN6clouds8lut_ulawE, 512
  25              	_ZN6clouds8lut_ulawE:
  26 0000 8482     		.short	-32124
  27 0002 8486     		.short	-31100
  28 0004 848A     		.short	-30076
  29 0006 848E     		.short	-29052
  30 0008 8492     		.short	-28028
  31 000a 8496     		.short	-27004
  32 000c 849A     		.short	-25980
  33 000e 849E     		.short	-24956
  34 0010 84A2     		.short	-23932
  35 0012 84A6     		.short	-22908
  36 0014 84AA     		.short	-21884
  37 0016 84AE     		.short	-20860
  38 0018 84B2     		.short	-19836
  39 001a 84B6     		.short	-18812
  40 001c 84BA     		.short	-17788
  41 001e 84BE     		.short	-16764
  42 0020 84C1     		.short	-15996
  43 0022 84C3     		.short	-15484
  44 0024 84C5     		.short	-14972
  45 0026 84C7     		.short	-14460
  46 0028 84C9     		.short	-13948
  47 002a 84CB     		.short	-13436
  48 002c 84CD     		.short	-12924
  49 002e 84CF     		.short	-12412
  50 0030 84D1     		.short	-11900
  51 0032 84D3     		.short	-11388
  52 0034 84D5     		.short	-10876
  53 0036 84D7     		.short	-10364
  54 0038 84D9     		.short	-9852
  55 003a 84DB     		.short	-9340
  56 003c 84DD     		.short	-8828
  57 003e 84DF     		.short	-8316
ARM GAS  /tmp/cc040t2f.s 			page 2


  58 0040 04E1     		.short	-7932
  59 0042 04E2     		.short	-7676
  60 0044 04E3     		.short	-7420
  61 0046 04E4     		.short	-7164
  62 0048 04E5     		.short	-6908
  63 004a 04E6     		.short	-6652
  64 004c 04E7     		.short	-6396
  65 004e 04E8     		.short	-6140
  66 0050 04E9     		.short	-5884
  67 0052 04EA     		.short	-5628
  68 0054 04EB     		.short	-5372
  69 0056 04EC     		.short	-5116
  70 0058 04ED     		.short	-4860
  71 005a 04EE     		.short	-4604
  72 005c 04EF     		.short	-4348
  73 005e 04F0     		.short	-4092
  74 0060 C4F0     		.short	-3900
  75 0062 44F1     		.short	-3772
  76 0064 C4F1     		.short	-3644
  77 0066 44F2     		.short	-3516
  78 0068 C4F2     		.short	-3388
  79 006a 44F3     		.short	-3260
  80 006c C4F3     		.short	-3132
  81 006e 44F4     		.short	-3004
  82 0070 C4F4     		.short	-2876
  83 0072 44F5     		.short	-2748
  84 0074 C4F5     		.short	-2620
  85 0076 44F6     		.short	-2492
  86 0078 C4F6     		.short	-2364
  87 007a 44F7     		.short	-2236
  88 007c C4F7     		.short	-2108
  89 007e 44F8     		.short	-1980
  90 0080 A4F8     		.short	-1884
  91 0082 E4F8     		.short	-1820
  92 0084 24F9     		.short	-1756
  93 0086 64F9     		.short	-1692
  94 0088 A4F9     		.short	-1628
  95 008a E4F9     		.short	-1564
  96 008c 24FA     		.short	-1500
  97 008e 64FA     		.short	-1436
  98 0090 A4FA     		.short	-1372
  99 0092 E4FA     		.short	-1308
 100 0094 24FB     		.short	-1244
 101 0096 64FB     		.short	-1180
 102 0098 A4FB     		.short	-1116
 103 009a E4FB     		.short	-1052
 104 009c 24FC     		.short	-988
 105 009e 64FC     		.short	-924
 106 00a0 94FC     		.short	-876
 107 00a2 B4FC     		.short	-844
 108 00a4 D4FC     		.short	-812
 109 00a6 F4FC     		.short	-780
 110 00a8 14FD     		.short	-748
 111 00aa 34FD     		.short	-716
 112 00ac 54FD     		.short	-684
 113 00ae 74FD     		.short	-652
 114 00b0 94FD     		.short	-620
ARM GAS  /tmp/cc040t2f.s 			page 3


 115 00b2 B4FD     		.short	-588
 116 00b4 D4FD     		.short	-556
 117 00b6 F4FD     		.short	-524
 118 00b8 14FE     		.short	-492
 119 00ba 34FE     		.short	-460
 120 00bc 54FE     		.short	-428
 121 00be 74FE     		.short	-396
 122 00c0 8CFE     		.short	-372
 123 00c2 9CFE     		.short	-356
 124 00c4 ACFE     		.short	-340
 125 00c6 BCFE     		.short	-324
 126 00c8 CCFE     		.short	-308
 127 00ca DCFE     		.short	-292
 128 00cc ECFE     		.short	-276
 129 00ce FCFE     		.short	-260
 130 00d0 0CFF     		.short	-244
 131 00d2 1CFF     		.short	-228
 132 00d4 2CFF     		.short	-212
 133 00d6 3CFF     		.short	-196
 134 00d8 4CFF     		.short	-180
 135 00da 5CFF     		.short	-164
 136 00dc 6CFF     		.short	-148
 137 00de 7CFF     		.short	-132
 138 00e0 88FF     		.short	-120
 139 00e2 90FF     		.short	-112
 140 00e4 98FF     		.short	-104
 141 00e6 A0FF     		.short	-96
 142 00e8 A8FF     		.short	-88
 143 00ea B0FF     		.short	-80
 144 00ec B8FF     		.short	-72
 145 00ee C0FF     		.short	-64
 146 00f0 C8FF     		.short	-56
 147 00f2 D0FF     		.short	-48
 148 00f4 D8FF     		.short	-40
 149 00f6 E0FF     		.short	-32
 150 00f8 E8FF     		.short	-24
 151 00fa F0FF     		.short	-16
 152 00fc F8FF     		.short	-8
 153 00fe 0000     		.short	0
 154 0100 7C7D     		.short	32124
 155 0102 7C79     		.short	31100
 156 0104 7C75     		.short	30076
 157 0106 7C71     		.short	29052
 158 0108 7C6D     		.short	28028
 159 010a 7C69     		.short	27004
 160 010c 7C65     		.short	25980
 161 010e 7C61     		.short	24956
 162 0110 7C5D     		.short	23932
 163 0112 7C59     		.short	22908
 164 0114 7C55     		.short	21884
 165 0116 7C51     		.short	20860
 166 0118 7C4D     		.short	19836
 167 011a 7C49     		.short	18812
 168 011c 7C45     		.short	17788
 169 011e 7C41     		.short	16764
 170 0120 7C3E     		.short	15996
 171 0122 7C3C     		.short	15484
ARM GAS  /tmp/cc040t2f.s 			page 4


 172 0124 7C3A     		.short	14972
 173 0126 7C38     		.short	14460
 174 0128 7C36     		.short	13948
 175 012a 7C34     		.short	13436
 176 012c 7C32     		.short	12924
 177 012e 7C30     		.short	12412
 178 0130 7C2E     		.short	11900
 179 0132 7C2C     		.short	11388
 180 0134 7C2A     		.short	10876
 181 0136 7C28     		.short	10364
 182 0138 7C26     		.short	9852
 183 013a 7C24     		.short	9340
 184 013c 7C22     		.short	8828
 185 013e 7C20     		.short	8316
 186 0140 FC1E     		.short	7932
 187 0142 FC1D     		.short	7676
 188 0144 FC1C     		.short	7420
 189 0146 FC1B     		.short	7164
 190 0148 FC1A     		.short	6908
 191 014a FC19     		.short	6652
 192 014c FC18     		.short	6396
 193 014e FC17     		.short	6140
 194 0150 FC16     		.short	5884
 195 0152 FC15     		.short	5628
 196 0154 FC14     		.short	5372
 197 0156 FC13     		.short	5116
 198 0158 FC12     		.short	4860
 199 015a FC11     		.short	4604
 200 015c FC10     		.short	4348
 201 015e FC0F     		.short	4092
 202 0160 3C0F     		.short	3900
 203 0162 BC0E     		.short	3772
 204 0164 3C0E     		.short	3644
 205 0166 BC0D     		.short	3516
 206 0168 3C0D     		.short	3388
 207 016a BC0C     		.short	3260
 208 016c 3C0C     		.short	3132
 209 016e BC0B     		.short	3004
 210 0170 3C0B     		.short	2876
 211 0172 BC0A     		.short	2748
 212 0174 3C0A     		.short	2620
 213 0176 BC09     		.short	2492
 214 0178 3C09     		.short	2364
 215 017a BC08     		.short	2236
 216 017c 3C08     		.short	2108
 217 017e BC07     		.short	1980
 218 0180 5C07     		.short	1884
 219 0182 1C07     		.short	1820
 220 0184 DC06     		.short	1756
 221 0186 9C06     		.short	1692
 222 0188 5C06     		.short	1628
 223 018a 1C06     		.short	1564
 224 018c DC05     		.short	1500
 225 018e 9C05     		.short	1436
 226 0190 5C05     		.short	1372
 227 0192 1C05     		.short	1308
 228 0194 DC04     		.short	1244
ARM GAS  /tmp/cc040t2f.s 			page 5


 229 0196 9C04     		.short	1180
 230 0198 5C04     		.short	1116
 231 019a 1C04     		.short	1052
 232 019c DC03     		.short	988
 233 019e 9C03     		.short	924
 234 01a0 6C03     		.short	876
 235 01a2 4C03     		.short	844
 236 01a4 2C03     		.short	812
 237 01a6 0C03     		.short	780
 238 01a8 EC02     		.short	748
 239 01aa CC02     		.short	716
 240 01ac AC02     		.short	684
 241 01ae 8C02     		.short	652
 242 01b0 6C02     		.short	620
 243 01b2 4C02     		.short	588
 244 01b4 2C02     		.short	556
 245 01b6 0C02     		.short	524
 246 01b8 EC01     		.short	492
 247 01ba CC01     		.short	460
 248 01bc AC01     		.short	428
 249 01be 8C01     		.short	396
 250 01c0 7401     		.short	372
 251 01c2 6401     		.short	356
 252 01c4 5401     		.short	340
 253 01c6 4401     		.short	324
 254 01c8 3401     		.short	308
 255 01ca 2401     		.short	292
 256 01cc 1401     		.short	276
 257 01ce 0401     		.short	260
 258 01d0 F400     		.short	244
 259 01d2 E400     		.short	228
 260 01d4 D400     		.short	212
 261 01d6 C400     		.short	196
 262 01d8 B400     		.short	180
 263 01da A400     		.short	164
 264 01dc 9400     		.short	148
 265 01de 8400     		.short	132
 266 01e0 7800     		.short	120
 267 01e2 7000     		.short	112
 268 01e4 6800     		.short	104
 269 01e6 6000     		.short	96
 270 01e8 5800     		.short	88
 271 01ea 5000     		.short	80
 272 01ec 4800     		.short	72
 273 01ee 4000     		.short	64
 274 01f0 3800     		.short	56
 275 01f2 3000     		.short	48
 276 01f4 2800     		.short	40
 277 01f6 2000     		.short	32
 278 01f8 1800     		.short	24
 279 01fa 1000     		.short	16
 280 01fc 0800     		.short	8
 281 01fe 0000     		.short	0
 282              		.text
 283              	.Letext0:
 284              		.file 1 "./mutable_instruments/stmlib/stmlib.h"
 285              		.file 2 "./mutable_instruments/clouds/dsp/mu_law.h"
ARM GAS  /tmp/cc040t2f.s 			page 6


 286              		.file 3 "./mutable_instruments/clouds/dsp/mu_law.cpp"
 287              		.section	.debug_info,"",%progbits
 288              	.Ldebug_info0:
 289 0000 AB000000 		.4byte	0xab
 290 0004 0400     		.2byte	0x4
 291 0006 00000000 		.4byte	.Ldebug_abbrev0
 292 000a 04       		.byte	0x4
 293 000b 01       		.uleb128 0x1
 294 000c AF000000 		.4byte	.LASF12
 295 0010 04       		.byte	0x4
 296 0011 D4010000 		.4byte	.LASF13
 297 0015 54000000 		.4byte	.LASF14
 298 0019 00000000 		.4byte	.Ldebug_line0
 299 001d 02       		.uleb128 0x2
 300 001e 01       		.byte	0x1
 301 001f 06       		.byte	0x6
 302 0020 2A020000 		.4byte	.LASF0
 303 0024 02       		.uleb128 0x2
 304 0025 01       		.byte	0x1
 305 0026 08       		.byte	0x8
 306 0027 1C000000 		.4byte	.LASF1
 307 002b 02       		.uleb128 0x2
 308 002c 02       		.byte	0x2
 309 002d 05       		.byte	0x5
 310 002e 17020000 		.4byte	.LASF2
 311 0032 02       		.uleb128 0x2
 312 0033 02       		.byte	0x2
 313 0034 07       		.byte	0x7
 314 0035 3C000000 		.4byte	.LASF3
 315 0039 02       		.uleb128 0x2
 316 003a 04       		.byte	0x4
 317 003b 05       		.byte	0x5
 318 003c 21020000 		.4byte	.LASF4
 319 0040 02       		.uleb128 0x2
 320 0041 04       		.byte	0x4
 321 0042 07       		.byte	0x7
 322 0043 2A000000 		.4byte	.LASF5
 323 0047 02       		.uleb128 0x2
 324 0048 08       		.byte	0x8
 325 0049 05       		.byte	0x5
 326 004a 09020000 		.4byte	.LASF6
 327 004e 02       		.uleb128 0x2
 328 004f 08       		.byte	0x8
 329 0050 07       		.byte	0x7
 330 0051 B4010000 		.4byte	.LASF7
 331 0055 03       		.uleb128 0x3
 332 0056 04       		.byte	0x4
 333 0057 05       		.byte	0x5
 334 0058 696E7400 		.ascii	"int\000"
 335 005c 02       		.uleb128 0x2
 336 005d 04       		.byte	0x4
 337 005e 07       		.byte	0x7
 338 005f A2000000 		.4byte	.LASF8
 339 0063 04       		.uleb128 0x4
 340 0064 4F000000 		.4byte	.LASF9
 341 0068 01       		.byte	0x1
 342 0069 3C       		.byte	0x3c
ARM GAS  /tmp/cc040t2f.s 			page 7


 343 006a 04       		.uleb128 0x4
 344 006b 9B000000 		.4byte	.LASF10
 345 006f 01       		.byte	0x1
 346 0070 5D       		.byte	0x5d
 347 0071 02       		.uleb128 0x2
 348 0072 04       		.byte	0x4
 349 0073 07       		.byte	0x7
 350 0074 00020000 		.4byte	.LASF11
 351 0078 05       		.uleb128 0x5
 352 0079 2B000000 		.4byte	0x2b
 353 007d 88000000 		.4byte	0x88
 354 0081 06       		.uleb128 0x6
 355 0082 71000000 		.4byte	0x71
 356 0086 FF       		.byte	0xff
 357 0087 00       		.byte	0
 358 0088 07       		.uleb128 0x7
 359 0089 00000000 		.4byte	.LASF15
 360 008d 02       		.byte	0x2
 361 008e 22       		.byte	0x22
 362 008f A3000000 		.4byte	0xa3
 363 0093 08       		.uleb128 0x8
 364 0094 CB010000 		.4byte	.LASF16
 365 0098 03       		.byte	0x3
 366 0099 22       		.byte	0x22
 367 009a 07000000 		.4byte	.LASF17
 368 009e 78000000 		.4byte	0x78
 369 00a2 00       		.byte	0
 370 00a3 09       		.uleb128 0x9
 371 00a4 93000000 		.4byte	0x93
 372 00a8 05       		.uleb128 0x5
 373 00a9 03       		.byte	0x3
 374 00aa 00000000 		.4byte	_ZN6clouds8lut_ulawE
 375 00ae 00       		.byte	0
 376              		.section	.debug_abbrev,"",%progbits
 377              	.Ldebug_abbrev0:
 378 0000 01       		.uleb128 0x1
 379 0001 11       		.uleb128 0x11
 380 0002 01       		.byte	0x1
 381 0003 25       		.uleb128 0x25
 382 0004 0E       		.uleb128 0xe
 383 0005 13       		.uleb128 0x13
 384 0006 0B       		.uleb128 0xb
 385 0007 03       		.uleb128 0x3
 386 0008 0E       		.uleb128 0xe
 387 0009 1B       		.uleb128 0x1b
 388 000a 0E       		.uleb128 0xe
 389 000b 10       		.uleb128 0x10
 390 000c 17       		.uleb128 0x17
 391 000d 00       		.byte	0
 392 000e 00       		.byte	0
 393 000f 02       		.uleb128 0x2
 394 0010 24       		.uleb128 0x24
 395 0011 00       		.byte	0
 396 0012 0B       		.uleb128 0xb
 397 0013 0B       		.uleb128 0xb
 398 0014 3E       		.uleb128 0x3e
 399 0015 0B       		.uleb128 0xb
ARM GAS  /tmp/cc040t2f.s 			page 8


 400 0016 03       		.uleb128 0x3
 401 0017 0E       		.uleb128 0xe
 402 0018 00       		.byte	0
 403 0019 00       		.byte	0
 404 001a 03       		.uleb128 0x3
 405 001b 24       		.uleb128 0x24
 406 001c 00       		.byte	0
 407 001d 0B       		.uleb128 0xb
 408 001e 0B       		.uleb128 0xb
 409 001f 3E       		.uleb128 0x3e
 410 0020 0B       		.uleb128 0xb
 411 0021 03       		.uleb128 0x3
 412 0022 08       		.uleb128 0x8
 413 0023 00       		.byte	0
 414 0024 00       		.byte	0
 415 0025 04       		.uleb128 0x4
 416 0026 39       		.uleb128 0x39
 417 0027 00       		.byte	0
 418 0028 03       		.uleb128 0x3
 419 0029 0E       		.uleb128 0xe
 420 002a 3A       		.uleb128 0x3a
 421 002b 0B       		.uleb128 0xb
 422 002c 3B       		.uleb128 0x3b
 423 002d 0B       		.uleb128 0xb
 424 002e 00       		.byte	0
 425 002f 00       		.byte	0
 426 0030 05       		.uleb128 0x5
 427 0031 01       		.uleb128 0x1
 428 0032 01       		.byte	0x1
 429 0033 49       		.uleb128 0x49
 430 0034 13       		.uleb128 0x13
 431 0035 01       		.uleb128 0x1
 432 0036 13       		.uleb128 0x13
 433 0037 00       		.byte	0
 434 0038 00       		.byte	0
 435 0039 06       		.uleb128 0x6
 436 003a 21       		.uleb128 0x21
 437 003b 00       		.byte	0
 438 003c 49       		.uleb128 0x49
 439 003d 13       		.uleb128 0x13
 440 003e 2F       		.uleb128 0x2f
 441 003f 0B       		.uleb128 0xb
 442 0040 00       		.byte	0
 443 0041 00       		.byte	0
 444 0042 07       		.uleb128 0x7
 445 0043 39       		.uleb128 0x39
 446 0044 01       		.byte	0x1
 447 0045 03       		.uleb128 0x3
 448 0046 0E       		.uleb128 0xe
 449 0047 3A       		.uleb128 0x3a
 450 0048 0B       		.uleb128 0xb
 451 0049 3B       		.uleb128 0x3b
 452 004a 0B       		.uleb128 0xb
 453 004b 01       		.uleb128 0x1
 454 004c 13       		.uleb128 0x13
 455 004d 00       		.byte	0
 456 004e 00       		.byte	0
ARM GAS  /tmp/cc040t2f.s 			page 9


 457 004f 08       		.uleb128 0x8
 458 0050 34       		.uleb128 0x34
 459 0051 00       		.byte	0
 460 0052 03       		.uleb128 0x3
 461 0053 0E       		.uleb128 0xe
 462 0054 3A       		.uleb128 0x3a
 463 0055 0B       		.uleb128 0xb
 464 0056 3B       		.uleb128 0x3b
 465 0057 0B       		.uleb128 0xb
 466 0058 6E       		.uleb128 0x6e
 467 0059 0E       		.uleb128 0xe
 468 005a 49       		.uleb128 0x49
 469 005b 13       		.uleb128 0x13
 470 005c 3F       		.uleb128 0x3f
 471 005d 19       		.uleb128 0x19
 472 005e 3C       		.uleb128 0x3c
 473 005f 19       		.uleb128 0x19
 474 0060 00       		.byte	0
 475 0061 00       		.byte	0
 476 0062 09       		.uleb128 0x9
 477 0063 34       		.uleb128 0x34
 478 0064 00       		.byte	0
 479 0065 47       		.uleb128 0x47
 480 0066 13       		.uleb128 0x13
 481 0067 02       		.uleb128 0x2
 482 0068 18       		.uleb128 0x18
 483 0069 00       		.byte	0
 484 006a 00       		.byte	0
 485 006b 00       		.byte	0
 486              		.section	.debug_aranges,"",%progbits
 487 0000 14000000 		.4byte	0x14
 488 0004 0200     		.2byte	0x2
 489 0006 00000000 		.4byte	.Ldebug_info0
 490 000a 04       		.byte	0x4
 491 000b 00       		.byte	0
 492 000c 0000     		.2byte	0
 493 000e 0000     		.2byte	0
 494 0010 00000000 		.4byte	0
 495 0014 00000000 		.4byte	0
 496              		.section	.debug_line,"",%progbits
 497              	.Ldebug_line0:
 498 0000 7D000000 		.section	.debug_str,"MS",%progbits,1
 498      02007700 
 498      00000201 
 498      FB0E0D00 
 498      01010101 
 499              	.LASF15:
 500 0000 636C6F75 		.ascii	"clouds\000"
 500      647300
 501              	.LASF17:
 502 0007 5F5A4E36 		.ascii	"_ZN6clouds8lut_ulawE\000"
 502      636C6F75 
 502      6473386C 
 502      75745F75 
 502      6C617745 
 503              	.LASF1:
 504 001c 756E7369 		.ascii	"unsigned char\000"
ARM GAS  /tmp/cc040t2f.s 			page 10


 504      676E6564 
 504      20636861 
 504      7200
 505              	.LASF5:
 506 002a 6C6F6E67 		.ascii	"long unsigned int\000"
 506      20756E73 
 506      69676E65 
 506      6420696E 
 506      7400
 507              	.LASF3:
 508 003c 73686F72 		.ascii	"short unsigned int\000"
 508      7420756E 
 508      7369676E 
 508      65642069 
 508      6E7400
 509              	.LASF9:
 510 004f 696D706C 		.ascii	"impl\000"
 510      00
 511              	.LASF14:
 512 0054 2F686F6D 		.ascii	"/home/sbcu/Dropbox/pcb-layouts/axo-on-discovery-boa"
 512      652F7362 
 512      63752F44 
 512      726F7062 
 512      6F782F70 
 513 0087 72642F61 		.ascii	"rd/axoloti/firmware\000"
 513      786F6C6F 
 513      74692F66 
 513      69726D77 
 513      61726500 
 514              	.LASF10:
 515 009b 73746D6C 		.ascii	"stmlib\000"
 515      696200
 516              	.LASF8:
 517 00a2 756E7369 		.ascii	"unsigned int\000"
 517      676E6564 
 517      20696E74 
 517      00
 518              	.LASF12:
 519 00af 474E5520 		.ascii	"GNU C++ 4.9.3 20150529 (release) [ARM/embedded-4_9-"
 519      432B2B20 
 519      342E392E 
 519      33203230 
 519      31353035 
 520 00e2 6272616E 		.ascii	"branch revision 224288] -mcpu=cortex-m4 -mfloat-abi"
 520      63682072 
 520      65766973 
 520      696F6E20 
 520      32323432 
 521 0115 3D686172 		.ascii	"=hard -mfpu=fpv4-sp-d16 -mno-thumb-interwork -mthum"
 521      64202D6D 
 521      6670753D 
 521      66707634 
 521      2D73702D 
 522 0148 62202D67 		.ascii	"b -ggdb -O2 -fomit-frame-pointer -falign-functions="
 522      67646220 
 522      2D4F3220 
 522      2D666F6D 
ARM GAS  /tmp/cc040t2f.s 			page 11


 522      69742D66 
 523 017b 3136202D 		.ascii	"16 -fno-math-errno -fsingle-precision-constant -fno"
 523      666E6F2D 
 523      6D617468 
 523      2D657272 
 523      6E6F202D 
 524 01ae 2D727474 		.ascii	"-rtti\000"
 524      6900
 525              	.LASF7:
 526 01b4 6C6F6E67 		.ascii	"long long unsigned int\000"
 526      206C6F6E 
 526      6720756E 
 526      7369676E 
 526      65642069 
 527              	.LASF16:
 528 01cb 6C75745F 		.ascii	"lut_ulaw\000"
 528      756C6177 
 528      00
 529              	.LASF13:
 530 01d4 2E2F6D75 		.ascii	"./mutable_instruments/clouds/dsp/mu_law.cpp\000"
 530      7461626C 
 530      655F696E 
 530      73747275 
 530      6D656E74 
 531              	.LASF11:
 532 0200 73697A65 		.ascii	"sizetype\000"
 532      74797065 
 532      00
 533              	.LASF6:
 534 0209 6C6F6E67 		.ascii	"long long int\000"
 534      206C6F6E 
 534      6720696E 
 534      7400
 535              	.LASF2:
 536 0217 73686F72 		.ascii	"short int\000"
 536      7420696E 
 536      7400
 537              	.LASF4:
 538 0221 6C6F6E67 		.ascii	"long int\000"
 538      20696E74 
 538      00
 539              	.LASF0:
 540 022a 7369676E 		.ascii	"signed char\000"
 540      65642063 
 540      68617200 
 541              		.ident	"GCC: (GNU Tools for ARM Embedded Processors) 4.9.3 20150529 (release) [ARM/embedded-4_9-br
ARM GAS  /tmp/cc040t2f.s 			page 12


DEFINED SYMBOLS
                            *ABS*:00000000 mu_law.cpp
     /tmp/cc040t2f.s:25     .data:00000000 _ZN6clouds8lut_ulawE
     /tmp/cc040t2f.s:22     .data:00000000 $d

NO UNDEFINED SYMBOLS
