ARM GAS  /tmp/ccpP4gDV.s 			page 1


   1              		.syntax unified
   2              		.cpu cortex-m4
   3              		.eabi_attribute 27, 1
   4              		.eabi_attribute 28, 1
   5              		.fpu fpv4-sp-d16
   6              		.eabi_attribute 20, 1
   7              		.eabi_attribute 21, 1
   8              		.eabi_attribute 23, 3
   9              		.eabi_attribute 24, 1
  10              		.eabi_attribute 25, 1
  11              		.eabi_attribute 26, 1
  12              		.eabi_attribute 30, 2
  13              		.eabi_attribute 34, 1
  14              		.eabi_attribute 18, 4
  15              		.thumb
  16              		.file	"pwm.c"
  17              		.text
  18              	.Ltext0:
  19              		.cfi_sections	.debug_frame
  20              		.align	2
  21              		.p2align 4,,15
  22              		.global	pwmInit
  23              		.thumb
  24              		.thumb_func
  25              		.type	pwmInit, %function
  26              	pwmInit:
  27              	.LFB130:
  28              		.file 1 "/home/sbcu/Dropbox/pcb-layouts/axo-on-discovery-board/axoloti/platform_linux/../chibios/o
  29              		.loc 1 68 0
  30              		.cfi_startproc
  31              		@ args = 0, pretend = 0, frame = 0
  32              		@ frame_needed = 0, uses_anonymous_args = 0
  33              		@ link register save eliminated.
  34              		.loc 1 70 0
  35 0000 FFF7FEBF 		b	pwm_lld_init
  36              	.LVL0:
  37              		.cfi_endproc
  38              	.LFE130:
  39              		.size	pwmInit, .-pwmInit
  40              		.align	2
  41 0004 AFF30080 		.p2align 4,,15
  41      AFF30080 
  41      AFF30080 
  42              		.global	pwmObjectInit
  43              		.thumb
  44              		.thumb_func
  45              		.type	pwmObjectInit, %function
  46              	pwmObjectInit:
  47              	.LFB131:
  48              		.loc 1 80 0
  49              		.cfi_startproc
  50              		@ args = 0, pretend = 0, frame = 0
  51              		@ frame_needed = 0, uses_anonymous_args = 0
  52              		@ link register save eliminated.
  53              	.LVL1:
  54              		.loc 1 82 0
  55 0010 0122     		movs	r2, #1
ARM GAS  /tmp/ccpP4gDV.s 			page 2


  56              		.loc 1 83 0
  57 0012 0023     		movs	r3, #0
  58              		.loc 1 82 0
  59 0014 0270     		strb	r2, [r0]
  60              		.loc 1 83 0
  61 0016 4360     		str	r3, [r0, #4]
  62 0018 7047     		bx	lr
  63              		.cfi_endproc
  64              	.LFE131:
  65              		.size	pwmObjectInit, .-pwmObjectInit
  66 001a 00BF     		.align	2
  67 001c AFF30080 		.p2align 4,,15
  68              		.global	pwmStart
  69              		.thumb
  70              		.thumb_func
  71              		.type	pwmStart, %function
  72              	pwmStart:
  73              	.LFB132:
  74              		.loc 1 99 0
  75              		.cfi_startproc
  76              		@ args = 0, pretend = 0, frame = 0
  77              		@ frame_needed = 0, uses_anonymous_args = 0
  78              	.LVL2:
  79 0020 10B5     		push	{r4, lr}
  80              		.cfi_def_cfa_offset 8
  81              		.cfi_offset 4, -8
  82              		.cfi_offset 14, -4
  83              	.LBB2:
  84              		.loc 1 103 0
  85 0022 2023     		movs	r3, #32
  86              	.LBE2:
  87              		.loc 1 99 0
  88 0024 0446     		mov	r4, r0
  89              	.LBB3:
  90              		.loc 1 103 0
  91              	@ 103 "/home/sbcu/Dropbox/pcb-layouts/axo-on-discovery-board/axoloti/platform_linux/../chibios/os/h
  92 0026 83F31188 		msr     BASEPRI, r3
  93              	@ 0 "" 2
  94              		.thumb
  95              	.LBE3:
  96              		.loc 1 107 0
  97 002a 8B88     		ldrh	r3, [r1, #4]
  98 002c 0381     		strh	r3, [r0, #8]	@ movhi
  99              		.loc 1 106 0
 100 002e 4160     		str	r1, [r0, #4]
 101              		.loc 1 108 0
 102 0030 FFF7FEFF 		bl	pwm_lld_start
 103              	.LVL3:
 104              		.loc 1 109 0
 105 0034 0223     		movs	r3, #2
 106 0036 2370     		strb	r3, [r4]
 107              	.LBB4:
 108              		.loc 1 110 0
 109 0038 0023     		movs	r3, #0
 110              	@ 110 "/home/sbcu/Dropbox/pcb-layouts/axo-on-discovery-board/axoloti/platform_linux/../chibios/os/h
 111 003a 83F31188 		msr     BASEPRI, r3
 112              	@ 0 "" 2
ARM GAS  /tmp/ccpP4gDV.s 			page 3


 113              		.thumb
 114 003e 10BD     		pop	{r4, pc}
 115              	.LBE4:
 116              		.cfi_endproc
 117              	.LFE132:
 118              		.size	pwmStart, .-pwmStart
 119              		.align	2
 120              		.p2align 4,,15
 121              		.global	pwmStop
 122              		.thumb
 123              		.thumb_func
 124              		.type	pwmStop, %function
 125              	pwmStop:
 126              	.LFB133:
 127              		.loc 1 120 0
 128              		.cfi_startproc
 129              		@ args = 0, pretend = 0, frame = 0
 130              		@ frame_needed = 0, uses_anonymous_args = 0
 131              	.LVL4:
 132 0040 10B5     		push	{r4, lr}
 133              		.cfi_def_cfa_offset 8
 134              		.cfi_offset 4, -8
 135              		.cfi_offset 14, -4
 136              	.LBB5:
 137              		.loc 1 124 0
 138 0042 2023     		movs	r3, #32
 139              	.LBE5:
 140              		.loc 1 120 0
 141 0044 0446     		mov	r4, r0
 142              	.LBB6:
 143              		.loc 1 124 0
 144              	@ 124 "/home/sbcu/Dropbox/pcb-layouts/axo-on-discovery-board/axoloti/platform_linux/../chibios/os/h
 145 0046 83F31188 		msr     BASEPRI, r3
 146              	@ 0 "" 2
 147              		.thumb
 148              	.LBE6:
 149              		.loc 1 127 0
 150 004a FFF7FEFF 		bl	pwm_lld_stop
 151              	.LVL5:
 152              		.loc 1 128 0
 153 004e 0123     		movs	r3, #1
 154 0050 2370     		strb	r3, [r4]
 155              	.LBB7:
 156              		.loc 1 129 0
 157 0052 0023     		movs	r3, #0
 158              	@ 129 "/home/sbcu/Dropbox/pcb-layouts/axo-on-discovery-board/axoloti/platform_linux/../chibios/os/h
 159 0054 83F31188 		msr     BASEPRI, r3
 160              	@ 0 "" 2
 161              		.thumb
 162 0058 10BD     		pop	{r4, pc}
 163              	.LBE7:
 164              		.cfi_endproc
 165              	.LFE133:
 166              		.size	pwmStop, .-pwmStop
 167 005a 00BF     		.align	2
 168 005c AFF30080 		.p2align 4,,15
 169              		.global	pwmChangePeriod
ARM GAS  /tmp/ccpP4gDV.s 			page 4


 170              		.thumb
 171              		.thumb_func
 172              		.type	pwmChangePeriod, %function
 173              	pwmChangePeriod:
 174              	.LFB134:
 175              		.loc 1 147 0
 176              		.cfi_startproc
 177              		@ args = 0, pretend = 0, frame = 0
 178              		@ frame_needed = 0, uses_anonymous_args = 0
 179              		@ link register save eliminated.
 180              	.LVL6:
 181              	.LBB8:
 182              		.loc 1 151 0
 183 0060 2023     		movs	r3, #32
 184              	@ 151 "/home/sbcu/Dropbox/pcb-layouts/axo-on-discovery-board/axoloti/platform_linux/../chibios/os/h
 185 0062 83F31188 		msr     BASEPRI, r3
 186              	@ 0 "" 2
 187              		.thumb
 188              	.LBE8:
 189              		.loc 1 154 0
 190 0066 4B1E     		subs	r3, r1, #1
 191 0068 0269     		ldr	r2, [r0, #16]
 192 006a 0181     		strh	r1, [r0, #8]	@ movhi
 193 006c 9BB2     		uxth	r3, r3
 194 006e D362     		str	r3, [r2, #44]
 195              	.LBB9:
 196              		.loc 1 155 0
 197 0070 0023     		movs	r3, #0
 198              	@ 155 "/home/sbcu/Dropbox/pcb-layouts/axo-on-discovery-board/axoloti/platform_linux/../chibios/os/h
 199 0072 83F31188 		msr     BASEPRI, r3
 200              	@ 0 "" 2
 201              		.thumb
 202 0076 7047     		bx	lr
 203              	.LBE9:
 204              		.cfi_endproc
 205              	.LFE134:
 206              		.size	pwmChangePeriod, .-pwmChangePeriod
 207              		.align	2
 208 0078 AFF30080 		.p2align 4,,15
 208      AFF30080 
 209              		.global	pwmEnableChannel
 210              		.thumb
 211              		.thumb_func
 212              		.type	pwmEnableChannel, %function
 213              	pwmEnableChannel:
 214              	.LFB135:
 215              		.loc 1 174 0
 216              		.cfi_startproc
 217              		@ args = 0, pretend = 0, frame = 0
 218              		@ frame_needed = 0, uses_anonymous_args = 0
 219              	.LVL7:
 220 0080 08B5     		push	{r3, lr}
 221              		.cfi_def_cfa_offset 8
 222              		.cfi_offset 3, -8
 223              		.cfi_offset 14, -4
 224              	.LBB10:
 225              		.loc 1 179 0
ARM GAS  /tmp/ccpP4gDV.s 			page 5


 226 0082 2023     		movs	r3, #32
 227              	@ 179 "/home/sbcu/Dropbox/pcb-layouts/axo-on-discovery-board/axoloti/platform_linux/../chibios/os/h
 228 0084 83F31188 		msr     BASEPRI, r3
 229              	@ 0 "" 2
 230              		.thumb
 231              	.LBE10:
 232              		.loc 1 182 0
 233 0088 FFF7FEFF 		bl	pwm_lld_enable_channel
 234              	.LVL8:
 235              	.LBB11:
 236              		.loc 1 183 0
 237 008c 0023     		movs	r3, #0
 238              	@ 183 "/home/sbcu/Dropbox/pcb-layouts/axo-on-discovery-board/axoloti/platform_linux/../chibios/os/h
 239 008e 83F31188 		msr     BASEPRI, r3
 240              	@ 0 "" 2
 241              		.thumb
 242 0092 08BD     		pop	{r3, pc}
 243              	.LBE11:
 244              		.cfi_endproc
 245              	.LFE135:
 246              		.size	pwmEnableChannel, .-pwmEnableChannel
 247              		.align	2
 248 0094 AFF30080 		.p2align 4,,15
 248      AFF30080 
 248      AFF30080 
 249              		.global	pwmDisableChannel
 250              		.thumb
 251              		.thumb_func
 252              		.type	pwmDisableChannel, %function
 253              	pwmDisableChannel:
 254              	.LFB136:
 255              		.loc 1 200 0
 256              		.cfi_startproc
 257              		@ args = 0, pretend = 0, frame = 0
 258              		@ frame_needed = 0, uses_anonymous_args = 0
 259              	.LVL9:
 260 00a0 08B5     		push	{r3, lr}
 261              		.cfi_def_cfa_offset 8
 262              		.cfi_offset 3, -8
 263              		.cfi_offset 14, -4
 264              	.LBB12:
 265              		.loc 1 205 0
 266 00a2 2023     		movs	r3, #32
 267              	@ 205 "/home/sbcu/Dropbox/pcb-layouts/axo-on-discovery-board/axoloti/platform_linux/../chibios/os/h
 268 00a4 83F31188 		msr     BASEPRI, r3
 269              	@ 0 "" 2
 270              		.thumb
 271              	.LBE12:
 272              		.loc 1 208 0
 273 00a8 FFF7FEFF 		bl	pwm_lld_disable_channel
 274              	.LVL10:
 275              	.LBB13:
 276              		.loc 1 209 0
 277 00ac 0023     		movs	r3, #0
 278              	@ 209 "/home/sbcu/Dropbox/pcb-layouts/axo-on-discovery-board/axoloti/platform_linux/../chibios/os/h
 279 00ae 83F31188 		msr     BASEPRI, r3
 280              	@ 0 "" 2
ARM GAS  /tmp/ccpP4gDV.s 			page 6


 281              		.thumb
 282 00b2 08BD     		pop	{r3, pc}
 283              	.LBE13:
 284              		.cfi_endproc
 285              	.LFE136:
 286              		.size	pwmDisableChannel, .-pwmDisableChannel
 287              	.Letext0:
 288              		.file 2 "/home/sbcu/Dropbox/pcb-layouts/axo-on-discovery-board/axoloti/platform_linux/arm-none-eab
 289              		.file 3 "/home/sbcu/Dropbox/pcb-layouts/axo-on-discovery-board/axoloti/platform_linux/arm-none-eab
 290              		.file 4 "/home/sbcu/Dropbox/pcb-layouts/axo-on-discovery-board/axoloti/platform_linux/../chibios/o
 291              		.file 5 "/home/sbcu/Dropbox/pcb-layouts/axo-on-discovery-board/axoloti/platform_linux/../chibios/o
 292              		.file 6 "/home/sbcu/Dropbox/pcb-layouts/axo-on-discovery-board/axoloti/platform_linux/../chibios/o
 293              		.file 7 "/home/sbcu/Dropbox/pcb-layouts/axo-on-discovery-board/axoloti/platform_linux/../CMSIS//In
 294              		.section	.debug_info,"",%progbits
 295              	.Ldebug_info0:
 296 0000 81060000 		.4byte	0x681
 297 0004 0400     		.2byte	0x4
 298 0006 00000000 		.4byte	.Ldebug_abbrev0
 299 000a 04       		.byte	0x4
 300 000b 01       		.uleb128 0x1
 301 000c 27020000 		.4byte	.LASF64
 302 0010 01       		.byte	0x1
 303 0011 4C030000 		.4byte	.LASF65
 304 0015 5D000000 		.4byte	.LASF66
 305 0019 00000000 		.4byte	.Ltext0
 306 001d B4000000 		.4byte	.Letext0-.Ltext0
 307 0021 00000000 		.4byte	.Ldebug_line0
 308 0025 02       		.uleb128 0x2
 309 0026 04       		.byte	0x4
 310 0027 05       		.byte	0x5
 311 0028 696E7400 		.ascii	"int\000"
 312 002c 03       		.uleb128 0x3
 313 002d 04       		.byte	0x4
 314 002e 07       		.byte	0x7
 315 002f E2010000 		.4byte	.LASF0
 316 0033 03       		.uleb128 0x3
 317 0034 01       		.byte	0x1
 318 0035 06       		.byte	0x6
 319 0036 B6010000 		.4byte	.LASF1
 320 003a 04       		.uleb128 0x4
 321 003b 42010000 		.4byte	.LASF4
 322 003f 02       		.byte	0x2
 323 0040 1D       		.byte	0x1d
 324 0041 45000000 		.4byte	0x45
 325 0045 03       		.uleb128 0x3
 326 0046 01       		.byte	0x1
 327 0047 08       		.byte	0x8
 328 0048 7F010000 		.4byte	.LASF2
 329 004c 03       		.uleb128 0x3
 330 004d 02       		.byte	0x2
 331 004e 05       		.byte	0x5
 332 004f 29000000 		.4byte	.LASF3
 333 0053 04       		.uleb128 0x4
 334 0054 C1000000 		.4byte	.LASF5
 335 0058 02       		.byte	0x2
 336 0059 2B       		.byte	0x2b
 337 005a 5E000000 		.4byte	0x5e
ARM GAS  /tmp/ccpP4gDV.s 			page 7


 338 005e 03       		.uleb128 0x3
 339 005f 02       		.byte	0x2
 340 0060 07       		.byte	0x7
 341 0061 02020000 		.4byte	.LASF6
 342 0065 04       		.uleb128 0x4
 343 0066 DD030000 		.4byte	.LASF7
 344 006a 02       		.byte	0x2
 345 006b 3F       		.byte	0x3f
 346 006c 70000000 		.4byte	0x70
 347 0070 03       		.uleb128 0x3
 348 0071 04       		.byte	0x4
 349 0072 05       		.byte	0x5
 350 0073 20010000 		.4byte	.LASF8
 351 0077 04       		.uleb128 0x4
 352 0078 B1000000 		.4byte	.LASF9
 353 007c 02       		.byte	0x2
 354 007d 41       		.byte	0x41
 355 007e 82000000 		.4byte	0x82
 356 0082 03       		.uleb128 0x3
 357 0083 04       		.byte	0x4
 358 0084 07       		.byte	0x7
 359 0085 C5030000 		.4byte	.LASF10
 360 0089 03       		.uleb128 0x3
 361 008a 08       		.byte	0x8
 362 008b 05       		.byte	0x5
 363 008c 12010000 		.4byte	.LASF11
 364 0090 03       		.uleb128 0x3
 365 0091 08       		.byte	0x8
 366 0092 07       		.byte	0x7
 367 0093 C2010000 		.4byte	.LASF12
 368 0097 04       		.uleb128 0x4
 369 0098 EA000000 		.4byte	.LASF13
 370 009c 03       		.byte	0x3
 371 009d 14       		.byte	0x14
 372 009e 3A000000 		.4byte	0x3a
 373 00a2 04       		.uleb128 0x4
 374 00a3 EF010000 		.4byte	.LASF14
 375 00a7 03       		.byte	0x3
 376 00a8 1A       		.byte	0x1a
 377 00a9 53000000 		.4byte	0x53
 378 00ad 04       		.uleb128 0x4
 379 00ae 36030000 		.4byte	.LASF15
 380 00b2 03       		.byte	0x3
 381 00b3 1F       		.byte	0x1f
 382 00b4 65000000 		.4byte	0x65
 383 00b8 04       		.uleb128 0x4
 384 00b9 D9010000 		.4byte	.LASF16
 385 00bd 03       		.byte	0x3
 386 00be 20       		.byte	0x20
 387 00bf 77000000 		.4byte	0x77
 388 00c3 03       		.uleb128 0x3
 389 00c4 01       		.byte	0x1
 390 00c5 02       		.byte	0x2
 391 00c6 3E030000 		.4byte	.LASF17
 392 00ca 05       		.uleb128 0x5
 393 00cb B8000000 		.4byte	0xb8
 394 00cf 03       		.uleb128 0x3
ARM GAS  /tmp/ccpP4gDV.s 			page 8


 395 00d0 04       		.byte	0x4
 396 00d1 07       		.byte	0x7
 397 00d2 3C000000 		.4byte	.LASF18
 398 00d6 03       		.uleb128 0x3
 399 00d7 01       		.byte	0x1
 400 00d8 08       		.byte	0x8
 401 00d9 22020000 		.4byte	.LASF19
 402 00dd 06       		.uleb128 0x6
 403 00de B8000000 		.4byte	0xb8
 404 00e2 ED000000 		.4byte	0xed
 405 00e6 07       		.uleb128 0x7
 406 00e7 CF000000 		.4byte	0xcf
 407 00eb 03       		.byte	0x3
 408 00ec 00       		.byte	0
 409 00ed 05       		.uleb128 0x5
 410 00ee AD000000 		.4byte	0xad
 411 00f2 08       		.uleb128 0x8
 412 00f3 01       		.byte	0x1
 413 00f4 04       		.byte	0x4
 414 00f5 55       		.byte	0x55
 415 00f6 0D010000 		.4byte	0x10d
 416 00fa 09       		.uleb128 0x9
 417 00fb 74010000 		.4byte	.LASF20
 418 00ff 00       		.sleb128 0
 419 0100 09       		.uleb128 0x9
 420 0101 F1030000 		.4byte	.LASF21
 421 0105 01       		.sleb128 1
 422 0106 09       		.uleb128 0x9
 423 0107 E7030000 		.4byte	.LASF22
 424 010b 02       		.sleb128 2
 425 010c 00       		.byte	0
 426 010d 04       		.uleb128 0x4
 427 010e 39040000 		.4byte	.LASF23
 428 0112 04       		.byte	0x4
 429 0113 59       		.byte	0x59
 430 0114 F2000000 		.4byte	0xf2
 431 0118 04       		.uleb128 0x4
 432 0119 2C030000 		.4byte	.LASF24
 433 011d 04       		.byte	0x4
 434 011e 5E       		.byte	0x5e
 435 011f 23010000 		.4byte	0x123
 436 0123 0A       		.uleb128 0xa
 437 0124 2C030000 		.4byte	.LASF24
 438 0128 14       		.byte	0x14
 439 0129 05       		.byte	0x5
 440 012a 6F01     		.2byte	0x16f
 441 012c 72010000 		.4byte	0x172
 442 0130 0B       		.uleb128 0xb
 443 0131 17000000 		.4byte	.LASF25
 444 0135 05       		.byte	0x5
 445 0136 7301     		.2byte	0x173
 446 0138 0D010000 		.4byte	0x10d
 447 013c 00       		.byte	0
 448 013d 0B       		.uleb128 0xb
 449 013e D5000000 		.4byte	.LASF26
 450 0142 05       		.byte	0x5
 451 0143 7701     		.2byte	0x177
ARM GAS  /tmp/ccpP4gDV.s 			page 9


 452 0145 86030000 		.4byte	0x386
 453 0149 04       		.byte	0x4
 454 014a 0B       		.uleb128 0xb
 455 014b 3B010000 		.4byte	.LASF27
 456 014f 05       		.byte	0x5
 457 0150 7B01     		.2byte	0x17b
 458 0152 D6020000 		.4byte	0x2d6
 459 0156 08       		.byte	0x8
 460 0157 0B       		.uleb128 0xb
 461 0158 D7030000 		.4byte	.LASF28
 462 015c 05       		.byte	0x5
 463 015d 8301     		.2byte	0x183
 464 015f B8000000 		.4byte	0xb8
 465 0163 0C       		.byte	0xc
 466 0164 0C       		.uleb128 0xc
 467 0165 74696D00 		.ascii	"tim\000"
 468 0169 05       		.byte	0x5
 469 016a 8701     		.2byte	0x187
 470 016c 91030000 		.4byte	0x391
 471 0170 10       		.byte	0x10
 472 0171 00       		.byte	0
 473 0172 04       		.uleb128 0x4
 474 0173 44040000 		.4byte	.LASF29
 475 0177 04       		.byte	0x4
 476 0178 65       		.byte	0x65
 477 0179 7D010000 		.4byte	0x17d
 478 017d 0D       		.uleb128 0xd
 479 017e 04       		.byte	0x4
 480 017f 83010000 		.4byte	0x183
 481 0183 0E       		.uleb128 0xe
 482 0184 8E010000 		.4byte	0x18e
 483 0188 0F       		.uleb128 0xf
 484 0189 8E010000 		.4byte	0x18e
 485 018d 00       		.byte	0
 486 018e 0D       		.uleb128 0xd
 487 018f 04       		.byte	0x4
 488 0190 18010000 		.4byte	0x118
 489 0194 10       		.uleb128 0x10
 490 0195 60       		.byte	0x60
 491 0196 06       		.byte	0x6
 492 0197 9E01     		.2byte	0x19e
 493 0199 AD020000 		.4byte	0x2ad
 494 019d 0C       		.uleb128 0xc
 495 019e 43523100 		.ascii	"CR1\000"
 496 01a2 06       		.byte	0x6
 497 01a3 9F01     		.2byte	0x19f
 498 01a5 CA000000 		.4byte	0xca
 499 01a9 00       		.byte	0
 500 01aa 0C       		.uleb128 0xc
 501 01ab 43523200 		.ascii	"CR2\000"
 502 01af 06       		.byte	0x6
 503 01b0 A001     		.2byte	0x1a0
 504 01b2 CA000000 		.4byte	0xca
 505 01b6 04       		.byte	0x4
 506 01b7 0B       		.uleb128 0xb
 507 01b8 6F010000 		.4byte	.LASF30
 508 01bc 06       		.byte	0x6
ARM GAS  /tmp/ccpP4gDV.s 			page 10


 509 01bd A101     		.2byte	0x1a1
 510 01bf CA000000 		.4byte	0xca
 511 01c3 08       		.byte	0x8
 512 01c4 0B       		.uleb128 0xb
 513 01c5 FD010000 		.4byte	.LASF31
 514 01c9 06       		.byte	0x6
 515 01ca A201     		.2byte	0x1a2
 516 01cc CA000000 		.4byte	0xca
 517 01d0 0C       		.byte	0xc
 518 01d1 0C       		.uleb128 0xc
 519 01d2 535200   		.ascii	"SR\000"
 520 01d5 06       		.byte	0x6
 521 01d6 A301     		.2byte	0x1a3
 522 01d8 CA000000 		.4byte	0xca
 523 01dc 10       		.byte	0x10
 524 01dd 0C       		.uleb128 0xc
 525 01de 45475200 		.ascii	"EGR\000"
 526 01e2 06       		.byte	0x6
 527 01e3 A401     		.2byte	0x1a4
 528 01e5 CA000000 		.4byte	0xca
 529 01e9 14       		.byte	0x14
 530 01ea 0B       		.uleb128 0xb
 531 01eb 4C010000 		.4byte	.LASF32
 532 01ef 06       		.byte	0x6
 533 01f0 A501     		.2byte	0x1a5
 534 01f2 CA000000 		.4byte	0xca
 535 01f6 18       		.byte	0x18
 536 01f7 0B       		.uleb128 0xb
 537 01f8 1D000000 		.4byte	.LASF33
 538 01fc 06       		.byte	0x6
 539 01fd A601     		.2byte	0x1a6
 540 01ff CA000000 		.4byte	0xca
 541 0203 1C       		.byte	0x1c
 542 0204 0B       		.uleb128 0xb
 543 0205 00000000 		.4byte	.LASF34
 544 0209 06       		.byte	0x6
 545 020a A701     		.2byte	0x1a7
 546 020c CA000000 		.4byte	0xca
 547 0210 20       		.byte	0x20
 548 0211 0C       		.uleb128 0xc
 549 0212 434E5400 		.ascii	"CNT\000"
 550 0216 06       		.byte	0x6
 551 0217 A801     		.2byte	0x1a8
 552 0219 CA000000 		.4byte	0xca
 553 021d 24       		.byte	0x24
 554 021e 0C       		.uleb128 0xc
 555 021f 50534300 		.ascii	"PSC\000"
 556 0223 06       		.byte	0x6
 557 0224 A901     		.2byte	0x1a9
 558 0226 CA000000 		.4byte	0xca
 559 022a 28       		.byte	0x28
 560 022b 0C       		.uleb128 0xc
 561 022c 41525200 		.ascii	"ARR\000"
 562 0230 06       		.byte	0x6
 563 0231 AA01     		.2byte	0x1aa
 564 0233 CA000000 		.4byte	0xca
 565 0237 2C       		.byte	0x2c
ARM GAS  /tmp/ccpP4gDV.s 			page 11


 566 0238 0C       		.uleb128 0xc
 567 0239 52435200 		.ascii	"RCR\000"
 568 023d 06       		.byte	0x6
 569 023e AB01     		.2byte	0x1ab
 570 0240 CA000000 		.4byte	0xca
 571 0244 30       		.byte	0x30
 572 0245 0C       		.uleb128 0xc
 573 0246 43435200 		.ascii	"CCR\000"
 574 024a 06       		.byte	0x6
 575 024b AC01     		.2byte	0x1ac
 576 024d AD020000 		.4byte	0x2ad
 577 0251 34       		.byte	0x34
 578 0252 0B       		.uleb128 0xb
 579 0253 F8010000 		.4byte	.LASF35
 580 0257 06       		.byte	0x6
 581 0258 AD01     		.2byte	0x1ad
 582 025a CA000000 		.4byte	0xca
 583 025e 44       		.byte	0x44
 584 025f 0C       		.uleb128 0xc
 585 0260 44435200 		.ascii	"DCR\000"
 586 0264 06       		.byte	0x6
 587 0265 AE01     		.2byte	0x1ae
 588 0267 CA000000 		.4byte	0xca
 589 026b 48       		.byte	0x48
 590 026c 0B       		.uleb128 0xb
 591 026d 12000000 		.4byte	.LASF36
 592 0271 06       		.byte	0x6
 593 0272 AF01     		.2byte	0x1af
 594 0274 CA000000 		.4byte	0xca
 595 0278 4C       		.byte	0x4c
 596 0279 0C       		.uleb128 0xc
 597 027a 4F5200   		.ascii	"OR\000"
 598 027d 06       		.byte	0x6
 599 027e B001     		.2byte	0x1b0
 600 0280 CA000000 		.4byte	0xca
 601 0284 50       		.byte	0x50
 602 0285 0B       		.uleb128 0xb
 603 0286 23000000 		.4byte	.LASF37
 604 028a 06       		.byte	0x6
 605 028b B101     		.2byte	0x1b1
 606 028d CA000000 		.4byte	0xca
 607 0291 54       		.byte	0x54
 608 0292 0B       		.uleb128 0xb
 609 0293 31010000 		.4byte	.LASF38
 610 0297 06       		.byte	0x6
 611 0298 B201     		.2byte	0x1b2
 612 029a CA000000 		.4byte	0xca
 613 029e 58       		.byte	0x58
 614 029f 0B       		.uleb128 0xb
 615 02a0 36010000 		.4byte	.LASF39
 616 02a4 06       		.byte	0x6
 617 02a5 B301     		.2byte	0x1b3
 618 02a7 CA000000 		.4byte	0xca
 619 02ab 5C       		.byte	0x5c
 620 02ac 00       		.byte	0
 621 02ad 05       		.uleb128 0x5
 622 02ae DD000000 		.4byte	0xdd
ARM GAS  /tmp/ccpP4gDV.s 			page 12


 623 02b2 11       		.uleb128 0x11
 624 02b3 20030000 		.4byte	.LASF40
 625 02b7 06       		.byte	0x6
 626 02b8 B401     		.2byte	0x1b4
 627 02ba 94010000 		.4byte	0x194
 628 02be 11       		.uleb128 0x11
 629 02bf 22040000 		.4byte	.LASF41
 630 02c3 05       		.byte	0x5
 631 02c4 2001     		.2byte	0x120
 632 02c6 B8000000 		.4byte	0xb8
 633 02ca 11       		.uleb128 0x11
 634 02cb A4000000 		.4byte	.LASF42
 635 02cf 05       		.byte	0x5
 636 02d0 2501     		.2byte	0x125
 637 02d2 97000000 		.4byte	0x97
 638 02d6 11       		.uleb128 0x11
 639 02d7 33000000 		.4byte	.LASF43
 640 02db 05       		.byte	0x5
 641 02dc 2A01     		.2byte	0x12a
 642 02de A2000000 		.4byte	0xa2
 643 02e2 10       		.uleb128 0x10
 644 02e3 08       		.byte	0x8
 645 02e4 05       		.byte	0x5
 646 02e5 2F01     		.2byte	0x12f
 647 02e7 06030000 		.4byte	0x306
 648 02eb 0B       		.uleb128 0xb
 649 02ec BC000000 		.4byte	.LASF44
 650 02f0 05       		.byte	0x5
 651 02f1 3301     		.2byte	0x133
 652 02f3 BE020000 		.4byte	0x2be
 653 02f7 00       		.byte	0
 654 02f8 0B       		.uleb128 0xb
 655 02f9 52040000 		.4byte	.LASF45
 656 02fd 05       		.byte	0x5
 657 02fe 3901     		.2byte	0x139
 658 0300 72010000 		.4byte	0x172
 659 0304 04       		.byte	0x4
 660 0305 00       		.byte	0
 661 0306 11       		.uleb128 0x11
 662 0307 11040000 		.4byte	.LASF46
 663 030b 05       		.byte	0x5
 664 030c 3B01     		.2byte	0x13b
 665 030e E2020000 		.4byte	0x2e2
 666 0312 10       		.uleb128 0x10
 667 0313 34       		.byte	0x34
 668 0314 05       		.byte	0x5
 669 0315 4001     		.2byte	0x140
 670 0317 6A030000 		.4byte	0x36a
 671 031b 0B       		.uleb128 0xb
 672 031c 07040000 		.4byte	.LASF47
 673 0320 05       		.byte	0x5
 674 0321 4601     		.2byte	0x146
 675 0323 B8000000 		.4byte	0xb8
 676 0327 00       		.byte	0
 677 0328 0B       		.uleb128 0xb
 678 0329 3B010000 		.4byte	.LASF27
 679 032d 05       		.byte	0x5
ARM GAS  /tmp/ccpP4gDV.s 			page 13


 680 032e 4C01     		.2byte	0x14c
 681 0330 D6020000 		.4byte	0x2d6
 682 0334 04       		.byte	0x4
 683 0335 0B       		.uleb128 0xb
 684 0336 52040000 		.4byte	.LASF45
 685 033a 05       		.byte	0x5
 686 033b 5201     		.2byte	0x152
 687 033d 72010000 		.4byte	0x172
 688 0341 08       		.byte	0x8
 689 0342 0B       		.uleb128 0xb
 690 0343 CC000000 		.4byte	.LASF48
 691 0347 05       		.byte	0x5
 692 0348 5601     		.2byte	0x156
 693 034a 6A030000 		.4byte	0x36a
 694 034e 0C       		.byte	0xc
 695 034f 0C       		.uleb128 0xc
 696 0350 63723200 		.ascii	"cr2\000"
 697 0354 05       		.byte	0x5
 698 0355 5C01     		.2byte	0x15c
 699 0357 B8000000 		.4byte	0xb8
 700 035b 2C       		.byte	0x2c
 701 035c 0B       		.uleb128 0xb
 702 035d FA030000 		.4byte	.LASF49
 703 0361 05       		.byte	0x5
 704 0362 6901     		.2byte	0x169
 705 0364 B8000000 		.4byte	0xb8
 706 0368 30       		.byte	0x30
 707 0369 00       		.byte	0
 708 036a 06       		.uleb128 0x6
 709 036b 06030000 		.4byte	0x306
 710 036f 7A030000 		.4byte	0x37a
 711 0373 07       		.uleb128 0x7
 712 0374 CF000000 		.4byte	0xcf
 713 0378 03       		.byte	0x3
 714 0379 00       		.byte	0
 715 037a 11       		.uleb128 0x11
 716 037b 60010000 		.4byte	.LASF50
 717 037f 05       		.byte	0x5
 718 0380 6A01     		.2byte	0x16a
 719 0382 12030000 		.4byte	0x312
 720 0386 0D       		.uleb128 0xd
 721 0387 04       		.byte	0x4
 722 0388 8C030000 		.4byte	0x38c
 723 038c 12       		.uleb128 0x12
 724 038d 7A030000 		.4byte	0x37a
 725 0391 0D       		.uleb128 0xd
 726 0392 04       		.byte	0x4
 727 0393 B2020000 		.4byte	0x2b2
 728 0397 13       		.uleb128 0x13
 729 0398 29010000 		.4byte	.LASF51
 730 039c 01       		.byte	0x1
 731 039d 44       		.byte	0x44
 732 039e 00000000 		.4byte	.LFB130
 733 03a2 04000000 		.4byte	.LFE130-.LFB130
 734 03a6 01       		.uleb128 0x1
 735 03a7 9C       		.byte	0x9c
 736 03a8 B6030000 		.4byte	0x3b6
ARM GAS  /tmp/ccpP4gDV.s 			page 14


 737 03ac 14       		.uleb128 0x14
 738 03ad 04000000 		.4byte	.LVL0
 739 03b1 29060000 		.4byte	0x629
 740 03b5 00       		.byte	0
 741 03b6 13       		.uleb128 0x13
 742 03b7 DC000000 		.4byte	.LASF52
 743 03bb 01       		.byte	0x1
 744 03bc 50       		.byte	0x50
 745 03bd 10000000 		.4byte	.LFB131
 746 03c1 0A000000 		.4byte	.LFE131-.LFB131
 747 03c5 01       		.uleb128 0x1
 748 03c6 9C       		.byte	0x9c
 749 03c7 D9030000 		.4byte	0x3d9
 750 03cb 15       		.uleb128 0x15
 751 03cc 6A010000 		.4byte	.LASF54
 752 03d0 01       		.byte	0x1
 753 03d1 50       		.byte	0x50
 754 03d2 8E010000 		.4byte	0x18e
 755 03d6 01       		.uleb128 0x1
 756 03d7 50       		.byte	0x50
 757 03d8 00       		.byte	0
 758 03d9 13       		.uleb128 0x13
 759 03da 09010000 		.4byte	.LASF53
 760 03de 01       		.byte	0x1
 761 03df 63       		.byte	0x63
 762 03e0 20000000 		.4byte	.LFB132
 763 03e4 20000000 		.4byte	.LFE132-.LFB132
 764 03e8 01       		.uleb128 0x1
 765 03e9 9C       		.byte	0x9c
 766 03ea 4F040000 		.4byte	0x44f
 767 03ee 16       		.uleb128 0x16
 768 03ef 6A010000 		.4byte	.LASF54
 769 03f3 01       		.byte	0x1
 770 03f4 63       		.byte	0x63
 771 03f5 8E010000 		.4byte	0x18e
 772 03f9 00000000 		.4byte	.LLST0
 773 03fd 16       		.uleb128 0x16
 774 03fe D5000000 		.4byte	.LASF26
 775 0402 01       		.byte	0x1
 776 0403 63       		.byte	0x63
 777 0404 86030000 		.4byte	0x386
 778 0408 1E000000 		.4byte	.LLST1
 779 040c 17       		.uleb128 0x17
 780 040d 00000000 		.4byte	.Ldebug_ranges0+0
 781 0411 23040000 		.4byte	0x423
 782 0415 18       		.uleb128 0x18
 783 0416 746D7000 		.ascii	"tmp\000"
 784 041a 01       		.byte	0x1
 785 041b 67       		.byte	0x67
 786 041c B8000000 		.4byte	0xb8
 787 0420 01       		.uleb128 0x1
 788 0421 53       		.byte	0x53
 789 0422 00       		.byte	0
 790 0423 19       		.uleb128 0x19
 791 0424 38000000 		.4byte	.LBB4
 792 0428 08000000 		.4byte	.LBE4-.LBB4
 793 042c 3E040000 		.4byte	0x43e
ARM GAS  /tmp/ccpP4gDV.s 			page 15


 794 0430 18       		.uleb128 0x18
 795 0431 746D7000 		.ascii	"tmp\000"
 796 0435 01       		.byte	0x1
 797 0436 6E       		.byte	0x6e
 798 0437 B8000000 		.4byte	0xb8
 799 043b 01       		.uleb128 0x1
 800 043c 53       		.byte	0x53
 801 043d 00       		.byte	0
 802 043e 1A       		.uleb128 0x1a
 803 043f 34000000 		.4byte	.LVL3
 804 0443 31060000 		.4byte	0x631
 805 0447 1B       		.uleb128 0x1b
 806 0448 01       		.uleb128 0x1
 807 0449 50       		.byte	0x50
 808 044a 02       		.uleb128 0x2
 809 044b 74       		.byte	0x74
 810 044c 00       		.sleb128 0
 811 044d 00       		.byte	0
 812 044e 00       		.byte	0
 813 044f 13       		.uleb128 0x13
 814 0450 FF030000 		.4byte	.LASF55
 815 0454 01       		.byte	0x1
 816 0455 78       		.byte	0x78
 817 0456 40000000 		.4byte	.LFB133
 818 045a 1A000000 		.4byte	.LFE133-.LFB133
 819 045e 01       		.uleb128 0x1
 820 045f 9C       		.byte	0x9c
 821 0460 B6040000 		.4byte	0x4b6
 822 0464 16       		.uleb128 0x16
 823 0465 6A010000 		.4byte	.LASF54
 824 0469 01       		.byte	0x1
 825 046a 78       		.byte	0x78
 826 046b 8E010000 		.4byte	0x18e
 827 046f 3F000000 		.4byte	.LLST2
 828 0473 17       		.uleb128 0x17
 829 0474 18000000 		.4byte	.Ldebug_ranges0+0x18
 830 0478 8A040000 		.4byte	0x48a
 831 047c 18       		.uleb128 0x18
 832 047d 746D7000 		.ascii	"tmp\000"
 833 0481 01       		.byte	0x1
 834 0482 7C       		.byte	0x7c
 835 0483 B8000000 		.4byte	0xb8
 836 0487 01       		.uleb128 0x1
 837 0488 53       		.byte	0x53
 838 0489 00       		.byte	0
 839 048a 19       		.uleb128 0x19
 840 048b 52000000 		.4byte	.LBB7
 841 048f 08000000 		.4byte	.LBE7-.LBB7
 842 0493 A5040000 		.4byte	0x4a5
 843 0497 18       		.uleb128 0x18
 844 0498 746D7000 		.ascii	"tmp\000"
 845 049c 01       		.byte	0x1
 846 049d 81       		.byte	0x81
 847 049e B8000000 		.4byte	0xb8
 848 04a2 01       		.uleb128 0x1
 849 04a3 53       		.byte	0x53
 850 04a4 00       		.byte	0
ARM GAS  /tmp/ccpP4gDV.s 			page 16


 851 04a5 1A       		.uleb128 0x1a
 852 04a6 4E000000 		.4byte	.LVL5
 853 04aa 43060000 		.4byte	0x643
 854 04ae 1B       		.uleb128 0x1b
 855 04af 01       		.uleb128 0x1
 856 04b0 50       		.byte	0x50
 857 04b1 02       		.uleb128 0x2
 858 04b2 74       		.byte	0x74
 859 04b3 00       		.sleb128 0
 860 04b4 00       		.byte	0
 861 04b5 00       		.byte	0
 862 04b6 13       		.uleb128 0x13
 863 04b7 B5030000 		.4byte	.LASF56
 864 04bb 01       		.byte	0x1
 865 04bc 93       		.byte	0x93
 866 04bd 60000000 		.4byte	.LFB134
 867 04c1 18000000 		.4byte	.LFE134-.LFB134
 868 04c5 01       		.uleb128 0x1
 869 04c6 9C       		.byte	0x9c
 870 04c7 18050000 		.4byte	0x518
 871 04cb 15       		.uleb128 0x15
 872 04cc 6A010000 		.4byte	.LASF54
 873 04d0 01       		.byte	0x1
 874 04d1 93       		.byte	0x93
 875 04d2 8E010000 		.4byte	0x18e
 876 04d6 01       		.uleb128 0x1
 877 04d7 50       		.byte	0x50
 878 04d8 15       		.uleb128 0x15
 879 04d9 3B010000 		.4byte	.LASF27
 880 04dd 01       		.byte	0x1
 881 04de 93       		.byte	0x93
 882 04df D6020000 		.4byte	0x2d6
 883 04e3 01       		.uleb128 0x1
 884 04e4 51       		.byte	0x51
 885 04e5 19       		.uleb128 0x19
 886 04e6 60000000 		.4byte	.LBB8
 887 04ea 06000000 		.4byte	.LBE8-.LBB8
 888 04ee 00050000 		.4byte	0x500
 889 04f2 18       		.uleb128 0x18
 890 04f3 746D7000 		.ascii	"tmp\000"
 891 04f7 01       		.byte	0x1
 892 04f8 97       		.byte	0x97
 893 04f9 B8000000 		.4byte	0xb8
 894 04fd 01       		.uleb128 0x1
 895 04fe 53       		.byte	0x53
 896 04ff 00       		.byte	0
 897 0500 1C       		.uleb128 0x1c
 898 0501 70000000 		.4byte	.LBB9
 899 0505 08000000 		.4byte	.LBE9-.LBB9
 900 0509 18       		.uleb128 0x18
 901 050a 746D7000 		.ascii	"tmp\000"
 902 050e 01       		.byte	0x1
 903 050f 9B       		.byte	0x9b
 904 0510 B8000000 		.4byte	0xb8
 905 0514 01       		.uleb128 0x1
 906 0515 53       		.byte	0x53
 907 0516 00       		.byte	0
ARM GAS  /tmp/ccpP4gDV.s 			page 17


 908 0517 00       		.byte	0
 909 0518 13       		.uleb128 0x13
 910 0519 F2000000 		.4byte	.LASF57
 911 051d 01       		.byte	0x1
 912 051e AC       		.byte	0xac
 913 051f 80000000 		.4byte	.LFB135
 914 0523 14000000 		.4byte	.LFE135-.LFB135
 915 0527 01       		.uleb128 0x1
 916 0528 9C       		.byte	0x9c
 917 0529 A2050000 		.4byte	0x5a2
 918 052d 16       		.uleb128 0x16
 919 052e 6A010000 		.4byte	.LASF54
 920 0532 01       		.byte	0x1
 921 0533 AC       		.byte	0xac
 922 0534 8E010000 		.4byte	0x18e
 923 0538 5D000000 		.4byte	.LLST3
 924 053c 16       		.uleb128 0x16
 925 053d 44030000 		.4byte	.LASF58
 926 0541 01       		.byte	0x1
 927 0542 AD       		.byte	0xad
 928 0543 CA020000 		.4byte	0x2ca
 929 0547 7E000000 		.4byte	.LLST4
 930 054b 16       		.uleb128 0x16
 931 054c 03010000 		.4byte	.LASF59
 932 0550 01       		.byte	0x1
 933 0551 AE       		.byte	0xae
 934 0552 D6020000 		.4byte	0x2d6
 935 0556 9F000000 		.4byte	.LLST5
 936 055a 19       		.uleb128 0x19
 937 055b 82000000 		.4byte	.LBB10
 938 055f 06000000 		.4byte	.LBE10-.LBB10
 939 0563 75050000 		.4byte	0x575
 940 0567 18       		.uleb128 0x18
 941 0568 746D7000 		.ascii	"tmp\000"
 942 056c 01       		.byte	0x1
 943 056d B3       		.byte	0xb3
 944 056e B8000000 		.4byte	0xb8
 945 0572 01       		.uleb128 0x1
 946 0573 53       		.byte	0x53
 947 0574 00       		.byte	0
 948 0575 19       		.uleb128 0x19
 949 0576 8C000000 		.4byte	.LBB11
 950 057a 08000000 		.4byte	.LBE11-.LBB11
 951 057e 90050000 		.4byte	0x590
 952 0582 18       		.uleb128 0x18
 953 0583 746D7000 		.ascii	"tmp\000"
 954 0587 01       		.byte	0x1
 955 0588 B7       		.byte	0xb7
 956 0589 B8000000 		.4byte	0xb8
 957 058d 01       		.uleb128 0x1
 958 058e 53       		.byte	0x53
 959 058f 00       		.byte	0
 960 0590 1A       		.uleb128 0x1a
 961 0591 8C000000 		.4byte	.LVL8
 962 0595 55060000 		.4byte	0x655
 963 0599 1B       		.uleb128 0x1b
 964 059a 01       		.uleb128 0x1
ARM GAS  /tmp/ccpP4gDV.s 			page 18


 965 059b 50       		.byte	0x50
 966 059c 03       		.uleb128 0x3
 967 059d F3       		.byte	0xf3
 968 059e 01       		.uleb128 0x1
 969 059f 50       		.byte	0x50
 970 05a0 00       		.byte	0
 971 05a1 00       		.byte	0
 972 05a2 13       		.uleb128 0x13
 973 05a3 A4010000 		.4byte	.LASF60
 974 05a7 01       		.byte	0x1
 975 05a8 C8       		.byte	0xc8
 976 05a9 A0000000 		.4byte	.LFB136
 977 05ad 14000000 		.4byte	.LFE136-.LFB136
 978 05b1 01       		.uleb128 0x1
 979 05b2 9C       		.byte	0x9c
 980 05b3 1D060000 		.4byte	0x61d
 981 05b7 16       		.uleb128 0x16
 982 05b8 6A010000 		.4byte	.LASF54
 983 05bc 01       		.byte	0x1
 984 05bd C8       		.byte	0xc8
 985 05be 8E010000 		.4byte	0x18e
 986 05c2 C0000000 		.4byte	.LLST6
 987 05c6 16       		.uleb128 0x16
 988 05c7 44030000 		.4byte	.LASF58
 989 05cb 01       		.byte	0x1
 990 05cc C8       		.byte	0xc8
 991 05cd CA020000 		.4byte	0x2ca
 992 05d1 E1000000 		.4byte	.LLST7
 993 05d5 19       		.uleb128 0x19
 994 05d6 A2000000 		.4byte	.LBB12
 995 05da 06000000 		.4byte	.LBE12-.LBB12
 996 05de F0050000 		.4byte	0x5f0
 997 05e2 18       		.uleb128 0x18
 998 05e3 746D7000 		.ascii	"tmp\000"
 999 05e7 01       		.byte	0x1
 1000 05e8 CD       		.byte	0xcd
 1001 05e9 B8000000 		.4byte	0xb8
 1002 05ed 01       		.uleb128 0x1
 1003 05ee 53       		.byte	0x53
 1004 05ef 00       		.byte	0
 1005 05f0 19       		.uleb128 0x19
 1006 05f1 AC000000 		.4byte	.LBB13
 1007 05f5 08000000 		.4byte	.LBE13-.LBB13
 1008 05f9 0B060000 		.4byte	0x60b
 1009 05fd 18       		.uleb128 0x18
 1010 05fe 746D7000 		.ascii	"tmp\000"
 1011 0602 01       		.byte	0x1
 1012 0603 D1       		.byte	0xd1
 1013 0604 B8000000 		.4byte	0xb8
 1014 0608 01       		.uleb128 0x1
 1015 0609 53       		.byte	0x53
 1016 060a 00       		.byte	0
 1017 060b 1A       		.uleb128 0x1a
 1018 060c AC000000 		.4byte	.LVL10
 1019 0610 71060000 		.4byte	0x671
 1020 0614 1B       		.uleb128 0x1b
 1021 0615 01       		.uleb128 0x1
ARM GAS  /tmp/ccpP4gDV.s 			page 19


 1022 0616 50       		.byte	0x50
 1023 0617 03       		.uleb128 0x3
 1024 0618 F3       		.byte	0xf3
 1025 0619 01       		.uleb128 0x1
 1026 061a 50       		.byte	0x50
 1027 061b 00       		.byte	0
 1028 061c 00       		.byte	0
 1029 061d 1D       		.uleb128 0x1d
 1030 061e 2C040000 		.4byte	.LASF67
 1031 0622 07       		.byte	0x7
 1032 0623 DF07     		.2byte	0x7df
 1033 0625 ED000000 		.4byte	0xed
 1034 0629 1E       		.uleb128 0x1e
 1035 062a 15020000 		.4byte	.LASF68
 1036 062e 05       		.byte	0x5
 1037 062f D101     		.2byte	0x1d1
 1038 0631 1F       		.uleb128 0x1f
 1039 0632 52010000 		.4byte	.LASF61
 1040 0636 05       		.byte	0x5
 1041 0637 D201     		.2byte	0x1d2
 1042 0639 43060000 		.4byte	0x643
 1043 063d 0F       		.uleb128 0xf
 1044 063e 8E010000 		.4byte	0x18e
 1045 0642 00       		.byte	0
 1046 0643 1F       		.uleb128 0x1f
 1047 0644 05000000 		.4byte	.LASF62
 1048 0648 05       		.byte	0x5
 1049 0649 D301     		.2byte	0x1d3
 1050 064b 55060000 		.4byte	0x655
 1051 064f 0F       		.uleb128 0xf
 1052 0650 8E010000 		.4byte	0x18e
 1053 0654 00       		.byte	0
 1054 0655 1F       		.uleb128 0x1f
 1055 0656 8D010000 		.4byte	.LASF63
 1056 065a 05       		.byte	0x5
 1057 065b D401     		.2byte	0x1d4
 1058 065d 71060000 		.4byte	0x671
 1059 0661 0F       		.uleb128 0xf
 1060 0662 8E010000 		.4byte	0x18e
 1061 0666 0F       		.uleb128 0xf
 1062 0667 CA020000 		.4byte	0x2ca
 1063 066b 0F       		.uleb128 0xf
 1064 066c D6020000 		.4byte	0x2d6
 1065 0670 00       		.byte	0
 1066 0671 20       		.uleb128 0x20
 1067 0672 45000000 		.4byte	.LASF69
 1068 0676 05       		.byte	0x5
 1069 0677 D701     		.2byte	0x1d7
 1070 0679 0F       		.uleb128 0xf
 1071 067a 8E010000 		.4byte	0x18e
 1072 067e 0F       		.uleb128 0xf
 1073 067f CA020000 		.4byte	0x2ca
 1074 0683 00       		.byte	0
 1075 0684 00       		.byte	0
 1076              		.section	.debug_abbrev,"",%progbits
 1077              	.Ldebug_abbrev0:
 1078 0000 01       		.uleb128 0x1
ARM GAS  /tmp/ccpP4gDV.s 			page 20


 1079 0001 11       		.uleb128 0x11
 1080 0002 01       		.byte	0x1
 1081 0003 25       		.uleb128 0x25
 1082 0004 0E       		.uleb128 0xe
 1083 0005 13       		.uleb128 0x13
 1084 0006 0B       		.uleb128 0xb
 1085 0007 03       		.uleb128 0x3
 1086 0008 0E       		.uleb128 0xe
 1087 0009 1B       		.uleb128 0x1b
 1088 000a 0E       		.uleb128 0xe
 1089 000b 11       		.uleb128 0x11
 1090 000c 01       		.uleb128 0x1
 1091 000d 12       		.uleb128 0x12
 1092 000e 06       		.uleb128 0x6
 1093 000f 10       		.uleb128 0x10
 1094 0010 17       		.uleb128 0x17
 1095 0011 00       		.byte	0
 1096 0012 00       		.byte	0
 1097 0013 02       		.uleb128 0x2
 1098 0014 24       		.uleb128 0x24
 1099 0015 00       		.byte	0
 1100 0016 0B       		.uleb128 0xb
 1101 0017 0B       		.uleb128 0xb
 1102 0018 3E       		.uleb128 0x3e
 1103 0019 0B       		.uleb128 0xb
 1104 001a 03       		.uleb128 0x3
 1105 001b 08       		.uleb128 0x8
 1106 001c 00       		.byte	0
 1107 001d 00       		.byte	0
 1108 001e 03       		.uleb128 0x3
 1109 001f 24       		.uleb128 0x24
 1110 0020 00       		.byte	0
 1111 0021 0B       		.uleb128 0xb
 1112 0022 0B       		.uleb128 0xb
 1113 0023 3E       		.uleb128 0x3e
 1114 0024 0B       		.uleb128 0xb
 1115 0025 03       		.uleb128 0x3
 1116 0026 0E       		.uleb128 0xe
 1117 0027 00       		.byte	0
 1118 0028 00       		.byte	0
 1119 0029 04       		.uleb128 0x4
 1120 002a 16       		.uleb128 0x16
 1121 002b 00       		.byte	0
 1122 002c 03       		.uleb128 0x3
 1123 002d 0E       		.uleb128 0xe
 1124 002e 3A       		.uleb128 0x3a
 1125 002f 0B       		.uleb128 0xb
 1126 0030 3B       		.uleb128 0x3b
 1127 0031 0B       		.uleb128 0xb
 1128 0032 49       		.uleb128 0x49
 1129 0033 13       		.uleb128 0x13
 1130 0034 00       		.byte	0
 1131 0035 00       		.byte	0
 1132 0036 05       		.uleb128 0x5
 1133 0037 35       		.uleb128 0x35
 1134 0038 00       		.byte	0
 1135 0039 49       		.uleb128 0x49
ARM GAS  /tmp/ccpP4gDV.s 			page 21


 1136 003a 13       		.uleb128 0x13
 1137 003b 00       		.byte	0
 1138 003c 00       		.byte	0
 1139 003d 06       		.uleb128 0x6
 1140 003e 01       		.uleb128 0x1
 1141 003f 01       		.byte	0x1
 1142 0040 49       		.uleb128 0x49
 1143 0041 13       		.uleb128 0x13
 1144 0042 01       		.uleb128 0x1
 1145 0043 13       		.uleb128 0x13
 1146 0044 00       		.byte	0
 1147 0045 00       		.byte	0
 1148 0046 07       		.uleb128 0x7
 1149 0047 21       		.uleb128 0x21
 1150 0048 00       		.byte	0
 1151 0049 49       		.uleb128 0x49
 1152 004a 13       		.uleb128 0x13
 1153 004b 2F       		.uleb128 0x2f
 1154 004c 0B       		.uleb128 0xb
 1155 004d 00       		.byte	0
 1156 004e 00       		.byte	0
 1157 004f 08       		.uleb128 0x8
 1158 0050 04       		.uleb128 0x4
 1159 0051 01       		.byte	0x1
 1160 0052 0B       		.uleb128 0xb
 1161 0053 0B       		.uleb128 0xb
 1162 0054 3A       		.uleb128 0x3a
 1163 0055 0B       		.uleb128 0xb
 1164 0056 3B       		.uleb128 0x3b
 1165 0057 0B       		.uleb128 0xb
 1166 0058 01       		.uleb128 0x1
 1167 0059 13       		.uleb128 0x13
 1168 005a 00       		.byte	0
 1169 005b 00       		.byte	0
 1170 005c 09       		.uleb128 0x9
 1171 005d 28       		.uleb128 0x28
 1172 005e 00       		.byte	0
 1173 005f 03       		.uleb128 0x3
 1174 0060 0E       		.uleb128 0xe
 1175 0061 1C       		.uleb128 0x1c
 1176 0062 0D       		.uleb128 0xd
 1177 0063 00       		.byte	0
 1178 0064 00       		.byte	0
 1179 0065 0A       		.uleb128 0xa
 1180 0066 13       		.uleb128 0x13
 1181 0067 01       		.byte	0x1
 1182 0068 03       		.uleb128 0x3
 1183 0069 0E       		.uleb128 0xe
 1184 006a 0B       		.uleb128 0xb
 1185 006b 0B       		.uleb128 0xb
 1186 006c 3A       		.uleb128 0x3a
 1187 006d 0B       		.uleb128 0xb
 1188 006e 3B       		.uleb128 0x3b
 1189 006f 05       		.uleb128 0x5
 1190 0070 01       		.uleb128 0x1
 1191 0071 13       		.uleb128 0x13
 1192 0072 00       		.byte	0
ARM GAS  /tmp/ccpP4gDV.s 			page 22


 1193 0073 00       		.byte	0
 1194 0074 0B       		.uleb128 0xb
 1195 0075 0D       		.uleb128 0xd
 1196 0076 00       		.byte	0
 1197 0077 03       		.uleb128 0x3
 1198 0078 0E       		.uleb128 0xe
 1199 0079 3A       		.uleb128 0x3a
 1200 007a 0B       		.uleb128 0xb
 1201 007b 3B       		.uleb128 0x3b
 1202 007c 05       		.uleb128 0x5
 1203 007d 49       		.uleb128 0x49
 1204 007e 13       		.uleb128 0x13
 1205 007f 38       		.uleb128 0x38
 1206 0080 0B       		.uleb128 0xb
 1207 0081 00       		.byte	0
 1208 0082 00       		.byte	0
 1209 0083 0C       		.uleb128 0xc
 1210 0084 0D       		.uleb128 0xd
 1211 0085 00       		.byte	0
 1212 0086 03       		.uleb128 0x3
 1213 0087 08       		.uleb128 0x8
 1214 0088 3A       		.uleb128 0x3a
 1215 0089 0B       		.uleb128 0xb
 1216 008a 3B       		.uleb128 0x3b
 1217 008b 05       		.uleb128 0x5
 1218 008c 49       		.uleb128 0x49
 1219 008d 13       		.uleb128 0x13
 1220 008e 38       		.uleb128 0x38
 1221 008f 0B       		.uleb128 0xb
 1222 0090 00       		.byte	0
 1223 0091 00       		.byte	0
 1224 0092 0D       		.uleb128 0xd
 1225 0093 0F       		.uleb128 0xf
 1226 0094 00       		.byte	0
 1227 0095 0B       		.uleb128 0xb
 1228 0096 0B       		.uleb128 0xb
 1229 0097 49       		.uleb128 0x49
 1230 0098 13       		.uleb128 0x13
 1231 0099 00       		.byte	0
 1232 009a 00       		.byte	0
 1233 009b 0E       		.uleb128 0xe
 1234 009c 15       		.uleb128 0x15
 1235 009d 01       		.byte	0x1
 1236 009e 27       		.uleb128 0x27
 1237 009f 19       		.uleb128 0x19
 1238 00a0 01       		.uleb128 0x1
 1239 00a1 13       		.uleb128 0x13
 1240 00a2 00       		.byte	0
 1241 00a3 00       		.byte	0
 1242 00a4 0F       		.uleb128 0xf
 1243 00a5 05       		.uleb128 0x5
 1244 00a6 00       		.byte	0
 1245 00a7 49       		.uleb128 0x49
 1246 00a8 13       		.uleb128 0x13
 1247 00a9 00       		.byte	0
 1248 00aa 00       		.byte	0
 1249 00ab 10       		.uleb128 0x10
ARM GAS  /tmp/ccpP4gDV.s 			page 23


 1250 00ac 13       		.uleb128 0x13
 1251 00ad 01       		.byte	0x1
 1252 00ae 0B       		.uleb128 0xb
 1253 00af 0B       		.uleb128 0xb
 1254 00b0 3A       		.uleb128 0x3a
 1255 00b1 0B       		.uleb128 0xb
 1256 00b2 3B       		.uleb128 0x3b
 1257 00b3 05       		.uleb128 0x5
 1258 00b4 01       		.uleb128 0x1
 1259 00b5 13       		.uleb128 0x13
 1260 00b6 00       		.byte	0
 1261 00b7 00       		.byte	0
 1262 00b8 11       		.uleb128 0x11
 1263 00b9 16       		.uleb128 0x16
 1264 00ba 00       		.byte	0
 1265 00bb 03       		.uleb128 0x3
 1266 00bc 0E       		.uleb128 0xe
 1267 00bd 3A       		.uleb128 0x3a
 1268 00be 0B       		.uleb128 0xb
 1269 00bf 3B       		.uleb128 0x3b
 1270 00c0 05       		.uleb128 0x5
 1271 00c1 49       		.uleb128 0x49
 1272 00c2 13       		.uleb128 0x13
 1273 00c3 00       		.byte	0
 1274 00c4 00       		.byte	0
 1275 00c5 12       		.uleb128 0x12
 1276 00c6 26       		.uleb128 0x26
 1277 00c7 00       		.byte	0
 1278 00c8 49       		.uleb128 0x49
 1279 00c9 13       		.uleb128 0x13
 1280 00ca 00       		.byte	0
 1281 00cb 00       		.byte	0
 1282 00cc 13       		.uleb128 0x13
 1283 00cd 2E       		.uleb128 0x2e
 1284 00ce 01       		.byte	0x1
 1285 00cf 3F       		.uleb128 0x3f
 1286 00d0 19       		.uleb128 0x19
 1287 00d1 03       		.uleb128 0x3
 1288 00d2 0E       		.uleb128 0xe
 1289 00d3 3A       		.uleb128 0x3a
 1290 00d4 0B       		.uleb128 0xb
 1291 00d5 3B       		.uleb128 0x3b
 1292 00d6 0B       		.uleb128 0xb
 1293 00d7 27       		.uleb128 0x27
 1294 00d8 19       		.uleb128 0x19
 1295 00d9 11       		.uleb128 0x11
 1296 00da 01       		.uleb128 0x1
 1297 00db 12       		.uleb128 0x12
 1298 00dc 06       		.uleb128 0x6
 1299 00dd 40       		.uleb128 0x40
 1300 00de 18       		.uleb128 0x18
 1301 00df 9742     		.uleb128 0x2117
 1302 00e1 19       		.uleb128 0x19
 1303 00e2 01       		.uleb128 0x1
 1304 00e3 13       		.uleb128 0x13
 1305 00e4 00       		.byte	0
 1306 00e5 00       		.byte	0
ARM GAS  /tmp/ccpP4gDV.s 			page 24


 1307 00e6 14       		.uleb128 0x14
 1308 00e7 898201   		.uleb128 0x4109
 1309 00ea 00       		.byte	0
 1310 00eb 11       		.uleb128 0x11
 1311 00ec 01       		.uleb128 0x1
 1312 00ed 9542     		.uleb128 0x2115
 1313 00ef 19       		.uleb128 0x19
 1314 00f0 31       		.uleb128 0x31
 1315 00f1 13       		.uleb128 0x13
 1316 00f2 00       		.byte	0
 1317 00f3 00       		.byte	0
 1318 00f4 15       		.uleb128 0x15
 1319 00f5 05       		.uleb128 0x5
 1320 00f6 00       		.byte	0
 1321 00f7 03       		.uleb128 0x3
 1322 00f8 0E       		.uleb128 0xe
 1323 00f9 3A       		.uleb128 0x3a
 1324 00fa 0B       		.uleb128 0xb
 1325 00fb 3B       		.uleb128 0x3b
 1326 00fc 0B       		.uleb128 0xb
 1327 00fd 49       		.uleb128 0x49
 1328 00fe 13       		.uleb128 0x13
 1329 00ff 02       		.uleb128 0x2
 1330 0100 18       		.uleb128 0x18
 1331 0101 00       		.byte	0
 1332 0102 00       		.byte	0
 1333 0103 16       		.uleb128 0x16
 1334 0104 05       		.uleb128 0x5
 1335 0105 00       		.byte	0
 1336 0106 03       		.uleb128 0x3
 1337 0107 0E       		.uleb128 0xe
 1338 0108 3A       		.uleb128 0x3a
 1339 0109 0B       		.uleb128 0xb
 1340 010a 3B       		.uleb128 0x3b
 1341 010b 0B       		.uleb128 0xb
 1342 010c 49       		.uleb128 0x49
 1343 010d 13       		.uleb128 0x13
 1344 010e 02       		.uleb128 0x2
 1345 010f 17       		.uleb128 0x17
 1346 0110 00       		.byte	0
 1347 0111 00       		.byte	0
 1348 0112 17       		.uleb128 0x17
 1349 0113 0B       		.uleb128 0xb
 1350 0114 01       		.byte	0x1
 1351 0115 55       		.uleb128 0x55
 1352 0116 17       		.uleb128 0x17
 1353 0117 01       		.uleb128 0x1
 1354 0118 13       		.uleb128 0x13
 1355 0119 00       		.byte	0
 1356 011a 00       		.byte	0
 1357 011b 18       		.uleb128 0x18
 1358 011c 34       		.uleb128 0x34
 1359 011d 00       		.byte	0
 1360 011e 03       		.uleb128 0x3
 1361 011f 08       		.uleb128 0x8
 1362 0120 3A       		.uleb128 0x3a
 1363 0121 0B       		.uleb128 0xb
ARM GAS  /tmp/ccpP4gDV.s 			page 25


 1364 0122 3B       		.uleb128 0x3b
 1365 0123 0B       		.uleb128 0xb
 1366 0124 49       		.uleb128 0x49
 1367 0125 13       		.uleb128 0x13
 1368 0126 02       		.uleb128 0x2
 1369 0127 18       		.uleb128 0x18
 1370 0128 00       		.byte	0
 1371 0129 00       		.byte	0
 1372 012a 19       		.uleb128 0x19
 1373 012b 0B       		.uleb128 0xb
 1374 012c 01       		.byte	0x1
 1375 012d 11       		.uleb128 0x11
 1376 012e 01       		.uleb128 0x1
 1377 012f 12       		.uleb128 0x12
 1378 0130 06       		.uleb128 0x6
 1379 0131 01       		.uleb128 0x1
 1380 0132 13       		.uleb128 0x13
 1381 0133 00       		.byte	0
 1382 0134 00       		.byte	0
 1383 0135 1A       		.uleb128 0x1a
 1384 0136 898201   		.uleb128 0x4109
 1385 0139 01       		.byte	0x1
 1386 013a 11       		.uleb128 0x11
 1387 013b 01       		.uleb128 0x1
 1388 013c 31       		.uleb128 0x31
 1389 013d 13       		.uleb128 0x13
 1390 013e 00       		.byte	0
 1391 013f 00       		.byte	0
 1392 0140 1B       		.uleb128 0x1b
 1393 0141 8A8201   		.uleb128 0x410a
 1394 0144 00       		.byte	0
 1395 0145 02       		.uleb128 0x2
 1396 0146 18       		.uleb128 0x18
 1397 0147 9142     		.uleb128 0x2111
 1398 0149 18       		.uleb128 0x18
 1399 014a 00       		.byte	0
 1400 014b 00       		.byte	0
 1401 014c 1C       		.uleb128 0x1c
 1402 014d 0B       		.uleb128 0xb
 1403 014e 01       		.byte	0x1
 1404 014f 11       		.uleb128 0x11
 1405 0150 01       		.uleb128 0x1
 1406 0151 12       		.uleb128 0x12
 1407 0152 06       		.uleb128 0x6
 1408 0153 00       		.byte	0
 1409 0154 00       		.byte	0
 1410 0155 1D       		.uleb128 0x1d
 1411 0156 34       		.uleb128 0x34
 1412 0157 00       		.byte	0
 1413 0158 03       		.uleb128 0x3
 1414 0159 0E       		.uleb128 0xe
 1415 015a 3A       		.uleb128 0x3a
 1416 015b 0B       		.uleb128 0xb
 1417 015c 3B       		.uleb128 0x3b
 1418 015d 05       		.uleb128 0x5
 1419 015e 49       		.uleb128 0x49
 1420 015f 13       		.uleb128 0x13
ARM GAS  /tmp/ccpP4gDV.s 			page 26


 1421 0160 3F       		.uleb128 0x3f
 1422 0161 19       		.uleb128 0x19
 1423 0162 3C       		.uleb128 0x3c
 1424 0163 19       		.uleb128 0x19
 1425 0164 00       		.byte	0
 1426 0165 00       		.byte	0
 1427 0166 1E       		.uleb128 0x1e
 1428 0167 2E       		.uleb128 0x2e
 1429 0168 00       		.byte	0
 1430 0169 3F       		.uleb128 0x3f
 1431 016a 19       		.uleb128 0x19
 1432 016b 03       		.uleb128 0x3
 1433 016c 0E       		.uleb128 0xe
 1434 016d 3A       		.uleb128 0x3a
 1435 016e 0B       		.uleb128 0xb
 1436 016f 3B       		.uleb128 0x3b
 1437 0170 05       		.uleb128 0x5
 1438 0171 27       		.uleb128 0x27
 1439 0172 19       		.uleb128 0x19
 1440 0173 3C       		.uleb128 0x3c
 1441 0174 19       		.uleb128 0x19
 1442 0175 00       		.byte	0
 1443 0176 00       		.byte	0
 1444 0177 1F       		.uleb128 0x1f
 1445 0178 2E       		.uleb128 0x2e
 1446 0179 01       		.byte	0x1
 1447 017a 3F       		.uleb128 0x3f
 1448 017b 19       		.uleb128 0x19
 1449 017c 03       		.uleb128 0x3
 1450 017d 0E       		.uleb128 0xe
 1451 017e 3A       		.uleb128 0x3a
 1452 017f 0B       		.uleb128 0xb
 1453 0180 3B       		.uleb128 0x3b
 1454 0181 05       		.uleb128 0x5
 1455 0182 27       		.uleb128 0x27
 1456 0183 19       		.uleb128 0x19
 1457 0184 3C       		.uleb128 0x3c
 1458 0185 19       		.uleb128 0x19
 1459 0186 01       		.uleb128 0x1
 1460 0187 13       		.uleb128 0x13
 1461 0188 00       		.byte	0
 1462 0189 00       		.byte	0
 1463 018a 20       		.uleb128 0x20
 1464 018b 2E       		.uleb128 0x2e
 1465 018c 01       		.byte	0x1
 1466 018d 3F       		.uleb128 0x3f
 1467 018e 19       		.uleb128 0x19
 1468 018f 03       		.uleb128 0x3
 1469 0190 0E       		.uleb128 0xe
 1470 0191 3A       		.uleb128 0x3a
 1471 0192 0B       		.uleb128 0xb
 1472 0193 3B       		.uleb128 0x3b
 1473 0194 05       		.uleb128 0x5
 1474 0195 27       		.uleb128 0x27
 1475 0196 19       		.uleb128 0x19
 1476 0197 3C       		.uleb128 0x3c
 1477 0198 19       		.uleb128 0x19
ARM GAS  /tmp/ccpP4gDV.s 			page 27


 1478 0199 00       		.byte	0
 1479 019a 00       		.byte	0
 1480 019b 00       		.byte	0
 1481              		.section	.debug_loc,"",%progbits
 1482              	.Ldebug_loc0:
 1483              	.LLST0:
 1484 0000 20000000 		.4byte	.LVL2-.Ltext0
 1485 0004 33000000 		.4byte	.LVL3-1-.Ltext0
 1486 0008 0100     		.2byte	0x1
 1487 000a 50       		.byte	0x50
 1488 000b 33000000 		.4byte	.LVL3-1-.Ltext0
 1489 000f 40000000 		.4byte	.LFE132-.Ltext0
 1490 0013 0100     		.2byte	0x1
 1491 0015 54       		.byte	0x54
 1492 0016 00000000 		.4byte	0
 1493 001a 00000000 		.4byte	0
 1494              	.LLST1:
 1495 001e 20000000 		.4byte	.LVL2-.Ltext0
 1496 0022 33000000 		.4byte	.LVL3-1-.Ltext0
 1497 0026 0100     		.2byte	0x1
 1498 0028 51       		.byte	0x51
 1499 0029 33000000 		.4byte	.LVL3-1-.Ltext0
 1500 002d 40000000 		.4byte	.LFE132-.Ltext0
 1501 0031 0400     		.2byte	0x4
 1502 0033 F3       		.byte	0xf3
 1503 0034 01       		.uleb128 0x1
 1504 0035 51       		.byte	0x51
 1505 0036 9F       		.byte	0x9f
 1506 0037 00000000 		.4byte	0
 1507 003b 00000000 		.4byte	0
 1508              	.LLST2:
 1509 003f 40000000 		.4byte	.LVL4-.Ltext0
 1510 0043 4D000000 		.4byte	.LVL5-1-.Ltext0
 1511 0047 0100     		.2byte	0x1
 1512 0049 50       		.byte	0x50
 1513 004a 4D000000 		.4byte	.LVL5-1-.Ltext0
 1514 004e 5A000000 		.4byte	.LFE133-.Ltext0
 1515 0052 0100     		.2byte	0x1
 1516 0054 54       		.byte	0x54
 1517 0055 00000000 		.4byte	0
 1518 0059 00000000 		.4byte	0
 1519              	.LLST3:
 1520 005d 80000000 		.4byte	.LVL7-.Ltext0
 1521 0061 8B000000 		.4byte	.LVL8-1-.Ltext0
 1522 0065 0100     		.2byte	0x1
 1523 0067 50       		.byte	0x50
 1524 0068 8B000000 		.4byte	.LVL8-1-.Ltext0
 1525 006c 94000000 		.4byte	.LFE135-.Ltext0
 1526 0070 0400     		.2byte	0x4
 1527 0072 F3       		.byte	0xf3
 1528 0073 01       		.uleb128 0x1
 1529 0074 50       		.byte	0x50
 1530 0075 9F       		.byte	0x9f
 1531 0076 00000000 		.4byte	0
 1532 007a 00000000 		.4byte	0
 1533              	.LLST4:
 1534 007e 80000000 		.4byte	.LVL7-.Ltext0
ARM GAS  /tmp/ccpP4gDV.s 			page 28


 1535 0082 8B000000 		.4byte	.LVL8-1-.Ltext0
 1536 0086 0100     		.2byte	0x1
 1537 0088 51       		.byte	0x51
 1538 0089 8B000000 		.4byte	.LVL8-1-.Ltext0
 1539 008d 94000000 		.4byte	.LFE135-.Ltext0
 1540 0091 0400     		.2byte	0x4
 1541 0093 F3       		.byte	0xf3
 1542 0094 01       		.uleb128 0x1
 1543 0095 51       		.byte	0x51
 1544 0096 9F       		.byte	0x9f
 1545 0097 00000000 		.4byte	0
 1546 009b 00000000 		.4byte	0
 1547              	.LLST5:
 1548 009f 80000000 		.4byte	.LVL7-.Ltext0
 1549 00a3 8B000000 		.4byte	.LVL8-1-.Ltext0
 1550 00a7 0100     		.2byte	0x1
 1551 00a9 52       		.byte	0x52
 1552 00aa 8B000000 		.4byte	.LVL8-1-.Ltext0
 1553 00ae 94000000 		.4byte	.LFE135-.Ltext0
 1554 00b2 0400     		.2byte	0x4
 1555 00b4 F3       		.byte	0xf3
 1556 00b5 01       		.uleb128 0x1
 1557 00b6 52       		.byte	0x52
 1558 00b7 9F       		.byte	0x9f
 1559 00b8 00000000 		.4byte	0
 1560 00bc 00000000 		.4byte	0
 1561              	.LLST6:
 1562 00c0 A0000000 		.4byte	.LVL9-.Ltext0
 1563 00c4 AB000000 		.4byte	.LVL10-1-.Ltext0
 1564 00c8 0100     		.2byte	0x1
 1565 00ca 50       		.byte	0x50
 1566 00cb AB000000 		.4byte	.LVL10-1-.Ltext0
 1567 00cf B4000000 		.4byte	.LFE136-.Ltext0
 1568 00d3 0400     		.2byte	0x4
 1569 00d5 F3       		.byte	0xf3
 1570 00d6 01       		.uleb128 0x1
 1571 00d7 50       		.byte	0x50
 1572 00d8 9F       		.byte	0x9f
 1573 00d9 00000000 		.4byte	0
 1574 00dd 00000000 		.4byte	0
 1575              	.LLST7:
 1576 00e1 A0000000 		.4byte	.LVL9-.Ltext0
 1577 00e5 AB000000 		.4byte	.LVL10-1-.Ltext0
 1578 00e9 0100     		.2byte	0x1
 1579 00eb 51       		.byte	0x51
 1580 00ec AB000000 		.4byte	.LVL10-1-.Ltext0
 1581 00f0 B4000000 		.4byte	.LFE136-.Ltext0
 1582 00f4 0400     		.2byte	0x4
 1583 00f6 F3       		.byte	0xf3
 1584 00f7 01       		.uleb128 0x1
 1585 00f8 51       		.byte	0x51
 1586 00f9 9F       		.byte	0x9f
 1587 00fa 00000000 		.4byte	0
 1588 00fe 00000000 		.4byte	0
 1589              		.section	.debug_aranges,"",%progbits
 1590 0000 1C000000 		.4byte	0x1c
 1591 0004 0200     		.2byte	0x2
ARM GAS  /tmp/ccpP4gDV.s 			page 29


 1592 0006 00000000 		.4byte	.Ldebug_info0
 1593 000a 04       		.byte	0x4
 1594 000b 00       		.byte	0
 1595 000c 0000     		.2byte	0
 1596 000e 0000     		.2byte	0
 1597 0010 00000000 		.4byte	.Ltext0
 1598 0014 B4000000 		.4byte	.Letext0-.Ltext0
 1599 0018 00000000 		.4byte	0
 1600 001c 00000000 		.4byte	0
 1601              		.section	.debug_ranges,"",%progbits
 1602              	.Ldebug_ranges0:
 1603 0000 22000000 		.4byte	.LBB2-.Ltext0
 1604 0004 24000000 		.4byte	.LBE2-.Ltext0
 1605 0008 26000000 		.4byte	.LBB3-.Ltext0
 1606 000c 2A000000 		.4byte	.LBE3-.Ltext0
 1607 0010 00000000 		.4byte	0
 1608 0014 00000000 		.4byte	0
 1609 0018 42000000 		.4byte	.LBB5-.Ltext0
 1610 001c 44000000 		.4byte	.LBE5-.Ltext0
 1611 0020 46000000 		.4byte	.LBB6-.Ltext0
 1612 0024 4A000000 		.4byte	.LBE6-.Ltext0
 1613 0028 00000000 		.4byte	0
 1614 002c 00000000 		.4byte	0
 1615              		.section	.debug_line,"",%progbits
 1616              	.Ldebug_line0:
 1617 0000 24030000 		.section	.debug_str,"MS",%progbits,1
 1617      0200E002 
 1617      00000201 
 1617      FB0E0D00 
 1617      01010101 
 1618              	.LASF34:
 1619 0000 43434552 		.ascii	"CCER\000"
 1619      00
 1620              	.LASF62:
 1621 0005 70776D5F 		.ascii	"pwm_lld_stop\000"
 1621      6C6C645F 
 1621      73746F70 
 1621      00
 1622              	.LASF36:
 1623 0012 444D4152 		.ascii	"DMAR\000"
 1623      00
 1624              	.LASF25:
 1625 0017 73746174 		.ascii	"state\000"
 1625      6500
 1626              	.LASF33:
 1627 001d 43434D52 		.ascii	"CCMR2\000"
 1627      3200
 1628              	.LASF37:
 1629 0023 43434D52 		.ascii	"CCMR3\000"
 1629      3300
 1630              	.LASF3:
 1631 0029 73686F72 		.ascii	"short int\000"
 1631      7420696E 
 1631      7400
 1632              	.LASF43:
 1633 0033 70776D63 		.ascii	"pwmcnt_t\000"
 1633      6E745F74 
ARM GAS  /tmp/ccpP4gDV.s 			page 30


 1633      00
 1634              	.LASF18:
 1635 003c 73697A65 		.ascii	"sizetype\000"
 1635      74797065 
 1635      00
 1636              	.LASF69:
 1637 0045 70776D5F 		.ascii	"pwm_lld_disable_channel\000"
 1637      6C6C645F 
 1637      64697361 
 1637      626C655F 
 1637      6368616E 
 1638              	.LASF66:
 1639 005d 2F686F6D 		.ascii	"/home/sbcu/Dropbox/pcb-layouts/axo-on-discovery-boa"
 1639      652F7362 
 1639      63752F44 
 1639      726F7062 
 1639      6F782F70 
 1640 0090 72642F61 		.ascii	"rd/axoloti/firmware\000"
 1640      786F6C6F 
 1640      74692F66 
 1640      69726D77 
 1640      61726500 
 1641              	.LASF42:
 1642 00a4 70776D63 		.ascii	"pwmchannel_t\000"
 1642      68616E6E 
 1642      656C5F74 
 1642      00
 1643              	.LASF9:
 1644 00b1 5F5F7569 		.ascii	"__uint32_t\000"
 1644      6E743332 
 1644      5F7400
 1645              	.LASF44:
 1646 00bc 6D6F6465 		.ascii	"mode\000"
 1646      00
 1647              	.LASF5:
 1648 00c1 5F5F7569 		.ascii	"__uint16_t\000"
 1648      6E743136 
 1648      5F7400
 1649              	.LASF48:
 1650 00cc 6368616E 		.ascii	"channels\000"
 1650      6E656C73 
 1650      00
 1651              	.LASF26:
 1652 00d5 636F6E66 		.ascii	"config\000"
 1652      696700
 1653              	.LASF52:
 1654 00dc 70776D4F 		.ascii	"pwmObjectInit\000"
 1654      626A6563 
 1654      74496E69 
 1654      7400
 1655              	.LASF13:
 1656 00ea 75696E74 		.ascii	"uint8_t\000"
 1656      385F7400 
 1657              	.LASF57:
 1658 00f2 70776D45 		.ascii	"pwmEnableChannel\000"
 1658      6E61626C 
 1658      65436861 
ARM GAS  /tmp/ccpP4gDV.s 			page 31


 1658      6E6E656C 
 1658      00
 1659              	.LASF59:
 1660 0103 77696474 		.ascii	"width\000"
 1660      6800
 1661              	.LASF53:
 1662 0109 70776D53 		.ascii	"pwmStart\000"
 1662      74617274 
 1662      00
 1663              	.LASF11:
 1664 0112 6C6F6E67 		.ascii	"long long int\000"
 1664      206C6F6E 
 1664      6720696E 
 1664      7400
 1665              	.LASF8:
 1666 0120 6C6F6E67 		.ascii	"long int\000"
 1666      20696E74 
 1666      00
 1667              	.LASF51:
 1668 0129 70776D49 		.ascii	"pwmInit\000"
 1668      6E697400 
 1669              	.LASF38:
 1670 0131 43435235 		.ascii	"CCR5\000"
 1670      00
 1671              	.LASF39:
 1672 0136 43435236 		.ascii	"CCR6\000"
 1672      00
 1673              	.LASF27:
 1674 013b 70657269 		.ascii	"period\000"
 1674      6F6400
 1675              	.LASF4:
 1676 0142 5F5F7569 		.ascii	"__uint8_t\000"
 1676      6E74385F 
 1676      7400
 1677              	.LASF32:
 1678 014c 43434D52 		.ascii	"CCMR1\000"
 1678      3100
 1679              	.LASF61:
 1680 0152 70776D5F 		.ascii	"pwm_lld_start\000"
 1680      6C6C645F 
 1680      73746172 
 1680      7400
 1681              	.LASF50:
 1682 0160 50574D43 		.ascii	"PWMConfig\000"
 1682      6F6E6669 
 1682      6700
 1683              	.LASF54:
 1684 016a 70776D70 		.ascii	"pwmp\000"
 1684      00
 1685              	.LASF30:
 1686 016f 534D4352 		.ascii	"SMCR\000"
 1686      00
 1687              	.LASF20:
 1688 0174 50574D5F 		.ascii	"PWM_UNINIT\000"
 1688      554E494E 
 1688      495400
 1689              	.LASF2:
ARM GAS  /tmp/ccpP4gDV.s 			page 32


 1690 017f 756E7369 		.ascii	"unsigned char\000"
 1690      676E6564 
 1690      20636861 
 1690      7200
 1691              	.LASF63:
 1692 018d 70776D5F 		.ascii	"pwm_lld_enable_channel\000"
 1692      6C6C645F 
 1692      656E6162 
 1692      6C655F63 
 1692      68616E6E 
 1693              	.LASF60:
 1694 01a4 70776D44 		.ascii	"pwmDisableChannel\000"
 1694      69736162 
 1694      6C654368 
 1694      616E6E65 
 1694      6C00
 1695              	.LASF1:
 1696 01b6 7369676E 		.ascii	"signed char\000"
 1696      65642063 
 1696      68617200 
 1697              	.LASF12:
 1698 01c2 6C6F6E67 		.ascii	"long long unsigned int\000"
 1698      206C6F6E 
 1698      6720756E 
 1698      7369676E 
 1698      65642069 
 1699              	.LASF16:
 1700 01d9 75696E74 		.ascii	"uint32_t\000"
 1700      33325F74 
 1700      00
 1701              	.LASF0:
 1702 01e2 756E7369 		.ascii	"unsigned int\000"
 1702      676E6564 
 1702      20696E74 
 1702      00
 1703              	.LASF14:
 1704 01ef 75696E74 		.ascii	"uint16_t\000"
 1704      31365F74 
 1704      00
 1705              	.LASF35:
 1706 01f8 42445452 		.ascii	"BDTR\000"
 1706      00
 1707              	.LASF31:
 1708 01fd 44494552 		.ascii	"DIER\000"
 1708      00
 1709              	.LASF6:
 1710 0202 73686F72 		.ascii	"short unsigned int\000"
 1710      7420756E 
 1710      7369676E 
 1710      65642069 
 1710      6E7400
 1711              	.LASF68:
 1712 0215 70776D5F 		.ascii	"pwm_lld_init\000"
 1712      6C6C645F 
 1712      696E6974 
 1712      00
 1713              	.LASF19:
ARM GAS  /tmp/ccpP4gDV.s 			page 33


 1714 0222 63686172 		.ascii	"char\000"
 1714      00
 1715              	.LASF64:
 1716 0227 474E5520 		.ascii	"GNU C 4.9.3 20150529 (release) [ARM/embedded-4_9-br"
 1716      4320342E 
 1716      392E3320 
 1716      32303135 
 1716      30353239 
 1717 025a 616E6368 		.ascii	"anch revision 224288] -mcpu=cortex-m4 -mfloat-abi=h"
 1717      20726576 
 1717      6973696F 
 1717      6E203232 
 1717      34323838 
 1718 028d 61726420 		.ascii	"ard -mfpu=fpv4-sp-d16 -mno-thumb-interwork -mthumb "
 1718      2D6D6670 
 1718      753D6670 
 1718      76342D73 
 1718      702D6431 
 1719 02c0 2D676764 		.ascii	"-ggdb -O2 -fomit-frame-pointer -falign-functions=16"
 1719      62202D4F 
 1719      32202D66 
 1719      6F6D6974 
 1719      2D667261 
 1720 02f3 202D666E 		.ascii	" -fno-math-errno -fsingle-precision-constant\000"
 1720      6F2D6D61 
 1720      74682D65 
 1720      72726E6F 
 1720      202D6673 
 1721              	.LASF40:
 1722 0320 73746D33 		.ascii	"stm32_tim_t\000"
 1722      325F7469 
 1722      6D5F7400 
 1723              	.LASF24:
 1724 032c 50574D44 		.ascii	"PWMDriver\000"
 1724      72697665 
 1724      7200
 1725              	.LASF15:
 1726 0336 696E7433 		.ascii	"int32_t\000"
 1726      325F7400 
 1727              	.LASF17:
 1728 033e 5F426F6F 		.ascii	"_Bool\000"
 1728      6C00
 1729              	.LASF58:
 1730 0344 6368616E 		.ascii	"channel\000"
 1730      6E656C00 
 1731              	.LASF65:
 1732 034c 2F686F6D 		.ascii	"/home/sbcu/Dropbox/pcb-layouts/axo-on-discovery-boa"
 1732      652F7362 
 1732      63752F44 
 1732      726F7062 
 1732      6F782F70 
 1733 037f 72642F61 		.ascii	"rd/axoloti/platform_linux/../chibios/os/hal/src/pwm"
 1733      786F6C6F 
 1733      74692F70 
 1733      6C617466 
 1733      6F726D5F 
 1734 03b2 2E6300   		.ascii	".c\000"
ARM GAS  /tmp/ccpP4gDV.s 			page 34


 1735              	.LASF56:
 1736 03b5 70776D43 		.ascii	"pwmChangePeriod\000"
 1736      68616E67 
 1736      65506572 
 1736      696F6400 
 1737              	.LASF10:
 1738 03c5 6C6F6E67 		.ascii	"long unsigned int\000"
 1738      20756E73 
 1738      69676E65 
 1738      6420696E 
 1738      7400
 1739              	.LASF28:
 1740 03d7 636C6F63 		.ascii	"clock\000"
 1740      6B00
 1741              	.LASF7:
 1742 03dd 5F5F696E 		.ascii	"__int32_t\000"
 1742      7433325F 
 1742      7400
 1743              	.LASF22:
 1744 03e7 50574D5F 		.ascii	"PWM_READY\000"
 1744      52454144 
 1744      5900
 1745              	.LASF21:
 1746 03f1 50574D5F 		.ascii	"PWM_STOP\000"
 1746      53544F50 
 1746      00
 1747              	.LASF49:
 1748 03fa 64696572 		.ascii	"dier\000"
 1748      00
 1749              	.LASF55:
 1750 03ff 70776D53 		.ascii	"pwmStop\000"
 1750      746F7000 
 1751              	.LASF47:
 1752 0407 66726571 		.ascii	"frequency\000"
 1752      75656E63 
 1752      7900
 1753              	.LASF46:
 1754 0411 50574D43 		.ascii	"PWMChannelConfig\000"
 1754      68616E6E 
 1754      656C436F 
 1754      6E666967 
 1754      00
 1755              	.LASF41:
 1756 0422 70776D6D 		.ascii	"pwmmode_t\000"
 1756      6F64655F 
 1756      7400
 1757              	.LASF67:
 1758 042c 49544D5F 		.ascii	"ITM_RxBuffer\000"
 1758      52784275 
 1758      66666572 
 1758      00
 1759              	.LASF23:
 1760 0439 70776D73 		.ascii	"pwmstate_t\000"
 1760      74617465 
 1760      5F7400
 1761              	.LASF29:
 1762 0444 70776D63 		.ascii	"pwmcallback_t\000"
ARM GAS  /tmp/ccpP4gDV.s 			page 35


 1762      616C6C62 
 1762      61636B5F 
 1762      7400
 1763              	.LASF45:
 1764 0452 63616C6C 		.ascii	"callback\000"
 1764      6261636B 
 1764      00
 1765              		.ident	"GCC: (GNU Tools for ARM Embedded Processors) 4.9.3 20150529 (release) [ARM/embedded-4_9-br
ARM GAS  /tmp/ccpP4gDV.s 			page 36


DEFINED SYMBOLS
                            *ABS*:00000000 pwm.c
     /tmp/ccpP4gDV.s:20     .text:00000000 $t
     /tmp/ccpP4gDV.s:26     .text:00000000 pwmInit
     /tmp/ccpP4gDV.s:46     .text:00000010 pwmObjectInit
     /tmp/ccpP4gDV.s:72     .text:00000020 pwmStart
     /tmp/ccpP4gDV.s:125    .text:00000040 pwmStop
     /tmp/ccpP4gDV.s:173    .text:00000060 pwmChangePeriod
     /tmp/ccpP4gDV.s:213    .text:00000080 pwmEnableChannel
     /tmp/ccpP4gDV.s:253    .text:000000a0 pwmDisableChannel
                     .debug_frame:00000010 $d

UNDEFINED SYMBOLS
pwm_lld_init
pwm_lld_start
pwm_lld_stop
pwm_lld_enable_channel
pwm_lld_disable_channel
