ARM GAS  /tmp/cc7jRjOb.s 			page 1


   1              		.syntax unified
   2              		.cpu cortex-m4
   3              		.eabi_attribute 27, 1
   4              		.eabi_attribute 28, 1
   5              		.fpu fpv4-sp-d16
   6              		.eabi_attribute 20, 1
   7              		.eabi_attribute 21, 1
   8              		.eabi_attribute 23, 3
   9              		.eabi_attribute 24, 1
  10              		.eabi_attribute 25, 1
  11              		.eabi_attribute 26, 1
  12              		.eabi_attribute 30, 2
  13              		.eabi_attribute 34, 1
  14              		.eabi_attribute 18, 4
  15              		.thumb
  16              		.file	"random.cpp"
  17              		.text
  18              	.Ltext0:
  19              		.cfi_sections	.debug_frame
  20              		.global	_ZN6stmlib6Random10rng_state_E
  21              		.data
  22              		.align	2
  23              		.type	_ZN6stmlib6Random10rng_state_E, %object
  24              		.size	_ZN6stmlib6Random10rng_state_E, 4
  25              	_ZN6stmlib6Random10rng_state_E:
  26 0000 21000000 		.word	33
  27              		.text
  28              	.Letext0:
  29              		.file 1 "/home/sbcu/Dropbox/pcb-layouts/axo-on-discovery-board/axoloti/platform_linux/arm-none-eab
  30              		.file 2 "/home/sbcu/Dropbox/pcb-layouts/axo-on-discovery-board/axoloti/platform_linux/arm-none-eab
  31              		.file 3 "./mutable_instruments/stmlib/utils/random.h"
  32              		.file 4 "./mutable_instruments/stmlib/stmlib.h"
  33              		.file 5 "./mutable_instruments/stmlib/utils/random.cpp"
  34              		.section	.debug_info,"",%progbits
  35              	.Ldebug_info0:
  36 0000 75010000 		.4byte	0x175
  37 0004 0400     		.2byte	0x4
  38 0006 00000000 		.4byte	.Ldebug_abbrev0
  39 000a 04       		.byte	0x4
  40 000b 01       		.uleb128 0x1
  41 000c 67010000 		.4byte	.LASF25
  42 0010 04       		.byte	0x4
  43 0011 6B000000 		.4byte	.LASF26
  44 0015 04010000 		.4byte	.LASF27
  45 0019 00000000 		.4byte	.Ldebug_line0
  46 001d 02       		.uleb128 0x2
  47 001e 01       		.byte	0x1
  48 001f 06       		.byte	0x6
  49 0020 1B030000 		.4byte	.LASF0
  50 0024 02       		.uleb128 0x2
  51 0025 01       		.byte	0x1
  52 0026 08       		.byte	0x8
  53 0027 A2000000 		.4byte	.LASF1
  54 002b 03       		.uleb128 0x3
  55 002c 1A000000 		.4byte	.LASF5
  56 0030 01       		.byte	0x1
  57 0031 29       		.byte	0x29
ARM GAS  /tmp/cc7jRjOb.s 			page 2


  58 0032 36000000 		.4byte	0x36
  59 0036 02       		.uleb128 0x2
  60 0037 02       		.byte	0x2
  61 0038 05       		.byte	0x5
  62 0039 DC020000 		.4byte	.LASF2
  63 003d 02       		.uleb128 0x2
  64 003e 02       		.byte	0x2
  65 003f 07       		.byte	0x7
  66 0040 C2000000 		.4byte	.LASF3
  67 0044 02       		.uleb128 0x2
  68 0045 04       		.byte	0x4
  69 0046 05       		.byte	0x5
  70 0047 08030000 		.4byte	.LASF4
  71 004b 03       		.uleb128 0x3
  72 004c F4000000 		.4byte	.LASF6
  73 0050 01       		.byte	0x1
  74 0051 41       		.byte	0x41
  75 0052 56000000 		.4byte	0x56
  76 0056 02       		.uleb128 0x2
  77 0057 04       		.byte	0x4
  78 0058 07       		.byte	0x7
  79 0059 B0000000 		.4byte	.LASF7
  80 005d 02       		.uleb128 0x2
  81 005e 08       		.byte	0x8
  82 005f 05       		.byte	0x5
  83 0060 CE020000 		.4byte	.LASF8
  84 0064 02       		.uleb128 0x2
  85 0065 08       		.byte	0x8
  86 0066 07       		.byte	0x7
  87 0067 6C020000 		.4byte	.LASF9
  88 006b 04       		.uleb128 0x4
  89 006c 04       		.byte	0x4
  90 006d 05       		.byte	0x5
  91 006e 696E7400 		.ascii	"int\000"
  92 0072 02       		.uleb128 0x2
  93 0073 04       		.byte	0x4
  94 0074 07       		.byte	0x7
  95 0075 5A010000 		.4byte	.LASF10
  96 0079 03       		.uleb128 0x3
  97 007a A1020000 		.4byte	.LASF11
  98 007e 02       		.byte	0x2
  99 007f 19       		.byte	0x19
 100 0080 2B000000 		.4byte	0x2b
 101 0084 03       		.uleb128 0x3
 102 0085 FF020000 		.4byte	.LASF12
 103 0089 02       		.byte	0x2
 104 008a 20       		.byte	0x20
 105 008b 4B000000 		.4byte	0x4b
 106 008f 05       		.uleb128 0x5
 107 0090 FF000000 		.4byte	.LASF28
 108 0094 04       		.byte	0x4
 109 0095 3C       		.byte	0x3c
 110 0096 06       		.uleb128 0x6
 111 0097 53010000 		.4byte	.LASF29
 112 009b 04       		.byte	0x4
 113 009c 5D       		.byte	0x5d
 114 009d 4D010000 		.4byte	0x14d
ARM GAS  /tmp/cc7jRjOb.s 			page 3


 115 00a1 07       		.uleb128 0x7
 116 00a2 2E000000 		.4byte	.LASF22
 117 00a6 01       		.byte	0x1
 118 00a7 03       		.byte	0x3
 119 00a8 24       		.byte	0x24
 120 00a9 47010000 		.4byte	0x147
 121 00ad 08       		.uleb128 0x8
 122 00ae 3A000000 		.4byte	.LASF30
 123 00b2 03       		.byte	0x3
 124 00b3 3A       		.byte	0x3a
 125 00b4 84000000 		.4byte	0x84
 126 00b8 09       		.uleb128 0x9
 127 00b9 5F000000 		.4byte	.LASF13
 128 00bd 03       		.byte	0x3
 129 00be 26       		.byte	0x26
 130 00bf 00000000 		.4byte	.LASF15
 131 00c3 84000000 		.4byte	0x84
 132 00c7 01       		.byte	0x1
 133 00c8 0A       		.uleb128 0xa
 134 00c9 35000000 		.4byte	.LASF21
 135 00cd 03       		.byte	0x3
 136 00ce 28       		.byte	0x28
 137 00cf E6020000 		.4byte	.LASF31
 138 00d3 01       		.byte	0x1
 139 00d4 DE000000 		.4byte	0xde
 140 00d8 0B       		.uleb128 0xb
 141 00d9 84000000 		.4byte	0x84
 142 00dd 00       		.byte	0
 143 00de 09       		.uleb128 0x9
 144 00df 4B010000 		.4byte	.LASF14
 145 00e3 03       		.byte	0x3
 146 00e4 2C       		.byte	0x2c
 147 00e5 A9020000 		.4byte	.LASF16
 148 00e9 84000000 		.4byte	0x84
 149 00ed 01       		.byte	0x1
 150 00ee 09       		.uleb128 0x9
 151 00ef 24000000 		.4byte	.LASF17
 152 00f3 03       		.byte	0x3
 153 00f4 31       		.byte	0x31
 154 00f5 83020000 		.4byte	.LASF18
 155 00f9 79000000 		.4byte	0x79
 156 00fd 01       		.byte	0x1
 157 00fe 09       		.uleb128 0x9
 158 00ff 99000000 		.4byte	.LASF19
 159 0103 03       		.byte	0x3
 160 0104 35       		.byte	0x35
 161 0105 27030000 		.4byte	.LASF20
 162 0109 54010000 		.4byte	0x154
 163 010d 01       		.byte	0x1
 164 010e 0C       		.uleb128 0xc
 165 010f 2E000000 		.4byte	.LASF22
 166 0113 03       		.byte	0x3
 167 0114 3C       		.byte	0x3c
 168 0115 5B010000 		.4byte	0x15b
 169 0119 21010000 		.4byte	0x121
 170 011d 2C010000 		.4byte	0x12c
 171 0121 0D       		.uleb128 0xd
ARM GAS  /tmp/cc7jRjOb.s 			page 4


 172 0122 5B010000 		.4byte	0x15b
 173 0126 0B       		.uleb128 0xb
 174 0127 61010000 		.4byte	0x161
 175 012b 00       		.byte	0
 176 012c 0E       		.uleb128 0xe
 177 012d 11030000 		.4byte	.LASF32
 178 0131 03       		.byte	0x3
 179 0132 3C       		.byte	0x3c
 180 0133 45000000 		.4byte	.LASF33
 181 0137 3B010000 		.4byte	0x13b
 182 013b 0D       		.uleb128 0xd
 183 013c 5B010000 		.4byte	0x15b
 184 0140 0B       		.uleb128 0xb
 185 0141 61010000 		.4byte	0x161
 186 0145 00       		.byte	0
 187 0146 00       		.byte	0
 188 0147 0F       		.uleb128 0xf
 189 0148 A1000000 		.4byte	0xa1
 190 014c 00       		.byte	0
 191 014d 02       		.uleb128 0x2
 192 014e 04       		.byte	0x4
 193 014f 07       		.byte	0x7
 194 0150 C5020000 		.4byte	.LASF23
 195 0154 02       		.uleb128 0x2
 196 0155 04       		.byte	0x4
 197 0156 04       		.byte	0x4
 198 0157 65000000 		.4byte	.LASF24
 199 015b 10       		.uleb128 0x10
 200 015c 04       		.byte	0x4
 201 015d A1000000 		.4byte	0xa1
 202 0161 11       		.uleb128 0x11
 203 0162 04       		.byte	0x4
 204 0163 47010000 		.4byte	0x147
 205 0167 12       		.uleb128 0x12
 206 0168 AD000000 		.4byte	0xad
 207 016c 05       		.byte	0x5
 208 016d 22       		.byte	0x22
 209 016e D5000000 		.4byte	.LASF34
 210 0172 05       		.uleb128 0x5
 211 0173 03       		.byte	0x3
 212 0174 00000000 		.4byte	_ZN6stmlib6Random10rng_state_E
 213 0178 00       		.byte	0
 214              		.section	.debug_abbrev,"",%progbits
 215              	.Ldebug_abbrev0:
 216 0000 01       		.uleb128 0x1
 217 0001 11       		.uleb128 0x11
 218 0002 01       		.byte	0x1
 219 0003 25       		.uleb128 0x25
 220 0004 0E       		.uleb128 0xe
 221 0005 13       		.uleb128 0x13
 222 0006 0B       		.uleb128 0xb
 223 0007 03       		.uleb128 0x3
 224 0008 0E       		.uleb128 0xe
 225 0009 1B       		.uleb128 0x1b
 226 000a 0E       		.uleb128 0xe
 227 000b 10       		.uleb128 0x10
 228 000c 17       		.uleb128 0x17
ARM GAS  /tmp/cc7jRjOb.s 			page 5


 229 000d 00       		.byte	0
 230 000e 00       		.byte	0
 231 000f 02       		.uleb128 0x2
 232 0010 24       		.uleb128 0x24
 233 0011 00       		.byte	0
 234 0012 0B       		.uleb128 0xb
 235 0013 0B       		.uleb128 0xb
 236 0014 3E       		.uleb128 0x3e
 237 0015 0B       		.uleb128 0xb
 238 0016 03       		.uleb128 0x3
 239 0017 0E       		.uleb128 0xe
 240 0018 00       		.byte	0
 241 0019 00       		.byte	0
 242 001a 03       		.uleb128 0x3
 243 001b 16       		.uleb128 0x16
 244 001c 00       		.byte	0
 245 001d 03       		.uleb128 0x3
 246 001e 0E       		.uleb128 0xe
 247 001f 3A       		.uleb128 0x3a
 248 0020 0B       		.uleb128 0xb
 249 0021 3B       		.uleb128 0x3b
 250 0022 0B       		.uleb128 0xb
 251 0023 49       		.uleb128 0x49
 252 0024 13       		.uleb128 0x13
 253 0025 00       		.byte	0
 254 0026 00       		.byte	0
 255 0027 04       		.uleb128 0x4
 256 0028 24       		.uleb128 0x24
 257 0029 00       		.byte	0
 258 002a 0B       		.uleb128 0xb
 259 002b 0B       		.uleb128 0xb
 260 002c 3E       		.uleb128 0x3e
 261 002d 0B       		.uleb128 0xb
 262 002e 03       		.uleb128 0x3
 263 002f 08       		.uleb128 0x8
 264 0030 00       		.byte	0
 265 0031 00       		.byte	0
 266 0032 05       		.uleb128 0x5
 267 0033 39       		.uleb128 0x39
 268 0034 00       		.byte	0
 269 0035 03       		.uleb128 0x3
 270 0036 0E       		.uleb128 0xe
 271 0037 3A       		.uleb128 0x3a
 272 0038 0B       		.uleb128 0xb
 273 0039 3B       		.uleb128 0x3b
 274 003a 0B       		.uleb128 0xb
 275 003b 00       		.byte	0
 276 003c 00       		.byte	0
 277 003d 06       		.uleb128 0x6
 278 003e 39       		.uleb128 0x39
 279 003f 01       		.byte	0x1
 280 0040 03       		.uleb128 0x3
 281 0041 0E       		.uleb128 0xe
 282 0042 3A       		.uleb128 0x3a
 283 0043 0B       		.uleb128 0xb
 284 0044 3B       		.uleb128 0x3b
 285 0045 0B       		.uleb128 0xb
ARM GAS  /tmp/cc7jRjOb.s 			page 6


 286 0046 01       		.uleb128 0x1
 287 0047 13       		.uleb128 0x13
 288 0048 00       		.byte	0
 289 0049 00       		.byte	0
 290 004a 07       		.uleb128 0x7
 291 004b 02       		.uleb128 0x2
 292 004c 01       		.byte	0x1
 293 004d 03       		.uleb128 0x3
 294 004e 0E       		.uleb128 0xe
 295 004f 0B       		.uleb128 0xb
 296 0050 0B       		.uleb128 0xb
 297 0051 3A       		.uleb128 0x3a
 298 0052 0B       		.uleb128 0xb
 299 0053 3B       		.uleb128 0x3b
 300 0054 0B       		.uleb128 0xb
 301 0055 01       		.uleb128 0x1
 302 0056 13       		.uleb128 0x13
 303 0057 00       		.byte	0
 304 0058 00       		.byte	0
 305 0059 08       		.uleb128 0x8
 306 005a 0D       		.uleb128 0xd
 307 005b 00       		.byte	0
 308 005c 03       		.uleb128 0x3
 309 005d 0E       		.uleb128 0xe
 310 005e 3A       		.uleb128 0x3a
 311 005f 0B       		.uleb128 0xb
 312 0060 3B       		.uleb128 0x3b
 313 0061 0B       		.uleb128 0xb
 314 0062 49       		.uleb128 0x49
 315 0063 13       		.uleb128 0x13
 316 0064 3F       		.uleb128 0x3f
 317 0065 19       		.uleb128 0x19
 318 0066 3C       		.uleb128 0x3c
 319 0067 19       		.uleb128 0x19
 320 0068 00       		.byte	0
 321 0069 00       		.byte	0
 322 006a 09       		.uleb128 0x9
 323 006b 2E       		.uleb128 0x2e
 324 006c 00       		.byte	0
 325 006d 3F       		.uleb128 0x3f
 326 006e 19       		.uleb128 0x19
 327 006f 03       		.uleb128 0x3
 328 0070 0E       		.uleb128 0xe
 329 0071 3A       		.uleb128 0x3a
 330 0072 0B       		.uleb128 0xb
 331 0073 3B       		.uleb128 0x3b
 332 0074 0B       		.uleb128 0xb
 333 0075 6E       		.uleb128 0x6e
 334 0076 0E       		.uleb128 0xe
 335 0077 49       		.uleb128 0x49
 336 0078 13       		.uleb128 0x13
 337 0079 32       		.uleb128 0x32
 338 007a 0B       		.uleb128 0xb
 339 007b 3C       		.uleb128 0x3c
 340 007c 19       		.uleb128 0x19
 341 007d 00       		.byte	0
 342 007e 00       		.byte	0
ARM GAS  /tmp/cc7jRjOb.s 			page 7


 343 007f 0A       		.uleb128 0xa
 344 0080 2E       		.uleb128 0x2e
 345 0081 01       		.byte	0x1
 346 0082 3F       		.uleb128 0x3f
 347 0083 19       		.uleb128 0x19
 348 0084 03       		.uleb128 0x3
 349 0085 0E       		.uleb128 0xe
 350 0086 3A       		.uleb128 0x3a
 351 0087 0B       		.uleb128 0xb
 352 0088 3B       		.uleb128 0x3b
 353 0089 0B       		.uleb128 0xb
 354 008a 6E       		.uleb128 0x6e
 355 008b 0E       		.uleb128 0xe
 356 008c 32       		.uleb128 0x32
 357 008d 0B       		.uleb128 0xb
 358 008e 3C       		.uleb128 0x3c
 359 008f 19       		.uleb128 0x19
 360 0090 01       		.uleb128 0x1
 361 0091 13       		.uleb128 0x13
 362 0092 00       		.byte	0
 363 0093 00       		.byte	0
 364 0094 0B       		.uleb128 0xb
 365 0095 05       		.uleb128 0x5
 366 0096 00       		.byte	0
 367 0097 49       		.uleb128 0x49
 368 0098 13       		.uleb128 0x13
 369 0099 00       		.byte	0
 370 009a 00       		.byte	0
 371 009b 0C       		.uleb128 0xc
 372 009c 2E       		.uleb128 0x2e
 373 009d 01       		.byte	0x1
 374 009e 3F       		.uleb128 0x3f
 375 009f 19       		.uleb128 0x19
 376 00a0 03       		.uleb128 0x3
 377 00a1 0E       		.uleb128 0xe
 378 00a2 3A       		.uleb128 0x3a
 379 00a3 0B       		.uleb128 0xb
 380 00a4 3B       		.uleb128 0x3b
 381 00a5 0B       		.uleb128 0xb
 382 00a6 49       		.uleb128 0x49
 383 00a7 13       		.uleb128 0x13
 384 00a8 3C       		.uleb128 0x3c
 385 00a9 19       		.uleb128 0x19
 386 00aa 64       		.uleb128 0x64
 387 00ab 13       		.uleb128 0x13
 388 00ac 01       		.uleb128 0x1
 389 00ad 13       		.uleb128 0x13
 390 00ae 00       		.byte	0
 391 00af 00       		.byte	0
 392 00b0 0D       		.uleb128 0xd
 393 00b1 05       		.uleb128 0x5
 394 00b2 00       		.byte	0
 395 00b3 49       		.uleb128 0x49
 396 00b4 13       		.uleb128 0x13
 397 00b5 34       		.uleb128 0x34
 398 00b6 19       		.uleb128 0x19
 399 00b7 00       		.byte	0
ARM GAS  /tmp/cc7jRjOb.s 			page 8


 400 00b8 00       		.byte	0
 401 00b9 0E       		.uleb128 0xe
 402 00ba 2E       		.uleb128 0x2e
 403 00bb 01       		.byte	0x1
 404 00bc 3F       		.uleb128 0x3f
 405 00bd 19       		.uleb128 0x19
 406 00be 03       		.uleb128 0x3
 407 00bf 0E       		.uleb128 0xe
 408 00c0 3A       		.uleb128 0x3a
 409 00c1 0B       		.uleb128 0xb
 410 00c2 3B       		.uleb128 0x3b
 411 00c3 0B       		.uleb128 0xb
 412 00c4 6E       		.uleb128 0x6e
 413 00c5 0E       		.uleb128 0xe
 414 00c6 3C       		.uleb128 0x3c
 415 00c7 19       		.uleb128 0x19
 416 00c8 64       		.uleb128 0x64
 417 00c9 13       		.uleb128 0x13
 418 00ca 00       		.byte	0
 419 00cb 00       		.byte	0
 420 00cc 0F       		.uleb128 0xf
 421 00cd 26       		.uleb128 0x26
 422 00ce 00       		.byte	0
 423 00cf 49       		.uleb128 0x49
 424 00d0 13       		.uleb128 0x13
 425 00d1 00       		.byte	0
 426 00d2 00       		.byte	0
 427 00d3 10       		.uleb128 0x10
 428 00d4 0F       		.uleb128 0xf
 429 00d5 00       		.byte	0
 430 00d6 0B       		.uleb128 0xb
 431 00d7 0B       		.uleb128 0xb
 432 00d8 49       		.uleb128 0x49
 433 00d9 13       		.uleb128 0x13
 434 00da 00       		.byte	0
 435 00db 00       		.byte	0
 436 00dc 11       		.uleb128 0x11
 437 00dd 10       		.uleb128 0x10
 438 00de 00       		.byte	0
 439 00df 0B       		.uleb128 0xb
 440 00e0 0B       		.uleb128 0xb
 441 00e1 49       		.uleb128 0x49
 442 00e2 13       		.uleb128 0x13
 443 00e3 00       		.byte	0
 444 00e4 00       		.byte	0
 445 00e5 12       		.uleb128 0x12
 446 00e6 34       		.uleb128 0x34
 447 00e7 00       		.byte	0
 448 00e8 47       		.uleb128 0x47
 449 00e9 13       		.uleb128 0x13
 450 00ea 3A       		.uleb128 0x3a
 451 00eb 0B       		.uleb128 0xb
 452 00ec 3B       		.uleb128 0x3b
 453 00ed 0B       		.uleb128 0xb
 454 00ee 6E       		.uleb128 0x6e
 455 00ef 0E       		.uleb128 0xe
 456 00f0 02       		.uleb128 0x2
ARM GAS  /tmp/cc7jRjOb.s 			page 9


 457 00f1 18       		.uleb128 0x18
 458 00f2 00       		.byte	0
 459 00f3 00       		.byte	0
 460 00f4 00       		.byte	0
 461              		.section	.debug_aranges,"",%progbits
 462 0000 14000000 		.4byte	0x14
 463 0004 0200     		.2byte	0x2
 464 0006 00000000 		.4byte	.Ldebug_info0
 465 000a 04       		.byte	0x4
 466 000b 00       		.byte	0
 467 000c 0000     		.2byte	0
 468 000e 0000     		.2byte	0
 469 0010 00000000 		.4byte	0
 470 0014 00000000 		.4byte	0
 471              		.section	.debug_line,"",%progbits
 472              	.Ldebug_line0:
 473 0000 72010000 		.section	.debug_str,"MS",%progbits,1
 473      02006C01 
 473      00000201 
 473      FB0E0D00 
 473      01010101 
 474              	.LASF15:
 475 0000 5F5A4E36 		.ascii	"_ZN6stmlib6Random5stateEv\000"
 475      73746D6C 
 475      69623652 
 475      616E646F 
 475      6D357374 
 476              	.LASF5:
 477 001a 5F5F696E 		.ascii	"__int16_t\000"
 477      7431365F 
 477      7400
 478              	.LASF17:
 479 0024 47657453 		.ascii	"GetSample\000"
 479      616D706C 
 479      6500
 480              	.LASF22:
 481 002e 52616E64 		.ascii	"Random\000"
 481      6F6D00
 482              	.LASF21:
 483 0035 53656564 		.ascii	"Seed\000"
 483      00
 484              	.LASF30:
 485 003a 726E675F 		.ascii	"rng_state_\000"
 485      73746174 
 485      655F00
 486              	.LASF33:
 487 0045 5F5A4E36 		.ascii	"_ZN6stmlib6RandomaSERKS0_\000"
 487      73746D6C 
 487      69623652 
 487      616E646F 
 487      6D615345 
 488              	.LASF13:
 489 005f 73746174 		.ascii	"state\000"
 489      6500
 490              	.LASF24:
 491 0065 666C6F61 		.ascii	"float\000"
 491      7400
ARM GAS  /tmp/cc7jRjOb.s 			page 10


 492              	.LASF26:
 493 006b 2E2F6D75 		.ascii	"./mutable_instruments/stmlib/utils/random.cpp\000"
 493      7461626C 
 493      655F696E 
 493      73747275 
 493      6D656E74 
 494              	.LASF19:
 495 0099 47657446 		.ascii	"GetFloat\000"
 495      6C6F6174 
 495      00
 496              	.LASF1:
 497 00a2 756E7369 		.ascii	"unsigned char\000"
 497      676E6564 
 497      20636861 
 497      7200
 498              	.LASF7:
 499 00b0 6C6F6E67 		.ascii	"long unsigned int\000"
 499      20756E73 
 499      69676E65 
 499      6420696E 
 499      7400
 500              	.LASF3:
 501 00c2 73686F72 		.ascii	"short unsigned int\000"
 501      7420756E 
 501      7369676E 
 501      65642069 
 501      6E7400
 502              	.LASF34:
 503 00d5 5F5A4E36 		.ascii	"_ZN6stmlib6Random10rng_state_E\000"
 503      73746D6C 
 503      69623652 
 503      616E646F 
 503      6D313072 
 504              	.LASF6:
 505 00f4 5F5F7569 		.ascii	"__uint32_t\000"
 505      6E743332 
 505      5F7400
 506              	.LASF28:
 507 00ff 696D706C 		.ascii	"impl\000"
 507      00
 508              	.LASF27:
 509 0104 2F686F6D 		.ascii	"/home/sbcu/Dropbox/pcb-layouts/axo-on-discovery-boa"
 509      652F7362 
 509      63752F44 
 509      726F7062 
 509      6F782F70 
 510 0137 72642F61 		.ascii	"rd/axoloti/firmware\000"
 510      786F6C6F 
 510      74692F66 
 510      69726D77 
 510      61726500 
 511              	.LASF14:
 512 014b 47657457 		.ascii	"GetWord\000"
 512      6F726400 
 513              	.LASF29:
 514 0153 73746D6C 		.ascii	"stmlib\000"
 514      696200
ARM GAS  /tmp/cc7jRjOb.s 			page 11


 515              	.LASF10:
 516 015a 756E7369 		.ascii	"unsigned int\000"
 516      676E6564 
 516      20696E74 
 516      00
 517              	.LASF25:
 518 0167 474E5520 		.ascii	"GNU C++ 4.9.3 20150529 (release) [ARM/embedded-4_9-"
 518      432B2B20 
 518      342E392E 
 518      33203230 
 518      31353035 
 519 019a 6272616E 		.ascii	"branch revision 224288] -mcpu=cortex-m4 -mfloat-abi"
 519      63682072 
 519      65766973 
 519      696F6E20 
 519      32323432 
 520 01cd 3D686172 		.ascii	"=hard -mfpu=fpv4-sp-d16 -mno-thumb-interwork -mthum"
 520      64202D6D 
 520      6670753D 
 520      66707634 
 520      2D73702D 
 521 0200 62202D67 		.ascii	"b -ggdb -O2 -fomit-frame-pointer -falign-functions="
 521      67646220 
 521      2D4F3220 
 521      2D666F6D 
 521      69742D66 
 522 0233 3136202D 		.ascii	"16 -fno-math-errno -fsingle-precision-constant -fno"
 522      666E6F2D 
 522      6D617468 
 522      2D657272 
 522      6E6F202D 
 523 0266 2D727474 		.ascii	"-rtti\000"
 523      6900
 524              	.LASF9:
 525 026c 6C6F6E67 		.ascii	"long long unsigned int\000"
 525      206C6F6E 
 525      6720756E 
 525      7369676E 
 525      65642069 
 526              	.LASF18:
 527 0283 5F5A4E36 		.ascii	"_ZN6stmlib6Random9GetSampleEv\000"
 527      73746D6C 
 527      69623652 
 527      616E646F 
 527      6D394765 
 528              	.LASF11:
 529 02a1 696E7431 		.ascii	"int16_t\000"
 529      365F7400 
 530              	.LASF16:
 531 02a9 5F5A4E36 		.ascii	"_ZN6stmlib6Random7GetWordEv\000"
 531      73746D6C 
 531      69623652 
 531      616E646F 
 531      6D374765 
 532              	.LASF23:
 533 02c5 73697A65 		.ascii	"sizetype\000"
 533      74797065 
ARM GAS  /tmp/cc7jRjOb.s 			page 12


 533      00
 534              	.LASF8:
 535 02ce 6C6F6E67 		.ascii	"long long int\000"
 535      206C6F6E 
 535      6720696E 
 535      7400
 536              	.LASF2:
 537 02dc 73686F72 		.ascii	"short int\000"
 537      7420696E 
 537      7400
 538              	.LASF31:
 539 02e6 5F5A4E36 		.ascii	"_ZN6stmlib6Random4SeedEm\000"
 539      73746D6C 
 539      69623652 
 539      616E646F 
 539      6D345365 
 540              	.LASF12:
 541 02ff 75696E74 		.ascii	"uint32_t\000"
 541      33325F74 
 541      00
 542              	.LASF4:
 543 0308 6C6F6E67 		.ascii	"long int\000"
 543      20696E74 
 543      00
 544              	.LASF32:
 545 0311 6F706572 		.ascii	"operator=\000"
 545      61746F72 
 545      3D00
 546              	.LASF0:
 547 031b 7369676E 		.ascii	"signed char\000"
 547      65642063 
 547      68617200 
 548              	.LASF20:
 549 0327 5F5A4E36 		.ascii	"_ZN6stmlib6Random8GetFloatEv\000"
 549      73746D6C 
 549      69623652 
 549      616E646F 
 549      6D384765 
 550              		.ident	"GCC: (GNU Tools for ARM Embedded Processors) 4.9.3 20150529 (release) [ARM/embedded-4_9-br
ARM GAS  /tmp/cc7jRjOb.s 			page 13


DEFINED SYMBOLS
                            *ABS*:00000000 random.cpp
     /tmp/cc7jRjOb.s:25     .data:00000000 _ZN6stmlib6Random10rng_state_E
     /tmp/cc7jRjOb.s:22     .data:00000000 $d

NO UNDEFINED SYMBOLS
