ARM GAS  /tmp/ccgbvNtv.s 			page 1


   1              		.syntax unified
   2              		.cpu cortex-m4
   3              		.eabi_attribute 27, 1
   4              		.eabi_attribute 28, 1
   5              		.fpu fpv4-sp-d16
   6              		.eabi_attribute 20, 1
   7              		.eabi_attribute 21, 1
   8              		.eabi_attribute 23, 3
   9              		.eabi_attribute 24, 1
  10              		.eabi_attribute 25, 1
  11              		.eabi_attribute 26, 1
  12              		.eabi_attribute 30, 2
  13              		.eabi_attribute 34, 1
  14              		.eabi_attribute 18, 4
  15              		.thumb
  16              		.file	"chcore.c"
  17              		.text
  18              	.Ltext0:
  19              		.cfi_sections	.debug_frame
  20              		.section	.text.port_halt,"ax",%progbits
  21              		.align	2
  22              		.p2align 4,,15
  23              		.weak	port_halt
  24              		.thumb
  25              		.thumb_func
  26              		.type	port_halt, %function
  27              	port_halt:
  28              	.LFB7:
  29              		.file 1 "/home/sbcu/Dropbox/pcb-layouts/axo-on-discovery-board/axoloti/platform_linux/../chibios/o
  30              		.loc 1 46 0
  31              		.cfi_startproc
  32              		@ args = 0, pretend = 0, frame = 0
  33              		@ frame_needed = 0, uses_anonymous_args = 0
  34              		@ link register save eliminated.
  35              		.loc 1 48 0
  36              	@ 48 "/home/sbcu/Dropbox/pcb-layouts/axo-on-discovery-board/axoloti/platform_linux/../chibios/os/po
  37 0000 72B6     		cpsid   i
  38              	@ 0 "" 2
  39              		.thumb
  40              	.L2:
  41              		.loc 1 50 0 discriminator 1
  42 0002 FEE7     		b	.L2
  43              		.cfi_endproc
  44              	.LFE7:
  45              		.size	port_halt, .-port_halt
  46              		.text
  47              	.Letext0:
  48              		.section	.debug_info,"",%progbits
  49              	.Ldebug_info0:
  50 0000 8A000000 		.4byte	0x8a
  51 0004 0400     		.2byte	0x4
  52 0006 00000000 		.4byte	.Ldebug_abbrev0
  53 000a 04       		.byte	0x4
  54 000b 01       		.uleb128 0x1
  55 000c B9000000 		.4byte	.LASF12
  56 0010 01       		.byte	0x1
  57 0011 44000000 		.4byte	.LASF13
ARM GAS  /tmp/ccgbvNtv.s 			page 2


  58 0015 00000000 		.4byte	.Ldebug_ranges0+0
  59 0019 00000000 		.4byte	0
  60 001d 00000000 		.4byte	.Ldebug_line0
  61 0021 02       		.uleb128 0x2
  62 0022 04       		.byte	0x4
  63 0023 05       		.byte	0x5
  64 0024 696E7400 		.ascii	"int\000"
  65 0028 03       		.uleb128 0x3
  66 0029 04       		.byte	0x4
  67 002a 07       		.byte	0x7
  68 002b 0E000000 		.4byte	.LASF0
  69 002f 03       		.uleb128 0x3
  70 0030 01       		.byte	0x1
  71 0031 06       		.byte	0x6
  72 0032 07020000 		.4byte	.LASF1
  73 0036 03       		.uleb128 0x3
  74 0037 01       		.byte	0x1
  75 0038 08       		.byte	0x8
  76 0039 D2010000 		.4byte	.LASF2
  77 003d 03       		.uleb128 0x3
  78 003e 02       		.byte	0x2
  79 003f 05       		.byte	0x5
  80 0040 1D020000 		.4byte	.LASF3
  81 0044 03       		.uleb128 0x3
  82 0045 02       		.byte	0x2
  83 0046 07       		.byte	0x7
  84 0047 F4010000 		.4byte	.LASF4
  85 004b 03       		.uleb128 0x3
  86 004c 04       		.byte	0x4
  87 004d 05       		.byte	0x5
  88 004e E5010000 		.4byte	.LASF5
  89 0052 03       		.uleb128 0x3
  90 0053 04       		.byte	0x4
  91 0054 07       		.byte	0x7
  92 0055 1B000000 		.4byte	.LASF6
  93 0059 03       		.uleb128 0x3
  94 005a 08       		.byte	0x8
  95 005b 05       		.byte	0x5
  96 005c 00000000 		.4byte	.LASF7
  97 0060 03       		.uleb128 0x3
  98 0061 08       		.byte	0x8
  99 0062 07       		.byte	0x7
 100 0063 2D000000 		.4byte	.LASF8
 101 0067 03       		.uleb128 0x3
 102 0068 01       		.byte	0x1
 103 0069 02       		.byte	0x2
 104 006a EE010000 		.4byte	.LASF9
 105 006e 03       		.uleb128 0x3
 106 006f 04       		.byte	0x4
 107 0070 07       		.byte	0x7
 108 0071 27020000 		.4byte	.LASF10
 109 0075 03       		.uleb128 0x3
 110 0076 01       		.byte	0x1
 111 0077 08       		.byte	0x8
 112 0078 E0010000 		.4byte	.LASF11
 113 007c 04       		.uleb128 0x4
 114 007d 13020000 		.4byte	.LASF14
ARM GAS  /tmp/ccgbvNtv.s 			page 3


 115 0081 01       		.byte	0x1
 116 0082 2E       		.byte	0x2e
 117 0083 00000000 		.4byte	.LFB7
 118 0087 04000000 		.4byte	.LFE7-.LFB7
 119 008b 01       		.uleb128 0x1
 120 008c 9C       		.byte	0x9c
 121 008d 00       		.byte	0
 122              		.section	.debug_abbrev,"",%progbits
 123              	.Ldebug_abbrev0:
 124 0000 01       		.uleb128 0x1
 125 0001 11       		.uleb128 0x11
 126 0002 01       		.byte	0x1
 127 0003 25       		.uleb128 0x25
 128 0004 0E       		.uleb128 0xe
 129 0005 13       		.uleb128 0x13
 130 0006 0B       		.uleb128 0xb
 131 0007 03       		.uleb128 0x3
 132 0008 0E       		.uleb128 0xe
 133 0009 55       		.uleb128 0x55
 134 000a 17       		.uleb128 0x17
 135 000b 11       		.uleb128 0x11
 136 000c 01       		.uleb128 0x1
 137 000d 10       		.uleb128 0x10
 138 000e 17       		.uleb128 0x17
 139 000f 00       		.byte	0
 140 0010 00       		.byte	0
 141 0011 02       		.uleb128 0x2
 142 0012 24       		.uleb128 0x24
 143 0013 00       		.byte	0
 144 0014 0B       		.uleb128 0xb
 145 0015 0B       		.uleb128 0xb
 146 0016 3E       		.uleb128 0x3e
 147 0017 0B       		.uleb128 0xb
 148 0018 03       		.uleb128 0x3
 149 0019 08       		.uleb128 0x8
 150 001a 00       		.byte	0
 151 001b 00       		.byte	0
 152 001c 03       		.uleb128 0x3
 153 001d 24       		.uleb128 0x24
 154 001e 00       		.byte	0
 155 001f 0B       		.uleb128 0xb
 156 0020 0B       		.uleb128 0xb
 157 0021 3E       		.uleb128 0x3e
 158 0022 0B       		.uleb128 0xb
 159 0023 03       		.uleb128 0x3
 160 0024 0E       		.uleb128 0xe
 161 0025 00       		.byte	0
 162 0026 00       		.byte	0
 163 0027 04       		.uleb128 0x4
 164 0028 2E       		.uleb128 0x2e
 165 0029 00       		.byte	0
 166 002a 3F       		.uleb128 0x3f
 167 002b 19       		.uleb128 0x19
 168 002c 03       		.uleb128 0x3
 169 002d 0E       		.uleb128 0xe
 170 002e 3A       		.uleb128 0x3a
 171 002f 0B       		.uleb128 0xb
ARM GAS  /tmp/ccgbvNtv.s 			page 4


 172 0030 3B       		.uleb128 0x3b
 173 0031 0B       		.uleb128 0xb
 174 0032 27       		.uleb128 0x27
 175 0033 19       		.uleb128 0x19
 176 0034 11       		.uleb128 0x11
 177 0035 01       		.uleb128 0x1
 178 0036 12       		.uleb128 0x12
 179 0037 06       		.uleb128 0x6
 180 0038 40       		.uleb128 0x40
 181 0039 18       		.uleb128 0x18
 182 003a 9742     		.uleb128 0x2117
 183 003c 19       		.uleb128 0x19
 184 003d 00       		.byte	0
 185 003e 00       		.byte	0
 186 003f 00       		.byte	0
 187              		.section	.debug_aranges,"",%progbits
 188 0000 1C000000 		.4byte	0x1c
 189 0004 0200     		.2byte	0x2
 190 0006 00000000 		.4byte	.Ldebug_info0
 191 000a 04       		.byte	0x4
 192 000b 00       		.byte	0
 193 000c 0000     		.2byte	0
 194 000e 0000     		.2byte	0
 195 0010 00000000 		.4byte	.LFB7
 196 0014 04000000 		.4byte	.LFE7-.LFB7
 197 0018 00000000 		.4byte	0
 198 001c 00000000 		.4byte	0
 199              		.section	.debug_ranges,"",%progbits
 200              	.Ldebug_ranges0:
 201 0000 00000000 		.4byte	.LFB7
 202 0004 04000000 		.4byte	.LFE7
 203 0008 00000000 		.4byte	0
 204 000c 00000000 		.4byte	0
 205              		.section	.debug_line,"",%progbits
 206              	.Ldebug_line0:
 207 0000 A6000000 		.section	.debug_str,"MS",%progbits,1
 207      02008B00 
 207      00000201 
 207      FB0E0D00 
 207      01010101 
 208              	.LASF7:
 209 0000 6C6F6E67 		.ascii	"long long int\000"
 209      206C6F6E 
 209      6720696E 
 209      7400
 210              	.LASF0:
 211 000e 756E7369 		.ascii	"unsigned int\000"
 211      676E6564 
 211      20696E74 
 211      00
 212              	.LASF6:
 213 001b 6C6F6E67 		.ascii	"long unsigned int\000"
 213      20756E73 
 213      69676E65 
 213      6420696E 
 213      7400
 214              	.LASF8:
ARM GAS  /tmp/ccgbvNtv.s 			page 5


 215 002d 6C6F6E67 		.ascii	"long long unsigned int\000"
 215      206C6F6E 
 215      6720756E 
 215      7369676E 
 215      65642069 
 216              	.LASF13:
 217 0044 2F686F6D 		.ascii	"/home/sbcu/Dropbox/pcb-layouts/axo-on-discovery-boa"
 217      652F7362 
 217      63752F44 
 217      726F7062 
 217      6F782F70 
 218 0077 72642F61 		.ascii	"rd/axoloti/platform_linux/../chibios/os/ports/GCC/A"
 218      786F6C6F 
 218      74692F70 
 218      6C617466 
 218      6F726D5F 
 219 00aa 524D434D 		.ascii	"RMCMx/chcore.c\000"
 219      782F6368 
 219      636F7265 
 219      2E6300
 220              	.LASF12:
 221 00b9 474E5520 		.ascii	"GNU C 4.9.3 20150529 (release) [ARM/embedded-4_9-br"
 221      4320342E 
 221      392E3320 
 221      32303135 
 221      30353239 
 222 00ec 616E6368 		.ascii	"anch revision 224288] -mcpu=cortex-m4 -mfloat-abi=h"
 222      20726576 
 222      6973696F 
 222      6E203232 
 222      34323838 
 223 011f 61726420 		.ascii	"ard -mfpu=fpv4-sp-d16 -mno-thumb-interwork -mthumb "
 223      2D6D6670 
 223      753D6670 
 223      76342D73 
 223      702D6431 
 224 0152 2D676764 		.ascii	"-ggdb -O2 -fomit-frame-pointer -falign-functions=16"
 224      62202D4F 
 224      32202D66 
 224      6F6D6974 
 224      2D667261 
 225 0185 202D6666 		.ascii	" -ffunction-sections -fdata-sections -fno-common -f"
 225      756E6374 
 225      696F6E2D 
 225      73656374 
 225      696F6E73 
 226 01b8 73696E67 		.ascii	"single-precision-constant\000"
 226      6C652D70 
 226      72656369 
 226      73696F6E 
 226      2D636F6E 
 227              	.LASF2:
 228 01d2 756E7369 		.ascii	"unsigned char\000"
 228      676E6564 
 228      20636861 
 228      7200
 229              	.LASF11:
ARM GAS  /tmp/ccgbvNtv.s 			page 6


 230 01e0 63686172 		.ascii	"char\000"
 230      00
 231              	.LASF5:
 232 01e5 6C6F6E67 		.ascii	"long int\000"
 232      20696E74 
 232      00
 233              	.LASF9:
 234 01ee 5F426F6F 		.ascii	"_Bool\000"
 234      6C00
 235              	.LASF4:
 236 01f4 73686F72 		.ascii	"short unsigned int\000"
 236      7420756E 
 236      7369676E 
 236      65642069 
 236      6E7400
 237              	.LASF1:
 238 0207 7369676E 		.ascii	"signed char\000"
 238      65642063 
 238      68617200 
 239              	.LASF14:
 240 0213 706F7274 		.ascii	"port_halt\000"
 240      5F68616C 
 240      7400
 241              	.LASF3:
 242 021d 73686F72 		.ascii	"short int\000"
 242      7420696E 
 242      7400
 243              	.LASF10:
 244 0227 73697A65 		.ascii	"sizetype\000"
 244      74797065 
 244      00
 245              		.ident	"GCC: (GNU Tools for ARM Embedded Processors) 4.9.3 20150529 (release) [ARM/embedded-4_9-br
ARM GAS  /tmp/ccgbvNtv.s 			page 7


DEFINED SYMBOLS
                            *ABS*:00000000 chcore.c
     /tmp/ccgbvNtv.s:21     .text.port_halt:00000000 $t
     /tmp/ccgbvNtv.s:27     .text.port_halt:00000000 port_halt
                     .debug_frame:00000010 $d

NO UNDEFINED SYMBOLS
