ARM GAS  /tmp/cc652FFO.s 			page 1


   1              		.syntax unified
   2              		.cpu cortex-m4
   3              		.eabi_attribute 27, 1
   4              		.eabi_attribute 28, 1
   5              		.fpu fpv4-sp-d16
   6              		.eabi_attribute 20, 1
   7              		.eabi_attribute 21, 1
   8              		.eabi_attribute 23, 3
   9              		.eabi_attribute 24, 1
  10              		.eabi_attribute 25, 1
  11              		.eabi_attribute 26, 1
  12              		.eabi_attribute 30, 2
  13              		.eabi_attribute 34, 1
  14              		.eabi_attribute 18, 4
  15              		.thumb
  16              		.file	"chregistry.c"
  17              		.text
  18              	.Ltext0:
  19              		.cfi_sections	.debug_frame
  20              		.section	.text.chRegFirstThread,"ax",%progbits
  21              		.align	2
  22              		.p2align 4,,15
  23              		.global	chRegFirstThread
  24              		.thumb
  25              		.thumb_func
  26              		.type	chRegFirstThread, %function
  27              	chRegFirstThread:
  28              	.LFB7:
  29              		.file 1 "/home/sbcu/Dropbox/pcb-layouts/axo-on-discovery-board/axoloti/platform_linux/../chibios/o
  30              		.loc 1 117 0
  31              		.cfi_startproc
  32              		@ args = 0, pretend = 0, frame = 0
  33              		@ frame_needed = 0, uses_anonymous_args = 0
  34              		@ link register save eliminated.
  35              	.LBB2:
  36              		.loc 1 120 0
  37 0000 2023     		movs	r3, #32
  38              	@ 120 "/home/sbcu/Dropbox/pcb-layouts/axo-on-discovery-board/axoloti/platform_linux/../chibios/os/k
  39 0002 83F31188 		msr     BASEPRI, r3
  40              	@ 0 "" 2
  41              		.thumb
  42              	.LBE2:
  43              		.loc 1 121 0
  44 0006 034A     		ldr	r2, .L2
  45              	.LBB3:
  46              		.loc 1 125 0
  47 0008 0023     		movs	r3, #0
  48              	.LBE3:
  49              		.loc 1 121 0
  50 000a 1069     		ldr	r0, [r2, #16]
  51              	.LVL0:
  52              	.LBB4:
  53              		.loc 1 125 0
  54              	@ 125 "/home/sbcu/Dropbox/pcb-layouts/axo-on-discovery-board/axoloti/platform_linux/../chibios/os/k
  55 000c 83F31188 		msr     BASEPRI, r3
  56              	@ 0 "" 2
  57              		.thumb
ARM GAS  /tmp/cc652FFO.s 			page 2


  58              	.LBE4:
  59              		.loc 1 127 0
  60 0010 7047     		bx	lr
  61              	.L3:
  62 0012 00BF     		.align	2
  63              	.L2:
  64 0014 00000000 		.word	rlist
  65              		.cfi_endproc
  66              	.LFE7:
  67              		.size	chRegFirstThread, .-chRegFirstThread
  68              		.section	.text.chRegNextThread,"ax",%progbits
  69              		.align	2
  70              		.p2align 4,,15
  71              		.global	chRegNextThread
  72              		.thumb
  73              		.thumb_func
  74              		.type	chRegNextThread, %function
  75              	chRegNextThread:
  76              	.LFB8:
  77              		.loc 1 140 0
  78              		.cfi_startproc
  79              		@ args = 0, pretend = 0, frame = 0
  80              		@ frame_needed = 0, uses_anonymous_args = 0
  81              		@ link register save eliminated.
  82              	.LVL1:
  83              	.LBB5:
  84              		.loc 1 143 0
  85 0000 2023     		movs	r3, #32
  86              	@ 143 "/home/sbcu/Dropbox/pcb-layouts/axo-on-discovery-board/axoloti/platform_linux/../chibios/os/k
  87 0002 83F31188 		msr     BASEPRI, r3
  88              	@ 0 "" 2
  89              		.thumb
  90              	.LBE5:
  91              		.loc 1 145 0
  92 0006 044A     		ldr	r2, .L6
  93              		.loc 1 144 0
  94 0008 0069     		ldr	r0, [r0, #16]
  95              	.LVL2:
  96              	.LBB6:
  97              		.loc 1 154 0
  98 000a 0023     		movs	r3, #0
  99              	.LBE6:
 100              		.loc 1 146 0
 101 000c 9042     		cmp	r0, r2
 102 000e 08BF     		it	eq
 103 0010 1846     		moveq	r0, r3
 104              	.LVL3:
 105              	.LBB7:
 106              		.loc 1 154 0
 107              	@ 154 "/home/sbcu/Dropbox/pcb-layouts/axo-on-discovery-board/axoloti/platform_linux/../chibios/os/k
 108 0012 83F31188 		msr     BASEPRI, r3
 109              	@ 0 "" 2
 110              		.thumb
 111              	.LBE7:
 112              		.loc 1 159 0
 113 0016 7047     		bx	lr
 114              	.L7:
ARM GAS  /tmp/cc652FFO.s 			page 3


 115              		.align	2
 116              	.L6:
 117 0018 00000000 		.word	rlist
 118              		.cfi_endproc
 119              	.LFE8:
 120              		.size	chRegNextThread, .-chRegNextThread
 121              		.global	ch_debug
 122              		.section	.rodata.ch_debug,"a",%progbits
 123              		.align	2
 124              		.type	ch_debug, %object
 125              		.size	ch_debug, 22
 126              	ch_debug:
 127 0000 6D61696E 		.ascii	"main"
 128 0004 00       		.byte	0
 129 0005 16       		.byte	22
 130 0006 8911     		.short	4489
 131 0008 04       		.byte	4
 132 0009 04       		.byte	4
 133 000a 44       		.byte	68
 134 000b 08       		.byte	8
 135 000c 0C       		.byte	12
 136 000d 10       		.byte	16
 137 000e 14       		.byte	20
 138 000f 18       		.byte	24
 139 0010 00       		.byte	0
 140 0011 1C       		.byte	28
 141 0012 1D       		.byte	29
 142 0013 00       		.byte	0
 143 0014 1E       		.byte	30
 144 0015 20       		.byte	32
 145              		.text
 146              	.Letext0:
 147              		.file 2 "/home/sbcu/Dropbox/pcb-layouts/axo-on-discovery-board/axoloti/platform_linux/lib/gcc/arm-
 148              		.file 3 "/home/sbcu/Dropbox/pcb-layouts/axo-on-discovery-board/axoloti/platform_linux/arm-none-eab
 149              		.file 4 "/home/sbcu/Dropbox/pcb-layouts/axo-on-discovery-board/axoloti/platform_linux/arm-none-eab
 150              		.file 5 "/home/sbcu/Dropbox/pcb-layouts/axo-on-discovery-board/axoloti/platform_linux/../chibios/o
 151              		.file 6 "/home/sbcu/Dropbox/pcb-layouts/axo-on-discovery-board/axoloti/platform_linux/../chibios/o
 152              		.file 7 "/home/sbcu/Dropbox/pcb-layouts/axo-on-discovery-board/axoloti/platform_linux/../chibios/o
 153              		.file 8 "/home/sbcu/Dropbox/pcb-layouts/axo-on-discovery-board/axoloti/platform_linux/../chibios/o
 154              		.file 9 "/home/sbcu/Dropbox/pcb-layouts/axo-on-discovery-board/axoloti/platform_linux/../chibios/o
 155              		.file 10 "/home/sbcu/Dropbox/pcb-layouts/axo-on-discovery-board/axoloti/platform_linux/../chibios/
 156              		.file 11 "/home/sbcu/Dropbox/pcb-layouts/axo-on-discovery-board/axoloti/platform_linux/../chibios/
 157              		.section	.debug_info,"",%progbits
 158              	.Ldebug_info0:
 159 0000 A2060000 		.4byte	0x6a2
 160 0004 0400     		.2byte	0x4
 161 0006 00000000 		.4byte	.Ldebug_abbrev0
 162 000a 04       		.byte	0x4
 163 000b 01       		.uleb128 0x1
 164 000c 26030000 		.4byte	.LASF89
 165 0010 01       		.byte	0x1
 166 0011 54040000 		.4byte	.LASF90
 167 0015 30000000 		.4byte	.Ldebug_ranges0+0x30
 168 0019 00000000 		.4byte	0
 169 001d 00000000 		.4byte	.Ldebug_line0
 170 0021 02       		.uleb128 0x2
 171 0022 04       		.byte	0x4
ARM GAS  /tmp/cc652FFO.s 			page 4


 172 0023 05       		.byte	0x5
 173 0024 696E7400 		.ascii	"int\000"
 174 0028 03       		.uleb128 0x3
 175 0029 13000000 		.4byte	.LASF2
 176 002d 02       		.byte	0x2
 177 002e D4       		.byte	0xd4
 178 002f 33000000 		.4byte	0x33
 179 0033 04       		.uleb128 0x4
 180 0034 04       		.byte	0x4
 181 0035 07       		.byte	0x7
 182 0036 08010000 		.4byte	.LASF0
 183 003a 04       		.uleb128 0x4
 184 003b 01       		.byte	0x1
 185 003c 06       		.byte	0x6
 186 003d 83000000 		.4byte	.LASF1
 187 0041 03       		.uleb128 0x3
 188 0042 21000000 		.4byte	.LASF3
 189 0046 03       		.byte	0x3
 190 0047 1D       		.byte	0x1d
 191 0048 4C000000 		.4byte	0x4c
 192 004c 04       		.uleb128 0x4
 193 004d 01       		.byte	0x1
 194 004e 08       		.byte	0x8
 195 004f 1F020000 		.4byte	.LASF4
 196 0053 04       		.uleb128 0x4
 197 0054 02       		.byte	0x2
 198 0055 05       		.byte	0x5
 199 0056 37020000 		.4byte	.LASF5
 200 005a 03       		.uleb128 0x3
 201 005b DC020000 		.4byte	.LASF6
 202 005f 03       		.byte	0x3
 203 0060 2B       		.byte	0x2b
 204 0061 65000000 		.4byte	0x65
 205 0065 04       		.uleb128 0x4
 206 0066 02       		.byte	0x2
 207 0067 07       		.byte	0x7
 208 0068 46010000 		.4byte	.LASF7
 209 006c 03       		.uleb128 0x3
 210 006d 03030000 		.4byte	.LASF8
 211 0071 03       		.byte	0x3
 212 0072 3F       		.byte	0x3f
 213 0073 77000000 		.4byte	0x77
 214 0077 04       		.uleb128 0x4
 215 0078 04       		.byte	0x4
 216 0079 05       		.byte	0x5
 217 007a BE000000 		.4byte	.LASF9
 218 007e 03       		.uleb128 0x3
 219 007f F4000000 		.4byte	.LASF10
 220 0083 03       		.byte	0x3
 221 0084 41       		.byte	0x41
 222 0085 89000000 		.4byte	0x89
 223 0089 04       		.uleb128 0x4
 224 008a 04       		.byte	0x4
 225 008b 07       		.byte	0x7
 226 008c 15010000 		.4byte	.LASF11
 227 0090 04       		.uleb128 0x4
 228 0091 08       		.byte	0x8
ARM GAS  /tmp/cc652FFO.s 			page 5


 229 0092 05       		.byte	0x5
 230 0093 75000000 		.4byte	.LASF12
 231 0097 04       		.uleb128 0x4
 232 0098 08       		.byte	0x8
 233 0099 07       		.byte	0x7
 234 009a 39000000 		.4byte	.LASF13
 235 009e 03       		.uleb128 0x3
 236 009f CD040000 		.4byte	.LASF14
 237 00a3 04       		.byte	0x4
 238 00a4 14       		.byte	0x14
 239 00a5 41000000 		.4byte	0x41
 240 00a9 03       		.uleb128 0x3
 241 00aa D0000000 		.4byte	.LASF15
 242 00ae 04       		.byte	0x4
 243 00af 1A       		.byte	0x1a
 244 00b0 5A000000 		.4byte	0x5a
 245 00b4 03       		.uleb128 0x3
 246 00b5 17020000 		.4byte	.LASF16
 247 00b9 04       		.byte	0x4
 248 00ba 1F       		.byte	0x1f
 249 00bb 6C000000 		.4byte	0x6c
 250 00bf 03       		.uleb128 0x3
 251 00c0 AA020000 		.4byte	.LASF17
 252 00c4 04       		.byte	0x4
 253 00c5 20       		.byte	0x20
 254 00c6 7E000000 		.4byte	0x7e
 255 00ca 04       		.uleb128 0x4
 256 00cb 01       		.byte	0x1
 257 00cc 02       		.byte	0x2
 258 00cd 11020000 		.4byte	.LASF18
 259 00d1 03       		.uleb128 0x3
 260 00d2 67010000 		.4byte	.LASF19
 261 00d6 05       		.byte	0x5
 262 00d7 2C       		.byte	0x2c
 263 00d8 9E000000 		.4byte	0x9e
 264 00dc 03       		.uleb128 0x3
 265 00dd C7000000 		.4byte	.LASF20
 266 00e1 05       		.byte	0x5
 267 00e2 2D       		.byte	0x2d
 268 00e3 9E000000 		.4byte	0x9e
 269 00e7 03       		.uleb128 0x3
 270 00e8 B4000000 		.4byte	.LASF21
 271 00ec 05       		.byte	0x5
 272 00ed 2F       		.byte	0x2f
 273 00ee 9E000000 		.4byte	0x9e
 274 00f2 03       		.uleb128 0x3
 275 00f3 09020000 		.4byte	.LASF22
 276 00f7 05       		.byte	0x5
 277 00f8 30       		.byte	0x30
 278 00f9 BF000000 		.4byte	0xbf
 279 00fd 03       		.uleb128 0x3
 280 00fe 59010000 		.4byte	.LASF23
 281 0102 05       		.byte	0x5
 282 0103 31       		.byte	0x31
 283 0104 B4000000 		.4byte	0xb4
 284 0108 03       		.uleb128 0x3
 285 0109 7B010000 		.4byte	.LASF24
ARM GAS  /tmp/cc652FFO.s 			page 6


 286 010d 05       		.byte	0x5
 287 010e 33       		.byte	0x33
 288 010f BF000000 		.4byte	0xbf
 289 0113 03       		.uleb128 0x3
 290 0114 EE020000 		.4byte	.LASF25
 291 0118 05       		.byte	0x5
 292 0119 35       		.byte	0x35
 293 011a BF000000 		.4byte	0xbf
 294 011e 03       		.uleb128 0x3
 295 011f 8B020000 		.4byte	.LASF26
 296 0123 06       		.byte	0x6
 297 0124 2A       		.byte	0x2a
 298 0125 29010000 		.4byte	0x129
 299 0129 05       		.uleb128 0x5
 300 012a 8B020000 		.4byte	.LASF26
 301 012e 44       		.byte	0x44
 302 012f 07       		.byte	0x7
 303 0130 5E       		.byte	0x5e
 304 0131 0E020000 		.4byte	0x20e
 305 0135 06       		.uleb128 0x6
 306 0136 6D020000 		.4byte	.LASF27
 307 013a 07       		.byte	0x7
 308 013b 5F       		.byte	0x5f
 309 013c 2F020000 		.4byte	0x22f
 310 0140 00       		.byte	0
 311 0141 06       		.uleb128 0x6
 312 0142 02020000 		.4byte	.LASF28
 313 0146 07       		.byte	0x7
 314 0147 61       		.byte	0x61
 315 0148 2F020000 		.4byte	0x22f
 316 014c 04       		.byte	0x4
 317 014d 06       		.uleb128 0x6
 318 014e 61000000 		.4byte	.LASF29
 319 0152 07       		.byte	0x7
 320 0153 63       		.byte	0x63
 321 0154 F2000000 		.4byte	0xf2
 322 0158 08       		.byte	0x8
 323 0159 06       		.uleb128 0x6
 324 015a F6040000 		.4byte	.LASF30
 325 015e 07       		.byte	0x7
 326 015f 64       		.byte	0x64
 327 0160 B9030000 		.4byte	0x3b9
 328 0164 0C       		.byte	0xc
 329 0165 06       		.uleb128 0x6
 330 0166 E3000000 		.4byte	.LASF31
 331 016a 07       		.byte	0x7
 332 016b 66       		.byte	0x66
 333 016c 2F020000 		.4byte	0x22f
 334 0170 10       		.byte	0x10
 335 0171 06       		.uleb128 0x6
 336 0172 C2010000 		.4byte	.LASF32
 337 0176 07       		.byte	0x7
 338 0177 67       		.byte	0x67
 339 0178 2F020000 		.4byte	0x22f
 340 017c 14       		.byte	0x14
 341 017d 06       		.uleb128 0x6
 342 017e DC040000 		.4byte	.LASF33
ARM GAS  /tmp/cc652FFO.s 			page 7


 343 0182 07       		.byte	0x7
 344 0183 6E       		.byte	0x6e
 345 0184 B9040000 		.4byte	0x4b9
 346 0188 18       		.byte	0x18
 347 0189 06       		.uleb128 0x6
 348 018a 41020000 		.4byte	.LASF34
 349 018e 07       		.byte	0x7
 350 018f 79       		.byte	0x79
 351 0190 DC000000 		.4byte	0xdc
 352 0194 1C       		.byte	0x1c
 353 0195 06       		.uleb128 0x6
 354 0196 83020000 		.4byte	.LASF35
 355 019a 07       		.byte	0x7
 356 019b 7D       		.byte	0x7d
 357 019c D1000000 		.4byte	0xd1
 358 01a0 1D       		.byte	0x1d
 359 01a1 06       		.uleb128 0x6
 360 01a2 49020000 		.4byte	.LASF36
 361 01a6 07       		.byte	0x7
 362 01a7 88       		.byte	0x88
 363 01a8 E7000000 		.4byte	0xe7
 364 01ac 1E       		.byte	0x1e
 365 01ad 06       		.uleb128 0x6
 366 01ae 0D030000 		.4byte	.LASF37
 367 01b2 07       		.byte	0x7
 368 01b3 8F       		.byte	0x8f
 369 01b4 E1030000 		.4byte	0x3e1
 370 01b8 20       		.byte	0x20
 371 01b9 07       		.uleb128 0x7
 372 01ba 705F7500 		.ascii	"p_u\000"
 373 01be 07       		.byte	0x7
 374 01bf B4       		.byte	0xb4
 375 01c0 84040000 		.4byte	0x484
 376 01c4 24       		.byte	0x24
 377 01c5 06       		.uleb128 0x6
 378 01c6 FC040000 		.4byte	.LASF38
 379 01ca 07       		.byte	0x7
 380 01cb B9       		.byte	0xb9
 381 01cc 55020000 		.4byte	0x255
 382 01d0 28       		.byte	0x28
 383 01d1 06       		.uleb128 0x6
 384 01d2 1B030000 		.4byte	.LASF39
 385 01d6 07       		.byte	0x7
 386 01d7 BF       		.byte	0xbf
 387 01d8 35020000 		.4byte	0x235
 388 01dc 2C       		.byte	0x2c
 389 01dd 06       		.uleb128 0x6
 390 01de 0D000000 		.4byte	.LASF40
 391 01e2 07       		.byte	0x7
 392 01e3 C3       		.byte	0xc3
 393 01e4 FD000000 		.4byte	0xfd
 394 01e8 34       		.byte	0x34
 395 01e9 06       		.uleb128 0x6
 396 01ea 9F020000 		.4byte	.LASF41
 397 01ee 07       		.byte	0x7
 398 01ef C9       		.byte	0xc9
 399 01f0 08010000 		.4byte	0x108
ARM GAS  /tmp/cc652FFO.s 			page 8


 400 01f4 38       		.byte	0x38
 401 01f5 06       		.uleb128 0x6
 402 01f6 2D020000 		.4byte	.LASF42
 403 01fa 07       		.byte	0x7
 404 01fb D0       		.byte	0xd0
 405 01fc CB040000 		.4byte	0x4cb
 406 0200 3C       		.byte	0x3c
 407 0201 06       		.uleb128 0x6
 408 0202 F8020000 		.4byte	.LASF43
 409 0206 07       		.byte	0x7
 410 0207 D4       		.byte	0xd4
 411 0208 F2000000 		.4byte	0xf2
 412 020c 40       		.byte	0x40
 413 020d 00       		.byte	0
 414 020e 08       		.uleb128 0x8
 415 020f 08       		.byte	0x8
 416 0210 06       		.byte	0x6
 417 0211 61       		.byte	0x61
 418 0212 2F020000 		.4byte	0x22f
 419 0216 06       		.uleb128 0x6
 420 0217 6D020000 		.4byte	.LASF27
 421 021b 06       		.byte	0x6
 422 021c 62       		.byte	0x62
 423 021d 2F020000 		.4byte	0x22f
 424 0221 00       		.byte	0
 425 0222 06       		.uleb128 0x6
 426 0223 02020000 		.4byte	.LASF28
 427 0227 06       		.byte	0x6
 428 0228 64       		.byte	0x64
 429 0229 2F020000 		.4byte	0x22f
 430 022d 04       		.byte	0x4
 431 022e 00       		.byte	0
 432 022f 09       		.uleb128 0x9
 433 0230 04       		.byte	0x4
 434 0231 1E010000 		.4byte	0x11e
 435 0235 03       		.uleb128 0x3
 436 0236 D0010000 		.4byte	.LASF44
 437 023a 06       		.byte	0x6
 438 023b 66       		.byte	0x66
 439 023c 0E020000 		.4byte	0x20e
 440 0240 08       		.uleb128 0x8
 441 0241 04       		.byte	0x4
 442 0242 06       		.byte	0x6
 443 0243 6B       		.byte	0x6b
 444 0244 55020000 		.4byte	0x255
 445 0248 06       		.uleb128 0x6
 446 0249 6D020000 		.4byte	.LASF27
 447 024d 06       		.byte	0x6
 448 024e 6D       		.byte	0x6d
 449 024f 2F020000 		.4byte	0x22f
 450 0253 00       		.byte	0
 451 0254 00       		.byte	0
 452 0255 03       		.uleb128 0x3
 453 0256 6F010000 		.4byte	.LASF45
 454 025a 06       		.byte	0x6
 455 025b 70       		.byte	0x70
 456 025c 40020000 		.4byte	0x240
ARM GAS  /tmp/cc652FFO.s 			page 9


 457 0260 03       		.uleb128 0x3
 458 0261 FF000000 		.4byte	.LASF46
 459 0265 08       		.byte	0x8
 460 0266 E5       		.byte	0xe5
 461 0267 6B020000 		.4byte	0x26b
 462 026b 0A       		.uleb128 0xa
 463 026c 04       		.byte	0x4
 464 026d 0B       		.uleb128 0xb
 465 026e 14030000 		.4byte	.LASF47
 466 0272 64       		.byte	0x64
 467 0273 08       		.byte	0x8
 468 0274 0C01     		.2byte	0x10c
 469 0276 B9030000 		.4byte	0x3b9
 470 027a 0C       		.uleb128 0xc
 471 027b 73313600 		.ascii	"s16\000"
 472 027f 08       		.byte	0x8
 473 0280 0E01     		.2byte	0x10e
 474 0282 60020000 		.4byte	0x260
 475 0286 00       		.byte	0
 476 0287 0C       		.uleb128 0xc
 477 0288 73313700 		.ascii	"s17\000"
 478 028c 08       		.byte	0x8
 479 028d 0F01     		.2byte	0x10f
 480 028f 60020000 		.4byte	0x260
 481 0293 04       		.byte	0x4
 482 0294 0C       		.uleb128 0xc
 483 0295 73313800 		.ascii	"s18\000"
 484 0299 08       		.byte	0x8
 485 029a 1001     		.2byte	0x110
 486 029c 60020000 		.4byte	0x260
 487 02a0 08       		.byte	0x8
 488 02a1 0C       		.uleb128 0xc
 489 02a2 73313900 		.ascii	"s19\000"
 490 02a6 08       		.byte	0x8
 491 02a7 1101     		.2byte	0x111
 492 02a9 60020000 		.4byte	0x260
 493 02ad 0C       		.byte	0xc
 494 02ae 0C       		.uleb128 0xc
 495 02af 73323000 		.ascii	"s20\000"
 496 02b3 08       		.byte	0x8
 497 02b4 1201     		.2byte	0x112
 498 02b6 60020000 		.4byte	0x260
 499 02ba 10       		.byte	0x10
 500 02bb 0C       		.uleb128 0xc
 501 02bc 73323100 		.ascii	"s21\000"
 502 02c0 08       		.byte	0x8
 503 02c1 1301     		.2byte	0x113
 504 02c3 60020000 		.4byte	0x260
 505 02c7 14       		.byte	0x14
 506 02c8 0C       		.uleb128 0xc
 507 02c9 73323200 		.ascii	"s22\000"
 508 02cd 08       		.byte	0x8
 509 02ce 1401     		.2byte	0x114
 510 02d0 60020000 		.4byte	0x260
 511 02d4 18       		.byte	0x18
 512 02d5 0C       		.uleb128 0xc
 513 02d6 73323300 		.ascii	"s23\000"
ARM GAS  /tmp/cc652FFO.s 			page 10


 514 02da 08       		.byte	0x8
 515 02db 1501     		.2byte	0x115
 516 02dd 60020000 		.4byte	0x260
 517 02e1 1C       		.byte	0x1c
 518 02e2 0C       		.uleb128 0xc
 519 02e3 73323400 		.ascii	"s24\000"
 520 02e7 08       		.byte	0x8
 521 02e8 1601     		.2byte	0x116
 522 02ea 60020000 		.4byte	0x260
 523 02ee 20       		.byte	0x20
 524 02ef 0C       		.uleb128 0xc
 525 02f0 73323500 		.ascii	"s25\000"
 526 02f4 08       		.byte	0x8
 527 02f5 1701     		.2byte	0x117
 528 02f7 60020000 		.4byte	0x260
 529 02fb 24       		.byte	0x24
 530 02fc 0C       		.uleb128 0xc
 531 02fd 73323600 		.ascii	"s26\000"
 532 0301 08       		.byte	0x8
 533 0302 1801     		.2byte	0x118
 534 0304 60020000 		.4byte	0x260
 535 0308 28       		.byte	0x28
 536 0309 0C       		.uleb128 0xc
 537 030a 73323700 		.ascii	"s27\000"
 538 030e 08       		.byte	0x8
 539 030f 1901     		.2byte	0x119
 540 0311 60020000 		.4byte	0x260
 541 0315 2C       		.byte	0x2c
 542 0316 0C       		.uleb128 0xc
 543 0317 73323800 		.ascii	"s28\000"
 544 031b 08       		.byte	0x8
 545 031c 1A01     		.2byte	0x11a
 546 031e 60020000 		.4byte	0x260
 547 0322 30       		.byte	0x30
 548 0323 0C       		.uleb128 0xc
 549 0324 73323900 		.ascii	"s29\000"
 550 0328 08       		.byte	0x8
 551 0329 1B01     		.2byte	0x11b
 552 032b 60020000 		.4byte	0x260
 553 032f 34       		.byte	0x34
 554 0330 0C       		.uleb128 0xc
 555 0331 73333000 		.ascii	"s30\000"
 556 0335 08       		.byte	0x8
 557 0336 1C01     		.2byte	0x11c
 558 0338 60020000 		.4byte	0x260
 559 033c 38       		.byte	0x38
 560 033d 0C       		.uleb128 0xc
 561 033e 73333100 		.ascii	"s31\000"
 562 0342 08       		.byte	0x8
 563 0343 1D01     		.2byte	0x11d
 564 0345 60020000 		.4byte	0x260
 565 0349 3C       		.byte	0x3c
 566 034a 0C       		.uleb128 0xc
 567 034b 723400   		.ascii	"r4\000"
 568 034e 08       		.byte	0x8
 569 034f 1F01     		.2byte	0x11f
 570 0351 60020000 		.4byte	0x260
ARM GAS  /tmp/cc652FFO.s 			page 11


 571 0355 40       		.byte	0x40
 572 0356 0C       		.uleb128 0xc
 573 0357 723500   		.ascii	"r5\000"
 574 035a 08       		.byte	0x8
 575 035b 2001     		.2byte	0x120
 576 035d 60020000 		.4byte	0x260
 577 0361 44       		.byte	0x44
 578 0362 0C       		.uleb128 0xc
 579 0363 723600   		.ascii	"r6\000"
 580 0366 08       		.byte	0x8
 581 0367 2101     		.2byte	0x121
 582 0369 60020000 		.4byte	0x260
 583 036d 48       		.byte	0x48
 584 036e 0C       		.uleb128 0xc
 585 036f 723700   		.ascii	"r7\000"
 586 0372 08       		.byte	0x8
 587 0373 2201     		.2byte	0x122
 588 0375 60020000 		.4byte	0x260
 589 0379 4C       		.byte	0x4c
 590 037a 0C       		.uleb128 0xc
 591 037b 723800   		.ascii	"r8\000"
 592 037e 08       		.byte	0x8
 593 037f 2301     		.2byte	0x123
 594 0381 60020000 		.4byte	0x260
 595 0385 50       		.byte	0x50
 596 0386 0C       		.uleb128 0xc
 597 0387 723900   		.ascii	"r9\000"
 598 038a 08       		.byte	0x8
 599 038b 2401     		.2byte	0x124
 600 038d 60020000 		.4byte	0x260
 601 0391 54       		.byte	0x54
 602 0392 0C       		.uleb128 0xc
 603 0393 72313000 		.ascii	"r10\000"
 604 0397 08       		.byte	0x8
 605 0398 2501     		.2byte	0x125
 606 039a 60020000 		.4byte	0x260
 607 039e 58       		.byte	0x58
 608 039f 0C       		.uleb128 0xc
 609 03a0 72313100 		.ascii	"r11\000"
 610 03a4 08       		.byte	0x8
 611 03a5 2601     		.2byte	0x126
 612 03a7 60020000 		.4byte	0x260
 613 03ab 5C       		.byte	0x5c
 614 03ac 0C       		.uleb128 0xc
 615 03ad 6C7200   		.ascii	"lr\000"
 616 03b0 08       		.byte	0x8
 617 03b1 2701     		.2byte	0x127
 618 03b3 60020000 		.4byte	0x260
 619 03b7 60       		.byte	0x60
 620 03b8 00       		.byte	0
 621 03b9 0B       		.uleb128 0xb
 622 03ba 3E010000 		.4byte	.LASF48
 623 03be 04       		.byte	0x4
 624 03bf 08       		.byte	0x8
 625 03c0 3101     		.2byte	0x131
 626 03c2 D4030000 		.4byte	0x3d4
 627 03c6 0C       		.uleb128 0xc
ARM GAS  /tmp/cc652FFO.s 			page 12


 628 03c7 72313300 		.ascii	"r13\000"
 629 03cb 08       		.byte	0x8
 630 03cc 3201     		.2byte	0x132
 631 03ce D4030000 		.4byte	0x3d4
 632 03d2 00       		.byte	0
 633 03d3 00       		.byte	0
 634 03d4 09       		.uleb128 0x9
 635 03d5 04       		.byte	0x4
 636 03d6 6D020000 		.4byte	0x26d
 637 03da 04       		.uleb128 0x4
 638 03db 04       		.byte	0x4
 639 03dc 07       		.byte	0x7
 640 03dd A1010000 		.4byte	.LASF49
 641 03e1 0D       		.uleb128 0xd
 642 03e2 13010000 		.4byte	0x113
 643 03e6 08       		.uleb128 0x8
 644 03e7 1C       		.byte	0x1c
 645 03e8 09       		.byte	0x9
 646 03e9 5E       		.byte	0x5e
 647 03ea 37040000 		.4byte	0x437
 648 03ee 06       		.uleb128 0x6
 649 03ef BF020000 		.4byte	.LASF50
 650 03f3 09       		.byte	0x9
 651 03f4 5F       		.byte	0x5f
 652 03f5 35020000 		.4byte	0x235
 653 03f9 00       		.byte	0
 654 03fa 06       		.uleb128 0x6
 655 03fb 5F020000 		.4byte	.LASF51
 656 03ff 09       		.byte	0x9
 657 0400 60       		.byte	0x60
 658 0401 F2000000 		.4byte	0xf2
 659 0405 08       		.byte	0x8
 660 0406 06       		.uleb128 0x6
 661 0407 CA010000 		.4byte	.LASF52
 662 040b 09       		.byte	0x9
 663 040c 62       		.byte	0x62
 664 040d B9030000 		.4byte	0x3b9
 665 0411 0C       		.byte	0xc
 666 0412 06       		.uleb128 0x6
 667 0413 5F010000 		.4byte	.LASF53
 668 0417 09       		.byte	0x9
 669 0418 65       		.byte	0x65
 670 0419 2F020000 		.4byte	0x22f
 671 041d 10       		.byte	0x10
 672 041e 06       		.uleb128 0x6
 673 041f EF010000 		.4byte	.LASF54
 674 0423 09       		.byte	0x9
 675 0424 66       		.byte	0x66
 676 0425 2F020000 		.4byte	0x22f
 677 0429 14       		.byte	0x14
 678 042a 06       		.uleb128 0x6
 679 042b E5010000 		.4byte	.LASF55
 680 042f 09       		.byte	0x9
 681 0430 69       		.byte	0x69
 682 0431 2F020000 		.4byte	0x22f
 683 0435 18       		.byte	0x18
 684 0436 00       		.byte	0
ARM GAS  /tmp/cc652FFO.s 			page 13


 685 0437 03       		.uleb128 0x3
 686 0438 4A040000 		.4byte	.LASF56
 687 043c 09       		.byte	0x9
 688 043d 6B       		.byte	0x6b
 689 043e E6030000 		.4byte	0x3e6
 690 0442 05       		.uleb128 0x5
 691 0443 87010000 		.4byte	.LASF57
 692 0447 10       		.byte	0x10
 693 0448 0A       		.byte	0xa
 694 0449 2C       		.byte	0x2c
 695 044a 73040000 		.4byte	0x473
 696 044e 06       		.uleb128 0x6
 697 044f AC000000 		.4byte	.LASF58
 698 0453 0A       		.byte	0xa
 699 0454 2D       		.byte	0x2d
 700 0455 35020000 		.4byte	0x235
 701 0459 00       		.byte	0
 702 045a 06       		.uleb128 0x6
 703 045b EE040000 		.4byte	.LASF59
 704 045f 0A       		.byte	0xa
 705 0460 2F       		.byte	0x2f
 706 0461 2F020000 		.4byte	0x22f
 707 0465 08       		.byte	0x8
 708 0466 06       		.uleb128 0x6
 709 0467 E7020000 		.4byte	.LASF60
 710 046b 0A       		.byte	0xa
 711 046c 31       		.byte	0x31
 712 046d 73040000 		.4byte	0x473
 713 0471 0C       		.byte	0xc
 714 0472 00       		.byte	0
 715 0473 09       		.uleb128 0x9
 716 0474 04       		.byte	0x4
 717 0475 42040000 		.4byte	0x442
 718 0479 03       		.uleb128 0x3
 719 047a 87010000 		.4byte	.LASF57
 720 047e 0A       		.byte	0xa
 721 047f 33       		.byte	0x33
 722 0480 42040000 		.4byte	0x442
 723 0484 0E       		.uleb128 0xe
 724 0485 04       		.byte	0x4
 725 0486 07       		.byte	0x7
 726 0487 96       		.byte	0x96
 727 0488 B9040000 		.4byte	0x4b9
 728 048c 0F       		.uleb128 0xf
 729 048d 1A000000 		.4byte	.LASF61
 730 0491 07       		.byte	0x7
 731 0492 9D       		.byte	0x9d
 732 0493 FD000000 		.4byte	0xfd
 733 0497 0F       		.uleb128 0xf
 734 0498 EB000000 		.4byte	.LASF62
 735 049c 07       		.byte	0x7
 736 049d A4       		.byte	0xa4
 737 049e FD000000 		.4byte	0xfd
 738 04a2 0F       		.uleb128 0xf
 739 04a3 D5040000 		.4byte	.LASF63
 740 04a7 07       		.byte	0x7
 741 04a8 AB       		.byte	0xab
ARM GAS  /tmp/cc652FFO.s 			page 14


 742 04a9 6B020000 		.4byte	0x26b
 743 04ad 0F       		.uleb128 0xf
 744 04ae 66020000 		.4byte	.LASF64
 745 04b2 07       		.byte	0x7
 746 04b3 B2       		.byte	0xb2
 747 04b4 08010000 		.4byte	0x108
 748 04b8 00       		.byte	0
 749 04b9 09       		.uleb128 0x9
 750 04ba 04       		.byte	0x4
 751 04bb BF040000 		.4byte	0x4bf
 752 04bf 10       		.uleb128 0x10
 753 04c0 C4040000 		.4byte	0x4c4
 754 04c4 04       		.uleb128 0x4
 755 04c5 01       		.byte	0x1
 756 04c6 08       		.byte	0x8
 757 04c7 C7020000 		.4byte	.LASF65
 758 04cb 09       		.uleb128 0x9
 759 04cc 04       		.byte	0x4
 760 04cd 79040000 		.4byte	0x479
 761 04d1 08       		.uleb128 0x8
 762 04d2 16       		.byte	0x16
 763 04d3 0B       		.byte	0xb
 764 04d4 2C       		.byte	0x2c
 765 04d5 B2050000 		.4byte	0x5b2
 766 04d9 06       		.uleb128 0x6
 767 04da 30010000 		.4byte	.LASF66
 768 04de 0B       		.byte	0xb
 769 04df 2D       		.byte	0x2d
 770 04e0 B2050000 		.4byte	0x5b2
 771 04e4 00       		.byte	0
 772 04e5 06       		.uleb128 0x6
 773 04e6 8D010000 		.4byte	.LASF67
 774 04ea 0B       		.byte	0xb
 775 04eb 2E       		.byte	0x2e
 776 04ec 9E000000 		.4byte	0x9e
 777 04f0 04       		.byte	0x4
 778 04f1 06       		.uleb128 0x6
 779 04f2 DD010000 		.4byte	.LASF68
 780 04f6 0B       		.byte	0xb
 781 04f7 2F       		.byte	0x2f
 782 04f8 9E000000 		.4byte	0x9e
 783 04fc 05       		.byte	0x5
 784 04fd 06       		.uleb128 0x6
 785 04fe E3040000 		.4byte	.LASF69
 786 0502 0B       		.byte	0xb
 787 0503 30       		.byte	0x30
 788 0504 A9000000 		.4byte	0xa9
 789 0508 06       		.byte	0x6
 790 0509 06       		.uleb128 0x6
 791 050a F7010000 		.4byte	.LASF70
 792 050e 0B       		.byte	0xb
 793 050f 31       		.byte	0x31
 794 0510 9E000000 		.4byte	0x9e
 795 0514 08       		.byte	0x8
 796 0515 06       		.uleb128 0x6
 797 0516 AA010000 		.4byte	.LASF71
 798 051a 0B       		.byte	0xb
ARM GAS  /tmp/cc652FFO.s 			page 15


 799 051b 32       		.byte	0x32
 800 051c 9E000000 		.4byte	0x9e
 801 0520 09       		.byte	0x9
 802 0521 06       		.uleb128 0x6
 803 0522 2B000000 		.4byte	.LASF72
 804 0526 0B       		.byte	0xb
 805 0527 33       		.byte	0x33
 806 0528 9E000000 		.4byte	0x9e
 807 052c 0A       		.byte	0xa
 808 052d 06       		.uleb128 0x6
 809 052e B3020000 		.4byte	.LASF73
 810 0532 0B       		.byte	0xb
 811 0533 34       		.byte	0x34
 812 0534 9E000000 		.4byte	0x9e
 813 0538 0B       		.byte	0xb
 814 0539 06       		.uleb128 0x6
 815 053a 3F040000 		.4byte	.LASF74
 816 053e 0B       		.byte	0xb
 817 053f 35       		.byte	0x35
 818 0540 9E000000 		.4byte	0x9e
 819 0544 0C       		.byte	0xc
 820 0545 06       		.uleb128 0x6
 821 0546 92020000 		.4byte	.LASF75
 822 054a 0B       		.byte	0xb
 823 054b 36       		.byte	0x36
 824 054c 9E000000 		.4byte	0x9e
 825 0550 0D       		.byte	0xd
 826 0551 06       		.uleb128 0x6
 827 0552 00000000 		.4byte	.LASF76
 828 0556 0B       		.byte	0xb
 829 0557 37       		.byte	0x37
 830 0558 9E000000 		.4byte	0x9e
 831 055c 0E       		.byte	0xe
 832 055d 06       		.uleb128 0x6
 833 055e B6010000 		.4byte	.LASF77
 834 0562 0B       		.byte	0xb
 835 0563 38       		.byte	0x38
 836 0564 9E000000 		.4byte	0x9e
 837 0568 0F       		.byte	0xf
 838 0569 06       		.uleb128 0x6
 839 056a 8F000000 		.4byte	.LASF78
 840 056e 0B       		.byte	0xb
 841 056f 39       		.byte	0x39
 842 0570 9E000000 		.4byte	0x9e
 843 0574 10       		.byte	0x10
 844 0575 06       		.uleb128 0x6
 845 0576 68000000 		.4byte	.LASF79
 846 057a 0B       		.byte	0xb
 847 057b 3B       		.byte	0x3b
 848 057c 9E000000 		.4byte	0x9e
 849 0580 11       		.byte	0x11
 850 0581 06       		.uleb128 0x6
 851 0582 9F000000 		.4byte	.LASF80
 852 0586 0B       		.byte	0xb
 853 0587 3C       		.byte	0x3c
 854 0588 9E000000 		.4byte	0x9e
 855 058c 12       		.byte	0x12
ARM GAS  /tmp/cc652FFO.s 			page 16


 856 058d 06       		.uleb128 0x6
 857 058e 95010000 		.4byte	.LASF81
 858 0592 0B       		.byte	0xb
 859 0593 3D       		.byte	0x3d
 860 0594 9E000000 		.4byte	0x9e
 861 0598 13       		.byte	0x13
 862 0599 06       		.uleb128 0x6
 863 059a 74020000 		.4byte	.LASF82
 864 059e 0B       		.byte	0xb
 865 059f 3E       		.byte	0x3e
 866 05a0 9E000000 		.4byte	0x9e
 867 05a4 14       		.byte	0x14
 868 05a5 06       		.uleb128 0x6
 869 05a6 53020000 		.4byte	.LASF83
 870 05aa 0B       		.byte	0xb
 871 05ab 40       		.byte	0x40
 872 05ac 9E000000 		.4byte	0x9e
 873 05b0 15       		.byte	0x15
 874 05b1 00       		.byte	0
 875 05b2 11       		.uleb128 0x11
 876 05b3 C4040000 		.4byte	0x4c4
 877 05b7 C2050000 		.4byte	0x5c2
 878 05bb 12       		.uleb128 0x12
 879 05bc DA030000 		.4byte	0x3da
 880 05c0 03       		.byte	0x3
 881 05c1 00       		.byte	0
 882 05c2 03       		.uleb128 0x3
 883 05c3 D9000000 		.4byte	.LASF84
 884 05c7 0B       		.byte	0xb
 885 05c8 41       		.byte	0x41
 886 05c9 D1040000 		.4byte	0x4d1
 887 05cd 13       		.uleb128 0x13
 888 05ce 50000000 		.4byte	.LASF85
 889 05d2 01       		.byte	0x1
 890 05d3 75       		.byte	0x75
 891 05d4 2F020000 		.4byte	0x22f
 892 05d8 00000000 		.4byte	.LFB7
 893 05dc 18000000 		.4byte	.LFE7-.LFB7
 894 05e0 01       		.uleb128 0x1
 895 05e1 9C       		.byte	0x9c
 896 05e2 21060000 		.4byte	0x621
 897 05e6 14       		.uleb128 0x14
 898 05e7 747000   		.ascii	"tp\000"
 899 05ea 01       		.byte	0x1
 900 05eb 76       		.byte	0x76
 901 05ec 2F020000 		.4byte	0x22f
 902 05f0 01       		.uleb128 0x1
 903 05f1 50       		.byte	0x50
 904 05f2 15       		.uleb128 0x15
 905 05f3 00000000 		.4byte	.LBB2
 906 05f7 06000000 		.4byte	.LBE2-.LBB2
 907 05fb 0D060000 		.4byte	0x60d
 908 05ff 14       		.uleb128 0x14
 909 0600 746D7000 		.ascii	"tmp\000"
 910 0604 01       		.byte	0x1
 911 0605 78       		.byte	0x78
 912 0606 BF000000 		.4byte	0xbf
ARM GAS  /tmp/cc652FFO.s 			page 17


 913 060a 01       		.uleb128 0x1
 914 060b 53       		.byte	0x53
 915 060c 00       		.byte	0
 916 060d 16       		.uleb128 0x16
 917 060e 00000000 		.4byte	.Ldebug_ranges0+0
 918 0612 14       		.uleb128 0x14
 919 0613 746D7000 		.ascii	"tmp\000"
 920 0617 01       		.byte	0x1
 921 0618 7D       		.byte	0x7d
 922 0619 BF000000 		.4byte	0xbf
 923 061d 01       		.uleb128 0x1
 924 061e 53       		.byte	0x53
 925 061f 00       		.byte	0
 926 0620 00       		.byte	0
 927 0621 13       		.uleb128 0x13
 928 0622 CC020000 		.4byte	.LASF86
 929 0626 01       		.byte	0x1
 930 0627 8C       		.byte	0x8c
 931 0628 2F020000 		.4byte	0x22f
 932 062c 00000000 		.4byte	.LFB8
 933 0630 1C000000 		.4byte	.LFE8-.LFB8
 934 0634 01       		.uleb128 0x1
 935 0635 9C       		.byte	0x9c
 936 0636 84060000 		.4byte	0x684
 937 063a 17       		.uleb128 0x17
 938 063b 747000   		.ascii	"tp\000"
 939 063e 01       		.byte	0x1
 940 063f 8C       		.byte	0x8c
 941 0640 2F020000 		.4byte	0x22f
 942 0644 00000000 		.4byte	.LLST0
 943 0648 14       		.uleb128 0x14
 944 0649 6E747000 		.ascii	"ntp\000"
 945 064d 01       		.byte	0x1
 946 064e 8D       		.byte	0x8d
 947 064f 2F020000 		.4byte	0x22f
 948 0653 01       		.uleb128 0x1
 949 0654 50       		.byte	0x50
 950 0655 15       		.uleb128 0x15
 951 0656 00000000 		.4byte	.LBB5
 952 065a 06000000 		.4byte	.LBE5-.LBB5
 953 065e 70060000 		.4byte	0x670
 954 0662 14       		.uleb128 0x14
 955 0663 746D7000 		.ascii	"tmp\000"
 956 0667 01       		.byte	0x1
 957 0668 8F       		.byte	0x8f
 958 0669 BF000000 		.4byte	0xbf
 959 066d 01       		.uleb128 0x1
 960 066e 53       		.byte	0x53
 961 066f 00       		.byte	0
 962 0670 16       		.uleb128 0x16
 963 0671 18000000 		.4byte	.Ldebug_ranges0+0x18
 964 0675 14       		.uleb128 0x14
 965 0676 746D7000 		.ascii	"tmp\000"
 966 067a 01       		.byte	0x1
 967 067b 9A       		.byte	0x9a
 968 067c BF000000 		.4byte	0xbf
 969 0680 01       		.uleb128 0x1
ARM GAS  /tmp/cc652FFO.s 			page 18


 970 0681 53       		.byte	0x53
 971 0682 00       		.byte	0
 972 0683 00       		.byte	0
 973 0684 18       		.uleb128 0x18
 974 0685 C7040000 		.4byte	.LASF87
 975 0689 09       		.byte	0x9
 976 068a 6F       		.byte	0x6f
 977 068b 37040000 		.4byte	0x437
 978 068f 19       		.uleb128 0x19
 979 0690 27010000 		.4byte	.LASF88
 980 0694 01       		.byte	0x1
 981 0695 42       		.byte	0x42
 982 0696 A0060000 		.4byte	0x6a0
 983 069a 05       		.uleb128 0x5
 984 069b 03       		.byte	0x3
 985 069c 00000000 		.4byte	ch_debug
 986 06a0 10       		.uleb128 0x10
 987 06a1 C2050000 		.4byte	0x5c2
 988 06a5 00       		.byte	0
 989              		.section	.debug_abbrev,"",%progbits
 990              	.Ldebug_abbrev0:
 991 0000 01       		.uleb128 0x1
 992 0001 11       		.uleb128 0x11
 993 0002 01       		.byte	0x1
 994 0003 25       		.uleb128 0x25
 995 0004 0E       		.uleb128 0xe
 996 0005 13       		.uleb128 0x13
 997 0006 0B       		.uleb128 0xb
 998 0007 03       		.uleb128 0x3
 999 0008 0E       		.uleb128 0xe
 1000 0009 55       		.uleb128 0x55
 1001 000a 17       		.uleb128 0x17
 1002 000b 11       		.uleb128 0x11
 1003 000c 01       		.uleb128 0x1
 1004 000d 10       		.uleb128 0x10
 1005 000e 17       		.uleb128 0x17
 1006 000f 00       		.byte	0
 1007 0010 00       		.byte	0
 1008 0011 02       		.uleb128 0x2
 1009 0012 24       		.uleb128 0x24
 1010 0013 00       		.byte	0
 1011 0014 0B       		.uleb128 0xb
 1012 0015 0B       		.uleb128 0xb
 1013 0016 3E       		.uleb128 0x3e
 1014 0017 0B       		.uleb128 0xb
 1015 0018 03       		.uleb128 0x3
 1016 0019 08       		.uleb128 0x8
 1017 001a 00       		.byte	0
 1018 001b 00       		.byte	0
 1019 001c 03       		.uleb128 0x3
 1020 001d 16       		.uleb128 0x16
 1021 001e 00       		.byte	0
 1022 001f 03       		.uleb128 0x3
 1023 0020 0E       		.uleb128 0xe
 1024 0021 3A       		.uleb128 0x3a
 1025 0022 0B       		.uleb128 0xb
 1026 0023 3B       		.uleb128 0x3b
ARM GAS  /tmp/cc652FFO.s 			page 19


 1027 0024 0B       		.uleb128 0xb
 1028 0025 49       		.uleb128 0x49
 1029 0026 13       		.uleb128 0x13
 1030 0027 00       		.byte	0
 1031 0028 00       		.byte	0
 1032 0029 04       		.uleb128 0x4
 1033 002a 24       		.uleb128 0x24
 1034 002b 00       		.byte	0
 1035 002c 0B       		.uleb128 0xb
 1036 002d 0B       		.uleb128 0xb
 1037 002e 3E       		.uleb128 0x3e
 1038 002f 0B       		.uleb128 0xb
 1039 0030 03       		.uleb128 0x3
 1040 0031 0E       		.uleb128 0xe
 1041 0032 00       		.byte	0
 1042 0033 00       		.byte	0
 1043 0034 05       		.uleb128 0x5
 1044 0035 13       		.uleb128 0x13
 1045 0036 01       		.byte	0x1
 1046 0037 03       		.uleb128 0x3
 1047 0038 0E       		.uleb128 0xe
 1048 0039 0B       		.uleb128 0xb
 1049 003a 0B       		.uleb128 0xb
 1050 003b 3A       		.uleb128 0x3a
 1051 003c 0B       		.uleb128 0xb
 1052 003d 3B       		.uleb128 0x3b
 1053 003e 0B       		.uleb128 0xb
 1054 003f 01       		.uleb128 0x1
 1055 0040 13       		.uleb128 0x13
 1056 0041 00       		.byte	0
 1057 0042 00       		.byte	0
 1058 0043 06       		.uleb128 0x6
 1059 0044 0D       		.uleb128 0xd
 1060 0045 00       		.byte	0
 1061 0046 03       		.uleb128 0x3
 1062 0047 0E       		.uleb128 0xe
 1063 0048 3A       		.uleb128 0x3a
 1064 0049 0B       		.uleb128 0xb
 1065 004a 3B       		.uleb128 0x3b
 1066 004b 0B       		.uleb128 0xb
 1067 004c 49       		.uleb128 0x49
 1068 004d 13       		.uleb128 0x13
 1069 004e 38       		.uleb128 0x38
 1070 004f 0B       		.uleb128 0xb
 1071 0050 00       		.byte	0
 1072 0051 00       		.byte	0
 1073 0052 07       		.uleb128 0x7
 1074 0053 0D       		.uleb128 0xd
 1075 0054 00       		.byte	0
 1076 0055 03       		.uleb128 0x3
 1077 0056 08       		.uleb128 0x8
 1078 0057 3A       		.uleb128 0x3a
 1079 0058 0B       		.uleb128 0xb
 1080 0059 3B       		.uleb128 0x3b
 1081 005a 0B       		.uleb128 0xb
 1082 005b 49       		.uleb128 0x49
 1083 005c 13       		.uleb128 0x13
ARM GAS  /tmp/cc652FFO.s 			page 20


 1084 005d 38       		.uleb128 0x38
 1085 005e 0B       		.uleb128 0xb
 1086 005f 00       		.byte	0
 1087 0060 00       		.byte	0
 1088 0061 08       		.uleb128 0x8
 1089 0062 13       		.uleb128 0x13
 1090 0063 01       		.byte	0x1
 1091 0064 0B       		.uleb128 0xb
 1092 0065 0B       		.uleb128 0xb
 1093 0066 3A       		.uleb128 0x3a
 1094 0067 0B       		.uleb128 0xb
 1095 0068 3B       		.uleb128 0x3b
 1096 0069 0B       		.uleb128 0xb
 1097 006a 01       		.uleb128 0x1
 1098 006b 13       		.uleb128 0x13
 1099 006c 00       		.byte	0
 1100 006d 00       		.byte	0
 1101 006e 09       		.uleb128 0x9
 1102 006f 0F       		.uleb128 0xf
 1103 0070 00       		.byte	0
 1104 0071 0B       		.uleb128 0xb
 1105 0072 0B       		.uleb128 0xb
 1106 0073 49       		.uleb128 0x49
 1107 0074 13       		.uleb128 0x13
 1108 0075 00       		.byte	0
 1109 0076 00       		.byte	0
 1110 0077 0A       		.uleb128 0xa
 1111 0078 0F       		.uleb128 0xf
 1112 0079 00       		.byte	0
 1113 007a 0B       		.uleb128 0xb
 1114 007b 0B       		.uleb128 0xb
 1115 007c 00       		.byte	0
 1116 007d 00       		.byte	0
 1117 007e 0B       		.uleb128 0xb
 1118 007f 13       		.uleb128 0x13
 1119 0080 01       		.byte	0x1
 1120 0081 03       		.uleb128 0x3
 1121 0082 0E       		.uleb128 0xe
 1122 0083 0B       		.uleb128 0xb
 1123 0084 0B       		.uleb128 0xb
 1124 0085 3A       		.uleb128 0x3a
 1125 0086 0B       		.uleb128 0xb
 1126 0087 3B       		.uleb128 0x3b
 1127 0088 05       		.uleb128 0x5
 1128 0089 01       		.uleb128 0x1
 1129 008a 13       		.uleb128 0x13
 1130 008b 00       		.byte	0
 1131 008c 00       		.byte	0
 1132 008d 0C       		.uleb128 0xc
 1133 008e 0D       		.uleb128 0xd
 1134 008f 00       		.byte	0
 1135 0090 03       		.uleb128 0x3
 1136 0091 08       		.uleb128 0x8
 1137 0092 3A       		.uleb128 0x3a
 1138 0093 0B       		.uleb128 0xb
 1139 0094 3B       		.uleb128 0x3b
 1140 0095 05       		.uleb128 0x5
ARM GAS  /tmp/cc652FFO.s 			page 21


 1141 0096 49       		.uleb128 0x49
 1142 0097 13       		.uleb128 0x13
 1143 0098 38       		.uleb128 0x38
 1144 0099 0B       		.uleb128 0xb
 1145 009a 00       		.byte	0
 1146 009b 00       		.byte	0
 1147 009c 0D       		.uleb128 0xd
 1148 009d 35       		.uleb128 0x35
 1149 009e 00       		.byte	0
 1150 009f 49       		.uleb128 0x49
 1151 00a0 13       		.uleb128 0x13
 1152 00a1 00       		.byte	0
 1153 00a2 00       		.byte	0
 1154 00a3 0E       		.uleb128 0xe
 1155 00a4 17       		.uleb128 0x17
 1156 00a5 01       		.byte	0x1
 1157 00a6 0B       		.uleb128 0xb
 1158 00a7 0B       		.uleb128 0xb
 1159 00a8 3A       		.uleb128 0x3a
 1160 00a9 0B       		.uleb128 0xb
 1161 00aa 3B       		.uleb128 0x3b
 1162 00ab 0B       		.uleb128 0xb
 1163 00ac 01       		.uleb128 0x1
 1164 00ad 13       		.uleb128 0x13
 1165 00ae 00       		.byte	0
 1166 00af 00       		.byte	0
 1167 00b0 0F       		.uleb128 0xf
 1168 00b1 0D       		.uleb128 0xd
 1169 00b2 00       		.byte	0
 1170 00b3 03       		.uleb128 0x3
 1171 00b4 0E       		.uleb128 0xe
 1172 00b5 3A       		.uleb128 0x3a
 1173 00b6 0B       		.uleb128 0xb
 1174 00b7 3B       		.uleb128 0x3b
 1175 00b8 0B       		.uleb128 0xb
 1176 00b9 49       		.uleb128 0x49
 1177 00ba 13       		.uleb128 0x13
 1178 00bb 00       		.byte	0
 1179 00bc 00       		.byte	0
 1180 00bd 10       		.uleb128 0x10
 1181 00be 26       		.uleb128 0x26
 1182 00bf 00       		.byte	0
 1183 00c0 49       		.uleb128 0x49
 1184 00c1 13       		.uleb128 0x13
 1185 00c2 00       		.byte	0
 1186 00c3 00       		.byte	0
 1187 00c4 11       		.uleb128 0x11
 1188 00c5 01       		.uleb128 0x1
 1189 00c6 01       		.byte	0x1
 1190 00c7 49       		.uleb128 0x49
 1191 00c8 13       		.uleb128 0x13
 1192 00c9 01       		.uleb128 0x1
 1193 00ca 13       		.uleb128 0x13
 1194 00cb 00       		.byte	0
 1195 00cc 00       		.byte	0
 1196 00cd 12       		.uleb128 0x12
 1197 00ce 21       		.uleb128 0x21
ARM GAS  /tmp/cc652FFO.s 			page 22


 1198 00cf 00       		.byte	0
 1199 00d0 49       		.uleb128 0x49
 1200 00d1 13       		.uleb128 0x13
 1201 00d2 2F       		.uleb128 0x2f
 1202 00d3 0B       		.uleb128 0xb
 1203 00d4 00       		.byte	0
 1204 00d5 00       		.byte	0
 1205 00d6 13       		.uleb128 0x13
 1206 00d7 2E       		.uleb128 0x2e
 1207 00d8 01       		.byte	0x1
 1208 00d9 3F       		.uleb128 0x3f
 1209 00da 19       		.uleb128 0x19
 1210 00db 03       		.uleb128 0x3
 1211 00dc 0E       		.uleb128 0xe
 1212 00dd 3A       		.uleb128 0x3a
 1213 00de 0B       		.uleb128 0xb
 1214 00df 3B       		.uleb128 0x3b
 1215 00e0 0B       		.uleb128 0xb
 1216 00e1 27       		.uleb128 0x27
 1217 00e2 19       		.uleb128 0x19
 1218 00e3 49       		.uleb128 0x49
 1219 00e4 13       		.uleb128 0x13
 1220 00e5 11       		.uleb128 0x11
 1221 00e6 01       		.uleb128 0x1
 1222 00e7 12       		.uleb128 0x12
 1223 00e8 06       		.uleb128 0x6
 1224 00e9 40       		.uleb128 0x40
 1225 00ea 18       		.uleb128 0x18
 1226 00eb 9742     		.uleb128 0x2117
 1227 00ed 19       		.uleb128 0x19
 1228 00ee 01       		.uleb128 0x1
 1229 00ef 13       		.uleb128 0x13
 1230 00f0 00       		.byte	0
 1231 00f1 00       		.byte	0
 1232 00f2 14       		.uleb128 0x14
 1233 00f3 34       		.uleb128 0x34
 1234 00f4 00       		.byte	0
 1235 00f5 03       		.uleb128 0x3
 1236 00f6 08       		.uleb128 0x8
 1237 00f7 3A       		.uleb128 0x3a
 1238 00f8 0B       		.uleb128 0xb
 1239 00f9 3B       		.uleb128 0x3b
 1240 00fa 0B       		.uleb128 0xb
 1241 00fb 49       		.uleb128 0x49
 1242 00fc 13       		.uleb128 0x13
 1243 00fd 02       		.uleb128 0x2
 1244 00fe 18       		.uleb128 0x18
 1245 00ff 00       		.byte	0
 1246 0100 00       		.byte	0
 1247 0101 15       		.uleb128 0x15
 1248 0102 0B       		.uleb128 0xb
 1249 0103 01       		.byte	0x1
 1250 0104 11       		.uleb128 0x11
 1251 0105 01       		.uleb128 0x1
 1252 0106 12       		.uleb128 0x12
 1253 0107 06       		.uleb128 0x6
 1254 0108 01       		.uleb128 0x1
ARM GAS  /tmp/cc652FFO.s 			page 23


 1255 0109 13       		.uleb128 0x13
 1256 010a 00       		.byte	0
 1257 010b 00       		.byte	0
 1258 010c 16       		.uleb128 0x16
 1259 010d 0B       		.uleb128 0xb
 1260 010e 01       		.byte	0x1
 1261 010f 55       		.uleb128 0x55
 1262 0110 17       		.uleb128 0x17
 1263 0111 00       		.byte	0
 1264 0112 00       		.byte	0
 1265 0113 17       		.uleb128 0x17
 1266 0114 05       		.uleb128 0x5
 1267 0115 00       		.byte	0
 1268 0116 03       		.uleb128 0x3
 1269 0117 08       		.uleb128 0x8
 1270 0118 3A       		.uleb128 0x3a
 1271 0119 0B       		.uleb128 0xb
 1272 011a 3B       		.uleb128 0x3b
 1273 011b 0B       		.uleb128 0xb
 1274 011c 49       		.uleb128 0x49
 1275 011d 13       		.uleb128 0x13
 1276 011e 02       		.uleb128 0x2
 1277 011f 17       		.uleb128 0x17
 1278 0120 00       		.byte	0
 1279 0121 00       		.byte	0
 1280 0122 18       		.uleb128 0x18
 1281 0123 34       		.uleb128 0x34
 1282 0124 00       		.byte	0
 1283 0125 03       		.uleb128 0x3
 1284 0126 0E       		.uleb128 0xe
 1285 0127 3A       		.uleb128 0x3a
 1286 0128 0B       		.uleb128 0xb
 1287 0129 3B       		.uleb128 0x3b
 1288 012a 0B       		.uleb128 0xb
 1289 012b 49       		.uleb128 0x49
 1290 012c 13       		.uleb128 0x13
 1291 012d 3F       		.uleb128 0x3f
 1292 012e 19       		.uleb128 0x19
 1293 012f 3C       		.uleb128 0x3c
 1294 0130 19       		.uleb128 0x19
 1295 0131 00       		.byte	0
 1296 0132 00       		.byte	0
 1297 0133 19       		.uleb128 0x19
 1298 0134 34       		.uleb128 0x34
 1299 0135 00       		.byte	0
 1300 0136 03       		.uleb128 0x3
 1301 0137 0E       		.uleb128 0xe
 1302 0138 3A       		.uleb128 0x3a
 1303 0139 0B       		.uleb128 0xb
 1304 013a 3B       		.uleb128 0x3b
 1305 013b 0B       		.uleb128 0xb
 1306 013c 49       		.uleb128 0x49
 1307 013d 13       		.uleb128 0x13
 1308 013e 3F       		.uleb128 0x3f
 1309 013f 19       		.uleb128 0x19
 1310 0140 02       		.uleb128 0x2
 1311 0141 18       		.uleb128 0x18
ARM GAS  /tmp/cc652FFO.s 			page 24


 1312 0142 00       		.byte	0
 1313 0143 00       		.byte	0
 1314 0144 00       		.byte	0
 1315              		.section	.debug_loc,"",%progbits
 1316              	.Ldebug_loc0:
 1317              	.LLST0:
 1318 0000 00000000 		.4byte	.LVL1
 1319 0004 0A000000 		.4byte	.LVL2
 1320 0008 0100     		.2byte	0x1
 1321 000a 50       		.byte	0x50
 1322 000b 0A000000 		.4byte	.LVL2
 1323 000f 1C000000 		.4byte	.LFE8
 1324 0013 0400     		.2byte	0x4
 1325 0015 F3       		.byte	0xf3
 1326 0016 01       		.uleb128 0x1
 1327 0017 50       		.byte	0x50
 1328 0018 9F       		.byte	0x9f
 1329 0019 00000000 		.4byte	0
 1330 001d 00000000 		.4byte	0
 1331              		.section	.debug_aranges,"",%progbits
 1332 0000 24000000 		.4byte	0x24
 1333 0004 0200     		.2byte	0x2
 1334 0006 00000000 		.4byte	.Ldebug_info0
 1335 000a 04       		.byte	0x4
 1336 000b 00       		.byte	0
 1337 000c 0000     		.2byte	0
 1338 000e 0000     		.2byte	0
 1339 0010 00000000 		.4byte	.LFB7
 1340 0014 18000000 		.4byte	.LFE7-.LFB7
 1341 0018 00000000 		.4byte	.LFB8
 1342 001c 1C000000 		.4byte	.LFE8-.LFB8
 1343 0020 00000000 		.4byte	0
 1344 0024 00000000 		.4byte	0
 1345              		.section	.debug_ranges,"",%progbits
 1346              	.Ldebug_ranges0:
 1347 0000 08000000 		.4byte	.LBB3
 1348 0004 0A000000 		.4byte	.LBE3
 1349 0008 0C000000 		.4byte	.LBB4
 1350 000c 10000000 		.4byte	.LBE4
 1351 0010 00000000 		.4byte	0
 1352 0014 00000000 		.4byte	0
 1353 0018 0A000000 		.4byte	.LBB6
 1354 001c 0C000000 		.4byte	.LBE6
 1355 0020 12000000 		.4byte	.LBB7
 1356 0024 16000000 		.4byte	.LBE7
 1357 0028 00000000 		.4byte	0
 1358 002c 00000000 		.4byte	0
 1359 0030 00000000 		.4byte	.LFB7
 1360 0034 18000000 		.4byte	.LFE7
 1361 0038 00000000 		.4byte	.LFB8
 1362 003c 1C000000 		.4byte	.LFE8
 1363 0040 00000000 		.4byte	0
 1364 0044 00000000 		.4byte	0
 1365              		.section	.debug_line,"",%progbits
 1366              	.Ldebug_line0:
 1367 0000 66030000 		.section	.debug_str,"MS",%progbits,1
 1367      02002F03 
ARM GAS  /tmp/cc652FFO.s 			page 25


 1367      00000201 
 1367      FB0E0D00 
 1367      01010101 
 1368              	.LASF76:
 1369 0000 63665F6F 		.ascii	"cf_off_older\000"
 1369      66665F6F 
 1369      6C646572 
 1369      00
 1370              	.LASF40:
 1371 000d 705F6D73 		.ascii	"p_msg\000"
 1371      6700
 1372              	.LASF2:
 1373 0013 73697A65 		.ascii	"size_t\000"
 1373      5F7400
 1374              	.LASF61:
 1375 001a 7264796D 		.ascii	"rdymsg\000"
 1375      736700
 1376              	.LASF3:
 1377 0021 5F5F7569 		.ascii	"__uint8_t\000"
 1377      6E74385F 
 1377      7400
 1378              	.LASF72:
 1379 002b 63685F74 		.ascii	"ch_threadsize\000"
 1379      68726561 
 1379      6473697A 
 1379      6500
 1380              	.LASF13:
 1381 0039 6C6F6E67 		.ascii	"long long unsigned int\000"
 1381      206C6F6E 
 1381      6720756E 
 1381      7369676E 
 1381      65642069 
 1382              	.LASF85:
 1383 0050 63685265 		.ascii	"chRegFirstThread\000"
 1383      67466972 
 1383      73745468 
 1383      72656164 
 1383      00
 1384              	.LASF29:
 1385 0061 705F7072 		.ascii	"p_prio\000"
 1385      696F00
 1386              	.LASF79:
 1387 0068 63665F6F 		.ascii	"cf_off_state\000"
 1387      66665F73 
 1387      74617465 
 1387      00
 1388              	.LASF12:
 1389 0075 6C6F6E67 		.ascii	"long long int\000"
 1389      206C6F6E 
 1389      6720696E 
 1389      7400
 1390              	.LASF1:
 1391 0083 7369676E 		.ascii	"signed char\000"
 1391      65642063 
 1391      68617200 
 1392              	.LASF78:
 1393 008f 63665F6F 		.ascii	"cf_off_stklimit\000"
ARM GAS  /tmp/cc652FFO.s 			page 26


 1393      66665F73 
 1393      746B6C69 
 1393      6D697400 
 1394              	.LASF80:
 1395 009f 63665F6F 		.ascii	"cf_off_flags\000"
 1395      66665F66 
 1395      6C616773 
 1395      00
 1396              	.LASF58:
 1397 00ac 6D5F7175 		.ascii	"m_queue\000"
 1397      65756500 
 1398              	.LASF21:
 1399 00b4 74736C69 		.ascii	"tslices_t\000"
 1399      6365735F 
 1399      7400
 1400              	.LASF9:
 1401 00be 6C6F6E67 		.ascii	"long int\000"
 1401      20696E74 
 1401      00
 1402              	.LASF20:
 1403 00c7 74737461 		.ascii	"tstate_t\000"
 1403      74655F74 
 1403      00
 1404              	.LASF15:
 1405 00d0 75696E74 		.ascii	"uint16_t\000"
 1405      31365F74 
 1405      00
 1406              	.LASF84:
 1407 00d9 63686465 		.ascii	"chdebug_t\000"
 1407      6275675F 
 1407      7400
 1408              	.LASF31:
 1409 00e3 705F6E65 		.ascii	"p_newer\000"
 1409      77657200 
 1410              	.LASF62:
 1411 00eb 65786974 		.ascii	"exitcode\000"
 1411      636F6465 
 1411      00
 1412              	.LASF10:
 1413 00f4 5F5F7569 		.ascii	"__uint32_t\000"
 1413      6E743332 
 1413      5F7400
 1414              	.LASF46:
 1415 00ff 72656761 		.ascii	"regarm_t\000"
 1415      726D5F74 
 1415      00
 1416              	.LASF0:
 1417 0108 756E7369 		.ascii	"unsigned int\000"
 1417      676E6564 
 1417      20696E74 
 1417      00
 1418              	.LASF11:
 1419 0115 6C6F6E67 		.ascii	"long unsigned int\000"
 1419      20756E73 
 1419      69676E65 
 1419      6420696E 
 1419      7400
ARM GAS  /tmp/cc652FFO.s 			page 27


 1420              	.LASF88:
 1421 0127 63685F64 		.ascii	"ch_debug\000"
 1421      65627567 
 1421      00
 1422              	.LASF66:
 1423 0130 63685F69 		.ascii	"ch_identifier\000"
 1423      64656E74 
 1423      69666965 
 1423      7200
 1424              	.LASF48:
 1425 013e 636F6E74 		.ascii	"context\000"
 1425      65787400 
 1426              	.LASF7:
 1427 0146 73686F72 		.ascii	"short unsigned int\000"
 1427      7420756E 
 1427      7369676E 
 1427      65642069 
 1427      6E7400
 1428              	.LASF23:
 1429 0159 6D73675F 		.ascii	"msg_t\000"
 1429      7400
 1430              	.LASF53:
 1431 015f 725F6E65 		.ascii	"r_newer\000"
 1431      77657200 
 1432              	.LASF19:
 1433 0167 746D6F64 		.ascii	"tmode_t\000"
 1433      655F7400 
 1434              	.LASF45:
 1435 016f 54687265 		.ascii	"ThreadsList\000"
 1435      6164734C 
 1435      69737400 
 1436              	.LASF24:
 1437 017b 6576656E 		.ascii	"eventmask_t\000"
 1437      746D6173 
 1437      6B5F7400 
 1438              	.LASF57:
 1439 0187 4D757465 		.ascii	"Mutex\000"
 1439      7800
 1440              	.LASF67:
 1441 018d 63685F7A 		.ascii	"ch_zero\000"
 1441      65726F00 
 1442              	.LASF81:
 1443 0195 63665F6F 		.ascii	"cf_off_refs\000"
 1443      66665F72 
 1443      65667300 
 1444              	.LASF49:
 1445 01a1 73697A65 		.ascii	"sizetype\000"
 1445      74797065 
 1445      00
 1446              	.LASF71:
 1447 01aa 63685F74 		.ascii	"ch_timesize\000"
 1447      696D6573 
 1447      697A6500 
 1448              	.LASF77:
 1449 01b6 63665F6F 		.ascii	"cf_off_name\000"
 1449      66665F6E 
 1449      616D6500 
ARM GAS  /tmp/cc652FFO.s 			page 28


 1450              	.LASF32:
 1451 01c2 705F6F6C 		.ascii	"p_older\000"
 1451      64657200 
 1452              	.LASF52:
 1453 01ca 725F6374 		.ascii	"r_ctx\000"
 1453      7800
 1454              	.LASF44:
 1455 01d0 54687265 		.ascii	"ThreadsQueue\000"
 1455      61647351 
 1455      75657565 
 1455      00
 1456              	.LASF68:
 1457 01dd 63685F73 		.ascii	"ch_size\000"
 1457      697A6500 
 1458              	.LASF55:
 1459 01e5 725F6375 		.ascii	"r_current\000"
 1459      7272656E 
 1459      7400
 1460              	.LASF54:
 1461 01ef 725F6F6C 		.ascii	"r_older\000"
 1461      64657200 
 1462              	.LASF70:
 1463 01f7 63685F70 		.ascii	"ch_ptrsize\000"
 1463      74727369 
 1463      7A6500
 1464              	.LASF28:
 1465 0202 705F7072 		.ascii	"p_prev\000"
 1465      657600
 1466              	.LASF22:
 1467 0209 74707269 		.ascii	"tprio_t\000"
 1467      6F5F7400 
 1468              	.LASF18:
 1469 0211 5F426F6F 		.ascii	"_Bool\000"
 1469      6C00
 1470              	.LASF16:
 1471 0217 696E7433 		.ascii	"int32_t\000"
 1471      325F7400 
 1472              	.LASF4:
 1473 021f 756E7369 		.ascii	"unsigned char\000"
 1473      676E6564 
 1473      20636861 
 1473      7200
 1474              	.LASF42:
 1475 022d 705F6D74 		.ascii	"p_mtxlist\000"
 1475      786C6973 
 1475      7400
 1476              	.LASF5:
 1477 0237 73686F72 		.ascii	"short int\000"
 1477      7420696E 
 1477      7400
 1478              	.LASF34:
 1479 0241 705F7374 		.ascii	"p_state\000"
 1479      61746500 
 1480              	.LASF36:
 1481 0249 705F7072 		.ascii	"p_preempt\000"
 1481      65656D70 
 1481      7400
ARM GAS  /tmp/cc652FFO.s 			page 29


 1482              	.LASF83:
 1483 0253 63665F6F 		.ascii	"cf_off_time\000"
 1483      66665F74 
 1483      696D6500 
 1484              	.LASF51:
 1485 025f 725F7072 		.ascii	"r_prio\000"
 1485      696F00
 1486              	.LASF64:
 1487 0266 65776D61 		.ascii	"ewmask\000"
 1487      736B00
 1488              	.LASF27:
 1489 026d 705F6E65 		.ascii	"p_next\000"
 1489      787400
 1490              	.LASF82:
 1491 0274 63665F6F 		.ascii	"cf_off_preempt\000"
 1491      66665F70 
 1491      7265656D 
 1491      707400
 1492              	.LASF35:
 1493 0283 705F666C 		.ascii	"p_flags\000"
 1493      61677300 
 1494              	.LASF26:
 1495 028b 54687265 		.ascii	"Thread\000"
 1495      616400
 1496              	.LASF75:
 1497 0292 63665F6F 		.ascii	"cf_off_newer\000"
 1497      66665F6E 
 1497      65776572 
 1497      00
 1498              	.LASF41:
 1499 029f 705F6570 		.ascii	"p_epending\000"
 1499      656E6469 
 1499      6E6700
 1500              	.LASF17:
 1501 02aa 75696E74 		.ascii	"uint32_t\000"
 1501      33325F74 
 1501      00
 1502              	.LASF73:
 1503 02b3 63665F6F 		.ascii	"cf_off_prio\000"
 1503      66665F70 
 1503      72696F00 
 1504              	.LASF50:
 1505 02bf 725F7175 		.ascii	"r_queue\000"
 1505      65756500 
 1506              	.LASF65:
 1507 02c7 63686172 		.ascii	"char\000"
 1507      00
 1508              	.LASF86:
 1509 02cc 63685265 		.ascii	"chRegNextThread\000"
 1509      674E6578 
 1509      74546872 
 1509      65616400 
 1510              	.LASF6:
 1511 02dc 5F5F7569 		.ascii	"__uint16_t\000"
 1511      6E743136 
 1511      5F7400
 1512              	.LASF60:
ARM GAS  /tmp/cc652FFO.s 			page 30


 1513 02e7 6D5F6E65 		.ascii	"m_next\000"
 1513      787400
 1514              	.LASF25:
 1515 02ee 73797374 		.ascii	"systime_t\000"
 1515      696D655F 
 1515      7400
 1516              	.LASF43:
 1517 02f8 705F7265 		.ascii	"p_realprio\000"
 1517      616C7072 
 1517      696F00
 1518              	.LASF8:
 1519 0303 5F5F696E 		.ascii	"__int32_t\000"
 1519      7433325F 
 1519      7400
 1520              	.LASF37:
 1521 030d 705F7469 		.ascii	"p_time\000"
 1521      6D6500
 1522              	.LASF47:
 1523 0314 696E7463 		.ascii	"intctx\000"
 1523      747800
 1524              	.LASF39:
 1525 031b 705F6D73 		.ascii	"p_msgqueue\000"
 1525      67717565 
 1525      756500
 1526              	.LASF89:
 1527 0326 474E5520 		.ascii	"GNU C 4.9.3 20150529 (release) [ARM/embedded-4_9-br"
 1527      4320342E 
 1527      392E3320 
 1527      32303135 
 1527      30353239 
 1528 0359 616E6368 		.ascii	"anch revision 224288] -mcpu=cortex-m4 -mfloat-abi=h"
 1528      20726576 
 1528      6973696F 
 1528      6E203232 
 1528      34323838 
 1529 038c 61726420 		.ascii	"ard -mfpu=fpv4-sp-d16 -mno-thumb-interwork -mthumb "
 1529      2D6D6670 
 1529      753D6670 
 1529      76342D73 
 1529      702D6431 
 1530 03bf 2D676764 		.ascii	"-ggdb -O2 -fomit-frame-pointer -falign-functions=16"
 1530      62202D4F 
 1530      32202D66 
 1530      6F6D6974 
 1530      2D667261 
 1531 03f2 202D6666 		.ascii	" -ffunction-sections -fdata-sections -fno-common -f"
 1531      756E6374 
 1531      696F6E2D 
 1531      73656374 
 1531      696F6E73 
 1532 0425 73696E67 		.ascii	"single-precision-constant\000"
 1532      6C652D70 
 1532      72656369 
 1532      73696F6E 
 1532      2D636F6E 
 1533              	.LASF74:
 1534 043f 63665F6F 		.ascii	"cf_off_ctx\000"
ARM GAS  /tmp/cc652FFO.s 			page 31


 1534      66665F63 
 1534      747800
 1535              	.LASF56:
 1536 044a 52656164 		.ascii	"ReadyList\000"
 1536      794C6973 
 1536      7400
 1537              	.LASF90:
 1538 0454 2F686F6D 		.ascii	"/home/sbcu/Dropbox/pcb-layouts/axo-on-discovery-boa"
 1538      652F7362 
 1538      63752F44 
 1538      726F7062 
 1538      6F782F70 
 1539 0487 72642F61 		.ascii	"rd/axoloti/platform_linux/../chibios/os/kernel/src/"
 1539      786F6C6F 
 1539      74692F70 
 1539      6C617466 
 1539      6F726D5F 
 1540 04ba 63687265 		.ascii	"chregistry.c\000"
 1540      67697374 
 1540      72792E63 
 1540      00
 1541              	.LASF87:
 1542 04c7 726C6973 		.ascii	"rlist\000"
 1542      7400
 1543              	.LASF14:
 1544 04cd 75696E74 		.ascii	"uint8_t\000"
 1544      385F7400 
 1545              	.LASF63:
 1546 04d5 77746F62 		.ascii	"wtobjp\000"
 1546      6A7000
 1547              	.LASF33:
 1548 04dc 705F6E61 		.ascii	"p_name\000"
 1548      6D6500
 1549              	.LASF69:
 1550 04e3 63685F76 		.ascii	"ch_version\000"
 1550      65727369 
 1550      6F6E00
 1551              	.LASF59:
 1552 04ee 6D5F6F77 		.ascii	"m_owner\000"
 1552      6E657200 
 1553              	.LASF30:
 1554 04f6 705F6374 		.ascii	"p_ctx\000"
 1554      7800
 1555              	.LASF38:
 1556 04fc 705F7761 		.ascii	"p_waiting\000"
 1556      6974696E 
 1556      6700
 1557              		.ident	"GCC: (GNU Tools for ARM Embedded Processors) 4.9.3 20150529 (release) [ARM/embedded-4_9-br
ARM GAS  /tmp/cc652FFO.s 			page 32


DEFINED SYMBOLS
                            *ABS*:00000000 chregistry.c
     /tmp/cc652FFO.s:21     .text.chRegFirstThread:00000000 $t
     /tmp/cc652FFO.s:27     .text.chRegFirstThread:00000000 chRegFirstThread
     /tmp/cc652FFO.s:64     .text.chRegFirstThread:00000014 $d
     /tmp/cc652FFO.s:69     .text.chRegNextThread:00000000 $t
     /tmp/cc652FFO.s:75     .text.chRegNextThread:00000000 chRegNextThread
     /tmp/cc652FFO.s:117    .text.chRegNextThread:00000018 $d
     /tmp/cc652FFO.s:126    .rodata.ch_debug:00000000 ch_debug
     /tmp/cc652FFO.s:123    .rodata.ch_debug:00000000 $d
                     .debug_frame:00000010 $d

UNDEFINED SYMBOLS
rlist
