ARM GAS  /tmp/ccD5sgaM.s 			page 1


   1              		.syntax unified
   2              		.cpu cortex-m4
   3              		.eabi_attribute 27, 1
   4              		.eabi_attribute 28, 1
   5              		.fpu fpv4-sp-d16
   6              		.eabi_attribute 20, 1
   7              		.eabi_attribute 21, 1
   8              		.eabi_attribute 23, 3
   9              		.eabi_attribute 24, 1
  10              		.eabi_attribute 25, 1
  11              		.eabi_attribute 26, 1
  12              		.eabi_attribute 30, 2
  13              		.eabi_attribute 34, 1
  14              		.eabi_attribute 18, 4
  15              		.thumb
  16              		.file	"flash.c"
  17              		.text
  18              	.Ltext0:
  19              		.cfi_sections	.debug_frame
  20              		.section	.data,"ax",%progbits
  21              		.align	2
  22              		.p2align 4,,15
  23              		.global	flash_WaitForLastOperation
  24              		.thumb
  25              		.thumb_func
  26              		.type	flash_WaitForLastOperation, %function
  27              	flash_WaitForLastOperation:
  28              	.LFB118:
  29              		.file 1 "../flash.c"
  30              		.loc 1 23 0
  31              		.cfi_startproc
  32              		@ args = 0, pretend = 0, frame = 0
  33              		@ frame_needed = 0, uses_anonymous_args = 0
  34              		@ link register save eliminated.
  35              		.loc 1 24 0
  36 0000 074A     		ldr	r2, .L9
  37 0002 D368     		ldr	r3, [r2, #12]
  38 0004 B3F5803F 		cmp	r3, #65536
  39 0008 06D1     		bne	.L3
  40              		.loc 1 25 0
  41 000a 0648     		ldr	r0, .L9+4
  42 000c 7F21     		movs	r1, #127
  43              	.L2:
  44 000e 0160     		str	r1, [r0]
  45              		.loc 1 24 0
  46 0010 D368     		ldr	r3, [r2, #12]
  47 0012 B3F5803F 		cmp	r3, #65536
  48 0016 FAD0     		beq	.L2
  49              	.L3:
  50              		.loc 1 27 0
  51 0018 014B     		ldr	r3, .L9
  52 001a D868     		ldr	r0, [r3, #12]
  53              		.loc 1 28 0
  54 001c 7047     		bx	lr
  55              	.L10:
  56 001e 0000     		.align	2
  57              	.L9:
ARM GAS  /tmp/ccD5sgaM.s 			page 2


  58 0020 003C0240 		.word	1073888256
  59 0024 002C0040 		.word	1073753088
  60              		.cfi_endproc
  61              	.LFE118:
  62              		.size	flash_WaitForLastOperation, .-flash_WaitForLastOperation
  63              		.align	2
  64 0028 00000000 		.p2align 4,,15
  64      00000000 
  65              		.global	flash_Erase_sector1
  66              		.thumb
  67              		.thumb_func
  68              		.type	flash_Erase_sector1, %function
  69              	flash_Erase_sector1:
  70              	.LFB119:
  71              		.loc 1 30 0
  72              		.cfi_startproc
  73              		@ args = 0, pretend = 0, frame = 0
  74              		@ frame_needed = 0, uses_anonymous_args = 0
  75              		@ link register save eliminated.
  76              	.LVL0:
  77              		.loc 1 32 0
  78 0030 1C4B     		ldr	r3, .L23
  79 0032 1A69     		ldr	r2, [r3, #16]
  80 0034 22F44072 		bic	r2, r2, #768
  81 0038 1A61     		str	r2, [r3, #16]
  82              		.loc 1 33 0
  83 003a 1A69     		ldr	r2, [r3, #16]
  84 003c 42F40072 		orr	r2, r2, #512
  85 0040 1A61     		str	r2, [r3, #16]
  86              		.loc 1 34 0
  87 0042 1A69     		ldr	r2, [r3, #16]
  88 0044 22F0F802 		bic	r2, r2, #248
  89 0048 1A61     		str	r2, [r3, #16]
  90              		.loc 1 35 0
  91 004a 1A69     		ldr	r2, [r3, #16]
  92 004c 42F00202 		orr	r2, r2, #2
  93 0050 42EAC000 		orr	r0, r2, r0, lsl #3
  94              	.LVL1:
  95 0054 1861     		str	r0, [r3, #16]
  96              		.loc 1 36 0
  97 0056 1A69     		ldr	r2, [r3, #16]
  98 0058 42F48032 		orr	r2, r2, #65536
  99 005c 1A61     		str	r2, [r3, #16]
 100              	.LBB10:
 101              	.LBB11:
 102              		.loc 1 24 0
 103 005e DA68     		ldr	r2, [r3, #12]
 104 0060 B2F5803F 		cmp	r2, #65536
 105 0064 06D1     		bne	.L15
 106              		.loc 1 25 0
 107 0066 1048     		ldr	r0, .L23+4
 108 0068 7F21     		movs	r1, #127
 109              	.L12:
 110 006a 0160     		str	r1, [r0]
 111              		.loc 1 24 0
 112 006c DA68     		ldr	r2, [r3, #12]
 113 006e B2F5803F 		cmp	r2, #65536
ARM GAS  /tmp/ccD5sgaM.s 			page 3


 114 0072 FAD0     		beq	.L12
 115              	.L15:
 116              		.loc 1 27 0
 117 0074 0B4A     		ldr	r2, .L23
 118 0076 D368     		ldr	r3, [r2, #12]
 119              	.LBE11:
 120              	.LBE10:
 121              		.loc 1 39 0
 122 0078 1369     		ldr	r3, [r2, #16]
 123 007a 23F00203 		bic	r3, r3, #2
 124 007e 1361     		str	r3, [r2, #16]
 125              		.loc 1 40 0
 126 0080 1369     		ldr	r3, [r2, #16]
 127 0082 23F00203 		bic	r3, r3, #2
 128 0086 1361     		str	r3, [r2, #16]
 129              	.LBB12:
 130              	.LBB13:
 131              		.loc 1 24 0
 132 0088 D368     		ldr	r3, [r2, #12]
 133 008a B3F5803F 		cmp	r3, #65536
 134 008e 06D1     		bne	.L14
 135              		.loc 1 25 0
 136 0090 0548     		ldr	r0, .L23+4
 137 0092 7F21     		movs	r1, #127
 138              	.L13:
 139 0094 0160     		str	r1, [r0]
 140              		.loc 1 24 0
 141 0096 D368     		ldr	r3, [r2, #12]
 142 0098 B3F5803F 		cmp	r3, #65536
 143 009c FAD0     		beq	.L13
 144              	.L14:
 145              		.loc 1 27 0
 146 009e 014B     		ldr	r3, .L23
 147 00a0 DB68     		ldr	r3, [r3, #12]
 148 00a2 7047     		bx	lr
 149              	.L24:
 150              		.align	2
 151              	.L23:
 152 00a4 003C0240 		.word	1073888256
 153 00a8 002C0040 		.word	1073753088
 154              	.LBE13:
 155              	.LBE12:
 156              		.cfi_endproc
 157              	.LFE119:
 158              		.size	flash_Erase_sector1, .-flash_Erase_sector1
 159              		.section	.text.flash_Erase_sector,"ax",%progbits
 160              		.align	2
 161              		.p2align 4,,15
 162              		.global	flash_Erase_sector
 163              		.thumb
 164              		.thumb_func
 165              		.type	flash_Erase_sector, %function
 166              	flash_Erase_sector:
 167              	.LFB120:
 168              		.loc 1 44 0
 169              		.cfi_startproc
 170              		@ args = 0, pretend = 0, frame = 0
ARM GAS  /tmp/ccD5sgaM.s 			page 4


 171              		@ frame_needed = 0, uses_anonymous_args = 0
 172              	.LVL2:
 173 0000 08B5     		push	{r3, lr}
 174              		.cfi_def_cfa_offset 8
 175              		.cfi_offset 3, -8
 176              		.cfi_offset 14, -4
 177              	.LBB14:
 178              		.loc 1 47 0
 179 0002 2023     		movs	r3, #32
 180              	@ 47 "../flash.c" 1
 181 0004 83F31188 		msr     BASEPRI, r3
 182              	@ 0 "" 2
 183              		.thumb
 184              	.LBE14:
 185              		.loc 1 48 0
 186 0008 FFF7FEFF 		bl	flash_Erase_sector1
 187              	.LVL3:
 188              	.LBB15:
 189              		.loc 1 49 0
 190 000c 0023     		movs	r3, #0
 191              	@ 49 "../flash.c" 1
 192 000e 83F31188 		msr     BASEPRI, r3
 193              	@ 0 "" 2
 194              		.thumb
 195              	.LBE15:
 196              		.loc 1 51 0
 197 0012 1846     		mov	r0, r3
 198 0014 08BD     		pop	{r3, pc}
 199              		.cfi_endproc
 200              	.LFE120:
 201              		.size	flash_Erase_sector, .-flash_Erase_sector
 202 0016 00BF     		.section	.text.flash_ProgramWord,"ax",%progbits
 203              		.align	2
 204              		.p2align 4,,15
 205              		.global	flash_ProgramWord
 206              		.thumb
 207              		.thumb_func
 208              		.type	flash_ProgramWord, %function
 209              	flash_ProgramWord:
 210              	.LFB121:
 211              		.loc 1 53 0
 212              		.cfi_startproc
 213              		@ args = 0, pretend = 0, frame = 0
 214              		@ frame_needed = 0, uses_anonymous_args = 0
 215              	.LVL4:
 216              	.LBB16:
 217              	.LBB17:
 218              		.loc 1 24 0
 219 0000 184A     		ldr	r2, .L40
 220              	.LBE17:
 221              	.LBE16:
 222              		.loc 1 53 0
 223 0002 38B5     		push	{r3, r4, r5, lr}
 224              		.cfi_def_cfa_offset 16
 225              		.cfi_offset 3, -16
 226              		.cfi_offset 4, -12
 227              		.cfi_offset 5, -8
ARM GAS  /tmp/ccD5sgaM.s 			page 5


 228              		.cfi_offset 14, -4
 229              	.LBB19:
 230              	.LBB18:
 231              		.loc 1 24 0
 232 0004 D368     		ldr	r3, [r2, #12]
 233 0006 B3F5803F 		cmp	r3, #65536
 234 000a 06D1     		bne	.L31
 235              		.loc 1 25 0
 236 000c 164D     		ldr	r5, .L40+4
 237 000e 7F24     		movs	r4, #127
 238              	.L28:
 239 0010 2C60     		str	r4, [r5]
 240              		.loc 1 24 0
 241 0012 D368     		ldr	r3, [r2, #12]
 242 0014 B3F5803F 		cmp	r3, #65536
 243 0018 FAD0     		beq	.L28
 244              	.L31:
 245              		.loc 1 27 0
 246 001a 124B     		ldr	r3, .L40
 247 001c DA68     		ldr	r2, [r3, #12]
 248              	.LBE18:
 249              	.LBE19:
 250              		.loc 1 59 0
 251 001e 1A69     		ldr	r2, [r3, #16]
 252 0020 22F44072 		bic	r2, r2, #768
 253 0024 1A61     		str	r2, [r3, #16]
 254              		.loc 1 60 0
 255 0026 1A69     		ldr	r2, [r3, #16]
 256 0028 42F40072 		orr	r2, r2, #512
 257 002c 1A61     		str	r2, [r3, #16]
 258              		.loc 1 61 0
 259 002e 1A69     		ldr	r2, [r3, #16]
 260 0030 42F00102 		orr	r2, r2, #1
 261 0034 1A61     		str	r2, [r3, #16]
 262              		.loc 1 63 0
 263 0036 0160     		str	r1, [r0]
 264              	.LBB20:
 265              	.LBB21:
 266              		.loc 1 24 0
 267 0038 DA68     		ldr	r2, [r3, #12]
 268 003a B2F5803F 		cmp	r2, #65536
 269 003e 06D1     		bne	.L30
 270              		.loc 1 25 0
 271 0040 0948     		ldr	r0, .L40+4
 272              	.LVL5:
 273 0042 7F21     		movs	r1, #127
 274              	.LVL6:
 275              	.L29:
 276 0044 0160     		str	r1, [r0]
 277              		.loc 1 24 0
 278 0046 DA68     		ldr	r2, [r3, #12]
 279 0048 B2F5803F 		cmp	r2, #65536
 280 004c FAD0     		beq	.L29
 281              	.L30:
 282              		.loc 1 27 0
 283 004e 054B     		ldr	r3, .L40
 284 0050 DC68     		ldr	r4, [r3, #12]
ARM GAS  /tmp/ccD5sgaM.s 			page 6


 285              	.LBE21:
 286              	.LBE20:
 287              		.loc 1 69 0
 288 0052 1A69     		ldr	r2, [r3, #16]
 289 0054 22F00102 		bic	r2, r2, #1
 290 0058 1A61     		str	r2, [r3, #16]
 291              		.loc 1 71 0
 292 005a FFF7FEFF 		bl	watchdog_feed
 293              	.LVL7:
 294              		.loc 1 75 0
 295 005e 2046     		mov	r0, r4
 296 0060 38BD     		pop	{r3, r4, r5, pc}
 297              	.L41:
 298 0062 00BF     		.align	2
 299              	.L40:
 300 0064 003C0240 		.word	1073888256
 301 0068 002C0040 		.word	1073753088
 302              		.cfi_endproc
 303              	.LFE121:
 304              		.size	flash_ProgramWord, .-flash_ProgramWord
 305              		.section	.text.flash_unlock,"ax",%progbits
 306              		.align	2
 307              		.p2align 4,,15
 308              		.global	flash_unlock
 309              		.thumb
 310              		.thumb_func
 311              		.type	flash_unlock, %function
 312              	flash_unlock:
 313              	.LFB122:
 314              		.loc 1 77 0
 315              		.cfi_startproc
 316              		@ args = 0, pretend = 0, frame = 0
 317              		@ frame_needed = 0, uses_anonymous_args = 0
 318              		@ link register save eliminated.
 319              		.loc 1 79 0
 320 0000 024B     		ldr	r3, .L43
 321 0002 0349     		ldr	r1, .L43+4
 322              		.loc 1 80 0
 323 0004 034A     		ldr	r2, .L43+8
 324              		.loc 1 79 0
 325 0006 5960     		str	r1, [r3, #4]
 326              		.loc 1 80 0
 327 0008 5A60     		str	r2, [r3, #4]
 328 000a 7047     		bx	lr
 329              	.L44:
 330              		.align	2
 331              	.L43:
 332 000c 003C0240 		.word	1073888256
 333 0010 23016745 		.word	1164378403
 334 0014 AB89EFCD 		.word	-839939669
 335              		.cfi_endproc
 336              	.LFE122:
 337              		.size	flash_unlock, .-flash_unlock
 338              		.text
 339              	.Letext0:
 340              		.file 2 "/home/sbcu/Dropbox/pcb-layouts/axo-on-discovery-board/axoloti/platform_linux/arm-none-eab
 341              		.file 3 "/home/sbcu/Dropbox/pcb-layouts/axo-on-discovery-board/axoloti/platform_linux/arm-none-eab
ARM GAS  /tmp/ccD5sgaM.s 			page 7


 342              		.file 4 "/home/sbcu/Dropbox/pcb-layouts/axo-on-discovery-board/axoloti/platform_linux/../chibios/o
 343              		.file 5 "/home/sbcu/Dropbox/pcb-layouts/axo-on-discovery-board/axoloti/platform_linux/../chibios/o
 344              		.file 6 "../watchdog.h"
 345              		.section	.debug_info,"",%progbits
 346              	.Ldebug_info0:
 347 0000 CF020000 		.4byte	0x2cf
 348 0004 0400     		.2byte	0x4
 349 0006 00000000 		.4byte	.Ldebug_abbrev0
 350 000a 04       		.byte	0x4
 351 000b 01       		.uleb128 0x1
 352 000c 63010000 		.4byte	.LASF29
 353 0010 01       		.byte	0x1
 354 0011 AE000000 		.4byte	.LASF30
 355 0015 FC000000 		.4byte	.LASF31
 356 0019 18000000 		.4byte	.Ldebug_ranges0+0x18
 357 001d 00000000 		.4byte	0
 358 0021 00000000 		.4byte	.Ldebug_line0
 359 0025 02       		.uleb128 0x2
 360 0026 04       		.byte	0x4
 361 0027 05       		.byte	0x5
 362 0028 696E7400 		.ascii	"int\000"
 363 002c 03       		.uleb128 0x3
 364 002d 04       		.byte	0x4
 365 002e 07       		.byte	0x7
 366 002f 56010000 		.4byte	.LASF0
 367 0033 03       		.uleb128 0x3
 368 0034 01       		.byte	0x1
 369 0035 06       		.byte	0x6
 370 0036 EB020000 		.4byte	.LASF1
 371 003a 04       		.uleb128 0x4
 372 003b 00000000 		.4byte	.LASF5
 373 003f 02       		.byte	0x2
 374 0040 1D       		.byte	0x1d
 375 0041 45000000 		.4byte	0x45
 376 0045 03       		.uleb128 0x3
 377 0046 01       		.byte	0x1
 378 0047 08       		.byte	0x8
 379 0048 73000000 		.4byte	.LASF2
 380 004c 03       		.uleb128 0x3
 381 004d 02       		.byte	0x2
 382 004e 05       		.byte	0x5
 383 004f C2020000 		.4byte	.LASF3
 384 0053 03       		.uleb128 0x3
 385 0054 02       		.byte	0x2
 386 0055 07       		.byte	0x7
 387 0056 2F000000 		.4byte	.LASF4
 388 005a 04       		.uleb128 0x4
 389 005b 18000000 		.4byte	.LASF6
 390 005f 02       		.byte	0x2
 391 0060 3F       		.byte	0x3f
 392 0061 65000000 		.4byte	0x65
 393 0065 03       		.uleb128 0x3
 394 0066 04       		.byte	0x4
 395 0067 05       		.byte	0x5
 396 0068 DD020000 		.4byte	.LASF7
 397 006c 04       		.uleb128 0x4
 398 006d 4B010000 		.4byte	.LASF8
ARM GAS  /tmp/ccD5sgaM.s 			page 8


 399 0071 02       		.byte	0x2
 400 0072 41       		.byte	0x41
 401 0073 77000000 		.4byte	0x77
 402 0077 03       		.uleb128 0x3
 403 0078 04       		.byte	0x4
 404 0079 07       		.byte	0x7
 405 007a 9C000000 		.4byte	.LASF9
 406 007e 03       		.uleb128 0x3
 407 007f 08       		.byte	0x8
 408 0080 05       		.byte	0x5
 409 0081 AD020000 		.4byte	.LASF10
 410 0085 03       		.uleb128 0x3
 411 0086 08       		.byte	0x8
 412 0087 07       		.byte	0x7
 413 0088 5C000000 		.4byte	.LASF11
 414 008c 04       		.uleb128 0x4
 415 008d 81020000 		.4byte	.LASF12
 416 0091 03       		.byte	0x3
 417 0092 14       		.byte	0x14
 418 0093 3A000000 		.4byte	0x3a
 419 0097 04       		.uleb128 0x4
 420 0098 9C020000 		.4byte	.LASF13
 421 009c 03       		.byte	0x3
 422 009d 1F       		.byte	0x1f
 423 009e 5A000000 		.4byte	0x5a
 424 00a2 04       		.uleb128 0x4
 425 00a3 D4020000 		.4byte	.LASF14
 426 00a7 03       		.byte	0x3
 427 00a8 20       		.byte	0x20
 428 00a9 6C000000 		.4byte	0x6c
 429 00ad 03       		.uleb128 0x3
 430 00ae 01       		.byte	0x1
 431 00af 02       		.byte	0x2
 432 00b0 F7020000 		.4byte	.LASF15
 433 00b4 05       		.uleb128 0x5
 434 00b5 A2000000 		.4byte	0xa2
 435 00b9 03       		.uleb128 0x3
 436 00ba 04       		.byte	0x4
 437 00bb 07       		.byte	0x7
 438 00bc A4020000 		.4byte	.LASF16
 439 00c0 03       		.uleb128 0x3
 440 00c1 01       		.byte	0x1
 441 00c2 08       		.byte	0x8
 442 00c3 7C020000 		.4byte	.LASF17
 443 00c7 05       		.uleb128 0x5
 444 00c8 97000000 		.4byte	0x97
 445 00cc 06       		.uleb128 0x6
 446 00cd 1C       		.byte	0x1c
 447 00ce 04       		.byte	0x4
 448 00cf 3E03     		.2byte	0x33e
 449 00d1 2F010000 		.4byte	0x12f
 450 00d5 07       		.uleb128 0x7
 451 00d6 41435200 		.ascii	"ACR\000"
 452 00da 04       		.byte	0x4
 453 00db 4003     		.2byte	0x340
 454 00dd B4000000 		.4byte	0xb4
 455 00e1 00       		.byte	0
ARM GAS  /tmp/ccD5sgaM.s 			page 9


 456 00e2 08       		.uleb128 0x8
 457 00e3 E6020000 		.4byte	.LASF18
 458 00e7 04       		.byte	0x4
 459 00e8 4103     		.2byte	0x341
 460 00ea B4000000 		.4byte	0xb4
 461 00ee 04       		.byte	0x4
 462 00ef 08       		.uleb128 0x8
 463 00f0 C6000000 		.4byte	.LASF19
 464 00f4 04       		.byte	0x4
 465 00f5 4203     		.2byte	0x342
 466 00f7 B4000000 		.4byte	0xb4
 467 00fb 08       		.byte	0x8
 468 00fc 07       		.uleb128 0x7
 469 00fd 535200   		.ascii	"SR\000"
 470 0100 04       		.byte	0x4
 471 0101 4303     		.2byte	0x343
 472 0103 B4000000 		.4byte	0xb4
 473 0107 0C       		.byte	0xc
 474 0108 07       		.uleb128 0x7
 475 0109 435200   		.ascii	"CR\000"
 476 010c 04       		.byte	0x4
 477 010d 4403     		.2byte	0x344
 478 010f B4000000 		.4byte	0xb4
 479 0113 10       		.byte	0x10
 480 0114 08       		.uleb128 0x8
 481 0115 56000000 		.4byte	.LASF20
 482 0119 04       		.byte	0x4
 483 011a 4503     		.2byte	0x345
 484 011c B4000000 		.4byte	0xb4
 485 0120 14       		.byte	0x14
 486 0121 08       		.uleb128 0x8
 487 0122 81000000 		.4byte	.LASF21
 488 0126 04       		.byte	0x4
 489 0127 4603     		.2byte	0x346
 490 0129 B4000000 		.4byte	0xb4
 491 012d 18       		.byte	0x18
 492 012e 00       		.byte	0
 493 012f 09       		.uleb128 0x9
 494 0130 0A000000 		.4byte	.LASF22
 495 0134 04       		.byte	0x4
 496 0135 4703     		.2byte	0x347
 497 0137 CC000000 		.4byte	0xcc
 498 013b 06       		.uleb128 0x6
 499 013c 0C       		.byte	0xc
 500 013d 04       		.byte	0x4
 501 013e 3F05     		.2byte	0x53f
 502 0140 6A010000 		.4byte	0x16a
 503 0144 07       		.uleb128 0x7
 504 0145 435200   		.ascii	"CR\000"
 505 0148 04       		.byte	0x4
 506 0149 4105     		.2byte	0x541
 507 014b B4000000 		.4byte	0xb4
 508 014f 00       		.byte	0
 509 0150 07       		.uleb128 0x7
 510 0151 43465200 		.ascii	"CFR\000"
 511 0155 04       		.byte	0x4
 512 0156 4205     		.2byte	0x542
ARM GAS  /tmp/ccD5sgaM.s 			page 10


 513 0158 B4000000 		.4byte	0xb4
 514 015c 04       		.byte	0x4
 515 015d 07       		.uleb128 0x7
 516 015e 535200   		.ascii	"SR\000"
 517 0161 04       		.byte	0x4
 518 0162 4305     		.2byte	0x543
 519 0164 B4000000 		.4byte	0xb4
 520 0168 08       		.byte	0x8
 521 0169 00       		.byte	0
 522 016a 09       		.uleb128 0x9
 523 016b 42000000 		.4byte	.LASF23
 524 016f 04       		.byte	0x4
 525 0170 4405     		.2byte	0x544
 526 0172 3B010000 		.4byte	0x13b
 527 0176 0A       		.uleb128 0xa
 528 0177 DC000000 		.4byte	.LASF32
 529 017b 01       		.byte	0x1
 530 017c 17       		.byte	0x17
 531 017d 25000000 		.4byte	0x25
 532 0181 01       		.byte	0x1
 533 0182 0B       		.uleb128 0xb
 534 0183 76010000 		.4byte	0x176
 535 0187 00000000 		.4byte	.LFB118
 536 018b 28000000 		.4byte	.LFE118-.LFB118
 537 018f 01       		.uleb128 0x1
 538 0190 9C       		.byte	0x9c
 539 0191 0C       		.uleb128 0xc
 540 0192 88000000 		.4byte	.LASF33
 541 0196 01       		.byte	0x1
 542 0197 1E       		.byte	0x1e
 543 0198 30000000 		.4byte	.LFB119
 544 019c 7C000000 		.4byte	.LFE119-.LFB119
 545 01a0 01       		.uleb128 0x1
 546 01a1 9C       		.byte	0x9c
 547 01a2 D4010000 		.4byte	0x1d4
 548 01a6 0D       		.uleb128 0xd
 549 01a7 BB020000 		.4byte	.LASF24
 550 01ab 01       		.byte	0x1
 551 01ac 1E       		.byte	0x1e
 552 01ad 25000000 		.4byte	0x25
 553 01b1 00000000 		.4byte	.LLST0
 554 01b5 0E       		.uleb128 0xe
 555 01b6 76010000 		.4byte	0x176
 556 01ba 5E000000 		.4byte	.LBB10
 557 01be 1A000000 		.4byte	.LBE10-.LBB10
 558 01c2 01       		.byte	0x1
 559 01c3 25       		.byte	0x25
 560 01c4 0E       		.uleb128 0xe
 561 01c5 76010000 		.4byte	0x176
 562 01c9 88000000 		.4byte	.LBB12
 563 01cd 24000000 		.4byte	.LBE12-.LBB12
 564 01d1 01       		.byte	0x1
 565 01d2 29       		.byte	0x29
 566 01d3 00       		.byte	0
 567 01d4 0F       		.uleb128 0xf
 568 01d5 89020000 		.4byte	.LASF25
 569 01d9 01       		.byte	0x1
ARM GAS  /tmp/ccD5sgaM.s 			page 11


 570 01da 2C       		.byte	0x2c
 571 01db 25000000 		.4byte	0x25
 572 01df 00000000 		.4byte	.LFB120
 573 01e3 16000000 		.4byte	.LFE120-.LFB120
 574 01e7 01       		.uleb128 0x1
 575 01e8 9C       		.byte	0x9c
 576 01e9 44020000 		.4byte	0x244
 577 01ed 0D       		.uleb128 0xd
 578 01ee BB020000 		.4byte	.LASF24
 579 01f2 01       		.byte	0x1
 580 01f3 2C       		.byte	0x2c
 581 01f4 25000000 		.4byte	0x25
 582 01f8 21000000 		.4byte	.LLST1
 583 01fc 10       		.uleb128 0x10
 584 01fd 02000000 		.4byte	.LBB14
 585 0201 06000000 		.4byte	.LBE14-.LBB14
 586 0205 17020000 		.4byte	0x217
 587 0209 11       		.uleb128 0x11
 588 020a 746D7000 		.ascii	"tmp\000"
 589 020e 01       		.byte	0x1
 590 020f 2F       		.byte	0x2f
 591 0210 A2000000 		.4byte	0xa2
 592 0214 01       		.uleb128 0x1
 593 0215 53       		.byte	0x53
 594 0216 00       		.byte	0
 595 0217 10       		.uleb128 0x10
 596 0218 0C000000 		.4byte	.LBB15
 597 021c 06000000 		.4byte	.LBE15-.LBB15
 598 0220 32020000 		.4byte	0x232
 599 0224 11       		.uleb128 0x11
 600 0225 746D7000 		.ascii	"tmp\000"
 601 0229 01       		.byte	0x1
 602 022a 31       		.byte	0x31
 603 022b A2000000 		.4byte	0xa2
 604 022f 01       		.uleb128 0x1
 605 0230 53       		.byte	0x53
 606 0231 00       		.byte	0
 607 0232 12       		.uleb128 0x12
 608 0233 0C000000 		.4byte	.LVL3
 609 0237 91010000 		.4byte	0x191
 610 023b 13       		.uleb128 0x13
 611 023c 01       		.uleb128 0x1
 612 023d 50       		.byte	0x50
 613 023e 03       		.uleb128 0x3
 614 023f F3       		.byte	0xf3
 615 0240 01       		.uleb128 0x1
 616 0241 50       		.byte	0x50
 617 0242 00       		.byte	0
 618 0243 00       		.byte	0
 619 0244 0F       		.uleb128 0xf
 620 0245 FD020000 		.4byte	.LASF26
 621 0249 01       		.byte	0x1
 622 024a 35       		.byte	0x35
 623 024b 25000000 		.4byte	0x25
 624 024f 00000000 		.4byte	.LFB121
 625 0253 6C000000 		.4byte	.LFE121-.LFB121
 626 0257 01       		.uleb128 0x1
ARM GAS  /tmp/ccD5sgaM.s 			page 12


 627 0258 9C       		.byte	0x9c
 628 0259 AE020000 		.4byte	0x2ae
 629 025d 0D       		.uleb128 0xd
 630 025e CC020000 		.4byte	.LASF27
 631 0262 01       		.byte	0x1
 632 0263 35       		.byte	0x35
 633 0264 A2000000 		.4byte	0xa2
 634 0268 42000000 		.4byte	.LLST2
 635 026c 0D       		.uleb128 0xd
 636 026d F7000000 		.4byte	.LASF28
 637 0271 01       		.byte	0x1
 638 0272 35       		.byte	0x35
 639 0273 A2000000 		.4byte	0xa2
 640 0277 63000000 		.4byte	.LLST3
 641 027b 14       		.uleb128 0x14
 642 027c 4F000000 		.4byte	.LASF34
 643 0280 01       		.byte	0x1
 644 0281 36       		.byte	0x36
 645 0282 25000000 		.4byte	0x25
 646 0286 15       		.uleb128 0x15
 647 0287 76010000 		.4byte	0x176
 648 028b 00000000 		.4byte	.LBB16
 649 028f 00000000 		.4byte	.Ldebug_ranges0+0
 650 0293 01       		.byte	0x1
 651 0294 38       		.byte	0x38
 652 0295 0E       		.uleb128 0xe
 653 0296 76010000 		.4byte	0x176
 654 029a 38000000 		.4byte	.LBB20
 655 029e 1A000000 		.4byte	.LBE20-.LBB20
 656 02a2 01       		.byte	0x1
 657 02a3 42       		.byte	0x42
 658 02a4 16       		.uleb128 0x16
 659 02a5 5E000000 		.4byte	.LVL7
 660 02a9 CB020000 		.4byte	0x2cb
 661 02ad 00       		.byte	0
 662 02ae 17       		.uleb128 0x17
 663 02af 22000000 		.4byte	.LASF35
 664 02b3 01       		.byte	0x1
 665 02b4 4D       		.byte	0x4d
 666 02b5 00000000 		.4byte	.LFB122
 667 02b9 18000000 		.4byte	.LFE122-.LFB122
 668 02bd 01       		.uleb128 0x1
 669 02be 9C       		.byte	0x9c
 670 02bf 18       		.uleb128 0x18
 671 02c0 B9000000 		.4byte	.LASF36
 672 02c4 05       		.byte	0x5
 673 02c5 9806     		.2byte	0x698
 674 02c7 C7000000 		.4byte	0xc7
 675 02cb 19       		.uleb128 0x19
 676 02cc CE000000 		.4byte	.LASF37
 677 02d0 06       		.byte	0x6
 678 02d1 17       		.byte	0x17
 679 02d2 00       		.byte	0
 680              		.section	.debug_abbrev,"",%progbits
 681              	.Ldebug_abbrev0:
 682 0000 01       		.uleb128 0x1
 683 0001 11       		.uleb128 0x11
ARM GAS  /tmp/ccD5sgaM.s 			page 13


 684 0002 01       		.byte	0x1
 685 0003 25       		.uleb128 0x25
 686 0004 0E       		.uleb128 0xe
 687 0005 13       		.uleb128 0x13
 688 0006 0B       		.uleb128 0xb
 689 0007 03       		.uleb128 0x3
 690 0008 0E       		.uleb128 0xe
 691 0009 1B       		.uleb128 0x1b
 692 000a 0E       		.uleb128 0xe
 693 000b 55       		.uleb128 0x55
 694 000c 17       		.uleb128 0x17
 695 000d 11       		.uleb128 0x11
 696 000e 01       		.uleb128 0x1
 697 000f 10       		.uleb128 0x10
 698 0010 17       		.uleb128 0x17
 699 0011 00       		.byte	0
 700 0012 00       		.byte	0
 701 0013 02       		.uleb128 0x2
 702 0014 24       		.uleb128 0x24
 703 0015 00       		.byte	0
 704 0016 0B       		.uleb128 0xb
 705 0017 0B       		.uleb128 0xb
 706 0018 3E       		.uleb128 0x3e
 707 0019 0B       		.uleb128 0xb
 708 001a 03       		.uleb128 0x3
 709 001b 08       		.uleb128 0x8
 710 001c 00       		.byte	0
 711 001d 00       		.byte	0
 712 001e 03       		.uleb128 0x3
 713 001f 24       		.uleb128 0x24
 714 0020 00       		.byte	0
 715 0021 0B       		.uleb128 0xb
 716 0022 0B       		.uleb128 0xb
 717 0023 3E       		.uleb128 0x3e
 718 0024 0B       		.uleb128 0xb
 719 0025 03       		.uleb128 0x3
 720 0026 0E       		.uleb128 0xe
 721 0027 00       		.byte	0
 722 0028 00       		.byte	0
 723 0029 04       		.uleb128 0x4
 724 002a 16       		.uleb128 0x16
 725 002b 00       		.byte	0
 726 002c 03       		.uleb128 0x3
 727 002d 0E       		.uleb128 0xe
 728 002e 3A       		.uleb128 0x3a
 729 002f 0B       		.uleb128 0xb
 730 0030 3B       		.uleb128 0x3b
 731 0031 0B       		.uleb128 0xb
 732 0032 49       		.uleb128 0x49
 733 0033 13       		.uleb128 0x13
 734 0034 00       		.byte	0
 735 0035 00       		.byte	0
 736 0036 05       		.uleb128 0x5
 737 0037 35       		.uleb128 0x35
 738 0038 00       		.byte	0
 739 0039 49       		.uleb128 0x49
 740 003a 13       		.uleb128 0x13
ARM GAS  /tmp/ccD5sgaM.s 			page 14


 741 003b 00       		.byte	0
 742 003c 00       		.byte	0
 743 003d 06       		.uleb128 0x6
 744 003e 13       		.uleb128 0x13
 745 003f 01       		.byte	0x1
 746 0040 0B       		.uleb128 0xb
 747 0041 0B       		.uleb128 0xb
 748 0042 3A       		.uleb128 0x3a
 749 0043 0B       		.uleb128 0xb
 750 0044 3B       		.uleb128 0x3b
 751 0045 05       		.uleb128 0x5
 752 0046 01       		.uleb128 0x1
 753 0047 13       		.uleb128 0x13
 754 0048 00       		.byte	0
 755 0049 00       		.byte	0
 756 004a 07       		.uleb128 0x7
 757 004b 0D       		.uleb128 0xd
 758 004c 00       		.byte	0
 759 004d 03       		.uleb128 0x3
 760 004e 08       		.uleb128 0x8
 761 004f 3A       		.uleb128 0x3a
 762 0050 0B       		.uleb128 0xb
 763 0051 3B       		.uleb128 0x3b
 764 0052 05       		.uleb128 0x5
 765 0053 49       		.uleb128 0x49
 766 0054 13       		.uleb128 0x13
 767 0055 38       		.uleb128 0x38
 768 0056 0B       		.uleb128 0xb
 769 0057 00       		.byte	0
 770 0058 00       		.byte	0
 771 0059 08       		.uleb128 0x8
 772 005a 0D       		.uleb128 0xd
 773 005b 00       		.byte	0
 774 005c 03       		.uleb128 0x3
 775 005d 0E       		.uleb128 0xe
 776 005e 3A       		.uleb128 0x3a
 777 005f 0B       		.uleb128 0xb
 778 0060 3B       		.uleb128 0x3b
 779 0061 05       		.uleb128 0x5
 780 0062 49       		.uleb128 0x49
 781 0063 13       		.uleb128 0x13
 782 0064 38       		.uleb128 0x38
 783 0065 0B       		.uleb128 0xb
 784 0066 00       		.byte	0
 785 0067 00       		.byte	0
 786 0068 09       		.uleb128 0x9
 787 0069 16       		.uleb128 0x16
 788 006a 00       		.byte	0
 789 006b 03       		.uleb128 0x3
 790 006c 0E       		.uleb128 0xe
 791 006d 3A       		.uleb128 0x3a
 792 006e 0B       		.uleb128 0xb
 793 006f 3B       		.uleb128 0x3b
 794 0070 05       		.uleb128 0x5
 795 0071 49       		.uleb128 0x49
 796 0072 13       		.uleb128 0x13
 797 0073 00       		.byte	0
ARM GAS  /tmp/ccD5sgaM.s 			page 15


 798 0074 00       		.byte	0
 799 0075 0A       		.uleb128 0xa
 800 0076 2E       		.uleb128 0x2e
 801 0077 00       		.byte	0
 802 0078 3F       		.uleb128 0x3f
 803 0079 19       		.uleb128 0x19
 804 007a 03       		.uleb128 0x3
 805 007b 0E       		.uleb128 0xe
 806 007c 3A       		.uleb128 0x3a
 807 007d 0B       		.uleb128 0xb
 808 007e 3B       		.uleb128 0x3b
 809 007f 0B       		.uleb128 0xb
 810 0080 27       		.uleb128 0x27
 811 0081 19       		.uleb128 0x19
 812 0082 49       		.uleb128 0x49
 813 0083 13       		.uleb128 0x13
 814 0084 20       		.uleb128 0x20
 815 0085 0B       		.uleb128 0xb
 816 0086 00       		.byte	0
 817 0087 00       		.byte	0
 818 0088 0B       		.uleb128 0xb
 819 0089 2E       		.uleb128 0x2e
 820 008a 00       		.byte	0
 821 008b 31       		.uleb128 0x31
 822 008c 13       		.uleb128 0x13
 823 008d 11       		.uleb128 0x11
 824 008e 01       		.uleb128 0x1
 825 008f 12       		.uleb128 0x12
 826 0090 06       		.uleb128 0x6
 827 0091 40       		.uleb128 0x40
 828 0092 18       		.uleb128 0x18
 829 0093 9742     		.uleb128 0x2117
 830 0095 19       		.uleb128 0x19
 831 0096 00       		.byte	0
 832 0097 00       		.byte	0
 833 0098 0C       		.uleb128 0xc
 834 0099 2E       		.uleb128 0x2e
 835 009a 01       		.byte	0x1
 836 009b 3F       		.uleb128 0x3f
 837 009c 19       		.uleb128 0x19
 838 009d 03       		.uleb128 0x3
 839 009e 0E       		.uleb128 0xe
 840 009f 3A       		.uleb128 0x3a
 841 00a0 0B       		.uleb128 0xb
 842 00a1 3B       		.uleb128 0x3b
 843 00a2 0B       		.uleb128 0xb
 844 00a3 27       		.uleb128 0x27
 845 00a4 19       		.uleb128 0x19
 846 00a5 11       		.uleb128 0x11
 847 00a6 01       		.uleb128 0x1
 848 00a7 12       		.uleb128 0x12
 849 00a8 06       		.uleb128 0x6
 850 00a9 40       		.uleb128 0x40
 851 00aa 18       		.uleb128 0x18
 852 00ab 9742     		.uleb128 0x2117
 853 00ad 19       		.uleb128 0x19
 854 00ae 01       		.uleb128 0x1
ARM GAS  /tmp/ccD5sgaM.s 			page 16


 855 00af 13       		.uleb128 0x13
 856 00b0 00       		.byte	0
 857 00b1 00       		.byte	0
 858 00b2 0D       		.uleb128 0xd
 859 00b3 05       		.uleb128 0x5
 860 00b4 00       		.byte	0
 861 00b5 03       		.uleb128 0x3
 862 00b6 0E       		.uleb128 0xe
 863 00b7 3A       		.uleb128 0x3a
 864 00b8 0B       		.uleb128 0xb
 865 00b9 3B       		.uleb128 0x3b
 866 00ba 0B       		.uleb128 0xb
 867 00bb 49       		.uleb128 0x49
 868 00bc 13       		.uleb128 0x13
 869 00bd 02       		.uleb128 0x2
 870 00be 17       		.uleb128 0x17
 871 00bf 00       		.byte	0
 872 00c0 00       		.byte	0
 873 00c1 0E       		.uleb128 0xe
 874 00c2 1D       		.uleb128 0x1d
 875 00c3 00       		.byte	0
 876 00c4 31       		.uleb128 0x31
 877 00c5 13       		.uleb128 0x13
 878 00c6 11       		.uleb128 0x11
 879 00c7 01       		.uleb128 0x1
 880 00c8 12       		.uleb128 0x12
 881 00c9 06       		.uleb128 0x6
 882 00ca 58       		.uleb128 0x58
 883 00cb 0B       		.uleb128 0xb
 884 00cc 59       		.uleb128 0x59
 885 00cd 0B       		.uleb128 0xb
 886 00ce 00       		.byte	0
 887 00cf 00       		.byte	0
 888 00d0 0F       		.uleb128 0xf
 889 00d1 2E       		.uleb128 0x2e
 890 00d2 01       		.byte	0x1
 891 00d3 3F       		.uleb128 0x3f
 892 00d4 19       		.uleb128 0x19
 893 00d5 03       		.uleb128 0x3
 894 00d6 0E       		.uleb128 0xe
 895 00d7 3A       		.uleb128 0x3a
 896 00d8 0B       		.uleb128 0xb
 897 00d9 3B       		.uleb128 0x3b
 898 00da 0B       		.uleb128 0xb
 899 00db 27       		.uleb128 0x27
 900 00dc 19       		.uleb128 0x19
 901 00dd 49       		.uleb128 0x49
 902 00de 13       		.uleb128 0x13
 903 00df 11       		.uleb128 0x11
 904 00e0 01       		.uleb128 0x1
 905 00e1 12       		.uleb128 0x12
 906 00e2 06       		.uleb128 0x6
 907 00e3 40       		.uleb128 0x40
 908 00e4 18       		.uleb128 0x18
 909 00e5 9742     		.uleb128 0x2117
 910 00e7 19       		.uleb128 0x19
 911 00e8 01       		.uleb128 0x1
ARM GAS  /tmp/ccD5sgaM.s 			page 17


 912 00e9 13       		.uleb128 0x13
 913 00ea 00       		.byte	0
 914 00eb 00       		.byte	0
 915 00ec 10       		.uleb128 0x10
 916 00ed 0B       		.uleb128 0xb
 917 00ee 01       		.byte	0x1
 918 00ef 11       		.uleb128 0x11
 919 00f0 01       		.uleb128 0x1
 920 00f1 12       		.uleb128 0x12
 921 00f2 06       		.uleb128 0x6
 922 00f3 01       		.uleb128 0x1
 923 00f4 13       		.uleb128 0x13
 924 00f5 00       		.byte	0
 925 00f6 00       		.byte	0
 926 00f7 11       		.uleb128 0x11
 927 00f8 34       		.uleb128 0x34
 928 00f9 00       		.byte	0
 929 00fa 03       		.uleb128 0x3
 930 00fb 08       		.uleb128 0x8
 931 00fc 3A       		.uleb128 0x3a
 932 00fd 0B       		.uleb128 0xb
 933 00fe 3B       		.uleb128 0x3b
 934 00ff 0B       		.uleb128 0xb
 935 0100 49       		.uleb128 0x49
 936 0101 13       		.uleb128 0x13
 937 0102 02       		.uleb128 0x2
 938 0103 18       		.uleb128 0x18
 939 0104 00       		.byte	0
 940 0105 00       		.byte	0
 941 0106 12       		.uleb128 0x12
 942 0107 898201   		.uleb128 0x4109
 943 010a 01       		.byte	0x1
 944 010b 11       		.uleb128 0x11
 945 010c 01       		.uleb128 0x1
 946 010d 31       		.uleb128 0x31
 947 010e 13       		.uleb128 0x13
 948 010f 00       		.byte	0
 949 0110 00       		.byte	0
 950 0111 13       		.uleb128 0x13
 951 0112 8A8201   		.uleb128 0x410a
 952 0115 00       		.byte	0
 953 0116 02       		.uleb128 0x2
 954 0117 18       		.uleb128 0x18
 955 0118 9142     		.uleb128 0x2111
 956 011a 18       		.uleb128 0x18
 957 011b 00       		.byte	0
 958 011c 00       		.byte	0
 959 011d 14       		.uleb128 0x14
 960 011e 34       		.uleb128 0x34
 961 011f 00       		.byte	0
 962 0120 03       		.uleb128 0x3
 963 0121 0E       		.uleb128 0xe
 964 0122 3A       		.uleb128 0x3a
 965 0123 0B       		.uleb128 0xb
 966 0124 3B       		.uleb128 0x3b
 967 0125 0B       		.uleb128 0xb
 968 0126 49       		.uleb128 0x49
ARM GAS  /tmp/ccD5sgaM.s 			page 18


 969 0127 13       		.uleb128 0x13
 970 0128 00       		.byte	0
 971 0129 00       		.byte	0
 972 012a 15       		.uleb128 0x15
 973 012b 1D       		.uleb128 0x1d
 974 012c 00       		.byte	0
 975 012d 31       		.uleb128 0x31
 976 012e 13       		.uleb128 0x13
 977 012f 52       		.uleb128 0x52
 978 0130 01       		.uleb128 0x1
 979 0131 55       		.uleb128 0x55
 980 0132 17       		.uleb128 0x17
 981 0133 58       		.uleb128 0x58
 982 0134 0B       		.uleb128 0xb
 983 0135 59       		.uleb128 0x59
 984 0136 0B       		.uleb128 0xb
 985 0137 00       		.byte	0
 986 0138 00       		.byte	0
 987 0139 16       		.uleb128 0x16
 988 013a 898201   		.uleb128 0x4109
 989 013d 00       		.byte	0
 990 013e 11       		.uleb128 0x11
 991 013f 01       		.uleb128 0x1
 992 0140 31       		.uleb128 0x31
 993 0141 13       		.uleb128 0x13
 994 0142 00       		.byte	0
 995 0143 00       		.byte	0
 996 0144 17       		.uleb128 0x17
 997 0145 2E       		.uleb128 0x2e
 998 0146 00       		.byte	0
 999 0147 3F       		.uleb128 0x3f
 1000 0148 19       		.uleb128 0x19
 1001 0149 03       		.uleb128 0x3
 1002 014a 0E       		.uleb128 0xe
 1003 014b 3A       		.uleb128 0x3a
 1004 014c 0B       		.uleb128 0xb
 1005 014d 3B       		.uleb128 0x3b
 1006 014e 0B       		.uleb128 0xb
 1007 014f 27       		.uleb128 0x27
 1008 0150 19       		.uleb128 0x19
 1009 0151 11       		.uleb128 0x11
 1010 0152 01       		.uleb128 0x1
 1011 0153 12       		.uleb128 0x12
 1012 0154 06       		.uleb128 0x6
 1013 0155 40       		.uleb128 0x40
 1014 0156 18       		.uleb128 0x18
 1015 0157 9742     		.uleb128 0x2117
 1016 0159 19       		.uleb128 0x19
 1017 015a 00       		.byte	0
 1018 015b 00       		.byte	0
 1019 015c 18       		.uleb128 0x18
 1020 015d 34       		.uleb128 0x34
 1021 015e 00       		.byte	0
 1022 015f 03       		.uleb128 0x3
 1023 0160 0E       		.uleb128 0xe
 1024 0161 3A       		.uleb128 0x3a
 1025 0162 0B       		.uleb128 0xb
ARM GAS  /tmp/ccD5sgaM.s 			page 19


 1026 0163 3B       		.uleb128 0x3b
 1027 0164 05       		.uleb128 0x5
 1028 0165 49       		.uleb128 0x49
 1029 0166 13       		.uleb128 0x13
 1030 0167 3F       		.uleb128 0x3f
 1031 0168 19       		.uleb128 0x19
 1032 0169 3C       		.uleb128 0x3c
 1033 016a 19       		.uleb128 0x19
 1034 016b 00       		.byte	0
 1035 016c 00       		.byte	0
 1036 016d 19       		.uleb128 0x19
 1037 016e 2E       		.uleb128 0x2e
 1038 016f 00       		.byte	0
 1039 0170 3F       		.uleb128 0x3f
 1040 0171 19       		.uleb128 0x19
 1041 0172 03       		.uleb128 0x3
 1042 0173 0E       		.uleb128 0xe
 1043 0174 3A       		.uleb128 0x3a
 1044 0175 0B       		.uleb128 0xb
 1045 0176 3B       		.uleb128 0x3b
 1046 0177 0B       		.uleb128 0xb
 1047 0178 27       		.uleb128 0x27
 1048 0179 19       		.uleb128 0x19
 1049 017a 3C       		.uleb128 0x3c
 1050 017b 19       		.uleb128 0x19
 1051 017c 00       		.byte	0
 1052 017d 00       		.byte	0
 1053 017e 00       		.byte	0
 1054              		.section	.debug_loc,"",%progbits
 1055              	.Ldebug_loc0:
 1056              	.LLST0:
 1057 0000 30000000 		.4byte	.LVL0
 1058 0004 54000000 		.4byte	.LVL1
 1059 0008 0100     		.2byte	0x1
 1060 000a 50       		.byte	0x50
 1061 000b 54000000 		.4byte	.LVL1
 1062 000f AC000000 		.4byte	.LFE119
 1063 0013 0400     		.2byte	0x4
 1064 0015 F3       		.byte	0xf3
 1065 0016 01       		.uleb128 0x1
 1066 0017 50       		.byte	0x50
 1067 0018 9F       		.byte	0x9f
 1068 0019 00000000 		.4byte	0
 1069 001d 00000000 		.4byte	0
 1070              	.LLST1:
 1071 0021 00000000 		.4byte	.LVL2
 1072 0025 0B000000 		.4byte	.LVL3-1
 1073 0029 0100     		.2byte	0x1
 1074 002b 50       		.byte	0x50
 1075 002c 0B000000 		.4byte	.LVL3-1
 1076 0030 16000000 		.4byte	.LFE120
 1077 0034 0400     		.2byte	0x4
 1078 0036 F3       		.byte	0xf3
 1079 0037 01       		.uleb128 0x1
 1080 0038 50       		.byte	0x50
 1081 0039 9F       		.byte	0x9f
 1082 003a 00000000 		.4byte	0
ARM GAS  /tmp/ccD5sgaM.s 			page 20


 1083 003e 00000000 		.4byte	0
 1084              	.LLST2:
 1085 0042 00000000 		.4byte	.LVL4
 1086 0046 42000000 		.4byte	.LVL5
 1087 004a 0100     		.2byte	0x1
 1088 004c 50       		.byte	0x50
 1089 004d 42000000 		.4byte	.LVL5
 1090 0051 6C000000 		.4byte	.LFE121
 1091 0055 0400     		.2byte	0x4
 1092 0057 F3       		.byte	0xf3
 1093 0058 01       		.uleb128 0x1
 1094 0059 50       		.byte	0x50
 1095 005a 9F       		.byte	0x9f
 1096 005b 00000000 		.4byte	0
 1097 005f 00000000 		.4byte	0
 1098              	.LLST3:
 1099 0063 00000000 		.4byte	.LVL4
 1100 0067 44000000 		.4byte	.LVL6
 1101 006b 0100     		.2byte	0x1
 1102 006d 51       		.byte	0x51
 1103 006e 44000000 		.4byte	.LVL6
 1104 0072 6C000000 		.4byte	.LFE121
 1105 0076 0400     		.2byte	0x4
 1106 0078 F3       		.byte	0xf3
 1107 0079 01       		.uleb128 0x1
 1108 007a 51       		.byte	0x51
 1109 007b 9F       		.byte	0x9f
 1110 007c 00000000 		.4byte	0
 1111 0080 00000000 		.4byte	0
 1112              		.section	.debug_aranges,"",%progbits
 1113 0000 3C000000 		.4byte	0x3c
 1114 0004 0200     		.2byte	0x2
 1115 0006 00000000 		.4byte	.Ldebug_info0
 1116 000a 04       		.byte	0x4
 1117 000b 00       		.byte	0
 1118 000c 0000     		.2byte	0
 1119 000e 0000     		.2byte	0
 1120 0010 00000000 		.4byte	.LFB118
 1121 0014 28000000 		.4byte	.LFE118-.LFB118
 1122 0018 30000000 		.4byte	.LFB119
 1123 001c 7C000000 		.4byte	.LFE119-.LFB119
 1124 0020 00000000 		.4byte	.LFB120
 1125 0024 16000000 		.4byte	.LFE120-.LFB120
 1126 0028 00000000 		.4byte	.LFB121
 1127 002c 6C000000 		.4byte	.LFE121-.LFB121
 1128 0030 00000000 		.4byte	.LFB122
 1129 0034 18000000 		.4byte	.LFE122-.LFB122
 1130 0038 00000000 		.4byte	0
 1131 003c 00000000 		.4byte	0
 1132              		.section	.debug_ranges,"",%progbits
 1133              	.Ldebug_ranges0:
 1134 0000 00000000 		.4byte	.LBB16
 1135 0004 02000000 		.4byte	.LBE16
 1136 0008 04000000 		.4byte	.LBB19
 1137 000c 1E000000 		.4byte	.LBE19
 1138 0010 00000000 		.4byte	0
 1139 0014 00000000 		.4byte	0
ARM GAS  /tmp/ccD5sgaM.s 			page 21


 1140 0018 00000000 		.4byte	.LFB118
 1141 001c 28000000 		.4byte	.LFE118
 1142 0020 30000000 		.4byte	.LFB119
 1143 0024 AC000000 		.4byte	.LFE119
 1144 0028 00000000 		.4byte	.LFB120
 1145 002c 16000000 		.4byte	.LFE120
 1146 0030 00000000 		.4byte	.LFB121
 1147 0034 6C000000 		.4byte	.LFE121
 1148 0038 00000000 		.4byte	.LFB122
 1149 003c 18000000 		.4byte	.LFE122
 1150 0040 00000000 		.4byte	0
 1151 0044 00000000 		.4byte	0
 1152              		.section	.debug_line,"",%progbits
 1153              	.Ldebug_line0:
 1154 0000 B2020000 		.section	.debug_str,"MS",%progbits,1
 1154      02002F02 
 1154      00000201 
 1154      FB0E0D00 
 1154      01010101 
 1155              	.LASF5:
 1156 0000 5F5F7569 		.ascii	"__uint8_t\000"
 1156      6E74385F 
 1156      7400
 1157              	.LASF22:
 1158 000a 464C4153 		.ascii	"FLASH_TypeDef\000"
 1158      485F5479 
 1158      70654465 
 1158      6600
 1159              	.LASF6:
 1160 0018 5F5F696E 		.ascii	"__int32_t\000"
 1160      7433325F 
 1160      7400
 1161              	.LASF35:
 1162 0022 666C6173 		.ascii	"flash_unlock\000"
 1162      685F756E 
 1162      6C6F636B 
 1162      00
 1163              	.LASF4:
 1164 002f 73686F72 		.ascii	"short unsigned int\000"
 1164      7420756E 
 1164      7369676E 
 1164      65642069 
 1164      6E7400
 1165              	.LASF23:
 1166 0042 57574447 		.ascii	"WWDG_TypeDef\000"
 1166      5F547970 
 1166      65446566 
 1166      00
 1167              	.LASF34:
 1168 004f 73746174 		.ascii	"status\000"
 1168      757300
 1169              	.LASF20:
 1170 0056 4F505443 		.ascii	"OPTCR\000"
 1170      5200
 1171              	.LASF11:
 1172 005c 6C6F6E67 		.ascii	"long long unsigned int\000"
 1172      206C6F6E 
ARM GAS  /tmp/ccD5sgaM.s 			page 22


 1172      6720756E 
 1172      7369676E 
 1172      65642069 
 1173              	.LASF2:
 1174 0073 756E7369 		.ascii	"unsigned char\000"
 1174      676E6564 
 1174      20636861 
 1174      7200
 1175              	.LASF21:
 1176 0081 4F505443 		.ascii	"OPTCR1\000"
 1176      523100
 1177              	.LASF33:
 1178 0088 666C6173 		.ascii	"flash_Erase_sector1\000"
 1178      685F4572 
 1178      6173655F 
 1178      73656374 
 1178      6F723100 
 1179              	.LASF9:
 1180 009c 6C6F6E67 		.ascii	"long unsigned int\000"
 1180      20756E73 
 1180      69676E65 
 1180      6420696E 
 1180      7400
 1181              	.LASF30:
 1182 00ae 2E2E2F66 		.ascii	"../flash.c\000"
 1182      6C617368 
 1182      2E6300
 1183              	.LASF36:
 1184 00b9 49544D5F 		.ascii	"ITM_RxBuffer\000"
 1184      52784275 
 1184      66666572 
 1184      00
 1185              	.LASF19:
 1186 00c6 4F50544B 		.ascii	"OPTKEYR\000"
 1186      45595200 
 1187              	.LASF37:
 1188 00ce 77617463 		.ascii	"watchdog_feed\000"
 1188      68646F67 
 1188      5F666565 
 1188      6400
 1189              	.LASF32:
 1190 00dc 666C6173 		.ascii	"flash_WaitForLastOperation\000"
 1190      685F5761 
 1190      6974466F 
 1190      724C6173 
 1190      744F7065 
 1191              	.LASF28:
 1192 00f7 44617461 		.ascii	"Data\000"
 1192      00
 1193              	.LASF31:
 1194 00fc 2F686F6D 		.ascii	"/home/sbcu/Dropbox/pcb-layouts/axo-on-discovery-boa"
 1194      652F7362 
 1194      63752F44 
 1194      726F7062 
 1194      6F782F70 
 1195 012f 72642F61 		.ascii	"rd/axoloti/firmware/flasher\000"
 1195      786F6C6F 
ARM GAS  /tmp/ccD5sgaM.s 			page 23


 1195      74692F66 
 1195      69726D77 
 1195      6172652F 
 1196              	.LASF8:
 1197 014b 5F5F7569 		.ascii	"__uint32_t\000"
 1197      6E743332 
 1197      5F7400
 1198              	.LASF0:
 1199 0156 756E7369 		.ascii	"unsigned int\000"
 1199      676E6564 
 1199      20696E74 
 1199      00
 1200              	.LASF29:
 1201 0163 474E5520 		.ascii	"GNU C 4.9.3 20150529 (release) [ARM/embedded-4_9-br"
 1201      4320342E 
 1201      392E3320 
 1201      32303135 
 1201      30353239 
 1202 0196 616E6368 		.ascii	"anch revision 224288] -mcpu=cortex-m4 -mfloat-abi=h"
 1202      20726576 
 1202      6973696F 
 1202      6E203232 
 1202      34323838 
 1203 01c9 61726420 		.ascii	"ard -mfpu=fpv4-sp-d16 -mno-thumb-interwork -mthumb "
 1203      2D6D6670 
 1203      753D6670 
 1203      76342D73 
 1203      702D6431 
 1204 01fc 2D676764 		.ascii	"-ggdb -O2 -fomit-frame-pointer -falign-functions=16"
 1204      62202D4F 
 1204      32202D66 
 1204      6F6D6974 
 1204      2D667261 
 1205 022f 202D6666 		.ascii	" -ffunction-sections -fdata-sections -fno-common -f"
 1205      756E6374 
 1205      696F6E2D 
 1205      73656374 
 1205      696F6E73 
 1206 0262 73696E67 		.ascii	"single-precision-constant\000"
 1206      6C652D70 
 1206      72656369 
 1206      73696F6E 
 1206      2D636F6E 
 1207              	.LASF17:
 1208 027c 63686172 		.ascii	"char\000"
 1208      00
 1209              	.LASF12:
 1210 0281 75696E74 		.ascii	"uint8_t\000"
 1210      385F7400 
 1211              	.LASF25:
 1212 0289 666C6173 		.ascii	"flash_Erase_sector\000"
 1212      685F4572 
 1212      6173655F 
 1212      73656374 
 1212      6F7200
 1213              	.LASF13:
 1214 029c 696E7433 		.ascii	"int32_t\000"
ARM GAS  /tmp/ccD5sgaM.s 			page 24


 1214      325F7400 
 1215              	.LASF16:
 1216 02a4 73697A65 		.ascii	"sizetype\000"
 1216      74797065 
 1216      00
 1217              	.LASF10:
 1218 02ad 6C6F6E67 		.ascii	"long long int\000"
 1218      206C6F6E 
 1218      6720696E 
 1218      7400
 1219              	.LASF24:
 1220 02bb 73656374 		.ascii	"sector\000"
 1220      6F7200
 1221              	.LASF3:
 1222 02c2 73686F72 		.ascii	"short int\000"
 1222      7420696E 
 1222      7400
 1223              	.LASF27:
 1224 02cc 41646472 		.ascii	"Address\000"
 1224      65737300 
 1225              	.LASF14:
 1226 02d4 75696E74 		.ascii	"uint32_t\000"
 1226      33325F74 
 1226      00
 1227              	.LASF7:
 1228 02dd 6C6F6E67 		.ascii	"long int\000"
 1228      20696E74 
 1228      00
 1229              	.LASF18:
 1230 02e6 4B455952 		.ascii	"KEYR\000"
 1230      00
 1231              	.LASF1:
 1232 02eb 7369676E 		.ascii	"signed char\000"
 1232      65642063 
 1232      68617200 
 1233              	.LASF15:
 1234 02f7 5F426F6F 		.ascii	"_Bool\000"
 1234      6C00
 1235              	.LASF26:
 1236 02fd 666C6173 		.ascii	"flash_ProgramWord\000"
 1236      685F5072 
 1236      6F677261 
 1236      6D576F72 
 1236      6400
 1237              		.ident	"GCC: (GNU Tools for ARM Embedded Processors) 4.9.3 20150529 (release) [ARM/embedded-4_9-br
ARM GAS  /tmp/ccD5sgaM.s 			page 25


DEFINED SYMBOLS
                            *ABS*:00000000 flash.c
     /tmp/ccD5sgaM.s:27     .data:00000000 flash_WaitForLastOperation
     /tmp/ccD5sgaM.s:36     .data:00000000 $t
     /tmp/ccD5sgaM.s:56     .data:0000001e $d
     /tmp/ccD5sgaM.s:69     .data:00000030 flash_Erase_sector1
     /tmp/ccD5sgaM.s:78     .data:00000030 $t
     /tmp/ccD5sgaM.s:150    .data:000000a4 $d
     /tmp/ccD5sgaM.s:160    .text.flash_Erase_sector:00000000 $t
     /tmp/ccD5sgaM.s:166    .text.flash_Erase_sector:00000000 flash_Erase_sector
     /tmp/ccD5sgaM.s:203    .text.flash_ProgramWord:00000000 $t
     /tmp/ccD5sgaM.s:209    .text.flash_ProgramWord:00000000 flash_ProgramWord
     /tmp/ccD5sgaM.s:300    .text.flash_ProgramWord:00000064 $d
     /tmp/ccD5sgaM.s:306    .text.flash_unlock:00000000 $t
     /tmp/ccD5sgaM.s:312    .text.flash_unlock:00000000 flash_unlock
     /tmp/ccD5sgaM.s:332    .text.flash_unlock:0000000c $d
                     .debug_frame:00000010 $d

UNDEFINED SYMBOLS
watchdog_feed
