ARM GAS  /tmp/ccoJFpTg.s 			page 1


   1              		.syntax unified
   2              		.cpu cortex-m4
   3              		.eabi_attribute 27, 1
   4              		.eabi_attribute 28, 1
   5              		.fpu fpv4-sp-d16
   6              		.eabi_attribute 20, 1
   7              		.eabi_attribute 21, 1
   8              		.eabi_attribute 23, 3
   9              		.eabi_attribute 24, 1
  10              		.eabi_attribute 25, 1
  11              		.eabi_attribute 26, 1
  12              		.eabi_attribute 30, 2
  13              		.eabi_attribute 34, 1
  14              		.eabi_attribute 18, 4
  15              		.thumb
  16              		.file	"hal_lld.c"
  17              		.text
  18              	.Ltext0:
  19              		.cfi_sections	.debug_frame
  20              		.section	.text.hal_lld_init,"ax",%progbits
  21              		.align	2
  22              		.p2align 4,,15
  23              		.global	hal_lld_init
  24              		.thumb
  25              		.thumb_func
  26              		.type	hal_lld_init, %function
  27              	hal_lld_init:
  28              	.LFB119:
  29              		.file 1 "/home/sbcu/Dropbox/pcb-layouts/axo-on-discovery-board/axoloti/platform_linux/../chibios/o
  30              		.loc 1 111 0
  31              		.cfi_startproc
  32              		@ args = 0, pretend = 0, frame = 0
  33              		@ frame_needed = 0, uses_anonymous_args = 0
  34              		.loc 1 115 0
  35 0000 204B     		ldr	r3, .L8
  36              		.loc 1 121 0
  37 0002 2149     		ldr	r1, .L8+4
  38              		.loc 1 115 0
  39 0004 1A69     		ldr	r2, [r3, #16]
  40 0006 4FF0FF30 		mov	r0, #-1
  41 000a 0022     		movs	r2, #0
  42              		.loc 1 111 0
  43 000c F0B5     		push	{r4, r5, r6, r7, lr}
  44              		.cfi_def_cfa_offset 20
  45              		.cfi_offset 4, -20
  46              		.cfi_offset 5, -16
  47              		.cfi_offset 6, -12
  48              		.cfi_offset 7, -8
  49              		.cfi_offset 14, -4
  50              		.loc 1 115 0
  51 000e 1861     		str	r0, [r3, #16]
  52 0010 1A61     		str	r2, [r3, #16]
  53              		.loc 1 116 0
  54 0012 5C69     		ldr	r4, [r3, #20]
  55 0014 5861     		str	r0, [r3, #20]
  56 0016 5A61     		str	r2, [r3, #20]
  57              		.loc 1 117 0
ARM GAS  /tmp/ccoJFpTg.s 			page 2


  58 0018 1C6A     		ldr	r4, [r3, #32]
  59              		.loc 1 128 0
  60 001a 1C4F     		ldr	r7, .L8+8
  61              		.loc 1 121 0
  62 001c DFF878E0 		ldr	lr, .L8+20
  63              		.loc 1 129 0
  64 0020 1B4E     		ldr	r6, .L8+12
  65              	.LBB4:
  66              	.LBB5:
  67              		.loc 1 54 0
  68 0022 1C4D     		ldr	r5, .L8+16
  69              	.LBE5:
  70              	.LBE4:
  71              		.loc 1 117 0
  72 0024 64F08054 		orn	r4, r4, #268435456
  73 0028 1C62     		str	r4, [r3, #32]
  74 002a 1A62     		str	r2, [r3, #32]
  75              		.loc 1 123 0
  76 002c 0724     		movs	r4, #7
  77              		.loc 1 118 0
  78 002e D3F824C0 		ldr	ip, [r3, #36]
  79 0032 5862     		str	r0, [r3, #36]
  80 0034 5A62     		str	r2, [r3, #36]
  81              		.loc 1 121 0
  82 0036 C1F804E0 		str	lr, [r1, #4]
  83              		.loc 1 122 0
  84 003a 8A60     		str	r2, [r1, #8]
  85              		.loc 1 123 0
  86 003c 0C60     		str	r4, [r1]
  87              		.loc 1 128 0
  88 003e F968     		ldr	r1, [r7, #12]
  89 0040 41F08071 		orr	r1, r1, #16777216
  90 0044 F960     		str	r1, [r7, #12]
  91              		.loc 1 129 0
  92 0046 3168     		ldr	r1, [r6]
  93 0048 41F00101 		orr	r1, r1, #1
  94 004c 3160     		str	r1, [r6]
  95              		.loc 1 132 0
  96 004e 196C     		ldr	r1, [r3, #64]
  97 0050 41F08051 		orr	r1, r1, #268435456
  98 0054 1964     		str	r1, [r3, #64]
  99              	.LBB7:
 100              	.LBB6:
 101              		.loc 1 54 0
 102 0056 2968     		ldr	r1, [r5]
 103 0058 41F48071 		orr	r1, r1, #256
 104 005c 2960     		str	r1, [r5]
 105              		.loc 1 57 0
 106 005e 196F     		ldr	r1, [r3, #112]
 107 0060 01F44071 		and	r1, r1, #768
 108 0064 B1F5007F 		cmp	r1, #512
 109 0068 03D0     		beq	.L2
 110              		.loc 1 59 0
 111 006a 4FF48031 		mov	r1, #65536
 112 006e 1967     		str	r1, [r3, #112]
 113              		.loc 1 60 0
 114 0070 1A67     		str	r2, [r3, #112]
ARM GAS  /tmp/ccoJFpTg.s 			page 3


 115              	.L2:
 116              		.loc 1 94 0
 117 0072 084A     		ldr	r2, .L8+16
 118 0074 5368     		ldr	r3, [r2, #4]
 119 0076 23F40073 		bic	r3, r3, #512
 120 007a 5360     		str	r3, [r2, #4]
 121              	.LBE6:
 122              	.LBE7:
 123              		.loc 1 145 0
 124 007c BDE8F040 		pop	{r4, r5, r6, r7, lr}
 125              		.cfi_restore 14
 126              		.cfi_restore 7
 127              		.cfi_restore 6
 128              		.cfi_restore 5
 129              		.cfi_restore 4
 130              		.cfi_def_cfa_offset 0
 131              		.loc 1 138 0
 132 0080 FFF7FEBF 		b	dmaInit
 133              	.LVL0:
 134              	.L9:
 135              		.align	2
 136              	.L8:
 137 0084 00380240 		.word	1073887232
 138 0088 10E000E0 		.word	-536813552
 139 008c F0ED00E0 		.word	-536810000
 140 0090 001000E0 		.word	-536866816
 141 0094 00700040 		.word	1073770496
 142 0098 3F900200 		.word	167999
 143              		.cfi_endproc
 144              	.LFE119:
 145              		.size	hal_lld_init, .-hal_lld_init
 146              		.section	.text.stm32_clock_init,"ax",%progbits
 147              		.align	2
 148              		.p2align 4,,15
 149              		.global	stm32_clock_init
 150              		.thumb
 151              		.thumb_func
 152              		.type	stm32_clock_init, %function
 153              	stm32_clock_init:
 154              	.LFB120:
 155              		.loc 1 154 0
 156              		.cfi_startproc
 157              		@ args = 0, pretend = 0, frame = 0
 158              		@ frame_needed = 0, uses_anonymous_args = 0
 159              		@ link register save eliminated.
 160              		.loc 1 158 0
 161 0000 3249     		ldr	r1, .L34
 162              		.loc 1 162 0
 163 0002 334B     		ldr	r3, .L34+4
 164              		.loc 1 158 0
 165 0004 4FF08050 		mov	r0, #268435456
 166              		.loc 1 162 0
 167 0008 4FF44042 		mov	r2, #49152
 168              		.loc 1 158 0
 169 000c 0864     		str	r0, [r1, #64]
 170              		.loc 1 162 0
 171 000e 1A60     		str	r2, [r3]
ARM GAS  /tmp/ccoJFpTg.s 			page 4


 172              		.loc 1 169 0
 173 0010 0B68     		ldr	r3, [r1]
 174 0012 43F00103 		orr	r3, r3, #1
 175 0016 0B60     		str	r3, [r1]
 176              	.L11:
 177              		.loc 1 170 0 discriminator 1
 178 0018 0A68     		ldr	r2, [r1]
 179 001a 2C4B     		ldr	r3, .L34
 180 001c 9007     		lsls	r0, r2, #30
 181 001e FBD5     		bpl	.L11
 182              		.loc 1 176 0
 183 0020 9A68     		ldr	r2, [r3, #8]
 184 0022 22F00302 		bic	r2, r2, #3
 185 0026 9A60     		str	r2, [r3, #8]
 186              		.loc 1 177 0
 187 0028 9A68     		ldr	r2, [r3, #8]
 188 002a 9A60     		str	r2, [r3, #8]
 189              		.loc 1 178 0
 190 002c 1946     		mov	r1, r3
 191              	.L12:
 192              		.loc 1 178 0 is_stmt 0 discriminator 1
 193 002e 8B68     		ldr	r3, [r1, #8]
 194 0030 264A     		ldr	r2, .L34
 195 0032 13F00C03 		ands	r3, r3, #12
 196 0036 FAD1     		bne	.L12
 197              		.loc 1 182 0 is_stmt 1
 198 0038 1168     		ldr	r1, [r2]
 199 003a 01F0F901 		and	r1, r1, #249
 200 003e 1160     		str	r1, [r2]
 201              		.loc 1 183 0
 202 0040 9360     		str	r3, [r2, #8]
 203              		.loc 1 192 0
 204 0042 1368     		ldr	r3, [r2]
 205 0044 43F48033 		orr	r3, r3, #65536
 206 0048 1360     		str	r3, [r2]
 207              	.L13:
 208              		.loc 1 194 0 discriminator 1
 209 004a 1168     		ldr	r1, [r2]
 210 004c 1F4B     		ldr	r3, .L34
 211 004e 8903     		lsls	r1, r1, #14
 212 0050 FBD5     		bpl	.L13
 213              		.loc 1 200 0
 214 0052 5A6F     		ldr	r2, [r3, #116]
 215 0054 42F00102 		orr	r2, r2, #1
 216 0058 5A67     		str	r2, [r3, #116]
 217              	.L14:
 218              		.loc 1 201 0 discriminator 1
 219 005a 5A6F     		ldr	r2, [r3, #116]
 220 005c 1B49     		ldr	r1, .L34
 221 005e 9207     		lsls	r2, r2, #30
 222 0060 FBD5     		bpl	.L14
 223              		.loc 1 207 0
 224 0062 1C4B     		ldr	r3, .L34+8
 225 0064 4B60     		str	r3, [r1, #4]
 226              		.loc 1 209 0
 227 0066 0B68     		ldr	r3, [r1]
 228              		.loc 1 213 0
ARM GAS  /tmp/ccoJFpTg.s 			page 5


 229 0068 194A     		ldr	r2, .L34+4
 230              		.loc 1 209 0
 231 006a 43F08073 		orr	r3, r3, #16777216
 232 006e 0B60     		str	r3, [r1]
 233              	.L15:
 234              		.loc 1 213 0 discriminator 1
 235 0070 5368     		ldr	r3, [r2, #4]
 236 0072 5B04     		lsls	r3, r3, #17
 237 0074 FCD5     		bpl	.L15
 238              		.loc 1 229 0 discriminator 1
 239 0076 1549     		ldr	r1, .L34
 240              	.L27:
 241 0078 0A68     		ldr	r2, [r1]
 242 007a 144B     		ldr	r3, .L34
 243 007c 9001     		lsls	r0, r2, #6
 244 007e FBD5     		bpl	.L27
 245              		.loc 1 235 0
 246 0080 154A     		ldr	r2, .L34+12
 247 0082 C3F88420 		str	r2, [r3, #132]
 248              		.loc 1 236 0
 249 0086 1A68     		ldr	r2, [r3]
 250 0088 42F08062 		orr	r2, r2, #67108864
 251 008c 1A60     		str	r2, [r3]
 252              		.loc 1 239 0
 253 008e 1A46     		mov	r2, r3
 254              	.L17:
 255              		.loc 1 239 0 is_stmt 0 discriminator 1
 256 0090 1168     		ldr	r1, [r2]
 257 0092 0E4B     		ldr	r3, .L34
 258 0094 0901     		lsls	r1, r1, #4
 259 0096 FBD5     		bpl	.L17
 260              		.loc 1 257 0 is_stmt 1
 261 0098 104A     		ldr	r2, .L34+16
 262              		.loc 1 244 0
 263 009a 1149     		ldr	r1, .L34+20
 264 009c 9960     		str	r1, [r3, #8]
 265              		.loc 1 257 0
 266 009e 40F20571 		movw	r1, #1797
 267 00a2 1160     		str	r1, [r2]
 268              		.loc 1 263 0
 269 00a4 9A68     		ldr	r2, [r3, #8]
 270 00a6 42F00202 		orr	r2, r2, #2
 271 00aa 9A60     		str	r2, [r3, #8]
 272              		.loc 1 264 0
 273 00ac 1A46     		mov	r2, r3
 274              	.L18:
 275              		.loc 1 264 0 is_stmt 0 discriminator 1
 276 00ae 9368     		ldr	r3, [r2, #8]
 277 00b0 0649     		ldr	r1, .L34
 278 00b2 03F00C03 		and	r3, r3, #12
 279 00b6 082B     		cmp	r3, #8
 280 00b8 F9D1     		bne	.L18
 281              		.loc 1 271 0 is_stmt 1
 282 00ba 4B6C     		ldr	r3, [r1, #68]
 283 00bc 43F48043 		orr	r3, r3, #16384
 284 00c0 4B64     		str	r3, [r1, #68]
 285 00c2 4B6E     		ldr	r3, [r1, #100]
ARM GAS  /tmp/ccoJFpTg.s 			page 6


 286 00c4 43F48043 		orr	r3, r3, #16384
 287 00c8 4B66     		str	r3, [r1, #100]
 288 00ca 7047     		bx	lr
 289              	.L35:
 290              		.align	2
 291              	.L34:
 292 00cc 00380240 		.word	1073887232
 293 00d0 00700040 		.word	1073770496
 294 00d4 08544007 		.word	121656328
 295 00d8 80400030 		.word	805322880
 296 00dc 003C0240 		.word	1073888256
 297 00e0 00944838 		.word	944280576
 298              		.cfi_endproc
 299              	.LFE120:
 300              		.size	stm32_clock_init, .-stm32_clock_init
 301              		.text
 302              	.Letext0:
 303              		.file 2 "/home/sbcu/Dropbox/pcb-layouts/axo-on-discovery-board/axoloti/platform_linux/arm-none-eab
 304              		.file 3 "/home/sbcu/Dropbox/pcb-layouts/axo-on-discovery-board/axoloti/platform_linux/arm-none-eab
 305              		.file 4 "/home/sbcu/Dropbox/pcb-layouts/axo-on-discovery-board/axoloti/platform_linux/../chibios/o
 306              		.file 5 "/home/sbcu/Dropbox/pcb-layouts/axo-on-discovery-board/axoloti/platform_linux/../chibios/o
 307              		.file 6 "/home/sbcu/Dropbox/pcb-layouts/axo-on-discovery-board/axoloti/platform_linux/../chibios/o
 308              		.file 7 "/home/sbcu/Dropbox/pcb-layouts/axo-on-discovery-board/axoloti/platform_linux/../chibios/o
 309              		.section	.debug_info,"",%progbits
 310              	.Ldebug_info0:
 311 0000 8D040000 		.4byte	0x48d
 312 0004 0400     		.2byte	0x4
 313 0006 00000000 		.4byte	.Ldebug_abbrev0
 314 000a 04       		.byte	0x4
 315 000b 01       		.uleb128 0x1
 316 000c 5C010000 		.4byte	.LASF70
 317 0010 01       		.byte	0x1
 318 0011 30040000 		.4byte	.LASF71
 319 0015 68000000 		.4byte	.LASF72
 320 0019 18000000 		.4byte	.Ldebug_ranges0+0x18
 321 001d 00000000 		.4byte	0
 322 0021 00000000 		.4byte	.Ldebug_line0
 323 0025 02       		.uleb128 0x2
 324 0026 04       		.byte	0x4
 325 0027 05       		.byte	0x5
 326 0028 696E7400 		.ascii	"int\000"
 327 002c 03       		.uleb128 0x3
 328 002d 04       		.byte	0x4
 329 002e 07       		.byte	0x7
 330 002f F8020000 		.4byte	.LASF0
 331 0033 03       		.uleb128 0x3
 332 0034 01       		.byte	0x1
 333 0035 06       		.byte	0x6
 334 0036 CC020000 		.4byte	.LASF1
 335 003a 03       		.uleb128 0x3
 336 003b 01       		.byte	0x1
 337 003c 08       		.byte	0x8
 338 003d B6020000 		.4byte	.LASF2
 339 0041 03       		.uleb128 0x3
 340 0042 02       		.byte	0x2
 341 0043 05       		.byte	0x5
 342 0044 21000000 		.4byte	.LASF3
ARM GAS  /tmp/ccoJFpTg.s 			page 7


 343 0048 03       		.uleb128 0x3
 344 0049 02       		.byte	0x2
 345 004a 07       		.byte	0x7
 346 004b 3D030000 		.4byte	.LASF4
 347 004f 04       		.uleb128 0x4
 348 0050 E3030000 		.4byte	.LASF6
 349 0054 02       		.byte	0x2
 350 0055 3F       		.byte	0x3f
 351 0056 5A000000 		.4byte	0x5a
 352 005a 03       		.uleb128 0x3
 353 005b 04       		.byte	0x4
 354 005c 05       		.byte	0x5
 355 005d 53010000 		.4byte	.LASF5
 356 0061 04       		.uleb128 0x4
 357 0062 5D000000 		.4byte	.LASF7
 358 0066 02       		.byte	0x2
 359 0067 41       		.byte	0x41
 360 0068 6C000000 		.4byte	0x6c
 361 006c 03       		.uleb128 0x3
 362 006d 04       		.byte	0x4
 363 006e 07       		.byte	0x7
 364 006f 0E030000 		.4byte	.LASF8
 365 0073 03       		.uleb128 0x3
 366 0074 08       		.byte	0x8
 367 0075 05       		.byte	0x5
 368 0076 28010000 		.4byte	.LASF9
 369 007a 03       		.uleb128 0x3
 370 007b 08       		.byte	0x8
 371 007c 07       		.byte	0x7
 372 007d D8020000 		.4byte	.LASF10
 373 0081 04       		.uleb128 0x4
 374 0082 67030000 		.4byte	.LASF11
 375 0086 03       		.byte	0x3
 376 0087 1F       		.byte	0x1f
 377 0088 4F000000 		.4byte	0x4f
 378 008c 04       		.uleb128 0x4
 379 008d EF020000 		.4byte	.LASF12
 380 0091 03       		.byte	0x3
 381 0092 20       		.byte	0x20
 382 0093 61000000 		.4byte	0x61
 383 0097 03       		.uleb128 0x3
 384 0098 01       		.byte	0x1
 385 0099 02       		.byte	0x2
 386 009a 6F030000 		.4byte	.LASF13
 387 009e 04       		.uleb128 0x4
 388 009f 18010000 		.4byte	.LASF14
 389 00a3 04       		.byte	0x4
 390 00a4 3A       		.byte	0x3a
 391 00a5 A9000000 		.4byte	0xa9
 392 00a9 05       		.uleb128 0x5
 393 00aa 8C000000 		.4byte	0x8c
 394 00ae 03       		.uleb128 0x3
 395 00af 04       		.byte	0x4
 396 00b0 07       		.byte	0x7
 397 00b1 2B000000 		.4byte	.LASF15
 398 00b5 06       		.uleb128 0x6
 399 00b6 10       		.byte	0x10
ARM GAS  /tmp/ccoJFpTg.s 			page 8


 400 00b7 04       		.byte	0x4
 401 00b8 F1       		.byte	0xf1
 402 00b9 EE000000 		.4byte	0xee
 403 00bd 07       		.uleb128 0x7
 404 00be 43010000 		.4byte	.LASF16
 405 00c2 04       		.byte	0x4
 406 00c3 F2       		.byte	0xf2
 407 00c4 9E000000 		.4byte	0x9e
 408 00c8 00       		.byte	0
 409 00c9 07       		.uleb128 0x7
 410 00ca E9000000 		.4byte	.LASF17
 411 00ce 04       		.byte	0x4
 412 00cf F3       		.byte	0xf3
 413 00d0 9E000000 		.4byte	0x9e
 414 00d4 04       		.byte	0x4
 415 00d5 07       		.uleb128 0x7
 416 00d6 0A010000 		.4byte	.LASF18
 417 00da 04       		.byte	0x4
 418 00db F4       		.byte	0xf4
 419 00dc 9E000000 		.4byte	0x9e
 420 00e0 08       		.byte	0x8
 421 00e1 07       		.uleb128 0x7
 422 00e2 1B000000 		.4byte	.LASF19
 423 00e6 04       		.byte	0x4
 424 00e7 F5       		.byte	0xf5
 425 00e8 9E000000 		.4byte	0x9e
 426 00ec 0C       		.byte	0xc
 427 00ed 00       		.byte	0
 428 00ee 04       		.uleb128 0x4
 429 00ef 5F030000 		.4byte	.LASF20
 430 00f3 04       		.byte	0x4
 431 00f4 F6       		.byte	0xf6
 432 00f5 B5000000 		.4byte	0xb5
 433 00f9 08       		.uleb128 0x8
 434 00fa 20       		.byte	0x20
 435 00fb 04       		.byte	0x4
 436 00fc 0601     		.2byte	0x106
 437 00fe 6B010000 		.4byte	0x16b
 438 0102 09       		.uleb128 0x9
 439 0103 BD000000 		.4byte	.LASF21
 440 0107 04       		.byte	0x4
 441 0108 0701     		.2byte	0x107
 442 010a 9E000000 		.4byte	0x9e
 443 010e 00       		.byte	0
 444 010f 09       		.uleb128 0x9
 445 0110 36010000 		.4byte	.LASF22
 446 0114 04       		.byte	0x4
 447 0115 0801     		.2byte	0x108
 448 0117 9E000000 		.4byte	0x9e
 449 011b 04       		.byte	0x4
 450 011c 09       		.uleb128 0x9
 451 011d D0000000 		.4byte	.LASF23
 452 0121 04       		.byte	0x4
 453 0122 0901     		.2byte	0x109
 454 0124 9E000000 		.4byte	0x9e
 455 0128 08       		.byte	0x8
 456 0129 09       		.uleb128 0x9
ARM GAS  /tmp/ccoJFpTg.s 			page 9


 457 012a AF020000 		.4byte	.LASF24
 458 012e 04       		.byte	0x4
 459 012f 0A01     		.2byte	0x10a
 460 0131 9E000000 		.4byte	0x9e
 461 0135 0C       		.byte	0xc
 462 0136 09       		.uleb128 0x9
 463 0137 DA030000 		.4byte	.LASF25
 464 013b 04       		.byte	0x4
 465 013c 0B01     		.2byte	0x10b
 466 013e 9E000000 		.4byte	0x9e
 467 0142 10       		.byte	0x10
 468 0143 09       		.uleb128 0x9
 469 0144 ED030000 		.4byte	.LASF26
 470 0148 04       		.byte	0x4
 471 0149 0C01     		.2byte	0x10c
 472 014b 9E000000 		.4byte	0x9e
 473 014f 14       		.byte	0x14
 474 0150 09       		.uleb128 0x9
 475 0151 3E000000 		.4byte	.LASF27
 476 0155 04       		.byte	0x4
 477 0156 0D01     		.2byte	0x10d
 478 0158 9E000000 		.4byte	0x9e
 479 015c 18       		.byte	0x18
 480 015d 09       		.uleb128 0x9
 481 015e 39000000 		.4byte	.LASF28
 482 0162 04       		.byte	0x4
 483 0163 0E01     		.2byte	0x10e
 484 0165 9E000000 		.4byte	0x9e
 485 0169 1C       		.byte	0x1c
 486 016a 00       		.byte	0
 487 016b 0A       		.uleb128 0xa
 488 016c 35030000 		.4byte	.LASF29
 489 0170 04       		.byte	0x4
 490 0171 0F01     		.2byte	0x10f
 491 0173 F9000000 		.4byte	0xf9
 492 0177 03       		.uleb128 0x3
 493 0178 01       		.byte	0x1
 494 0179 08       		.byte	0x8
 495 017a 5A030000 		.4byte	.LASF30
 496 017e 0B       		.uleb128 0xb
 497 017f A9000000 		.4byte	0xa9
 498 0183 0C       		.uleb128 0xc
 499 0184 8C000000 		.4byte	0x8c
 500 0188 93010000 		.4byte	0x193
 501 018c 0D       		.uleb128 0xd
 502 018d AE000000 		.4byte	0xae
 503 0191 01       		.byte	0x1
 504 0192 00       		.byte	0
 505 0193 08       		.uleb128 0x8
 506 0194 10       		.byte	0x10
 507 0195 05       		.byte	0x5
 508 0196 6002     		.2byte	0x260
 509 0198 D1010000 		.4byte	0x1d1
 510 019c 09       		.uleb128 0x9
 511 019d BD000000 		.4byte	.LASF21
 512 01a1 05       		.byte	0x5
 513 01a2 6202     		.2byte	0x262
ARM GAS  /tmp/ccoJFpTg.s 			page 10


 514 01a4 A9000000 		.4byte	0xa9
 515 01a8 00       		.byte	0
 516 01a9 09       		.uleb128 0x9
 517 01aa F4030000 		.4byte	.LASF31
 518 01ae 05       		.byte	0x5
 519 01af 6302     		.2byte	0x263
 520 01b1 A9000000 		.4byte	0xa9
 521 01b5 04       		.byte	0x4
 522 01b6 0E       		.uleb128 0xe
 523 01b7 56414C00 		.ascii	"VAL\000"
 524 01bb 05       		.byte	0x5
 525 01bc 6402     		.2byte	0x264
 526 01be A9000000 		.4byte	0xa9
 527 01c2 08       		.byte	0x8
 528 01c3 09       		.uleb128 0x9
 529 01c4 3D010000 		.4byte	.LASF32
 530 01c8 05       		.byte	0x5
 531 01c9 6502     		.2byte	0x265
 532 01cb 7E010000 		.4byte	0x17e
 533 01cf 0C       		.byte	0xc
 534 01d0 00       		.byte	0
 535 01d1 0A       		.uleb128 0xa
 536 01d2 CD030000 		.4byte	.LASF33
 537 01d6 05       		.byte	0x5
 538 01d7 6602     		.2byte	0x266
 539 01d9 93010000 		.4byte	0x193
 540 01dd 05       		.uleb128 0x5
 541 01de 81000000 		.4byte	0x81
 542 01e2 08       		.uleb128 0x8
 543 01e3 1C       		.byte	0x1c
 544 01e4 06       		.byte	0x6
 545 01e5 3E03     		.2byte	0x33e
 546 01e7 45020000 		.4byte	0x245
 547 01eb 0E       		.uleb128 0xe
 548 01ec 41435200 		.ascii	"ACR\000"
 549 01f0 06       		.byte	0x6
 550 01f1 4003     		.2byte	0x340
 551 01f3 A9000000 		.4byte	0xa9
 552 01f7 00       		.byte	0
 553 01f8 09       		.uleb128 0x9
 554 01f9 AA020000 		.4byte	.LASF34
 555 01fd 06       		.byte	0x6
 556 01fe 4103     		.2byte	0x341
 557 0200 A9000000 		.4byte	0xa9
 558 0204 04       		.byte	0x4
 559 0205 09       		.uleb128 0x9
 560 0206 20010000 		.4byte	.LASF35
 561 020a 06       		.byte	0x6
 562 020b 4203     		.2byte	0x342
 563 020d A9000000 		.4byte	0xa9
 564 0211 08       		.byte	0x8
 565 0212 0E       		.uleb128 0xe
 566 0213 535200   		.ascii	"SR\000"
 567 0216 06       		.byte	0x6
 568 0217 4303     		.2byte	0x343
 569 0219 A9000000 		.4byte	0xa9
 570 021d 0C       		.byte	0xc
ARM GAS  /tmp/ccoJFpTg.s 			page 11


 571 021e 0E       		.uleb128 0xe
 572 021f 435200   		.ascii	"CR\000"
 573 0222 06       		.byte	0x6
 574 0223 4403     		.2byte	0x344
 575 0225 A9000000 		.4byte	0xa9
 576 0229 10       		.byte	0x10
 577 022a 09       		.uleb128 0x9
 578 022b AD040000 		.4byte	.LASF36
 579 022f 06       		.byte	0x6
 580 0230 4503     		.2byte	0x345
 581 0232 A9000000 		.4byte	0xa9
 582 0236 14       		.byte	0x14
 583 0237 09       		.uleb128 0x9
 584 0238 9B020000 		.4byte	.LASF37
 585 023c 06       		.byte	0x6
 586 023d 4603     		.2byte	0x346
 587 023f A9000000 		.4byte	0xa9
 588 0243 18       		.byte	0x18
 589 0244 00       		.byte	0
 590 0245 0A       		.uleb128 0xa
 591 0246 0A040000 		.4byte	.LASF38
 592 024a 06       		.byte	0x6
 593 024b 4703     		.2byte	0x347
 594 024d E2010000 		.4byte	0x1e2
 595 0251 08       		.uleb128 0x8
 596 0252 08       		.byte	0x8
 597 0253 06       		.byte	0x6
 598 0254 4E04     		.2byte	0x44e
 599 0256 74020000 		.4byte	0x274
 600 025a 0E       		.uleb128 0xe
 601 025b 435200   		.ascii	"CR\000"
 602 025e 06       		.byte	0x6
 603 025f 5004     		.2byte	0x450
 604 0261 A9000000 		.4byte	0xa9
 605 0265 00       		.byte	0
 606 0266 0E       		.uleb128 0xe
 607 0267 43535200 		.ascii	"CSR\000"
 608 026b 06       		.byte	0x6
 609 026c 5104     		.2byte	0x451
 610 026e A9000000 		.4byte	0xa9
 611 0272 04       		.byte	0x4
 612 0273 00       		.byte	0
 613 0274 0A       		.uleb128 0xa
 614 0275 51000000 		.4byte	.LASF39
 615 0279 06       		.byte	0x6
 616 027a 5204     		.2byte	0x452
 617 027c 51020000 		.4byte	0x251
 618 0280 08       		.uleb128 0x8
 619 0281 90       		.byte	0x90
 620 0282 06       		.byte	0x6
 621 0283 5804     		.2byte	0x458
 622 0285 29040000 		.4byte	0x429
 623 0289 0E       		.uleb128 0xe
 624 028a 435200   		.ascii	"CR\000"
 625 028d 06       		.byte	0x6
 626 028e 5A04     		.2byte	0x45a
 627 0290 A9000000 		.4byte	0xa9
ARM GAS  /tmp/ccoJFpTg.s 			page 12


 628 0294 00       		.byte	0
 629 0295 09       		.uleb128 0x9
 630 0296 2D030000 		.4byte	.LASF40
 631 029a 06       		.byte	0x6
 632 029b 5B04     		.2byte	0x45b
 633 029d A9000000 		.4byte	0xa9
 634 02a1 04       		.byte	0x4
 635 02a2 09       		.uleb128 0x9
 636 02a3 CB000000 		.4byte	.LASF41
 637 02a7 06       		.byte	0x6
 638 02a8 5C04     		.2byte	0x45c
 639 02aa A9000000 		.4byte	0xa9
 640 02ae 08       		.byte	0x8
 641 02af 0E       		.uleb128 0xe
 642 02b0 43495200 		.ascii	"CIR\000"
 643 02b4 06       		.byte	0x6
 644 02b5 5D04     		.2byte	0x45d
 645 02b7 A9000000 		.4byte	0xa9
 646 02bb 0C       		.byte	0xc
 647 02bc 09       		.uleb128 0x9
 648 02bd C2000000 		.4byte	.LASF42
 649 02c1 06       		.byte	0x6
 650 02c2 5E04     		.2byte	0x45e
 651 02c4 A9000000 		.4byte	0xa9
 652 02c8 10       		.byte	0x10
 653 02c9 09       		.uleb128 0x9
 654 02ca 05030000 		.4byte	.LASF43
 655 02ce 06       		.byte	0x6
 656 02cf 5F04     		.2byte	0x45f
 657 02d1 A9000000 		.4byte	0xa9
 658 02d5 14       		.byte	0x14
 659 02d6 09       		.uleb128 0x9
 660 02d7 01040000 		.4byte	.LASF44
 661 02db 06       		.byte	0x6
 662 02dc 6004     		.2byte	0x460
 663 02de A9000000 		.4byte	0xa9
 664 02e2 18       		.byte	0x18
 665 02e3 09       		.uleb128 0x9
 666 02e4 87030000 		.4byte	.LASF45
 667 02e8 06       		.byte	0x6
 668 02e9 6104     		.2byte	0x461
 669 02eb 8C000000 		.4byte	0x8c
 670 02ef 1C       		.byte	0x1c
 671 02f0 09       		.uleb128 0x9
 672 02f1 0A000000 		.4byte	.LASF46
 673 02f5 06       		.byte	0x6
 674 02f6 6204     		.2byte	0x462
 675 02f8 A9000000 		.4byte	0xa9
 676 02fc 20       		.byte	0x20
 677 02fd 09       		.uleb128 0x9
 678 02fe 81020000 		.4byte	.LASF47
 679 0302 06       		.byte	0x6
 680 0303 6304     		.2byte	0x463
 681 0305 A9000000 		.4byte	0xa9
 682 0309 24       		.byte	0x24
 683 030a 09       		.uleb128 0x9
 684 030b 91030000 		.4byte	.LASF48
ARM GAS  /tmp/ccoJFpTg.s 			page 13


 685 030f 06       		.byte	0x6
 686 0310 6404     		.2byte	0x464
 687 0312 83010000 		.4byte	0x183
 688 0316 28       		.byte	0x28
 689 0317 09       		.uleb128 0x9
 690 0318 F9030000 		.4byte	.LASF49
 691 031c 06       		.byte	0x6
 692 031d 6504     		.2byte	0x465
 693 031f A9000000 		.4byte	0xa9
 694 0323 30       		.byte	0x30
 695 0324 09       		.uleb128 0x9
 696 0325 13000000 		.4byte	.LASF50
 697 0329 06       		.byte	0x6
 698 032a 6604     		.2byte	0x466
 699 032c A9000000 		.4byte	0xa9
 700 0330 34       		.byte	0x34
 701 0331 09       		.uleb128 0x9
 702 0332 A2020000 		.4byte	.LASF51
 703 0336 06       		.byte	0x6
 704 0337 6704     		.2byte	0x467
 705 0339 A9000000 		.4byte	0xa9
 706 033d 38       		.byte	0x38
 707 033e 09       		.uleb128 0x9
 708 033f 9B030000 		.4byte	.LASF52
 709 0343 06       		.byte	0x6
 710 0344 6804     		.2byte	0x468
 711 0346 8C000000 		.4byte	0x8c
 712 034a 3C       		.byte	0x3c
 713 034b 09       		.uleb128 0x9
 714 034c E1000000 		.4byte	.LASF53
 715 0350 06       		.byte	0x6
 716 0351 6904     		.2byte	0x469
 717 0353 A9000000 		.4byte	0xa9
 718 0357 40       		.byte	0x40
 719 0358 09       		.uleb128 0x9
 720 0359 C4020000 		.4byte	.LASF54
 721 035d 06       		.byte	0x6
 722 035e 6A04     		.2byte	0x46a
 723 0360 A9000000 		.4byte	0xa9
 724 0364 44       		.byte	0x44
 725 0365 09       		.uleb128 0x9
 726 0366 A5030000 		.4byte	.LASF55
 727 036a 06       		.byte	0x6
 728 036b 6B04     		.2byte	0x46b
 729 036d 83010000 		.4byte	0x183
 730 0371 48       		.byte	0x48
 731 0372 09       		.uleb128 0x9
 732 0373 00000000 		.4byte	.LASF56
 733 0377 06       		.byte	0x6
 734 0378 6C04     		.2byte	0x46c
 735 037a A9000000 		.4byte	0xa9
 736 037e 50       		.byte	0x50
 737 037f 09       		.uleb128 0x9
 738 0380 75030000 		.4byte	.LASF57
 739 0384 06       		.byte	0x6
 740 0385 6D04     		.2byte	0x46d
 741 0387 A9000000 		.4byte	0xa9
ARM GAS  /tmp/ccoJFpTg.s 			page 14


 742 038b 54       		.byte	0x54
 743 038c 09       		.uleb128 0x9
 744 038d D7000000 		.4byte	.LASF58
 745 0391 06       		.byte	0x6
 746 0392 6E04     		.2byte	0x46e
 747 0394 A9000000 		.4byte	0xa9
 748 0398 58       		.byte	0x58
 749 0399 09       		.uleb128 0x9
 750 039a AF030000 		.4byte	.LASF59
 751 039e 06       		.byte	0x6
 752 039f 6F04     		.2byte	0x46f
 753 03a1 8C000000 		.4byte	0x8c
 754 03a5 5C       		.byte	0x5c
 755 03a6 09       		.uleb128 0x9
 756 03a7 50030000 		.4byte	.LASF60
 757 03ab 06       		.byte	0x6
 758 03ac 7004     		.2byte	0x470
 759 03ae A9000000 		.4byte	0xa9
 760 03b2 60       		.byte	0x60
 761 03b3 09       		.uleb128 0x9
 762 03b4 49010000 		.4byte	.LASF61
 763 03b8 06       		.byte	0x6
 764 03b9 7104     		.2byte	0x471
 765 03bb A9000000 		.4byte	0xa9
 766 03bf 64       		.byte	0x64
 767 03c0 09       		.uleb128 0x9
 768 03c1 B9030000 		.4byte	.LASF62
 769 03c5 06       		.byte	0x6
 770 03c6 7204     		.2byte	0x472
 771 03c8 83010000 		.4byte	0x183
 772 03cc 68       		.byte	0x68
 773 03cd 09       		.uleb128 0x9
 774 03ce 34000000 		.4byte	.LASF63
 775 03d2 06       		.byte	0x6
 776 03d3 7304     		.2byte	0x473
 777 03d5 A9000000 		.4byte	0xa9
 778 03d9 70       		.byte	0x70
 779 03da 0E       		.uleb128 0xe
 780 03db 43535200 		.ascii	"CSR\000"
 781 03df 06       		.byte	0x6
 782 03e0 7404     		.2byte	0x474
 783 03e2 A9000000 		.4byte	0xa9
 784 03e6 74       		.byte	0x74
 785 03e7 09       		.uleb128 0x9
 786 03e8 C3030000 		.4byte	.LASF64
 787 03ec 06       		.byte	0x6
 788 03ed 7504     		.2byte	0x475
 789 03ef 83010000 		.4byte	0x183
 790 03f3 78       		.byte	0x78
 791 03f4 09       		.uleb128 0x9
 792 03f5 B7000000 		.4byte	.LASF65
 793 03f9 06       		.byte	0x6
 794 03fa 7604     		.2byte	0x476
 795 03fc A9000000 		.4byte	0xa9
 796 0400 80       		.byte	0x80
 797 0401 09       		.uleb128 0x9
 798 0402 46000000 		.4byte	.LASF66
ARM GAS  /tmp/ccoJFpTg.s 			page 15


 799 0406 06       		.byte	0x6
 800 0407 7704     		.2byte	0x477
 801 0409 A9000000 		.4byte	0xa9
 802 040d 84       		.byte	0x84
 803 040e 09       		.uleb128 0x9
 804 040f 25040000 		.4byte	.LASF67
 805 0413 06       		.byte	0x6
 806 0414 7804     		.2byte	0x478
 807 0416 A9000000 		.4byte	0xa9
 808 041a 88       		.byte	0x88
 809 041b 09       		.uleb128 0x9
 810 041c 10010000 		.4byte	.LASF68
 811 0420 06       		.byte	0x6
 812 0421 7904     		.2byte	0x479
 813 0423 A9000000 		.4byte	0xa9
 814 0427 8C       		.byte	0x8c
 815 0428 00       		.byte	0
 816 0429 0A       		.uleb128 0xa
 817 042a 75020000 		.4byte	.LASF69
 818 042e 06       		.byte	0x6
 819 042f 7B04     		.2byte	0x47b
 820 0431 80020000 		.4byte	0x280
 821 0435 0F       		.uleb128 0xf
 822 0436 EF000000 		.4byte	.LASF73
 823 043a 01       		.byte	0x1
 824 043b 33       		.byte	0x33
 825 043c 01       		.byte	0x1
 826 043d 10       		.uleb128 0x10
 827 043e 20030000 		.4byte	.LASF74
 828 0442 01       		.byte	0x1
 829 0443 6F       		.byte	0x6f
 830 0444 00000000 		.4byte	.LFB119
 831 0448 9C000000 		.4byte	.LFE119-.LFB119
 832 044c 01       		.uleb128 0x1
 833 044d 9C       		.byte	0x9c
 834 044e 6B040000 		.4byte	0x46b
 835 0452 11       		.uleb128 0x11
 836 0453 35040000 		.4byte	0x435
 837 0457 22000000 		.4byte	.LBB4
 838 045b 00000000 		.4byte	.Ldebug_ranges0+0
 839 045f 01       		.byte	0x1
 840 0460 87       		.byte	0x87
 841 0461 12       		.uleb128 0x12
 842 0462 84000000 		.4byte	.LVL0
 843 0466 88040000 		.4byte	0x488
 844 046a 00       		.byte	0
 845 046b 13       		.uleb128 0x13
 846 046c 8A020000 		.4byte	.LASF75
 847 0470 01       		.byte	0x1
 848 0471 9A       		.byte	0x9a
 849 0472 00000000 		.4byte	.LFB120
 850 0476 E4000000 		.4byte	.LFE120-.LFB120
 851 047a 01       		.uleb128 0x1
 852 047b 9C       		.byte	0x9c
 853 047c 14       		.uleb128 0x14
 854 047d 18040000 		.4byte	.LASF76
 855 0481 05       		.byte	0x5
ARM GAS  /tmp/ccoJFpTg.s 			page 16


 856 0482 9806     		.2byte	0x698
 857 0484 DD010000 		.4byte	0x1dd
 858 0488 15       		.uleb128 0x15
 859 0489 7F030000 		.4byte	.LASF77
 860 048d 07       		.byte	0x7
 861 048e C101     		.2byte	0x1c1
 862 0490 00       		.byte	0
 863              		.section	.debug_abbrev,"",%progbits
 864              	.Ldebug_abbrev0:
 865 0000 01       		.uleb128 0x1
 866 0001 11       		.uleb128 0x11
 867 0002 01       		.byte	0x1
 868 0003 25       		.uleb128 0x25
 869 0004 0E       		.uleb128 0xe
 870 0005 13       		.uleb128 0x13
 871 0006 0B       		.uleb128 0xb
 872 0007 03       		.uleb128 0x3
 873 0008 0E       		.uleb128 0xe
 874 0009 1B       		.uleb128 0x1b
 875 000a 0E       		.uleb128 0xe
 876 000b 55       		.uleb128 0x55
 877 000c 17       		.uleb128 0x17
 878 000d 11       		.uleb128 0x11
 879 000e 01       		.uleb128 0x1
 880 000f 10       		.uleb128 0x10
 881 0010 17       		.uleb128 0x17
 882 0011 00       		.byte	0
 883 0012 00       		.byte	0
 884 0013 02       		.uleb128 0x2
 885 0014 24       		.uleb128 0x24
 886 0015 00       		.byte	0
 887 0016 0B       		.uleb128 0xb
 888 0017 0B       		.uleb128 0xb
 889 0018 3E       		.uleb128 0x3e
 890 0019 0B       		.uleb128 0xb
 891 001a 03       		.uleb128 0x3
 892 001b 08       		.uleb128 0x8
 893 001c 00       		.byte	0
 894 001d 00       		.byte	0
 895 001e 03       		.uleb128 0x3
 896 001f 24       		.uleb128 0x24
 897 0020 00       		.byte	0
 898 0021 0B       		.uleb128 0xb
 899 0022 0B       		.uleb128 0xb
 900 0023 3E       		.uleb128 0x3e
 901 0024 0B       		.uleb128 0xb
 902 0025 03       		.uleb128 0x3
 903 0026 0E       		.uleb128 0xe
 904 0027 00       		.byte	0
 905 0028 00       		.byte	0
 906 0029 04       		.uleb128 0x4
 907 002a 16       		.uleb128 0x16
 908 002b 00       		.byte	0
 909 002c 03       		.uleb128 0x3
 910 002d 0E       		.uleb128 0xe
 911 002e 3A       		.uleb128 0x3a
 912 002f 0B       		.uleb128 0xb
ARM GAS  /tmp/ccoJFpTg.s 			page 17


 913 0030 3B       		.uleb128 0x3b
 914 0031 0B       		.uleb128 0xb
 915 0032 49       		.uleb128 0x49
 916 0033 13       		.uleb128 0x13
 917 0034 00       		.byte	0
 918 0035 00       		.byte	0
 919 0036 05       		.uleb128 0x5
 920 0037 35       		.uleb128 0x35
 921 0038 00       		.byte	0
 922 0039 49       		.uleb128 0x49
 923 003a 13       		.uleb128 0x13
 924 003b 00       		.byte	0
 925 003c 00       		.byte	0
 926 003d 06       		.uleb128 0x6
 927 003e 13       		.uleb128 0x13
 928 003f 01       		.byte	0x1
 929 0040 0B       		.uleb128 0xb
 930 0041 0B       		.uleb128 0xb
 931 0042 3A       		.uleb128 0x3a
 932 0043 0B       		.uleb128 0xb
 933 0044 3B       		.uleb128 0x3b
 934 0045 0B       		.uleb128 0xb
 935 0046 01       		.uleb128 0x1
 936 0047 13       		.uleb128 0x13
 937 0048 00       		.byte	0
 938 0049 00       		.byte	0
 939 004a 07       		.uleb128 0x7
 940 004b 0D       		.uleb128 0xd
 941 004c 00       		.byte	0
 942 004d 03       		.uleb128 0x3
 943 004e 0E       		.uleb128 0xe
 944 004f 3A       		.uleb128 0x3a
 945 0050 0B       		.uleb128 0xb
 946 0051 3B       		.uleb128 0x3b
 947 0052 0B       		.uleb128 0xb
 948 0053 49       		.uleb128 0x49
 949 0054 13       		.uleb128 0x13
 950 0055 38       		.uleb128 0x38
 951 0056 0B       		.uleb128 0xb
 952 0057 00       		.byte	0
 953 0058 00       		.byte	0
 954 0059 08       		.uleb128 0x8
 955 005a 13       		.uleb128 0x13
 956 005b 01       		.byte	0x1
 957 005c 0B       		.uleb128 0xb
 958 005d 0B       		.uleb128 0xb
 959 005e 3A       		.uleb128 0x3a
 960 005f 0B       		.uleb128 0xb
 961 0060 3B       		.uleb128 0x3b
 962 0061 05       		.uleb128 0x5
 963 0062 01       		.uleb128 0x1
 964 0063 13       		.uleb128 0x13
 965 0064 00       		.byte	0
 966 0065 00       		.byte	0
 967 0066 09       		.uleb128 0x9
 968 0067 0D       		.uleb128 0xd
 969 0068 00       		.byte	0
ARM GAS  /tmp/ccoJFpTg.s 			page 18


 970 0069 03       		.uleb128 0x3
 971 006a 0E       		.uleb128 0xe
 972 006b 3A       		.uleb128 0x3a
 973 006c 0B       		.uleb128 0xb
 974 006d 3B       		.uleb128 0x3b
 975 006e 05       		.uleb128 0x5
 976 006f 49       		.uleb128 0x49
 977 0070 13       		.uleb128 0x13
 978 0071 38       		.uleb128 0x38
 979 0072 0B       		.uleb128 0xb
 980 0073 00       		.byte	0
 981 0074 00       		.byte	0
 982 0075 0A       		.uleb128 0xa
 983 0076 16       		.uleb128 0x16
 984 0077 00       		.byte	0
 985 0078 03       		.uleb128 0x3
 986 0079 0E       		.uleb128 0xe
 987 007a 3A       		.uleb128 0x3a
 988 007b 0B       		.uleb128 0xb
 989 007c 3B       		.uleb128 0x3b
 990 007d 05       		.uleb128 0x5
 991 007e 49       		.uleb128 0x49
 992 007f 13       		.uleb128 0x13
 993 0080 00       		.byte	0
 994 0081 00       		.byte	0
 995 0082 0B       		.uleb128 0xb
 996 0083 26       		.uleb128 0x26
 997 0084 00       		.byte	0
 998 0085 49       		.uleb128 0x49
 999 0086 13       		.uleb128 0x13
 1000 0087 00       		.byte	0
 1001 0088 00       		.byte	0
 1002 0089 0C       		.uleb128 0xc
 1003 008a 01       		.uleb128 0x1
 1004 008b 01       		.byte	0x1
 1005 008c 49       		.uleb128 0x49
 1006 008d 13       		.uleb128 0x13
 1007 008e 01       		.uleb128 0x1
 1008 008f 13       		.uleb128 0x13
 1009 0090 00       		.byte	0
 1010 0091 00       		.byte	0
 1011 0092 0D       		.uleb128 0xd
 1012 0093 21       		.uleb128 0x21
 1013 0094 00       		.byte	0
 1014 0095 49       		.uleb128 0x49
 1015 0096 13       		.uleb128 0x13
 1016 0097 2F       		.uleb128 0x2f
 1017 0098 0B       		.uleb128 0xb
 1018 0099 00       		.byte	0
 1019 009a 00       		.byte	0
 1020 009b 0E       		.uleb128 0xe
 1021 009c 0D       		.uleb128 0xd
 1022 009d 00       		.byte	0
 1023 009e 03       		.uleb128 0x3
 1024 009f 08       		.uleb128 0x8
 1025 00a0 3A       		.uleb128 0x3a
 1026 00a1 0B       		.uleb128 0xb
ARM GAS  /tmp/ccoJFpTg.s 			page 19


 1027 00a2 3B       		.uleb128 0x3b
 1028 00a3 05       		.uleb128 0x5
 1029 00a4 49       		.uleb128 0x49
 1030 00a5 13       		.uleb128 0x13
 1031 00a6 38       		.uleb128 0x38
 1032 00a7 0B       		.uleb128 0xb
 1033 00a8 00       		.byte	0
 1034 00a9 00       		.byte	0
 1035 00aa 0F       		.uleb128 0xf
 1036 00ab 2E       		.uleb128 0x2e
 1037 00ac 00       		.byte	0
 1038 00ad 03       		.uleb128 0x3
 1039 00ae 0E       		.uleb128 0xe
 1040 00af 3A       		.uleb128 0x3a
 1041 00b0 0B       		.uleb128 0xb
 1042 00b1 3B       		.uleb128 0x3b
 1043 00b2 0B       		.uleb128 0xb
 1044 00b3 27       		.uleb128 0x27
 1045 00b4 19       		.uleb128 0x19
 1046 00b5 20       		.uleb128 0x20
 1047 00b6 0B       		.uleb128 0xb
 1048 00b7 00       		.byte	0
 1049 00b8 00       		.byte	0
 1050 00b9 10       		.uleb128 0x10
 1051 00ba 2E       		.uleb128 0x2e
 1052 00bb 01       		.byte	0x1
 1053 00bc 3F       		.uleb128 0x3f
 1054 00bd 19       		.uleb128 0x19
 1055 00be 03       		.uleb128 0x3
 1056 00bf 0E       		.uleb128 0xe
 1057 00c0 3A       		.uleb128 0x3a
 1058 00c1 0B       		.uleb128 0xb
 1059 00c2 3B       		.uleb128 0x3b
 1060 00c3 0B       		.uleb128 0xb
 1061 00c4 27       		.uleb128 0x27
 1062 00c5 19       		.uleb128 0x19
 1063 00c6 11       		.uleb128 0x11
 1064 00c7 01       		.uleb128 0x1
 1065 00c8 12       		.uleb128 0x12
 1066 00c9 06       		.uleb128 0x6
 1067 00ca 40       		.uleb128 0x40
 1068 00cb 18       		.uleb128 0x18
 1069 00cc 9742     		.uleb128 0x2117
 1070 00ce 19       		.uleb128 0x19
 1071 00cf 01       		.uleb128 0x1
 1072 00d0 13       		.uleb128 0x13
 1073 00d1 00       		.byte	0
 1074 00d2 00       		.byte	0
 1075 00d3 11       		.uleb128 0x11
 1076 00d4 1D       		.uleb128 0x1d
 1077 00d5 00       		.byte	0
 1078 00d6 31       		.uleb128 0x31
 1079 00d7 13       		.uleb128 0x13
 1080 00d8 52       		.uleb128 0x52
 1081 00d9 01       		.uleb128 0x1
 1082 00da 55       		.uleb128 0x55
 1083 00db 17       		.uleb128 0x17
ARM GAS  /tmp/ccoJFpTg.s 			page 20


 1084 00dc 58       		.uleb128 0x58
 1085 00dd 0B       		.uleb128 0xb
 1086 00de 59       		.uleb128 0x59
 1087 00df 0B       		.uleb128 0xb
 1088 00e0 00       		.byte	0
 1089 00e1 00       		.byte	0
 1090 00e2 12       		.uleb128 0x12
 1091 00e3 898201   		.uleb128 0x4109
 1092 00e6 00       		.byte	0
 1093 00e7 11       		.uleb128 0x11
 1094 00e8 01       		.uleb128 0x1
 1095 00e9 9542     		.uleb128 0x2115
 1096 00eb 19       		.uleb128 0x19
 1097 00ec 31       		.uleb128 0x31
 1098 00ed 13       		.uleb128 0x13
 1099 00ee 00       		.byte	0
 1100 00ef 00       		.byte	0
 1101 00f0 13       		.uleb128 0x13
 1102 00f1 2E       		.uleb128 0x2e
 1103 00f2 00       		.byte	0
 1104 00f3 3F       		.uleb128 0x3f
 1105 00f4 19       		.uleb128 0x19
 1106 00f5 03       		.uleb128 0x3
 1107 00f6 0E       		.uleb128 0xe
 1108 00f7 3A       		.uleb128 0x3a
 1109 00f8 0B       		.uleb128 0xb
 1110 00f9 3B       		.uleb128 0x3b
 1111 00fa 0B       		.uleb128 0xb
 1112 00fb 27       		.uleb128 0x27
 1113 00fc 19       		.uleb128 0x19
 1114 00fd 11       		.uleb128 0x11
 1115 00fe 01       		.uleb128 0x1
 1116 00ff 12       		.uleb128 0x12
 1117 0100 06       		.uleb128 0x6
 1118 0101 40       		.uleb128 0x40
 1119 0102 18       		.uleb128 0x18
 1120 0103 9742     		.uleb128 0x2117
 1121 0105 19       		.uleb128 0x19
 1122 0106 00       		.byte	0
 1123 0107 00       		.byte	0
 1124 0108 14       		.uleb128 0x14
 1125 0109 34       		.uleb128 0x34
 1126 010a 00       		.byte	0
 1127 010b 03       		.uleb128 0x3
 1128 010c 0E       		.uleb128 0xe
 1129 010d 3A       		.uleb128 0x3a
 1130 010e 0B       		.uleb128 0xb
 1131 010f 3B       		.uleb128 0x3b
 1132 0110 05       		.uleb128 0x5
 1133 0111 49       		.uleb128 0x49
 1134 0112 13       		.uleb128 0x13
 1135 0113 3F       		.uleb128 0x3f
 1136 0114 19       		.uleb128 0x19
 1137 0115 3C       		.uleb128 0x3c
 1138 0116 19       		.uleb128 0x19
 1139 0117 00       		.byte	0
 1140 0118 00       		.byte	0
ARM GAS  /tmp/ccoJFpTg.s 			page 21


 1141 0119 15       		.uleb128 0x15
 1142 011a 2E       		.uleb128 0x2e
 1143 011b 00       		.byte	0
 1144 011c 3F       		.uleb128 0x3f
 1145 011d 19       		.uleb128 0x19
 1146 011e 03       		.uleb128 0x3
 1147 011f 0E       		.uleb128 0xe
 1148 0120 3A       		.uleb128 0x3a
 1149 0121 0B       		.uleb128 0xb
 1150 0122 3B       		.uleb128 0x3b
 1151 0123 05       		.uleb128 0x5
 1152 0124 27       		.uleb128 0x27
 1153 0125 19       		.uleb128 0x19
 1154 0126 3C       		.uleb128 0x3c
 1155 0127 19       		.uleb128 0x19
 1156 0128 00       		.byte	0
 1157 0129 00       		.byte	0
 1158 012a 00       		.byte	0
 1159              		.section	.debug_aranges,"",%progbits
 1160 0000 24000000 		.4byte	0x24
 1161 0004 0200     		.2byte	0x2
 1162 0006 00000000 		.4byte	.Ldebug_info0
 1163 000a 04       		.byte	0x4
 1164 000b 00       		.byte	0
 1165 000c 0000     		.2byte	0
 1166 000e 0000     		.2byte	0
 1167 0010 00000000 		.4byte	.LFB119
 1168 0014 9C000000 		.4byte	.LFE119-.LFB119
 1169 0018 00000000 		.4byte	.LFB120
 1170 001c E4000000 		.4byte	.LFE120-.LFB120
 1171 0020 00000000 		.4byte	0
 1172 0024 00000000 		.4byte	0
 1173              		.section	.debug_ranges,"",%progbits
 1174              	.Ldebug_ranges0:
 1175 0000 22000000 		.4byte	.LBB4
 1176 0004 24000000 		.4byte	.LBE4
 1177 0008 56000000 		.4byte	.LBB7
 1178 000c 7C000000 		.4byte	.LBE7
 1179 0010 00000000 		.4byte	0
 1180 0014 00000000 		.4byte	0
 1181 0018 00000000 		.4byte	.LFB119
 1182 001c 9C000000 		.4byte	.LFE119
 1183 0020 00000000 		.4byte	.LFB120
 1184 0024 E4000000 		.4byte	.LFE120
 1185 0028 00000000 		.4byte	0
 1186 002c 00000000 		.4byte	0
 1187              		.section	.debug_line,"",%progbits
 1188              	.Ldebug_line0:
 1189 0000 50030000 		.section	.debug_str,"MS",%progbits,1
 1189      0200A802 
 1189      00000201 
 1189      FB0E0D00 
 1189      01010101 
 1190              	.LASF56:
 1191 0000 41484231 		.ascii	"AHB1LPENR\000"
 1191      4C50454E 
 1191      5200
ARM GAS  /tmp/ccoJFpTg.s 			page 22


 1192              	.LASF46:
 1193 000a 41504231 		.ascii	"APB1RSTR\000"
 1193      52535452 
 1193      00
 1194              	.LASF50:
 1195 0013 41484232 		.ascii	"AHB2ENR\000"
 1195      454E5200 
 1196              	.LASF19:
 1197 001b 44454D43 		.ascii	"DEMCR\000"
 1197      5200
 1198              	.LASF3:
 1199 0021 73686F72 		.ascii	"short int\000"
 1199      7420696E 
 1199      7400
 1200              	.LASF15:
 1201 002b 73697A65 		.ascii	"sizetype\000"
 1201      74797065 
 1201      00
 1202              	.LASF63:
 1203 0034 42444352 		.ascii	"BDCR\000"
 1203      00
 1204              	.LASF28:
 1205 0039 50435352 		.ascii	"PCSR\000"
 1205      00
 1206              	.LASF27:
 1207 003e 464F4C44 		.ascii	"FOLDCNT\000"
 1207      434E5400 
 1208              	.LASF66:
 1209 0046 504C4C49 		.ascii	"PLLI2SCFGR\000"
 1209      32534346 
 1209      475200
 1210              	.LASF39:
 1211 0051 5057525F 		.ascii	"PWR_TypeDef\000"
 1211      54797065 
 1211      44656600 
 1212              	.LASF7:
 1213 005d 5F5F7569 		.ascii	"__uint32_t\000"
 1213      6E743332 
 1213      5F7400
 1214              	.LASF72:
 1215 0068 2F686F6D 		.ascii	"/home/sbcu/Dropbox/pcb-layouts/axo-on-discovery-boa"
 1215      652F7362 
 1215      63752F44 
 1215      726F7062 
 1215      6F782F70 
 1216 009b 72642F61 		.ascii	"rd/axoloti/firmware/flasher\000"
 1216      786F6C6F 
 1216      74692F66 
 1216      69726D77 
 1216      6172652F 
 1217              	.LASF65:
 1218 00b7 53534347 		.ascii	"SSCGR\000"
 1218      5200
 1219              	.LASF21:
 1220 00bd 4354524C 		.ascii	"CTRL\000"
 1220      00
 1221              	.LASF42:
ARM GAS  /tmp/ccoJFpTg.s 			page 23


 1222 00c2 41484231 		.ascii	"AHB1RSTR\000"
 1222      52535452 
 1222      00
 1223              	.LASF41:
 1224 00cb 43464752 		.ascii	"CFGR\000"
 1224      00
 1225              	.LASF23:
 1226 00d0 43504943 		.ascii	"CPICNT\000"
 1226      4E5400
 1227              	.LASF58:
 1228 00d7 41484233 		.ascii	"AHB3LPENR\000"
 1228      4C50454E 
 1228      5200
 1229              	.LASF53:
 1230 00e1 41504231 		.ascii	"APB1ENR\000"
 1230      454E5200 
 1231              	.LASF17:
 1232 00e9 44435253 		.ascii	"DCRSR\000"
 1232      5200
 1233              	.LASF73:
 1234 00ef 68616C5F 		.ascii	"hal_lld_backup_domain_init\000"
 1234      6C6C645F 
 1234      6261636B 
 1234      75705F64 
 1234      6F6D6169 
 1235              	.LASF18:
 1236 010a 44435244 		.ascii	"DCRDR\000"
 1236      5200
 1237              	.LASF68:
 1238 0110 44434B43 		.ascii	"DCKCFGR\000"
 1238      46475200 
 1239              	.LASF14:
 1240 0118 494F5245 		.ascii	"IOREG32\000"
 1240      47333200 
 1241              	.LASF35:
 1242 0120 4F50544B 		.ascii	"OPTKEYR\000"
 1242      45595200 
 1243              	.LASF9:
 1244 0128 6C6F6E67 		.ascii	"long long int\000"
 1244      206C6F6E 
 1244      6720696E 
 1244      7400
 1245              	.LASF22:
 1246 0136 43594343 		.ascii	"CYCCNT\000"
 1246      4E5400
 1247              	.LASF32:
 1248 013d 43414C49 		.ascii	"CALIB\000"
 1248      4200
 1249              	.LASF16:
 1250 0143 44484353 		.ascii	"DHCSR\000"
 1250      5200
 1251              	.LASF61:
 1252 0149 41504232 		.ascii	"APB2LPENR\000"
 1252      4C50454E 
 1252      5200
 1253              	.LASF5:
 1254 0153 6C6F6E67 		.ascii	"long int\000"
ARM GAS  /tmp/ccoJFpTg.s 			page 24


 1254      20696E74 
 1254      00
 1255              	.LASF70:
 1256 015c 474E5520 		.ascii	"GNU C 4.9.3 20150529 (release) [ARM/embedded-4_9-br"
 1256      4320342E 
 1256      392E3320 
 1256      32303135 
 1256      30353239 
 1257 018f 616E6368 		.ascii	"anch revision 224288] -mcpu=cortex-m4 -mfloat-abi=h"
 1257      20726576 
 1257      6973696F 
 1257      6E203232 
 1257      34323838 
 1258 01c2 61726420 		.ascii	"ard -mfpu=fpv4-sp-d16 -mno-thumb-interwork -mthumb "
 1258      2D6D6670 
 1258      753D6670 
 1258      76342D73 
 1258      702D6431 
 1259 01f5 2D676764 		.ascii	"-ggdb -O2 -fomit-frame-pointer -falign-functions=16"
 1259      62202D4F 
 1259      32202D66 
 1259      6F6D6974 
 1259      2D667261 
 1260 0228 202D6666 		.ascii	" -ffunction-sections -fdata-sections -fno-common -f"
 1260      756E6374 
 1260      696F6E2D 
 1260      73656374 
 1260      696F6E73 
 1261 025b 73696E67 		.ascii	"single-precision-constant\000"
 1261      6C652D70 
 1261      72656369 
 1261      73696F6E 
 1261      2D636F6E 
 1262              	.LASF69:
 1263 0275 5243435F 		.ascii	"RCC_TypeDef\000"
 1263      54797065 
 1263      44656600 
 1264              	.LASF47:
 1265 0281 41504232 		.ascii	"APB2RSTR\000"
 1265      52535452 
 1265      00
 1266              	.LASF75:
 1267 028a 73746D33 		.ascii	"stm32_clock_init\000"
 1267      325F636C 
 1267      6F636B5F 
 1267      696E6974 
 1267      00
 1268              	.LASF37:
 1269 029b 4F505443 		.ascii	"OPTCR1\000"
 1269      523100
 1270              	.LASF51:
 1271 02a2 41484233 		.ascii	"AHB3ENR\000"
 1271      454E5200 
 1272              	.LASF34:
 1273 02aa 4B455952 		.ascii	"KEYR\000"
 1273      00
 1274              	.LASF24:
ARM GAS  /tmp/ccoJFpTg.s 			page 25


 1275 02af 45584343 		.ascii	"EXCCNT\000"
 1275      4E5400
 1276              	.LASF2:
 1277 02b6 756E7369 		.ascii	"unsigned char\000"
 1277      676E6564 
 1277      20636861 
 1277      7200
 1278              	.LASF54:
 1279 02c4 41504232 		.ascii	"APB2ENR\000"
 1279      454E5200 
 1280              	.LASF1:
 1281 02cc 7369676E 		.ascii	"signed char\000"
 1281      65642063 
 1281      68617200 
 1282              	.LASF10:
 1283 02d8 6C6F6E67 		.ascii	"long long unsigned int\000"
 1283      206C6F6E 
 1283      6720756E 
 1283      7369676E 
 1283      65642069 
 1284              	.LASF12:
 1285 02ef 75696E74 		.ascii	"uint32_t\000"
 1285      33325F74 
 1285      00
 1286              	.LASF0:
 1287 02f8 756E7369 		.ascii	"unsigned int\000"
 1287      676E6564 
 1287      20696E74 
 1287      00
 1288              	.LASF43:
 1289 0305 41484232 		.ascii	"AHB2RSTR\000"
 1289      52535452 
 1289      00
 1290              	.LASF8:
 1291 030e 6C6F6E67 		.ascii	"long unsigned int\000"
 1291      20756E73 
 1291      69676E65 
 1291      6420696E 
 1291      7400
 1292              	.LASF74:
 1293 0320 68616C5F 		.ascii	"hal_lld_init\000"
 1293      6C6C645F 
 1293      696E6974 
 1293      00
 1294              	.LASF40:
 1295 032d 504C4C43 		.ascii	"PLLCFGR\000"
 1295      46475200 
 1296              	.LASF29:
 1297 0335 434D785F 		.ascii	"CMx_DWT\000"
 1297      44575400 
 1298              	.LASF4:
 1299 033d 73686F72 		.ascii	"short unsigned int\000"
 1299      7420756E 
 1299      7369676E 
 1299      65642069 
 1299      6E7400
 1300              	.LASF60:
ARM GAS  /tmp/ccoJFpTg.s 			page 26


 1301 0350 41504231 		.ascii	"APB1LPENR\000"
 1301      4C50454E 
 1301      5200
 1302              	.LASF30:
 1303 035a 63686172 		.ascii	"char\000"
 1303      00
 1304              	.LASF20:
 1305 035f 434D785F 		.ascii	"CMx_SCS\000"
 1305      53435300 
 1306              	.LASF11:
 1307 0367 696E7433 		.ascii	"int32_t\000"
 1307      325F7400 
 1308              	.LASF13:
 1309 036f 5F426F6F 		.ascii	"_Bool\000"
 1309      6C00
 1310              	.LASF57:
 1311 0375 41484232 		.ascii	"AHB2LPENR\000"
 1311      4C50454E 
 1311      5200
 1312              	.LASF77:
 1313 037f 646D6149 		.ascii	"dmaInit\000"
 1313      6E697400 
 1314              	.LASF45:
 1315 0387 52455345 		.ascii	"RESERVED0\000"
 1315      52564544 
 1315      3000
 1316              	.LASF48:
 1317 0391 52455345 		.ascii	"RESERVED1\000"
 1317      52564544 
 1317      3100
 1318              	.LASF52:
 1319 039b 52455345 		.ascii	"RESERVED2\000"
 1319      52564544 
 1319      3200
 1320              	.LASF55:
 1321 03a5 52455345 		.ascii	"RESERVED3\000"
 1321      52564544 
 1321      3300
 1322              	.LASF59:
 1323 03af 52455345 		.ascii	"RESERVED4\000"
 1323      52564544 
 1323      3400
 1324              	.LASF62:
 1325 03b9 52455345 		.ascii	"RESERVED5\000"
 1325      52564544 
 1325      3500
 1326              	.LASF64:
 1327 03c3 52455345 		.ascii	"RESERVED6\000"
 1327      52564544 
 1327      3600
 1328              	.LASF33:
 1329 03cd 53797354 		.ascii	"SysTick_Type\000"
 1329      69636B5F 
 1329      54797065 
 1329      00
 1330              	.LASF25:
 1331 03da 534C4545 		.ascii	"SLEEPCNT\000"
ARM GAS  /tmp/ccoJFpTg.s 			page 27


 1331      50434E54 
 1331      00
 1332              	.LASF6:
 1333 03e3 5F5F696E 		.ascii	"__int32_t\000"
 1333      7433325F 
 1333      7400
 1334              	.LASF26:
 1335 03ed 4C535543 		.ascii	"LSUCNT\000"
 1335      4E5400
 1336              	.LASF31:
 1337 03f4 4C4F4144 		.ascii	"LOAD\000"
 1337      00
 1338              	.LASF49:
 1339 03f9 41484231 		.ascii	"AHB1ENR\000"
 1339      454E5200 
 1340              	.LASF44:
 1341 0401 41484233 		.ascii	"AHB3RSTR\000"
 1341      52535452 
 1341      00
 1342              	.LASF38:
 1343 040a 464C4153 		.ascii	"FLASH_TypeDef\000"
 1343      485F5479 
 1343      70654465 
 1343      6600
 1344              	.LASF76:
 1345 0418 49544D5F 		.ascii	"ITM_RxBuffer\000"
 1345      52784275 
 1345      66666572 
 1345      00
 1346              	.LASF67:
 1347 0425 504C4C53 		.ascii	"PLLSAICFGR\000"
 1347      41494346 
 1347      475200
 1348              	.LASF71:
 1349 0430 2F686F6D 		.ascii	"/home/sbcu/Dropbox/pcb-layouts/axo-on-discovery-boa"
 1349      652F7362 
 1349      63752F44 
 1349      726F7062 
 1349      6F782F70 
 1350 0463 72642F61 		.ascii	"rd/axoloti/platform_linux/../chibios/os/hal/platfor"
 1350      786F6C6F 
 1350      74692F70 
 1350      6C617466 
 1350      6F726D5F 
 1351 0496 6D732F53 		.ascii	"ms/STM32F4xx/hal_lld.c\000"
 1351      544D3332 
 1351      46347878 
 1351      2F68616C 
 1351      5F6C6C64 
 1352              	.LASF36:
 1353 04ad 4F505443 		.ascii	"OPTCR\000"
 1353      5200
 1354              		.ident	"GCC: (GNU Tools for ARM Embedded Processors) 4.9.3 20150529 (release) [ARM/embedded-4_9-br
ARM GAS  /tmp/ccoJFpTg.s 			page 28


DEFINED SYMBOLS
                            *ABS*:00000000 hal_lld.c
     /tmp/ccoJFpTg.s:21     .text.hal_lld_init:00000000 $t
     /tmp/ccoJFpTg.s:27     .text.hal_lld_init:00000000 hal_lld_init
     /tmp/ccoJFpTg.s:137    .text.hal_lld_init:00000084 $d
     /tmp/ccoJFpTg.s:147    .text.stm32_clock_init:00000000 $t
     /tmp/ccoJFpTg.s:153    .text.stm32_clock_init:00000000 stm32_clock_init
     /tmp/ccoJFpTg.s:292    .text.stm32_clock_init:000000cc $d
                     .debug_frame:00000010 $d

UNDEFINED SYMBOLS
dmaInit
