ARM GAS  /tmp/ccuzDUHG.s 			page 1


   1              		.syntax unified
   2              		.cpu cortex-m4
   3              		.eabi_attribute 27, 1
   4              		.eabi_attribute 28, 1
   5              		.fpu fpv4-sp-d16
   6              		.eabi_attribute 20, 1
   7              		.eabi_attribute 21, 1
   8              		.eabi_attribute 23, 3
   9              		.eabi_attribute 24, 1
  10              		.eabi_attribute 25, 1
  11              		.eabi_attribute 26, 1
  12              		.eabi_attribute 30, 2
  13              		.eabi_attribute 34, 1
  14              		.eabi_attribute 18, 4
  15              		.thumb
  16              		.file	"nvic.c"
  17              		.text
  18              	.Ltext0:
  19              		.cfi_sections	.debug_frame
  20              		.section	.text.nvicEnableVector,"ax",%progbits
  21              		.align	2
  22              		.p2align 4,,15
  23              		.global	nvicEnableVector
  24              		.thumb
  25              		.thumb_func
  26              		.type	nvicEnableVector, %function
  27              	nvicEnableVector:
  28              	.LFB7:
  29              		.file 1 "/home/sbcu/Dropbox/pcb-layouts/axo-on-discovery-board/axoloti/platform_linux/../chibios/o
  30              		.loc 1 46 0
  31              		.cfi_startproc
  32              		@ args = 0, pretend = 0, frame = 0
  33              		@ frame_needed = 0, uses_anonymous_args = 0
  34              		@ link register save eliminated.
  35              	.LVL0:
  36 0000 20F00302 		bic	r2, r0, #3
  37 0004 02F16042 		add	r2, r2, #-536870912
  38 0008 02F56142 		add	r2, r2, #57600
  39 000c 70B4     		push	{r4, r5, r6}
  40              		.cfi_def_cfa_offset 12
  41              		.cfi_offset 4, -12
  42              		.cfi_offset 5, -8
  43              		.cfi_offset 6, -4
  44              		.loc 1 50 0
  45 000e 4309     		lsrs	r3, r0, #5
  46              		.loc 1 47 0
  47 0010 00F00304 		and	r4, r0, #3
  48              		.loc 1 49 0
  49 0014 D2F80053 		ldr	r5, [r2, #768]
  50              		.loc 1 47 0
  51 0018 E400     		lsls	r4, r4, #3
  52              	.LVL1:
  53              		.loc 1 49 0
  54 001a FF26     		movs	r6, #255
  55 001c 9B00     		lsls	r3, r3, #2
  56 001e A640     		lsls	r6, r6, r4
  57 0020 03F16043 		add	r3, r3, #-536870912
ARM GAS  /tmp/ccuzDUHG.s 			page 2


  58 0024 A140     		lsls	r1, r1, r4
  59              	.LVL2:
  60 0026 25EA0605 		bic	r5, r5, r6
  61 002a 03F56143 		add	r3, r3, #57600
  62              		.loc 1 50 0
  63 002e 0124     		movs	r4, #1
  64              	.LVL3:
  65 0030 00F01F00 		and	r0, r0, #31
  66              	.LVL4:
  67 0034 04FA00F0 		lsl	r0, r4, r0
  68              		.loc 1 49 0
  69 0038 2943     		orrs	r1, r1, r5
  70 003a C2F80013 		str	r1, [r2, #768]
  71              		.loc 1 52 0
  72 003e 70BC     		pop	{r4, r5, r6}
  73              		.cfi_restore 6
  74              		.cfi_restore 5
  75              		.cfi_restore 4
  76              		.cfi_def_cfa_offset 0
  77              		.loc 1 50 0
  78 0040 C3F88001 		str	r0, [r3, #384]
  79              		.loc 1 51 0
  80 0044 1860     		str	r0, [r3]
  81              		.loc 1 52 0
  82 0046 7047     		bx	lr
  83              		.cfi_endproc
  84              	.LFE7:
  85              		.size	nvicEnableVector, .-nvicEnableVector
  86              		.section	.text.nvicDisableVector,"ax",%progbits
  87              		.align	2
  88              		.p2align 4,,15
  89              		.global	nvicDisableVector
  90              		.thumb
  91              		.thumb_func
  92              		.type	nvicDisableVector, %function
  93              	nvicDisableVector:
  94              	.LFB8:
  95              		.loc 1 60 0
  96              		.cfi_startproc
  97              		@ args = 0, pretend = 0, frame = 0
  98              		@ frame_needed = 0, uses_anonymous_args = 0
  99              		@ link register save eliminated.
 100              	.LVL5:
 101              		.loc 1 63 0
 102 0000 4209     		lsrs	r2, r0, #5
 103              		.loc 1 60 0
 104 0002 30B4     		push	{r4, r5}
 105              		.cfi_def_cfa_offset 8
 106              		.cfi_offset 4, -8
 107              		.cfi_offset 5, -4
 108              		.loc 1 63 0
 109 0004 2032     		adds	r2, r2, #32
 110 0006 00F01F05 		and	r5, r0, #31
 111 000a 0C4C     		ldr	r4, .L5
 112 000c 20F00303 		bic	r3, r0, #3
 113 0010 0121     		movs	r1, #1
 114 0012 A940     		lsls	r1, r1, r5
ARM GAS  /tmp/ccuzDUHG.s 			page 3


 115 0014 03F16043 		add	r3, r3, #-536870912
 116 0018 44F82210 		str	r1, [r4, r2, lsl #2]
 117 001c 03F56143 		add	r3, r3, #57600
 118              		.loc 1 61 0
 119 0020 00F00300 		and	r0, r0, #3
 120              	.LVL6:
 121              		.loc 1 64 0
 122 0024 D3F80013 		ldr	r1, [r3, #768]
 123              		.loc 1 61 0
 124 0028 C000     		lsls	r0, r0, #3
 125              	.LVL7:
 126              		.loc 1 64 0
 127 002a FF22     		movs	r2, #255
 128 002c 8240     		lsls	r2, r2, r0
 129 002e 21EA0202 		bic	r2, r1, r2
 130 0032 C3F80023 		str	r2, [r3, #768]
 131              		.loc 1 65 0
 132 0036 30BC     		pop	{r4, r5}
 133              		.cfi_restore 5
 134              		.cfi_restore 4
 135              		.cfi_def_cfa_offset 0
 136 0038 7047     		bx	lr
 137              	.L6:
 138 003a 00BF     		.align	2
 139              	.L5:
 140 003c 00E100E0 		.word	-536813312
 141              		.cfi_endproc
 142              	.LFE8:
 143              		.size	nvicDisableVector, .-nvicDisableVector
 144              		.section	.text.nvicSetSystemHandlerPriority,"ax",%progbits
 145              		.align	2
 146              		.p2align 4,,15
 147              		.global	nvicSetSystemHandlerPriority
 148              		.thumb
 149              		.thumb_func
 150              		.type	nvicSetSystemHandlerPriority, %function
 151              	nvicSetSystemHandlerPriority:
 152              	.LFB9:
 153              		.loc 1 74 0
 154              		.cfi_startproc
 155              		@ args = 0, pretend = 0, frame = 0
 156              		@ frame_needed = 0, uses_anonymous_args = 0
 157              		@ link register save eliminated.
 158              	.LVL8:
 159 0000 20F00303 		bic	r3, r0, #3
 160 0004 03F16043 		add	r3, r3, #-536870912
 161 0008 03F56D43 		add	r3, r3, #60672
 162              		.loc 1 75 0
 163 000c 00F00300 		and	r0, r0, #3
 164              	.LVL9:
 165              		.loc 1 74 0
 166 0010 10B4     		push	{r4}
 167              		.cfi_def_cfa_offset 4
 168              		.cfi_offset 4, -4
 169              		.loc 1 75 0
 170 0012 C000     		lsls	r0, r0, #3
 171              	.LVL10:
ARM GAS  /tmp/ccuzDUHG.s 			page 4


 172              		.loc 1 77 0
 173 0014 9A69     		ldr	r2, [r3, #24]
 174              		.loc 1 78 0
 175 0016 FF24     		movs	r4, #255
 176 0018 8440     		lsls	r4, r4, r0
 177              		.loc 1 77 0
 178 001a 22EA0402 		bic	r2, r2, r4
 179              		.loc 1 78 0
 180 001e 8140     		lsls	r1, r1, r0
 181              	.LVL11:
 182 0020 1143     		orrs	r1, r1, r2
 183              		.loc 1 77 0
 184 0022 9961     		str	r1, [r3, #24]
 185              		.loc 1 79 0
 186 0024 5DF8044B 		ldr	r4, [sp], #4
 187              		.cfi_restore 4
 188              		.cfi_def_cfa_offset 0
 189 0028 7047     		bx	lr
 190              		.cfi_endproc
 191              	.LFE9:
 192              		.size	nvicSetSystemHandlerPriority, .-nvicSetSystemHandlerPriority
 193 002a 00BF     		.text
 194              	.Letext0:
 195              		.file 2 "/home/sbcu/Dropbox/pcb-layouts/axo-on-discovery-board/axoloti/platform_linux/arm-none-eab
 196              		.file 3 "/home/sbcu/Dropbox/pcb-layouts/axo-on-discovery-board/axoloti/platform_linux/arm-none-eab
 197              		.file 4 "/home/sbcu/Dropbox/pcb-layouts/axo-on-discovery-board/axoloti/platform_linux/../chibios/o
 198              		.section	.debug_info,"",%progbits
 199              	.Ldebug_info0:
 200 0000 FE030000 		.4byte	0x3fe
 201 0004 0400     		.2byte	0x4
 202 0006 00000000 		.4byte	.Ldebug_abbrev0
 203 000a 04       		.byte	0x4
 204 000b 01       		.uleb128 0x1
 205 000c 57010000 		.4byte	.LASF47
 206 0010 01       		.byte	0x1
 207 0011 3F000000 		.4byte	.LASF48
 208 0015 00000000 		.4byte	.Ldebug_ranges0+0
 209 0019 00000000 		.4byte	0
 210 001d 00000000 		.4byte	.Ldebug_line0
 211 0021 02       		.uleb128 0x2
 212 0022 04       		.byte	0x4
 213 0023 05       		.byte	0x5
 214 0024 696E7400 		.ascii	"int\000"
 215 0028 03       		.uleb128 0x3
 216 0029 04       		.byte	0x4
 217 002a 07       		.byte	0x7
 218 002b 45010000 		.4byte	.LASF0
 219 002f 03       		.uleb128 0x3
 220 0030 01       		.byte	0x1
 221 0031 06       		.byte	0x6
 222 0032 FB020000 		.4byte	.LASF1
 223 0036 03       		.uleb128 0x3
 224 0037 01       		.byte	0x1
 225 0038 08       		.byte	0x8
 226 0039 C2000000 		.4byte	.LASF2
 227 003d 03       		.uleb128 0x3
 228 003e 02       		.byte	0x2
ARM GAS  /tmp/ccuzDUHG.s 			page 5


 229 003f 05       		.byte	0x5
 230 0040 35000000 		.4byte	.LASF3
 231 0044 03       		.uleb128 0x3
 232 0045 02       		.byte	0x2
 233 0046 07       		.byte	0x7
 234 0047 00010000 		.4byte	.LASF4
 235 004b 03       		.uleb128 0x3
 236 004c 04       		.byte	0x4
 237 004d 05       		.byte	0x5
 238 004e ED020000 		.4byte	.LASF5
 239 0052 04       		.uleb128 0x4
 240 0053 3A010000 		.4byte	.LASF9
 241 0057 02       		.byte	0x2
 242 0058 41       		.byte	0x41
 243 0059 5D000000 		.4byte	0x5d
 244 005d 03       		.uleb128 0x3
 245 005e 04       		.byte	0x4
 246 005f 07       		.byte	0x7
 247 0060 1D010000 		.4byte	.LASF6
 248 0064 03       		.uleb128 0x3
 249 0065 08       		.byte	0x8
 250 0066 05       		.byte	0x5
 251 0067 B5020000 		.4byte	.LASF7
 252 006b 03       		.uleb128 0x3
 253 006c 08       		.byte	0x8
 254 006d 07       		.byte	0x7
 255 006e 75020000 		.4byte	.LASF8
 256 0072 04       		.uleb128 0x4
 257 0073 E4020000 		.4byte	.LASF10
 258 0077 03       		.byte	0x3
 259 0078 20       		.byte	0x20
 260 0079 52000000 		.4byte	0x52
 261 007d 03       		.uleb128 0x3
 262 007e 01       		.byte	0x1
 263 007f 02       		.byte	0x2
 264 0080 0F000000 		.4byte	.LASF11
 265 0084 04       		.uleb128 0x4
 266 0085 BA000000 		.4byte	.LASF12
 267 0089 04       		.byte	0x4
 268 008a 3A       		.byte	0x3a
 269 008b 8F000000 		.4byte	0x8f
 270 008f 05       		.uleb128 0x5
 271 0090 72000000 		.4byte	0x72
 272 0094 06       		.uleb128 0x6
 273 0095 040E     		.2byte	0xe04
 274 0097 04       		.byte	0x4
 275 0098 6A       		.byte	0x6a
 276 0099 43010000 		.4byte	0x143
 277 009d 07       		.uleb128 0x7
 278 009e CE020000 		.4byte	.LASF13
 279 00a2 04       		.byte	0x4
 280 00a3 6B       		.byte	0x6b
 281 00a4 5A010000 		.4byte	0x15a
 282 00a8 00       		.byte	0
 283 00a9 07       		.uleb128 0x7
 284 00aa D0000000 		.4byte	.LASF14
 285 00ae 04       		.byte	0x4
ARM GAS  /tmp/ccuzDUHG.s 			page 6


 286 00af 6C       		.byte	0x6c
 287 00b0 6F010000 		.4byte	0x16f
 288 00b4 20       		.byte	0x20
 289 00b5 07       		.uleb128 0x7
 290 00b6 B5000000 		.4byte	.LASF15
 291 00ba 04       		.byte	0x4
 292 00bb 6D       		.byte	0x6d
 293 00bc 74010000 		.4byte	0x174
 294 00c0 80       		.byte	0x80
 295 00c1 07       		.uleb128 0x7
 296 00c2 D8000000 		.4byte	.LASF16
 297 00c6 04       		.byte	0x4
 298 00c7 6E       		.byte	0x6e
 299 00c8 79010000 		.4byte	0x179
 300 00cc A0       		.byte	0xa0
 301 00cd 08       		.uleb128 0x8
 302 00ce 52010000 		.4byte	.LASF17
 303 00d2 04       		.byte	0x4
 304 00d3 6F       		.byte	0x6f
 305 00d4 7E010000 		.4byte	0x17e
 306 00d8 0001     		.2byte	0x100
 307 00da 08       		.uleb128 0x8
 308 00db E0000000 		.4byte	.LASF18
 309 00df 04       		.byte	0x4
 310 00e0 70       		.byte	0x70
 311 00e1 83010000 		.4byte	0x183
 312 00e5 2001     		.2byte	0x120
 313 00e7 08       		.uleb128 0x8
 314 00e8 05000000 		.4byte	.LASF19
 315 00ec 04       		.byte	0x4
 316 00ed 71       		.byte	0x71
 317 00ee 88010000 		.4byte	0x188
 318 00f2 8001     		.2byte	0x180
 319 00f4 08       		.uleb128 0x8
 320 00f5 E8000000 		.4byte	.LASF20
 321 00f9 04       		.byte	0x4
 322 00fa 72       		.byte	0x72
 323 00fb 8D010000 		.4byte	0x18d
 324 00ff A001     		.2byte	0x1a0
 325 0101 08       		.uleb128 0x8
 326 0102 24030000 		.4byte	.LASF21
 327 0106 04       		.byte	0x4
 328 0107 73       		.byte	0x73
 329 0108 92010000 		.4byte	0x192
 330 010c 0002     		.2byte	0x200
 331 010e 08       		.uleb128 0x8
 332 010f F0000000 		.4byte	.LASF22
 333 0113 04       		.byte	0x4
 334 0114 74       		.byte	0x74
 335 0115 A7010000 		.4byte	0x1a7
 336 0119 2002     		.2byte	0x220
 337 011b 09       		.uleb128 0x9
 338 011c 49505200 		.ascii	"IPR\000"
 339 0120 04       		.byte	0x4
 340 0121 75       		.byte	0x75
 341 0122 BC010000 		.4byte	0x1bc
 342 0126 0003     		.2byte	0x300
ARM GAS  /tmp/ccuzDUHG.s 			page 7


 343 0128 08       		.uleb128 0x8
 344 0129 F8000000 		.4byte	.LASF23
 345 012d 04       		.byte	0x4
 346 012e 76       		.byte	0x76
 347 012f D2010000 		.4byte	0x1d2
 348 0133 F003     		.2byte	0x3f0
 349 0135 08       		.uleb128 0x8
 350 0136 35010000 		.4byte	.LASF24
 351 013a 04       		.byte	0x4
 352 013b 77       		.byte	0x77
 353 013c 84000000 		.4byte	0x84
 354 0140 000E     		.2byte	0xe00
 355 0142 00       		.byte	0
 356 0143 0A       		.uleb128 0xa
 357 0144 84000000 		.4byte	0x84
 358 0148 53010000 		.4byte	0x153
 359 014c 0B       		.uleb128 0xb
 360 014d 53010000 		.4byte	0x153
 361 0151 07       		.byte	0x7
 362 0152 00       		.byte	0
 363 0153 03       		.uleb128 0x3
 364 0154 04       		.byte	0x4
 365 0155 07       		.byte	0x7
 366 0156 AC020000 		.4byte	.LASF25
 367 015a 05       		.uleb128 0x5
 368 015b 43010000 		.4byte	0x143
 369 015f 0A       		.uleb128 0xa
 370 0160 84000000 		.4byte	0x84
 371 0164 6F010000 		.4byte	0x16f
 372 0168 0B       		.uleb128 0xb
 373 0169 53010000 		.4byte	0x153
 374 016d 17       		.byte	0x17
 375 016e 00       		.byte	0
 376 016f 05       		.uleb128 0x5
 377 0170 5F010000 		.4byte	0x15f
 378 0174 05       		.uleb128 0x5
 379 0175 43010000 		.4byte	0x143
 380 0179 05       		.uleb128 0x5
 381 017a 5F010000 		.4byte	0x15f
 382 017e 05       		.uleb128 0x5
 383 017f 43010000 		.4byte	0x143
 384 0183 05       		.uleb128 0x5
 385 0184 5F010000 		.4byte	0x15f
 386 0188 05       		.uleb128 0x5
 387 0189 43010000 		.4byte	0x143
 388 018d 05       		.uleb128 0x5
 389 018e 5F010000 		.4byte	0x15f
 390 0192 05       		.uleb128 0x5
 391 0193 43010000 		.4byte	0x143
 392 0197 0A       		.uleb128 0xa
 393 0198 84000000 		.4byte	0x84
 394 019c A7010000 		.4byte	0x1a7
 395 01a0 0B       		.uleb128 0xb
 396 01a1 53010000 		.4byte	0x153
 397 01a5 37       		.byte	0x37
 398 01a6 00       		.byte	0
 399 01a7 05       		.uleb128 0x5
ARM GAS  /tmp/ccuzDUHG.s 			page 8


 400 01a8 97010000 		.4byte	0x197
 401 01ac 0A       		.uleb128 0xa
 402 01ad 84000000 		.4byte	0x84
 403 01b1 BC010000 		.4byte	0x1bc
 404 01b5 0B       		.uleb128 0xb
 405 01b6 53010000 		.4byte	0x153
 406 01ba 3B       		.byte	0x3b
 407 01bb 00       		.byte	0
 408 01bc 05       		.uleb128 0x5
 409 01bd AC010000 		.4byte	0x1ac
 410 01c1 0A       		.uleb128 0xa
 411 01c2 84000000 		.4byte	0x84
 412 01c6 D2010000 		.4byte	0x1d2
 413 01ca 0C       		.uleb128 0xc
 414 01cb 53010000 		.4byte	0x153
 415 01cf 8302     		.2byte	0x283
 416 01d1 00       		.byte	0
 417 01d2 05       		.uleb128 0x5
 418 01d3 C1010000 		.4byte	0x1c1
 419 01d7 04       		.uleb128 0x4
 420 01d8 27000000 		.4byte	.LASF26
 421 01dc 04       		.byte	0x4
 422 01dd 78       		.byte	0x78
 423 01de 94000000 		.4byte	0x94
 424 01e2 0D       		.uleb128 0xd
 425 01e3 8C       		.byte	0x8c
 426 01e4 04       		.byte	0x4
 427 01e5 89       		.byte	0x89
 428 01e6 E7020000 		.4byte	0x2e7
 429 01ea 07       		.uleb128 0x7
 430 01eb C3020000 		.4byte	.LASF27
 431 01ef 04       		.byte	0x4
 432 01f0 8A       		.byte	0x8a
 433 01f1 84000000 		.4byte	0x84
 434 01f5 00       		.byte	0
 435 01f6 07       		.uleb128 0x7
 436 01f7 8C020000 		.4byte	.LASF28
 437 01fb 04       		.byte	0x4
 438 01fc 8B       		.byte	0x8b
 439 01fd 84000000 		.4byte	0x84
 440 0201 04       		.byte	0x4
 441 0202 07       		.uleb128 0x7
 442 0203 30000000 		.4byte	.LASF29
 443 0207 04       		.byte	0x4
 444 0208 8C       		.byte	0x8c
 445 0209 84000000 		.4byte	0x84
 446 020d 08       		.byte	0x8
 447 020e 07       		.uleb128 0x7
 448 020f 99020000 		.4byte	.LASF30
 449 0213 04       		.byte	0x4
 450 0214 8D       		.byte	0x8d
 451 0215 84000000 		.4byte	0x84
 452 0219 0C       		.byte	0xc
 453 021a 0E       		.uleb128 0xe
 454 021b 53435200 		.ascii	"SCR\000"
 455 021f 04       		.byte	0x4
 456 0220 8E       		.byte	0x8e
ARM GAS  /tmp/ccuzDUHG.s 			page 9


 457 0221 84000000 		.4byte	0x84
 458 0225 10       		.byte	0x10
 459 0226 0E       		.uleb128 0xe
 460 0227 43435200 		.ascii	"CCR\000"
 461 022b 04       		.byte	0x4
 462 022c 8F       		.byte	0x8f
 463 022d 84000000 		.4byte	0x84
 464 0231 14       		.byte	0x14
 465 0232 07       		.uleb128 0x7
 466 0233 F6020000 		.4byte	.LASF31
 467 0237 04       		.byte	0x4
 468 0238 90       		.byte	0x90
 469 0239 F7020000 		.4byte	0x2f7
 470 023d 18       		.byte	0x18
 471 023e 07       		.uleb128 0x7
 472 023f DE020000 		.4byte	.LASF32
 473 0243 04       		.byte	0x4
 474 0244 91       		.byte	0x91
 475 0245 84000000 		.4byte	0x84
 476 0249 24       		.byte	0x24
 477 024a 07       		.uleb128 0x7
 478 024b 13010000 		.4byte	.LASF33
 479 024f 04       		.byte	0x4
 480 0250 92       		.byte	0x92
 481 0251 84000000 		.4byte	0x84
 482 0255 28       		.byte	0x28
 483 0256 07       		.uleb128 0x7
 484 0257 18010000 		.4byte	.LASF34
 485 025b 04       		.byte	0x4
 486 025c 93       		.byte	0x93
 487 025d 84000000 		.4byte	0x84
 488 0261 2C       		.byte	0x2c
 489 0262 07       		.uleb128 0x7
 490 0263 70020000 		.4byte	.LASF35
 491 0267 04       		.byte	0x4
 492 0268 94       		.byte	0x94
 493 0269 84000000 		.4byte	0x84
 494 026d 30       		.byte	0x30
 495 026e 07       		.uleb128 0x7
 496 026f D8020000 		.4byte	.LASF36
 497 0273 04       		.byte	0x4
 498 0274 95       		.byte	0x95
 499 0275 84000000 		.4byte	0x84
 500 0279 34       		.byte	0x34
 501 027a 07       		.uleb128 0x7
 502 027b 9F020000 		.4byte	.LASF37
 503 027f 04       		.byte	0x4
 504 0280 96       		.byte	0x96
 505 0281 84000000 		.4byte	0x84
 506 0285 38       		.byte	0x38
 507 0286 07       		.uleb128 0x7
 508 0287 D3020000 		.4byte	.LASF38
 509 028b 04       		.byte	0x4
 510 028c 97       		.byte	0x97
 511 028d 84000000 		.4byte	0x84
 512 0291 3C       		.byte	0x3c
 513 0292 0E       		.uleb128 0xe
ARM GAS  /tmp/ccuzDUHG.s 			page 10


 514 0293 50465200 		.ascii	"PFR\000"
 515 0297 04       		.byte	0x4
 516 0298 98       		.byte	0x98
 517 0299 0C030000 		.4byte	0x30c
 518 029d 40       		.byte	0x40
 519 029e 0E       		.uleb128 0xe
 520 029f 44465200 		.ascii	"DFR\000"
 521 02a3 04       		.byte	0x4
 522 02a4 99       		.byte	0x99
 523 02a5 84000000 		.4byte	0x84
 524 02a9 48       		.byte	0x48
 525 02aa 0E       		.uleb128 0xe
 526 02ab 41445200 		.ascii	"ADR\000"
 527 02af 04       		.byte	0x4
 528 02b0 9A       		.byte	0x9a
 529 02b1 84000000 		.4byte	0x84
 530 02b5 4C       		.byte	0x4c
 531 02b6 07       		.uleb128 0x7
 532 02b7 0A000000 		.4byte	.LASF39
 533 02bb 04       		.byte	0x4
 534 02bc 9B       		.byte	0x9b
 535 02bd 21030000 		.4byte	0x321
 536 02c1 50       		.byte	0x50
 537 02c2 0E       		.uleb128 0xe
 538 02c3 53415200 		.ascii	"SAR\000"
 539 02c7 04       		.byte	0x4
 540 02c8 9C       		.byte	0x9c
 541 02c9 36030000 		.4byte	0x336
 542 02cd 60       		.byte	0x60
 543 02ce 07       		.uleb128 0x7
 544 02cf D0000000 		.4byte	.LASF14
 545 02d3 04       		.byte	0x4
 546 02d4 9D       		.byte	0x9d
 547 02d5 3B030000 		.4byte	0x33b
 548 02d9 74       		.byte	0x74
 549 02da 07       		.uleb128 0x7
 550 02db 2F010000 		.4byte	.LASF40
 551 02df 04       		.byte	0x4
 552 02e0 9E       		.byte	0x9e
 553 02e1 84000000 		.4byte	0x84
 554 02e5 88       		.byte	0x88
 555 02e6 00       		.byte	0
 556 02e7 0A       		.uleb128 0xa
 557 02e8 84000000 		.4byte	0x84
 558 02ec F7020000 		.4byte	0x2f7
 559 02f0 0B       		.uleb128 0xb
 560 02f1 53010000 		.4byte	0x153
 561 02f5 02       		.byte	0x2
 562 02f6 00       		.byte	0
 563 02f7 05       		.uleb128 0x5
 564 02f8 E7020000 		.4byte	0x2e7
 565 02fc 0A       		.uleb128 0xa
 566 02fd 84000000 		.4byte	0x84
 567 0301 0C030000 		.4byte	0x30c
 568 0305 0B       		.uleb128 0xb
 569 0306 53010000 		.4byte	0x153
 570 030a 01       		.byte	0x1
ARM GAS  /tmp/ccuzDUHG.s 			page 11


 571 030b 00       		.byte	0
 572 030c 05       		.uleb128 0x5
 573 030d FC020000 		.4byte	0x2fc
 574 0311 0A       		.uleb128 0xa
 575 0312 84000000 		.4byte	0x84
 576 0316 21030000 		.4byte	0x321
 577 031a 0B       		.uleb128 0xb
 578 031b 53010000 		.4byte	0x153
 579 031f 03       		.byte	0x3
 580 0320 00       		.byte	0
 581 0321 05       		.uleb128 0x5
 582 0322 11030000 		.4byte	0x311
 583 0326 0A       		.uleb128 0xa
 584 0327 84000000 		.4byte	0x84
 585 032b 36030000 		.4byte	0x336
 586 032f 0B       		.uleb128 0xb
 587 0330 53010000 		.4byte	0x153
 588 0334 04       		.byte	0x4
 589 0335 00       		.byte	0
 590 0336 05       		.uleb128 0x5
 591 0337 26030000 		.4byte	0x326
 592 033b 05       		.uleb128 0x5
 593 033c 26030000 		.4byte	0x326
 594 0340 04       		.uleb128 0x4
 595 0341 91020000 		.4byte	.LASF41
 596 0345 04       		.byte	0x4
 597 0346 9F       		.byte	0x9f
 598 0347 E2010000 		.4byte	0x1e2
 599 034b 03       		.uleb128 0x3
 600 034c 01       		.byte	0x1
 601 034d 08       		.byte	0x8
 602 034e C9020000 		.4byte	.LASF42
 603 0352 0F       		.uleb128 0xf
 604 0353 29030000 		.4byte	.LASF44
 605 0357 01       		.byte	0x1
 606 0358 2E       		.byte	0x2e
 607 0359 00000000 		.4byte	.LFB7
 608 035d 48000000 		.4byte	.LFE7-.LFB7
 609 0361 01       		.uleb128 0x1
 610 0362 9C       		.byte	0x9c
 611 0363 92030000 		.4byte	0x392
 612 0367 10       		.uleb128 0x10
 613 0368 6E00     		.ascii	"n\000"
 614 036a 01       		.byte	0x1
 615 036b 2E       		.byte	0x2e
 616 036c 72000000 		.4byte	0x72
 617 0370 00000000 		.4byte	.LLST0
 618 0374 11       		.uleb128 0x11
 619 0375 00000000 		.4byte	.LASF43
 620 0379 01       		.byte	0x1
 621 037a 2E       		.byte	0x2e
 622 037b 72000000 		.4byte	0x72
 623 037f 21000000 		.4byte	.LLST1
 624 0383 12       		.uleb128 0x12
 625 0384 736800   		.ascii	"sh\000"
 626 0387 01       		.byte	0x1
 627 0388 2F       		.byte	0x2f
ARM GAS  /tmp/ccuzDUHG.s 			page 12


 628 0389 28000000 		.4byte	0x28
 629 038d 42000000 		.4byte	.LLST2
 630 0391 00       		.byte	0
 631 0392 0F       		.uleb128 0xf
 632 0393 15000000 		.4byte	.LASF45
 633 0397 01       		.byte	0x1
 634 0398 3C       		.byte	0x3c
 635 0399 00000000 		.4byte	.LFB8
 636 039d 40000000 		.4byte	.LFE8-.LFB8
 637 03a1 01       		.uleb128 0x1
 638 03a2 9C       		.byte	0x9c
 639 03a3 C3030000 		.4byte	0x3c3
 640 03a7 10       		.uleb128 0x10
 641 03a8 6E00     		.ascii	"n\000"
 642 03aa 01       		.byte	0x1
 643 03ab 3C       		.byte	0x3c
 644 03ac 72000000 		.4byte	0x72
 645 03b0 89000000 		.4byte	.LLST3
 646 03b4 12       		.uleb128 0x12
 647 03b5 736800   		.ascii	"sh\000"
 648 03b8 01       		.byte	0x1
 649 03b9 3D       		.byte	0x3d
 650 03ba 28000000 		.4byte	0x28
 651 03be AA000000 		.4byte	.LLST4
 652 03c2 00       		.byte	0
 653 03c3 13       		.uleb128 0x13
 654 03c4 07030000 		.4byte	.LASF49
 655 03c8 01       		.byte	0x1
 656 03c9 4A       		.byte	0x4a
 657 03ca 00000000 		.4byte	.LFB9
 658 03ce 2A000000 		.4byte	.LFE9-.LFB9
 659 03d2 01       		.uleb128 0x1
 660 03d3 9C       		.byte	0x9c
 661 03d4 11       		.uleb128 0x11
 662 03d5 A4020000 		.4byte	.LASF46
 663 03d9 01       		.byte	0x1
 664 03da 4A       		.byte	0x4a
 665 03db 72000000 		.4byte	0x72
 666 03df E0000000 		.4byte	.LLST5
 667 03e3 11       		.uleb128 0x11
 668 03e4 00000000 		.4byte	.LASF43
 669 03e8 01       		.byte	0x1
 670 03e9 4A       		.byte	0x4a
 671 03ea 72000000 		.4byte	0x72
 672 03ee 01010000 		.4byte	.LLST6
 673 03f2 12       		.uleb128 0x12
 674 03f3 736800   		.ascii	"sh\000"
 675 03f6 01       		.byte	0x1
 676 03f7 4B       		.byte	0x4b
 677 03f8 28000000 		.4byte	0x28
 678 03fc 22010000 		.4byte	.LLST7
 679 0400 00       		.byte	0
 680 0401 00       		.byte	0
 681              		.section	.debug_abbrev,"",%progbits
 682              	.Ldebug_abbrev0:
 683 0000 01       		.uleb128 0x1
 684 0001 11       		.uleb128 0x11
ARM GAS  /tmp/ccuzDUHG.s 			page 13


 685 0002 01       		.byte	0x1
 686 0003 25       		.uleb128 0x25
 687 0004 0E       		.uleb128 0xe
 688 0005 13       		.uleb128 0x13
 689 0006 0B       		.uleb128 0xb
 690 0007 03       		.uleb128 0x3
 691 0008 0E       		.uleb128 0xe
 692 0009 55       		.uleb128 0x55
 693 000a 17       		.uleb128 0x17
 694 000b 11       		.uleb128 0x11
 695 000c 01       		.uleb128 0x1
 696 000d 10       		.uleb128 0x10
 697 000e 17       		.uleb128 0x17
 698 000f 00       		.byte	0
 699 0010 00       		.byte	0
 700 0011 02       		.uleb128 0x2
 701 0012 24       		.uleb128 0x24
 702 0013 00       		.byte	0
 703 0014 0B       		.uleb128 0xb
 704 0015 0B       		.uleb128 0xb
 705 0016 3E       		.uleb128 0x3e
 706 0017 0B       		.uleb128 0xb
 707 0018 03       		.uleb128 0x3
 708 0019 08       		.uleb128 0x8
 709 001a 00       		.byte	0
 710 001b 00       		.byte	0
 711 001c 03       		.uleb128 0x3
 712 001d 24       		.uleb128 0x24
 713 001e 00       		.byte	0
 714 001f 0B       		.uleb128 0xb
 715 0020 0B       		.uleb128 0xb
 716 0021 3E       		.uleb128 0x3e
 717 0022 0B       		.uleb128 0xb
 718 0023 03       		.uleb128 0x3
 719 0024 0E       		.uleb128 0xe
 720 0025 00       		.byte	0
 721 0026 00       		.byte	0
 722 0027 04       		.uleb128 0x4
 723 0028 16       		.uleb128 0x16
 724 0029 00       		.byte	0
 725 002a 03       		.uleb128 0x3
 726 002b 0E       		.uleb128 0xe
 727 002c 3A       		.uleb128 0x3a
 728 002d 0B       		.uleb128 0xb
 729 002e 3B       		.uleb128 0x3b
 730 002f 0B       		.uleb128 0xb
 731 0030 49       		.uleb128 0x49
 732 0031 13       		.uleb128 0x13
 733 0032 00       		.byte	0
 734 0033 00       		.byte	0
 735 0034 05       		.uleb128 0x5
 736 0035 35       		.uleb128 0x35
 737 0036 00       		.byte	0
 738 0037 49       		.uleb128 0x49
 739 0038 13       		.uleb128 0x13
 740 0039 00       		.byte	0
 741 003a 00       		.byte	0
ARM GAS  /tmp/ccuzDUHG.s 			page 14


 742 003b 06       		.uleb128 0x6
 743 003c 13       		.uleb128 0x13
 744 003d 01       		.byte	0x1
 745 003e 0B       		.uleb128 0xb
 746 003f 05       		.uleb128 0x5
 747 0040 3A       		.uleb128 0x3a
 748 0041 0B       		.uleb128 0xb
 749 0042 3B       		.uleb128 0x3b
 750 0043 0B       		.uleb128 0xb
 751 0044 01       		.uleb128 0x1
 752 0045 13       		.uleb128 0x13
 753 0046 00       		.byte	0
 754 0047 00       		.byte	0
 755 0048 07       		.uleb128 0x7
 756 0049 0D       		.uleb128 0xd
 757 004a 00       		.byte	0
 758 004b 03       		.uleb128 0x3
 759 004c 0E       		.uleb128 0xe
 760 004d 3A       		.uleb128 0x3a
 761 004e 0B       		.uleb128 0xb
 762 004f 3B       		.uleb128 0x3b
 763 0050 0B       		.uleb128 0xb
 764 0051 49       		.uleb128 0x49
 765 0052 13       		.uleb128 0x13
 766 0053 38       		.uleb128 0x38
 767 0054 0B       		.uleb128 0xb
 768 0055 00       		.byte	0
 769 0056 00       		.byte	0
 770 0057 08       		.uleb128 0x8
 771 0058 0D       		.uleb128 0xd
 772 0059 00       		.byte	0
 773 005a 03       		.uleb128 0x3
 774 005b 0E       		.uleb128 0xe
 775 005c 3A       		.uleb128 0x3a
 776 005d 0B       		.uleb128 0xb
 777 005e 3B       		.uleb128 0x3b
 778 005f 0B       		.uleb128 0xb
 779 0060 49       		.uleb128 0x49
 780 0061 13       		.uleb128 0x13
 781 0062 38       		.uleb128 0x38
 782 0063 05       		.uleb128 0x5
 783 0064 00       		.byte	0
 784 0065 00       		.byte	0
 785 0066 09       		.uleb128 0x9
 786 0067 0D       		.uleb128 0xd
 787 0068 00       		.byte	0
 788 0069 03       		.uleb128 0x3
 789 006a 08       		.uleb128 0x8
 790 006b 3A       		.uleb128 0x3a
 791 006c 0B       		.uleb128 0xb
 792 006d 3B       		.uleb128 0x3b
 793 006e 0B       		.uleb128 0xb
 794 006f 49       		.uleb128 0x49
 795 0070 13       		.uleb128 0x13
 796 0071 38       		.uleb128 0x38
 797 0072 05       		.uleb128 0x5
 798 0073 00       		.byte	0
ARM GAS  /tmp/ccuzDUHG.s 			page 15


 799 0074 00       		.byte	0
 800 0075 0A       		.uleb128 0xa
 801 0076 01       		.uleb128 0x1
 802 0077 01       		.byte	0x1
 803 0078 49       		.uleb128 0x49
 804 0079 13       		.uleb128 0x13
 805 007a 01       		.uleb128 0x1
 806 007b 13       		.uleb128 0x13
 807 007c 00       		.byte	0
 808 007d 00       		.byte	0
 809 007e 0B       		.uleb128 0xb
 810 007f 21       		.uleb128 0x21
 811 0080 00       		.byte	0
 812 0081 49       		.uleb128 0x49
 813 0082 13       		.uleb128 0x13
 814 0083 2F       		.uleb128 0x2f
 815 0084 0B       		.uleb128 0xb
 816 0085 00       		.byte	0
 817 0086 00       		.byte	0
 818 0087 0C       		.uleb128 0xc
 819 0088 21       		.uleb128 0x21
 820 0089 00       		.byte	0
 821 008a 49       		.uleb128 0x49
 822 008b 13       		.uleb128 0x13
 823 008c 2F       		.uleb128 0x2f
 824 008d 05       		.uleb128 0x5
 825 008e 00       		.byte	0
 826 008f 00       		.byte	0
 827 0090 0D       		.uleb128 0xd
 828 0091 13       		.uleb128 0x13
 829 0092 01       		.byte	0x1
 830 0093 0B       		.uleb128 0xb
 831 0094 0B       		.uleb128 0xb
 832 0095 3A       		.uleb128 0x3a
 833 0096 0B       		.uleb128 0xb
 834 0097 3B       		.uleb128 0x3b
 835 0098 0B       		.uleb128 0xb
 836 0099 01       		.uleb128 0x1
 837 009a 13       		.uleb128 0x13
 838 009b 00       		.byte	0
 839 009c 00       		.byte	0
 840 009d 0E       		.uleb128 0xe
 841 009e 0D       		.uleb128 0xd
 842 009f 00       		.byte	0
 843 00a0 03       		.uleb128 0x3
 844 00a1 08       		.uleb128 0x8
 845 00a2 3A       		.uleb128 0x3a
 846 00a3 0B       		.uleb128 0xb
 847 00a4 3B       		.uleb128 0x3b
 848 00a5 0B       		.uleb128 0xb
 849 00a6 49       		.uleb128 0x49
 850 00a7 13       		.uleb128 0x13
 851 00a8 38       		.uleb128 0x38
 852 00a9 0B       		.uleb128 0xb
 853 00aa 00       		.byte	0
 854 00ab 00       		.byte	0
 855 00ac 0F       		.uleb128 0xf
ARM GAS  /tmp/ccuzDUHG.s 			page 16


 856 00ad 2E       		.uleb128 0x2e
 857 00ae 01       		.byte	0x1
 858 00af 3F       		.uleb128 0x3f
 859 00b0 19       		.uleb128 0x19
 860 00b1 03       		.uleb128 0x3
 861 00b2 0E       		.uleb128 0xe
 862 00b3 3A       		.uleb128 0x3a
 863 00b4 0B       		.uleb128 0xb
 864 00b5 3B       		.uleb128 0x3b
 865 00b6 0B       		.uleb128 0xb
 866 00b7 27       		.uleb128 0x27
 867 00b8 19       		.uleb128 0x19
 868 00b9 11       		.uleb128 0x11
 869 00ba 01       		.uleb128 0x1
 870 00bb 12       		.uleb128 0x12
 871 00bc 06       		.uleb128 0x6
 872 00bd 40       		.uleb128 0x40
 873 00be 18       		.uleb128 0x18
 874 00bf 9742     		.uleb128 0x2117
 875 00c1 19       		.uleb128 0x19
 876 00c2 01       		.uleb128 0x1
 877 00c3 13       		.uleb128 0x13
 878 00c4 00       		.byte	0
 879 00c5 00       		.byte	0
 880 00c6 10       		.uleb128 0x10
 881 00c7 05       		.uleb128 0x5
 882 00c8 00       		.byte	0
 883 00c9 03       		.uleb128 0x3
 884 00ca 08       		.uleb128 0x8
 885 00cb 3A       		.uleb128 0x3a
 886 00cc 0B       		.uleb128 0xb
 887 00cd 3B       		.uleb128 0x3b
 888 00ce 0B       		.uleb128 0xb
 889 00cf 49       		.uleb128 0x49
 890 00d0 13       		.uleb128 0x13
 891 00d1 02       		.uleb128 0x2
 892 00d2 17       		.uleb128 0x17
 893 00d3 00       		.byte	0
 894 00d4 00       		.byte	0
 895 00d5 11       		.uleb128 0x11
 896 00d6 05       		.uleb128 0x5
 897 00d7 00       		.byte	0
 898 00d8 03       		.uleb128 0x3
 899 00d9 0E       		.uleb128 0xe
 900 00da 3A       		.uleb128 0x3a
 901 00db 0B       		.uleb128 0xb
 902 00dc 3B       		.uleb128 0x3b
 903 00dd 0B       		.uleb128 0xb
 904 00de 49       		.uleb128 0x49
 905 00df 13       		.uleb128 0x13
 906 00e0 02       		.uleb128 0x2
 907 00e1 17       		.uleb128 0x17
 908 00e2 00       		.byte	0
 909 00e3 00       		.byte	0
 910 00e4 12       		.uleb128 0x12
 911 00e5 34       		.uleb128 0x34
 912 00e6 00       		.byte	0
ARM GAS  /tmp/ccuzDUHG.s 			page 17


 913 00e7 03       		.uleb128 0x3
 914 00e8 08       		.uleb128 0x8
 915 00e9 3A       		.uleb128 0x3a
 916 00ea 0B       		.uleb128 0xb
 917 00eb 3B       		.uleb128 0x3b
 918 00ec 0B       		.uleb128 0xb
 919 00ed 49       		.uleb128 0x49
 920 00ee 13       		.uleb128 0x13
 921 00ef 02       		.uleb128 0x2
 922 00f0 17       		.uleb128 0x17
 923 00f1 00       		.byte	0
 924 00f2 00       		.byte	0
 925 00f3 13       		.uleb128 0x13
 926 00f4 2E       		.uleb128 0x2e
 927 00f5 01       		.byte	0x1
 928 00f6 3F       		.uleb128 0x3f
 929 00f7 19       		.uleb128 0x19
 930 00f8 03       		.uleb128 0x3
 931 00f9 0E       		.uleb128 0xe
 932 00fa 3A       		.uleb128 0x3a
 933 00fb 0B       		.uleb128 0xb
 934 00fc 3B       		.uleb128 0x3b
 935 00fd 0B       		.uleb128 0xb
 936 00fe 27       		.uleb128 0x27
 937 00ff 19       		.uleb128 0x19
 938 0100 11       		.uleb128 0x11
 939 0101 01       		.uleb128 0x1
 940 0102 12       		.uleb128 0x12
 941 0103 06       		.uleb128 0x6
 942 0104 40       		.uleb128 0x40
 943 0105 18       		.uleb128 0x18
 944 0106 9742     		.uleb128 0x2117
 945 0108 19       		.uleb128 0x19
 946 0109 00       		.byte	0
 947 010a 00       		.byte	0
 948 010b 00       		.byte	0
 949              		.section	.debug_loc,"",%progbits
 950              	.Ldebug_loc0:
 951              	.LLST0:
 952 0000 00000000 		.4byte	.LVL0
 953 0004 34000000 		.4byte	.LVL4
 954 0008 0100     		.2byte	0x1
 955 000a 50       		.byte	0x50
 956 000b 34000000 		.4byte	.LVL4
 957 000f 48000000 		.4byte	.LFE7
 958 0013 0400     		.2byte	0x4
 959 0015 F3       		.byte	0xf3
 960 0016 01       		.uleb128 0x1
 961 0017 50       		.byte	0x50
 962 0018 9F       		.byte	0x9f
 963 0019 00000000 		.4byte	0
 964 001d 00000000 		.4byte	0
 965              	.LLST1:
 966 0021 00000000 		.4byte	.LVL0
 967 0025 26000000 		.4byte	.LVL2
 968 0029 0100     		.2byte	0x1
 969 002b 51       		.byte	0x51
ARM GAS  /tmp/ccuzDUHG.s 			page 18


 970 002c 26000000 		.4byte	.LVL2
 971 0030 48000000 		.4byte	.LFE7
 972 0034 0400     		.2byte	0x4
 973 0036 F3       		.byte	0xf3
 974 0037 01       		.uleb128 0x1
 975 0038 51       		.byte	0x51
 976 0039 9F       		.byte	0x9f
 977 003a 00000000 		.4byte	0
 978 003e 00000000 		.4byte	0
 979              	.LLST2:
 980 0042 00000000 		.4byte	.LVL0
 981 0046 1A000000 		.4byte	.LVL1
 982 004a 0700     		.2byte	0x7
 983 004c 70       		.byte	0x70
 984 004d 00       		.sleb128 0
 985 004e 33       		.byte	0x33
 986 004f 1A       		.byte	0x1a
 987 0050 33       		.byte	0x33
 988 0051 24       		.byte	0x24
 989 0052 9F       		.byte	0x9f
 990 0053 1A000000 		.4byte	.LVL1
 991 0057 30000000 		.4byte	.LVL3
 992 005b 0100     		.2byte	0x1
 993 005d 54       		.byte	0x54
 994 005e 30000000 		.4byte	.LVL3
 995 0062 34000000 		.4byte	.LVL4
 996 0066 0700     		.2byte	0x7
 997 0068 70       		.byte	0x70
 998 0069 00       		.sleb128 0
 999 006a 33       		.byte	0x33
 1000 006b 1A       		.byte	0x1a
 1001 006c 33       		.byte	0x33
 1002 006d 24       		.byte	0x24
 1003 006e 9F       		.byte	0x9f
 1004 006f 34000000 		.4byte	.LVL4
 1005 0073 48000000 		.4byte	.LFE7
 1006 0077 0800     		.2byte	0x8
 1007 0079 F3       		.byte	0xf3
 1008 007a 01       		.uleb128 0x1
 1009 007b 50       		.byte	0x50
 1010 007c 33       		.byte	0x33
 1011 007d 1A       		.byte	0x1a
 1012 007e 33       		.byte	0x33
 1013 007f 24       		.byte	0x24
 1014 0080 9F       		.byte	0x9f
 1015 0081 00000000 		.4byte	0
 1016 0085 00000000 		.4byte	0
 1017              	.LLST3:
 1018 0089 00000000 		.4byte	.LVL5
 1019 008d 24000000 		.4byte	.LVL6
 1020 0091 0100     		.2byte	0x1
 1021 0093 50       		.byte	0x50
 1022 0094 24000000 		.4byte	.LVL6
 1023 0098 40000000 		.4byte	.LFE8
 1024 009c 0400     		.2byte	0x4
 1025 009e F3       		.byte	0xf3
 1026 009f 01       		.uleb128 0x1
ARM GAS  /tmp/ccuzDUHG.s 			page 19


 1027 00a0 50       		.byte	0x50
 1028 00a1 9F       		.byte	0x9f
 1029 00a2 00000000 		.4byte	0
 1030 00a6 00000000 		.4byte	0
 1031              	.LLST4:
 1032 00aa 00000000 		.4byte	.LVL5
 1033 00ae 24000000 		.4byte	.LVL6
 1034 00b2 0700     		.2byte	0x7
 1035 00b4 70       		.byte	0x70
 1036 00b5 00       		.sleb128 0
 1037 00b6 33       		.byte	0x33
 1038 00b7 1A       		.byte	0x1a
 1039 00b8 33       		.byte	0x33
 1040 00b9 24       		.byte	0x24
 1041 00ba 9F       		.byte	0x9f
 1042 00bb 24000000 		.4byte	.LVL6
 1043 00bf 2A000000 		.4byte	.LVL7
 1044 00c3 0800     		.2byte	0x8
 1045 00c5 F3       		.byte	0xf3
 1046 00c6 01       		.uleb128 0x1
 1047 00c7 50       		.byte	0x50
 1048 00c8 33       		.byte	0x33
 1049 00c9 1A       		.byte	0x1a
 1050 00ca 33       		.byte	0x33
 1051 00cb 24       		.byte	0x24
 1052 00cc 9F       		.byte	0x9f
 1053 00cd 2A000000 		.4byte	.LVL7
 1054 00d1 40000000 		.4byte	.LFE8
 1055 00d5 0100     		.2byte	0x1
 1056 00d7 50       		.byte	0x50
 1057 00d8 00000000 		.4byte	0
 1058 00dc 00000000 		.4byte	0
 1059              	.LLST5:
 1060 00e0 00000000 		.4byte	.LVL8
 1061 00e4 10000000 		.4byte	.LVL9
 1062 00e8 0100     		.2byte	0x1
 1063 00ea 50       		.byte	0x50
 1064 00eb 10000000 		.4byte	.LVL9
 1065 00ef 2A000000 		.4byte	.LFE9
 1066 00f3 0400     		.2byte	0x4
 1067 00f5 F3       		.byte	0xf3
 1068 00f6 01       		.uleb128 0x1
 1069 00f7 50       		.byte	0x50
 1070 00f8 9F       		.byte	0x9f
 1071 00f9 00000000 		.4byte	0
 1072 00fd 00000000 		.4byte	0
 1073              	.LLST6:
 1074 0101 00000000 		.4byte	.LVL8
 1075 0105 20000000 		.4byte	.LVL11
 1076 0109 0100     		.2byte	0x1
 1077 010b 51       		.byte	0x51
 1078 010c 20000000 		.4byte	.LVL11
 1079 0110 2A000000 		.4byte	.LFE9
 1080 0114 0400     		.2byte	0x4
 1081 0116 F3       		.byte	0xf3
 1082 0117 01       		.uleb128 0x1
 1083 0118 51       		.byte	0x51
ARM GAS  /tmp/ccuzDUHG.s 			page 20


 1084 0119 9F       		.byte	0x9f
 1085 011a 00000000 		.4byte	0
 1086 011e 00000000 		.4byte	0
 1087              	.LLST7:
 1088 0122 00000000 		.4byte	.LVL8
 1089 0126 10000000 		.4byte	.LVL9
 1090 012a 0700     		.2byte	0x7
 1091 012c 70       		.byte	0x70
 1092 012d 00       		.sleb128 0
 1093 012e 33       		.byte	0x33
 1094 012f 1A       		.byte	0x1a
 1095 0130 33       		.byte	0x33
 1096 0131 24       		.byte	0x24
 1097 0132 9F       		.byte	0x9f
 1098 0133 10000000 		.4byte	.LVL9
 1099 0137 14000000 		.4byte	.LVL10
 1100 013b 0800     		.2byte	0x8
 1101 013d F3       		.byte	0xf3
 1102 013e 01       		.uleb128 0x1
 1103 013f 50       		.byte	0x50
 1104 0140 33       		.byte	0x33
 1105 0141 1A       		.byte	0x1a
 1106 0142 33       		.byte	0x33
 1107 0143 24       		.byte	0x24
 1108 0144 9F       		.byte	0x9f
 1109 0145 14000000 		.4byte	.LVL10
 1110 0149 2A000000 		.4byte	.LFE9
 1111 014d 0100     		.2byte	0x1
 1112 014f 50       		.byte	0x50
 1113 0150 00000000 		.4byte	0
 1114 0154 00000000 		.4byte	0
 1115              		.section	.debug_aranges,"",%progbits
 1116 0000 2C000000 		.4byte	0x2c
 1117 0004 0200     		.2byte	0x2
 1118 0006 00000000 		.4byte	.Ldebug_info0
 1119 000a 04       		.byte	0x4
 1120 000b 00       		.byte	0
 1121 000c 0000     		.2byte	0
 1122 000e 0000     		.2byte	0
 1123 0010 00000000 		.4byte	.LFB7
 1124 0014 48000000 		.4byte	.LFE7-.LFB7
 1125 0018 00000000 		.4byte	.LFB8
 1126 001c 40000000 		.4byte	.LFE8-.LFB8
 1127 0020 00000000 		.4byte	.LFB9
 1128 0024 2A000000 		.4byte	.LFE9-.LFB9
 1129 0028 00000000 		.4byte	0
 1130 002c 00000000 		.4byte	0
 1131              		.section	.debug_ranges,"",%progbits
 1132              	.Ldebug_ranges0:
 1133 0000 00000000 		.4byte	.LFB7
 1134 0004 48000000 		.4byte	.LFE7
 1135 0008 00000000 		.4byte	.LFB8
 1136 000c 40000000 		.4byte	.LFE8
 1137 0010 00000000 		.4byte	.LFB9
 1138 0014 2A000000 		.4byte	.LFE9
 1139 0018 00000000 		.4byte	0
 1140 001c 00000000 		.4byte	0
ARM GAS  /tmp/ccuzDUHG.s 			page 21


 1141              		.section	.debug_line,"",%progbits
 1142              	.Ldebug_line0:
 1143 0000 D9010000 		.section	.debug_str,"MS",%progbits,1
 1143      02008901 
 1143      00000201 
 1143      FB0E0D00 
 1143      01010101 
 1144              	.LASF43:
 1145 0000 7072696F 		.ascii	"prio\000"
 1145      00
 1146              	.LASF19:
 1147 0005 49435052 		.ascii	"ICPR\000"
 1147      00
 1148              	.LASF39:
 1149 000a 4D4D4652 		.ascii	"MMFR\000"
 1149      00
 1150              	.LASF11:
 1151 000f 5F426F6F 		.ascii	"_Bool\000"
 1151      6C00
 1152              	.LASF45:
 1153 0015 6E766963 		.ascii	"nvicDisableVector\000"
 1153      44697361 
 1153      626C6556 
 1153      6563746F 
 1153      7200
 1154              	.LASF26:
 1155 0027 434D785F 		.ascii	"CMx_NVIC\000"
 1155      4E564943 
 1155      00
 1156              	.LASF29:
 1157 0030 56544F52 		.ascii	"VTOR\000"
 1157      00
 1158              	.LASF3:
 1159 0035 73686F72 		.ascii	"short int\000"
 1159      7420696E 
 1159      7400
 1160              	.LASF48:
 1161 003f 2F686F6D 		.ascii	"/home/sbcu/Dropbox/pcb-layouts/axo-on-discovery-boa"
 1161      652F7362 
 1161      63752F44 
 1161      726F7062 
 1161      6F782F70 
 1162 0072 72642F61 		.ascii	"rd/axoloti/platform_linux/../chibios/os/ports/commo"
 1162      786F6C6F 
 1162      74692F70 
 1162      6C617466 
 1162      6F726D5F 
 1163 00a5 6E2F4152 		.ascii	"n/ARMCMx/nvic.c\000"
 1163      4D434D78 
 1163      2F6E7669 
 1163      632E6300 
 1164              	.LASF15:
 1165 00b5 49434552 		.ascii	"ICER\000"
 1165      00
 1166              	.LASF12:
 1167 00ba 494F5245 		.ascii	"IOREG32\000"
 1167      47333200 
ARM GAS  /tmp/ccuzDUHG.s 			page 22


 1168              	.LASF2:
 1169 00c2 756E7369 		.ascii	"unsigned char\000"
 1169      676E6564 
 1169      20636861 
 1169      7200
 1170              	.LASF14:
 1171 00d0 756E7573 		.ascii	"unused1\000"
 1171      65643100 
 1172              	.LASF16:
 1173 00d8 756E7573 		.ascii	"unused2\000"
 1173      65643200 
 1174              	.LASF18:
 1175 00e0 756E7573 		.ascii	"unused3\000"
 1175      65643300 
 1176              	.LASF20:
 1177 00e8 756E7573 		.ascii	"unused4\000"
 1177      65643400 
 1178              	.LASF22:
 1179 00f0 756E7573 		.ascii	"unused5\000"
 1179      65643500 
 1180              	.LASF23:
 1181 00f8 756E7573 		.ascii	"unused6\000"
 1181      65643600 
 1182              	.LASF4:
 1183 0100 73686F72 		.ascii	"short unsigned int\000"
 1183      7420756E 
 1183      7369676E 
 1183      65642069 
 1183      6E7400
 1184              	.LASF33:
 1185 0113 43465352 		.ascii	"CFSR\000"
 1185      00
 1186              	.LASF34:
 1187 0118 48465352 		.ascii	"HFSR\000"
 1187      00
 1188              	.LASF6:
 1189 011d 6C6F6E67 		.ascii	"long unsigned int\000"
 1189      20756E73 
 1189      69676E65 
 1189      6420696E 
 1189      7400
 1190              	.LASF40:
 1191 012f 43504143 		.ascii	"CPACR\000"
 1191      5200
 1192              	.LASF24:
 1193 0135 53544952 		.ascii	"STIR\000"
 1193      00
 1194              	.LASF9:
 1195 013a 5F5F7569 		.ascii	"__uint32_t\000"
 1195      6E743332 
 1195      5F7400
 1196              	.LASF0:
 1197 0145 756E7369 		.ascii	"unsigned int\000"
 1197      676E6564 
 1197      20696E74 
 1197      00
 1198              	.LASF17:
ARM GAS  /tmp/ccuzDUHG.s 			page 23


 1199 0152 49535052 		.ascii	"ISPR\000"
 1199      00
 1200              	.LASF47:
 1201 0157 474E5520 		.ascii	"GNU C 4.9.3 20150529 (release) [ARM/embedded-4_9-br"
 1201      4320342E 
 1201      392E3320 
 1201      32303135 
 1201      30353239 
 1202 018a 616E6368 		.ascii	"anch revision 224288] -mcpu=cortex-m4 -mfloat-abi=h"
 1202      20726576 
 1202      6973696F 
 1202      6E203232 
 1202      34323838 
 1203 01bd 61726420 		.ascii	"ard -mfpu=fpv4-sp-d16 -mno-thumb-interwork -mthumb "
 1203      2D6D6670 
 1203      753D6670 
 1203      76342D73 
 1203      702D6431 
 1204 01f0 2D676764 		.ascii	"-ggdb -O2 -fomit-frame-pointer -falign-functions=16"
 1204      62202D4F 
 1204      32202D66 
 1204      6F6D6974 
 1204      2D667261 
 1205 0223 202D6666 		.ascii	" -ffunction-sections -fdata-sections -fno-common -f"
 1205      756E6374 
 1205      696F6E2D 
 1205      73656374 
 1205      696F6E73 
 1206 0256 73696E67 		.ascii	"single-precision-constant\000"
 1206      6C652D70 
 1206      72656369 
 1206      73696F6E 
 1206      2D636F6E 
 1207              	.LASF35:
 1208 0270 44465352 		.ascii	"DFSR\000"
 1208      00
 1209              	.LASF8:
 1210 0275 6C6F6E67 		.ascii	"long long unsigned int\000"
 1210      206C6F6E 
 1210      6720756E 
 1210      7369676E 
 1210      65642069 
 1211              	.LASF28:
 1212 028c 49435352 		.ascii	"ICSR\000"
 1212      00
 1213              	.LASF41:
 1214 0291 434D785F 		.ascii	"CMx_SCB\000"
 1214      53434200 
 1215              	.LASF30:
 1216 0299 41495243 		.ascii	"AIRCR\000"
 1216      5200
 1217              	.LASF37:
 1218 029f 42464152 		.ascii	"BFAR\000"
 1218      00
 1219              	.LASF46:
 1220 02a4 68616E64 		.ascii	"handler\000"
 1220      6C657200 
ARM GAS  /tmp/ccuzDUHG.s 			page 24


 1221              	.LASF25:
 1222 02ac 73697A65 		.ascii	"sizetype\000"
 1222      74797065 
 1222      00
 1223              	.LASF7:
 1224 02b5 6C6F6E67 		.ascii	"long long int\000"
 1224      206C6F6E 
 1224      6720696E 
 1224      7400
 1225              	.LASF27:
 1226 02c3 43505549 		.ascii	"CPUID\000"
 1226      4400
 1227              	.LASF42:
 1228 02c9 63686172 		.ascii	"char\000"
 1228      00
 1229              	.LASF13:
 1230 02ce 49534552 		.ascii	"ISER\000"
 1230      00
 1231              	.LASF38:
 1232 02d3 41465352 		.ascii	"AFSR\000"
 1232      00
 1233              	.LASF36:
 1234 02d8 4D4D4641 		.ascii	"MMFAR\000"
 1234      5200
 1235              	.LASF32:
 1236 02de 53484353 		.ascii	"SHCSR\000"
 1236      5200
 1237              	.LASF10:
 1238 02e4 75696E74 		.ascii	"uint32_t\000"
 1238      33325F74 
 1238      00
 1239              	.LASF5:
 1240 02ed 6C6F6E67 		.ascii	"long int\000"
 1240      20696E74 
 1240      00
 1241              	.LASF31:
 1242 02f6 53485052 		.ascii	"SHPR\000"
 1242      00
 1243              	.LASF1:
 1244 02fb 7369676E 		.ascii	"signed char\000"
 1244      65642063 
 1244      68617200 
 1245              	.LASF49:
 1246 0307 6E766963 		.ascii	"nvicSetSystemHandlerPriority\000"
 1246      53657453 
 1246      79737465 
 1246      6D48616E 
 1246      646C6572 
 1247              	.LASF21:
 1248 0324 49414252 		.ascii	"IABR\000"
 1248      00
 1249              	.LASF44:
 1250 0329 6E766963 		.ascii	"nvicEnableVector\000"
 1250      456E6162 
 1250      6C655665 
 1250      63746F72 
 1250      00
ARM GAS  /tmp/ccuzDUHG.s 			page 25


 1251              		.ident	"GCC: (GNU Tools for ARM Embedded Processors) 4.9.3 20150529 (release) [ARM/embedded-4_9-br
ARM GAS  /tmp/ccuzDUHG.s 			page 26


DEFINED SYMBOLS
                            *ABS*:00000000 nvic.c
     /tmp/ccuzDUHG.s:21     .text.nvicEnableVector:00000000 $t
     /tmp/ccuzDUHG.s:27     .text.nvicEnableVector:00000000 nvicEnableVector
     /tmp/ccuzDUHG.s:87     .text.nvicDisableVector:00000000 $t
     /tmp/ccuzDUHG.s:93     .text.nvicDisableVector:00000000 nvicDisableVector
     /tmp/ccuzDUHG.s:140    .text.nvicDisableVector:0000003c $d
     /tmp/ccuzDUHG.s:145    .text.nvicSetSystemHandlerPriority:00000000 $t
     /tmp/ccuzDUHG.s:151    .text.nvicSetSystemHandlerPriority:00000000 nvicSetSystemHandlerPriority
                     .debug_frame:00000010 $d

NO UNDEFINED SYMBOLS
