ARM GAS  /tmp/ccmOpC5F.s 			page 1


   1              		.syntax unified
   2              		.cpu cortex-m4
   3              		.eabi_attribute 27, 1
   4              		.eabi_attribute 28, 1
   5              		.fpu fpv4-sp-d16
   6              		.eabi_attribute 20, 1
   7              		.eabi_attribute 21, 1
   8              		.eabi_attribute 23, 3
   9              		.eabi_attribute 24, 1
  10              		.eabi_attribute 25, 1
  11              		.eabi_attribute 26, 1
  12              		.eabi_attribute 30, 2
  13              		.eabi_attribute 34, 1
  14              		.eabi_attribute 18, 4
  15              		.thumb
  16              		.file	"pal.c"
  17              		.text
  18              	.Ltext0:
  19              		.cfi_sections	.debug_frame
  20              		.section	.text.palReadBus,"ax",%progbits
  21              		.align	2
  22              		.p2align 4,,15
  23              		.global	palReadBus
  24              		.thumb
  25              		.thumb_func
  26              		.type	palReadBus, %function
  27              	palReadBus:
  28              	.LFB118:
  29              		.file 1 "/home/sbcu/Dropbox/pcb-layouts/axo-on-discovery-board/axoloti/platform_linux/../chibios/o
  30              		.loc 1 77 0
  31              		.cfi_startproc
  32              		@ args = 0, pretend = 0, frame = 0
  33              		@ frame_needed = 0, uses_anonymous_args = 0
  34              		@ link register save eliminated.
  35              	.LVL0:
  36              		.loc 1 82 0
  37 0000 0368     		ldr	r3, [r0]
  38 0002 8168     		ldr	r1, [r0, #8]
  39 0004 1B69     		ldr	r3, [r3, #16]
  40 0006 4268     		ldr	r2, [r0, #4]
  41 0008 23FA01F0 		lsr	r0, r3, r1
  42              	.LVL1:
  43              		.loc 1 83 0
  44 000c 1040     		ands	r0, r0, r2
  45 000e 7047     		bx	lr
  46              		.cfi_endproc
  47              	.LFE118:
  48              		.size	palReadBus, .-palReadBus
  49              		.section	.text.palWriteBus,"ax",%progbits
  50              		.align	2
  51              		.p2align 4,,15
  52              		.global	palWriteBus
  53              		.thumb
  54              		.thumb_func
  55              		.type	palWriteBus, %function
  56              	palWriteBus:
  57              	.LFB119:
ARM GAS  /tmp/ccmOpC5F.s 			page 2


  58              		.loc 1 103 0
  59              		.cfi_startproc
  60              		@ args = 0, pretend = 0, frame = 0
  61              		@ frame_needed = 0, uses_anonymous_args = 0
  62              		@ link register save eliminated.
  63              	.LVL2:
  64 0000 30B4     		push	{r4, r5}
  65              		.cfi_def_cfa_offset 8
  66              		.cfi_offset 4, -8
  67              		.cfi_offset 5, -4
  68              		.loc 1 108 0
  69 0002 19C8     		ldmia	r0, {r0, r3, r4}
  70              	.LVL3:
  71 0004 23EA0102 		bic	r2, r3, r1
  72 0008 04F11005 		add	r5, r4, #16
  73 000c 0B40     		ands	r3, r3, r1
  74 000e 03FA04F1 		lsl	r1, r3, r4
  75              	.LVL4:
  76 0012 02FA05F3 		lsl	r3, r2, r5
  77 0016 0B43     		orrs	r3, r3, r1
  78 0018 8361     		str	r3, [r0, #24]
  79              		.loc 1 109 0
  80 001a 30BC     		pop	{r4, r5}
  81              		.cfi_restore 5
  82              		.cfi_restore 4
  83              		.cfi_def_cfa_offset 0
  84 001c 7047     		bx	lr
  85              		.cfi_endproc
  86              	.LFE119:
  87              		.size	palWriteBus, .-palWriteBus
  88 001e 00BF     		.section	.text.palSetBusMode,"ax",%progbits
  89              		.align	2
  90              		.p2align 4,,15
  91              		.global	palSetBusMode
  92              		.thumb
  93              		.thumb_func
  94              		.type	palSetBusMode, %function
  95              	palSetBusMode:
  96              	.LFB120:
  97              		.loc 1 127 0
  98              		.cfi_startproc
  99              		@ args = 0, pretend = 0, frame = 0
 100              		@ frame_needed = 0, uses_anonymous_args = 0
 101              		@ link register save eliminated.
 102              	.LVL5:
 103              		.loc 1 127 0
 104 0000 0A46     		mov	r2, r1
 105              		.loc 1 132 0
 106 0002 0BC8     		ldmia	r0, {r0, r1, r3}
 107              	.LVL6:
 108 0004 9940     		lsls	r1, r1, r3
 109 0006 FFF7FEBF 		b	_pal_lld_setgroupmode
 110              	.LVL7:
 111              		.cfi_endproc
 112              	.LFE120:
 113              		.size	palSetBusMode, .-palSetBusMode
 114 000a 00BF     		.text
ARM GAS  /tmp/ccmOpC5F.s 			page 3


 115              	.Letext0:
 116              		.file 2 "/home/sbcu/Dropbox/pcb-layouts/axo-on-discovery-board/axoloti/platform_linux/arm-none-eab
 117              		.file 3 "/home/sbcu/Dropbox/pcb-layouts/axo-on-discovery-board/axoloti/platform_linux/arm-none-eab
 118              		.file 4 "/home/sbcu/Dropbox/pcb-layouts/axo-on-discovery-board/axoloti/platform_linux/arm-none-eab
 119              		.file 5 "/home/sbcu/Dropbox/pcb-layouts/axo-on-discovery-board/axoloti/platform_linux/../chibios/o
 120              		.file 6 "/home/sbcu/Dropbox/pcb-layouts/axo-on-discovery-board/axoloti/platform_linux/../chibios/o
 121              		.file 7 "/home/sbcu/Dropbox/pcb-layouts/axo-on-discovery-board/axoloti/platform_linux/../chibios/o
 122              		.section	.debug_info,"",%progbits
 123              	.Ldebug_info0:
 124 0000 CC020000 		.4byte	0x2cc
 125 0004 0400     		.2byte	0x4
 126 0006 00000000 		.4byte	.Ldebug_abbrev0
 127 000a 04       		.byte	0x4
 128 000b 01       		.uleb128 0x1
 129 000c C3010000 		.4byte	.LASF40
 130 0010 01       		.byte	0x1
 131 0011 2F010000 		.4byte	.LASF41
 132 0015 D5000000 		.4byte	.LASF42
 133 0019 00000000 		.4byte	.Ldebug_ranges0+0
 134 001d 00000000 		.4byte	0
 135 0021 00000000 		.4byte	.Ldebug_line0
 136 0025 02       		.uleb128 0x2
 137 0026 04       		.byte	0x4
 138 0027 05       		.byte	0x5
 139 0028 696E7400 		.ascii	"int\000"
 140 002c 03       		.uleb128 0x3
 141 002d 04       		.byte	0x4
 142 002e 07       		.byte	0x7
 143 002f B6010000 		.4byte	.LASF0
 144 0033 03       		.uleb128 0x3
 145 0034 01       		.byte	0x1
 146 0035 06       		.byte	0x6
 147 0036 4F030000 		.4byte	.LASF1
 148 003a 03       		.uleb128 0x3
 149 003b 01       		.byte	0x1
 150 003c 08       		.byte	0x8
 151 003d 80000000 		.4byte	.LASF2
 152 0041 03       		.uleb128 0x3
 153 0042 02       		.byte	0x2
 154 0043 05       		.byte	0x5
 155 0044 44000000 		.4byte	.LASF3
 156 0048 04       		.uleb128 0x4
 157 0049 CA000000 		.4byte	.LASF5
 158 004d 02       		.byte	0x2
 159 004e 2B       		.byte	0x2b
 160 004f 53000000 		.4byte	0x53
 161 0053 03       		.uleb128 0x3
 162 0054 02       		.byte	0x2
 163 0055 07       		.byte	0x7
 164 0056 A5000000 		.4byte	.LASF4
 165 005a 04       		.uleb128 0x4
 166 005b 1C000000 		.4byte	.LASF6
 167 005f 02       		.byte	0x2
 168 0060 3F       		.byte	0x3f
 169 0061 65000000 		.4byte	0x65
 170 0065 03       		.uleb128 0x3
 171 0066 04       		.byte	0x4
ARM GAS  /tmp/ccmOpC5F.s 			page 4


 172 0067 05       		.byte	0x5
 173 0068 39030000 		.4byte	.LASF7
 174 006c 04       		.uleb128 0x4
 175 006d 24010000 		.4byte	.LASF8
 176 0071 02       		.byte	0x2
 177 0072 41       		.byte	0x41
 178 0073 77000000 		.4byte	0x77
 179 0077 03       		.uleb128 0x3
 180 0078 04       		.byte	0x4
 181 0079 07       		.byte	0x7
 182 007a 93000000 		.4byte	.LASF9
 183 007e 03       		.uleb128 0x3
 184 007f 08       		.byte	0x8
 185 0080 05       		.byte	0x5
 186 0081 FD020000 		.4byte	.LASF10
 187 0085 03       		.uleb128 0x3
 188 0086 08       		.byte	0x8
 189 0087 07       		.byte	0x7
 190 0088 61030000 		.4byte	.LASF11
 191 008c 04       		.uleb128 0x4
 192 008d 27030000 		.4byte	.LASF12
 193 0091 03       		.byte	0x3
 194 0092 1A       		.byte	0x1a
 195 0093 48000000 		.4byte	0x48
 196 0097 04       		.uleb128 0x4
 197 0098 E6020000 		.4byte	.LASF13
 198 009c 03       		.byte	0x3
 199 009d 1F       		.byte	0x1f
 200 009e 5A000000 		.4byte	0x5a
 201 00a2 04       		.uleb128 0x4
 202 00a3 30030000 		.4byte	.LASF14
 203 00a7 03       		.byte	0x3
 204 00a8 20       		.byte	0x20
 205 00a9 6C000000 		.4byte	0x6c
 206 00ad 04       		.uleb128 0x4
 207 00ae 26000000 		.4byte	.LASF15
 208 00b2 04       		.byte	0x4
 209 00b3 34       		.byte	0x34
 210 00b4 2C000000 		.4byte	0x2c
 211 00b8 03       		.uleb128 0x3
 212 00b9 01       		.byte	0x1
 213 00ba 02       		.byte	0x2
 214 00bb 5B030000 		.4byte	.LASF16
 215 00bf 05       		.uleb128 0x5
 216 00c0 A2000000 		.4byte	0xa2
 217 00c4 03       		.uleb128 0x3
 218 00c5 04       		.byte	0x4
 219 00c6 07       		.byte	0x7
 220 00c7 EE020000 		.4byte	.LASF17
 221 00cb 03       		.uleb128 0x3
 222 00cc 01       		.byte	0x1
 223 00cd 08       		.byte	0x8
 224 00ce DC020000 		.4byte	.LASF18
 225 00d2 05       		.uleb128 0x5
 226 00d3 97000000 		.4byte	0x97
 227 00d7 06       		.uleb128 0x6
 228 00d8 04       		.byte	0x4
ARM GAS  /tmp/ccmOpC5F.s 			page 5


 229 00d9 05       		.byte	0x5
 230 00da 96       		.byte	0x96
 231 00db F8000000 		.4byte	0xf8
 232 00df 07       		.uleb128 0x7
 233 00e0 73657400 		.ascii	"set\000"
 234 00e4 05       		.byte	0x5
 235 00e5 97       		.byte	0x97
 236 00e6 8C000000 		.4byte	0x8c
 237 00ea 00       		.byte	0
 238 00eb 08       		.uleb128 0x8
 239 00ec 05000000 		.4byte	.LASF19
 240 00f0 05       		.byte	0x5
 241 00f1 98       		.byte	0x98
 242 00f2 8C000000 		.4byte	0x8c
 243 00f6 02       		.byte	0x2
 244 00f7 00       		.byte	0
 245 00f8 09       		.uleb128 0x9
 246 00f9 04       		.byte	0x4
 247 00fa 05       		.byte	0x5
 248 00fb 94       		.byte	0x94
 249 00fc 13010000 		.4byte	0x113
 250 0100 0A       		.uleb128 0xa
 251 0101 5700     		.ascii	"W\000"
 252 0103 05       		.byte	0x5
 253 0104 95       		.byte	0x95
 254 0105 A2000000 		.4byte	0xa2
 255 0109 0A       		.uleb128 0xa
 256 010a 4800     		.ascii	"H\000"
 257 010c 05       		.byte	0x5
 258 010d 99       		.byte	0x99
 259 010e D7000000 		.4byte	0xd7
 260 0112 00       		.byte	0
 261 0113 06       		.uleb128 0x6
 262 0114 28       		.byte	0x28
 263 0115 05       		.byte	0x5
 264 0116 8C       		.byte	0x8c
 265 0117 94010000 		.4byte	0x194
 266 011b 08       		.uleb128 0x8
 267 011c 0B000000 		.4byte	.LASF20
 268 0120 05       		.byte	0x5
 269 0121 8E       		.byte	0x8e
 270 0122 BF000000 		.4byte	0xbf
 271 0126 00       		.byte	0
 272 0127 08       		.uleb128 0x8
 273 0128 70000000 		.4byte	.LASF21
 274 012c 05       		.byte	0x5
 275 012d 8F       		.byte	0x8f
 276 012e BF000000 		.4byte	0xbf
 277 0132 04       		.byte	0x4
 278 0133 08       		.uleb128 0x8
 279 0134 98010000 		.4byte	.LASF22
 280 0138 05       		.byte	0x5
 281 0139 90       		.byte	0x90
 282 013a BF000000 		.4byte	0xbf
 283 013e 08       		.byte	0x8
 284 013f 08       		.uleb128 0x8
 285 0140 F7020000 		.4byte	.LASF23
ARM GAS  /tmp/ccmOpC5F.s 			page 6


 286 0144 05       		.byte	0x5
 287 0145 91       		.byte	0x91
 288 0146 BF000000 		.4byte	0xbf
 289 014a 0C       		.byte	0xc
 290 014b 07       		.uleb128 0x7
 291 014c 49445200 		.ascii	"IDR\000"
 292 0150 05       		.byte	0x5
 293 0151 92       		.byte	0x92
 294 0152 BF000000 		.4byte	0xbf
 295 0156 10       		.byte	0x10
 296 0157 07       		.uleb128 0x7
 297 0158 4F445200 		.ascii	"ODR\000"
 298 015c 05       		.byte	0x5
 299 015d 93       		.byte	0x93
 300 015e BF000000 		.4byte	0xbf
 301 0162 14       		.byte	0x14
 302 0163 08       		.uleb128 0x8
 303 0164 33000000 		.4byte	.LASF24
 304 0168 05       		.byte	0x5
 305 0169 9A       		.byte	0x9a
 306 016a 94010000 		.4byte	0x194
 307 016e 18       		.byte	0x18
 308 016f 08       		.uleb128 0x8
 309 0170 00000000 		.4byte	.LASF25
 310 0174 05       		.byte	0x5
 311 0175 9B       		.byte	0x9b
 312 0176 BF000000 		.4byte	0xbf
 313 017a 1C       		.byte	0x1c
 314 017b 08       		.uleb128 0x8
 315 017c B8000000 		.4byte	.LASF26
 316 0180 05       		.byte	0x5
 317 0181 9C       		.byte	0x9c
 318 0182 BF000000 		.4byte	0xbf
 319 0186 20       		.byte	0x20
 320 0187 08       		.uleb128 0x8
 321 0188 8E000000 		.4byte	.LASF27
 322 018c 05       		.byte	0x5
 323 018d 9D       		.byte	0x9d
 324 018e BF000000 		.4byte	0xbf
 325 0192 24       		.byte	0x24
 326 0193 00       		.byte	0
 327 0194 05       		.uleb128 0x5
 328 0195 F8000000 		.4byte	0xf8
 329 0199 04       		.uleb128 0x4
 330 019a 42030000 		.4byte	.LASF28
 331 019e 05       		.byte	0x5
 332 019f 9E       		.byte	0x9e
 333 01a0 13010000 		.4byte	0x113
 334 01a4 04       		.uleb128 0x4
 335 01a5 63000000 		.4byte	.LASF29
 336 01a9 05       		.byte	0x5
 337 01aa F0       		.byte	0xf0
 338 01ab A2000000 		.4byte	0xa2
 339 01af 04       		.uleb128 0x4
 340 01b0 77000000 		.4byte	.LASF30
 341 01b4 05       		.byte	0x5
 342 01b5 F5       		.byte	0xf5
ARM GAS  /tmp/ccmOpC5F.s 			page 7


 343 01b6 A2000000 		.4byte	0xa2
 344 01ba 04       		.uleb128 0x4
 345 01bb 1C030000 		.4byte	.LASF31
 346 01bf 05       		.byte	0x5
 347 01c0 FD       		.byte	0xfd
 348 01c1 C5010000 		.4byte	0x1c5
 349 01c5 0B       		.uleb128 0xb
 350 01c6 04       		.byte	0x4
 351 01c7 99010000 		.4byte	0x199
 352 01cb 06       		.uleb128 0x6
 353 01cc 0C       		.byte	0xc
 354 01cd 06       		.byte	0x6
 355 01ce 85       		.byte	0x85
 356 01cf F8010000 		.4byte	0x1f8
 357 01d3 08       		.uleb128 0x8
 358 01d4 5C000000 		.4byte	.LASF32
 359 01d8 06       		.byte	0x6
 360 01d9 89       		.byte	0x89
 361 01da BA010000 		.4byte	0x1ba
 362 01de 00       		.byte	0
 363 01df 08       		.uleb128 0x8
 364 01e0 0B030000 		.4byte	.LASF33
 365 01e4 06       		.byte	0x6
 366 01e5 8F       		.byte	0x8f
 367 01e6 A4010000 		.4byte	0x1a4
 368 01ea 04       		.byte	0x4
 369 01eb 08       		.uleb128 0x8
 370 01ec 15030000 		.4byte	.LASF34
 371 01f0 06       		.byte	0x6
 372 01f1 93       		.byte	0x93
 373 01f2 AD000000 		.4byte	0xad
 374 01f6 08       		.byte	0x8
 375 01f7 00       		.byte	0
 376 01f8 04       		.uleb128 0x4
 377 01f9 78030000 		.4byte	.LASF35
 378 01fd 06       		.byte	0x6
 379 01fe 94       		.byte	0x94
 380 01ff CB010000 		.4byte	0x1cb
 381 0203 0C       		.uleb128 0xc
 382 0204 11000000 		.4byte	.LASF43
 383 0208 01       		.byte	0x1
 384 0209 4D       		.byte	0x4d
 385 020a A4010000 		.4byte	0x1a4
 386 020e 00000000 		.4byte	.LFB118
 387 0212 10000000 		.4byte	.LFE118-.LFB118
 388 0216 01       		.uleb128 0x1
 389 0217 9C       		.byte	0x9c
 390 0218 2C020000 		.4byte	0x22c
 391 021c 0D       		.uleb128 0xd
 392 021d 62757300 		.ascii	"bus\000"
 393 0221 01       		.byte	0x1
 394 0222 4D       		.byte	0x4d
 395 0223 2C020000 		.4byte	0x22c
 396 0227 00000000 		.4byte	.LLST0
 397 022b 00       		.byte	0
 398 022c 0B       		.uleb128 0xb
 399 022d 04       		.byte	0x4
ARM GAS  /tmp/ccmOpC5F.s 			page 8


 400 022e F8010000 		.4byte	0x1f8
 401 0232 0E       		.uleb128 0xe
 402 0233 38000000 		.4byte	.LASF37
 403 0237 01       		.byte	0x1
 404 0238 67       		.byte	0x67
 405 0239 00000000 		.4byte	.LFB119
 406 023d 1E000000 		.4byte	.LFE119-.LFB119
 407 0241 01       		.uleb128 0x1
 408 0242 9C       		.byte	0x9c
 409 0243 66020000 		.4byte	0x266
 410 0247 0D       		.uleb128 0xd
 411 0248 62757300 		.ascii	"bus\000"
 412 024c 01       		.byte	0x1
 413 024d 67       		.byte	0x67
 414 024e 2C020000 		.4byte	0x22c
 415 0252 21000000 		.4byte	.LLST1
 416 0256 0F       		.uleb128 0xf
 417 0257 10030000 		.4byte	.LASF36
 418 025b 01       		.byte	0x1
 419 025c 67       		.byte	0x67
 420 025d A4010000 		.4byte	0x1a4
 421 0261 42000000 		.4byte	.LLST2
 422 0265 00       		.byte	0
 423 0266 0E       		.uleb128 0xe
 424 0267 4E000000 		.4byte	.LASF38
 425 026b 01       		.byte	0x1
 426 026c 7F       		.byte	0x7f
 427 026d 00000000 		.4byte	.LFB120
 428 0271 0A000000 		.4byte	.LFE120-.LFB120
 429 0275 01       		.uleb128 0x1
 430 0276 9C       		.byte	0x9c
 431 0277 AB020000 		.4byte	0x2ab
 432 027b 0D       		.uleb128 0xd
 433 027c 62757300 		.ascii	"bus\000"
 434 0280 01       		.byte	0x1
 435 0281 7F       		.byte	0x7f
 436 0282 2C020000 		.4byte	0x22c
 437 0286 63000000 		.4byte	.LLST3
 438 028a 0F       		.uleb128 0xf
 439 028b E1020000 		.4byte	.LASF39
 440 028f 01       		.byte	0x1
 441 0290 7F       		.byte	0x7f
 442 0291 AF010000 		.4byte	0x1af
 443 0295 84000000 		.4byte	.LLST4
 444 0299 10       		.uleb128 0x10
 445 029a 0A000000 		.4byte	.LVL7
 446 029e B7020000 		.4byte	0x2b7
 447 02a2 11       		.uleb128 0x11
 448 02a3 01       		.uleb128 0x1
 449 02a4 52       		.byte	0x52
 450 02a5 03       		.uleb128 0x3
 451 02a6 F3       		.byte	0xf3
 452 02a7 01       		.uleb128 0x1
 453 02a8 51       		.byte	0x51
 454 02a9 00       		.byte	0
 455 02aa 00       		.byte	0
 456 02ab 12       		.uleb128 0x12
ARM GAS  /tmp/ccmOpC5F.s 			page 9


 457 02ac BD000000 		.4byte	.LASF44
 458 02b0 07       		.byte	0x7
 459 02b1 9806     		.2byte	0x698
 460 02b3 D2000000 		.4byte	0xd2
 461 02b7 13       		.uleb128 0x13
 462 02b8 A0010000 		.4byte	.LASF45
 463 02bc 05       		.byte	0x5
 464 02bd C201     		.2byte	0x1c2
 465 02bf 14       		.uleb128 0x14
 466 02c0 BA010000 		.4byte	0x1ba
 467 02c4 14       		.uleb128 0x14
 468 02c5 A4010000 		.4byte	0x1a4
 469 02c9 14       		.uleb128 0x14
 470 02ca AF010000 		.4byte	0x1af
 471 02ce 00       		.byte	0
 472 02cf 00       		.byte	0
 473              		.section	.debug_abbrev,"",%progbits
 474              	.Ldebug_abbrev0:
 475 0000 01       		.uleb128 0x1
 476 0001 11       		.uleb128 0x11
 477 0002 01       		.byte	0x1
 478 0003 25       		.uleb128 0x25
 479 0004 0E       		.uleb128 0xe
 480 0005 13       		.uleb128 0x13
 481 0006 0B       		.uleb128 0xb
 482 0007 03       		.uleb128 0x3
 483 0008 0E       		.uleb128 0xe
 484 0009 1B       		.uleb128 0x1b
 485 000a 0E       		.uleb128 0xe
 486 000b 55       		.uleb128 0x55
 487 000c 17       		.uleb128 0x17
 488 000d 11       		.uleb128 0x11
 489 000e 01       		.uleb128 0x1
 490 000f 10       		.uleb128 0x10
 491 0010 17       		.uleb128 0x17
 492 0011 00       		.byte	0
 493 0012 00       		.byte	0
 494 0013 02       		.uleb128 0x2
 495 0014 24       		.uleb128 0x24
 496 0015 00       		.byte	0
 497 0016 0B       		.uleb128 0xb
 498 0017 0B       		.uleb128 0xb
 499 0018 3E       		.uleb128 0x3e
 500 0019 0B       		.uleb128 0xb
 501 001a 03       		.uleb128 0x3
 502 001b 08       		.uleb128 0x8
 503 001c 00       		.byte	0
 504 001d 00       		.byte	0
 505 001e 03       		.uleb128 0x3
 506 001f 24       		.uleb128 0x24
 507 0020 00       		.byte	0
 508 0021 0B       		.uleb128 0xb
 509 0022 0B       		.uleb128 0xb
 510 0023 3E       		.uleb128 0x3e
 511 0024 0B       		.uleb128 0xb
 512 0025 03       		.uleb128 0x3
 513 0026 0E       		.uleb128 0xe
ARM GAS  /tmp/ccmOpC5F.s 			page 10


 514 0027 00       		.byte	0
 515 0028 00       		.byte	0
 516 0029 04       		.uleb128 0x4
 517 002a 16       		.uleb128 0x16
 518 002b 00       		.byte	0
 519 002c 03       		.uleb128 0x3
 520 002d 0E       		.uleb128 0xe
 521 002e 3A       		.uleb128 0x3a
 522 002f 0B       		.uleb128 0xb
 523 0030 3B       		.uleb128 0x3b
 524 0031 0B       		.uleb128 0xb
 525 0032 49       		.uleb128 0x49
 526 0033 13       		.uleb128 0x13
 527 0034 00       		.byte	0
 528 0035 00       		.byte	0
 529 0036 05       		.uleb128 0x5
 530 0037 35       		.uleb128 0x35
 531 0038 00       		.byte	0
 532 0039 49       		.uleb128 0x49
 533 003a 13       		.uleb128 0x13
 534 003b 00       		.byte	0
 535 003c 00       		.byte	0
 536 003d 06       		.uleb128 0x6
 537 003e 13       		.uleb128 0x13
 538 003f 01       		.byte	0x1
 539 0040 0B       		.uleb128 0xb
 540 0041 0B       		.uleb128 0xb
 541 0042 3A       		.uleb128 0x3a
 542 0043 0B       		.uleb128 0xb
 543 0044 3B       		.uleb128 0x3b
 544 0045 0B       		.uleb128 0xb
 545 0046 01       		.uleb128 0x1
 546 0047 13       		.uleb128 0x13
 547 0048 00       		.byte	0
 548 0049 00       		.byte	0
 549 004a 07       		.uleb128 0x7
 550 004b 0D       		.uleb128 0xd
 551 004c 00       		.byte	0
 552 004d 03       		.uleb128 0x3
 553 004e 08       		.uleb128 0x8
 554 004f 3A       		.uleb128 0x3a
 555 0050 0B       		.uleb128 0xb
 556 0051 3B       		.uleb128 0x3b
 557 0052 0B       		.uleb128 0xb
 558 0053 49       		.uleb128 0x49
 559 0054 13       		.uleb128 0x13
 560 0055 38       		.uleb128 0x38
 561 0056 0B       		.uleb128 0xb
 562 0057 00       		.byte	0
 563 0058 00       		.byte	0
 564 0059 08       		.uleb128 0x8
 565 005a 0D       		.uleb128 0xd
 566 005b 00       		.byte	0
 567 005c 03       		.uleb128 0x3
 568 005d 0E       		.uleb128 0xe
 569 005e 3A       		.uleb128 0x3a
 570 005f 0B       		.uleb128 0xb
ARM GAS  /tmp/ccmOpC5F.s 			page 11


 571 0060 3B       		.uleb128 0x3b
 572 0061 0B       		.uleb128 0xb
 573 0062 49       		.uleb128 0x49
 574 0063 13       		.uleb128 0x13
 575 0064 38       		.uleb128 0x38
 576 0065 0B       		.uleb128 0xb
 577 0066 00       		.byte	0
 578 0067 00       		.byte	0
 579 0068 09       		.uleb128 0x9
 580 0069 17       		.uleb128 0x17
 581 006a 01       		.byte	0x1
 582 006b 0B       		.uleb128 0xb
 583 006c 0B       		.uleb128 0xb
 584 006d 3A       		.uleb128 0x3a
 585 006e 0B       		.uleb128 0xb
 586 006f 3B       		.uleb128 0x3b
 587 0070 0B       		.uleb128 0xb
 588 0071 01       		.uleb128 0x1
 589 0072 13       		.uleb128 0x13
 590 0073 00       		.byte	0
 591 0074 00       		.byte	0
 592 0075 0A       		.uleb128 0xa
 593 0076 0D       		.uleb128 0xd
 594 0077 00       		.byte	0
 595 0078 03       		.uleb128 0x3
 596 0079 08       		.uleb128 0x8
 597 007a 3A       		.uleb128 0x3a
 598 007b 0B       		.uleb128 0xb
 599 007c 3B       		.uleb128 0x3b
 600 007d 0B       		.uleb128 0xb
 601 007e 49       		.uleb128 0x49
 602 007f 13       		.uleb128 0x13
 603 0080 00       		.byte	0
 604 0081 00       		.byte	0
 605 0082 0B       		.uleb128 0xb
 606 0083 0F       		.uleb128 0xf
 607 0084 00       		.byte	0
 608 0085 0B       		.uleb128 0xb
 609 0086 0B       		.uleb128 0xb
 610 0087 49       		.uleb128 0x49
 611 0088 13       		.uleb128 0x13
 612 0089 00       		.byte	0
 613 008a 00       		.byte	0
 614 008b 0C       		.uleb128 0xc
 615 008c 2E       		.uleb128 0x2e
 616 008d 01       		.byte	0x1
 617 008e 3F       		.uleb128 0x3f
 618 008f 19       		.uleb128 0x19
 619 0090 03       		.uleb128 0x3
 620 0091 0E       		.uleb128 0xe
 621 0092 3A       		.uleb128 0x3a
 622 0093 0B       		.uleb128 0xb
 623 0094 3B       		.uleb128 0x3b
 624 0095 0B       		.uleb128 0xb
 625 0096 27       		.uleb128 0x27
 626 0097 19       		.uleb128 0x19
 627 0098 49       		.uleb128 0x49
ARM GAS  /tmp/ccmOpC5F.s 			page 12


 628 0099 13       		.uleb128 0x13
 629 009a 11       		.uleb128 0x11
 630 009b 01       		.uleb128 0x1
 631 009c 12       		.uleb128 0x12
 632 009d 06       		.uleb128 0x6
 633 009e 40       		.uleb128 0x40
 634 009f 18       		.uleb128 0x18
 635 00a0 9742     		.uleb128 0x2117
 636 00a2 19       		.uleb128 0x19
 637 00a3 01       		.uleb128 0x1
 638 00a4 13       		.uleb128 0x13
 639 00a5 00       		.byte	0
 640 00a6 00       		.byte	0
 641 00a7 0D       		.uleb128 0xd
 642 00a8 05       		.uleb128 0x5
 643 00a9 00       		.byte	0
 644 00aa 03       		.uleb128 0x3
 645 00ab 08       		.uleb128 0x8
 646 00ac 3A       		.uleb128 0x3a
 647 00ad 0B       		.uleb128 0xb
 648 00ae 3B       		.uleb128 0x3b
 649 00af 0B       		.uleb128 0xb
 650 00b0 49       		.uleb128 0x49
 651 00b1 13       		.uleb128 0x13
 652 00b2 02       		.uleb128 0x2
 653 00b3 17       		.uleb128 0x17
 654 00b4 00       		.byte	0
 655 00b5 00       		.byte	0
 656 00b6 0E       		.uleb128 0xe
 657 00b7 2E       		.uleb128 0x2e
 658 00b8 01       		.byte	0x1
 659 00b9 3F       		.uleb128 0x3f
 660 00ba 19       		.uleb128 0x19
 661 00bb 03       		.uleb128 0x3
 662 00bc 0E       		.uleb128 0xe
 663 00bd 3A       		.uleb128 0x3a
 664 00be 0B       		.uleb128 0xb
 665 00bf 3B       		.uleb128 0x3b
 666 00c0 0B       		.uleb128 0xb
 667 00c1 27       		.uleb128 0x27
 668 00c2 19       		.uleb128 0x19
 669 00c3 11       		.uleb128 0x11
 670 00c4 01       		.uleb128 0x1
 671 00c5 12       		.uleb128 0x12
 672 00c6 06       		.uleb128 0x6
 673 00c7 40       		.uleb128 0x40
 674 00c8 18       		.uleb128 0x18
 675 00c9 9742     		.uleb128 0x2117
 676 00cb 19       		.uleb128 0x19
 677 00cc 01       		.uleb128 0x1
 678 00cd 13       		.uleb128 0x13
 679 00ce 00       		.byte	0
 680 00cf 00       		.byte	0
 681 00d0 0F       		.uleb128 0xf
 682 00d1 05       		.uleb128 0x5
 683 00d2 00       		.byte	0
 684 00d3 03       		.uleb128 0x3
ARM GAS  /tmp/ccmOpC5F.s 			page 13


 685 00d4 0E       		.uleb128 0xe
 686 00d5 3A       		.uleb128 0x3a
 687 00d6 0B       		.uleb128 0xb
 688 00d7 3B       		.uleb128 0x3b
 689 00d8 0B       		.uleb128 0xb
 690 00d9 49       		.uleb128 0x49
 691 00da 13       		.uleb128 0x13
 692 00db 02       		.uleb128 0x2
 693 00dc 17       		.uleb128 0x17
 694 00dd 00       		.byte	0
 695 00de 00       		.byte	0
 696 00df 10       		.uleb128 0x10
 697 00e0 898201   		.uleb128 0x4109
 698 00e3 01       		.byte	0x1
 699 00e4 11       		.uleb128 0x11
 700 00e5 01       		.uleb128 0x1
 701 00e6 9542     		.uleb128 0x2115
 702 00e8 19       		.uleb128 0x19
 703 00e9 31       		.uleb128 0x31
 704 00ea 13       		.uleb128 0x13
 705 00eb 00       		.byte	0
 706 00ec 00       		.byte	0
 707 00ed 11       		.uleb128 0x11
 708 00ee 8A8201   		.uleb128 0x410a
 709 00f1 00       		.byte	0
 710 00f2 02       		.uleb128 0x2
 711 00f3 18       		.uleb128 0x18
 712 00f4 9142     		.uleb128 0x2111
 713 00f6 18       		.uleb128 0x18
 714 00f7 00       		.byte	0
 715 00f8 00       		.byte	0
 716 00f9 12       		.uleb128 0x12
 717 00fa 34       		.uleb128 0x34
 718 00fb 00       		.byte	0
 719 00fc 03       		.uleb128 0x3
 720 00fd 0E       		.uleb128 0xe
 721 00fe 3A       		.uleb128 0x3a
 722 00ff 0B       		.uleb128 0xb
 723 0100 3B       		.uleb128 0x3b
 724 0101 05       		.uleb128 0x5
 725 0102 49       		.uleb128 0x49
 726 0103 13       		.uleb128 0x13
 727 0104 3F       		.uleb128 0x3f
 728 0105 19       		.uleb128 0x19
 729 0106 3C       		.uleb128 0x3c
 730 0107 19       		.uleb128 0x19
 731 0108 00       		.byte	0
 732 0109 00       		.byte	0
 733 010a 13       		.uleb128 0x13
 734 010b 2E       		.uleb128 0x2e
 735 010c 01       		.byte	0x1
 736 010d 3F       		.uleb128 0x3f
 737 010e 19       		.uleb128 0x19
 738 010f 03       		.uleb128 0x3
 739 0110 0E       		.uleb128 0xe
 740 0111 3A       		.uleb128 0x3a
 741 0112 0B       		.uleb128 0xb
ARM GAS  /tmp/ccmOpC5F.s 			page 14


 742 0113 3B       		.uleb128 0x3b
 743 0114 05       		.uleb128 0x5
 744 0115 27       		.uleb128 0x27
 745 0116 19       		.uleb128 0x19
 746 0117 3C       		.uleb128 0x3c
 747 0118 19       		.uleb128 0x19
 748 0119 00       		.byte	0
 749 011a 00       		.byte	0
 750 011b 14       		.uleb128 0x14
 751 011c 05       		.uleb128 0x5
 752 011d 00       		.byte	0
 753 011e 49       		.uleb128 0x49
 754 011f 13       		.uleb128 0x13
 755 0120 00       		.byte	0
 756 0121 00       		.byte	0
 757 0122 00       		.byte	0
 758              		.section	.debug_loc,"",%progbits
 759              	.Ldebug_loc0:
 760              	.LLST0:
 761 0000 00000000 		.4byte	.LVL0
 762 0004 0C000000 		.4byte	.LVL1
 763 0008 0100     		.2byte	0x1
 764 000a 50       		.byte	0x50
 765 000b 0C000000 		.4byte	.LVL1
 766 000f 10000000 		.4byte	.LFE118
 767 0013 0400     		.2byte	0x4
 768 0015 F3       		.byte	0xf3
 769 0016 01       		.uleb128 0x1
 770 0017 50       		.byte	0x50
 771 0018 9F       		.byte	0x9f
 772 0019 00000000 		.4byte	0
 773 001d 00000000 		.4byte	0
 774              	.LLST1:
 775 0021 00000000 		.4byte	.LVL2
 776 0025 04000000 		.4byte	.LVL3
 777 0029 0100     		.2byte	0x1
 778 002b 50       		.byte	0x50
 779 002c 04000000 		.4byte	.LVL3
 780 0030 1E000000 		.4byte	.LFE119
 781 0034 0400     		.2byte	0x4
 782 0036 F3       		.byte	0xf3
 783 0037 01       		.uleb128 0x1
 784 0038 50       		.byte	0x50
 785 0039 9F       		.byte	0x9f
 786 003a 00000000 		.4byte	0
 787 003e 00000000 		.4byte	0
 788              	.LLST2:
 789 0042 00000000 		.4byte	.LVL2
 790 0046 12000000 		.4byte	.LVL4
 791 004a 0100     		.2byte	0x1
 792 004c 51       		.byte	0x51
 793 004d 12000000 		.4byte	.LVL4
 794 0051 1E000000 		.4byte	.LFE119
 795 0055 0400     		.2byte	0x4
 796 0057 F3       		.byte	0xf3
 797 0058 01       		.uleb128 0x1
 798 0059 51       		.byte	0x51
ARM GAS  /tmp/ccmOpC5F.s 			page 15


 799 005a 9F       		.byte	0x9f
 800 005b 00000000 		.4byte	0
 801 005f 00000000 		.4byte	0
 802              	.LLST3:
 803 0063 00000000 		.4byte	.LVL5
 804 0067 04000000 		.4byte	.LVL6
 805 006b 0100     		.2byte	0x1
 806 006d 50       		.byte	0x50
 807 006e 04000000 		.4byte	.LVL6
 808 0072 0A000000 		.4byte	.LFE120
 809 0076 0400     		.2byte	0x4
 810 0078 F3       		.byte	0xf3
 811 0079 01       		.uleb128 0x1
 812 007a 50       		.byte	0x50
 813 007b 9F       		.byte	0x9f
 814 007c 00000000 		.4byte	0
 815 0080 00000000 		.4byte	0
 816              	.LLST4:
 817 0084 00000000 		.4byte	.LVL5
 818 0088 04000000 		.4byte	.LVL6
 819 008c 0100     		.2byte	0x1
 820 008e 51       		.byte	0x51
 821 008f 04000000 		.4byte	.LVL6
 822 0093 09000000 		.4byte	.LVL7-1
 823 0097 0100     		.2byte	0x1
 824 0099 52       		.byte	0x52
 825 009a 09000000 		.4byte	.LVL7-1
 826 009e 0A000000 		.4byte	.LFE120
 827 00a2 0400     		.2byte	0x4
 828 00a4 F3       		.byte	0xf3
 829 00a5 01       		.uleb128 0x1
 830 00a6 51       		.byte	0x51
 831 00a7 9F       		.byte	0x9f
 832 00a8 00000000 		.4byte	0
 833 00ac 00000000 		.4byte	0
 834              		.section	.debug_aranges,"",%progbits
 835 0000 2C000000 		.4byte	0x2c
 836 0004 0200     		.2byte	0x2
 837 0006 00000000 		.4byte	.Ldebug_info0
 838 000a 04       		.byte	0x4
 839 000b 00       		.byte	0
 840 000c 0000     		.2byte	0
 841 000e 0000     		.2byte	0
 842 0010 00000000 		.4byte	.LFB118
 843 0014 10000000 		.4byte	.LFE118-.LFB118
 844 0018 00000000 		.4byte	.LFB119
 845 001c 1E000000 		.4byte	.LFE119-.LFB119
 846 0020 00000000 		.4byte	.LFB120
 847 0024 0A000000 		.4byte	.LFE120-.LFB120
 848 0028 00000000 		.4byte	0
 849 002c 00000000 		.4byte	0
 850              		.section	.debug_ranges,"",%progbits
 851              	.Ldebug_ranges0:
 852 0000 00000000 		.4byte	.LFB118
 853 0004 10000000 		.4byte	.LFE118
 854 0008 00000000 		.4byte	.LFB119
 855 000c 1E000000 		.4byte	.LFE119
ARM GAS  /tmp/ccmOpC5F.s 			page 16


 856 0010 00000000 		.4byte	.LFB120
 857 0014 0A000000 		.4byte	.LFE120
 858 0018 00000000 		.4byte	0
 859 001c 00000000 		.4byte	0
 860              		.section	.debug_line,"",%progbits
 861              	.Ldebug_line0:
 862 0000 9B030000 		.section	.debug_str,"MS",%progbits,1
 862      02005F03 
 862      00000201 
 862      FB0E0D00 
 862      01010101 
 863              	.LASF25:
 864 0000 4C434B52 		.ascii	"LCKR\000"
 864      00
 865              	.LASF19:
 866 0005 636C6561 		.ascii	"clear\000"
 866      7200
 867              	.LASF20:
 868 000b 4D4F4445 		.ascii	"MODER\000"
 868      5200
 869              	.LASF43:
 870 0011 70616C52 		.ascii	"palReadBus\000"
 870      65616442 
 870      757300
 871              	.LASF6:
 872 001c 5F5F696E 		.ascii	"__int32_t\000"
 872      7433325F 
 872      7400
 873              	.LASF15:
 874 0026 75696E74 		.ascii	"uint_fast8_t\000"
 874      5F666173 
 874      74385F74 
 874      00
 875              	.LASF24:
 876 0033 42535252 		.ascii	"BSRR\000"
 876      00
 877              	.LASF37:
 878 0038 70616C57 		.ascii	"palWriteBus\000"
 878      72697465 
 878      42757300 
 879              	.LASF3:
 880 0044 73686F72 		.ascii	"short int\000"
 880      7420696E 
 880      7400
 881              	.LASF38:
 882 004e 70616C53 		.ascii	"palSetBusMode\000"
 882      65744275 
 882      734D6F64 
 882      6500
 883              	.LASF32:
 884 005c 706F7274 		.ascii	"portid\000"
 884      696400
 885              	.LASF29:
 886 0063 696F706F 		.ascii	"ioportmask_t\000"
 886      72746D61 
 886      736B5F74 
 886      00
ARM GAS  /tmp/ccmOpC5F.s 			page 17


 887              	.LASF21:
 888 0070 4F545950 		.ascii	"OTYPER\000"
 888      455200
 889              	.LASF30:
 890 0077 696F6D6F 		.ascii	"iomode_t\000"
 890      64655F74 
 890      00
 891              	.LASF2:
 892 0080 756E7369 		.ascii	"unsigned char\000"
 892      676E6564 
 892      20636861 
 892      7200
 893              	.LASF27:
 894 008e 41465248 		.ascii	"AFRH\000"
 894      00
 895              	.LASF9:
 896 0093 6C6F6E67 		.ascii	"long unsigned int\000"
 896      20756E73 
 896      69676E65 
 896      6420696E 
 896      7400
 897              	.LASF4:
 898 00a5 73686F72 		.ascii	"short unsigned int\000"
 898      7420756E 
 898      7369676E 
 898      65642069 
 898      6E7400
 899              	.LASF26:
 900 00b8 4146524C 		.ascii	"AFRL\000"
 900      00
 901              	.LASF44:
 902 00bd 49544D5F 		.ascii	"ITM_RxBuffer\000"
 902      52784275 
 902      66666572 
 902      00
 903              	.LASF5:
 904 00ca 5F5F7569 		.ascii	"__uint16_t\000"
 904      6E743136 
 904      5F7400
 905              	.LASF42:
 906 00d5 2F686F6D 		.ascii	"/home/sbcu/Dropbox/pcb-layouts/axo-on-discovery-boa"
 906      652F7362 
 906      63752F44 
 906      726F7062 
 906      6F782F70 
 907 0108 72642F61 		.ascii	"rd/axoloti/firmware/flasher\000"
 907      786F6C6F 
 907      74692F66 
 907      69726D77 
 907      6172652F 
 908              	.LASF8:
 909 0124 5F5F7569 		.ascii	"__uint32_t\000"
 909      6E743332 
 909      5F7400
 910              	.LASF41:
 911 012f 2F686F6D 		.ascii	"/home/sbcu/Dropbox/pcb-layouts/axo-on-discovery-boa"
 911      652F7362 
ARM GAS  /tmp/ccmOpC5F.s 			page 18


 911      63752F44 
 911      726F7062 
 911      6F782F70 
 912 0162 72642F61 		.ascii	"rd/axoloti/platform_linux/../chibios/os/hal/src/pal"
 912      786F6C6F 
 912      74692F70 
 912      6C617466 
 912      6F726D5F 
 913 0195 2E6300   		.ascii	".c\000"
 914              	.LASF22:
 915 0198 4F535045 		.ascii	"OSPEEDR\000"
 915      45445200 
 916              	.LASF45:
 917 01a0 5F70616C 		.ascii	"_pal_lld_setgroupmode\000"
 917      5F6C6C64 
 917      5F736574 
 917      67726F75 
 917      706D6F64 
 918              	.LASF0:
 919 01b6 756E7369 		.ascii	"unsigned int\000"
 919      676E6564 
 919      20696E74 
 919      00
 920              	.LASF40:
 921 01c3 474E5520 		.ascii	"GNU C 4.9.3 20150529 (release) [ARM/embedded-4_9-br"
 921      4320342E 
 921      392E3320 
 921      32303135 
 921      30353239 
 922 01f6 616E6368 		.ascii	"anch revision 224288] -mcpu=cortex-m4 -mfloat-abi=h"
 922      20726576 
 922      6973696F 
 922      6E203232 
 922      34323838 
 923 0229 61726420 		.ascii	"ard -mfpu=fpv4-sp-d16 -mno-thumb-interwork -mthumb "
 923      2D6D6670 
 923      753D6670 
 923      76342D73 
 923      702D6431 
 924 025c 2D676764 		.ascii	"-ggdb -O2 -fomit-frame-pointer -falign-functions=16"
 924      62202D4F 
 924      32202D66 
 924      6F6D6974 
 924      2D667261 
 925 028f 202D6666 		.ascii	" -ffunction-sections -fdata-sections -fno-common -f"
 925      756E6374 
 925      696F6E2D 
 925      73656374 
 925      696F6E73 
 926 02c2 73696E67 		.ascii	"single-precision-constant\000"
 926      6C652D70 
 926      72656369 
 926      73696F6E 
 926      2D636F6E 
 927              	.LASF18:
 928 02dc 63686172 		.ascii	"char\000"
 928      00
ARM GAS  /tmp/ccmOpC5F.s 			page 19


 929              	.LASF39:
 930 02e1 6D6F6465 		.ascii	"mode\000"
 930      00
 931              	.LASF13:
 932 02e6 696E7433 		.ascii	"int32_t\000"
 932      325F7400 
 933              	.LASF17:
 934 02ee 73697A65 		.ascii	"sizetype\000"
 934      74797065 
 934      00
 935              	.LASF23:
 936 02f7 50555044 		.ascii	"PUPDR\000"
 936      5200
 937              	.LASF10:
 938 02fd 6C6F6E67 		.ascii	"long long int\000"
 938      206C6F6E 
 938      6720696E 
 938      7400
 939              	.LASF33:
 940 030b 6D61736B 		.ascii	"mask\000"
 940      00
 941              	.LASF36:
 942 0310 62697473 		.ascii	"bits\000"
 942      00
 943              	.LASF34:
 944 0315 6F666673 		.ascii	"offset\000"
 944      657400
 945              	.LASF31:
 946 031c 696F706F 		.ascii	"ioportid_t\000"
 946      72746964 
 946      5F7400
 947              	.LASF12:
 948 0327 75696E74 		.ascii	"uint16_t\000"
 948      31365F74 
 948      00
 949              	.LASF14:
 950 0330 75696E74 		.ascii	"uint32_t\000"
 950      33325F74 
 950      00
 951              	.LASF7:
 952 0339 6C6F6E67 		.ascii	"long int\000"
 952      20696E74 
 952      00
 953              	.LASF28:
 954 0342 4750494F 		.ascii	"GPIO_TypeDef\000"
 954      5F547970 
 954      65446566 
 954      00
 955              	.LASF1:
 956 034f 7369676E 		.ascii	"signed char\000"
 956      65642063 
 956      68617200 
 957              	.LASF16:
 958 035b 5F426F6F 		.ascii	"_Bool\000"
 958      6C00
 959              	.LASF11:
 960 0361 6C6F6E67 		.ascii	"long long unsigned int\000"
ARM GAS  /tmp/ccmOpC5F.s 			page 20


 960      206C6F6E 
 960      6720756E 
 960      7369676E 
 960      65642069 
 961              	.LASF35:
 962 0378 494F4275 		.ascii	"IOBus\000"
 962      7300
 963              		.ident	"GCC: (GNU Tools for ARM Embedded Processors) 4.9.3 20150529 (release) [ARM/embedded-4_9-br
ARM GAS  /tmp/ccmOpC5F.s 			page 21


DEFINED SYMBOLS
                            *ABS*:00000000 pal.c
     /tmp/ccmOpC5F.s:21     .text.palReadBus:00000000 $t
     /tmp/ccmOpC5F.s:27     .text.palReadBus:00000000 palReadBus
     /tmp/ccmOpC5F.s:50     .text.palWriteBus:00000000 $t
     /tmp/ccmOpC5F.s:56     .text.palWriteBus:00000000 palWriteBus
     /tmp/ccmOpC5F.s:89     .text.palSetBusMode:00000000 $t
     /tmp/ccmOpC5F.s:95     .text.palSetBusMode:00000000 palSetBusMode
                     .debug_frame:00000010 $d

UNDEFINED SYMBOLS
_pal_lld_setgroupmode
