ARM GAS  /tmp/ccx4Fs3L.s 			page 1


   1              		.syntax unified
   2              		.cpu cortex-m4
   3              		.eabi_attribute 27, 1
   4              		.eabi_attribute 28, 1
   5              		.fpu fpv4-sp-d16
   6              		.eabi_attribute 20, 1
   7              		.eabi_attribute 21, 1
   8              		.eabi_attribute 23, 3
   9              		.eabi_attribute 24, 1
  10              		.eabi_attribute 25, 1
  11              		.eabi_attribute 26, 1
  12              		.eabi_attribute 30, 2
  13              		.eabi_attribute 34, 1
  14              		.eabi_attribute 18, 4
  15              		.thumb
  16              		.file	"pal_lld.c"
  17              		.text
  18              	.Ltext0:
  19              		.cfi_sections	.debug_frame
  20              		.section	.text._pal_lld_init,"ax",%progbits
  21              		.align	2
  22              		.p2align 4,,15
  23              		.global	_pal_lld_init
  24              		.thumb
  25              		.thumb_func
  26              		.type	_pal_lld_init, %function
  27              	_pal_lld_init:
  28              	.LFB119:
  29              		.file 1 "/home/sbcu/Dropbox/pcb-layouts/axo-on-discovery-board/axoloti/platform_linux/../chibios/o
  30              		.loc 1 119 0
  31              		.cfi_startproc
  32              		@ args = 0, pretend = 0, frame = 0
  33              		@ frame_needed = 0, uses_anonymous_args = 0
  34              	.LVL0:
  35 0000 2DE9F04F 		push	{r4, r5, r6, r7, r8, r9, r10, fp, lr}
  36              		.cfi_def_cfa_offset 36
  37              		.cfi_offset 4, -36
  38              		.cfi_offset 5, -32
  39              		.cfi_offset 6, -28
  40              		.cfi_offset 7, -24
  41              		.cfi_offset 8, -20
  42              		.cfi_offset 9, -16
  43              		.cfi_offset 10, -12
  44              		.cfi_offset 11, -8
  45              		.cfi_offset 14, -4
  46              		.loc 1 132 0
  47 0004 DFF8B481 		ldr	r8, .L3+24
  48              	.LBB20:
  49              	.LBB21:
  50              		.loc 1 94 0
  51 0008 DFF8B4C1 		ldr	ip, .L3+28
  52              	.LBE21:
  53              	.LBE20:
  54              		.loc 1 132 0
  55 000c D8F830A0 		ldr	r10, [r8, #48]
  56              	.LBB23:
  57              	.LBB24:
ARM GAS  /tmp/ccx4Fs3L.s 			page 2


  58              		.loc 1 94 0
  59 0010 DFF8B0E1 		ldr	lr, .L3+32
  60              	.LBE24:
  61              	.LBE23:
  62              	.LBB26:
  63              	.LBB27:
  64 0014 634F     		ldr	r7, .L3
  65              	.LBE27:
  66              	.LBE26:
  67              	.LBB29:
  68              	.LBB30:
  69 0016 644E     		ldr	r6, .L3+4
  70              	.LBE30:
  71              	.LBE29:
  72              	.LBB32:
  73              	.LBB33:
  74 0018 644D     		ldr	r5, .L3+8
  75              	.LBE33:
  76              	.LBE32:
  77              	.LBB35:
  78              	.LBB36:
  79 001a 654C     		ldr	r4, .L3+12
  80              	.LBE36:
  81              	.LBE35:
  82              	.LBB38:
  83              	.LBB39:
  84 001c 6549     		ldr	r1, .L3+16
  85              	.LBE39:
  86              	.LBE38:
  87              	.LBB41:
  88              	.LBB42:
  89 001e 664A     		ldr	r2, .L3+20
  90              	.LBE42:
  91              	.LBE41:
  92              	.LBB44:
  93              	.LBB45:
  94 0020 DFF8A4B1 		ldr	fp, .L3+36
  95              	.LBE45:
  96              	.LBE44:
  97              		.loc 1 132 0
  98 0024 40F2FF19 		movw	r9, #511
  99 0028 4AEA090A 		orr	r10, r10, r9
 100 002c C8F830A0 		str	r10, [r8, #48]
 101              		.loc 1 133 0
 102 0030 D8F850A0 		ldr	r10, [r8, #80]
 103 0034 4AEA0909 		orr	r9, r10, r9
 104 0038 C8F85090 		str	r9, [r8, #80]
 105              	.LVL1:
 106              	.LBB47:
 107              	.LBB22:
 108              		.loc 1 94 0
 109 003c 4368     		ldr	r3, [r0, #4]
 110 003e CCF80430 		str	r3, [ip, #4]
 111              		.loc 1 95 0
 112 0042 8368     		ldr	r3, [r0, #8]
 113 0044 CCF80830 		str	r3, [ip, #8]
 114              		.loc 1 96 0
ARM GAS  /tmp/ccx4Fs3L.s 			page 3


 115 0048 C368     		ldr	r3, [r0, #12]
 116 004a CCF80C30 		str	r3, [ip, #12]
 117              		.loc 1 97 0
 118 004e 0369     		ldr	r3, [r0, #16]
 119 0050 CCF81430 		str	r3, [ip, #20]
 120              		.loc 1 98 0
 121 0054 4369     		ldr	r3, [r0, #20]
 122 0056 CCF82030 		str	r3, [ip, #32]
 123              		.loc 1 99 0
 124 005a 8369     		ldr	r3, [r0, #24]
 125 005c CCF82430 		str	r3, [ip, #36]
 126              		.loc 1 100 0
 127 0060 0368     		ldr	r3, [r0]
 128 0062 CCF80030 		str	r3, [ip]
 129              	.LVL2:
 130              	.LBE22:
 131              	.LBE47:
 132              	.LBB48:
 133              	.LBB25:
 134              		.loc 1 94 0
 135 0066 036A     		ldr	r3, [r0, #32]
 136 0068 CEF80430 		str	r3, [lr, #4]
 137              		.loc 1 95 0
 138 006c 436A     		ldr	r3, [r0, #36]
 139 006e CEF80830 		str	r3, [lr, #8]
 140              		.loc 1 96 0
 141 0072 836A     		ldr	r3, [r0, #40]
 142 0074 CEF80C30 		str	r3, [lr, #12]
 143              		.loc 1 97 0
 144 0078 C36A     		ldr	r3, [r0, #44]
 145 007a CEF81430 		str	r3, [lr, #20]
 146              		.loc 1 98 0
 147 007e 036B     		ldr	r3, [r0, #48]
 148 0080 CEF82030 		str	r3, [lr, #32]
 149              		.loc 1 99 0
 150 0084 436B     		ldr	r3, [r0, #52]
 151 0086 CEF82430 		str	r3, [lr, #36]
 152              		.loc 1 100 0
 153 008a C369     		ldr	r3, [r0, #28]
 154 008c CEF80030 		str	r3, [lr]
 155              	.LVL3:
 156              	.LBE25:
 157              	.LBE48:
 158              	.LBB49:
 159              	.LBB28:
 160              		.loc 1 94 0
 161 0090 C36B     		ldr	r3, [r0, #60]
 162 0092 7B60     		str	r3, [r7, #4]
 163              		.loc 1 95 0
 164 0094 036C     		ldr	r3, [r0, #64]
 165 0096 BB60     		str	r3, [r7, #8]
 166              		.loc 1 96 0
 167 0098 436C     		ldr	r3, [r0, #68]
 168 009a FB60     		str	r3, [r7, #12]
 169              		.loc 1 97 0
 170 009c 836C     		ldr	r3, [r0, #72]
 171 009e 7B61     		str	r3, [r7, #20]
ARM GAS  /tmp/ccx4Fs3L.s 			page 4


 172              		.loc 1 98 0
 173 00a0 C36C     		ldr	r3, [r0, #76]
 174 00a2 3B62     		str	r3, [r7, #32]
 175              		.loc 1 99 0
 176 00a4 036D     		ldr	r3, [r0, #80]
 177 00a6 7B62     		str	r3, [r7, #36]
 178              		.loc 1 100 0
 179 00a8 836B     		ldr	r3, [r0, #56]
 180 00aa 3B60     		str	r3, [r7]
 181              	.LVL4:
 182              	.LBE28:
 183              	.LBE49:
 184              	.LBB50:
 185              	.LBB31:
 186              		.loc 1 94 0
 187 00ac 876D     		ldr	r7, [r0, #88]
 188 00ae 7760     		str	r7, [r6, #4]
 189              		.loc 1 95 0
 190 00b0 C76D     		ldr	r7, [r0, #92]
 191 00b2 B760     		str	r7, [r6, #8]
 192              		.loc 1 96 0
 193 00b4 076E     		ldr	r7, [r0, #96]
 194 00b6 F760     		str	r7, [r6, #12]
 195              		.loc 1 97 0
 196 00b8 476E     		ldr	r7, [r0, #100]
 197 00ba 7761     		str	r7, [r6, #20]
 198              		.loc 1 98 0
 199 00bc 876E     		ldr	r7, [r0, #104]
 200 00be 3762     		str	r7, [r6, #32]
 201              		.loc 1 99 0
 202 00c0 C76E     		ldr	r7, [r0, #108]
 203 00c2 7762     		str	r7, [r6, #36]
 204              		.loc 1 100 0
 205 00c4 476D     		ldr	r7, [r0, #84]
 206 00c6 3760     		str	r7, [r6]
 207              	.LVL5:
 208              	.LBE31:
 209              	.LBE50:
 210              	.LBB51:
 211              	.LBB34:
 212              		.loc 1 94 0
 213 00c8 466F     		ldr	r6, [r0, #116]
 214 00ca 6E60     		str	r6, [r5, #4]
 215              		.loc 1 95 0
 216 00cc 866F     		ldr	r6, [r0, #120]
 217 00ce AE60     		str	r6, [r5, #8]
 218              		.loc 1 96 0
 219 00d0 C66F     		ldr	r6, [r0, #124]
 220 00d2 EE60     		str	r6, [r5, #12]
 221              		.loc 1 97 0
 222 00d4 D0F88060 		ldr	r6, [r0, #128]
 223 00d8 6E61     		str	r6, [r5, #20]
 224              		.loc 1 98 0
 225 00da D0F88460 		ldr	r6, [r0, #132]
 226 00de 2E62     		str	r6, [r5, #32]
 227              		.loc 1 99 0
 228 00e0 D0F88860 		ldr	r6, [r0, #136]
ARM GAS  /tmp/ccx4Fs3L.s 			page 5


 229 00e4 6E62     		str	r6, [r5, #36]
 230              		.loc 1 100 0
 231 00e6 066F     		ldr	r6, [r0, #112]
 232 00e8 2E60     		str	r6, [r5]
 233              	.LVL6:
 234              	.LBE34:
 235              	.LBE51:
 236              	.LBB52:
 237              	.LBB37:
 238              		.loc 1 94 0
 239 00ea D0F89050 		ldr	r5, [r0, #144]
 240 00ee 6560     		str	r5, [r4, #4]
 241              		.loc 1 95 0
 242 00f0 D0F89450 		ldr	r5, [r0, #148]
 243 00f4 A560     		str	r5, [r4, #8]
 244              		.loc 1 96 0
 245 00f6 D0F89850 		ldr	r5, [r0, #152]
 246 00fa E560     		str	r5, [r4, #12]
 247              		.loc 1 97 0
 248 00fc D0F89C50 		ldr	r5, [r0, #156]
 249 0100 6561     		str	r5, [r4, #20]
 250              		.loc 1 98 0
 251 0102 D0F8A050 		ldr	r5, [r0, #160]
 252 0106 2562     		str	r5, [r4, #32]
 253              		.loc 1 99 0
 254 0108 D0F8A450 		ldr	r5, [r0, #164]
 255 010c 6562     		str	r5, [r4, #36]
 256              		.loc 1 100 0
 257 010e D0F88C50 		ldr	r5, [r0, #140]
 258 0112 2560     		str	r5, [r4]
 259              	.LVL7:
 260              	.LBE37:
 261              	.LBE52:
 262              	.LBB53:
 263              	.LBB40:
 264              		.loc 1 94 0
 265 0114 D0F8AC40 		ldr	r4, [r0, #172]
 266 0118 4C60     		str	r4, [r1, #4]
 267              		.loc 1 95 0
 268 011a D0F8B040 		ldr	r4, [r0, #176]
 269 011e 8C60     		str	r4, [r1, #8]
 270              		.loc 1 96 0
 271 0120 D0F8B440 		ldr	r4, [r0, #180]
 272 0124 CC60     		str	r4, [r1, #12]
 273              		.loc 1 97 0
 274 0126 D0F8B840 		ldr	r4, [r0, #184]
 275 012a 4C61     		str	r4, [r1, #20]
 276              		.loc 1 98 0
 277 012c D0F8BC40 		ldr	r4, [r0, #188]
 278 0130 0C62     		str	r4, [r1, #32]
 279              		.loc 1 99 0
 280 0132 D0F8C040 		ldr	r4, [r0, #192]
 281 0136 4C62     		str	r4, [r1, #36]
 282              		.loc 1 100 0
 283 0138 D0F8A840 		ldr	r4, [r0, #168]
 284 013c 0C60     		str	r4, [r1]
 285              	.LVL8:
ARM GAS  /tmp/ccx4Fs3L.s 			page 6


 286              	.LBE40:
 287              	.LBE53:
 288              	.LBB54:
 289              	.LBB43:
 290              		.loc 1 94 0
 291 013e D0F8C810 		ldr	r1, [r0, #200]
 292 0142 5160     		str	r1, [r2, #4]
 293              		.loc 1 95 0
 294 0144 D0F8CC10 		ldr	r1, [r0, #204]
 295 0148 9160     		str	r1, [r2, #8]
 296              		.loc 1 96 0
 297 014a D0F8D010 		ldr	r1, [r0, #208]
 298 014e D160     		str	r1, [r2, #12]
 299              		.loc 1 97 0
 300 0150 D0F8D410 		ldr	r1, [r0, #212]
 301 0154 5161     		str	r1, [r2, #20]
 302              		.loc 1 98 0
 303 0156 D0F8D810 		ldr	r1, [r0, #216]
 304 015a 1162     		str	r1, [r2, #32]
 305              		.loc 1 99 0
 306 015c D0F8DC10 		ldr	r1, [r0, #220]
 307 0160 5162     		str	r1, [r2, #36]
 308              		.loc 1 100 0
 309 0162 D0F8C410 		ldr	r1, [r0, #196]
 310 0166 1160     		str	r1, [r2]
 311              	.LVL9:
 312              	.LBE43:
 313              	.LBE54:
 314              	.LBB55:
 315              	.LBB46:
 316              		.loc 1 94 0
 317 0168 D0F8E420 		ldr	r2, [r0, #228]
 318 016c CBF80420 		str	r2, [fp, #4]
 319              		.loc 1 95 0
 320 0170 D0F8E820 		ldr	r2, [r0, #232]
 321 0174 CBF80820 		str	r2, [fp, #8]
 322              		.loc 1 96 0
 323 0178 D0F8EC20 		ldr	r2, [r0, #236]
 324 017c CBF80C20 		str	r2, [fp, #12]
 325              		.loc 1 97 0
 326 0180 D0F8F020 		ldr	r2, [r0, #240]
 327 0184 CBF81420 		str	r2, [fp, #20]
 328              		.loc 1 98 0
 329 0188 D0F8F420 		ldr	r2, [r0, #244]
 330 018c CBF82020 		str	r2, [fp, #32]
 331              		.loc 1 99 0
 332 0190 D0F8F820 		ldr	r2, [r0, #248]
 333 0194 CBF82420 		str	r2, [fp, #36]
 334              		.loc 1 100 0
 335 0198 D0F8E020 		ldr	r2, [r0, #224]
 336 019c CBF80020 		str	r2, [fp]
 337 01a0 BDE8F08F 		pop	{r4, r5, r6, r7, r8, r9, r10, fp, pc}
 338              	.L4:
 339              		.align	2
 340              	.L3:
 341 01a4 00080240 		.word	1073874944
 342 01a8 000C0240 		.word	1073875968
ARM GAS  /tmp/ccx4Fs3L.s 			page 7


 343 01ac 00100240 		.word	1073876992
 344 01b0 00140240 		.word	1073878016
 345 01b4 00180240 		.word	1073879040
 346 01b8 001C0240 		.word	1073880064
 347 01bc 00380240 		.word	1073887232
 348 01c0 00000240 		.word	1073872896
 349 01c4 00040240 		.word	1073873920
 350 01c8 00200240 		.word	1073881088
 351              	.LBE46:
 352              	.LBE55:
 353              		.cfi_endproc
 354              	.LFE119:
 355              		.size	_pal_lld_init, .-_pal_lld_init
 356              		.section	.text._pal_lld_setgroupmode,"ax",%progbits
 357              		.align	2
 358              		.p2align 4,,15
 359              		.global	_pal_lld_setgroupmode
 360              		.thumb
 361              		.thumb_func
 362              		.type	_pal_lld_setgroupmode, %function
 363              	_pal_lld_setgroupmode:
 364              	.LFB120:
 365              		.loc 1 184 0
 366              		.cfi_startproc
 367              		@ args = 0, pretend = 0, frame = 0
 368              		@ frame_needed = 0, uses_anonymous_args = 0
 369              	.LVL10:
 370 0000 2DE9F04F 		push	{r4, r5, r6, r7, r8, r9, r10, fp, lr}
 371              		.cfi_def_cfa_offset 36
 372              		.cfi_offset 4, -36
 373              		.cfi_offset 5, -32
 374              		.cfi_offset 6, -28
 375              		.cfi_offset 7, -24
 376              		.cfi_offset 8, -20
 377              		.cfi_offset 9, -16
 378              		.cfi_offset 10, -12
 379              		.cfi_offset 11, -8
 380              		.cfi_offset 14, -4
 381              	.LBB56:
 382              		.loc 1 197 0
 383 0004 4FF00F0C 		mov	ip, #15
 384              	.LBE56:
 385              		.loc 1 186 0
 386 0008 02F0030E 		and	lr, r2, #3
 387              	.LVL11:
 388              		.loc 1 187 0
 389 000c C2F38007 		ubfx	r7, r2, #2, #1
 390              	.LVL12:
 391              		.loc 1 188 0
 392 0010 C2F3C106 		ubfx	r6, r2, #3, #2
 393              	.LVL13:
 394              		.loc 1 189 0
 395 0014 C2F34115 		ubfx	r5, r2, #5, #2
 396              	.LVL14:
 397              		.loc 1 191 0
 398 0018 0024     		movs	r4, #0
 399              		.loc 1 190 0
ARM GAS  /tmp/ccx4Fs3L.s 			page 8


 400 001a C2F3C312 		ubfx	r2, r2, #7, #4
 401              	.LVL15:
 402              	.LBB57:
 403              		.loc 1 202 0
 404 001e 4FF00109 		mov	r9, #1
 405              		.loc 1 204 0
 406 0022 4FF00308 		mov	r8, #3
 407 0026 2BE0     		b	.L10
 408              	.LVL16:
 409              	.L16:
 410              		.loc 1 199 0
 411 0028 D0F820B0 		ldr	fp, [r0, #32]
 412 002c 2BEA0303 		bic	r3, fp, r3
 413              	.LVL17:
 414 0030 43EA0A03 		orr	r3, r3, r10
 415 0034 0362     		str	r3, [r0, #32]
 416              	.L8:
 417              	.LVL18:
 418              		.loc 1 203 0
 419 0036 4368     		ldr	r3, [r0, #4]
 420              		.loc 1 202 0
 421 0038 09FA04FA 		lsl	r10, r9, r4
 422              	.LVL19:
 423              		.loc 1 203 0
 424 003c 23EA0A03 		bic	r3, r3, r10
 425 0040 3B43     		orrs	r3, r3, r7
 426 0042 4360     		str	r3, [r0, #4]
 427              	.LVL20:
 428 0044 4FEA440A 		lsl	r10, r4, #1
 429              		.loc 1 205 0
 430 0048 8368     		ldr	r3, [r0, #8]
 431              		.loc 1 204 0
 432 004a 08FA0AFA 		lsl	r10, r8, r10
 433              		.loc 1 205 0
 434 004e 6FEA0A0A 		mvn	r10, r10
 435 0052 0AEA0303 		and	r3, r10, r3
 436 0056 3343     		orrs	r3, r3, r6
 437 0058 8360     		str	r3, [r0, #8]
 438              		.loc 1 206 0
 439 005a C368     		ldr	r3, [r0, #12]
 440 005c 0AEA0303 		and	r3, r10, r3
 441 0060 2B43     		orrs	r3, r3, r5
 442 0062 C360     		str	r3, [r0, #12]
 443              		.loc 1 207 0
 444 0064 0368     		ldr	r3, [r0]
 445 0066 0AEA0303 		and	r3, r10, r3
 446 006a 43EA0E03 		orr	r3, r3, lr
 447 006e 0360     		str	r3, [r0]
 448              	.LVL21:
 449              	.L6:
 450              	.LBE57:
 451              		.loc 1 210 0
 452 0070 4908     		lsrs	r1, r1, #1
 453              	.LVL22:
 454 0072 19D0     		beq	.L5
 455              		.loc 1 212 0
 456 0074 7F00     		lsls	r7, r7, #1
ARM GAS  /tmp/ccx4Fs3L.s 			page 9


 457              	.LVL23:
 458              		.loc 1 213 0
 459 0076 B600     		lsls	r6, r6, #2
 460              	.LVL24:
 461              		.loc 1 214 0
 462 0078 AD00     		lsls	r5, r5, #2
 463              	.LVL25:
 464              		.loc 1 215 0
 465 007a 4FEA8E0E 		lsl	lr, lr, #2
 466              	.LVL26:
 467              		.loc 1 216 0
 468 007e 0134     		adds	r4, r4, #1
 469              	.LVL27:
 470              	.L10:
 471              	.LBB58:
 472              		.loc 1 196 0
 473 0080 04F00703 		and	r3, r4, #7
 474 0084 9B00     		lsls	r3, r3, #2
 475              	.LBE58:
 476              		.loc 1 193 0
 477 0086 11F0010F 		tst	r1, #1
 478              	.LBB59:
 479              		.loc 1 196 0
 480 008a 02FA03FA 		lsl	r10, r2, r3
 481              	.LVL28:
 482              		.loc 1 197 0
 483 008e 0CFA03F3 		lsl	r3, ip, r3
 484              	.LVL29:
 485              	.LBE59:
 486              		.loc 1 193 0
 487 0092 EDD0     		beq	.L6
 488              	.LBB60:
 489              		.loc 1 198 0
 490 0094 072C     		cmp	r4, #7
 491 0096 C7D9     		bls	.L16
 492              		.loc 1 201 0
 493 0098 D0F824B0 		ldr	fp, [r0, #36]
 494 009c 2BEA0303 		bic	r3, fp, r3
 495              	.LVL30:
 496 00a0 43EA0A03 		orr	r3, r3, r10
 497 00a4 4362     		str	r3, [r0, #36]
 498 00a6 C6E7     		b	.L8
 499              	.LVL31:
 500              	.L5:
 501 00a8 BDE8F08F 		pop	{r4, r5, r6, r7, r8, r9, r10, fp, pc}
 502              	.LBE60:
 503              		.cfi_endproc
 504              	.LFE120:
 505              		.size	_pal_lld_setgroupmode, .-_pal_lld_setgroupmode
 506              		.text
 507              	.Letext0:
 508              		.file 2 "/home/sbcu/Dropbox/pcb-layouts/axo-on-discovery-board/axoloti/platform_linux/arm-none-eab
 509              		.file 3 "/home/sbcu/Dropbox/pcb-layouts/axo-on-discovery-board/axoloti/platform_linux/arm-none-eab
 510              		.file 4 "/home/sbcu/Dropbox/pcb-layouts/axo-on-discovery-board/axoloti/platform_linux/../chibios/o
 511              		.file 5 "/home/sbcu/Dropbox/pcb-layouts/axo-on-discovery-board/axoloti/platform_linux/../chibios/o
 512              		.file 6 "/home/sbcu/Dropbox/pcb-layouts/axo-on-discovery-board/axoloti/platform_linux/../chibios/o
 513              		.section	.debug_info,"",%progbits
ARM GAS  /tmp/ccx4Fs3L.s 			page 10


 514              	.Ldebug_info0:
 515 0000 F8060000 		.4byte	0x6f8
 516 0004 0400     		.2byte	0x4
 517 0006 00000000 		.4byte	.Ldebug_abbrev0
 518 000a 04       		.byte	0x4
 519 000b 01       		.uleb128 0x1
 520 000c 0E020000 		.4byte	.LASF87
 521 0010 01       		.byte	0x1
 522 0011 60000000 		.4byte	.LASF88
 523 0015 1A010000 		.4byte	.LASF89
 524 0019 08010000 		.4byte	.Ldebug_ranges0+0x108
 525 001d 00000000 		.4byte	0
 526 0021 00000000 		.4byte	.Ldebug_line0
 527 0025 02       		.uleb128 0x2
 528 0026 04       		.byte	0x4
 529 0027 05       		.byte	0x5
 530 0028 696E7400 		.ascii	"int\000"
 531 002c 03       		.uleb128 0x3
 532 002d 04       		.byte	0x4
 533 002e 07       		.byte	0x7
 534 002f E0040000 		.4byte	.LASF0
 535 0033 03       		.uleb128 0x3
 536 0034 01       		.byte	0x1
 537 0035 06       		.byte	0x6
 538 0036 77030000 		.4byte	.LASF1
 539 003a 03       		.uleb128 0x3
 540 003b 01       		.byte	0x1
 541 003c 08       		.byte	0x8
 542 003d 61030000 		.4byte	.LASF2
 543 0041 03       		.uleb128 0x3
 544 0042 02       		.byte	0x2
 545 0043 05       		.byte	0x5
 546 0044 81010000 		.4byte	.LASF3
 547 0048 04       		.uleb128 0x4
 548 0049 69010000 		.4byte	.LASF5
 549 004d 02       		.byte	0x2
 550 004e 2B       		.byte	0x2b
 551 004f 53000000 		.4byte	0x53
 552 0053 03       		.uleb128 0x3
 553 0054 02       		.byte	0x2
 554 0055 07       		.byte	0x7
 555 0056 E0030000 		.4byte	.LASF4
 556 005a 04       		.uleb128 0x4
 557 005b 0A040000 		.4byte	.LASF6
 558 005f 02       		.byte	0x2
 559 0060 3F       		.byte	0x3f
 560 0061 65000000 		.4byte	0x65
 561 0065 03       		.uleb128 0x3
 562 0066 04       		.byte	0x4
 563 0067 05       		.byte	0x5
 564 0068 FE010000 		.4byte	.LASF7
 565 006c 04       		.uleb128 0x4
 566 006d 0F010000 		.4byte	.LASF8
 567 0071 02       		.byte	0x2
 568 0072 41       		.byte	0x41
 569 0073 77000000 		.4byte	0x77
 570 0077 03       		.uleb128 0x3
ARM GAS  /tmp/ccx4Fs3L.s 			page 11


 571 0078 04       		.byte	0x4
 572 0079 07       		.byte	0x7
 573 007a BC030000 		.4byte	.LASF9
 574 007e 03       		.uleb128 0x3
 575 007f 08       		.byte	0x8
 576 0080 05       		.byte	0x5
 577 0081 E2010000 		.4byte	.LASF10
 578 0085 03       		.uleb128 0x3
 579 0086 08       		.byte	0x8
 580 0087 07       		.byte	0x7
 581 0088 83030000 		.4byte	.LASF11
 582 008c 04       		.uleb128 0x4
 583 008d B3030000 		.4byte	.LASF12
 584 0091 03       		.byte	0x3
 585 0092 1A       		.byte	0x1a
 586 0093 48000000 		.4byte	0x48
 587 0097 04       		.uleb128 0x4
 588 0098 02040000 		.4byte	.LASF13
 589 009c 03       		.byte	0x3
 590 009d 1F       		.byte	0x1f
 591 009e 5A000000 		.4byte	0x5a
 592 00a2 04       		.uleb128 0x4
 593 00a3 9A030000 		.4byte	.LASF14
 594 00a7 03       		.byte	0x3
 595 00a8 20       		.byte	0x20
 596 00a9 6C000000 		.4byte	0x6c
 597 00ad 03       		.uleb128 0x3
 598 00ae 01       		.byte	0x1
 599 00af 02       		.byte	0x2
 600 00b0 1E040000 		.4byte	.LASF15
 601 00b4 05       		.uleb128 0x5
 602 00b5 A2000000 		.4byte	0xa2
 603 00b9 03       		.uleb128 0x3
 604 00ba 04       		.byte	0x4
 605 00bb 07       		.byte	0x7
 606 00bc E9000000 		.4byte	.LASF16
 607 00c0 03       		.uleb128 0x3
 608 00c1 01       		.byte	0x1
 609 00c2 08       		.byte	0x8
 610 00c3 FD030000 		.4byte	.LASF17
 611 00c7 06       		.uleb128 0x6
 612 00c8 A2000000 		.4byte	0xa2
 613 00cc D7000000 		.4byte	0xd7
 614 00d0 07       		.uleb128 0x7
 615 00d1 B9000000 		.4byte	0xb9
 616 00d5 01       		.byte	0x1
 617 00d6 00       		.byte	0
 618 00d7 05       		.uleb128 0x5
 619 00d8 97000000 		.4byte	0x97
 620 00dc 08       		.uleb128 0x8
 621 00dd 90       		.byte	0x90
 622 00de 04       		.byte	0x4
 623 00df 5804     		.2byte	0x458
 624 00e1 85020000 		.4byte	0x285
 625 00e5 09       		.uleb128 0x9
 626 00e6 435200   		.ascii	"CR\000"
 627 00e9 04       		.byte	0x4
ARM GAS  /tmp/ccx4Fs3L.s 			page 12


 628 00ea 5A04     		.2byte	0x45a
 629 00ec B4000000 		.4byte	0xb4
 630 00f0 00       		.byte	0
 631 00f1 0A       		.uleb128 0xa
 632 00f2 D3030000 		.4byte	.LASF18
 633 00f6 04       		.byte	0x4
 634 00f7 5B04     		.2byte	0x45b
 635 00f9 B4000000 		.4byte	0xb4
 636 00fd 04       		.byte	0x4
 637 00fe 0A       		.uleb128 0xa
 638 00ff ED040000 		.4byte	.LASF19
 639 0103 04       		.byte	0x4
 640 0104 5C04     		.2byte	0x45c
 641 0106 B4000000 		.4byte	0xb4
 642 010a 08       		.byte	0x8
 643 010b 09       		.uleb128 0x9
 644 010c 43495200 		.ascii	"CIR\000"
 645 0110 04       		.byte	0x4
 646 0111 5D04     		.2byte	0x45d
 647 0113 B4000000 		.4byte	0xb4
 648 0117 0C       		.byte	0xc
 649 0118 0A       		.uleb128 0xa
 650 0119 8B010000 		.4byte	.LASF20
 651 011d 04       		.byte	0x4
 652 011e 5E04     		.2byte	0x45e
 653 0120 B4000000 		.4byte	0xb4
 654 0124 10       		.byte	0x10
 655 0125 0A       		.uleb128 0xa
 656 0126 AA030000 		.4byte	.LASF21
 657 012a 04       		.byte	0x4
 658 012b 5F04     		.2byte	0x45f
 659 012d B4000000 		.4byte	0xb4
 660 0131 14       		.byte	0x14
 661 0132 0A       		.uleb128 0xa
 662 0133 BC040000 		.4byte	.LASF22
 663 0137 04       		.byte	0x4
 664 0138 6004     		.2byte	0x460
 665 013a B4000000 		.4byte	0xb4
 666 013e 18       		.byte	0x18
 667 013f 0A       		.uleb128 0xa
 668 0140 3F040000 		.4byte	.LASF23
 669 0144 04       		.byte	0x4
 670 0145 6104     		.2byte	0x461
 671 0147 A2000000 		.4byte	0xa2
 672 014b 1C       		.byte	0x1c
 673 014c 0A       		.uleb128 0xa
 674 014d 27000000 		.4byte	.LASF24
 675 0151 04       		.byte	0x4
 676 0152 6204     		.2byte	0x462
 677 0154 B4000000 		.4byte	0xb4
 678 0158 20       		.byte	0x20
 679 0159 0A       		.uleb128 0xa
 680 015a 39030000 		.4byte	.LASF25
 681 015e 04       		.byte	0x4
 682 015f 6304     		.2byte	0x463
 683 0161 B4000000 		.4byte	0xb4
 684 0165 24       		.byte	0x24
ARM GAS  /tmp/ccx4Fs3L.s 			page 13


 685 0166 0A       		.uleb128 0xa
 686 0167 49040000 		.4byte	.LASF26
 687 016b 04       		.byte	0x4
 688 016c 6404     		.2byte	0x464
 689 016e C7000000 		.4byte	0xc7
 690 0172 28       		.byte	0x28
 691 0173 0A       		.uleb128 0xa
 692 0174 8C040000 		.4byte	.LASF27
 693 0178 04       		.byte	0x4
 694 0179 6504     		.2byte	0x465
 695 017b B4000000 		.4byte	0xb4
 696 017f 30       		.byte	0x30
 697 0180 0A       		.uleb128 0xa
 698 0181 30000000 		.4byte	.LASF28
 699 0185 04       		.byte	0x4
 700 0186 6604     		.2byte	0x466
 701 0188 B4000000 		.4byte	0xb4
 702 018c 34       		.byte	0x34
 703 018d 0A       		.uleb128 0xa
 704 018e D2010000 		.4byte	.LASF29
 705 0192 04       		.byte	0x4
 706 0193 6704     		.2byte	0x467
 707 0195 B4000000 		.4byte	0xb4
 708 0199 38       		.byte	0x38
 709 019a 0A       		.uleb128 0xa
 710 019b 53040000 		.4byte	.LASF30
 711 019f 04       		.byte	0x4
 712 01a0 6804     		.2byte	0x468
 713 01a2 A2000000 		.4byte	0xa2
 714 01a6 3C       		.byte	0x3c
 715 01a7 0A       		.uleb128 0xa
 716 01a8 AE010000 		.4byte	.LASF31
 717 01ac 04       		.byte	0x4
 718 01ad 6904     		.2byte	0x469
 719 01af B4000000 		.4byte	0xb4
 720 01b3 40       		.byte	0x40
 721 01b4 0A       		.uleb128 0xa
 722 01b5 6F030000 		.4byte	.LASF32
 723 01b9 04       		.byte	0x4
 724 01ba 6A04     		.2byte	0x46a
 725 01bc B4000000 		.4byte	0xb4
 726 01c0 44       		.byte	0x44
 727 01c1 0A       		.uleb128 0xa
 728 01c2 5D040000 		.4byte	.LASF33
 729 01c6 04       		.byte	0x4
 730 01c7 6B04     		.2byte	0x46b
 731 01c9 C7000000 		.4byte	0xc7
 732 01cd 48       		.byte	0x48
 733 01ce 0A       		.uleb128 0xa
 734 01cf 00000000 		.4byte	.LASF34
 735 01d3 04       		.byte	0x4
 736 01d4 6C04     		.2byte	0x46c
 737 01d6 B4000000 		.4byte	0xb4
 738 01da 50       		.byte	0x50
 739 01db 0A       		.uleb128 0xa
 740 01dc 29040000 		.4byte	.LASF35
 741 01e0 04       		.byte	0x4
ARM GAS  /tmp/ccx4Fs3L.s 			page 14


 742 01e1 6D04     		.2byte	0x46d
 743 01e3 B4000000 		.4byte	0xb4
 744 01e7 54       		.byte	0x54
 745 01e8 0A       		.uleb128 0xa
 746 01e9 A4010000 		.4byte	.LASF36
 747 01ed 04       		.byte	0x4
 748 01ee 6E04     		.2byte	0x46e
 749 01f0 B4000000 		.4byte	0xb4
 750 01f4 58       		.byte	0x58
 751 01f5 0A       		.uleb128 0xa
 752 01f6 67040000 		.4byte	.LASF37
 753 01fa 04       		.byte	0x4
 754 01fb 6F04     		.2byte	0x46f
 755 01fd A2000000 		.4byte	0xa2
 756 0201 5C       		.byte	0x5c
 757 0202 0A       		.uleb128 0xa
 758 0203 F3030000 		.4byte	.LASF38
 759 0207 04       		.byte	0x4
 760 0208 7004     		.2byte	0x470
 761 020a B4000000 		.4byte	0xb4
 762 020e 60       		.byte	0x60
 763 020f 0A       		.uleb128 0xa
 764 0210 02050000 		.4byte	.LASF39
 765 0214 04       		.byte	0x4
 766 0215 7104     		.2byte	0x471
 767 0217 B4000000 		.4byte	0xb4
 768 021b 64       		.byte	0x64
 769 021c 0A       		.uleb128 0xa
 770 021d 71040000 		.4byte	.LASF40
 771 0221 04       		.byte	0x4
 772 0222 7204     		.2byte	0x472
 773 0224 C7000000 		.4byte	0xc7
 774 0228 68       		.byte	0x68
 775 0229 0A       		.uleb128 0xa
 776 022a F2000000 		.4byte	.LASF41
 777 022e 04       		.byte	0x4
 778 022f 7304     		.2byte	0x473
 779 0231 B4000000 		.4byte	0xb4
 780 0235 70       		.byte	0x70
 781 0236 09       		.uleb128 0x9
 782 0237 43535200 		.ascii	"CSR\000"
 783 023b 04       		.byte	0x4
 784 023c 7404     		.2byte	0x474
 785 023e B4000000 		.4byte	0xb4
 786 0242 74       		.byte	0x74
 787 0243 0A       		.uleb128 0xa
 788 0244 7B040000 		.4byte	.LASF42
 789 0248 04       		.byte	0x4
 790 0249 7504     		.2byte	0x475
 791 024b C7000000 		.4byte	0xc7
 792 024f 78       		.byte	0x78
 793 0250 0A       		.uleb128 0xa
 794 0251 74010000 		.4byte	.LASF43
 795 0255 04       		.byte	0x4
 796 0256 7604     		.2byte	0x476
 797 0258 B4000000 		.4byte	0xb4
 798 025c 80       		.byte	0x80
ARM GAS  /tmp/ccx4Fs3L.s 			page 15


 799 025d 0A       		.uleb128 0xa
 800 025e FE000000 		.4byte	.LASF44
 801 0262 04       		.byte	0x4
 802 0263 7704     		.2byte	0x477
 803 0265 B4000000 		.4byte	0xb4
 804 0269 84       		.byte	0x84
 805 026a 0A       		.uleb128 0xa
 806 026b F2040000 		.4byte	.LASF45
 807 026f 04       		.byte	0x4
 808 0270 7804     		.2byte	0x478
 809 0272 B4000000 		.4byte	0xb4
 810 0276 88       		.byte	0x88
 811 0277 0A       		.uleb128 0xa
 812 0278 CA010000 		.4byte	.LASF46
 813 027c 04       		.byte	0x4
 814 027d 7904     		.2byte	0x479
 815 027f B4000000 		.4byte	0xb4
 816 0283 8C       		.byte	0x8c
 817 0284 00       		.byte	0
 818 0285 0B       		.uleb128 0xb
 819 0286 27030000 		.4byte	.LASF47
 820 028a 04       		.byte	0x4
 821 028b 7B04     		.2byte	0x47b
 822 028d DC000000 		.4byte	0xdc
 823 0291 0C       		.uleb128 0xc
 824 0292 04       		.byte	0x4
 825 0293 05       		.byte	0x5
 826 0294 96       		.byte	0x96
 827 0295 B2020000 		.4byte	0x2b2
 828 0299 0D       		.uleb128 0xd
 829 029a 73657400 		.ascii	"set\000"
 830 029e 05       		.byte	0x5
 831 029f 97       		.byte	0x97
 832 02a0 8C000000 		.4byte	0x8c
 833 02a4 00       		.byte	0
 834 02a5 0E       		.uleb128 0xe
 835 02a6 42030000 		.4byte	.LASF48
 836 02aa 05       		.byte	0x5
 837 02ab 98       		.byte	0x98
 838 02ac 8C000000 		.4byte	0x8c
 839 02b0 02       		.byte	0x2
 840 02b1 00       		.byte	0
 841 02b2 0F       		.uleb128 0xf
 842 02b3 04       		.byte	0x4
 843 02b4 05       		.byte	0x5
 844 02b5 94       		.byte	0x94
 845 02b6 CD020000 		.4byte	0x2cd
 846 02ba 10       		.uleb128 0x10
 847 02bb 5700     		.ascii	"W\000"
 848 02bd 05       		.byte	0x5
 849 02be 95       		.byte	0x95
 850 02bf A2000000 		.4byte	0xa2
 851 02c3 10       		.uleb128 0x10
 852 02c4 4800     		.ascii	"H\000"
 853 02c6 05       		.byte	0x5
 854 02c7 99       		.byte	0x99
 855 02c8 91020000 		.4byte	0x291
ARM GAS  /tmp/ccx4Fs3L.s 			page 16


 856 02cc 00       		.byte	0
 857 02cd 0C       		.uleb128 0xc
 858 02ce 28       		.byte	0x28
 859 02cf 05       		.byte	0x5
 860 02d0 8C       		.byte	0x8c
 861 02d1 4E030000 		.4byte	0x34e
 862 02d5 0E       		.uleb128 0xe
 863 02d6 33030000 		.4byte	.LASF49
 864 02da 05       		.byte	0x5
 865 02db 8E       		.byte	0x8e
 866 02dc B4000000 		.4byte	0xb4
 867 02e0 00       		.byte	0
 868 02e1 0E       		.uleb128 0xe
 869 02e2 C3010000 		.4byte	.LASF50
 870 02e6 05       		.byte	0x5
 871 02e7 8F       		.byte	0x8f
 872 02e8 B4000000 		.4byte	0xb4
 873 02ec 04       		.byte	0x4
 874 02ed 0E       		.uleb128 0xe
 875 02ee DA010000 		.4byte	.LASF51
 876 02f2 05       		.byte	0x5
 877 02f3 90       		.byte	0x90
 878 02f4 B4000000 		.4byte	0xb4
 879 02f8 08       		.byte	0x8
 880 02f9 0E       		.uleb128 0xe
 881 02fa F0010000 		.4byte	.LASF52
 882 02fe 05       		.byte	0x5
 883 02ff 91       		.byte	0x91
 884 0300 B4000000 		.4byte	0xb4
 885 0304 0C       		.byte	0xc
 886 0305 0D       		.uleb128 0xd
 887 0306 49445200 		.ascii	"IDR\000"
 888 030a 05       		.byte	0x5
 889 030b 92       		.byte	0x92
 890 030c B4000000 		.4byte	0xb4
 891 0310 10       		.byte	0x10
 892 0311 0D       		.uleb128 0xd
 893 0312 4F445200 		.ascii	"ODR\000"
 894 0316 05       		.byte	0x5
 895 0317 93       		.byte	0x93
 896 0318 B4000000 		.4byte	0xb4
 897 031c 14       		.byte	0x14
 898 031d 0E       		.uleb128 0xe
 899 031e 0C050000 		.4byte	.LASF53
 900 0322 05       		.byte	0x5
 901 0323 9A       		.byte	0x9a
 902 0324 4E030000 		.4byte	0x34e
 903 0328 18       		.byte	0x18
 904 0329 0E       		.uleb128 0xe
 905 032a FD040000 		.4byte	.LASF54
 906 032e 05       		.byte	0x5
 907 032f 9B       		.byte	0x9b
 908 0330 B4000000 		.4byte	0xb4
 909 0334 1C       		.byte	0x1c
 910 0335 0E       		.uleb128 0xe
 911 0336 DB030000 		.4byte	.LASF55
 912 033a 05       		.byte	0x5
ARM GAS  /tmp/ccx4Fs3L.s 			page 17


 913 033b 9C       		.byte	0x9c
 914 033c B4000000 		.4byte	0xb4
 915 0340 20       		.byte	0x20
 916 0341 0E       		.uleb128 0xe
 917 0342 CE030000 		.4byte	.LASF56
 918 0346 05       		.byte	0x5
 919 0347 9D       		.byte	0x9d
 920 0348 B4000000 		.4byte	0xb4
 921 034c 24       		.byte	0x24
 922 034d 00       		.byte	0
 923 034e 05       		.uleb128 0x5
 924 034f B2020000 		.4byte	0x2b2
 925 0353 04       		.uleb128 0x4
 926 0354 AF040000 		.4byte	.LASF57
 927 0358 05       		.byte	0x5
 928 0359 9E       		.byte	0x9e
 929 035a CD020000 		.4byte	0x2cd
 930 035e 0C       		.uleb128 0xc
 931 035f 1C       		.byte	0x1c
 932 0360 05       		.byte	0x5
 933 0361 A3       		.byte	0xa3
 934 0362 BB030000 		.4byte	0x3bb
 935 0366 0E       		.uleb128 0xe
 936 0367 A9040000 		.4byte	.LASF58
 937 036b 05       		.byte	0x5
 938 036c A5       		.byte	0xa5
 939 036d A2000000 		.4byte	0xa2
 940 0371 00       		.byte	0
 941 0372 0E       		.uleb128 0xe
 942 0373 A3030000 		.4byte	.LASF59
 943 0377 05       		.byte	0x5
 944 0378 A7       		.byte	0xa7
 945 0379 A2000000 		.4byte	0xa2
 946 037d 04       		.byte	0x4
 947 037e 0E       		.uleb128 0xe
 948 037f F6010000 		.4byte	.LASF60
 949 0383 05       		.byte	0x5
 950 0384 A9       		.byte	0xa9
 951 0385 A2000000 		.4byte	0xa2
 952 0389 08       		.byte	0x8
 953 038a 0E       		.uleb128 0xe
 954 038b 99040000 		.4byte	.LASF61
 955 038f 05       		.byte	0x5
 956 0390 AB       		.byte	0xab
 957 0391 A2000000 		.4byte	0xa2
 958 0395 0C       		.byte	0xc
 959 0396 0D       		.uleb128 0xd
 960 0397 6F647200 		.ascii	"odr\000"
 961 039b 05       		.byte	0x5
 962 039c AD       		.byte	0xad
 963 039d A2000000 		.4byte	0xa2
 964 03a1 10       		.byte	0x10
 965 03a2 0E       		.uleb128 0xe
 966 03a3 A4040000 		.4byte	.LASF62
 967 03a7 05       		.byte	0x5
 968 03a8 AF       		.byte	0xaf
 969 03a9 A2000000 		.4byte	0xa2
ARM GAS  /tmp/ccx4Fs3L.s 			page 18


 970 03ad 14       		.byte	0x14
 971 03ae 0E       		.uleb128 0xe
 972 03af 9F040000 		.4byte	.LASF63
 973 03b3 05       		.byte	0x5
 974 03b4 B1       		.byte	0xb1
 975 03b5 A2000000 		.4byte	0xa2
 976 03b9 18       		.byte	0x18
 977 03ba 00       		.byte	0
 978 03bb 04       		.uleb128 0x4
 979 03bc 38000000 		.4byte	.LASF64
 980 03c0 05       		.byte	0x5
 981 03c1 B2       		.byte	0xb2
 982 03c2 5E030000 		.4byte	0x35e
 983 03c6 0C       		.uleb128 0xc
 984 03c7 FC       		.byte	0xfc
 985 03c8 05       		.byte	0x5
 986 03c9 BB       		.byte	0xbb
 987 03ca 3B040000 		.4byte	0x43b
 988 03ce 0E       		.uleb128 0xe
 989 03cf 4F030000 		.4byte	.LASF65
 990 03d3 05       		.byte	0x5
 991 03d4 BE       		.byte	0xbe
 992 03d5 BB030000 		.4byte	0x3bb
 993 03d9 00       		.byte	0
 994 03da 0E       		.uleb128 0xe
 995 03db 7A010000 		.4byte	.LASF66
 996 03df 05       		.byte	0x5
 997 03e0 C2       		.byte	0xc2
 998 03e1 BB030000 		.4byte	0x3bb
 999 03e5 1C       		.byte	0x1c
 1000 03e6 0E       		.uleb128 0xe
 1001 03e7 0A000000 		.4byte	.LASF67
 1002 03eb 05       		.byte	0x5
 1003 03ec C6       		.byte	0xc6
 1004 03ed BB030000 		.4byte	0x3bb
 1005 03f1 38       		.byte	0x38
 1006 03f2 0E       		.uleb128 0xe
 1007 03f3 07020000 		.4byte	.LASF68
 1008 03f7 05       		.byte	0x5
 1009 03f8 CA       		.byte	0xca
 1010 03f9 BB030000 		.4byte	0x3bb
 1011 03fd 54       		.byte	0x54
 1012 03fe 0E       		.uleb128 0xe
 1013 03ff 38040000 		.4byte	.LASF69
 1014 0403 05       		.byte	0x5
 1015 0404 CE       		.byte	0xce
 1016 0405 BB030000 		.4byte	0x3bb
 1017 0409 70       		.byte	0x70
 1018 040a 0E       		.uleb128 0xe
 1019 040b 4B000000 		.4byte	.LASF70
 1020 040f 05       		.byte	0x5
 1021 0410 D2       		.byte	0xd2
 1022 0411 BB030000 		.4byte	0x3bb
 1023 0415 8C       		.byte	0x8c
 1024 0416 0E       		.uleb128 0xe
 1025 0417 48030000 		.4byte	.LASF71
 1026 041b 05       		.byte	0x5
ARM GAS  /tmp/ccx4Fs3L.s 			page 19


 1027 041c D6       		.byte	0xd6
 1028 041d BB030000 		.4byte	0x3bb
 1029 0421 A8       		.byte	0xa8
 1030 0422 0E       		.uleb128 0xe
 1031 0423 85040000 		.4byte	.LASF72
 1032 0427 05       		.byte	0x5
 1033 0428 DA       		.byte	0xda
 1034 0429 BB030000 		.4byte	0x3bb
 1035 042d C4       		.byte	0xc4
 1036 042e 0E       		.uleb128 0xe
 1037 042f F7000000 		.4byte	.LASF73
 1038 0433 05       		.byte	0x5
 1039 0434 DE       		.byte	0xde
 1040 0435 BB030000 		.4byte	0x3bb
 1041 0439 E0       		.byte	0xe0
 1042 043a 00       		.byte	0
 1043 043b 04       		.uleb128 0x4
 1044 043c 14040000 		.4byte	.LASF74
 1045 0440 05       		.byte	0x5
 1046 0441 E0       		.byte	0xe0
 1047 0442 C6030000 		.4byte	0x3c6
 1048 0446 04       		.uleb128 0x4
 1049 0447 B6010000 		.4byte	.LASF75
 1050 044b 05       		.byte	0x5
 1051 044c F0       		.byte	0xf0
 1052 044d A2000000 		.4byte	0xa2
 1053 0451 04       		.uleb128 0x4
 1054 0452 9B010000 		.4byte	.LASF76
 1055 0456 05       		.byte	0x5
 1056 0457 F5       		.byte	0xf5
 1057 0458 A2000000 		.4byte	0xa2
 1058 045c 04       		.uleb128 0x4
 1059 045d 56030000 		.4byte	.LASF77
 1060 0461 05       		.byte	0x5
 1061 0462 FD       		.byte	0xfd
 1062 0463 67040000 		.4byte	0x467
 1063 0467 11       		.uleb128 0x11
 1064 0468 04       		.byte	0x4
 1065 0469 53030000 		.4byte	0x353
 1066 046d 12       		.uleb128 0x12
 1067 046e E0000000 		.4byte	.LASF90
 1068 0472 01       		.byte	0x1
 1069 0473 5C       		.byte	0x5c
 1070 0474 01       		.byte	0x1
 1071 0475 90040000 		.4byte	0x490
 1072 0479 13       		.uleb128 0x13
 1073 047a 09010000 		.4byte	.LASF78
 1074 047e 01       		.byte	0x1
 1075 047f 5C       		.byte	0x5c
 1076 0480 67040000 		.4byte	0x467
 1077 0484 13       		.uleb128 0x13
 1078 0485 94010000 		.4byte	.LASF79
 1079 0489 01       		.byte	0x1
 1080 048a 5C       		.byte	0x5c
 1081 048b 90040000 		.4byte	0x490
 1082 048f 00       		.byte	0
 1083 0490 11       		.uleb128 0x11
ARM GAS  /tmp/ccx4Fs3L.s 			page 20


 1084 0491 04       		.byte	0x4
 1085 0492 96040000 		.4byte	0x496
 1086 0496 14       		.uleb128 0x14
 1087 0497 BB030000 		.4byte	0x3bb
 1088 049b 15       		.uleb128 0x15
 1089 049c 52000000 		.4byte	.LASF80
 1090 04a0 01       		.byte	0x1
 1091 04a1 77       		.byte	0x77
 1092 04a2 00000000 		.4byte	.LFB119
 1093 04a6 CC010000 		.4byte	.LFE119-.LFB119
 1094 04aa 01       		.uleb128 0x1
 1095 04ab 9C       		.byte	0x9c
 1096 04ac 14060000 		.4byte	0x614
 1097 04b0 16       		.uleb128 0x16
 1098 04b1 94010000 		.4byte	.LASF79
 1099 04b5 01       		.byte	0x1
 1100 04b6 77       		.byte	0x77
 1101 04b7 14060000 		.4byte	0x614
 1102 04bb 01       		.uleb128 0x1
 1103 04bc 50       		.byte	0x50
 1104 04bd 17       		.uleb128 0x17
 1105 04be 6D040000 		.4byte	0x46d
 1106 04c2 08000000 		.4byte	.LBB20
 1107 04c6 00000000 		.4byte	.Ldebug_ranges0+0
 1108 04ca 01       		.byte	0x1
 1109 04cb 8C       		.byte	0x8c
 1110 04cc E1040000 		.4byte	0x4e1
 1111 04d0 18       		.uleb128 0x18
 1112 04d1 84040000 		.4byte	0x484
 1113 04d5 01       		.uleb128 0x1
 1114 04d6 50       		.byte	0x50
 1115 04d7 19       		.uleb128 0x19
 1116 04d8 79040000 		.4byte	0x479
 1117 04dc 00000240 		.4byte	0x40020000
 1118 04e0 00       		.byte	0
 1119 04e1 17       		.uleb128 0x17
 1120 04e2 6D040000 		.4byte	0x46d
 1121 04e6 10000000 		.4byte	.LBB23
 1122 04ea 18000000 		.4byte	.Ldebug_ranges0+0x18
 1123 04ee 01       		.byte	0x1
 1124 04ef 8F       		.byte	0x8f
 1125 04f0 07050000 		.4byte	0x507
 1126 04f4 18       		.uleb128 0x18
 1127 04f5 84040000 		.4byte	0x484
 1128 04f9 03       		.uleb128 0x3
 1129 04fa 70       		.byte	0x70
 1130 04fb 1C       		.sleb128 28
 1131 04fc 9F       		.byte	0x9f
 1132 04fd 19       		.uleb128 0x19
 1133 04fe 79040000 		.4byte	0x479
 1134 0502 00040240 		.4byte	0x40020400
 1135 0506 00       		.byte	0
 1136 0507 17       		.uleb128 0x17
 1137 0508 6D040000 		.4byte	0x46d
 1138 050c 14000000 		.4byte	.LBB26
 1139 0510 30000000 		.4byte	.Ldebug_ranges0+0x30
 1140 0514 01       		.byte	0x1
ARM GAS  /tmp/ccx4Fs3L.s 			page 21


 1141 0515 92       		.byte	0x92
 1142 0516 2D050000 		.4byte	0x52d
 1143 051a 18       		.uleb128 0x18
 1144 051b 84040000 		.4byte	0x484
 1145 051f 03       		.uleb128 0x3
 1146 0520 70       		.byte	0x70
 1147 0521 38       		.sleb128 56
 1148 0522 9F       		.byte	0x9f
 1149 0523 19       		.uleb128 0x19
 1150 0524 79040000 		.4byte	0x479
 1151 0528 00080240 		.4byte	0x40020800
 1152 052c 00       		.byte	0
 1153 052d 17       		.uleb128 0x17
 1154 052e 6D040000 		.4byte	0x46d
 1155 0532 16000000 		.4byte	.LBB29
 1156 0536 48000000 		.4byte	.Ldebug_ranges0+0x48
 1157 053a 01       		.byte	0x1
 1158 053b 95       		.byte	0x95
 1159 053c 54050000 		.4byte	0x554
 1160 0540 18       		.uleb128 0x18
 1161 0541 84040000 		.4byte	0x484
 1162 0545 04       		.uleb128 0x4
 1163 0546 70       		.byte	0x70
 1164 0547 D400     		.sleb128 84
 1165 0549 9F       		.byte	0x9f
 1166 054a 19       		.uleb128 0x19
 1167 054b 79040000 		.4byte	0x479
 1168 054f 000C0240 		.4byte	0x40020c00
 1169 0553 00       		.byte	0
 1170 0554 17       		.uleb128 0x17
 1171 0555 6D040000 		.4byte	0x46d
 1172 0559 18000000 		.4byte	.LBB32
 1173 055d 60000000 		.4byte	.Ldebug_ranges0+0x60
 1174 0561 01       		.byte	0x1
 1175 0562 98       		.byte	0x98
 1176 0563 7B050000 		.4byte	0x57b
 1177 0567 18       		.uleb128 0x18
 1178 0568 84040000 		.4byte	0x484
 1179 056c 04       		.uleb128 0x4
 1180 056d 70       		.byte	0x70
 1181 056e F000     		.sleb128 112
 1182 0570 9F       		.byte	0x9f
 1183 0571 19       		.uleb128 0x19
 1184 0572 79040000 		.4byte	0x479
 1185 0576 00100240 		.4byte	0x40021000
 1186 057a 00       		.byte	0
 1187 057b 17       		.uleb128 0x17
 1188 057c 6D040000 		.4byte	0x46d
 1189 0580 1A000000 		.4byte	.LBB35
 1190 0584 78000000 		.4byte	.Ldebug_ranges0+0x78
 1191 0588 01       		.byte	0x1
 1192 0589 9B       		.byte	0x9b
 1193 058a A2050000 		.4byte	0x5a2
 1194 058e 18       		.uleb128 0x18
 1195 058f 84040000 		.4byte	0x484
 1196 0593 04       		.uleb128 0x4
 1197 0594 70       		.byte	0x70
ARM GAS  /tmp/ccx4Fs3L.s 			page 22


 1198 0595 8C01     		.sleb128 140
 1199 0597 9F       		.byte	0x9f
 1200 0598 19       		.uleb128 0x19
 1201 0599 79040000 		.4byte	0x479
 1202 059d 00140240 		.4byte	0x40021400
 1203 05a1 00       		.byte	0
 1204 05a2 17       		.uleb128 0x17
 1205 05a3 6D040000 		.4byte	0x46d
 1206 05a7 1C000000 		.4byte	.LBB38
 1207 05ab 90000000 		.4byte	.Ldebug_ranges0+0x90
 1208 05af 01       		.byte	0x1
 1209 05b0 9E       		.byte	0x9e
 1210 05b1 C9050000 		.4byte	0x5c9
 1211 05b5 18       		.uleb128 0x18
 1212 05b6 84040000 		.4byte	0x484
 1213 05ba 04       		.uleb128 0x4
 1214 05bb 70       		.byte	0x70
 1215 05bc A801     		.sleb128 168
 1216 05be 9F       		.byte	0x9f
 1217 05bf 19       		.uleb128 0x19
 1218 05c0 79040000 		.4byte	0x479
 1219 05c4 00180240 		.4byte	0x40021800
 1220 05c8 00       		.byte	0
 1221 05c9 17       		.uleb128 0x17
 1222 05ca 6D040000 		.4byte	0x46d
 1223 05ce 1E000000 		.4byte	.LBB41
 1224 05d2 A8000000 		.4byte	.Ldebug_ranges0+0xa8
 1225 05d6 01       		.byte	0x1
 1226 05d7 A1       		.byte	0xa1
 1227 05d8 F0050000 		.4byte	0x5f0
 1228 05dc 18       		.uleb128 0x18
 1229 05dd 84040000 		.4byte	0x484
 1230 05e1 04       		.uleb128 0x4
 1231 05e2 70       		.byte	0x70
 1232 05e3 C401     		.sleb128 196
 1233 05e5 9F       		.byte	0x9f
 1234 05e6 19       		.uleb128 0x19
 1235 05e7 79040000 		.4byte	0x479
 1236 05eb 001C0240 		.4byte	0x40021c00
 1237 05ef 00       		.byte	0
 1238 05f0 1A       		.uleb128 0x1a
 1239 05f1 6D040000 		.4byte	0x46d
 1240 05f5 20000000 		.4byte	.LBB44
 1241 05f9 C0000000 		.4byte	.Ldebug_ranges0+0xc0
 1242 05fd 01       		.byte	0x1
 1243 05fe A4       		.byte	0xa4
 1244 05ff 18       		.uleb128 0x18
 1245 0600 84040000 		.4byte	0x484
 1246 0604 04       		.uleb128 0x4
 1247 0605 70       		.byte	0x70
 1248 0606 E001     		.sleb128 224
 1249 0608 9F       		.byte	0x9f
 1250 0609 19       		.uleb128 0x19
 1251 060a 79040000 		.4byte	0x479
 1252 060e 00200240 		.4byte	0x40022000
 1253 0612 00       		.byte	0
 1254 0613 00       		.byte	0
ARM GAS  /tmp/ccx4Fs3L.s 			page 23


 1255 0614 11       		.uleb128 0x11
 1256 0615 04       		.byte	0x4
 1257 0616 1A060000 		.4byte	0x61a
 1258 061a 14       		.uleb128 0x14
 1259 061b 3B040000 		.4byte	0x43b
 1260 061f 15       		.uleb128 0x15
 1261 0620 11000000 		.4byte	.LASF81
 1262 0624 01       		.byte	0x1
 1263 0625 B6       		.byte	0xb6
 1264 0626 00000000 		.4byte	.LFB120
 1265 062a AC000000 		.4byte	.LFE120-.LFB120
 1266 062e 01       		.uleb128 0x1
 1267 062f 9C       		.byte	0x9c
 1268 0630 EF060000 		.4byte	0x6ef
 1269 0634 16       		.uleb128 0x16
 1270 0635 33040000 		.4byte	.LASF82
 1271 0639 01       		.byte	0x1
 1272 063a B6       		.byte	0xb6
 1273 063b 5C040000 		.4byte	0x45c
 1274 063f 01       		.uleb128 0x1
 1275 0640 50       		.byte	0x50
 1276 0641 1B       		.uleb128 0x1b
 1277 0642 94040000 		.4byte	.LASF83
 1278 0646 01       		.byte	0x1
 1279 0647 B7       		.byte	0xb7
 1280 0648 46040000 		.4byte	0x446
 1281 064c 00000000 		.4byte	.LLST0
 1282 0650 1B       		.uleb128 0x1b
 1283 0651 24040000 		.4byte	.LASF84
 1284 0655 01       		.byte	0x1
 1285 0656 B8       		.byte	0xb8
 1286 0657 51040000 		.4byte	0x451
 1287 065b 2D000000 		.4byte	.LLST1
 1288 065f 1C       		.uleb128 0x1c
 1289 0660 A9040000 		.4byte	.LASF58
 1290 0664 01       		.byte	0x1
 1291 0665 BA       		.byte	0xba
 1292 0666 A2000000 		.4byte	0xa2
 1293 066a 01       		.uleb128 0x1
 1294 066b 5E       		.byte	0x5e
 1295 066c 1C       		.uleb128 0x1c
 1296 066d A3030000 		.4byte	.LASF59
 1297 0671 01       		.byte	0x1
 1298 0672 BB       		.byte	0xbb
 1299 0673 A2000000 		.4byte	0xa2
 1300 0677 01       		.uleb128 0x1
 1301 0678 57       		.byte	0x57
 1302 0679 1C       		.uleb128 0x1c
 1303 067a F6010000 		.4byte	.LASF60
 1304 067e 01       		.byte	0x1
 1305 067f BC       		.byte	0xbc
 1306 0680 A2000000 		.4byte	0xa2
 1307 0684 01       		.uleb128 0x1
 1308 0685 56       		.byte	0x56
 1309 0686 1C       		.uleb128 0x1c
 1310 0687 99040000 		.4byte	.LASF61
 1311 068b 01       		.byte	0x1
ARM GAS  /tmp/ccx4Fs3L.s 			page 24


 1312 068c BD       		.byte	0xbd
 1313 068d A2000000 		.4byte	0xa2
 1314 0691 01       		.uleb128 0x1
 1315 0692 55       		.byte	0x55
 1316 0693 1C       		.uleb128 0x1c
 1317 0694 C5040000 		.4byte	.LASF85
 1318 0698 01       		.byte	0x1
 1319 0699 BE       		.byte	0xbe
 1320 069a A2000000 		.4byte	0xa2
 1321 069e 01       		.uleb128 0x1
 1322 069f 52       		.byte	0x52
 1323 06a0 1D       		.uleb128 0x1d
 1324 06a1 62697400 		.ascii	"bit\000"
 1325 06a5 01       		.byte	0x1
 1326 06a6 BF       		.byte	0xbf
 1327 06a7 A2000000 		.4byte	0xa2
 1328 06ab 4E000000 		.4byte	.LLST2
 1329 06af 1E       		.uleb128 0x1e
 1330 06b0 D8000000 		.4byte	.Ldebug_ranges0+0xd8
 1331 06b4 1F       		.uleb128 0x1f
 1332 06b5 D7040000 		.4byte	.LASF86
 1333 06b9 01       		.byte	0x1
 1334 06ba C2       		.byte	0xc2
 1335 06bb A2000000 		.4byte	0xa2
 1336 06bf 6D000000 		.4byte	.LLST3
 1337 06c3 1D       		.uleb128 0x1d
 1338 06c4 6D3100   		.ascii	"m1\000"
 1339 06c7 01       		.byte	0x1
 1340 06c8 C2       		.byte	0xc2
 1341 06c9 A2000000 		.4byte	0xa2
 1342 06cd B3000000 		.4byte	.LLST4
 1343 06d1 1D       		.uleb128 0x1d
 1344 06d2 6D3200   		.ascii	"m2\000"
 1345 06d5 01       		.byte	0x1
 1346 06d6 C2       		.byte	0xc2
 1347 06d7 A2000000 		.4byte	0xa2
 1348 06db CA000000 		.4byte	.LLST5
 1349 06df 1D       		.uleb128 0x1d
 1350 06e0 6D3400   		.ascii	"m4\000"
 1351 06e3 01       		.byte	0x1
 1352 06e4 C2       		.byte	0xc2
 1353 06e5 A2000000 		.4byte	0xa2
 1354 06e9 E3000000 		.4byte	.LLST6
 1355 06ed 00       		.byte	0
 1356 06ee 00       		.byte	0
 1357 06ef 20       		.uleb128 0x20
 1358 06f0 CA040000 		.4byte	.LASF91
 1359 06f4 06       		.byte	0x6
 1360 06f5 9806     		.2byte	0x698
 1361 06f7 D7000000 		.4byte	0xd7
 1362 06fb 00       		.byte	0
 1363              		.section	.debug_abbrev,"",%progbits
 1364              	.Ldebug_abbrev0:
 1365 0000 01       		.uleb128 0x1
 1366 0001 11       		.uleb128 0x11
 1367 0002 01       		.byte	0x1
 1368 0003 25       		.uleb128 0x25
ARM GAS  /tmp/ccx4Fs3L.s 			page 25


 1369 0004 0E       		.uleb128 0xe
 1370 0005 13       		.uleb128 0x13
 1371 0006 0B       		.uleb128 0xb
 1372 0007 03       		.uleb128 0x3
 1373 0008 0E       		.uleb128 0xe
 1374 0009 1B       		.uleb128 0x1b
 1375 000a 0E       		.uleb128 0xe
 1376 000b 55       		.uleb128 0x55
 1377 000c 17       		.uleb128 0x17
 1378 000d 11       		.uleb128 0x11
 1379 000e 01       		.uleb128 0x1
 1380 000f 10       		.uleb128 0x10
 1381 0010 17       		.uleb128 0x17
 1382 0011 00       		.byte	0
 1383 0012 00       		.byte	0
 1384 0013 02       		.uleb128 0x2
 1385 0014 24       		.uleb128 0x24
 1386 0015 00       		.byte	0
 1387 0016 0B       		.uleb128 0xb
 1388 0017 0B       		.uleb128 0xb
 1389 0018 3E       		.uleb128 0x3e
 1390 0019 0B       		.uleb128 0xb
 1391 001a 03       		.uleb128 0x3
 1392 001b 08       		.uleb128 0x8
 1393 001c 00       		.byte	0
 1394 001d 00       		.byte	0
 1395 001e 03       		.uleb128 0x3
 1396 001f 24       		.uleb128 0x24
 1397 0020 00       		.byte	0
 1398 0021 0B       		.uleb128 0xb
 1399 0022 0B       		.uleb128 0xb
 1400 0023 3E       		.uleb128 0x3e
 1401 0024 0B       		.uleb128 0xb
 1402 0025 03       		.uleb128 0x3
 1403 0026 0E       		.uleb128 0xe
 1404 0027 00       		.byte	0
 1405 0028 00       		.byte	0
 1406 0029 04       		.uleb128 0x4
 1407 002a 16       		.uleb128 0x16
 1408 002b 00       		.byte	0
 1409 002c 03       		.uleb128 0x3
 1410 002d 0E       		.uleb128 0xe
 1411 002e 3A       		.uleb128 0x3a
 1412 002f 0B       		.uleb128 0xb
 1413 0030 3B       		.uleb128 0x3b
 1414 0031 0B       		.uleb128 0xb
 1415 0032 49       		.uleb128 0x49
 1416 0033 13       		.uleb128 0x13
 1417 0034 00       		.byte	0
 1418 0035 00       		.byte	0
 1419 0036 05       		.uleb128 0x5
 1420 0037 35       		.uleb128 0x35
 1421 0038 00       		.byte	0
 1422 0039 49       		.uleb128 0x49
 1423 003a 13       		.uleb128 0x13
 1424 003b 00       		.byte	0
 1425 003c 00       		.byte	0
ARM GAS  /tmp/ccx4Fs3L.s 			page 26


 1426 003d 06       		.uleb128 0x6
 1427 003e 01       		.uleb128 0x1
 1428 003f 01       		.byte	0x1
 1429 0040 49       		.uleb128 0x49
 1430 0041 13       		.uleb128 0x13
 1431 0042 01       		.uleb128 0x1
 1432 0043 13       		.uleb128 0x13
 1433 0044 00       		.byte	0
 1434 0045 00       		.byte	0
 1435 0046 07       		.uleb128 0x7
 1436 0047 21       		.uleb128 0x21
 1437 0048 00       		.byte	0
 1438 0049 49       		.uleb128 0x49
 1439 004a 13       		.uleb128 0x13
 1440 004b 2F       		.uleb128 0x2f
 1441 004c 0B       		.uleb128 0xb
 1442 004d 00       		.byte	0
 1443 004e 00       		.byte	0
 1444 004f 08       		.uleb128 0x8
 1445 0050 13       		.uleb128 0x13
 1446 0051 01       		.byte	0x1
 1447 0052 0B       		.uleb128 0xb
 1448 0053 0B       		.uleb128 0xb
 1449 0054 3A       		.uleb128 0x3a
 1450 0055 0B       		.uleb128 0xb
 1451 0056 3B       		.uleb128 0x3b
 1452 0057 05       		.uleb128 0x5
 1453 0058 01       		.uleb128 0x1
 1454 0059 13       		.uleb128 0x13
 1455 005a 00       		.byte	0
 1456 005b 00       		.byte	0
 1457 005c 09       		.uleb128 0x9
 1458 005d 0D       		.uleb128 0xd
 1459 005e 00       		.byte	0
 1460 005f 03       		.uleb128 0x3
 1461 0060 08       		.uleb128 0x8
 1462 0061 3A       		.uleb128 0x3a
 1463 0062 0B       		.uleb128 0xb
 1464 0063 3B       		.uleb128 0x3b
 1465 0064 05       		.uleb128 0x5
 1466 0065 49       		.uleb128 0x49
 1467 0066 13       		.uleb128 0x13
 1468 0067 38       		.uleb128 0x38
 1469 0068 0B       		.uleb128 0xb
 1470 0069 00       		.byte	0
 1471 006a 00       		.byte	0
 1472 006b 0A       		.uleb128 0xa
 1473 006c 0D       		.uleb128 0xd
 1474 006d 00       		.byte	0
 1475 006e 03       		.uleb128 0x3
 1476 006f 0E       		.uleb128 0xe
 1477 0070 3A       		.uleb128 0x3a
 1478 0071 0B       		.uleb128 0xb
 1479 0072 3B       		.uleb128 0x3b
 1480 0073 05       		.uleb128 0x5
 1481 0074 49       		.uleb128 0x49
 1482 0075 13       		.uleb128 0x13
ARM GAS  /tmp/ccx4Fs3L.s 			page 27


 1483 0076 38       		.uleb128 0x38
 1484 0077 0B       		.uleb128 0xb
 1485 0078 00       		.byte	0
 1486 0079 00       		.byte	0
 1487 007a 0B       		.uleb128 0xb
 1488 007b 16       		.uleb128 0x16
 1489 007c 00       		.byte	0
 1490 007d 03       		.uleb128 0x3
 1491 007e 0E       		.uleb128 0xe
 1492 007f 3A       		.uleb128 0x3a
 1493 0080 0B       		.uleb128 0xb
 1494 0081 3B       		.uleb128 0x3b
 1495 0082 05       		.uleb128 0x5
 1496 0083 49       		.uleb128 0x49
 1497 0084 13       		.uleb128 0x13
 1498 0085 00       		.byte	0
 1499 0086 00       		.byte	0
 1500 0087 0C       		.uleb128 0xc
 1501 0088 13       		.uleb128 0x13
 1502 0089 01       		.byte	0x1
 1503 008a 0B       		.uleb128 0xb
 1504 008b 0B       		.uleb128 0xb
 1505 008c 3A       		.uleb128 0x3a
 1506 008d 0B       		.uleb128 0xb
 1507 008e 3B       		.uleb128 0x3b
 1508 008f 0B       		.uleb128 0xb
 1509 0090 01       		.uleb128 0x1
 1510 0091 13       		.uleb128 0x13
 1511 0092 00       		.byte	0
 1512 0093 00       		.byte	0
 1513 0094 0D       		.uleb128 0xd
 1514 0095 0D       		.uleb128 0xd
 1515 0096 00       		.byte	0
 1516 0097 03       		.uleb128 0x3
 1517 0098 08       		.uleb128 0x8
 1518 0099 3A       		.uleb128 0x3a
 1519 009a 0B       		.uleb128 0xb
 1520 009b 3B       		.uleb128 0x3b
 1521 009c 0B       		.uleb128 0xb
 1522 009d 49       		.uleb128 0x49
 1523 009e 13       		.uleb128 0x13
 1524 009f 38       		.uleb128 0x38
 1525 00a0 0B       		.uleb128 0xb
 1526 00a1 00       		.byte	0
 1527 00a2 00       		.byte	0
 1528 00a3 0E       		.uleb128 0xe
 1529 00a4 0D       		.uleb128 0xd
 1530 00a5 00       		.byte	0
 1531 00a6 03       		.uleb128 0x3
 1532 00a7 0E       		.uleb128 0xe
 1533 00a8 3A       		.uleb128 0x3a
 1534 00a9 0B       		.uleb128 0xb
 1535 00aa 3B       		.uleb128 0x3b
 1536 00ab 0B       		.uleb128 0xb
 1537 00ac 49       		.uleb128 0x49
 1538 00ad 13       		.uleb128 0x13
 1539 00ae 38       		.uleb128 0x38
ARM GAS  /tmp/ccx4Fs3L.s 			page 28


 1540 00af 0B       		.uleb128 0xb
 1541 00b0 00       		.byte	0
 1542 00b1 00       		.byte	0
 1543 00b2 0F       		.uleb128 0xf
 1544 00b3 17       		.uleb128 0x17
 1545 00b4 01       		.byte	0x1
 1546 00b5 0B       		.uleb128 0xb
 1547 00b6 0B       		.uleb128 0xb
 1548 00b7 3A       		.uleb128 0x3a
 1549 00b8 0B       		.uleb128 0xb
 1550 00b9 3B       		.uleb128 0x3b
 1551 00ba 0B       		.uleb128 0xb
 1552 00bb 01       		.uleb128 0x1
 1553 00bc 13       		.uleb128 0x13
 1554 00bd 00       		.byte	0
 1555 00be 00       		.byte	0
 1556 00bf 10       		.uleb128 0x10
 1557 00c0 0D       		.uleb128 0xd
 1558 00c1 00       		.byte	0
 1559 00c2 03       		.uleb128 0x3
 1560 00c3 08       		.uleb128 0x8
 1561 00c4 3A       		.uleb128 0x3a
 1562 00c5 0B       		.uleb128 0xb
 1563 00c6 3B       		.uleb128 0x3b
 1564 00c7 0B       		.uleb128 0xb
 1565 00c8 49       		.uleb128 0x49
 1566 00c9 13       		.uleb128 0x13
 1567 00ca 00       		.byte	0
 1568 00cb 00       		.byte	0
 1569 00cc 11       		.uleb128 0x11
 1570 00cd 0F       		.uleb128 0xf
 1571 00ce 00       		.byte	0
 1572 00cf 0B       		.uleb128 0xb
 1573 00d0 0B       		.uleb128 0xb
 1574 00d1 49       		.uleb128 0x49
 1575 00d2 13       		.uleb128 0x13
 1576 00d3 00       		.byte	0
 1577 00d4 00       		.byte	0
 1578 00d5 12       		.uleb128 0x12
 1579 00d6 2E       		.uleb128 0x2e
 1580 00d7 01       		.byte	0x1
 1581 00d8 03       		.uleb128 0x3
 1582 00d9 0E       		.uleb128 0xe
 1583 00da 3A       		.uleb128 0x3a
 1584 00db 0B       		.uleb128 0xb
 1585 00dc 3B       		.uleb128 0x3b
 1586 00dd 0B       		.uleb128 0xb
 1587 00de 27       		.uleb128 0x27
 1588 00df 19       		.uleb128 0x19
 1589 00e0 20       		.uleb128 0x20
 1590 00e1 0B       		.uleb128 0xb
 1591 00e2 01       		.uleb128 0x1
 1592 00e3 13       		.uleb128 0x13
 1593 00e4 00       		.byte	0
 1594 00e5 00       		.byte	0
 1595 00e6 13       		.uleb128 0x13
 1596 00e7 05       		.uleb128 0x5
ARM GAS  /tmp/ccx4Fs3L.s 			page 29


 1597 00e8 00       		.byte	0
 1598 00e9 03       		.uleb128 0x3
 1599 00ea 0E       		.uleb128 0xe
 1600 00eb 3A       		.uleb128 0x3a
 1601 00ec 0B       		.uleb128 0xb
 1602 00ed 3B       		.uleb128 0x3b
 1603 00ee 0B       		.uleb128 0xb
 1604 00ef 49       		.uleb128 0x49
 1605 00f0 13       		.uleb128 0x13
 1606 00f1 00       		.byte	0
 1607 00f2 00       		.byte	0
 1608 00f3 14       		.uleb128 0x14
 1609 00f4 26       		.uleb128 0x26
 1610 00f5 00       		.byte	0
 1611 00f6 49       		.uleb128 0x49
 1612 00f7 13       		.uleb128 0x13
 1613 00f8 00       		.byte	0
 1614 00f9 00       		.byte	0
 1615 00fa 15       		.uleb128 0x15
 1616 00fb 2E       		.uleb128 0x2e
 1617 00fc 01       		.byte	0x1
 1618 00fd 3F       		.uleb128 0x3f
 1619 00fe 19       		.uleb128 0x19
 1620 00ff 03       		.uleb128 0x3
 1621 0100 0E       		.uleb128 0xe
 1622 0101 3A       		.uleb128 0x3a
 1623 0102 0B       		.uleb128 0xb
 1624 0103 3B       		.uleb128 0x3b
 1625 0104 0B       		.uleb128 0xb
 1626 0105 27       		.uleb128 0x27
 1627 0106 19       		.uleb128 0x19
 1628 0107 11       		.uleb128 0x11
 1629 0108 01       		.uleb128 0x1
 1630 0109 12       		.uleb128 0x12
 1631 010a 06       		.uleb128 0x6
 1632 010b 40       		.uleb128 0x40
 1633 010c 18       		.uleb128 0x18
 1634 010d 9742     		.uleb128 0x2117
 1635 010f 19       		.uleb128 0x19
 1636 0110 01       		.uleb128 0x1
 1637 0111 13       		.uleb128 0x13
 1638 0112 00       		.byte	0
 1639 0113 00       		.byte	0
 1640 0114 16       		.uleb128 0x16
 1641 0115 05       		.uleb128 0x5
 1642 0116 00       		.byte	0
 1643 0117 03       		.uleb128 0x3
 1644 0118 0E       		.uleb128 0xe
 1645 0119 3A       		.uleb128 0x3a
 1646 011a 0B       		.uleb128 0xb
 1647 011b 3B       		.uleb128 0x3b
 1648 011c 0B       		.uleb128 0xb
 1649 011d 49       		.uleb128 0x49
 1650 011e 13       		.uleb128 0x13
 1651 011f 02       		.uleb128 0x2
 1652 0120 18       		.uleb128 0x18
 1653 0121 00       		.byte	0
ARM GAS  /tmp/ccx4Fs3L.s 			page 30


 1654 0122 00       		.byte	0
 1655 0123 17       		.uleb128 0x17
 1656 0124 1D       		.uleb128 0x1d
 1657 0125 01       		.byte	0x1
 1658 0126 31       		.uleb128 0x31
 1659 0127 13       		.uleb128 0x13
 1660 0128 52       		.uleb128 0x52
 1661 0129 01       		.uleb128 0x1
 1662 012a 55       		.uleb128 0x55
 1663 012b 17       		.uleb128 0x17
 1664 012c 58       		.uleb128 0x58
 1665 012d 0B       		.uleb128 0xb
 1666 012e 59       		.uleb128 0x59
 1667 012f 0B       		.uleb128 0xb
 1668 0130 01       		.uleb128 0x1
 1669 0131 13       		.uleb128 0x13
 1670 0132 00       		.byte	0
 1671 0133 00       		.byte	0
 1672 0134 18       		.uleb128 0x18
 1673 0135 05       		.uleb128 0x5
 1674 0136 00       		.byte	0
 1675 0137 31       		.uleb128 0x31
 1676 0138 13       		.uleb128 0x13
 1677 0139 02       		.uleb128 0x2
 1678 013a 18       		.uleb128 0x18
 1679 013b 00       		.byte	0
 1680 013c 00       		.byte	0
 1681 013d 19       		.uleb128 0x19
 1682 013e 05       		.uleb128 0x5
 1683 013f 00       		.byte	0
 1684 0140 31       		.uleb128 0x31
 1685 0141 13       		.uleb128 0x13
 1686 0142 1C       		.uleb128 0x1c
 1687 0143 06       		.uleb128 0x6
 1688 0144 00       		.byte	0
 1689 0145 00       		.byte	0
 1690 0146 1A       		.uleb128 0x1a
 1691 0147 1D       		.uleb128 0x1d
 1692 0148 01       		.byte	0x1
 1693 0149 31       		.uleb128 0x31
 1694 014a 13       		.uleb128 0x13
 1695 014b 52       		.uleb128 0x52
 1696 014c 01       		.uleb128 0x1
 1697 014d 55       		.uleb128 0x55
 1698 014e 17       		.uleb128 0x17
 1699 014f 58       		.uleb128 0x58
 1700 0150 0B       		.uleb128 0xb
 1701 0151 59       		.uleb128 0x59
 1702 0152 0B       		.uleb128 0xb
 1703 0153 00       		.byte	0
 1704 0154 00       		.byte	0
 1705 0155 1B       		.uleb128 0x1b
 1706 0156 05       		.uleb128 0x5
 1707 0157 00       		.byte	0
 1708 0158 03       		.uleb128 0x3
 1709 0159 0E       		.uleb128 0xe
 1710 015a 3A       		.uleb128 0x3a
ARM GAS  /tmp/ccx4Fs3L.s 			page 31


 1711 015b 0B       		.uleb128 0xb
 1712 015c 3B       		.uleb128 0x3b
 1713 015d 0B       		.uleb128 0xb
 1714 015e 49       		.uleb128 0x49
 1715 015f 13       		.uleb128 0x13
 1716 0160 02       		.uleb128 0x2
 1717 0161 17       		.uleb128 0x17
 1718 0162 00       		.byte	0
 1719 0163 00       		.byte	0
 1720 0164 1C       		.uleb128 0x1c
 1721 0165 34       		.uleb128 0x34
 1722 0166 00       		.byte	0
 1723 0167 03       		.uleb128 0x3
 1724 0168 0E       		.uleb128 0xe
 1725 0169 3A       		.uleb128 0x3a
 1726 016a 0B       		.uleb128 0xb
 1727 016b 3B       		.uleb128 0x3b
 1728 016c 0B       		.uleb128 0xb
 1729 016d 49       		.uleb128 0x49
 1730 016e 13       		.uleb128 0x13
 1731 016f 02       		.uleb128 0x2
 1732 0170 18       		.uleb128 0x18
 1733 0171 00       		.byte	0
 1734 0172 00       		.byte	0
 1735 0173 1D       		.uleb128 0x1d
 1736 0174 34       		.uleb128 0x34
 1737 0175 00       		.byte	0
 1738 0176 03       		.uleb128 0x3
 1739 0177 08       		.uleb128 0x8
 1740 0178 3A       		.uleb128 0x3a
 1741 0179 0B       		.uleb128 0xb
 1742 017a 3B       		.uleb128 0x3b
 1743 017b 0B       		.uleb128 0xb
 1744 017c 49       		.uleb128 0x49
 1745 017d 13       		.uleb128 0x13
 1746 017e 02       		.uleb128 0x2
 1747 017f 17       		.uleb128 0x17
 1748 0180 00       		.byte	0
 1749 0181 00       		.byte	0
 1750 0182 1E       		.uleb128 0x1e
 1751 0183 0B       		.uleb128 0xb
 1752 0184 01       		.byte	0x1
 1753 0185 55       		.uleb128 0x55
 1754 0186 17       		.uleb128 0x17
 1755 0187 00       		.byte	0
 1756 0188 00       		.byte	0
 1757 0189 1F       		.uleb128 0x1f
 1758 018a 34       		.uleb128 0x34
 1759 018b 00       		.byte	0
 1760 018c 03       		.uleb128 0x3
 1761 018d 0E       		.uleb128 0xe
 1762 018e 3A       		.uleb128 0x3a
 1763 018f 0B       		.uleb128 0xb
 1764 0190 3B       		.uleb128 0x3b
 1765 0191 0B       		.uleb128 0xb
 1766 0192 49       		.uleb128 0x49
 1767 0193 13       		.uleb128 0x13
ARM GAS  /tmp/ccx4Fs3L.s 			page 32


 1768 0194 02       		.uleb128 0x2
 1769 0195 17       		.uleb128 0x17
 1770 0196 00       		.byte	0
 1771 0197 00       		.byte	0
 1772 0198 20       		.uleb128 0x20
 1773 0199 34       		.uleb128 0x34
 1774 019a 00       		.byte	0
 1775 019b 03       		.uleb128 0x3
 1776 019c 0E       		.uleb128 0xe
 1777 019d 3A       		.uleb128 0x3a
 1778 019e 0B       		.uleb128 0xb
 1779 019f 3B       		.uleb128 0x3b
 1780 01a0 05       		.uleb128 0x5
 1781 01a1 49       		.uleb128 0x49
 1782 01a2 13       		.uleb128 0x13
 1783 01a3 3F       		.uleb128 0x3f
 1784 01a4 19       		.uleb128 0x19
 1785 01a5 3C       		.uleb128 0x3c
 1786 01a6 19       		.uleb128 0x19
 1787 01a7 00       		.byte	0
 1788 01a8 00       		.byte	0
 1789 01a9 00       		.byte	0
 1790              		.section	.debug_loc,"",%progbits
 1791              	.Ldebug_loc0:
 1792              	.LLST0:
 1793 0000 00000000 		.4byte	.LVL10
 1794 0004 70000000 		.4byte	.LVL21
 1795 0008 0100     		.2byte	0x1
 1796 000a 51       		.byte	0x51
 1797 000b 70000000 		.4byte	.LVL21
 1798 000f 72000000 		.4byte	.LVL22
 1799 0013 0500     		.2byte	0x5
 1800 0015 71       		.byte	0x71
 1801 0016 00       		.sleb128 0
 1802 0017 31       		.byte	0x31
 1803 0018 25       		.byte	0x25
 1804 0019 9F       		.byte	0x9f
 1805 001a 72000000 		.4byte	.LVL22
 1806 001e AC000000 		.4byte	.LFE120
 1807 0022 0100     		.2byte	0x1
 1808 0024 51       		.byte	0x51
 1809 0025 00000000 		.4byte	0
 1810 0029 00000000 		.4byte	0
 1811              	.LLST1:
 1812 002d 00000000 		.4byte	.LVL10
 1813 0031 1E000000 		.4byte	.LVL15
 1814 0035 0100     		.2byte	0x1
 1815 0037 52       		.byte	0x52
 1816 0038 1E000000 		.4byte	.LVL15
 1817 003c AC000000 		.4byte	.LFE120
 1818 0040 0400     		.2byte	0x4
 1819 0042 F3       		.byte	0xf3
 1820 0043 01       		.uleb128 0x1
 1821 0044 52       		.byte	0x52
 1822 0045 9F       		.byte	0x9f
 1823 0046 00000000 		.4byte	0
 1824 004a 00000000 		.4byte	0
ARM GAS  /tmp/ccx4Fs3L.s 			page 33


 1825              	.LLST2:
 1826 004e 1E000000 		.4byte	.LVL15
 1827 0052 28000000 		.4byte	.LVL16
 1828 0056 0200     		.2byte	0x2
 1829 0058 30       		.byte	0x30
 1830 0059 9F       		.byte	0x9f
 1831 005a 28000000 		.4byte	.LVL16
 1832 005e AC000000 		.4byte	.LFE120
 1833 0062 0100     		.2byte	0x1
 1834 0064 54       		.byte	0x54
 1835 0065 00000000 		.4byte	0
 1836 0069 00000000 		.4byte	0
 1837              	.LLST3:
 1838 006d 28000000 		.4byte	.LVL16
 1839 0071 3C000000 		.4byte	.LVL19
 1840 0075 0100     		.2byte	0x1
 1841 0077 5A       		.byte	0x5a
 1842 0078 3C000000 		.4byte	.LVL19
 1843 007c 80000000 		.4byte	.LVL27
 1844 0080 0A00     		.2byte	0xa
 1845 0082 72       		.byte	0x72
 1846 0083 00       		.sleb128 0
 1847 0084 74       		.byte	0x74
 1848 0085 00       		.sleb128 0
 1849 0086 37       		.byte	0x37
 1850 0087 1A       		.byte	0x1a
 1851 0088 32       		.byte	0x32
 1852 0089 24       		.byte	0x24
 1853 008a 24       		.byte	0x24
 1854 008b 9F       		.byte	0x9f
 1855 008c 8E000000 		.4byte	.LVL28
 1856 0090 A8000000 		.4byte	.LVL31
 1857 0094 0100     		.2byte	0x1
 1858 0096 5A       		.byte	0x5a
 1859 0097 A8000000 		.4byte	.LVL31
 1860 009b AC000000 		.4byte	.LFE120
 1861 009f 0A00     		.2byte	0xa
 1862 00a1 72       		.byte	0x72
 1863 00a2 00       		.sleb128 0
 1864 00a3 74       		.byte	0x74
 1865 00a4 00       		.sleb128 0
 1866 00a5 37       		.byte	0x37
 1867 00a6 1A       		.byte	0x1a
 1868 00a7 32       		.byte	0x32
 1869 00a8 24       		.byte	0x24
 1870 00a9 24       		.byte	0x24
 1871 00aa 9F       		.byte	0x9f
 1872 00ab 00000000 		.4byte	0
 1873 00af 00000000 		.4byte	0
 1874              	.LLST4:
 1875 00b3 36000000 		.4byte	.LVL18
 1876 00b7 70000000 		.4byte	.LVL21
 1877 00bb 0500     		.2byte	0x5
 1878 00bd 31       		.byte	0x31
 1879 00be 74       		.byte	0x74
 1880 00bf 00       		.sleb128 0
 1881 00c0 24       		.byte	0x24
ARM GAS  /tmp/ccx4Fs3L.s 			page 34


 1882 00c1 9F       		.byte	0x9f
 1883 00c2 00000000 		.4byte	0
 1884 00c6 00000000 		.4byte	0
 1885              	.LLST5:
 1886 00ca 44000000 		.4byte	.LVL20
 1887 00ce 70000000 		.4byte	.LVL21
 1888 00d2 0700     		.2byte	0x7
 1889 00d4 33       		.byte	0x33
 1890 00d5 74       		.byte	0x74
 1891 00d6 00       		.sleb128 0
 1892 00d7 31       		.byte	0x31
 1893 00d8 24       		.byte	0x24
 1894 00d9 24       		.byte	0x24
 1895 00da 9F       		.byte	0x9f
 1896 00db 00000000 		.4byte	0
 1897 00df 00000000 		.4byte	0
 1898              	.LLST6:
 1899 00e3 28000000 		.4byte	.LVL16
 1900 00e7 30000000 		.4byte	.LVL17
 1901 00eb 0100     		.2byte	0x1
 1902 00ed 53       		.byte	0x53
 1903 00ee 30000000 		.4byte	.LVL17
 1904 00f2 80000000 		.4byte	.LVL27
 1905 00f6 0A00     		.2byte	0xa
 1906 00f8 7C       		.byte	0x7c
 1907 00f9 00       		.sleb128 0
 1908 00fa 74       		.byte	0x74
 1909 00fb 00       		.sleb128 0
 1910 00fc 37       		.byte	0x37
 1911 00fd 1A       		.byte	0x1a
 1912 00fe 32       		.byte	0x32
 1913 00ff 24       		.byte	0x24
 1914 0100 24       		.byte	0x24
 1915 0101 9F       		.byte	0x9f
 1916 0102 92000000 		.4byte	.LVL29
 1917 0106 A0000000 		.4byte	.LVL30
 1918 010a 0100     		.2byte	0x1
 1919 010c 53       		.byte	0x53
 1920 010d A0000000 		.4byte	.LVL30
 1921 0111 AC000000 		.4byte	.LFE120
 1922 0115 0A00     		.2byte	0xa
 1923 0117 7C       		.byte	0x7c
 1924 0118 00       		.sleb128 0
 1925 0119 74       		.byte	0x74
 1926 011a 00       		.sleb128 0
 1927 011b 37       		.byte	0x37
 1928 011c 1A       		.byte	0x1a
 1929 011d 32       		.byte	0x32
 1930 011e 24       		.byte	0x24
 1931 011f 24       		.byte	0x24
 1932 0120 9F       		.byte	0x9f
 1933 0121 00000000 		.4byte	0
 1934 0125 00000000 		.4byte	0
 1935              		.section	.debug_aranges,"",%progbits
 1936 0000 24000000 		.4byte	0x24
 1937 0004 0200     		.2byte	0x2
 1938 0006 00000000 		.4byte	.Ldebug_info0
ARM GAS  /tmp/ccx4Fs3L.s 			page 35


 1939 000a 04       		.byte	0x4
 1940 000b 00       		.byte	0
 1941 000c 0000     		.2byte	0
 1942 000e 0000     		.2byte	0
 1943 0010 00000000 		.4byte	.LFB119
 1944 0014 CC010000 		.4byte	.LFE119-.LFB119
 1945 0018 00000000 		.4byte	.LFB120
 1946 001c AC000000 		.4byte	.LFE120-.LFB120
 1947 0020 00000000 		.4byte	0
 1948 0024 00000000 		.4byte	0
 1949              		.section	.debug_ranges,"",%progbits
 1950              	.Ldebug_ranges0:
 1951 0000 08000000 		.4byte	.LBB20
 1952 0004 0C000000 		.4byte	.LBE20
 1953 0008 3C000000 		.4byte	.LBB47
 1954 000c 66000000 		.4byte	.LBE47
 1955 0010 00000000 		.4byte	0
 1956 0014 00000000 		.4byte	0
 1957 0018 10000000 		.4byte	.LBB23
 1958 001c 14000000 		.4byte	.LBE23
 1959 0020 66000000 		.4byte	.LBB48
 1960 0024 90000000 		.4byte	.LBE48
 1961 0028 00000000 		.4byte	0
 1962 002c 00000000 		.4byte	0
 1963 0030 14000000 		.4byte	.LBB26
 1964 0034 16000000 		.4byte	.LBE26
 1965 0038 90000000 		.4byte	.LBB49
 1966 003c AC000000 		.4byte	.LBE49
 1967 0040 00000000 		.4byte	0
 1968 0044 00000000 		.4byte	0
 1969 0048 16000000 		.4byte	.LBB29
 1970 004c 18000000 		.4byte	.LBE29
 1971 0050 AC000000 		.4byte	.LBB50
 1972 0054 C8000000 		.4byte	.LBE50
 1973 0058 00000000 		.4byte	0
 1974 005c 00000000 		.4byte	0
 1975 0060 18000000 		.4byte	.LBB32
 1976 0064 1A000000 		.4byte	.LBE32
 1977 0068 C8000000 		.4byte	.LBB51
 1978 006c EA000000 		.4byte	.LBE51
 1979 0070 00000000 		.4byte	0
 1980 0074 00000000 		.4byte	0
 1981 0078 1A000000 		.4byte	.LBB35
 1982 007c 1C000000 		.4byte	.LBE35
 1983 0080 EA000000 		.4byte	.LBB52
 1984 0084 14010000 		.4byte	.LBE52
 1985 0088 00000000 		.4byte	0
 1986 008c 00000000 		.4byte	0
 1987 0090 1C000000 		.4byte	.LBB38
 1988 0094 1E000000 		.4byte	.LBE38
 1989 0098 14010000 		.4byte	.LBB53
 1990 009c 3E010000 		.4byte	.LBE53
 1991 00a0 00000000 		.4byte	0
 1992 00a4 00000000 		.4byte	0
 1993 00a8 1E000000 		.4byte	.LBB41
 1994 00ac 20000000 		.4byte	.LBE41
 1995 00b0 3E010000 		.4byte	.LBB54
ARM GAS  /tmp/ccx4Fs3L.s 			page 36


 1996 00b4 68010000 		.4byte	.LBE54
 1997 00b8 00000000 		.4byte	0
 1998 00bc 00000000 		.4byte	0
 1999 00c0 20000000 		.4byte	.LBB44
 2000 00c4 24000000 		.4byte	.LBE44
 2001 00c8 68010000 		.4byte	.LBB55
 2002 00cc CC010000 		.4byte	.LBE55
 2003 00d0 00000000 		.4byte	0
 2004 00d4 00000000 		.4byte	0
 2005 00d8 04000000 		.4byte	.LBB56
 2006 00dc 08000000 		.4byte	.LBE56
 2007 00e0 1E000000 		.4byte	.LBB57
 2008 00e4 70000000 		.4byte	.LBE57
 2009 00e8 80000000 		.4byte	.LBB58
 2010 00ec 86000000 		.4byte	.LBE58
 2011 00f0 8A000000 		.4byte	.LBB59
 2012 00f4 92000000 		.4byte	.LBE59
 2013 00f8 94000000 		.4byte	.LBB60
 2014 00fc AC000000 		.4byte	.LBE60
 2015 0100 00000000 		.4byte	0
 2016 0104 00000000 		.4byte	0
 2017 0108 00000000 		.4byte	.LFB119
 2018 010c CC010000 		.4byte	.LFE119
 2019 0110 00000000 		.4byte	.LFB120
 2020 0114 AC000000 		.4byte	.LFE120
 2021 0118 00000000 		.4byte	0
 2022 011c 00000000 		.4byte	0
 2023              		.section	.debug_line,"",%progbits
 2024              	.Ldebug_line0:
 2025 0000 51030000 		.section	.debug_str,"MS",%progbits,1
 2025      0200A302 
 2025      00000201 
 2025      FB0E0D00 
 2025      01010101 
 2026              	.LASF34:
 2027 0000 41484231 		.ascii	"AHB1LPENR\000"
 2027      4C50454E 
 2027      5200
 2028              	.LASF67:
 2029 000a 50434461 		.ascii	"PCData\000"
 2029      746100
 2030              	.LASF81:
 2031 0011 5F70616C 		.ascii	"_pal_lld_setgroupmode\000"
 2031      5F6C6C64 
 2031      5F736574 
 2031      67726F75 
 2031      706D6F64 
 2032              	.LASF24:
 2033 0027 41504231 		.ascii	"APB1RSTR\000"
 2033      52535452 
 2033      00
 2034              	.LASF28:
 2035 0030 41484232 		.ascii	"AHB2ENR\000"
 2035      454E5200 
 2036              	.LASF64:
 2037 0038 73746D33 		.ascii	"stm32_gpio_setup_t\000"
 2037      325F6770 
ARM GAS  /tmp/ccx4Fs3L.s 			page 37


 2037      696F5F73 
 2037      65747570 
 2037      5F7400
 2038              	.LASF70:
 2039 004b 50464461 		.ascii	"PFData\000"
 2039      746100
 2040              	.LASF80:
 2041 0052 5F70616C 		.ascii	"_pal_lld_init\000"
 2041      5F6C6C64 
 2041      5F696E69 
 2041      7400
 2042              	.LASF88:
 2043 0060 2F686F6D 		.ascii	"/home/sbcu/Dropbox/pcb-layouts/axo-on-discovery-boa"
 2043      652F7362 
 2043      63752F44 
 2043      726F7062 
 2043      6F782F70 
 2044 0093 72642F61 		.ascii	"rd/axoloti/platform_linux/../chibios/os/hal/platfor"
 2044      786F6C6F 
 2044      74692F70 
 2044      6C617466 
 2044      6F726D5F 
 2045 00c6 6D732F53 		.ascii	"ms/STM32/GPIOv2/pal_lld.c\000"
 2045      544D3332 
 2045      2F475049 
 2045      4F76322F 
 2045      70616C5F 
 2046              	.LASF90:
 2047 00e0 696E6974 		.ascii	"initgpio\000"
 2047      6770696F 
 2047      00
 2048              	.LASF16:
 2049 00e9 73697A65 		.ascii	"sizetype\000"
 2049      74797065 
 2049      00
 2050              	.LASF41:
 2051 00f2 42444352 		.ascii	"BDCR\000"
 2051      00
 2052              	.LASF73:
 2053 00f7 50494461 		.ascii	"PIData\000"
 2053      746100
 2054              	.LASF44:
 2055 00fe 504C4C49 		.ascii	"PLLI2SCFGR\000"
 2055      32534346 
 2055      475200
 2056              	.LASF78:
 2057 0109 6770696F 		.ascii	"gpiop\000"
 2057      7000
 2058              	.LASF8:
 2059 010f 5F5F7569 		.ascii	"__uint32_t\000"
 2059      6E743332 
 2059      5F7400
 2060              	.LASF89:
 2061 011a 2F686F6D 		.ascii	"/home/sbcu/Dropbox/pcb-layouts/axo-on-discovery-boa"
 2061      652F7362 
 2061      63752F44 
 2061      726F7062 
ARM GAS  /tmp/ccx4Fs3L.s 			page 38


 2061      6F782F70 
 2062 014d 72642F61 		.ascii	"rd/axoloti/firmware/flasher\000"
 2062      786F6C6F 
 2062      74692F66 
 2062      69726D77 
 2062      6172652F 
 2063              	.LASF5:
 2064 0169 5F5F7569 		.ascii	"__uint16_t\000"
 2064      6E743136 
 2064      5F7400
 2065              	.LASF43:
 2066 0174 53534347 		.ascii	"SSCGR\000"
 2066      5200
 2067              	.LASF66:
 2068 017a 50424461 		.ascii	"PBData\000"
 2068      746100
 2069              	.LASF3:
 2070 0181 73686F72 		.ascii	"short int\000"
 2070      7420696E 
 2070      7400
 2071              	.LASF20:
 2072 018b 41484231 		.ascii	"AHB1RSTR\000"
 2072      52535452 
 2072      00
 2073              	.LASF79:
 2074 0194 636F6E66 		.ascii	"config\000"
 2074      696700
 2075              	.LASF76:
 2076 019b 696F6D6F 		.ascii	"iomode_t\000"
 2076      64655F74 
 2076      00
 2077              	.LASF36:
 2078 01a4 41484233 		.ascii	"AHB3LPENR\000"
 2078      4C50454E 
 2078      5200
 2079              	.LASF31:
 2080 01ae 41504231 		.ascii	"APB1ENR\000"
 2080      454E5200 
 2081              	.LASF75:
 2082 01b6 696F706F 		.ascii	"ioportmask_t\000"
 2082      72746D61 
 2082      736B5F74 
 2082      00
 2083              	.LASF50:
 2084 01c3 4F545950 		.ascii	"OTYPER\000"
 2084      455200
 2085              	.LASF46:
 2086 01ca 44434B43 		.ascii	"DCKCFGR\000"
 2086      46475200 
 2087              	.LASF29:
 2088 01d2 41484233 		.ascii	"AHB3ENR\000"
 2088      454E5200 
 2089              	.LASF51:
 2090 01da 4F535045 		.ascii	"OSPEEDR\000"
 2090      45445200 
 2091              	.LASF10:
 2092 01e2 6C6F6E67 		.ascii	"long long int\000"
ARM GAS  /tmp/ccx4Fs3L.s 			page 39


 2092      206C6F6E 
 2092      6720696E 
 2092      7400
 2093              	.LASF52:
 2094 01f0 50555044 		.ascii	"PUPDR\000"
 2094      5200
 2095              	.LASF60:
 2096 01f6 6F737065 		.ascii	"ospeedr\000"
 2096      65647200 
 2097              	.LASF7:
 2098 01fe 6C6F6E67 		.ascii	"long int\000"
 2098      20696E74 
 2098      00
 2099              	.LASF68:
 2100 0207 50444461 		.ascii	"PDData\000"
 2100      746100
 2101              	.LASF87:
 2102 020e 474E5520 		.ascii	"GNU C 4.9.3 20150529 (release) [ARM/embedded-4_9-br"
 2102      4320342E 
 2102      392E3320 
 2102      32303135 
 2102      30353239 
 2103 0241 616E6368 		.ascii	"anch revision 224288] -mcpu=cortex-m4 -mfloat-abi=h"
 2103      20726576 
 2103      6973696F 
 2103      6E203232 
 2103      34323838 
 2104 0274 61726420 		.ascii	"ard -mfpu=fpv4-sp-d16 -mno-thumb-interwork -mthumb "
 2104      2D6D6670 
 2104      753D6670 
 2104      76342D73 
 2104      702D6431 
 2105 02a7 2D676764 		.ascii	"-ggdb -O2 -fomit-frame-pointer -falign-functions=16"
 2105      62202D4F 
 2105      32202D66 
 2105      6F6D6974 
 2105      2D667261 
 2106 02da 202D6666 		.ascii	" -ffunction-sections -fdata-sections -fno-common -f"
 2106      756E6374 
 2106      696F6E2D 
 2106      73656374 
 2106      696F6E73 
 2107 030d 73696E67 		.ascii	"single-precision-constant\000"
 2107      6C652D70 
 2107      72656369 
 2107      73696F6E 
 2107      2D636F6E 
 2108              	.LASF47:
 2109 0327 5243435F 		.ascii	"RCC_TypeDef\000"
 2109      54797065 
 2109      44656600 
 2110              	.LASF49:
 2111 0333 4D4F4445 		.ascii	"MODER\000"
 2111      5200
 2112              	.LASF25:
 2113 0339 41504232 		.ascii	"APB2RSTR\000"
 2113      52535452 
ARM GAS  /tmp/ccx4Fs3L.s 			page 40


 2113      00
 2114              	.LASF48:
 2115 0342 636C6561 		.ascii	"clear\000"
 2115      7200
 2116              	.LASF71:
 2117 0348 50474461 		.ascii	"PGData\000"
 2117      746100
 2118              	.LASF65:
 2119 034f 50414461 		.ascii	"PAData\000"
 2119      746100
 2120              	.LASF77:
 2121 0356 696F706F 		.ascii	"ioportid_t\000"
 2121      72746964 
 2121      5F7400
 2122              	.LASF2:
 2123 0361 756E7369 		.ascii	"unsigned char\000"
 2123      676E6564 
 2123      20636861 
 2123      7200
 2124              	.LASF32:
 2125 036f 41504232 		.ascii	"APB2ENR\000"
 2125      454E5200 
 2126              	.LASF1:
 2127 0377 7369676E 		.ascii	"signed char\000"
 2127      65642063 
 2127      68617200 
 2128              	.LASF11:
 2129 0383 6C6F6E67 		.ascii	"long long unsigned int\000"
 2129      206C6F6E 
 2129      6720756E 
 2129      7369676E 
 2129      65642069 
 2130              	.LASF14:
 2131 039a 75696E74 		.ascii	"uint32_t\000"
 2131      33325F74 
 2131      00
 2132              	.LASF59:
 2133 03a3 6F747970 		.ascii	"otyper\000"
 2133      657200
 2134              	.LASF21:
 2135 03aa 41484232 		.ascii	"AHB2RSTR\000"
 2135      52535452 
 2135      00
 2136              	.LASF12:
 2137 03b3 75696E74 		.ascii	"uint16_t\000"
 2137      31365F74 
 2137      00
 2138              	.LASF9:
 2139 03bc 6C6F6E67 		.ascii	"long unsigned int\000"
 2139      20756E73 
 2139      69676E65 
 2139      6420696E 
 2139      7400
 2140              	.LASF56:
 2141 03ce 41465248 		.ascii	"AFRH\000"
 2141      00
 2142              	.LASF18:
ARM GAS  /tmp/ccx4Fs3L.s 			page 41


 2143 03d3 504C4C43 		.ascii	"PLLCFGR\000"
 2143      46475200 
 2144              	.LASF55:
 2145 03db 4146524C 		.ascii	"AFRL\000"
 2145      00
 2146              	.LASF4:
 2147 03e0 73686F72 		.ascii	"short unsigned int\000"
 2147      7420756E 
 2147      7369676E 
 2147      65642069 
 2147      6E7400
 2148              	.LASF38:
 2149 03f3 41504231 		.ascii	"APB1LPENR\000"
 2149      4C50454E 
 2149      5200
 2150              	.LASF17:
 2151 03fd 63686172 		.ascii	"char\000"
 2151      00
 2152              	.LASF13:
 2153 0402 696E7433 		.ascii	"int32_t\000"
 2153      325F7400 
 2154              	.LASF6:
 2155 040a 5F5F696E 		.ascii	"__int32_t\000"
 2155      7433325F 
 2155      7400
 2156              	.LASF74:
 2157 0414 50414C43 		.ascii	"PALConfig\000"
 2157      6F6E6669 
 2157      6700
 2158              	.LASF15:
 2159 041e 5F426F6F 		.ascii	"_Bool\000"
 2159      6C00
 2160              	.LASF84:
 2161 0424 6D6F6465 		.ascii	"mode\000"
 2161      00
 2162              	.LASF35:
 2163 0429 41484232 		.ascii	"AHB2LPENR\000"
 2163      4C50454E 
 2163      5200
 2164              	.LASF82:
 2165 0433 706F7274 		.ascii	"port\000"
 2165      00
 2166              	.LASF69:
 2167 0438 50454461 		.ascii	"PEData\000"
 2167      746100
 2168              	.LASF23:
 2169 043f 52455345 		.ascii	"RESERVED0\000"
 2169      52564544 
 2169      3000
 2170              	.LASF26:
 2171 0449 52455345 		.ascii	"RESERVED1\000"
 2171      52564544 
 2171      3100
 2172              	.LASF30:
 2173 0453 52455345 		.ascii	"RESERVED2\000"
 2173      52564544 
 2173      3200
ARM GAS  /tmp/ccx4Fs3L.s 			page 42


 2174              	.LASF33:
 2175 045d 52455345 		.ascii	"RESERVED3\000"
 2175      52564544 
 2175      3300
 2176              	.LASF37:
 2177 0467 52455345 		.ascii	"RESERVED4\000"
 2177      52564544 
 2177      3400
 2178              	.LASF40:
 2179 0471 52455345 		.ascii	"RESERVED5\000"
 2179      52564544 
 2179      3500
 2180              	.LASF42:
 2181 047b 52455345 		.ascii	"RESERVED6\000"
 2181      52564544 
 2181      3600
 2182              	.LASF72:
 2183 0485 50484461 		.ascii	"PHData\000"
 2183      746100
 2184              	.LASF27:
 2185 048c 41484231 		.ascii	"AHB1ENR\000"
 2185      454E5200 
 2186              	.LASF83:
 2187 0494 6D61736B 		.ascii	"mask\000"
 2187      00
 2188              	.LASF61:
 2189 0499 70757064 		.ascii	"pupdr\000"
 2189      7200
 2190              	.LASF63:
 2191 049f 61667268 		.ascii	"afrh\000"
 2191      00
 2192              	.LASF62:
 2193 04a4 6166726C 		.ascii	"afrl\000"
 2193      00
 2194              	.LASF58:
 2195 04a9 6D6F6465 		.ascii	"moder\000"
 2195      7200
 2196              	.LASF57:
 2197 04af 4750494F 		.ascii	"GPIO_TypeDef\000"
 2197      5F547970 
 2197      65446566 
 2197      00
 2198              	.LASF22:
 2199 04bc 41484233 		.ascii	"AHB3RSTR\000"
 2199      52535452 
 2199      00
 2200              	.LASF85:
 2201 04c5 616C7472 		.ascii	"altr\000"
 2201      00
 2202              	.LASF91:
 2203 04ca 49544D5F 		.ascii	"ITM_RxBuffer\000"
 2203      52784275 
 2203      66666572 
 2203      00
 2204              	.LASF86:
 2205 04d7 616C7472 		.ascii	"altrmask\000"
 2205      6D61736B 
ARM GAS  /tmp/ccx4Fs3L.s 			page 43


 2205      00
 2206              	.LASF0:
 2207 04e0 756E7369 		.ascii	"unsigned int\000"
 2207      676E6564 
 2207      20696E74 
 2207      00
 2208              	.LASF19:
 2209 04ed 43464752 		.ascii	"CFGR\000"
 2209      00
 2210              	.LASF45:
 2211 04f2 504C4C53 		.ascii	"PLLSAICFGR\000"
 2211      41494346 
 2211      475200
 2212              	.LASF54:
 2213 04fd 4C434B52 		.ascii	"LCKR\000"
 2213      00
 2214              	.LASF39:
 2215 0502 41504232 		.ascii	"APB2LPENR\000"
 2215      4C50454E 
 2215      5200
 2216              	.LASF53:
 2217 050c 42535252 		.ascii	"BSRR\000"
 2217      00
 2218              		.ident	"GCC: (GNU Tools for ARM Embedded Processors) 4.9.3 20150529 (release) [ARM/embedded-4_9-br
ARM GAS  /tmp/ccx4Fs3L.s 			page 44


DEFINED SYMBOLS
                            *ABS*:00000000 pal_lld.c
     /tmp/ccx4Fs3L.s:21     .text._pal_lld_init:00000000 $t
     /tmp/ccx4Fs3L.s:27     .text._pal_lld_init:00000000 _pal_lld_init
     /tmp/ccx4Fs3L.s:341    .text._pal_lld_init:000001a4 $d
     /tmp/ccx4Fs3L.s:357    .text._pal_lld_setgroupmode:00000000 $t
     /tmp/ccx4Fs3L.s:363    .text._pal_lld_setgroupmode:00000000 _pal_lld_setgroupmode
                     .debug_frame:00000010 $d

NO UNDEFINED SYMBOLS
