ARM GAS  /tmp/ccpdYWFa.s 			page 1


   1              		.syntax unified
   2              		.cpu cortex-m4
   3              		.eabi_attribute 27, 1
   4              		.eabi_attribute 28, 1
   5              		.fpu fpv4-sp-d16
   6              		.eabi_attribute 20, 1
   7              		.eabi_attribute 21, 1
   8              		.eabi_attribute 23, 3
   9              		.eabi_attribute 24, 1
  10              		.eabi_attribute 25, 1
  11              		.eabi_attribute 26, 1
  12              		.eabi_attribute 30, 2
  13              		.eabi_attribute 34, 1
  14              		.eabi_attribute 18, 4
  15              		.thumb
  16              		.file	"watchdog.c"
  17              		.text
  18              	.Ltext0:
  19              		.cfi_sections	.debug_frame
  20              		.section	.text.watchdog_init,"ax",%progbits
  21              		.align	2
  22              		.p2align 4,,15
  23              		.global	watchdog_init
  24              		.thumb
  25              		.thumb_func
  26              		.type	watchdog_init, %function
  27              	watchdog_init:
  28              	.LFB118:
  29              		.file 1 "../watchdog.c"
  30              		.loc 1 27 0
  31              		.cfi_startproc
  32              		@ args = 0, pretend = 0, frame = 0
  33              		@ frame_needed = 0, uses_anonymous_args = 0
  34              		@ link register save eliminated.
  35 0000 7047     		bx	lr
  36              		.cfi_endproc
  37              	.LFE118:
  38              		.size	watchdog_init, .-watchdog_init
  39 0002 00BF     		.section	.text.watchdog_feed,"ax",%progbits
  40              		.align	2
  41              		.p2align 4,,15
  42              		.global	watchdog_feed
  43              		.thumb
  44              		.thumb_func
  45              		.type	watchdog_feed, %function
  46              	watchdog_feed:
  47              	.LFB119:
  48              		.loc 1 39 0
  49              		.cfi_startproc
  50              		@ args = 0, pretend = 0, frame = 0
  51              		@ frame_needed = 0, uses_anonymous_args = 0
  52              		@ link register save eliminated.
  53 0000 7047     		bx	lr
  54              		.cfi_endproc
  55              	.LFE119:
  56              		.size	watchdog_feed, .-watchdog_feed
  57 0002 00BF     		.text
ARM GAS  /tmp/ccpdYWFa.s 			page 2


  58              	.Letext0:
  59              		.file 2 "/d_drive/axoloti/platform_linux/arm-none-eabi/include/machine/_default_types.h"
  60              		.file 3 "/d_drive/axoloti/platform_linux/arm-none-eabi/include/sys/_stdint.h"
  61              		.file 4 "/d_drive/axoloti/platform_linux/../chibios/os/ports/common/ARMCMx/CMSIS/include/core_cm4.
  62              		.section	.debug_info,"",%progbits
  63              	.Ldebug_info0:
  64 0000 C6000000 		.4byte	0xc6
  65 0004 0400     		.2byte	0x4
  66 0006 00000000 		.4byte	.Ldebug_abbrev0
  67 000a 04       		.byte	0x4
  68 000b 01       		.uleb128 0x1
  69 000c 73000000 		.4byte	.LASF16
  70 0010 01       		.byte	0x1
  71 0011 57000000 		.4byte	.LASF17
  72 0015 9F010000 		.4byte	.LASF18
  73 0019 00000000 		.4byte	.Ldebug_ranges0+0
  74 001d 00000000 		.4byte	0
  75 0021 00000000 		.4byte	.Ldebug_line0
  76 0025 02       		.uleb128 0x2
  77 0026 04       		.byte	0x4
  78 0027 05       		.byte	0x5
  79 0028 696E7400 		.ascii	"int\000"
  80 002c 03       		.uleb128 0x3
  81 002d 04       		.byte	0x4
  82 002e 07       		.byte	0x7
  83 002f 21000000 		.4byte	.LASF0
  84 0033 03       		.uleb128 0x3
  85 0034 01       		.byte	0x1
  86 0035 06       		.byte	0x6
  87 0036 DD010000 		.4byte	.LASF1
  88 003a 03       		.uleb128 0x3
  89 003b 01       		.byte	0x1
  90 003c 08       		.byte	0x8
  91 003d 8C010000 		.4byte	.LASF2
  92 0041 03       		.uleb128 0x3
  93 0042 02       		.byte	0x2
  94 0043 05       		.byte	0x5
  95 0044 01020000 		.4byte	.LASF3
  96 0048 03       		.uleb128 0x3
  97 0049 02       		.byte	0x2
  98 004a 07       		.byte	0x7
  99 004b 0E000000 		.4byte	.LASF4
 100 004f 04       		.uleb128 0x4
 101 0050 E9010000 		.4byte	.LASF9
 102 0054 02       		.byte	0x2
 103 0055 3F       		.byte	0x3f
 104 0056 5A000000 		.4byte	0x5a
 105 005a 03       		.uleb128 0x3
 106 005b 04       		.byte	0x4
 107 005c 05       		.byte	0x5
 108 005d C1010000 		.4byte	.LASF5
 109 0061 03       		.uleb128 0x3
 110 0062 04       		.byte	0x4
 111 0063 07       		.byte	0x7
 112 0064 2E000000 		.4byte	.LASF6
 113 0068 03       		.uleb128 0x3
 114 0069 08       		.byte	0x8
ARM GAS  /tmp/ccpdYWFa.s 			page 3


 115 006a 05       		.byte	0x5
 116 006b 00000000 		.4byte	.LASF7
 117 006f 03       		.uleb128 0x3
 118 0070 08       		.byte	0x8
 119 0071 07       		.byte	0x7
 120 0072 40000000 		.4byte	.LASF8
 121 0076 04       		.uleb128 0x4
 122 0077 0B020000 		.4byte	.LASF10
 123 007b 03       		.byte	0x3
 124 007c 1F       		.byte	0x1f
 125 007d 4F000000 		.4byte	0x4f
 126 0081 03       		.uleb128 0x3
 127 0082 01       		.byte	0x1
 128 0083 02       		.byte	0x2
 129 0084 CA010000 		.4byte	.LASF11
 130 0088 03       		.uleb128 0x3
 131 0089 04       		.byte	0x4
 132 008a 07       		.byte	0x7
 133 008b 13020000 		.4byte	.LASF12
 134 008f 03       		.uleb128 0x3
 135 0090 01       		.byte	0x1
 136 0091 08       		.byte	0x8
 137 0092 9A010000 		.4byte	.LASF13
 138 0096 05       		.uleb128 0x5
 139 0097 76000000 		.4byte	0x76
 140 009b 06       		.uleb128 0x6
 141 009c 65000000 		.4byte	.LASF14
 142 00a0 01       		.byte	0x1
 143 00a1 1B       		.byte	0x1b
 144 00a2 00000000 		.4byte	.LFB118
 145 00a6 02000000 		.4byte	.LFE118-.LFB118
 146 00aa 01       		.uleb128 0x1
 147 00ab 9C       		.byte	0x9c
 148 00ac 06       		.uleb128 0x6
 149 00ad F3010000 		.4byte	.LASF15
 150 00b1 01       		.byte	0x1
 151 00b2 27       		.byte	0x27
 152 00b3 00000000 		.4byte	.LFB119
 153 00b7 02000000 		.4byte	.LFE119-.LFB119
 154 00bb 01       		.uleb128 0x1
 155 00bc 9C       		.byte	0x9c
 156 00bd 07       		.uleb128 0x7
 157 00be D0010000 		.4byte	.LASF19
 158 00c2 04       		.byte	0x4
 159 00c3 9806     		.2byte	0x698
 160 00c5 96000000 		.4byte	0x96
 161 00c9 00       		.byte	0
 162              		.section	.debug_abbrev,"",%progbits
 163              	.Ldebug_abbrev0:
 164 0000 01       		.uleb128 0x1
 165 0001 11       		.uleb128 0x11
 166 0002 01       		.byte	0x1
 167 0003 25       		.uleb128 0x25
 168 0004 0E       		.uleb128 0xe
 169 0005 13       		.uleb128 0x13
 170 0006 0B       		.uleb128 0xb
 171 0007 03       		.uleb128 0x3
ARM GAS  /tmp/ccpdYWFa.s 			page 4


 172 0008 0E       		.uleb128 0xe
 173 0009 1B       		.uleb128 0x1b
 174 000a 0E       		.uleb128 0xe
 175 000b 55       		.uleb128 0x55
 176 000c 17       		.uleb128 0x17
 177 000d 11       		.uleb128 0x11
 178 000e 01       		.uleb128 0x1
 179 000f 10       		.uleb128 0x10
 180 0010 17       		.uleb128 0x17
 181 0011 00       		.byte	0
 182 0012 00       		.byte	0
 183 0013 02       		.uleb128 0x2
 184 0014 24       		.uleb128 0x24
 185 0015 00       		.byte	0
 186 0016 0B       		.uleb128 0xb
 187 0017 0B       		.uleb128 0xb
 188 0018 3E       		.uleb128 0x3e
 189 0019 0B       		.uleb128 0xb
 190 001a 03       		.uleb128 0x3
 191 001b 08       		.uleb128 0x8
 192 001c 00       		.byte	0
 193 001d 00       		.byte	0
 194 001e 03       		.uleb128 0x3
 195 001f 24       		.uleb128 0x24
 196 0020 00       		.byte	0
 197 0021 0B       		.uleb128 0xb
 198 0022 0B       		.uleb128 0xb
 199 0023 3E       		.uleb128 0x3e
 200 0024 0B       		.uleb128 0xb
 201 0025 03       		.uleb128 0x3
 202 0026 0E       		.uleb128 0xe
 203 0027 00       		.byte	0
 204 0028 00       		.byte	0
 205 0029 04       		.uleb128 0x4
 206 002a 16       		.uleb128 0x16
 207 002b 00       		.byte	0
 208 002c 03       		.uleb128 0x3
 209 002d 0E       		.uleb128 0xe
 210 002e 3A       		.uleb128 0x3a
 211 002f 0B       		.uleb128 0xb
 212 0030 3B       		.uleb128 0x3b
 213 0031 0B       		.uleb128 0xb
 214 0032 49       		.uleb128 0x49
 215 0033 13       		.uleb128 0x13
 216 0034 00       		.byte	0
 217 0035 00       		.byte	0
 218 0036 05       		.uleb128 0x5
 219 0037 35       		.uleb128 0x35
 220 0038 00       		.byte	0
 221 0039 49       		.uleb128 0x49
 222 003a 13       		.uleb128 0x13
 223 003b 00       		.byte	0
 224 003c 00       		.byte	0
 225 003d 06       		.uleb128 0x6
 226 003e 2E       		.uleb128 0x2e
 227 003f 00       		.byte	0
 228 0040 3F       		.uleb128 0x3f
ARM GAS  /tmp/ccpdYWFa.s 			page 5


 229 0041 19       		.uleb128 0x19
 230 0042 03       		.uleb128 0x3
 231 0043 0E       		.uleb128 0xe
 232 0044 3A       		.uleb128 0x3a
 233 0045 0B       		.uleb128 0xb
 234 0046 3B       		.uleb128 0x3b
 235 0047 0B       		.uleb128 0xb
 236 0048 27       		.uleb128 0x27
 237 0049 19       		.uleb128 0x19
 238 004a 11       		.uleb128 0x11
 239 004b 01       		.uleb128 0x1
 240 004c 12       		.uleb128 0x12
 241 004d 06       		.uleb128 0x6
 242 004e 40       		.uleb128 0x40
 243 004f 18       		.uleb128 0x18
 244 0050 9742     		.uleb128 0x2117
 245 0052 19       		.uleb128 0x19
 246 0053 00       		.byte	0
 247 0054 00       		.byte	0
 248 0055 07       		.uleb128 0x7
 249 0056 34       		.uleb128 0x34
 250 0057 00       		.byte	0
 251 0058 03       		.uleb128 0x3
 252 0059 0E       		.uleb128 0xe
 253 005a 3A       		.uleb128 0x3a
 254 005b 0B       		.uleb128 0xb
 255 005c 3B       		.uleb128 0x3b
 256 005d 05       		.uleb128 0x5
 257 005e 49       		.uleb128 0x49
 258 005f 13       		.uleb128 0x13
 259 0060 3F       		.uleb128 0x3f
 260 0061 19       		.uleb128 0x19
 261 0062 3C       		.uleb128 0x3c
 262 0063 19       		.uleb128 0x19
 263 0064 00       		.byte	0
 264 0065 00       		.byte	0
 265 0066 00       		.byte	0
 266              		.section	.debug_aranges,"",%progbits
 267 0000 24000000 		.4byte	0x24
 268 0004 0200     		.2byte	0x2
 269 0006 00000000 		.4byte	.Ldebug_info0
 270 000a 04       		.byte	0x4
 271 000b 00       		.byte	0
 272 000c 0000     		.2byte	0
 273 000e 0000     		.2byte	0
 274 0010 00000000 		.4byte	.LFB118
 275 0014 02000000 		.4byte	.LFE118-.LFB118
 276 0018 00000000 		.4byte	.LFB119
 277 001c 02000000 		.4byte	.LFE119-.LFB119
 278 0020 00000000 		.4byte	0
 279 0024 00000000 		.4byte	0
 280              		.section	.debug_ranges,"",%progbits
 281              	.Ldebug_ranges0:
 282 0000 00000000 		.4byte	.LFB118
 283 0004 02000000 		.4byte	.LFE118
 284 0008 00000000 		.4byte	.LFB119
 285 000c 02000000 		.4byte	.LFE119
ARM GAS  /tmp/ccpdYWFa.s 			page 6


 286 0010 00000000 		.4byte	0
 287 0014 00000000 		.4byte	0
 288              		.section	.debug_line,"",%progbits
 289              	.Ldebug_line0:
 290 0000 3F010000 		.section	.debug_str,"MS",%progbits,1
 290      02001B01 
 290      00000201 
 290      FB0E0D00 
 290      01010101 
 291              	.LASF7:
 292 0000 6C6F6E67 		.ascii	"long long int\000"
 292      206C6F6E 
 292      6720696E 
 292      7400
 293              	.LASF4:
 294 000e 73686F72 		.ascii	"short unsigned int\000"
 294      7420756E 
 294      7369676E 
 294      65642069 
 294      6E7400
 295              	.LASF0:
 296 0021 756E7369 		.ascii	"unsigned int\000"
 296      676E6564 
 296      20696E74 
 296      00
 297              	.LASF6:
 298 002e 6C6F6E67 		.ascii	"long unsigned int\000"
 298      20756E73 
 298      69676E65 
 298      6420696E 
 298      7400
 299              	.LASF8:
 300 0040 6C6F6E67 		.ascii	"long long unsigned int\000"
 300      206C6F6E 
 300      6720756E 
 300      7369676E 
 300      65642069 
 301              	.LASF17:
 302 0057 2E2E2F77 		.ascii	"../watchdog.c\000"
 302      61746368 
 302      646F672E 
 302      6300
 303              	.LASF14:
 304 0065 77617463 		.ascii	"watchdog_init\000"
 304      68646F67 
 304      5F696E69 
 304      7400
 305              	.LASF16:
 306 0073 474E5520 		.ascii	"GNU C 4.9.3 20150529 (release) [ARM/embedded-4_9-br"
 306      4320342E 
 306      392E3320 
 306      32303135 
 306      30353239 
 307 00a6 616E6368 		.ascii	"anch revision 224288] -mcpu=cortex-m4 -mfloat-abi=h"
 307      20726576 
 307      6973696F 
 307      6E203232 
ARM GAS  /tmp/ccpdYWFa.s 			page 7


 307      34323838 
 308 00d9 61726420 		.ascii	"ard -mfpu=fpv4-sp-d16 -mno-thumb-interwork -mthumb "
 308      2D6D6670 
 308      753D6670 
 308      76342D73 
 308      702D6431 
 309 010c 2D676764 		.ascii	"-ggdb -O2 -fomit-frame-pointer -falign-functions=16"
 309      62202D4F 
 309      32202D66 
 309      6F6D6974 
 309      2D667261 
 310 013f 202D6666 		.ascii	" -ffunction-sections -fdata-sections -fno-common -f"
 310      756E6374 
 310      696F6E2D 
 310      73656374 
 310      696F6E73 
 311 0172 73696E67 		.ascii	"single-precision-constant\000"
 311      6C652D70 
 311      72656369 
 311      73696F6E 
 311      2D636F6E 
 312              	.LASF2:
 313 018c 756E7369 		.ascii	"unsigned char\000"
 313      676E6564 
 313      20636861 
 313      7200
 314              	.LASF13:
 315 019a 63686172 		.ascii	"char\000"
 315      00
 316              	.LASF18:
 317 019f 2F645F64 		.ascii	"/d_drive/axoloti/firmware/flasher\000"
 317      72697665 
 317      2F61786F 
 317      6C6F7469 
 317      2F666972 
 318              	.LASF5:
 319 01c1 6C6F6E67 		.ascii	"long int\000"
 319      20696E74 
 319      00
 320              	.LASF11:
 321 01ca 5F426F6F 		.ascii	"_Bool\000"
 321      6C00
 322              	.LASF19:
 323 01d0 49544D5F 		.ascii	"ITM_RxBuffer\000"
 323      52784275 
 323      66666572 
 323      00
 324              	.LASF1:
 325 01dd 7369676E 		.ascii	"signed char\000"
 325      65642063 
 325      68617200 
 326              	.LASF9:
 327 01e9 5F5F696E 		.ascii	"__int32_t\000"
 327      7433325F 
 327      7400
 328              	.LASF15:
 329 01f3 77617463 		.ascii	"watchdog_feed\000"
ARM GAS  /tmp/ccpdYWFa.s 			page 8


 329      68646F67 
 329      5F666565 
 329      6400
 330              	.LASF3:
 331 0201 73686F72 		.ascii	"short int\000"
 331      7420696E 
 331      7400
 332              	.LASF10:
 333 020b 696E7433 		.ascii	"int32_t\000"
 333      325F7400 
 334              	.LASF12:
 335 0213 73697A65 		.ascii	"sizetype\000"
 335      74797065 
 335      00
 336              		.ident	"GCC: (GNU Tools for ARM Embedded Processors) 4.9.3 20150529 (release) [ARM/embedded-4_9-br
ARM GAS  /tmp/ccpdYWFa.s 			page 9


DEFINED SYMBOLS
                            *ABS*:00000000 watchdog.c
     /tmp/ccpdYWFa.s:21     .text.watchdog_init:00000000 $t
     /tmp/ccpdYWFa.s:27     .text.watchdog_init:00000000 watchdog_init
     /tmp/ccpdYWFa.s:40     .text.watchdog_feed:00000000 $t
     /tmp/ccpdYWFa.s:46     .text.watchdog_feed:00000000 watchdog_feed
                     .debug_frame:00000010 $d

NO UNDEFINED SYMBOLS
